Workingdir: /home/rkohli/aml-project/src
Started at Thu Sep 12 23:14:11 CEST 2019
Running job combined-all using 2 cpus per node with given JID 3430909 on queue meta_gpu-black
DIRECT Version 2.0.4
 Problem Dimension n                    :      7
 Eps value                              :   0.1000E-03
 Epsilon is constant.
 Maximum number of f-evaluations (maxf) :    400
 Maximum number of iterations (MaxT)    :    200
 Value of f_global                      :  -0.1000+101
 Global percentage wanted               :   0.1000E-01
 Volume percentage wanted               :  -0.1000E+01
 Measure percentage wanted              :  -0.1000E+01
 Jones original DIRECT algorithm is used.
Bounds on variable x 1    :      0.00000 <= xi <=      0.40000
Bounds on variable x 2    :      4.00000 <= xi <=      8.00000
Bounds on variable x 3    :      0.00100 <= xi <=      0.10000
Bounds on variable x 4    :      0.00000 <= xi <=      2.00000
Bounds on variable x 5    :      3.00000 <= xi <=      6.00000
Bounds on variable x 6    :      0.00000 <= xi <=      3.00000
Bounds on variable x 7    :      0.00001 <= xi <=      0.00100
---------------------------------------------------------------------------
   15 &                NaN &                NaN \\\\ 
DIRECT stopped: numfunc >= maxf.
DIRECT Version 2.0.4
 Problem Dimension n                    :      7
 Eps value                              :   0.1000E-03
 Epsilon is constant.
 Maximum number of f-evaluations (maxf) :    400
 Maximum number of iterations (MaxT)    :    200
 Value of f_global                      :  -0.1000+101
 Global percentage wanted               :   0.1000E-01
 Volume percentage wanted               :  -0.1000E+01
 Measure percentage wanted              :  -0.1000E+01
 Jones original DIRECT algorithm is used.
Bounds on variable x 1    :      0.00000 <= xi <=      0.40000
Bounds on variable x 2    :      4.00000 <= xi <=      8.00000
Bounds on variable x 3    :      0.00100 <= xi <=      0.10000
Bounds on variable x 4    :      0.00000 <= xi <=      2.00000
Bounds on variable x 5    :      3.00000 <= xi <=      6.00000
Bounds on variable x 6    :      0.00000 <= xi <=      3.00000
Bounds on variable x 7    :      0.00001 <= xi <=      0.00100
---------------------------------------------------------------------------
   15 &    1068.2580253714 &    1413.5760730320 \\\\ 
   27 &    1019.0956415321 &    1413.5760730320 \\\\ 
   49 &     998.6982335582 &    1487.0388922162 \\\\ 
   67 &     963.4019396261 &    1487.0388922162 \\\\ 
   91 &     925.6197660221 &    1487.0388922162 \\\\ 
  113 &     920.8393485108 &    1487.0388922162 \\\\ 
  179 &     892.1241722498 &    1493.5399793049 \\\\ 
  209 &     875.9580154061 &    1493.5399793049 \\\\ 
  237 &     862.8513492324 &    1493.5399793049 \\\\ 
  265 &     857.1165000225 &    1493.5399793049 \\\\ 
  291 &     855.9881621941 &    1493.5399793049 \\\\ 
  315 &     854.9083584979 &    1493.5399793049 \\\\ 
  401 &     849.1794463025 &    1493.5399793049 \\\\ 
DIRECT stopped: numfunc >= maxf.
DIRECT Version 2.0.4
 Problem Dimension n                    :      7
 Eps value                              :   0.1000E-03
 Epsilon is constant.
 Maximum number of f-evaluations (maxf) :    400
 Maximum number of iterations (MaxT)    :    200
 Value of f_global                      :  -0.1000+101
 Global percentage wanted               :   0.1000E-01
 Volume percentage wanted               :  -0.1000E+01
 Measure percentage wanted              :  -0.1000E+01
 Jones original DIRECT algorithm is used.
Bounds on variable x 1    :      0.00000 <= xi <=      0.40000
Bounds on variable x 2    :      4.00000 <= xi <=      8.00000
Bounds on variable x 3    :      0.00100 <= xi <=      0.10000
Bounds on variable x 4    :      0.00000 <= xi <=      2.00000
Bounds on variable x 5    :      3.00000 <= xi <=      6.00000
Bounds on variable x 6    :      0.00000 <= xi <=      3.00000
Bounds on variable x 7    :      0.00001 <= xi <=      0.00100
---------------------------------------------------------------------------
   15 &      -6.8022189266 &     118.1189375158 \\\\ 
   27 &      -6.8677559294 &     198.4716453349 \\\\ 
   49 &      -6.9273004729 &     966.5365207142 \\\\ 
   67 &      -6.9866843152 &     966.5365207142 \\\\ 
  123 &      -7.0658855824 &     966.5365207142 \\\\ 
  195 &      -7.0696328345 &     966.5365207142 \\\\ 
  259 &      -7.0705004462 &     966.5365207142 \\\\ 
  425 &      -7.0731972697 &     971.0647918043 \\\\ 
DIRECT stopped: numfunc >= maxf.
DIRECT Version 2.0.4
 Problem Dimension n                    :      7
 Eps value                              :   0.1000E-03
 Epsilon is constant.
 Maximum number of f-evaluations (maxf) :    400
 Maximum number of iterations (MaxT)    :    200
 Value of f_global                      :  -0.1000+101
 Global percentage wanted               :   0.1000E-01
 Volume percentage wanted               :  -0.1000E+01
 Measure percentage wanted              :  -0.1000E+01
 Jones original DIRECT algorithm is used.
Bounds on variable x 1    :      0.00000 <= xi <=      0.40000
Bounds on variable x 2    :      4.00000 <= xi <=      8.00000
Bounds on variable x 3    :      0.00100 <= xi <=      0.10000
Bounds on variable x 4    :      0.00000 <= xi <=      2.00000
Bounds on variable x 5    :      3.00000 <= xi <=      6.00000
Bounds on variable x 6    :      0.00000 <= xi <=      3.00000
Bounds on variable x 7    :      0.00001 <= xi <=      0.00100
---------------------------------------------------------------------------
   15 &     712.9326610365 &    1067.5370054473 \\\\ 
   27 &     612.4497947770 &    1067.5370054473 \\\\ 
   49 &     591.6005829392 &    1130.3251847749 \\\\ 
   67 &     584.5311995792 &    1130.3251847749 \\\\ 
  133 &     549.4401368887 &    1130.3251847749 \\\\ 
  173 &     525.1242564512 &    1130.3251847749 \\\\ 
  211 &     516.1466016293 &    1210.9441836033 \\\\ 
  237 &     512.4823376868 &    1210.9441836033 \\\\ 
  261 &     509.4555796747 &    1210.9441836033 \\\\ 
  283 &     508.4470044963 &    1210.9441836033 \\\\ 
  357 &     499.2212037466 &    1210.9441836033 \\\\ 
  393 &     491.4834503811 &    1210.9441836033 \\\\ 
  423 &     489.1198863233 &    1210.9441836033 \\\\ 
DIRECT stopped: numfunc >= maxf.
DIRECT Version 2.0.4
 Problem Dimension n                    :      7
 Eps value                              :   0.1000E-03
 Epsilon is constant.
 Maximum number of f-evaluations (maxf) :    400
 Maximum number of iterations (MaxT)    :    200
 Value of f_global                      :  -0.1000+101
 Global percentage wanted               :   0.1000E-01
 Volume percentage wanted               :  -0.1000E+01
 Measure percentage wanted              :  -0.1000E+01
 Jones original DIRECT algorithm is used.
Bounds on variable x 1    :      0.00000 <= xi <=      0.40000
Bounds on variable x 2    :      4.00000 <= xi <=      8.00000
Bounds on variable x 3    :      0.00100 <= xi <=      0.10000
Bounds on variable x 4    :      0.00000 <= xi <=      2.00000
Bounds on variable x 5    :      3.00000 <= xi <=      6.00000
Bounds on variable x 6    :      0.00000 <= xi <=      3.00000
Bounds on variable x 7    :      0.00001 <= xi <=      0.00100
---------------------------------------------------------------------------
   15 &      -4.9820788758 &    2458.9441798161 \\\\ 
   27 &      -5.1323056479 &    2458.9441798161 \\\\ 
   49 &      -5.8828918321 &    2868.9734976780 \\\\ 
   67 &      -6.0849331099 &    2868.9734976780 \\\\ 
   91 &      -6.3243316246 &    2868.9734976780 \\\\ 
  151 &      -6.3777655707 &    2868.9734976780 \\\\ 
  191 &      -6.4239920950 &    3467.4210818483 \\\\ 
  219 &      -6.4528970290 &    3467.4210818483 \\\\ 
  245 &      -6.5173268269 &    3467.4210818483 \\\\ 
  299 &      -6.5457812922 &    3467.4210818483 \\\\ 
  331 &      -6.5620748037 &    3467.4210818483 \\\\ 
  425 &      -6.5688417655 &    3467.4210818483 \\\\ 
DIRECT stopped: numfunc >= maxf.
DIRECT Version 2.0.4
 Problem Dimension n                    :      7
 Eps value                              :   0.1000E-03
 Epsilon is constant.
 Maximum number of f-evaluations (maxf) :    400
 Maximum number of iterations (MaxT)    :    200
 Value of f_global                      :  -0.1000+101
 Global percentage wanted               :   0.1000E-01
 Volume percentage wanted               :  -0.1000E+01
 Measure percentage wanted              :  -0.1000E+01
 Jones original DIRECT algorithm is used.
Bounds on variable x 1    :      0.00000 <= xi <=      0.40000
Bounds on variable x 2    :      4.00000 <= xi <=      8.00000
Bounds on variable x 3    :      0.00100 <= xi <=      0.10000
Bounds on variable x 4    :      0.00000 <= xi <=      2.00000
Bounds on variable x 5    :      3.00000 <= xi <=      6.00000
Bounds on variable x 6    :      0.00000 <= xi <=      3.00000
Bounds on variable x 7    :      0.00001 <= xi <=      0.00100
---------------------------------------------------------------------------
   15 &      -5.6115686634 &    1970.3194917726 \\\\ 
   27 &      -5.8024875200 &    1970.3194917726 \\\\ 
   81 &      -5.9088401639 &    2620.7509884984 \\\\ 
  111 &      -5.9858507171 &    2620.7509884984 \\\\ 
  173 &      -6.0152810375 &    2620.7509884984 \\\\ 
  279 &      -6.0198329414 &    2620.7509884984 \\\\ 
  349 &      -6.0234879048 &    2620.7509884984 \\\\ 
  391 &      -6.0267207315 &    2620.7509884984 \\\\ 
DIRECT stopped: numfunc >= maxf.
DIRECT Version 2.0.4
 Problem Dimension n                    :      7
 Eps value                              :   0.1000E-03
 Epsilon is constant.
 Maximum number of f-evaluations (maxf) :    400
 Maximum number of iterations (MaxT)    :    200
 Value of f_global                      :  -0.1000+101
 Global percentage wanted               :   0.1000E-01
 Volume percentage wanted               :  -0.1000E+01
 Measure percentage wanted              :  -0.1000E+01
 Jones original DIRECT algorithm is used.
Bounds on variable x 1    :      0.00000 <= xi <=      0.40000
Bounds on variable x 2    :      4.00000 <= xi <=      8.00000
Bounds on variable x 3    :      0.00100 <= xi <=      0.10000
Bounds on variable x 4    :      0.00000 <= xi <=      2.00000
Bounds on variable x 5    :      3.00000 <= xi <=      6.00000
Bounds on variable x 6    :      0.00000 <= xi <=      3.00000
Bounds on variable x 7    :      0.00001 <= xi <=      0.00100
---------------------------------------------------------------------------
   15 &      -5.8465477076 &      -5.8450604876 \\\\ 
   27 &      -5.8482840017 &      -5.8444042633 \\\\ 
   49 &      -5.8484464954 &      -5.8444042633 \\\\ 
   67 &      -5.8507491284 &      -5.8441505184 \\\\ 
  119 &      -5.8508424149 &      -5.8438735766 \\\\ 
  175 &      -5.8508697895 &      -5.8438735766 \\\\ 
  197 &      -5.8509983023 &      -5.8438735766 \\\\ 
  253 &      -5.8510865405 &      -5.8438735766 \\\\ 
  339 &      -5.8520546207 &      -5.8438735766 \\\\ 
  427 &      -5.8521887848 &      -5.8438735766 \\\\ 
DIRECT stopped: numfunc >= maxf.
DIRECT Version 2.0.4
 Problem Dimension n                    :      7
 Eps value                              :   0.1000E-03
 Epsilon is constant.
 Maximum number of f-evaluations (maxf) :    400
 Maximum number of iterations (MaxT)    :    200
 Value of f_global                      :  -0.1000+101
 Global percentage wanted               :   0.1000E-01
 Volume percentage wanted               :  -0.1000E+01
 Measure percentage wanted              :  -0.1000E+01
 Jones original DIRECT algorithm is used.
Bounds on variable x 1    :      0.00000 <= xi <=      0.40000
Bounds on variable x 2    :      4.00000 <= xi <=      8.00000
Bounds on variable x 3    :      0.00100 <= xi <=      0.10000
Bounds on variable x 4    :      0.00000 <= xi <=      2.00000
Bounds on variable x 5    :      3.00000 <= xi <=      6.00000
Bounds on variable x 6    :      0.00000 <= xi <=      3.00000
Bounds on variable x 7    :      0.00001 <= xi <=      0.00100
---------------------------------------------------------------------------
   15 &      -6.4251261344 &    2589.0728271546 \\\\ 
   27 &      -6.4483865433 &    2589.0728271546 \\\\ 
   49 &      -6.5383676370 &    4162.3313626225 \\\\ 
   67 &      -6.5416547270 &    4162.3313626225 \\\\ 
  129 &      -6.5895425535 &    4162.3313626225 \\\\ 
  165 &      -6.5915120005 &    4162.3313626225 \\\\ 
  203 &      -6.5949988790 &    4162.3313626225 \\\\ 
  225 &      -6.6266533527 &    4162.3313626225 \\\\ 
  249 &      -6.6350691265 &    4162.3313626225 \\\\ 
  271 &      -6.6696484547 &    4162.3313626225 \\\\ 
  325 &      -6.6834815150 &    5545.3053955881 \\\\ 
  355 &      -6.6858012394 &    5545.3053955881 \\\\ 
  383 &      -6.6889198663 &    5545.3053955881 \\\\ 
  409 &      -6.6937394411 &    5545.3053955881 \\\\ 
DIRECT stopped: numfunc >= maxf.
DIRECT Version 2.0.4
 Problem Dimension n                    :      7
 Eps value                              :   0.1000E-03
 Epsilon is constant.
 Maximum number of f-evaluations (maxf) :    400
 Maximum number of iterations (MaxT)    :    200
 Value of f_global                      :  -0.1000+101
 Global percentage wanted               :   0.1000E-01
 Volume percentage wanted               :  -0.1000E+01
 Measure percentage wanted              :  -0.1000E+01
 Jones original DIRECT algorithm is used.
Bounds on variable x 1    :      0.00000 <= xi <=      0.40000
Bounds on variable x 2    :      4.00000 <= xi <=      8.00000
Bounds on variable x 3    :      0.00100 <= xi <=      0.10000
Bounds on variable x 4    :      0.00000 <= xi <=      2.00000
Bounds on variable x 5    :      3.00000 <= xi <=      6.00000
Bounds on variable x 6    :      0.00000 <= xi <=      3.00000
Bounds on variable x 7    :      0.00001 <= xi <=      0.00100
---------------------------------------------------------------------------
   15 &      -8.8340745317 &   68121.4641237169 \\\\ 
   27 &      -8.8910889624 &  149654.6328803585 \\\\ 
   81 &      -8.9383468366 &  149654.6328803585 \\\\ 
  151 &      -8.9389716544 &  149654.6328803585 \\\\ 
  199 &      -8.9405824488 &  151083.2340623076 \\\\ 
  255 &      -8.9608949007 &  151083.2340623076 \\\\ 
  337 &      -8.9751551973 &  164974.3993428729 \\\\ 
  395 &      -8.9861274096 &  164974.3993428729 \\\\ 
  437 &      -8.9878326130 &  164974.3993428729 \\\\ 
DIRECT stopped: numfunc >= maxf.
DIRECT Version 2.0.4
 Problem Dimension n                    :      7
 Eps value                              :   0.1000E-03
 Epsilon is constant.
 Maximum number of f-evaluations (maxf) :    400
 Maximum number of iterations (MaxT)    :    200
 Value of f_global                      :  -0.1000+101
 Global percentage wanted               :   0.1000E-01
 Volume percentage wanted               :  -0.1000E+01
 Measure percentage wanted              :  -0.1000E+01
 Jones original DIRECT algorithm is used.
Bounds on variable x 1    :      0.00000 <= xi <=      0.40000
Bounds on variable x 2    :      4.00000 <= xi <=      8.00000
Bounds on variable x 3    :      0.00100 <= xi <=      0.10000
Bounds on variable x 4    :      0.00000 <= xi <=      2.00000
Bounds on variable x 5    :      3.00000 <= xi <=      6.00000
Bounds on variable x 6    :      0.00000 <= xi <=      3.00000
Bounds on variable x 7    :      0.00001 <= xi <=      0.00100
---------------------------------------------------------------------------
   15 &      -5.2386169589 &     787.7777479285 \\\\ 
   27 &      -5.3521957069 &    4336.6483459123 \\\\ 
   49 &      -5.4739930983 &    4336.6483459123 \\\\ 
   67 &      -5.7093092062 &    4336.6483459123 \\\\ 
  127 &      -5.7607771238 &    5027.2411017831 \\\\ 
  161 &      -5.8334712066 &    5153.3985053821 \\\\ 
  231 &      -5.8517438561 &    5153.3985053821 \\\\ 
  263 &      -5.8600525233 &    5258.4846878064 \\\\ 
  329 &      -5.8689138522 &    5258.4846878064 \\\\ 
  371 &      -5.8772812823 &    5258.4846878064 \\\\ 
  401 &      -5.8908705527 &    5258.4846878064 \\\\ 
DIRECT stopped: numfunc >= maxf.
DIRECT Version 2.0.4
 Problem Dimension n                    :      7
 Eps value                              :   0.1000E-03
 Epsilon is constant.
 Maximum number of f-evaluations (maxf) :    400
 Maximum number of iterations (MaxT)    :    200
 Value of f_global                      :  -0.1000+101
 Global percentage wanted               :   0.1000E-01
 Volume percentage wanted               :  -0.1000E+01
 Measure percentage wanted              :  -0.1000E+01
 Jones original DIRECT algorithm is used.
Bounds on variable x 1    :      0.00000 <= xi <=      0.40000
Bounds on variable x 2    :      4.00000 <= xi <=      8.00000
Bounds on variable x 3    :      0.00100 <= xi <=      0.10000
Bounds on variable x 4    :      0.00000 <= xi <=      2.00000
Bounds on variable x 5    :      3.00000 <= xi <=      6.00000
Bounds on variable x 6    :      0.00000 <= xi <=      3.00000
Bounds on variable x 7    :      0.00001 <= xi <=      0.00100
---------------------------------------------------------------------------
   15 &      -7.1066625311 &     624.3929103014 \\\\ 
   27 &      -7.2632449794 &     624.3929103014 \\\\ 
   49 &      -7.2895618275 &    1089.8967226575 \\\\ 
   67 &      -7.2986834013 &    1089.8967226575 \\\\ 
   91 &      -7.3065738051 &    1089.8967226575 \\\\ 
  157 &      -7.3159811904 &    1208.7903907648 \\\\ 
  197 &      -7.3197171107 &    1208.7903907648 \\\\ 
  227 &      -7.3221955837 &    1208.7903907648 \\\\ 
  255 &      -7.3237325367 &    1208.7903907648 \\\\ 
  293 &      -7.3289129072 &    1208.7903907648 \\\\ 
  327 &      -7.3303293449 &    1208.7903907648 \\\\ 
  357 &      -7.3345422833 &    1208.7903907648 \\\\ 
  383 &      -7.3391414928 &    1208.7903907648 \\\\ 
  409 &      -7.3392288752 &    1208.7903907648 \\\\ 
DIRECT stopped: numfunc >= maxf.
DIRECT Version 2.0.4
 Problem Dimension n                    :      7
 Eps value                              :   0.1000E-03
 Epsilon is constant.
 Maximum number of f-evaluations (maxf) :    400
 Maximum number of iterations (MaxT)    :    200
 Value of f_global                      :  -0.1000+101
 Global percentage wanted               :   0.1000E-01
 Volume percentage wanted               :  -0.1000E+01
 Measure percentage wanted              :  -0.1000E+01
 Jones original DIRECT algorithm is used.
Bounds on variable x 1    :      0.00000 <= xi <=      0.40000
Bounds on variable x 2    :      4.00000 <= xi <=      8.00000
Bounds on variable x 3    :      0.00100 <= xi <=      0.10000
Bounds on variable x 4    :      0.00000 <= xi <=      2.00000
Bounds on variable x 5    :      3.00000 <= xi <=      6.00000
Bounds on variable x 6    :      0.00000 <= xi <=      3.00000
Bounds on variable x 7    :      0.00001 <= xi <=      0.00100
---------------------------------------------------------------------------
   15 &      -4.0012133593 &    2311.5008653906 \\\\ 
   27 &      -5.6554097839 &    2311.5008653906 \\\\ 
   49 &      -6.0811623631 &    3028.0254236180 \\\\ 
  105 &      -6.1179676604 &    3028.0254236180 \\\\ 
  141 &      -6.1552891371 &    3028.0254236180 \\\\ 
  225 &      -6.1622923625 &    3028.0254236180 \\\\ 
  271 &      -6.1903615586 &    3028.0254236180 \\\\ 
  311 &      -6.2129173410 &    3028.0254236180 \\\\ 
  339 &      -6.2274815461 &    3028.0254236180 \\\\ 
  407 &      -6.2366644525 &    3028.0254236180 \\\\ 
DIRECT stopped: numfunc >= maxf.
DIRECT Version 2.0.4
 Problem Dimension n                    :      7
 Eps value                              :   0.1000E-03
 Epsilon is constant.
 Maximum number of f-evaluations (maxf) :    400
 Maximum number of iterations (MaxT)    :    200
 Value of f_global                      :  -0.1000+101
 Global percentage wanted               :   0.1000E-01
 Volume percentage wanted               :  -0.1000E+01
 Measure percentage wanted              :  -0.1000E+01
 Jones original DIRECT algorithm is used.
Bounds on variable x 1    :      0.00000 <= xi <=      0.40000
Bounds on variable x 2    :      4.00000 <= xi <=      8.00000
Bounds on variable x 3    :      0.00100 <= xi <=      0.10000
Bounds on variable x 4    :      0.00000 <= xi <=      2.00000
Bounds on variable x 5    :      3.00000 <= xi <=      6.00000
Bounds on variable x 6    :      0.00000 <= xi <=      3.00000
Bounds on variable x 7    :      0.00001 <= xi <=      0.00100
---------------------------------------------------------------------------
   15 &      -5.6689621182 &     153.1183644696 \\\\ 
   27 &      -5.6816969989 &     153.1183644696 \\\\ 
   73 &      -5.6917403349 &     153.1183644696 \\\\ 
  103 &      -5.6932457805 &     153.1183644696 \\\\ 
  137 &      -5.7175096290 &     195.8696933785 \\\\ 
  199 &      -5.7834544767 &     195.8696933785 \\\\ 
  223 &      -5.8126509171 &     195.8696933785 \\\\ 
  251 &      -5.8249518659 &     195.8696933785 \\\\ 
  277 &      -5.8302613935 &     195.8696933785 \\\\ 
  337 &      -5.8340724090 &     195.8696933785 \\\\ 
  369 &      -5.8389179580 &     195.8696933785 \\\\ 
  403 &      -5.8448861012 &     195.8696933785 \\\\ 
DIRECT stopped: numfunc >= maxf.
DIRECT Version 2.0.4
 Problem Dimension n                    :      7
 Eps value                              :   0.1000E-03
 Epsilon is constant.
 Maximum number of f-evaluations (maxf) :    400
 Maximum number of iterations (MaxT)    :    200
 Value of f_global                      :  -0.1000+101
 Global percentage wanted               :   0.1000E-01
 Volume percentage wanted               :  -0.1000E+01
 Measure percentage wanted              :  -0.1000E+01
 Jones original DIRECT algorithm is used.
Bounds on variable x 1    :      0.00000 <= xi <=      0.40000
Bounds on variable x 2    :      4.00000 <= xi <=      8.00000
Bounds on variable x 3    :      0.00100 <= xi <=      0.10000
Bounds on variable x 4    :      0.00000 <= xi <=      2.00000
Bounds on variable x 5    :      3.00000 <= xi <=      6.00000
Bounds on variable x 6    :      0.00000 <= xi <=      3.00000
Bounds on variable x 7    :      0.00001 <= xi <=      0.00100
---------------------------------------------------------------------------
   15 &      -5.9626996740 &      -5.9575744830 \\\\ 
  145 &      -5.9631711393 &      -5.9556868365 \\\\ 
  171 &      -5.9634779839 &      -5.9556868365 \\\\ 
  215 &      -5.9636663986 &      -5.9550516815 \\\\ 
  241 &      -5.9639126999 &      -5.9550516815 \\\\ 
  265 &      -5.9639418840 &      -5.9550516815 \\\\ 
  287 &      -5.9639563129 &      -5.9550516815 \\\\ 
  423 &      -5.9640130475 &      -5.9550416840 \\\\ 
DIRECT stopped: numfunc >= maxf.
DIRECT Version 2.0.4
 Problem Dimension n                    :      7
 Eps value                              :   0.1000E-03
 Epsilon is constant.
 Maximum number of f-evaluations (maxf) :    400
 Maximum number of iterations (MaxT)    :    200
 Value of f_global                      :  -0.1000+101
 Global percentage wanted               :   0.1000E-01
 Volume percentage wanted               :  -0.1000E+01
 Measure percentage wanted              :  -0.1000E+01
 Jones original DIRECT algorithm is used.
Bounds on variable x 1    :      0.00000 <= xi <=      0.40000
Bounds on variable x 2    :      4.00000 <= xi <=      8.00000
Bounds on variable x 3    :      0.00100 <= xi <=      0.10000
Bounds on variable x 4    :      0.00000 <= xi <=      2.00000
Bounds on variable x 5    :      3.00000 <= xi <=      6.00000
Bounds on variable x 6    :      0.00000 <= xi <=      3.00000
Bounds on variable x 7    :      0.00001 <= xi <=      0.00100
---------------------------------------------------------------------------
   15 &      -5.5408347437 &      91.2213229783 \\\\ 
   63 &      -5.6593635168 &     147.1581475338 \\\\ 
   85 &      -5.7625404821 &     147.1581475338 \\\\ 
  113 &      -5.7887149667 &     147.1581475338 \\\\ 
  183 &      -5.8581471707 &     147.1581475338 \\\\ 
  219 &      -5.8608504536 &     168.5469177590 \\\\ 
  315 &      -5.8735698676 &     168.5469177590 \\\\ 
  357 &      -5.8746951152 &     168.5469177590 \\\\ 
  391 &      -5.8777073813 &     168.5469177590 \\\\ 
  421 &      -5.8788984299 &     168.5469177590 \\\\ 
DIRECT stopped: numfunc >= maxf.
DIRECT Version 2.0.4
 Problem Dimension n                    :      7
 Eps value                              :   0.1000E-03
 Epsilon is constant.
 Maximum number of f-evaluations (maxf) :    400
 Maximum number of iterations (MaxT)    :    200
 Value of f_global                      :  -0.1000+101
 Global percentage wanted               :   0.1000E-01
 Volume percentage wanted               :  -0.1000E+01
 Measure percentage wanted              :  -0.1000E+01
 Jones original DIRECT algorithm is used.
Bounds on variable x 1    :      0.00000 <= xi <=      0.40000
Bounds on variable x 2    :      4.00000 <= xi <=      8.00000
Bounds on variable x 3    :      0.00100 <= xi <=      0.10000
Bounds on variable x 4    :      0.00000 <= xi <=      2.00000
Bounds on variable x 5    :      3.00000 <= xi <=      6.00000
Bounds on variable x 6    :      0.00000 <= xi <=      3.00000
Bounds on variable x 7    :      0.00001 <= xi <=      0.00100
---------------------------------------------------------------------------
   15 &      -5.1637336113 &     112.3425757968 \\\\ 
   27 &      -5.1962066890 &     112.3425757968 \\\\ 
   49 &      -5.4216842849 &     117.4819095184 \\\\ 
   67 &      -5.4626264111 &     117.4819095184 \\\\ 
  129 &      -5.5306114295 &     117.4819095184 \\\\ 
  207 &      -5.5392959203 &     160.6205830766 \\\\ 
  247 &      -5.5502248220 &     160.6205830766 \\\\ 
  273 &      -5.5635680050 &     160.6205830766 \\\\ 
  337 &      -5.5827228028 &     160.6205830766 \\\\ 
  381 &      -5.5873033492 &     160.6205830766 \\\\ 
DIRECT stopped: numfunc >= maxf.
DIRECT Version 2.0.4
 Problem Dimension n                    :      7
 Eps value                              :   0.1000E-03
 Epsilon is constant.
 Maximum number of f-evaluations (maxf) :    400
 Maximum number of iterations (MaxT)    :    200
 Value of f_global                      :  -0.1000+101
 Global percentage wanted               :   0.1000E-01
 Volume percentage wanted               :  -0.1000E+01
 Measure percentage wanted              :  -0.1000E+01
 Jones original DIRECT algorithm is used.
Bounds on variable x 1    :      0.00000 <= xi <=      0.40000
Bounds on variable x 2    :      4.00000 <= xi <=      8.00000
Bounds on variable x 3    :      0.00100 <= xi <=      0.10000
Bounds on variable x 4    :      0.00000 <= xi <=      2.00000
Bounds on variable x 5    :      3.00000 <= xi <=      6.00000
Bounds on variable x 6    :      0.00000 <= xi <=      3.00000
Bounds on variable x 7    :      0.00001 <= xi <=      0.00100
---------------------------------------------------------------------------
   15 &      -5.8100161890 &      -5.8078369338 \\\\ 
  105 &      -5.8102963562 &      -5.8074389707 \\\\ 
  181 &      -5.8103970908 &      -5.8074389707 \\\\ 
  207 &      -5.8104361091 &      -5.8074389707 \\\\ 
  359 &      -5.8104724814 &      -5.8074389707 \\\\ 
  385 &      -5.8104776776 &      -5.8074389707 \\\\ 
  409 &      -5.8105182885 &      -5.8074389707 \\\\ 
DIRECT stopped: numfunc >= maxf.
DIRECT Version 2.0.4
 Problem Dimension n                    :      7
 Eps value                              :   0.1000E-03
 Epsilon is constant.
 Maximum number of f-evaluations (maxf) :    400
 Maximum number of iterations (MaxT)    :    200
 Value of f_global                      :  -0.1000+101
 Global percentage wanted               :   0.1000E-01
 Volume percentage wanted               :  -0.1000E+01
 Measure percentage wanted              :  -0.1000E+01
 Jones original DIRECT algorithm is used.
Bounds on variable x 1    :      0.00000 <= xi <=      0.40000
Bounds on variable x 2    :      4.00000 <= xi <=      8.00000
Bounds on variable x 3    :      0.00100 <= xi <=      0.10000
Bounds on variable x 4    :      0.00000 <= xi <=      2.00000
Bounds on variable x 5    :      3.00000 <= xi <=      6.00000
Bounds on variable x 6    :      0.00000 <= xi <=      3.00000
Bounds on variable x 7    :      0.00001 <= xi <=      0.00100
---------------------------------------------------------------------------
   15 &      -5.6591625877 &      -5.6447351229 \\\\ 
   27 &      -5.6651639849 &      -5.6443134780 \\\\ 
   81 &      -5.6668502486 &      -5.6443134780 \\\\ 
  143 &      -5.6673006951 &      -5.6443134780 \\\\ 
  275 &      -5.6677998781 &      -5.6441099136 \\\\ 
DIRECT stopped: numfunc >= maxf.
DIRECT Version 2.0.4
 Problem Dimension n                    :      7
 Eps value                              :   0.1000E-03
 Epsilon is constant.
 Maximum number of f-evaluations (maxf) :    400
 Maximum number of iterations (MaxT)    :    200
 Value of f_global                      :  -0.1000+101
 Global percentage wanted               :   0.1000E-01
 Volume percentage wanted               :  -0.1000E+01
 Measure percentage wanted              :  -0.1000E+01
 Jones original DIRECT algorithm is used.
Bounds on variable x 1    :      0.00000 <= xi <=      0.40000
Bounds on variable x 2    :      4.00000 <= xi <=      8.00000
Bounds on variable x 3    :      0.00100 <= xi <=      0.10000
Bounds on variable x 4    :      0.00000 <= xi <=      2.00000
Bounds on variable x 5    :      3.00000 <= xi <=      6.00000
Bounds on variable x 6    :      0.00000 <= xi <=      3.00000
Bounds on variable x 7    :      0.00001 <= xi <=      0.00100
---------------------------------------------------------------------------
   15 &      -5.9543491583 &      -5.9511556854 \\\\ 
   27 &      -5.9545016485 &      -5.9511556854 \\\\ 
   49 &      -5.9549548261 &      -5.9511556854 \\\\ 
   67 &      -5.9551795982 &      -5.9511556854 \\\\ 
  155 &      -5.9555315683 &      -5.9507985517 \\\\ 
  201 &      -5.9556760391 &      -5.9507985517 \\\\ 
  249 &      -5.9557065840 &      -5.9507985517 \\\\ 
  317 &      -5.9557440999 &      -5.9507985517 \\\\ 
  345 &      -5.9558137178 &      -5.9507985517 \\\\ 
DIRECT stopped: numfunc >= maxf.
DIRECT Version 2.0.4
 Problem Dimension n                    :      7
 Eps value                              :   0.1000E-03
 Epsilon is constant.
 Maximum number of f-evaluations (maxf) :    400
 Maximum number of iterations (MaxT)    :    200
 Value of f_global                      :  -0.1000+101
 Global percentage wanted               :   0.1000E-01
 Volume percentage wanted               :  -0.1000E+01
 Measure percentage wanted              :  -0.1000E+01
 Jones original DIRECT algorithm is used.
Bounds on variable x 1    :      0.00000 <= xi <=      0.40000
Bounds on variable x 2    :      4.00000 <= xi <=      8.00000
Bounds on variable x 3    :      0.00100 <= xi <=      0.10000
Bounds on variable x 4    :      0.00000 <= xi <=      2.00000
Bounds on variable x 5    :      3.00000 <= xi <=      6.00000
Bounds on variable x 6    :      0.00000 <= xi <=      3.00000
Bounds on variable x 7    :      0.00001 <= xi <=      0.00100
---------------------------------------------------------------------------
   15 &      -5.9460064752 &      -5.9419738381 \\\\ 
   27 &      -5.9463750648 &      -5.9415829266 \\\\ 
   49 &      -5.9465178188 &      -5.9415829266 \\\\ 
   67 &      -5.9474565597 &      -5.9415829266 \\\\ 
  123 &      -5.9485335512 &      -5.9414804533 \\\\ 
  239 &      -5.9488019232 &      -5.9414804533 \\\\ 
  369 &      -5.9488428699 &      -5.9414804533 \\\\ 
DIRECT stopped: numfunc >= maxf.
DIRECT Version 2.0.4
 Problem Dimension n                    :      7
 Eps value                              :   0.1000E-03
 Epsilon is constant.
 Maximum number of f-evaluations (maxf) :    400
 Maximum number of iterations (MaxT)    :    200
 Value of f_global                      :  -0.1000+101
 Global percentage wanted               :   0.1000E-01
 Volume percentage wanted               :  -0.1000E+01
 Measure percentage wanted              :  -0.1000E+01
 Jones original DIRECT algorithm is used.
Bounds on variable x 1    :      0.00000 <= xi <=      0.40000
Bounds on variable x 2    :      4.00000 <= xi <=      8.00000
Bounds on variable x 3    :      0.00100 <= xi <=      0.10000
Bounds on variable x 4    :      0.00000 <= xi <=      2.00000
Bounds on variable x 5    :      3.00000 <= xi <=      6.00000
Bounds on variable x 6    :      0.00000 <= xi <=      3.00000
Bounds on variable x 7    :      0.00001 <= xi <=      0.00100
---------------------------------------------------------------------------
   15 &      -5.9342535416 &      -5.9310734798 \\\\ 
   27 &      -5.9349428117 &      -5.9310734798 \\\\ 
  117 &      -5.9363829593 &      -5.9310734798 \\\\ 
DIRECT stopped: numfunc >= maxf.
DIRECT Version 2.0.4
 Problem Dimension n                    :      7
 Eps value                              :   0.1000E-03
 Epsilon is constant.
 Maximum number of f-evaluations (maxf) :    400
 Maximum number of iterations (MaxT)    :    200
 Value of f_global                      :  -0.1000+101
 Global percentage wanted               :   0.1000E-01
 Volume percentage wanted               :  -0.1000E+01
 Measure percentage wanted              :  -0.1000E+01
 Jones original DIRECT algorithm is used.
Bounds on variable x 1    :      0.00000 <= xi <=      0.40000
Bounds on variable x 2    :      4.00000 <= xi <=      8.00000
Bounds on variable x 3    :      0.00100 <= xi <=      0.10000
Bounds on variable x 4    :      0.00000 <= xi <=      2.00000
Bounds on variable x 5    :      3.00000 <= xi <=      6.00000
Bounds on variable x 6    :      0.00000 <= xi <=      3.00000
Bounds on variable x 7    :      0.00001 <= xi <=      0.00100
---------------------------------------------------------------------------
   15 &      -5.9244099272 &      -5.9212872399 \\\\ 
   91 &      -5.9245999761 &      -5.9206109549 \\\\ 
  199 &      -5.9246136956 &      -5.9205835348 \\\\ 
  243 &      -5.9249461443 &      -5.9203779200 \\\\ 
  269 &      -5.9249515252 &      -5.9203779200 \\\\ 
  297 &      -5.9249763429 &      -5.9203779200 \\\\ 
DIRECT stopped: numfunc >= maxf.
DIRECT Version 2.0.4
 Problem Dimension n                    :      7
 Eps value                              :   0.1000E-03
 Epsilon is constant.
 Maximum number of f-evaluations (maxf) :    400
 Maximum number of iterations (MaxT)    :    200
 Value of f_global                      :  -0.1000+101
 Global percentage wanted               :   0.1000E-01
 Volume percentage wanted               :  -0.1000E+01
 Measure percentage wanted              :  -0.1000E+01
 Jones original DIRECT algorithm is used.
Bounds on variable x 1    :      0.00000 <= xi <=      0.40000
Bounds on variable x 2    :      4.00000 <= xi <=      8.00000
Bounds on variable x 3    :      0.00100 <= xi <=      0.10000
Bounds on variable x 4    :      0.00000 <= xi <=      2.00000
Bounds on variable x 5    :      3.00000 <= xi <=      6.00000
Bounds on variable x 6    :      0.00000 <= xi <=      3.00000
Bounds on variable x 7    :      0.00001 <= xi <=      0.00100
---------------------------------------------------------------------------
   15 &      -5.9132350040 &      -5.9113782490 \\\\ 
   27 &      -5.9146090556 &      -5.9113782490 \\\\ 
   49 &      -5.9148884947 &      -5.9113782490 \\\\ 
  199 &      -5.9152684445 &      -5.9106242921 \\\\ 
  229 &      -5.9153748340 &      -5.9106242921 \\\\ 
  259 &      -5.9155342871 &      -5.9106242921 \\\\ 
  377 &      -5.9155547469 &      -5.9106242921 \\\\ 
  403 &      -5.9156468175 &      -5.9106242921 \\\\ 
DIRECT stopped: numfunc >= maxf.
DIRECT Version 2.0.4
 Problem Dimension n                    :      7
 Eps value                              :   0.1000E-03
 Epsilon is constant.
 Maximum number of f-evaluations (maxf) :    400
 Maximum number of iterations (MaxT)    :    200
 Value of f_global                      :  -0.1000+101
 Global percentage wanted               :   0.1000E-01
 Volume percentage wanted               :  -0.1000E+01
 Measure percentage wanted              :  -0.1000E+01
 Jones original DIRECT algorithm is used.
Bounds on variable x 1    :      0.00000 <= xi <=      0.40000
Bounds on variable x 2    :      4.00000 <= xi <=      8.00000
Bounds on variable x 3    :      0.00100 <= xi <=      0.10000
Bounds on variable x 4    :      0.00000 <= xi <=      2.00000
Bounds on variable x 5    :      3.00000 <= xi <=      6.00000
Bounds on variable x 6    :      0.00000 <= xi <=      3.00000
Bounds on variable x 7    :      0.00001 <= xi <=      0.00100
---------------------------------------------------------------------------
   15 &      -5.9030451921 &      -5.9002733981 \\\\ 
   27 &      -5.9031723947 &      -5.9002733981 \\\\ 
  109 &      -5.9032956849 &      -5.9002733981 \\\\ 
  131 &      -5.9034362982 &      -5.9002733981 \\\\ 
  171 &      -5.9035923015 &      -5.8996938170 \\\\ 
  255 &      -5.9037798722 &      -5.8996938170 \\\\ 
  285 &      -5.9038837911 &      -5.8996938170 \\\\ 
  313 &      -5.9039178140 &      -5.8996938170 \\\\ 
  397 &      -5.9039475528 &      -5.8996938170 \\\\ 
  421 &      -5.9041028855 &      -5.8996938170 \\\\ 
DIRECT stopped: numfunc >= maxf.
DIRECT Version 2.0.4
 Problem Dimension n                    :      7
 Eps value                              :   0.1000E-03
 Epsilon is constant.
 Maximum number of f-evaluations (maxf) :    400
 Maximum number of iterations (MaxT)    :    200
 Value of f_global                      :  -0.1000+101
 Global percentage wanted               :   0.1000E-01
 Volume percentage wanted               :  -0.1000E+01
 Measure percentage wanted              :  -0.1000E+01
 Jones original DIRECT algorithm is used.
Bounds on variable x 1    :      0.00000 <= xi <=      0.40000
Bounds on variable x 2    :      4.00000 <= xi <=      8.00000
Bounds on variable x 3    :      0.00100 <= xi <=      0.10000
Bounds on variable x 4    :      0.00000 <= xi <=      2.00000
Bounds on variable x 5    :      3.00000 <= xi <=      6.00000
Bounds on variable x 6    :      0.00000 <= xi <=      3.00000
Bounds on variable x 7    :      0.00001 <= xi <=      0.00100
---------------------------------------------------------------------------
   15 &      -5.8929686573 &      -5.8901646327 \\\\ 
  181 &      -5.8931166470 &      -5.8900040764 \\\\ 
  343 &      -5.8932021550 &      -5.8900040764 \\\\ 
  371 &      -5.8932294111 &      -5.8900040764 \\\\ 
DIRECT stopped: numfunc >= maxf.
DIRECT Version 2.0.4
 Problem Dimension n                    :      7
 Eps value                              :   0.1000E-03
 Epsilon is constant.
 Maximum number of f-evaluations (maxf) :    400
 Maximum number of iterations (MaxT)    :    200
 Value of f_global                      :  -0.1000+101
 Global percentage wanted               :   0.1000E-01
 Volume percentage wanted               :  -0.1000E+01
 Measure percentage wanted              :  -0.1000E+01
 Jones original DIRECT algorithm is used.
Bounds on variable x 1    :      0.00000 <= xi <=      0.40000
Bounds on variable x 2    :      4.00000 <= xi <=      8.00000
Bounds on variable x 3    :      0.00100 <= xi <=      0.10000
Bounds on variable x 4    :      0.00000 <= xi <=      2.00000
Bounds on variable x 5    :      3.00000 <= xi <=      6.00000
Bounds on variable x 6    :      0.00000 <= xi <=      3.00000
Bounds on variable x 7    :      0.00001 <= xi <=      0.00100
---------------------------------------------------------------------------
   15 &      -5.7684981030 &      -5.7673406508 \\\\ 
   27 &      -5.7685449583 &      -5.7673406508 \\\\ 
   67 &      -5.7685959719 &      -5.7673406508 \\\\ 
  153 &      -5.7686839870 &      -5.7673219748 \\\\ 
  293 &      -5.7687826272 &      -5.7673219748 \\\\ 
DIRECT stopped: numfunc >= maxf.
DIRECT Version 2.0.4
 Problem Dimension n                    :      7
 Eps value                              :   0.1000E-03
 Epsilon is constant.
 Maximum number of f-evaluations (maxf) :    400
 Maximum number of iterations (MaxT)    :    200
 Value of f_global                      :  -0.1000+101
 Global percentage wanted               :   0.1000E-01
 Volume percentage wanted               :  -0.1000E+01
 Measure percentage wanted              :  -0.1000E+01
 Jones original DIRECT algorithm is used.
Bounds on variable x 1    :      0.00000 <= xi <=      0.40000
Bounds on variable x 2    :      4.00000 <= xi <=      8.00000
Bounds on variable x 3    :      0.00100 <= xi <=      0.10000
Bounds on variable x 4    :      0.00000 <= xi <=      2.00000
Bounds on variable x 5    :      3.00000 <= xi <=      6.00000
Bounds on variable x 6    :      0.00000 <= xi <=      3.00000
Bounds on variable x 7    :      0.00001 <= xi <=      0.00100
---------------------------------------------------------------------------
   15 &      -5.4055583372 &      -5.4049227173 \\\\ 
   27 &      -5.4060224304 &      -5.4049060778 \\\\ 
  145 &      -5.4062247818 &      -5.4048327991 \\\\ 
  217 &      -5.4062646931 &      -5.4048327991 \\\\ 
DIRECT stopped: numfunc >= maxf.
DIRECT Version 2.0.4
 Problem Dimension n                    :      7
 Eps value                              :   0.1000E-03
 Epsilon is constant.
 Maximum number of f-evaluations (maxf) :    400
 Maximum number of iterations (MaxT)    :    200
 Value of f_global                      :  -0.1000+101
 Global percentage wanted               :   0.1000E-01
 Volume percentage wanted               :  -0.1000E+01
 Measure percentage wanted              :  -0.1000E+01
 Jones original DIRECT algorithm is used.
Bounds on variable x 1    :      0.00000 <= xi <=      0.40000
Bounds on variable x 2    :      4.00000 <= xi <=      8.00000
Bounds on variable x 3    :      0.00100 <= xi <=      0.10000
Bounds on variable x 4    :      0.00000 <= xi <=      2.00000
Bounds on variable x 5    :      3.00000 <= xi <=      6.00000
Bounds on variable x 6    :      0.00000 <= xi <=      3.00000
Bounds on variable x 7    :      0.00001 <= xi <=      0.00100
---------------------------------------------------------------------------
   15 &      -5.8944048842 &      -5.8917167534 \\\\ 
   27 &      -5.8954456341 &      -5.8917167534 \\\\ 
   81 &      -5.8958057183 &      -5.8916216308 \\\\ 
  117 &      -5.8959860291 &      -5.8913130595 \\\\ 
DIRECT stopped: numfunc >= maxf.
DIRECT Version 2.0.4
 Problem Dimension n                    :      7
 Eps value                              :   0.1000E-03
 Epsilon is constant.
 Maximum number of f-evaluations (maxf) :    400
 Maximum number of iterations (MaxT)    :    200
 Value of f_global                      :  -0.1000+101
 Global percentage wanted               :   0.1000E-01
 Volume percentage wanted               :  -0.1000E+01
 Measure percentage wanted              :  -0.1000E+01
 Jones original DIRECT algorithm is used.
Bounds on variable x 1    :      0.00000 <= xi <=      0.40000
Bounds on variable x 2    :      4.00000 <= xi <=      8.00000
Bounds on variable x 3    :      0.00100 <= xi <=      0.10000
Bounds on variable x 4    :      0.00000 <= xi <=      2.00000
Bounds on variable x 5    :      3.00000 <= xi <=      6.00000
Bounds on variable x 6    :      0.00000 <= xi <=      3.00000
Bounds on variable x 7    :      0.00001 <= xi <=      0.00100
---------------------------------------------------------------------------
   15 &      -5.8845286818 &      -5.8825626376 \\\\ 
   67 &      -5.8845355677 &      -5.8821374232 \\\\ 
  109 &      -5.8849194432 &      -5.8821306734 \\\\ 
  127 &      -5.8854801232 &      -5.8821306734 \\\\ 
  171 &      -5.8857156644 &      -5.8820760266 \\\\ 
  197 &      -5.8857336803 &      -5.8820760266 \\\\ 
  225 &      -5.8857503339 &      -5.8820760266 \\\\ 
  269 &      -5.8857826878 &      -5.8820760266 \\\\ 
DIRECT stopped: numfunc >= maxf.
DIRECT Version 2.0.4
 Problem Dimension n                    :      7
 Eps value                              :   0.1000E-03
 Epsilon is constant.
 Maximum number of f-evaluations (maxf) :    400
 Maximum number of iterations (MaxT)    :    200
 Value of f_global                      :  -0.1000+101
 Global percentage wanted               :   0.1000E-01
 Volume percentage wanted               :  -0.1000E+01
 Measure percentage wanted              :  -0.1000E+01
 Jones original DIRECT algorithm is used.
Bounds on variable x 1    :      0.00000 <= xi <=      0.40000
Bounds on variable x 2    :      4.00000 <= xi <=      8.00000
Bounds on variable x 3    :      0.00100 <= xi <=      0.10000
Bounds on variable x 4    :      0.00000 <= xi <=      2.00000
Bounds on variable x 5    :      3.00000 <= xi <=      6.00000
Bounds on variable x 6    :      0.00000 <= xi <=      3.00000
Bounds on variable x 7    :      0.00001 <= xi <=      0.00100
---------------------------------------------------------------------------
   15 &      -5.8756633655 &      -5.8737762108 \\\\ 
   27 &      -5.8757827764 &      -5.8737762108 \\\\ 
   49 &      -5.8757858811 &      -5.8734700151 \\\\ 
   67 &      -5.8767891995 &      -5.8734700151 \\\\ 
   85 &      -5.8771675995 &      -5.8734700151 \\\\ 
  101 &      -5.8777178708 &      -5.8734700151 \\\\ 
  221 &      -5.8777484661 &      -5.8734700151 \\\\ 
DIRECT stopped: numfunc >= maxf.
DIRECT Version 2.0.4
 Problem Dimension n                    :      7
 Eps value                              :   0.1000E-03
 Epsilon is constant.
 Maximum number of f-evaluations (maxf) :    400
 Maximum number of iterations (MaxT)    :    200
 Value of f_global                      :  -0.1000+101
 Global percentage wanted               :   0.1000E-01
 Volume percentage wanted               :  -0.1000E+01
 Measure percentage wanted              :  -0.1000E+01
 Jones original DIRECT algorithm is used.
Bounds on variable x 1    :      0.00000 <= xi <=      0.40000
Bounds on variable x 2    :      4.00000 <= xi <=      8.00000
Bounds on variable x 3    :      0.00100 <= xi <=      0.10000
Bounds on variable x 4    :      0.00000 <= xi <=      2.00000
Bounds on variable x 5    :      3.00000 <= xi <=      6.00000
Bounds on variable x 6    :      0.00000 <= xi <=      3.00000
Bounds on variable x 7    :      0.00001 <= xi <=      0.00100
---------------------------------------------------------------------------
   15 &      -5.7511626156 &      -5.7511433879 \\\\ 
   27 &      -5.7511753847 &      -5.7511432074 \\\\ 
   39 &      -5.7511807356 &      -5.7511432074 \\\\ 
   49 &      -5.7512012466 &      -5.7511432074 \\\\ 
  107 &      -5.7512446466 &      -5.7511423825 \\\\ 
DIRECT stopped: numfunc >= maxf.
DIRECT Version 2.0.4
 Problem Dimension n                    :      7
 Eps value                              :   0.1000E-03
 Epsilon is constant.
 Maximum number of f-evaluations (maxf) :    400
 Maximum number of iterations (MaxT)    :    200
 Value of f_global                      :  -0.1000+101
 Global percentage wanted               :   0.1000E-01
 Volume percentage wanted               :  -0.1000E+01
 Measure percentage wanted              :  -0.1000E+01
 Jones original DIRECT algorithm is used.
Bounds on variable x 1    :      0.00000 <= xi <=      0.40000
Bounds on variable x 2    :      4.00000 <= xi <=      8.00000
Bounds on variable x 3    :      0.00100 <= xi <=      0.10000
Bounds on variable x 4    :      0.00000 <= xi <=      2.00000
Bounds on variable x 5    :      3.00000 <= xi <=      6.00000
Bounds on variable x 6    :      0.00000 <= xi <=      3.00000
Bounds on variable x 7    :      0.00001 <= xi <=      0.00100
---------------------------------------------------------------------------
   15 &      -5.8860982766 &      -5.8846007753 \\\\ 
   27 &      -5.8867331921 &      -5.8846007753 \\\\ 
  243 &      -5.8868637196 &      -5.8839789794 \\\\ 
  299 &      -5.8870379317 &      -5.8839789794 \\\\ 
  327 &      -5.8870868815 &      -5.8839789794 \\\\ 
  353 &      -5.8871827172 &      -5.8839789794 \\\\ 
DIRECT stopped: numfunc >= maxf.
DIRECT Version 2.0.4
 Problem Dimension n                    :      7
 Eps value                              :   0.1000E-03
 Epsilon is constant.
 Maximum number of f-evaluations (maxf) :    400
 Maximum number of iterations (MaxT)    :    200
 Value of f_global                      :  -0.1000+101
 Global percentage wanted               :   0.1000E-01
 Volume percentage wanted               :  -0.1000E+01
 Measure percentage wanted              :  -0.1000E+01
 Jones original DIRECT algorithm is used.
Bounds on variable x 1    :      0.00000 <= xi <=      0.40000
Bounds on variable x 2    :      4.00000 <= xi <=      8.00000
Bounds on variable x 3    :      0.00100 <= xi <=      0.10000
Bounds on variable x 4    :      0.00000 <= xi <=      2.00000
Bounds on variable x 5    :      3.00000 <= xi <=      6.00000
Bounds on variable x 6    :      0.00000 <= xi <=      3.00000
Bounds on variable x 7    :      0.00001 <= xi <=      0.00100
---------------------------------------------------------------------------
   15 &      -5.8781580951 &      -5.8762723631 \\\\ 
   49 &      -5.8783629016 &      -5.8762723631 \\\\ 
  189 &      -5.8784580592 &      -5.8760352890 \\\\ 
  207 &      -5.8789688618 &      -5.8760352890 \\\\ 
  255 &      -5.8790719348 &      -5.8760352890 \\\\ 
DIRECT stopped: numfunc >= maxf.
DIRECT Version 2.0.4
 Problem Dimension n                    :      7
 Eps value                              :   0.1000E-03
 Epsilon is constant.
 Maximum number of f-evaluations (maxf) :    400
 Maximum number of iterations (MaxT)    :    200
 Value of f_global                      :  -0.1000+101
 Global percentage wanted               :   0.1000E-01
 Volume percentage wanted               :  -0.1000E+01
 Measure percentage wanted              :  -0.1000E+01
 Jones original DIRECT algorithm is used.
Bounds on variable x 1    :      0.00000 <= xi <=      0.40000
Bounds on variable x 2    :      4.00000 <= xi <=      8.00000
Bounds on variable x 3    :      0.00100 <= xi <=      0.10000
Bounds on variable x 4    :      0.00000 <= xi <=      2.00000
Bounds on variable x 5    :      3.00000 <= xi <=      6.00000
Bounds on variable x 6    :      0.00000 <= xi <=      3.00000
Bounds on variable x 7    :      0.00001 <= xi <=      0.00100
---------------------------------------------------------------------------
   15 &      -5.8705737670 &      -5.8689122559 \\\\ 
   59 &      -5.8707421224 &      -5.8689026967 \\\\ 
   95 &      -5.8710363118 &      -5.8685056557 \\\\ 
  169 &      -5.8715865763 &      -5.8679783362 \\\\ 
  195 &      -5.8716960610 &      -5.8677978491 \\\\ 
  241 &      -5.8719075867 &      -5.8676782287 \\\\ 
  283 &      -5.8723264915 &      -5.8676782287 \\\\ 
  313 &      -5.8724956216 &      -5.8676782287 \\\\ 
DIRECT stopped: numfunc >= maxf.
DIRECT Version 2.0.4
 Problem Dimension n                    :      7
 Eps value                              :   0.1000E-03
 Epsilon is constant.
 Maximum number of f-evaluations (maxf) :    400
 Maximum number of iterations (MaxT)    :    200
 Value of f_global                      :  -0.1000+101
 Global percentage wanted               :   0.1000E-01
 Volume percentage wanted               :  -0.1000E+01
 Measure percentage wanted              :  -0.1000E+01
 Jones original DIRECT algorithm is used.
Bounds on variable x 1    :      0.00000 <= xi <=      0.40000
Bounds on variable x 2    :      4.00000 <= xi <=      8.00000
Bounds on variable x 3    :      0.00100 <= xi <=      0.10000
Bounds on variable x 4    :      0.00000 <= xi <=      2.00000
Bounds on variable x 5    :      3.00000 <= xi <=      6.00000
Bounds on variable x 6    :      0.00000 <= xi <=      3.00000
Bounds on variable x 7    :      0.00001 <= xi <=      0.00100
---------------------------------------------------------------------------
   15 &      -5.7444252681 &      -5.7444189604 \\\\ 
   27 &      -5.7444255394 &      -5.7444189604 \\\\ 
   79 &      -5.7444258645 &      -5.7444182303 \\\\ 
   99 &      -5.7444267012 &      -5.7444182303 \\\\ 
  107 &      -5.7444319481 &      -5.7444182303 \\\\ 
  249 &      -5.7444324651 &      -5.7444178029 \\\\ 
  291 &      -5.7444325012 &      -5.7444178029 \\\\ 
DIRECT stopped: numfunc >= maxf.
DIRECT Version 2.0.4
 Problem Dimension n                    :      7
 Eps value                              :   0.1000E-03
 Epsilon is constant.
 Maximum number of f-evaluations (maxf) :    400
 Maximum number of iterations (MaxT)    :    200
 Value of f_global                      :  -0.1000+101
 Global percentage wanted               :   0.1000E-01
 Volume percentage wanted               :  -0.1000E+01
 Measure percentage wanted              :  -0.1000E+01
 Jones original DIRECT algorithm is used.
Bounds on variable x 1    :      0.00000 <= xi <=      0.40000
Bounds on variable x 2    :      4.00000 <= xi <=      8.00000
Bounds on variable x 3    :      0.00100 <= xi <=      0.10000
Bounds on variable x 4    :      0.00000 <= xi <=      2.00000
Bounds on variable x 5    :      3.00000 <= xi <=      6.00000
Bounds on variable x 6    :      0.00000 <= xi <=      3.00000
Bounds on variable x 7    :      0.00001 <= xi <=      0.00100
---------------------------------------------------------------------------
   15 &      -5.8806932181 &      -5.8793876160 \\\\ 
   27 &      -5.8808770163 &      -5.8793876160 \\\\ 
   67 &      -5.8809219626 &      -5.8792285556 \\\\ 
   91 &      -5.8809816452 &      -5.8792285556 \\\\ 
  115 &      -5.8810727398 &      -5.8792285556 \\\\ 
  171 &      -5.8812107639 &      -5.8790611494 \\\\ 
  213 &      -5.8812735742 &      -5.8790611494 \\\\ 
  397 &      -5.8814275141 &      -5.8786030183 \\\\ 
config {'drop_path_prob': 0.04446607726008409, 'grad_clip_value': 8, 'initial_lr': 0.0015030611447400244, 'lr_scheduler': 'Exponential', 'n_conv_layers': 6, 'weight_decay': 1.0011044126174309e-05}
config {'drop_path_prob': 0.013833665557799295, 'grad_clip_value': 8, 'initial_lr': 0.0014125115331069288, 'lr_scheduler': 'Cosine', 'n_conv_layers': 6, 'weight_decay': 1.0007119495278479e-05}
config {'drop_path_prob': 0.07288092291247633, 'grad_clip_value': 8, 'initial_lr': 0.0014679193235590834, 'n_conv_layers': 6, 'optimizer': 'sgd', 'weight_decay': 1.004489061449543e-05}
Warning: Maximum number of function evaluations has been exceeded.
config {'drop_path_prob': 0.08000000000000002, 'grad_clip_value': 8, 'initial_lr': 0.0012618275345906706, 'lr_scheduler': 'Cosine', 'n_conv_layers': 6, 'optimizer': 'sgd', 'weight_decay': 1.0023283172746057e-05}
24 24 8
24 32 8
32 32 16
32 64 16
64 64 32
64 128 32
Training size= 48000
Optimization terminated successfully.
         Current function value: -10000000000000000905969664.000000
         Iterations: 28
         Function evaluations: 86
config {'drop_path_prob': 0.13333333333333333, 'grad_clip_value': 8, 'initial_lr': 0.0011994993031493794, 'n_conv_layers': 6, 'optimizer': 'adam', 'weight_decay': 1.0002993808675978e-05}
Optimization terminated successfully.
         Current function value: -10000000000000000905969664.000000
         Iterations: 27
         Function evaluations: 84
config {'drop_path_prob': 0.1511111111111111, 'grad_clip_value': 8, 'initial_lr': 0.0012618275345906706, 'lr_scheduler': 'Cosine', 'n_conv_layers': 6, 'optimizer': 'sgd', 'weight_decay': 1.0023283172746057e-05}
24 24 8
24 32 8
32 32 16
32 64 16
64 64 32
64 128 32
Training size= 48000
Optimization terminated successfully.
         Current function value: -10000000000000000905969664.000000
         Iterations: 28
         Function evaluations: 86
config {'drop_path_prob': 0.0977777777777778, 'grad_clip_value': 8, 'initial_lr': 0.0013499986473050239, 'lr_scheduler': 'Cosine', 'n_conv_layers': 6, 'optimizer': 'sgd', 'weight_decay': 1.004530976036227e-05}
24 24 8
24 32 8
32 32 16
32 64 16
64 64 32
64 128 32
Training size= 48000
Optimization terminated successfully.
         Current function value: -10000000000000000905969664.000000
         Iterations: 28
         Function evaluations: 86
config {'drop_path_prob': 0.008888888888888894, 'grad_clip_value': 8, 'initial_lr': 0.00132739445772974, 'lr_scheduler': 'Cosine', 'n_conv_layers': 6, 'optimizer': 'sgd', 'weight_decay': 1.0043613690324998e-05}
24 24 8
24 32 8
32 32 16
32 64 16
64 64 32
64 128 32
Training size= 48000
Optimization terminated successfully.
         Current function value: -10000000000000000905969664.000000
         Iterations: 28
         Function evaluations: 86
config {'drop_path_prob': 0.1511111111111111, 'grad_clip_value': 8, 'initial_lr': 0.0012618275345906706, 'n_conv_layers': 6, 'weight_decay': 1.0024975809558717e-05}
Optimization terminated successfully.
         Current function value: -10000000000000000905969664.000000
         Iterations: 28
         Function evaluations: 86
config {'drop_path_prob': 0.026666666666666672, 'grad_clip_value': 8, 'initial_lr': 0.0012618275345906706, 'lr_scheduler': 'Exponential', 'n_conv_layers': 6, 'optimizer': 'adam', 'weight_decay': 1.0038527198226775e-05}
24 24 8
24 32 8
32 32 16
32 64 16
64 64 32
64 128 32
Training size= 48000
Optimization terminated successfully.
         Current function value: -10000000000000000905969664.000000
         Iterations: 28
         Function evaluations: 86
config {'drop_path_prob': 0.08000000000000002, 'grad_clip_value': 8, 'initial_lr': 0.00132739445772974, 'lr_scheduler': 'Exponential', 'n_conv_layers': 6, 'optimizer': 'adam', 'weight_decay': 1.0001304883347975e-05}
24 24 8
24 32 8
32 32 16
32 64 16
64 64 32
64 128 32
Training size= 48000
Optimization terminated successfully.
         Current function value: -10000000000000000905969664.000000
         Iterations: 28
         Function evaluations: 86
config {'drop_path_prob': 0.08000000000000002, 'grad_clip_value': 8, 'initial_lr': 0.0012618275345906706, 'lr_scheduler': 'Cosine', 'n_conv_layers': 6, 'optimizer': 'sgd', 'weight_decay': 1.0013133351732858e-05}
24 24 8
24 32 8
32 32 16
32 64 16
64 64 32
64 128 32
Training size= 48000
Optimization terminated successfully.
         Current function value: -10000000000000000905969664.000000
         Iterations: 28
         Function evaluations: 86
config {'drop_path_prob': 0.06222222222222223, 'grad_clip_value': 8, 'initial_lr': 0.0012618275345906706, 'n_conv_layers': 6, 'optimizer': 'adad', 'weight_decay': 1.004530976036227e-05}
Optimization terminated successfully.
         Current function value: -10000000000000000905969664.000000
         Iterations: 27
         Function evaluations: 84
config {'drop_path_prob': 0.008888888888888894, 'grad_clip_value': 8, 'initial_lr': 0.0012618275345906706, 'lr_scheduler': 'Cosine', 'n_conv_layers': 6, 'optimizer': 'adam', 'weight_decay': 1.0002993808675978e-05}
24 24 8
24 32 8
32 32 16
32 64 16
64 64 32
64 128 32
Training size= 48000
Optimization terminated successfully.
         Current function value: -10000000000000000905969664.000000
         Iterations: 28
         Function evaluations: 86
config {'drop_path_prob': 0.1511111111111111, 'grad_clip_value': 8, 'initial_lr': 0.0012618275345906706, 'lr_scheduler': 'Cosine', 'n_conv_layers': 6, 'optimizer': 'sgd', 'weight_decay': 1.0038527198226775e-05}
24 24 8
24 32 8
32 32 16
32 64 16
64 64 32
64 128 32
Training size= 48000
Optimization terminated successfully.
         Current function value: -10000000000000000905969664.000000
         Iterations: 28
         Function evaluations: 86
config {'drop_path_prob': 0.04444444444444445, 'grad_clip_value': 8, 'initial_lr': 0.0010131334785603088, 'lr_scheduler': 'Cosine', 'n_conv_layers': 6, 'optimizer': 'adam', 'weight_decay': 1.0021590821721555e-05}
24 24 8
24 32 8
32 32 16
32 64 16
64 64 32
64 128 32
Training size= 48000
Optimization terminated successfully.
         Current function value: -10000000000000000905969664.000000
         Iterations: 27
         Function evaluations: 84
config {'drop_path_prob': 0.04444444444444445, 'grad_clip_value': 8, 'initial_lr': 0.0010839269140212034, 'lr_scheduler': 'Cosine', 'n_conv_layers': 6, 'optimizer': 'adam', 'weight_decay': 1.0043613690324998e-05}
24 24 8
24 32 8
32 32 16
32 64 16
64 64 32
64 128 32
Training size= 48000
Optimization terminated successfully.
         Current function value: -10000000000000000905969664.000000
         Iterations: 28
         Function evaluations: 86
config {'drop_path_prob': 0.0780246913580247, 'grad_clip_value': 8, 'initial_lr': 0.0012618275345906706, 'lr_scheduler': 'Cosine', 'n_conv_layers': 6, 'optimizer': 'sgd', 'weight_decay': 1.0026104392895522e-05}
24 24 8
24 32 8
32 32 16
32 64 16
64 64 32
64 128 32
Training size= 48000
Optimization terminated successfully.
         Current function value: -10000000000000000905969664.000000
         Iterations: 28
         Function evaluations: 86
config {'drop_path_prob': 0.05037037037037038, 'grad_clip_value': 8, 'initial_lr': 0.0012618275345906706, 'lr_scheduler': 'Exponential', 'n_conv_layers': 6, 'weight_decay': 1.0002993808675978e-05}
Optimization terminated successfully.
         Current function value: -10000000000000000905969664.000000
         Iterations: 28
         Function evaluations: 86
config {'drop_path_prob': 0.08000000000000002, 'grad_clip_value': 8, 'initial_lr': 0.0012618275345906706, 'n_conv_layers': 6, 'optimizer': 'sgd', 'weight_decay': 1.0043613690324998e-05}
Optimization terminated successfully.
         Current function value: -10000000000000000905969664.000000
         Iterations: 27
         Function evaluations: 84
config {'drop_path_prob': 0.0977777777777778, 'grad_clip_value': 8, 'initial_lr': 0.0012618275345906706, 'lr_scheduler': 'Exponential', 'n_conv_layers': 6, 'optimizer': 'adad', 'weight_decay': 1.0008062296110608e-05}
24 24 8
24 32 8
32 32 16
32 64 16
64 64 32
64 128 32
Training size= 48000
Optimization terminated successfully.
         Current function value: -10000000000000000905969664.000000
         Iterations: 27
         Function evaluations: 84
config {'drop_path_prob': 0.13333333333333333, 'grad_clip_value': 8, 'initial_lr': 0.0012618275345906706, 'lr_scheduler': 'Exponential', 'n_conv_layers': 6, 'optimizer': 'sgd', 'weight_decay': 1.0028361940741568e-05}
24 24 8
24 32 8
32 32 16
32 64 16
64 64 32
64 128 32
Training size= 48000
Optimization terminated successfully.
         Current function value: -10000000000000000905969664.000000
         Iterations: 27
         Function evaluations: 84
config {'drop_path_prob': 0.08000000000000002, 'grad_clip_value': 8, 'initial_lr': 0.0012618275345906706, 'lr_scheduler': 'Exponential', 'n_conv_layers': 6, 'optimizer': 'sgd', 'weight_decay': 1.0043613690324998e-05}
24 24 8
24 32 8
32 32 16
32 64 16
64 64 32
64 128 32
Training size= 48000
Optimization terminated successfully.
         Current function value: -10000000000000000905969664.000000
         Iterations: 27
         Function evaluations: 84
config {'drop_path_prob': 0.08000000000000002, 'grad_clip_value': 8, 'initial_lr': 0.0012618275345906706, 'lr_scheduler': 'Cosine', 'n_conv_layers': 6, 'optimizer': 'sgd', 'weight_decay': 1.0028361940741568e-05}
24 24 8
24 32 8
32 32 16
32 64 16
64 64 32
64 128 32
Training size= 48000
Optimization terminated successfully.
         Current function value: -10000000000000000905969664.000000
         Iterations: 27
         Function evaluations: 84
config {'drop_path_prob': 0.13333333333333333, 'grad_clip_value': 8, 'initial_lr': 0.0010839269140212034, 'lr_scheduler': 'Cosine', 'n_conv_layers': 6, 'optimizer': 'sgd', 'weight_decay': 1.0008062296110608e-05}
24 24 8
24 32 8
32 32 16
32 64 16
64 64 32
64 128 32
Training size= 48000
Optimization terminated successfully.
         Current function value: -10000000000000000905969664.000000
         Iterations: 27
         Function evaluations: 84
config {'drop_path_prob': 0.08000000000000002, 'grad_clip_value': 8, 'initial_lr': 0.001140249787561169, 'lr_scheduler': 'Exponential', 'n_conv_layers': 6, 'optimizer': 'sgd', 'weight_decay': 1.0028361940741568e-05}
24 24 8
24 32 8
32 32 16
32 64 16
64 64 32
64 128 32
Training size= 48000
Optimization terminated successfully.
         Current function value: -10000000000000000905969664.000000
         Iterations: 27
         Function evaluations: 84
config {'drop_path_prob': 0.1511111111111111, 'grad_clip_value': 8, 'initial_lr': 0.0011994993031493794, 'lr_scheduler': 'Cosine', 'n_conv_layers': 6, 'optimizer': 'adam', 'weight_decay': 1.0018206976844024e-05}
24 24 8
24 32 8
32 32 16
32 64 16
64 64 32
64 128 32
Training size= 48000
Optimization terminated successfully.
         Current function value: -10000000000000000905969664.000000
         Iterations: 27
         Function evaluations: 84
config {'drop_path_prob': 0.1511111111111111, 'grad_clip_value': 8, 'initial_lr': 0.0010839269140212034, 'n_conv_layers': 6, 'optimizer': 'sgd', 'weight_decay': 1.0023283172746057e-05}
Optimization terminated successfully.
         Current function value: -10000000000000000905969664.000000
         Iterations: 28
         Function evaluations: 86
config {'drop_path_prob': 0.026666666666666672, 'grad_clip_value': 8, 'initial_lr': 0.0012618275345906706, 'lr_scheduler': 'Exponential', 'n_conv_layers': 6, 'optimizer': 'adam', 'weight_decay': 1.0038527198226775e-05}
24 24 8
24 32 8
32 32 16
32 64 16
64 64 32
64 128 32
Training size= 48000
Optimization terminated successfully.
         Current function value: -10000000000000000905969664.000000
         Iterations: 28
         Function evaluations: 85
config {'drop_path_prob': 0.13333333333333333, 'grad_clip_value': 8, 'initial_lr': 0.0012618275345906706, 'lr_scheduler': 'Exponential', 'n_conv_layers': 6, 'optimizer': 'adad', 'weight_decay': 1.0038527198226775e-05}
24 24 8
24 32 8
32 32 16
32 64 16
64 64 32
64 128 32
Training size= 48000
Optimization terminated successfully.
         Current function value: -10000000000000000905969664.000000
         Iterations: 27
         Function evaluations: 84
config {'drop_path_prob': 0.08000000000000002, 'grad_clip_value': 8, 'initial_lr': 0.0012618275345906706, 'lr_scheduler': 'Cosine', 'n_conv_layers': 6, 'optimizer': 'adam', 'weight_decay': 1.0028361940741568e-05}
24 24 8
24 32 8
32 32 16
32 64 16
64 64 32
64 128 32
Training size= 48000
Optimization terminated successfully.
         Current function value: -10000000000000000905969664.000000
         Iterations: 27
         Function evaluations: 84
config {'drop_path_prob': 0.06222222222222223, 'grad_clip_value': 8, 'initial_lr': 0.0012618275345906706, 'lr_scheduler': 'Cosine', 'n_conv_layers': 6, 'optimizer': 'adam', 'weight_decay': 1.0002993808675978e-05}
24 24 8
24 32 8
32 32 16
32 64 16
64 64 32
64 128 32
Training size= 48000
Optimization terminated successfully.
         Current function value: -10000000000000000905969664.000000
         Iterations: 27
         Function evaluations: 84
config {'drop_path_prob': 0.008888888888888894, 'grad_clip_value': 8, 'initial_lr': 0.0010839269140212034, 'n_conv_layers': 6, 'optimizer': 'sgd', 'weight_decay': 1.0002993808675978e-05}
Optimization terminated successfully.
         Current function value: -10000000000000000905969664.000000
         Iterations: 28
         Function evaluations: 86
config {'drop_path_prob': 0.026666666666666672, 'grad_clip_value': 8, 'initial_lr': 0.0012618275345906706, 'lr_scheduler': 'Exponential', 'n_conv_layers': 6, 'optimizer': 'sgd', 'weight_decay': 1.0038527198226775e-05}
24 24 8
24 32 8
32 32 16
32 64 16
64 64 32
64 128 32
Training size= 48000
Optimization terminated successfully.
         Current function value: -10000000000000000905969664.000000
         Iterations: 27
         Function evaluations: 84
config {'drop_path_prob': 0.08000000000000002, 'grad_clip_value': 8, 'initial_lr': 0.0012618275345906706, 'lr_scheduler': 'Cosine', 'n_conv_layers': 6, 'optimizer': 'sgd', 'weight_decay': 1.0002993808675978e-05}
24 24 8
24 32 8
32 32 16
32 64 16
64 64 32
64 128 32
Training size= 48000
Optimization terminated successfully.
         Current function value: -10000000000000000905969664.000000
         Iterations: 27
         Function evaluations: 84
config {'drop_path_prob': 0.026666666666666672, 'grad_clip_value': 8, 'initial_lr': 0.0014689262776438668, 'lr_scheduler': 'Exponential', 'n_conv_layers': 6, 'optimizer': 'adam', 'weight_decay': 1.0008062296110608e-05}
24 24 8
24 32 8
32 32 16
32 64 16
64 64 32
64 128 32
Training size= 48000
Optimization terminated successfully.
         Current function value: -10000000000000000905969664.000000
         Iterations: 27
         Function evaluations: 84
config {'drop_path_prob': 0.026666666666666672, 'grad_clip_value': 8, 'initial_lr': 0.0010839269140212034, 'n_conv_layers': 6, 'optimizer': 'adam', 'weight_decay': 1.0018206976844024e-05}
Optimization terminated successfully.
         Current function value: -10000000000000000905969664.000000
         Iterations: 28
         Function evaluations: 86
config {'drop_path_prob': 0.026666666666666672, 'grad_clip_value': 8, 'initial_lr': 0.0012618275345906706, 'lr_scheduler': 'Cosine', 'n_conv_layers': 6, 'optimizer': 'sgd', 'weight_decay': 1.0023283172746057e-05}
24 24 8
24 32 8
32 32 16
32 64 16
64 64 32
64 128 32
Training size= 48000
Optimization terminated successfully.
         Current function value: -10000000000000000905969664.000000
         Iterations: 27
         Function evaluations: 84
config {'drop_path_prob': 0.13333333333333333, 'grad_clip_value': 8, 'initial_lr': 0.0014689262776438668, 'n_conv_layers': 6, 'optimizer': 'sgd', 'weight_decay': 1.0008062296110608e-05}
Optimization terminated successfully.
         Current function value: -10000000000000000905969664.000000
         Iterations: 28
         Function evaluations: 85
config {'drop_path_prob': 0.08000000000000002, 'grad_clip_value': 8, 'initial_lr': 0.0012618275345906706, 'lr_scheduler': 'Exponential', 'n_conv_layers': 6, 'optimizer': 'adam', 'weight_decay': 1.0023283172746057e-05}
24 24 8
24 32 8
32 32 16
32 64 16
64 64 32
64 128 32
Training size= 48000
Best run {'drop_path_prob': 0.008888888888888894, 'grad_clip_value': 8, 'initial_lr': 0.0012618275345906706, 'lr_scheduler': 'Cosine', 'n_conv_layers': 6, 'optimizer': 'adam', 'weight_decay': 1.0002993808675978e-05}
24 24 8
24 32 8
32 32 16
32 64 16
64 64 32
64 128 32
  409 &      -5.8814695220 &      -5.8786030183 \\\\ 
DIRECT stopped: numfunc >= maxf.
DIRECT Version 2.0.4
 Problem Dimension n                    :      7
 Eps value                              :   0.1000E-03
 Epsilon is constant.
 Maximum number of f-evaluations (maxf) :    400
 Maximum number of iterations (MaxT)    :    200
 Value of f_global                      :  -0.1000+101
 Global percentage wanted               :   0.1000E-01
 Volume percentage wanted               :  -0.1000E+01
 Measure percentage wanted              :  -0.1000E+01
 Jones original DIRECT algorithm is used.
Bounds on variable x 1    :      0.00000 <= xi <=      0.40000
Bounds on variable x 2    :      4.00000 <= xi <=      8.00000
Bounds on variable x 3    :      0.00100 <= xi <=      0.10000
Bounds on variable x 4    :      0.00000 <= xi <=      2.00000
Bounds on variable x 5    :      3.00000 <= xi <=      6.00000
Bounds on variable x 6    :      0.00000 <= xi <=      3.00000
Bounds on variable x 7    :      0.00001 <= xi <=      0.00100
---------------------------------------------------------------------------
   15 &      -5.5840758253 &      -5.5840547015 \\\\ 
   27 &      -5.5840931419 &      -5.5840547015 \\\\ 
DIRECT stopped: numfunc >= maxf.
