INFO:root:gpu device = cuda:0
/home/rkohli/anaconda3/lib/python3.7/site-packages/torch/optim/lr_scheduler.py:82: UserWarning: Detected call of `lr_scheduler.step()` before `optimizer.step()`. In PyTorch 1.1.0 and later, you should call them in the opposite order: `optimizer.step()` before `lr_scheduler.step()`.  Failure to do this will result in PyTorch skipping the first value of the learning rate schedule.See more details at https://pytorch.org/docs/stable/optim.html#how-to-adjust-learning-rate
  "https://pytorch.org/docs/stable/optim.html#how-to-adjust-learning-rate", UserWarning)
INFO:root:epoch 0 lr 1.987688e-02
/home/rkohli/aml-project/src/train.py:131: UserWarning: torch.nn.utils.clip_grad_norm is now deprecated in favor of torch.nn.utils.clip_grad_norm_.
  nn.utils.clip_grad_norm(model.parameters(), grad_clip)
INFO:root:train 000 8.574758e+00 1.562500 10.937500
INFO:root:train 050 1.306892e+00 76.562500 88.327206
INFO:root:train 100 8.284651e-01 84.127475 93.750000
INFO:root:train 150 6.656318e-01 86.827401 95.540149
INFO:root:train 200 5.792544e-01 88.386194 96.462998
INFO:root:train 250 5.226921e-01 89.230578 97.005727
INFO:root:train 300 4.899596e-01 89.856728 97.373339
INFO:root:train 350 4.786099e-01 90.104167 97.627315
INFO:root:train 400 4.611006e-01 90.410692 97.817955
INFO:root:train 450 4.442976e-01 90.722007 98.007899
INFO:root:train 500 4.310126e-01 90.974301 98.141218
INFO:root:train 550 4.231510e-01 91.143943 98.236162
INFO:root:train 600 4.159734e-01 91.259359 98.312708
INFO:root:train 650 4.082453e-01 91.393049 98.391897
INFO:root:train 700 4.035479e-01 91.514354 98.446416
INFO:root:train 750 3.988826e-01 91.573735 98.508239
INFO:root:train 800 3.933534e-01 91.705680 98.564295
INFO:root:train 850 3.886788e-01 91.834974 98.591730
INFO:root:train 900 3.852858e-01 91.910031 98.628260
INFO:root:train 950 3.815208e-01 91.967337 98.665878
INFO:root:train 1000 3.786190e-01 92.028284 98.704421
INFO:root:train 1050 3.753261e-01 92.104246 98.733349
INFO:root:train 1100 3.711263e-01 92.200272 98.755393
INFO:root:train 1150 3.659885e-01 92.293386 98.793169
INFO:root:train 1200 3.658947e-01 92.334513 98.809586
INFO:root:train 1250 3.645962e-01 92.377348 98.829686
INFO:root:train 1300 3.607833e-01 92.442112 98.854247
INFO:root:train 1350 3.591871e-01 92.480107 98.871207
INFO:root:train 1400 3.575963e-01 92.515391 98.893647
INFO:root:train 1450 3.570161e-01 92.540705 98.904850
INFO:root:train 1500 3.555879e-01 92.570578 98.921552
INFO:root:train 1550 3.546475e-01 92.577369 98.936170
INFO:root:train 1600 3.539399e-01 92.605208 98.946947
INFO:root:train 1650 3.526209e-01 92.635145 98.960857
INFO:root:train 1700 3.531739e-01 92.637603 98.968438
INFO:root:train 1750 3.533593e-01 92.662229 98.976478
INFO:root:train 1800 3.529218e-01 92.682017 98.986674
INFO:root:train 1850 3.533392e-01 92.710866 98.987034
INFO:root:train 1900 3.538357e-01 92.718471 98.991485
INFO:root:train 1950 3.541363e-01 92.737699 98.996508
INFO:root:train 2000 3.534117e-01 92.752061 99.005185
INFO:root:train 2050 3.525752e-01 92.776390 99.010391
INFO:root:train 2100 3.522682e-01 92.789148 99.020556
INFO:root:train 2150 3.515017e-01 92.817294 99.027342
INFO:root:train 2200 3.505090e-01 92.829254 99.035240
INFO:root:train 2250 3.508577e-01 92.828882 99.038622
INFO:root:train 2300 3.503132e-01 92.842786 99.044573
INFO:root:train 2350 3.495843e-01 92.863409 99.051600
INFO:root:train 2400 3.489061e-01 92.890332 99.057684
INFO:root:train 2450 3.472110e-01 92.908507 99.064795
INFO:root:train 2500 3.479767e-01 92.911585 99.064749
INFO:root:train 2550 3.475756e-01 92.925568 99.070218
INFO:root:train 2600 3.465738e-01 92.946223 99.074875
INFO:root:train 2650 3.466525e-01 92.957846 99.077589
INFO:root:train 2700 3.454140e-01 92.984080 99.081937
INFO:root:train 2750 3.446281e-01 93.001977 99.089536
INFO:root:train 2800 3.446713e-01 93.006962 99.097421
INFO:root:train 2850 3.451488e-01 93.007388 99.099000
INFO:root:train 2900 3.439138e-01 93.039038 99.106989
INFO:root:train 2950 3.440173e-01 93.046319 99.112059
INFO:root:train 3000 3.445042e-01 93.056481 99.114878
INFO:root:train 3050 3.442936e-01 93.060677 99.118117
INFO:root:train 3100 3.431280e-01 93.075318 99.123267
INFO:root:train 3150 3.423766e-01 93.092967 99.124286
INFO:root:train 3200 3.423642e-01 93.102253 99.125273
INFO:root:train 3250 3.430361e-01 93.099239 99.127672
INFO:root:train 3300 3.433269e-01 93.101049 99.127632
INFO:root:train 3350 3.426425e-01 93.109333 99.129458
INFO:root:train 3400 3.420009e-01 93.122427 99.132149
INFO:root:train 3450 3.418662e-01 93.129709 99.134309
INFO:root:train 3500 3.416376e-01 93.137675 99.135961
INFO:root:train 3550 3.410224e-01 93.150697 99.139767
INFO:root:train 3600 3.411485e-01 93.154245 99.140864
INFO:root:train_acc 93.161190
INFO:root:valid 000 8.651572e-01 89.062500 98.437500
INFO:root:valid 050 7.160436e-01 88.204657 97.610294
INFO:root:valid 100 7.041515e-01 88.598391 97.694926
INFO:root:valid 150 7.097019e-01 88.503725 97.733858
INFO:root:valid 200 7.019080e-01 88.487251 97.761194
INFO:root:valid 250 7.127301e-01 88.340388 97.634462
INFO:root:valid 300 7.101142e-01 88.325374 97.591362
INFO:root:valid 350 7.109690e-01 88.292379 97.587251
INFO:root:valid 400 7.116455e-01 88.283198 97.568579
INFO:root:valid 450 7.191196e-01 88.199834 97.515937
INFO:root:valid 500 7.195983e-01 88.223553 97.517465
INFO:root:valid 550 7.186950e-01 88.316697 97.476180
INFO:root:valid 600 7.189329e-01 88.311148 97.470362
INFO:root:test_acc 88.294809
INFO:root:epoch 1 lr 1.951057e-02
INFO:root:train 000 1.418321e-01 93.750000 100.000000
INFO:root:train 050 3.016628e-01 93.750000 99.387255
INFO:root:train 100 2.819480e-01 93.966584 99.458540
INFO:root:train 150 2.873857e-01 93.905215 99.492964
INFO:root:train 200 2.922427e-01 93.843284 99.432525
INFO:root:train 250 3.052992e-01 93.806026 99.365040
INFO:root:train 300 3.080420e-01 93.724045 99.335548
INFO:root:train 350 3.154096e-01 93.669872 99.318910
INFO:root:train 400 3.134248e-01 93.711035 99.325904
INFO:root:train 450 3.125903e-01 93.756929 99.334812
INFO:root:train 500 3.110521e-01 93.874750 99.351297
INFO:root:train 550 3.095016e-01 93.888952 99.370463
INFO:root:train 600 3.093854e-01 93.882592 99.373440
INFO:root:train 650 3.060927e-01 93.922811 99.375960
INFO:root:train 700 3.062748e-01 93.903798 99.373663
INFO:root:train 750 3.084392e-01 93.866511 99.369591
INFO:root:train 800 3.077164e-01 93.808521 99.385534
INFO:root:train 850 3.073945e-01 93.817935 99.388587
INFO:root:train 900 3.086311e-01 93.805494 99.379162
INFO:root:train 950 3.094017e-01 93.774645 99.383872
INFO:root:train 1000 3.114045e-01 93.778097 99.377185
INFO:root:train 1050 3.138646e-01 93.741080 99.377081
INFO:root:train 1100 3.144588e-01 93.758515 99.378406
INFO:root:train 1150 3.128763e-01 93.790725 99.378258
INFO:root:train 1200 3.125455e-01 93.808545 99.372918
INFO:root:train 1250 3.119118e-01 93.812450 99.374251
INFO:root:train 1300 3.108529e-01 93.829266 99.375480
INFO:root:train 1350 3.100631e-01 93.812454 99.378932
INFO:root:train 1400 3.106261e-01 93.811340 99.373216
INFO:root:train 1450 3.125387e-01 93.787690 99.362509
INFO:root:train 1500 3.127055e-01 93.761451 99.366048
INFO:root:train 1550 3.129767e-01 93.761082 99.364321
INFO:root:train 1600 3.131358e-01 93.754880 99.364655
INFO:root:train 1650 3.131285e-01 93.763250 99.362129
INFO:root:train 1700 3.161635e-01 93.728873 99.358833
INFO:root:train 1750 3.164838e-01 93.708952 99.357510
INFO:root:train 1800 3.183934e-01 93.685800 99.353658
INFO:root:train 1850 3.172885e-01 93.699352 99.351702
INFO:root:train 1900 3.159685e-01 93.704794 99.357246
INFO:root:train 1950 3.146846e-01 93.730779 99.357701
INFO:root:train 2000 3.146334e-01 93.739068 99.361257
INFO:root:train 2050 3.143844e-01 93.738573 99.365401
INFO:root:train 2100 3.151447e-01 93.725458 99.360424
INFO:root:train 2150 3.150633e-01 93.739830 99.357130
INFO:root:train 2200 3.146038e-01 93.738642 99.358956
INFO:root:train 2250 3.135686e-01 93.755553 99.357924
INFO:root:train 2300 3.136487e-01 93.758828 99.358295
INFO:root:train 2350 3.140161e-01 93.747342 99.357321
INFO:root:train 2400 3.159449e-01 93.740238 99.346626
INFO:root:train 2450 3.164815e-01 93.733425 99.340830
INFO:root:train 2500 3.168058e-01 93.721886 99.339014
INFO:root:train 2550 3.167790e-01 93.721212 99.340332
INFO:root:train 2600 3.166014e-01 93.730176 99.338596
INFO:root:train 2650 3.170979e-01 93.727603 99.338104
INFO:root:train 2700 3.168193e-01 93.731488 99.335894
INFO:root:train 2750 3.183497e-01 93.702290 99.332629
INFO:root:train 2800 3.182526e-01 93.703142 99.332828
INFO:root:train 2850 3.182284e-01 93.698483 99.331375
INFO:root:train 2900 3.186302e-01 93.698832 99.330511
INFO:root:train 2950 3.186993e-01 93.702347 99.330206
INFO:root:train 3000 3.182886e-01 93.705744 99.333035
INFO:root:train 3050 3.180900e-01 93.705957 99.328601
INFO:root:train 3100 3.179053e-01 93.706163 99.330861
INFO:root:train 3150 3.171455e-01 93.712314 99.333545
INFO:root:train 3200 3.175754e-01 93.704604 99.331264
INFO:root:train 3250 3.173987e-01 93.712031 99.331936
INFO:root:train 3300 3.172267e-01 93.713079 99.327382
INFO:root:train 3350 3.175848e-01 93.706636 99.325295
INFO:root:train 3400 3.179408e-01 93.705436 99.325566
INFO:root:train 3450 3.175353e-01 93.706082 99.327641
INFO:root:train 3500 3.181734e-01 93.696890 99.324300
INFO:root:train 3550 3.183029e-01 93.690598 99.324574
INFO:root:train 3600 3.178628e-01 93.689253 99.327010
INFO:root:train_acc 93.681062
INFO:root:valid 000 5.779352e-01 87.500000 98.437500
INFO:root:valid 050 7.232795e-01 88.419118 97.579657
INFO:root:valid 100 6.872176e-01 88.706683 97.524752
INFO:root:valid 150 6.687434e-01 88.845199 97.671772
INFO:root:valid 200 6.744000e-01 88.837065 97.737873
INFO:root:valid 250 6.878555e-01 88.688994 97.678038
INFO:root:valid 300 6.921910e-01 88.688746 97.653654
INFO:root:valid 350 6.929728e-01 88.724181 97.645121
INFO:root:valid 400 6.971085e-01 88.614401 97.623130
INFO:root:valid 450 7.033348e-01 88.591325 97.557511
INFO:root:valid 500 7.062524e-01 88.619636 97.523703
INFO:root:valid 550 7.064027e-01 88.639973 97.496030
INFO:root:valid 600 7.111579e-01 88.568532 97.483361
INFO:root:test_acc 88.569798
INFO:root:epoch 2 lr 1.891007e-02
INFO:root:train 000 2.061875e-01 95.312500 100.000000
INFO:root:train 050 3.341326e-01 93.811275 99.203431
INFO:root:train 100 3.240257e-01 93.842822 99.180074
INFO:root:train 150 3.042885e-01 94.039735 99.275662
INFO:root:train 200 2.972056e-01 93.944341 99.339241
INFO:root:train 250 2.967338e-01 93.961653 99.315239
INFO:root:train 300 2.915754e-01 94.040698 99.361503
INFO:root:train 350 2.915147e-01 94.039352 99.367877
INFO:root:train 400 2.982894e-01 93.933136 99.314214
INFO:root:train 450 3.046275e-01 93.843542 99.314024
INFO:root:train 500 3.080040e-01 93.753119 99.313872
INFO:root:train 550 3.053271e-01 93.795372 99.299569
INFO:root:train 600 3.048088e-01 93.794197 99.300645
INFO:root:train 650 3.037234e-01 93.810004 99.303955
INFO:root:train 700 3.036956e-01 93.865906 99.291191
INFO:root:train 750 3.022012e-01 93.881075 99.300932
INFO:root:train 800 3.071047e-01 93.800718 99.299703
INFO:root:train 850 3.086314e-01 93.773869 99.296783
INFO:root:train 900 3.106331e-01 93.793355 99.280314
INFO:root:train 950 3.102224e-01 93.771359 99.286935
INFO:root:train 1000 3.065716e-01 93.792145 99.297577
INFO:root:train 1050 3.062511e-01 93.788654 99.301261
INFO:root:train 1100 3.039845e-01 93.801090 99.294675
INFO:root:train 1150 3.033264e-01 93.811088 99.295450
INFO:root:train 1200 3.023407e-01 93.816351 99.306567
INFO:root:train 1250 3.014637e-01 93.833683 99.319295
INFO:root:train 1300 3.029111e-01 93.808849 99.314229
INFO:root:train 1350 3.048705e-01 93.793949 99.307226
INFO:root:train 1400 3.047523e-01 93.795726 99.306299
INFO:root:train 1450 3.051972e-01 93.797381 99.301129
INFO:root:train 1500 3.062127e-01 93.777065 99.302548
INFO:root:train 1550 3.066372e-01 93.761082 99.306899
INFO:root:train 1600 3.071998e-01 93.749024 99.303170
INFO:root:train 1650 3.061475e-01 93.758518 99.310077
INFO:root:train 1700 3.042697e-01 93.781232 99.314741
INFO:root:train 1750 3.044174e-01 93.775878 99.314677
INFO:root:train 1800 3.039733e-01 93.780365 99.314617
INFO:root:train 1850 3.045575e-01 93.769415 99.319625
INFO:root:train 1900 3.058399e-01 93.760685 99.315327
INFO:root:train 1950 3.081297e-01 93.751602 99.312052
INFO:root:train 2000 3.086902e-01 93.758589 99.312844
INFO:root:train 2050 3.085147e-01 93.754571 99.311312
INFO:root:train 2100 3.087032e-01 93.759668 99.313571
INFO:root:train 2150 3.084179e-01 93.760896 99.317178
INFO:root:train 2200 3.091833e-01 93.755679 99.317782
INFO:root:train 2250 3.089657e-01 93.758330 99.316970
INFO:root:train 2300 3.091276e-01 93.759507 99.316873
INFO:root:train 2350 3.096510e-01 93.753988 99.316115
INFO:root:train 2400 3.093232e-01 93.761063 99.317993
INFO:root:train 2450 3.090368e-01 93.771675 99.317880
INFO:root:train 2500 3.084891e-01 93.784361 99.319022
INFO:root:train 2550 3.080813e-01 93.786138 99.321345
INFO:root:train 2600 3.084675e-01 93.792652 99.321775
INFO:root:train 2650 3.090737e-01 93.784185 99.319832
INFO:root:train 2700 3.092996e-01 93.782974 99.316804
INFO:root:train 2750 3.099403e-01 93.784079 99.317862
INFO:root:train 2800 3.096648e-01 93.795743 99.317208
INFO:root:train 2850 3.095555e-01 93.806449 99.317674
INFO:root:train 2900 3.091051e-01 93.812478 99.319739
INFO:root:train 2950 3.089587e-01 93.825716 99.321205
INFO:root:train 3000 3.089298e-01 93.819248 99.324704
INFO:root:train 3050 3.090710e-01 93.821698 99.326041
INFO:root:train 3100 3.082537e-01 93.834146 99.326830
INFO:root:train 3150 3.088079e-01 93.830828 99.325115
INFO:root:train 3200 3.094182e-01 93.827612 99.323454
INFO:root:train 3250 3.097688e-01 93.827861 99.316556
INFO:root:train 3300 3.092477e-01 93.824315 99.318388
INFO:root:train 3350 3.094227e-01 93.822739 99.317368
INFO:root:train 3400 3.100379e-01 93.811563 99.316378
INFO:root:train 3450 3.094900e-01 93.813840 99.317680
INFO:root:train 3500 3.095733e-01 93.816053 99.319837
INFO:root:train 3550 3.094732e-01 93.813362 99.319734
INFO:root:train 3600 3.094631e-01 93.817690 99.317898
INFO:root:train_acc 93.814903
INFO:root:valid 000 8.691672e-01 89.062500 98.437500
INFO:root:valid 050 7.164722e-01 88.265931 97.518382
INFO:root:valid 100 7.165469e-01 88.366337 97.571163
INFO:root:valid 150 6.994930e-01 88.617550 97.671772
INFO:root:valid 200 6.899310e-01 88.526119 97.776741
INFO:root:valid 250 7.084678e-01 88.402639 97.721614
INFO:root:valid 300 7.052362e-01 88.418812 97.664037
INFO:root:valid 350 7.030938e-01 88.430377 97.667379
INFO:root:valid 400 7.039189e-01 88.380611 97.646509
INFO:root:valid 450 7.063619e-01 88.296840 97.592156
INFO:root:valid 500 7.099885e-01 88.248503 97.579840
INFO:root:valid 550 7.116074e-01 88.311025 97.535730
INFO:root:valid 600 7.120118e-01 88.292949 97.558756
INFO:root:test_acc 88.284432
INFO:root:epoch 3 lr 1.809017e-02
INFO:root:train 000 1.685154e-01 96.875000 100.000000
INFO:root:train 050 2.908170e-01 94.178922 99.387255
INFO:root:train 100 3.221779e-01 93.719059 99.303837
INFO:root:train 150 3.033416e-01 94.060430 99.368791
INFO:root:train 200 2.982466e-01 94.029851 99.424751
INFO:root:train 250 2.937616e-01 94.086155 99.421066
INFO:root:train 300 2.982047e-01 94.051080 99.413414
INFO:root:train 350 3.006135e-01 94.012642 99.412393
INFO:root:train 400 3.003727e-01 94.011066 99.399938
INFO:root:train 450 2.995552e-01 93.933620 99.400637
INFO:root:train 500 3.038891e-01 93.856038 99.391841
INFO:root:train 550 3.030417e-01 93.860594 99.404492
INFO:root:train 600 3.108755e-01 93.747400 99.389039
INFO:root:train 650 3.079632e-01 93.812404 99.395161
INFO:root:train 700 3.062858e-01 93.828014 99.400410
INFO:root:train 750 3.089298e-01 93.745839 99.400799
INFO:root:train 800 3.078709e-01 93.771458 99.383583
INFO:root:train 850 3.073514e-01 93.766525 99.373898
INFO:root:train 900 3.084394e-01 93.760405 99.363554
INFO:root:train 950 3.078803e-01 93.758215 99.372371
INFO:root:train 1000 3.083038e-01 93.765609 99.366259
INFO:root:train 1050 3.087926e-01 93.763380 99.356268
INFO:root:train 1100 3.078078e-01 93.772707 99.355699
INFO:root:train 1150 3.073902e-01 93.774435 99.359253
INFO:root:train 1200 3.069015e-01 93.786428 99.354704
INFO:root:train 1250 3.054956e-01 93.823691 99.353018
INFO:root:train 1300 3.050751e-01 93.802844 99.353862
INFO:root:train 1350 3.073317e-01 93.796262 99.345392
INFO:root:train 1400 3.058764e-01 93.832530 99.348680
INFO:root:train 1450 3.049237e-01 93.843685 99.350663
INFO:root:train 1500 3.052423e-01 93.823909 99.346269
INFO:root:train 1550 3.059928e-01 93.823541 99.346188
INFO:root:train 1600 3.045989e-01 93.824172 99.351968
INFO:root:train 1650 3.050829e-01 93.820033 99.348879
INFO:root:train 1700 3.063043e-01 93.797766 99.342299
INFO:root:train 1750 3.062654e-01 93.796402 99.340555
INFO:root:train 1800 3.071742e-01 93.781233 99.334571
INFO:root:train 1850 3.061870e-01 93.783766 99.337351
INFO:root:train 1900 3.070109e-01 93.756575 99.334232
INFO:root:train 1950 3.087528e-01 93.743593 99.330472
INFO:root:train 2000 3.088230e-01 93.736725 99.330022
INFO:root:train 2050 3.083082e-01 93.733240 99.335690
INFO:root:train 2100 3.074110e-01 93.752231 99.338113
INFO:root:train 2150 3.071887e-01 93.752906 99.336065
INFO:root:train 2200 3.065557e-01 93.756389 99.341918
INFO:root:train 2250 3.056145e-01 93.777071 99.341265
INFO:root:train 2300 3.043203e-01 93.803645 99.344714
INFO:root:train 2350 3.038290e-01 93.805163 99.344694
INFO:root:train 2400 3.038058e-01 93.812474 99.344674
INFO:root:train 2450 3.044766e-01 93.804187 99.341468
INFO:root:train 2500 3.041401e-01 93.805603 99.341513
INFO:root:train 2550 3.049445e-01 93.808188 99.336045
INFO:root:train 2600 3.041374e-01 93.816080 99.337394
INFO:root:train 2650 3.042441e-01 93.807761 99.337514
INFO:root:train 2700 3.031919e-01 93.823468 99.337051
INFO:root:train 2750 3.028126e-01 93.822701 99.339445
INFO:root:train 2800 3.030466e-01 93.819730 99.340637
INFO:root:train 2850 3.032314e-01 93.823439 99.340692
INFO:root:train 2900 3.032373e-01 93.826482 99.339667
INFO:root:train 2950 3.025068e-01 93.839482 99.342913
INFO:root:train 3000 3.021283e-01 93.844760 99.345531
INFO:root:train 3050 3.020406e-01 93.850377 99.347038
INFO:root:train 3100 3.024127e-01 93.857324 99.348496
INFO:root:train 3150 3.025118e-01 93.856117 99.346438
INFO:root:train 3200 3.025764e-01 93.852995 99.347860
INFO:root:train 3250 3.026719e-01 93.849008 99.348277
INFO:root:train 3300 3.023639e-01 93.860289 99.345369
INFO:root:train 3350 3.027221e-01 93.857710 99.343013
INFO:root:train 3400 3.032540e-01 93.851533 99.341186
INFO:root:train 3450 3.029342e-01 93.845534 99.343940
INFO:root:train 3500 3.035379e-01 93.838814 99.342599
INFO:root:train 3550 3.037864e-01 93.835363 99.340855
INFO:root:train 3600 3.042363e-01 93.834612 99.338291
INFO:root:train_acc 93.844598
INFO:root:valid 000 8.203800e-01 92.187500 98.437500
INFO:root:valid 050 7.602592e-01 87.071078 97.487745
INFO:root:valid 100 7.565537e-01 87.267946 97.540223
INFO:root:valid 150 7.333372e-01 87.458609 97.661424
INFO:root:valid 200 7.188728e-01 87.554415 97.699005
INFO:root:valid 250 7.264950e-01 87.580926 97.615787
INFO:root:valid 300 7.231502e-01 87.551910 97.612126
INFO:root:valid 350 7.248094e-01 87.468839 97.631766
INFO:root:valid 400 7.307011e-01 87.410380 97.627026
INFO:root:valid 450 7.380872e-01 87.399529 97.574834
INFO:root:valid 500 7.399966e-01 87.375250 97.539296
INFO:root:valid 550 7.440232e-01 87.431942 97.507373
INFO:root:valid 600 7.431370e-01 87.453203 97.522359
INFO:root:test_acc 87.443900
INFO:root:epoch 4 lr 1.707107e-02
INFO:root:train 000 4.534427e-01 95.312500 96.875000
INFO:root:train 050 2.874613e-01 94.117647 99.448529
INFO:root:train 100 3.093215e-01 93.765470 99.381188
INFO:root:train 150 2.939836e-01 93.915563 99.368791
INFO:root:train 200 3.020187e-01 93.773321 99.323694
INFO:root:train 250 2.961223e-01 93.868277 99.290339
INFO:root:train 300 2.981669e-01 93.900540 99.262874
INFO:root:train 350 2.941910e-01 93.941417 99.292201
INFO:root:train 400 2.907034e-01 93.991584 99.286939
INFO:root:train 450 2.901812e-01 94.044484 99.275915
INFO:root:train 500 2.912321e-01 94.033807 99.282685
INFO:root:train 550 2.886618e-01 94.053426 99.305240
INFO:root:train 600 2.892065e-01 94.030782 99.318844
INFO:root:train 650 2.897815e-01 94.030818 99.313556
INFO:root:train 700 2.898150e-01 93.995185 99.324626
INFO:root:train 750 2.899782e-01 93.993425 99.332140
INFO:root:train 800 2.913071e-01 93.974329 99.325062
INFO:root:train 850 2.930380e-01 93.953804 99.309636
INFO:root:train 900 2.930403e-01 93.935558 99.299390
INFO:root:train 950 2.926589e-01 93.929088 99.303365
INFO:root:train 1000 2.916167e-01 93.921703 99.311626
INFO:root:train 1050 2.905546e-01 93.943268 99.316127
INFO:root:train 1100 2.902702e-01 93.938749 99.313124
INFO:root:train 1150 2.895322e-01 93.942767 99.317170
INFO:root:train 1200 2.887274e-01 93.954257 99.322179
INFO:root:train 1250 2.883023e-01 93.938599 99.320544
INFO:root:train 1300 2.885695e-01 93.943361 99.325038
INFO:root:train 1350 2.873903e-01 93.982467 99.323418
INFO:root:train 1400 2.863486e-01 93.993130 99.334181
INFO:root:train 1450 2.864367e-01 93.994443 99.332357
INFO:root:train 1500 2.851352e-01 94.009202 99.340023
INFO:root:train 1550 2.846800e-01 94.015957 99.347195
INFO:root:train 1600 2.860417e-01 94.001796 99.342208
INFO:root:train 1650 2.859858e-01 94.002688 99.339416
INFO:root:train 1700 2.889730e-01 93.966784 99.327601
INFO:root:train 1750 2.903966e-01 93.955240 99.327170
INFO:root:train 1800 2.900097e-01 93.953880 99.326763
INFO:root:train 1850 2.903003e-01 93.956814 99.321313
INFO:root:train 1900 2.896996e-01 93.948908 99.323547
INFO:root:train 1950 2.884915e-01 93.956625 99.328069
INFO:root:train 2000 2.881524e-01 93.971764 99.326118
INFO:root:train 2050 2.886207e-01 93.956454 99.328072
INFO:root:train 2100 2.884514e-01 93.958978 99.331420
INFO:root:train 2150 2.880938e-01 93.961384 99.331706
INFO:root:train 2200 2.878151e-01 93.966521 99.336239
INFO:root:train 2250 2.875294e-01 93.962406 99.339877
INFO:root:train 2300 2.864993e-01 93.980878 99.345393
INFO:root:train 2350 2.861550e-01 93.983943 99.342700
INFO:root:train 2400 2.856410e-01 93.990785 99.349880
INFO:root:train 2450 2.861793e-01 93.989698 99.353580
INFO:root:train 2500 2.859918e-01 93.996776 99.353384
INFO:root:train 2550 2.854883e-01 94.001740 99.352582
INFO:root:train 2600 2.859542e-01 94.001706 99.347006
INFO:root:train 2650 2.854624e-01 94.001674 99.348123
INFO:root:train 2700 2.844473e-01 94.020155 99.350935
INFO:root:train 2750 2.847740e-01 94.016948 99.350236
INFO:root:train 2800 2.850411e-01 94.006047 99.347889
INFO:root:train 2850 2.848993e-01 94.001008 99.347817
INFO:root:train 2900 2.852035e-01 94.000991 99.345592
INFO:root:train 2950 2.850506e-01 94.004151 99.346620
INFO:root:train 3000 2.852445e-01 94.006165 99.345531
INFO:root:train 3050 2.859845e-01 94.002991 99.342941
INFO:root:train 3100 2.863152e-01 93.997400 99.341946
INFO:root:train 3150 2.863760e-01 94.000417 99.339495
INFO:root:train 3200 2.868846e-01 93.989671 99.335657
INFO:root:train 3250 2.863476e-01 93.999442 99.336743
INFO:root:train 3300 2.856411e-01 94.009864 99.337795
INFO:root:train 3350 2.861521e-01 94.007852 99.337418
INFO:root:train 3400 2.867322e-01 93.998548 99.335673
INFO:root:train 3450 2.863055e-01 94.003097 99.335338
INFO:root:train 3500 2.858039e-01 94.007069 99.337689
INFO:root:train 3550 2.859866e-01 93.999490 99.339975
INFO:root:train 3600 2.852887e-01 94.005137 99.340895
INFO:root:train_acc 93.998236
INFO:root:valid 000 6.871221e-01 89.062500 95.312500
INFO:root:valid 050 7.017956e-01 88.480392 97.457108
INFO:root:valid 100 6.761280e-01 88.412748 97.633045
INFO:root:valid 150 6.770937e-01 88.317467 97.588990
INFO:root:valid 200 6.840946e-01 88.324005 97.675684
INFO:root:valid 250 6.951167e-01 88.222112 97.578436
INFO:root:valid 300 6.903844e-01 88.247508 97.523879
INFO:root:valid 350 6.915458e-01 88.225605 97.484865
INFO:root:valid 400 6.886562e-01 88.216958 97.494545
INFO:root:valid 450 6.990745e-01 88.123614 97.412001
INFO:root:valid 500 6.988353e-01 88.173653 97.414546
INFO:root:valid 550 6.988678e-01 88.183417 97.379764
INFO:root:valid 600 7.005333e-01 88.121360 97.371568
INFO:root:test_acc 88.120995
INFO:root:epoch 5 lr 1.587785e-02
INFO:root:train 000 6.586507e-03 100.000000 100.000000
INFO:root:train 050 2.814223e-01 94.454657 99.387255
INFO:root:train 100 2.543430e-01 94.585396 99.412129
INFO:root:train 150 2.670262e-01 94.546772 99.368791
INFO:root:train 200 2.664390e-01 94.348570 99.393657
INFO:root:train 250 2.706087e-01 94.304034 99.346365
INFO:root:train 300 2.672027e-01 94.274294 99.371885
INFO:root:train 350 2.642268e-01 94.261930 99.390135
INFO:root:train 400 2.664409e-01 94.217581 99.396041
INFO:root:train 450 2.671942e-01 94.207317 99.376386
INFO:root:train 500 2.673152e-01 94.208458 99.379366
INFO:root:train 550 2.727342e-01 94.186706 99.347777
INFO:root:train 600 2.748939e-01 94.178973 99.344842
INFO:root:train 650 2.763648e-01 94.167627 99.335157
INFO:root:train 700 2.739687e-01 94.198021 99.349144
INFO:root:train 750 2.745251e-01 94.170273 99.342543
INFO:root:train 800 2.743968e-01 94.163546 99.346520
INFO:root:train 850 2.744658e-01 94.144756 99.346357
INFO:root:train 900 2.727309e-01 94.169673 99.344478
INFO:root:train 950 2.729440e-01 94.178825 99.332939
INFO:root:train 1000 2.714963e-01 94.216721 99.339723
INFO:root:train 1050 2.697173e-01 94.236144 99.342888
INFO:root:train 1100 2.694367e-01 94.243869 99.347184
INFO:root:train 1150 2.694700e-01 94.235990 99.349750
INFO:root:train 1200 2.688022e-01 94.232671 99.352102
INFO:root:train 1250 2.679462e-01 94.218375 99.361761
INFO:root:train 1300 2.691350e-01 94.193169 99.362269
INFO:root:train 1350 2.708961e-01 94.153636 99.360427
INFO:root:train 1400 2.712619e-01 94.145923 99.362063
INFO:root:train 1450 2.726147e-01 94.117204 99.359278
INFO:root:train 1500 2.722325e-01 94.121627 99.361884
INFO:root:train 1550 2.733080e-01 94.086476 99.356262
INFO:root:train 1600 2.738542e-01 94.076944 99.351968
INFO:root:train 1650 2.735908e-01 94.086917 99.348879
INFO:root:train 1700 2.735043e-01 94.080688 99.349647
INFO:root:train 1750 2.734594e-01 94.077491 99.351264
INFO:root:train 1800 2.748244e-01 94.058856 99.350187
INFO:root:train 1850 2.754048e-01 94.047137 99.346637
INFO:root:train 1900 2.748935e-01 94.067267 99.347383
INFO:root:train 1950 2.737985e-01 94.079959 99.350493
INFO:root:train 2000 2.739591e-01 94.077961 99.349544
INFO:root:train 2050 2.757025e-01 94.058539 99.346355
INFO:root:train 2100 2.762240e-01 94.053427 99.343319
INFO:root:train 2150 2.760188e-01 94.068892 99.341876
INFO:root:train 2200 2.749425e-01 94.090044 99.343338
INFO:root:train 2250 2.747911e-01 94.087350 99.343347
INFO:root:train 2300 2.745056e-01 94.090205 99.345393
INFO:root:train 2350 2.762762e-01 94.064361 99.343365
INFO:root:train 2400 2.757378e-01 94.071481 99.345325
INFO:root:train 2450 2.747062e-01 94.078310 99.348480
INFO:root:train 2500 2.745710e-01 94.082992 99.351509
INFO:root:train 2550 2.735480e-01 94.104028 99.358095
INFO:root:train 2600 2.739856e-01 94.090013 99.357819
INFO:root:train 2650 2.743325e-01 94.079475 99.356964
INFO:root:train 2700 2.743950e-01 94.076268 99.357298
INFO:root:train 2750 2.738231e-01 94.080562 99.357052
INFO:root:train 2800 2.737783e-01 94.078566 99.356815
INFO:root:train 2850 2.742089e-01 94.071707 99.359326
INFO:root:train 2900 2.750011e-01 94.062392 99.355826
INFO:root:train 2950 2.746203e-01 94.068218 99.358798
INFO:root:train 3000 2.748148e-01 94.058231 99.361150
INFO:root:train 3050 2.755435e-01 94.055740 99.360865
INFO:root:train 3100 2.753726e-01 94.053833 99.361597
INFO:root:train 3150 2.754290e-01 94.053971 99.359330
INFO:root:train 3200 2.754167e-01 94.053128 99.359087
INFO:root:train 3250 2.755555e-01 94.055195 99.355967
INFO:root:train 3300 2.758523e-01 94.049625 99.357202
INFO:root:train 3350 2.758361e-01 94.047486 99.360732
INFO:root:train 3400 2.758142e-01 94.046788 99.358645
INFO:root:train 3450 2.749938e-01 94.052901 99.358881
INFO:root:train 3500 2.747124e-01 94.057055 99.359558
INFO:root:train 3550 2.748176e-01 94.048331 99.359775
INFO:root:train 3600 2.743795e-01 94.052867 99.363024
INFO:root:train_acc 94.053321
INFO:root:valid 000 8.575609e-01 84.375000 98.437500
INFO:root:valid 050 6.694279e-01 88.112745 97.671569
INFO:root:valid 100 6.419659e-01 88.567450 97.540223
INFO:root:valid 150 6.453505e-01 88.710679 97.506209
INFO:root:valid 200 6.411872e-01 88.580535 97.582400
INFO:root:valid 250 6.438939e-01 88.552042 97.522410
INFO:root:valid 300 6.349006e-01 88.543397 97.544643
INFO:root:valid 350 6.352753e-01 88.563925 97.547187
INFO:root:valid 400 6.425294e-01 88.439059 97.521820
INFO:root:valid 450 6.550862e-01 88.289911 97.439717
INFO:root:valid 500 6.579214e-01 88.304641 97.398952
INFO:root:valid 550 6.611148e-01 88.364905 97.379764
INFO:root:valid 600 6.615998e-01 88.365745 97.407966
INFO:root:test_acc 88.362259
INFO:root:epoch 6 lr 1.453990e-02
INFO:root:train 000 2.283533e-01 93.750000 100.000000
INFO:root:train 050 3.023983e-01 93.474265 99.080882
INFO:root:train 100 2.807500e-01 93.935644 99.195545
INFO:root:train 150 2.673644e-01 94.143212 99.254967
INFO:root:train 200 2.693245e-01 94.053172 99.245958
INFO:root:train 250 2.632499e-01 94.167082 99.246763
INFO:root:train 300 2.583213e-01 94.274294 99.278447
INFO:root:train 350 2.561550e-01 94.244124 99.310007
INFO:root:train 400 2.564684e-01 94.213685 99.349283
INFO:root:train 450 2.539885e-01 94.304324 99.352134
INFO:root:train 500 2.538752e-01 94.330090 99.341941
INFO:root:train 550 2.570046e-01 94.319986 99.322255
INFO:root:train 600 2.608965e-01 94.301165 99.308444
INFO:root:train 650 2.587158e-01 94.352439 99.325557
INFO:root:train 700 2.610853e-01 94.311698 99.295649
INFO:root:train 750 2.628541e-01 94.263898 99.288449
INFO:root:train 800 2.611093e-01 94.284488 99.297753
INFO:root:train 850 2.612241e-01 94.249412 99.305964
INFO:root:train 900 2.617883e-01 94.211293 99.299390
INFO:root:train 950 2.636593e-01 94.183754 99.291864
INFO:root:train 1000 2.627890e-01 94.212038 99.299138
INFO:root:train 1050 2.638542e-01 94.196004 99.293827
INFO:root:train 1100 2.642706e-01 94.164396 99.290418
INFO:root:train 1150 2.645355e-01 94.162685 99.281874
INFO:root:train 1200 2.635752e-01 94.175427 99.285751
INFO:root:train 1250 2.634869e-01 94.163419 99.295564
INFO:root:train 1300 2.640712e-01 94.169149 99.292611
INFO:root:train 1350 2.635104e-01 94.174454 99.300287
INFO:root:train 1400 2.648426e-01 94.152614 99.301838
INFO:root:train 1450 2.641090e-01 94.151663 99.307590
INFO:root:train 1500 2.635783e-01 94.154938 99.313999
INFO:root:train 1550 2.637635e-01 94.145914 99.318988
INFO:root:train 1600 2.636850e-01 94.150141 99.322689
INFO:root:train 1650 2.626070e-01 94.157897 99.329005
INFO:root:train 1700 2.624749e-01 94.167953 99.334031
INFO:root:train 1750 2.626087e-01 94.159587 99.336986
INFO:root:train 1800 2.626234e-01 94.158627 99.337174
INFO:root:train 1850 2.616693e-01 94.165316 99.342416
INFO:root:train 1900 2.611459e-01 94.169187 99.340807
INFO:root:train 1950 2.612769e-01 94.172860 99.340883
INFO:root:train 2000 2.621129e-01 94.159170 99.341735
INFO:root:train 2050 2.614602e-01 94.171288 99.343308
INFO:root:train 2100 2.620275e-01 94.158288 99.340344
INFO:root:train 2150 2.614426e-01 94.162599 99.343329
INFO:root:train 2200 2.614631e-01 94.168844 99.339789
INFO:root:train 2250 2.606897e-01 94.180364 99.341265
INFO:root:train 2300 2.598824e-01 94.197496 99.343356
INFO:root:train 2350 2.602213e-01 94.193960 99.342035
INFO:root:train 2400 2.600086e-01 94.186667 99.345976
INFO:root:train 2450 2.592989e-01 94.196884 99.347843
INFO:root:train 2500 2.592663e-01 94.197946 99.346511
INFO:root:train 2550 2.589791e-01 94.205091 99.345845
INFO:root:train 2600 2.589735e-01 94.205354 99.345204
INFO:root:train 2650 2.585905e-01 94.200891 99.350481
INFO:root:train 2700 2.585553e-01 94.202379 99.350935
INFO:root:train 2750 2.584274e-01 94.208924 99.347964
INFO:root:train 2800 2.582777e-01 94.207426 99.349005
INFO:root:train 2850 2.580302e-01 94.214749 99.353845
INFO:root:train 2900 2.582049e-01 94.214280 99.355287
INFO:root:train 2950 2.588914e-01 94.194764 99.357209
INFO:root:train 3000 2.586586e-01 94.197247 99.359588
INFO:root:train 3050 2.587402e-01 94.187869 99.356768
INFO:root:train 3100 2.587262e-01 94.183832 99.355551
INFO:root:train 3150 2.583563e-01 94.193808 99.358339
INFO:root:train 3200 2.585864e-01 94.188340 99.356646
INFO:root:train 3250 2.588928e-01 94.182559 99.358371
INFO:root:train 3300 2.588372e-01 94.184054 99.357676
INFO:root:train 3350 2.585638e-01 94.184572 99.357934
INFO:root:train 3400 2.587305e-01 94.174967 99.360942
INFO:root:train 3450 2.585198e-01 94.176960 99.362051
INFO:root:train 3500 2.585362e-01 94.179342 99.361343
INFO:root:train 3550 2.577021e-01 94.197937 99.359775
INFO:root:train 3600 2.576232e-01 94.196924 99.359987
INFO:root:train_acc 94.195339
INFO:root:valid 000 5.578952e-01 90.625000 98.437500
INFO:root:valid 050 6.620790e-01 87.683824 97.702206
INFO:root:valid 100 6.354388e-01 87.979579 97.834158
INFO:root:valid 150 6.309242e-01 88.110513 97.754553
INFO:root:valid 200 6.327775e-01 88.137438 97.784515
INFO:root:valid 250 6.441405e-01 87.879731 97.765189
INFO:root:valid 300 6.419006e-01 87.858181 97.767857
INFO:root:valid 350 6.387353e-01 87.873932 97.738604
INFO:root:valid 400 6.366308e-01 87.885754 97.712749
INFO:root:valid 450 6.440803e-01 87.818736 97.609479
INFO:root:valid 500 6.458450e-01 87.818114 97.607909
INFO:root:valid 550 6.484647e-01 87.834619 97.581103
INFO:root:valid 600 6.469807e-01 87.863977 97.602953
INFO:root:test_acc 87.861572
INFO:root:epoch 7 lr 1.309017e-02
INFO:root:train 000 1.202155e-01 96.875000 100.000000
INFO:root:train 050 2.756378e-01 93.811275 99.356618
INFO:root:train 100 2.658761e-01 94.074876 99.288366
INFO:root:train 150 2.600952e-01 94.132864 99.317053
INFO:root:train 200 2.540039e-01 94.154229 99.315920
INFO:root:train 250 2.499166e-01 94.160857 99.340139
INFO:root:train 300 2.454602e-01 94.232766 99.356312
INFO:root:train 350 2.433874e-01 94.212963 99.372329
INFO:root:train 400 2.406723e-01 94.276029 99.388248
INFO:root:train 450 2.412523e-01 94.269678 99.372921
INFO:root:train 500 2.396486e-01 94.270833 99.382485
INFO:root:train 550 2.419917e-01 94.223571 99.390313
INFO:root:train 600 2.402869e-01 94.249168 99.415037
INFO:root:train 650 2.393258e-01 94.302035 99.428763
INFO:root:train 700 2.364061e-01 94.371879 99.429387
INFO:root:train 750 2.375422e-01 94.386651 99.417443
INFO:root:train 800 2.370585e-01 94.364466 99.424547
INFO:root:train 850 2.372299e-01 94.361413 99.414292
INFO:root:train 900 2.381612e-01 94.370838 99.408643
INFO:root:train 950 2.380157e-01 94.394059 99.392087
INFO:root:train 1000 2.392592e-01 94.374376 99.395917
INFO:root:train 1050 2.393708e-01 94.353592 99.396408
INFO:root:train 1100 2.401473e-01 94.363079 99.385502
INFO:root:train 1150 2.418188e-01 94.354094 99.379616
INFO:root:train 1200 2.410252e-01 94.370577 99.388530
INFO:root:train 1250 2.414619e-01 94.355765 99.382994
INFO:root:train 1300 2.423827e-01 94.338490 99.385088
INFO:root:train 1350 2.412461e-01 94.361815 99.390498
INFO:root:train 1400 2.403730e-01 94.368978 99.392175
INFO:root:train 1450 2.413892e-01 94.355186 99.387276
INFO:root:train 1500 2.422555e-01 94.339191 99.382703
INFO:root:train 1550 2.433116e-01 94.328256 99.380440
INFO:root:train 1600 2.431110e-01 94.329716 99.374414
INFO:root:train 1650 2.430364e-01 94.322570 99.378218
INFO:root:train 1700 2.422556e-01 94.324111 99.379042
INFO:root:train 1750 2.426080e-01 94.312179 99.378926
INFO:root:train 1800 2.421955e-01 94.316526 99.382288
INFO:root:train 1850 2.425813e-01 94.313884 99.382091
INFO:root:train 1900 2.418428e-01 94.317958 99.383548
INFO:root:train 1950 2.420771e-01 94.311411 99.384931
INFO:root:train 2000 2.418962e-01 94.315342 99.387025
INFO:root:train 2050 2.417100e-01 94.309178 99.392065
INFO:root:train 2100 2.429066e-01 94.286947 99.387197
INFO:root:train 2150 2.425039e-01 94.296984 99.384007
INFO:root:train 2200 2.428345e-01 94.293787 99.380963
INFO:root:train 2250 2.424549e-01 94.288649 99.382219
INFO:root:train 2300 2.425830e-01 94.292563 99.377309
INFO:root:train 2350 2.427891e-01 94.289664 99.375930
INFO:root:train 2400 2.434767e-01 94.284933 99.376562
INFO:root:train 2450 2.435670e-01 94.288683 99.374618
INFO:root:train 2500 2.434254e-01 94.282287 99.375250
INFO:root:train 2550 2.429908e-01 94.290842 99.374632
INFO:root:train 2600 2.430063e-01 94.281046 99.374640
INFO:root:train 2650 2.422754e-01 94.289301 99.377004
INFO:root:train 2700 2.427936e-01 94.279318 99.371760
INFO:root:train 2750 2.433921e-01 94.270833 99.369547
INFO:root:train 2800 2.428679e-01 94.276598 99.369087
INFO:root:train 2850 2.423669e-01 94.277227 99.370287
INFO:root:train 2900 2.417953e-01 94.283221 99.374677
INFO:root:train 2950 2.411661e-01 94.294836 99.376271
INFO:root:train 3000 2.408173e-01 94.298775 99.375208
INFO:root:train 3050 2.406081e-01 94.300025 99.374693
INFO:root:train 3100 2.398806e-01 94.313830 99.376713
INFO:root:train 3150 2.402898e-01 94.308850 99.375198
INFO:root:train 3200 2.400572e-01 94.310860 99.375683
INFO:root:train 3250 2.396853e-01 94.315211 99.377115
INFO:root:train 3300 2.402083e-01 94.303336 99.373769
INFO:root:train 3350 2.402314e-01 94.300209 99.373321
INFO:root:train 3400 2.403557e-01 94.295795 99.373346
INFO:root:train 3450 2.398364e-01 94.304187 99.374728
INFO:root:train 3500 2.396897e-01 94.306537 99.376071
INFO:root:train 3550 2.394362e-01 94.312782 99.377816
INFO:root:train 3600 2.390385e-01 94.323625 99.379079
INFO:root:train_acc 94.318421
INFO:root:valid 000 6.230391e-01 87.500000 98.437500
INFO:root:valid 050 5.607897e-01 87.959559 97.855392
INFO:root:valid 100 5.512443e-01 88.706683 97.865099
INFO:root:valid 150 5.537362e-01 88.627897 97.868377
INFO:root:valid 200 5.437757e-01 88.782649 97.901119
INFO:root:valid 250 5.493044e-01 88.825946 97.839890
INFO:root:valid 300 5.452217e-01 88.875623 97.783430
INFO:root:valid 350 5.419900e-01 88.995726 97.778668
INFO:root:valid 400 5.457406e-01 88.875468 97.751714
INFO:root:valid 450 5.528655e-01 88.826912 97.716879
INFO:root:valid 500 5.568876e-01 88.800524 97.707710
INFO:root:valid 550 5.579053e-01 88.855490 97.680354
INFO:root:valid 600 5.579812e-01 88.836314 97.688748
INFO:root:test_acc 88.831816
INFO:root:epoch 8 lr 1.156434e-02
INFO:root:train 000 1.206873e-02 100.000000 100.000000
INFO:root:train 050 2.324608e-01 94.699755 99.295343
INFO:root:train 100 2.197774e-01 95.003094 99.381188
INFO:root:train 150 2.275132e-01 94.712334 99.410182
INFO:root:train 200 2.276882e-01 94.667289 99.416978
INFO:root:train 250 2.283859e-01 94.609064 99.389940
INFO:root:train 300 2.259041e-01 94.653239 99.408223
INFO:root:train 350 2.240426e-01 94.707087 99.430199
INFO:root:train 400 2.279282e-01 94.576060 99.427213
INFO:root:train 450 2.284162e-01 94.567627 99.421425
INFO:root:train 500 2.265795e-01 94.660679 99.419910
INFO:root:train 550 2.274208e-01 94.629083 99.424342
INFO:root:train 600 2.294059e-01 94.568948 99.415037
INFO:root:train 650 2.295611e-01 94.532450 99.414363
INFO:root:train 700 2.305626e-01 94.507846 99.404868
INFO:root:train 750 2.303293e-01 94.467793 99.411202
INFO:root:train 800 2.298811e-01 94.454198 99.405041
INFO:root:train 850 2.313989e-01 94.445873 99.384915
INFO:root:train 900 2.304690e-01 94.471421 99.389567
INFO:root:train 950 2.303896e-01 94.469637 99.380586
INFO:root:train 1000 2.304530e-01 94.469593 99.372502
INFO:root:train 1050 2.310453e-01 94.478473 99.371135
INFO:root:train 1100 2.307134e-01 94.473774 99.375568
INFO:root:train 1150 2.304335e-01 94.466768 99.376901
INFO:root:train 1200 2.304622e-01 94.459045 99.370316
INFO:root:train 1250 2.311661e-01 94.420713 99.374251
INFO:root:train 1300 2.306524e-01 94.411751 99.375480
INFO:root:train 1350 2.312833e-01 94.406921 99.371993
INFO:root:train 1400 2.321980e-01 94.381246 99.363178
INFO:root:train 1450 2.323091e-01 94.368108 99.365739
INFO:root:train 1500 2.322641e-01 94.354805 99.372293
INFO:root:train 1550 2.319286e-01 94.356464 99.367344
INFO:root:train 1600 2.319958e-01 94.359970 99.373438
INFO:root:train 1650 2.316540e-01 94.361372 99.374432
INFO:root:train 1700 2.307568e-01 94.379225 99.376286
INFO:root:train 1750 2.301107e-01 94.384459 99.375357
INFO:root:train 1800 2.298736e-01 94.388534 99.371877
INFO:root:train 1850 2.290392e-01 94.395766 99.378714
INFO:root:train 1900 2.304260e-01 94.367274 99.372041
INFO:root:train 1950 2.300230e-01 94.366671 99.374519
INFO:root:train 2000 2.302004e-01 94.374688 99.367504
INFO:root:train 2050 2.293651e-01 94.396788 99.366163
INFO:root:train 2100 2.290041e-01 94.392551 99.366373
INFO:root:train 2150 2.287933e-01 94.391417 99.366574
INFO:root:train 2200 2.284427e-01 94.384655 99.369605
INFO:root:train 2250 2.287015e-01 94.377499 99.369725
INFO:root:train 2300 2.285879e-01 94.374049 99.369839
INFO:root:train 2350 2.278321e-01 94.386697 99.371943
INFO:root:train 2400 2.272507e-01 94.400771 99.376562
INFO:root:train 2450 2.273093e-01 94.392595 99.375255
INFO:root:train 2500 2.275353e-01 94.390994 99.377124
INFO:root:train 2550 2.273740e-01 94.394968 99.375858
INFO:root:train 2600 2.272105e-01 94.390979 99.376442
INFO:root:train 2650 2.272344e-01 94.390678 99.372289
INFO:root:train 2700 2.266547e-01 94.403115 99.375231
INFO:root:train 2750 2.264160e-01 94.413963 99.373523
INFO:root:train 2800 2.265278e-01 94.400995 99.374665
INFO:root:train 2850 2.266268e-01 94.395059 99.374671
INFO:root:train 2900 2.266008e-01 94.402792 99.375754
INFO:root:train 2950 2.258268e-01 94.407087 99.379448
INFO:root:train 3000 2.252911e-01 94.406552 99.381456
INFO:root:train 3050 2.255317e-01 94.408083 99.377765
INFO:root:train 3100 2.249896e-01 94.413093 99.379233
INFO:root:train 3150 2.248377e-01 94.422406 99.381645
INFO:root:train 3200 2.248321e-01 94.417760 99.379588
INFO:root:train 3250 2.257004e-01 94.406529 99.375673
INFO:root:train 3300 2.259132e-01 94.400371 99.371403
INFO:root:train 3350 2.258362e-01 94.402324 99.374254
INFO:root:train 3400 2.256353e-01 94.407435 99.376103
INFO:root:train 3450 2.248276e-01 94.425529 99.381067
INFO:root:train 3500 2.248733e-01 94.426592 99.381427
INFO:root:train 3550 2.251441e-01 94.423666 99.383096
INFO:root:train 3600 2.254859e-01 94.411709 99.386021
INFO:root:train_acc 94.409227
INFO:root:valid 000 4.192255e-01 89.062500 98.437500
INFO:root:valid 050 5.196415e-01 88.419118 97.763480
INFO:root:valid 100 5.266243e-01 88.938738 97.710396
INFO:root:valid 150 5.237599e-01 89.041805 97.692467
INFO:root:valid 200 5.191085e-01 89.116915 97.776741
INFO:root:valid 250 5.265905e-01 89.081175 97.727839
INFO:root:valid 300 5.239974e-01 89.088455 97.736711
INFO:root:valid 350 5.243236e-01 89.102564 97.729701
INFO:root:valid 400 5.246893e-01 88.996259 97.704956
INFO:root:valid 450 5.299807e-01 88.916990 97.668376
INFO:root:valid 500 5.330568e-01 88.897206 97.632859
INFO:root:valid 550 5.344047e-01 88.895191 97.612296
INFO:root:valid 600 5.340409e-01 88.940308 97.626352
INFO:root:test_acc 88.935585
INFO:root:epoch 9 lr 1.000000e-02
INFO:root:train 000 3.341709e-02 98.437500 100.000000
INFO:root:train 050 2.173338e-01 94.546569 99.479167
INFO:root:train 100 2.321479e-01 94.337871 99.458540
INFO:root:train 150 2.227972e-01 94.412252 99.461921
INFO:root:train 200 2.233121e-01 94.301928 99.494714
INFO:root:train 250 2.189712e-01 94.447211 99.495767
INFO:root:train 300 2.153797e-01 94.533846 99.470515
INFO:root:train 350 2.166430e-01 94.493412 99.448006
INFO:root:train 400 2.149849e-01 94.513716 99.454489
INFO:root:train 450 2.125125e-01 94.574557 99.456070
INFO:root:train 500 2.093710e-01 94.610778 99.476048
INFO:root:train 550 2.098952e-01 94.580876 99.458371
INFO:root:train 600 2.099456e-01 94.574147 99.456635
INFO:root:train 650 2.083037e-01 94.592454 99.457565
INFO:root:train 700 2.082480e-01 94.648270 99.444989
INFO:root:train 750 2.109855e-01 94.596788 99.434088
INFO:root:train 800 2.119572e-01 94.600499 99.420646
INFO:root:train 850 2.124609e-01 94.578070 99.425308
INFO:root:train 900 2.101976e-01 94.601484 99.432922
INFO:root:train 950 2.122133e-01 94.596149 99.413446
INFO:root:train 1000 2.116124e-01 94.614760 99.417770
INFO:root:train 1050 2.117897e-01 94.613761 99.409788
INFO:root:train 1100 2.146672e-01 94.574535 99.401113
INFO:root:train 1150 2.145519e-01 94.583514 99.397263
INFO:root:train 1200 2.146681e-01 94.570930 99.401540
INFO:root:train 1250 2.150248e-01 94.576839 99.394235
INFO:root:train 1300 2.146983e-01 94.572684 99.393495
INFO:root:train 1350 2.143087e-01 94.569994 99.392811
INFO:root:train 1400 2.136898e-01 94.573073 99.398867
INFO:root:train 1450 2.126575e-01 94.581323 99.405582
INFO:root:train 1500 2.134720e-01 94.549467 99.405605
INFO:root:train 1550 2.149133e-01 94.527724 99.399581
INFO:root:train 1600 2.148041e-01 94.553209 99.404669
INFO:root:train 1650 2.156367e-01 94.561061 99.399985
INFO:root:train 1700 2.160008e-01 94.570290 99.402006
INFO:root:train 1750 2.144399e-01 94.591483 99.405697
INFO:root:train 1800 2.141447e-01 94.602825 99.404845
INFO:root:train 1850 2.140986e-01 94.612709 99.405727
INFO:root:train 1900 2.141321e-01 94.597416 99.405740
INFO:root:train 1950 2.138904e-01 94.614140 99.400147
INFO:root:train 2000 2.140536e-01 94.601918 99.402642
INFO:root:train 2050 2.134229e-01 94.604004 99.403492
INFO:root:train 2100 2.129756e-01 94.609710 99.408020
INFO:root:train 2150 2.126357e-01 94.623140 99.405800
INFO:root:train 2200 2.116837e-01 94.636671 99.407940
INFO:root:train 2250 2.115238e-01 94.645435 99.407208
INFO:root:train 2300 2.117779e-01 94.647028 99.405829
INFO:root:train 2350 2.109285e-01 94.659188 99.410490
INFO:root:train 2400 2.114836e-01 94.661079 99.409100
INFO:root:train 2450 2.113396e-01 94.664805 99.409680
INFO:root:train 2500 2.105453e-01 94.678379 99.415234
INFO:root:train 2550 2.106520e-01 94.673657 99.416895
INFO:root:train 2600 2.098549e-01 94.694348 99.417291
INFO:root:train 2650 2.103053e-01 94.678895 99.417673
INFO:root:train 2700 2.111558e-01 94.659964 99.413412
INFO:root:train 2750 2.107819e-01 94.672392 99.411010
INFO:root:train 2800 2.105283e-01 94.678240 99.413156
INFO:root:train 2850 2.111066e-01 94.669085 99.407554
INFO:root:train 2900 2.111007e-01 94.671019 99.405916
INFO:root:train 2950 2.114202e-01 94.665474 99.405392
INFO:root:train 3000 2.114346e-01 94.661675 99.408530
INFO:root:train 3050 2.116619e-01 94.662098 99.410029
INFO:root:train 3100 2.113185e-01 94.670570 99.412488
INFO:root:train 3150 2.109595e-01 94.671830 99.415364
INFO:root:train 3200 2.110185e-01 94.663289 99.417174
INFO:root:train 3250 2.114996e-01 94.650684 99.414123
INFO:root:train 3300 2.115384e-01 94.643195 99.416370
INFO:root:train 3350 2.114756e-01 94.643390 99.416219
INFO:root:train 3400 2.118534e-01 94.633472 99.415613
INFO:root:train 3450 2.119987e-01 94.626558 99.415025
INFO:root:train 3500 2.116518e-01 94.633676 99.415346
INFO:root:train 3550 2.118256e-01 94.629154 99.416538
INFO:root:train 3600 2.120152e-01 94.632133 99.414225
INFO:root:train_acc 94.631722
INFO:root:valid 000 4.549110e-01 90.625000 98.437500
INFO:root:valid 050 5.039046e-01 89.276961 97.579657
INFO:root:valid 100 4.859000e-01 89.464728 97.787748
INFO:root:valid 150 4.824621e-01 89.476407 97.795944
INFO:root:valid 200 4.774808e-01 89.513371 97.862251
INFO:root:valid 250 4.869865e-01 89.417331 97.790090
INFO:root:valid 300 4.854777e-01 89.451827 97.757475
INFO:root:valid 350 4.867282e-01 89.391916 97.747507
INFO:root:valid 400 4.884718e-01 89.319670 97.732232
INFO:root:valid 450 4.948624e-01 89.190687 97.709950
INFO:root:valid 500 4.972294e-01 89.177894 97.679641
INFO:root:valid 550 4.971302e-01 89.192945 97.660504
INFO:root:valid 600 4.982689e-01 89.174293 97.657550
INFO:root:test_acc 89.161284
INFO:root:epoch 10 lr 8.435655e-03
INFO:root:train 000 2.775876e-01 89.062500 98.437500
INFO:root:train 050 1.741822e-01 94.791667 99.601716
INFO:root:train 100 1.853050e-01 94.755569 99.520421
INFO:root:train 150 1.897574e-01 94.805464 99.451573
INFO:root:train 200 1.991277e-01 94.651741 99.440299
INFO:root:train 250 2.035855e-01 94.577938 99.445966
INFO:root:train 300 2.047213e-01 94.549419 99.418605
INFO:root:train 350 2.031101e-01 94.609152 99.416845
INFO:root:train 400 2.002404e-01 94.689059 99.446696
INFO:root:train 450 2.031521e-01 94.650776 99.442212
INFO:root:train 500 2.027894e-01 94.651322 99.441742
INFO:root:train 550 2.031179e-01 94.646098 99.424342
INFO:root:train 600 2.036734e-01 94.646943 99.415037
INFO:root:train 650 2.043771e-01 94.654858 99.416763
INFO:root:train 700 2.064490e-01 94.639354 99.398181
INFO:root:train 750 2.069605e-01 94.627996 99.398718
INFO:root:train 800 2.073749e-01 94.635612 99.399189
INFO:root:train 850 2.066065e-01 94.655185 99.394095
INFO:root:train 900 2.066165e-01 94.650042 99.380896
INFO:root:train 950 2.063339e-01 94.653654 99.387158
INFO:root:train 1000 2.066998e-01 94.645979 99.389673
INFO:root:train 1050 2.059798e-01 94.662821 99.378568
INFO:root:train 1100 2.046337e-01 94.678134 99.381244
INFO:root:train 1150 2.035720e-01 94.693473 99.379616
INFO:root:train 1200 2.031096e-01 94.693224 99.380724
INFO:root:train 1250 2.037068e-01 94.696743 99.379247
INFO:root:train 1300 2.035010e-01 94.699990 99.381485
INFO:root:train 1350 2.029523e-01 94.699528 99.385872
INFO:root:train 1400 2.023396e-01 94.703560 99.395521
INFO:root:train 1450 2.019788e-01 94.708391 99.395891
INFO:root:train 1500 2.026699e-01 94.678548 99.399359
INFO:root:train 1550 2.030657e-01 94.679844 99.395551
INFO:root:train 1600 2.035365e-01 94.666419 99.394909
INFO:root:train 1650 2.038217e-01 94.663272 99.397146
INFO:root:train 1700 2.043597e-01 94.637346 99.397413
INFO:root:train 1750 2.045797e-01 94.628962 99.392312
INFO:root:train 1800 2.047646e-01 94.626249 99.389228
INFO:root:train 1850 2.052971e-01 94.613553 99.388844
INFO:root:train 1900 2.054382e-01 94.616320 99.386014
INFO:root:train 1950 2.048322e-01 94.638967 99.392940
INFO:root:train 2000 2.041107e-01 94.640180 99.394053
INFO:root:train 2050 2.040352e-01 94.643619 99.392827
INFO:root:train 2100 2.038626e-01 94.646894 99.398352
INFO:root:train 2150 2.041793e-01 94.638395 99.399988
INFO:root:train 2200 2.038653e-01 94.641640 99.402970
INFO:root:train 2250 2.037716e-01 94.649600 99.403043
INFO:root:train 2300 2.038720e-01 94.640917 99.399718
INFO:root:train 2350 2.034744e-01 94.655200 99.401850
INFO:root:train 2400 2.037811e-01 94.641556 99.398688
INFO:root:train 2450 2.034153e-01 94.653968 99.403942
INFO:root:train 2500 2.032246e-01 94.655888 99.403988
INFO:root:train 2550 2.031626e-01 94.657120 99.407708
INFO:root:train 2600 2.028393e-01 94.663110 99.410683
INFO:root:train 2650 2.022006e-01 94.675358 99.416494
INFO:root:train 2700 2.017759e-01 94.675583 99.418040
INFO:root:train 2750 2.018331e-01 94.677504 99.417825
INFO:root:train 2800 2.019990e-01 94.677682 99.419292
INFO:root:train 2850 2.015730e-01 94.683335 99.420160
INFO:root:train 2900 2.014749e-01 94.685561 99.420458
INFO:root:train 2950 2.011664e-01 94.694066 99.418629
INFO:root:train 3000 2.007557e-01 94.692394 99.421026
INFO:root:train 3050 1.998425e-01 94.711263 99.426930
INFO:root:train 3100 1.997984e-01 94.710376 99.426092
INFO:root:train 3150 2.004553e-01 94.706542 99.424290
INFO:root:train 3200 2.004986e-01 94.709173 99.424008
INFO:root:train 3250 2.003662e-01 94.715088 99.425177
INFO:root:train 3300 2.004396e-01 94.717037 99.425364
INFO:root:train 3350 2.007107e-01 94.712399 99.419017
INFO:root:train 3400 2.003824e-01 94.718925 99.421126
INFO:root:train 3450 2.003151e-01 94.722997 99.421363
INFO:root:train 3500 2.006218e-01 94.715795 99.419809
INFO:root:train 3550 2.007502e-01 94.712317 99.415218
INFO:root:train 3600 2.003332e-01 94.723254 99.417263
INFO:root:train_acc 94.723818
INFO:root:valid 000 6.559871e-01 89.062500 98.437500
INFO:root:valid 050 5.068618e-01 88.694853 97.671569
INFO:root:valid 100 4.766001e-01 89.248144 97.694926
INFO:root:valid 150 4.738394e-01 89.145281 97.744205
INFO:root:valid 200 4.709116e-01 89.148010 97.854478
INFO:root:valid 250 4.748415e-01 89.112301 97.814990
INFO:root:valid 300 4.745499e-01 89.207849 97.767857
INFO:root:valid 350 4.747763e-01 89.209402 97.734152
INFO:root:valid 400 4.771709e-01 89.198878 97.704956
INFO:root:valid 450 4.826518e-01 89.121397 97.699557
INFO:root:valid 500 4.834557e-01 89.168538 97.692116
INFO:root:valid 550 4.831760e-01 89.192945 97.671847
INFO:root:valid 600 4.828006e-01 89.249688 97.693948
INFO:root:test_acc 89.244299
INFO:root:epoch 11 lr 6.909830e-03
INFO:root:train 000 3.672855e-01 90.625000 100.000000
INFO:root:train 050 1.779436e-01 95.220588 99.356618
INFO:root:train 100 1.884417e-01 95.080446 99.350248
INFO:root:train 150 1.858036e-01 95.053808 99.430877
INFO:root:train 200 1.858623e-01 94.931592 99.455846
INFO:root:train 250 1.844299e-01 95.082171 99.427291
INFO:root:train 300 1.856212e-01 95.063331 99.428987
INFO:root:train 350 1.864490e-01 95.054309 99.425748
INFO:root:train 400 1.906826e-01 94.965711 99.419420
INFO:root:train 450 1.913927e-01 94.910615 99.417960
INFO:root:train 500 1.934069e-01 94.878992 99.429266
INFO:root:train 550 1.932792e-01 94.887137 99.404492
INFO:root:train 600 1.917303e-01 94.896527 99.404638
INFO:root:train 650 1.905097e-01 94.926075 99.409562
INFO:root:train 700 1.911978e-01 94.902372 99.402639
INFO:root:train 750 1.899153e-01 94.910952 99.409121
INFO:root:train 800 1.877233e-01 94.969179 99.414794
INFO:root:train 850 1.865196e-01 94.980170 99.419800
INFO:root:train 900 1.863681e-01 94.951790 99.424251
INFO:root:train 950 1.855295e-01 94.970754 99.434805
INFO:root:train 1000 1.861022e-01 94.942557 99.431818
INFO:root:train 1050 1.860835e-01 94.927450 99.424655
INFO:root:train 1100 1.865266e-01 94.910876 99.425238
INFO:root:train 1150 1.862570e-01 94.914748 99.425771
INFO:root:train 1200 1.870944e-01 94.913093 99.432764
INFO:root:train 1250 1.871092e-01 94.917816 99.429207
INFO:root:train 1300 1.874905e-01 94.926979 99.428324
INFO:root:train 1350 1.875001e-01 94.928525 99.424038
INFO:root:train 1400 1.873439e-01 94.918808 99.425633
INFO:root:train 1450 1.864904e-01 94.938835 99.436811
INFO:root:train 1500 1.873156e-01 94.914848 99.437875
INFO:root:train 1550 1.867534e-01 94.919608 99.442900
INFO:root:train 1600 1.860753e-01 94.943590 99.445659
INFO:root:train 1650 1.861106e-01 94.947191 99.443519
INFO:root:train 1700 1.857428e-01 94.947825 99.444261
INFO:root:train 1750 1.851304e-01 94.954669 99.450314
INFO:root:train 1800 1.848176e-01 94.952457 99.454296
INFO:root:train 1850 1.847735e-01 94.957118 99.453843
INFO:root:train 1900 1.849829e-01 94.953314 99.454235
INFO:root:train 1950 1.849764e-01 94.960117 99.447399
INFO:root:train 2000 1.846213e-01 94.972826 99.446371
INFO:root:train 2050 1.846946e-01 94.975012 99.447678
INFO:root:train 2100 1.841409e-01 94.988250 99.455616
INFO:root:train 2150 1.844624e-01 94.981259 99.455195
INFO:root:train 2200 1.846292e-01 94.971036 99.452664
INFO:root:train 2250 1.849583e-01 94.968903 99.443997
INFO:root:train 2300 1.849971e-01 94.967541 99.443856
INFO:root:train 2350 1.845554e-01 94.973548 99.445715
INFO:root:train 2400 1.848583e-01 94.961735 99.443591
INFO:root:train 2450 1.846587e-01 94.951678 99.444104
INFO:root:train 2500 1.845833e-01 94.958267 99.443972
INFO:root:train 2550 1.842750e-01 94.964597 99.445071
INFO:root:train 2600 1.844987e-01 94.967080 99.442522
INFO:root:train 2650 1.846053e-01 94.962986 99.440659
INFO:root:train 2700 1.842696e-01 94.972348 99.440601
INFO:root:train 2750 1.841609e-01 94.975123 99.442248
INFO:root:train 2800 1.841365e-01 94.986166 99.441606
INFO:root:train 2850 1.839903e-01 94.991341 99.441534
INFO:root:train 2900 1.835335e-01 94.996876 99.442541
INFO:root:train 2950 1.837022e-01 94.992164 99.441397
INFO:root:train 3000 1.835333e-01 94.996460 99.444977
INFO:root:train 3050 1.836346e-01 95.000102 99.445878
INFO:root:train 3100 1.838180e-01 94.994558 99.446751
INFO:root:train 3150 1.837548e-01 94.998116 99.444621
INFO:root:train 3200 1.842139e-01 94.986918 99.442069
INFO:root:train 3250 1.844303e-01 94.987119 99.440557
INFO:root:train 3300 1.848050e-01 94.990628 99.434357
INFO:root:train 3350 1.852682e-01 94.980043 99.434404
INFO:root:train 3400 1.851972e-01 94.983553 99.435368
INFO:root:train 3450 1.851214e-01 94.984244 99.435852
INFO:root:train 3500 1.850931e-01 94.980898 99.437661
INFO:root:train 3550 1.848325e-01 94.983367 99.438098
INFO:root:train 3600 1.848439e-01 94.985334 99.435921
INFO:root:train_acc 94.985045
INFO:root:valid 000 3.749400e-01 89.062500 98.437500
INFO:root:valid 050 4.596830e-01 89.123775 97.702206
INFO:root:valid 100 4.351953e-01 89.681312 97.865099
INFO:root:valid 150 4.395761e-01 89.559189 97.826987
INFO:root:valid 200 4.362269e-01 89.645522 97.901119
INFO:root:valid 250 4.363513e-01 89.616534 97.864791
INFO:root:valid 300 4.360521e-01 89.643895 97.804194
INFO:root:valid 350 4.385998e-01 89.592236 97.756410
INFO:root:valid 400 4.421259e-01 89.498909 97.736128
INFO:root:valid 450 4.511994e-01 89.402023 97.661447
INFO:root:valid 500 4.539170e-01 89.405564 97.648453
INFO:root:valid 550 4.550831e-01 89.462341 97.637818
INFO:root:valid 600 4.559268e-01 89.421277 97.647151
INFO:root:test_acc 89.420707
INFO:root:epoch 12 lr 5.460095e-03
INFO:root:train 000 1.436544e-01 93.750000 100.000000
INFO:root:train 050 1.797587e-01 95.220588 99.325980
INFO:root:train 100 1.779456e-01 95.281559 99.381188
INFO:root:train 150 1.752615e-01 95.250414 99.389487
INFO:root:train 200 1.780803e-01 95.226990 99.401430
INFO:root:train 250 1.731193e-01 95.293825 99.445966
INFO:root:train 300 1.770512e-01 95.193106 99.444560
INFO:root:train 350 1.782872e-01 95.152244 99.456909
INFO:root:train 400 1.789675e-01 95.137157 99.454489
INFO:root:train 450 1.776730e-01 95.163525 99.435283
INFO:root:train 500 1.758208e-01 95.203343 99.451098
INFO:root:train 550 1.758506e-01 95.184891 99.455535
INFO:root:train 600 1.747992e-01 95.192908 99.467034
INFO:root:train 650 1.742394e-01 95.204493 99.474366
INFO:root:train 700 1.721804e-01 95.263463 99.471737
INFO:root:train 750 1.714305e-01 95.287533 99.467377
INFO:root:train 800 1.716400e-01 95.318352 99.461610
INFO:root:train 850 1.708822e-01 95.327189 99.474882
INFO:root:train 900 1.698862e-01 95.331576 99.481479
INFO:root:train 950 1.694974e-01 95.348646 99.489025
INFO:root:train 1000 1.700036e-01 95.323427 99.472403
INFO:root:train 1050 1.707345e-01 95.322907 99.467769
INFO:root:train 1100 1.712849e-01 95.288374 99.467813
INFO:root:train 1150 1.715470e-01 95.274490 99.466497
INFO:root:train 1200 1.719582e-01 95.263062 99.462687
INFO:root:train 1250 1.723820e-01 95.248801 99.465428
INFO:root:train 1300 1.730459e-01 95.240440 99.466756
INFO:root:train 1350 1.735059e-01 95.211880 99.466830
INFO:root:train 1400 1.729896e-01 95.221047 99.472475
INFO:root:train 1450 1.734466e-01 95.212354 99.471270
INFO:root:train 1500 1.735214e-01 95.216731 99.477432
INFO:root:train 1550 1.740414e-01 95.199670 99.472115
INFO:root:train 1600 1.746528e-01 95.185626 99.469082
INFO:root:train 1650 1.747607e-01 95.175273 99.472857
INFO:root:train 1700 1.746997e-01 95.177469 99.478248
INFO:root:train 1750 1.748991e-01 95.170617 99.476192
INFO:root:train 1800 1.749283e-01 95.172821 99.473383
INFO:root:train 1850 1.749706e-01 95.173217 99.471569
INFO:root:train 1900 1.751725e-01 95.162086 99.472317
INFO:root:train 1950 1.757003e-01 95.147521 99.463416
INFO:root:train 2000 1.748694e-01 95.165698 99.466673
INFO:root:train 2050 1.753299e-01 95.157088 99.462914
INFO:root:train 2100 1.753101e-01 95.145913 99.463053
INFO:root:train 2150 1.760291e-01 95.124361 99.464639
INFO:root:train 2200 1.758753e-01 95.122246 99.466152
INFO:root:train 2250 1.764963e-01 95.112589 99.462045
INFO:root:train 2300 1.760001e-01 95.125081 99.462190
INFO:root:train 2350 1.756175e-01 95.134384 99.465653
INFO:root:train 2400 1.756870e-01 95.128983 99.464416
INFO:root:train 2450 1.758690e-01 95.127626 99.463867
INFO:root:train 2500 1.764208e-01 95.120077 99.462090
INFO:root:train 2550 1.762167e-01 95.123236 99.466508
INFO:root:train 2600 1.764208e-01 95.121468 99.465951
INFO:root:train 2650 1.764730e-01 95.120356 99.466593
INFO:root:train 2700 1.764131e-01 95.125069 99.466054
INFO:root:train 2750 1.764464e-01 95.121092 99.466671
INFO:root:train 2800 1.765461e-01 95.119489 99.466150
INFO:root:train 2850 1.769947e-01 95.113009 99.463456
INFO:root:train 2900 1.767872e-01 95.122372 99.464624
INFO:root:train 2950 1.766888e-01 95.125064 99.464694
INFO:root:train 3000 1.765338e-01 95.124542 99.466324
INFO:root:train 3050 1.773800e-01 95.116355 99.460730
INFO:root:train 3100 1.771955e-01 95.124557 99.462875
INFO:root:train 3150 1.772854e-01 95.120597 99.462968
INFO:root:train 3200 1.773534e-01 95.115784 99.460130
INFO:root:train 3250 1.771789e-01 95.112081 99.460262
INFO:root:train 3300 1.771427e-01 95.114643 99.459444
INFO:root:train 3350 1.772159e-01 95.117129 99.459117
INFO:root:train 3400 1.773807e-01 95.106678 99.456961
INFO:root:train 3450 1.774939e-01 95.101510 99.459849
INFO:root:train 3500 1.775362e-01 95.101400 99.461315
INFO:root:train 3550 1.775372e-01 95.106132 99.459659
INFO:root:train 3600 1.772718e-01 95.111167 99.458918
INFO:root:train_acc 95.116734
INFO:root:valid 000 4.772521e-01 89.062500 98.437500
INFO:root:valid 050 4.487705e-01 88.878676 97.671569
INFO:root:valid 100 4.493349e-01 88.969678 97.772277
INFO:root:valid 150 4.422955e-01 89.124586 97.847682
INFO:root:valid 200 4.395169e-01 89.179104 97.932214
INFO:root:valid 250 4.463017e-01 89.224353 97.889691
INFO:root:valid 300 4.460716e-01 89.197467 97.835341
INFO:root:valid 350 4.440547e-01 89.276175 97.818732
INFO:root:valid 400 4.426753e-01 89.323566 97.802369
INFO:root:valid 450 4.498905e-01 89.246120 97.744595
INFO:root:valid 500 4.533830e-01 89.221557 97.685878
INFO:root:valid 550 4.545075e-01 89.269510 97.660504
INFO:root:valid 600 4.556217e-01 89.267887 97.654950
INFO:root:test_acc 89.267647
INFO:root:epoch 13 lr 4.122147e-03
INFO:root:train 000 2.084177e-01 95.312500 98.437500
INFO:root:train 050 1.899164e-01 95.036765 99.571078
INFO:root:train 100 1.854037e-01 95.157797 99.520421
INFO:root:train 150 1.822525e-01 95.126242 99.513659
INFO:root:train 200 1.726961e-01 95.289179 99.510261
INFO:root:train 250 1.716573e-01 95.293825 99.520667
INFO:root:train 300 1.729525e-01 95.317691 99.475706
INFO:root:train 350 1.705431e-01 95.397080 99.465812
INFO:root:train 400 1.665243e-01 95.460567 99.485661
INFO:root:train 450 1.642535e-01 95.520371 99.494180
INFO:root:train 500 1.639911e-01 95.552645 99.472929
INFO:root:train 550 1.648747e-01 95.547868 99.464043
INFO:root:train 600 1.655967e-01 95.504888 99.482633
INFO:root:train 650 1.659263e-01 95.516513 99.476767
INFO:root:train 700 1.656456e-01 95.515335 99.471737
INFO:root:train 750 1.673787e-01 95.460220 99.465296
INFO:root:train 800 1.663728e-01 95.458801 99.467463
INFO:root:train 850 1.666098e-01 95.418992 99.471210
INFO:root:train 900 1.665466e-01 95.414817 99.472808
INFO:root:train 950 1.664536e-01 95.427511 99.464380
INFO:root:train 1000 1.668391e-01 95.412400 99.464598
INFO:root:train 1050 1.690305e-01 95.337774 99.461822
INFO:root:train 1100 1.685736e-01 95.352237 99.466394
INFO:root:train 1150 1.668294e-01 95.402096 99.473284
INFO:root:train 1200 1.674714e-01 95.371045 99.474396
INFO:root:train 1250 1.675585e-01 95.356215 99.467926
INFO:root:train 1300 1.672685e-01 95.359339 99.471560
INFO:root:train 1350 1.663428e-01 95.392302 99.479552
INFO:root:train 1400 1.673321e-01 95.374955 99.476936
INFO:root:train 1450 1.681191e-01 95.345882 99.476654
INFO:root:train 1500 1.681949e-01 95.353098 99.474309
INFO:root:train 1550 1.680759e-01 95.351789 99.482189
INFO:root:train 1600 1.683947e-01 95.347634 99.480793
INFO:root:train 1650 1.683897e-01 95.349409 99.482321
INFO:root:train 1700 1.680507e-01 95.354755 99.482841
INFO:root:train 1750 1.675356e-01 95.369610 99.483331
INFO:root:train 1800 1.675118e-01 95.363687 99.482059
INFO:root:train 1850 1.666966e-01 95.382563 99.485920
INFO:root:train 1900 1.665288e-01 95.382365 99.489578
INFO:root:train 1950 1.666175e-01 95.382977 99.488243
INFO:root:train 2000 1.667336e-01 95.375750 99.489318
INFO:root:train 2050 1.665475e-01 95.369637 99.482722
INFO:root:train 2100 1.671538e-01 95.347454 99.482389
INFO:root:train 2150 1.669153e-01 95.355358 99.485704
INFO:root:train 2200 1.671855e-01 95.354384 99.483899
INFO:root:train 2250 1.674825e-01 95.345124 99.479398
INFO:root:train 2300 1.675665e-01 95.347811 99.481883
INFO:root:train 2350 1.676014e-01 95.340414 99.484262
INFO:root:train 2400 1.675773e-01 95.339182 99.484590
INFO:root:train 2450 1.679617e-01 95.330350 99.482992
INFO:root:train 2500 1.679225e-01 95.327494 99.485206
INFO:root:train 2550 1.678034e-01 95.331488 99.488558
INFO:root:train 2600 1.675893e-01 95.331723 99.486375
INFO:root:train 2650 1.675723e-01 95.334308 99.485454
INFO:root:train 2700 1.676107e-01 95.324070 99.488037
INFO:root:train 2750 1.676904e-01 95.322724 99.488254
INFO:root:train 2800 1.674722e-01 95.329235 99.488464
INFO:root:train 2850 1.680146e-01 95.320173 99.485378
INFO:root:train 2900 1.681394e-01 95.317347 99.485630
INFO:root:train 2950 1.681896e-01 95.315677 99.487991
INFO:root:train 3000 1.684456e-01 95.308335 99.485067
INFO:root:train 3050 1.681893e-01 95.319670 99.483776
INFO:root:train 3100 1.681323e-01 95.325097 99.482022
INFO:root:train 3150 1.685467e-01 95.315971 99.480324
INFO:root:train 3200 1.684737e-01 95.318358 99.479655
INFO:root:train 3250 1.684163e-01 95.326919 99.479006
INFO:root:train 3300 1.685512e-01 95.326700 99.480271
INFO:root:train 3350 1.688620e-01 95.325090 99.476835
INFO:root:train 3400 1.687728e-01 95.329499 99.477176
INFO:root:train 3450 1.690672e-01 95.322461 99.478412
INFO:root:train 3500 1.689253e-01 95.320533 99.480952
INFO:root:train 3550 1.690407e-01 95.318220 99.478580
INFO:root:train 3600 1.688484e-01 95.322914 99.479745
INFO:root:train_acc 95.318142
INFO:root:valid 000 4.472886e-01 87.500000 96.875000
INFO:root:valid 050 4.148997e-01 89.736520 97.702206
INFO:root:valid 100 4.158109e-01 89.650371 97.679455
INFO:root:valid 150 4.198794e-01 89.745447 97.713162
INFO:root:valid 200 4.148950e-01 89.785448 97.792289
INFO:root:valid 250 4.195356e-01 89.809512 97.752739
INFO:root:valid 300 4.163449e-01 89.867110 97.762666
INFO:root:valid 350 4.155663e-01 89.917201 97.774217
INFO:root:valid 400 4.174466e-01 89.880767 97.740025
INFO:root:valid 450 4.219187e-01 89.807373 97.713415
INFO:root:valid 500 4.224441e-01 89.807884 97.713947
INFO:root:valid 550 4.224168e-01 89.865018 97.697368
INFO:root:valid 600 4.232713e-01 89.837250 97.696547
INFO:root:test_acc 89.835785
INFO:root:epoch 14 lr 2.928932e-03
INFO:root:train 000 5.460731e-01 92.187500 98.437500
INFO:root:train 050 1.732699e-01 95.189951 99.264706
INFO:root:train 100 1.734906e-01 95.188738 99.381188
INFO:root:train 150 1.726188e-01 95.136589 99.399834
INFO:root:train 200 1.697600e-01 95.296953 99.370336
INFO:root:train 250 1.678976e-01 95.374751 99.402390
INFO:root:train 300 1.689278e-01 95.286545 99.423796
INFO:root:train 350 1.685981e-01 95.312500 99.421296
INFO:root:train 400 1.685797e-01 95.285224 99.442799
INFO:root:train 450 1.651731e-01 95.340216 99.480322
INFO:root:train 500 1.654077e-01 95.346806 99.494760
INFO:root:train 550 1.648803e-01 95.355036 99.509415
INFO:root:train 600 1.639097e-01 95.406094 99.506032
INFO:root:train 650 1.647351e-01 95.386905 99.515169
INFO:root:train 700 1.641237e-01 95.399429 99.507400
INFO:root:train 750 1.630551e-01 95.401964 99.513149
INFO:root:train 800 1.629316e-01 95.402232 99.512328
INFO:root:train 850 1.620011e-01 95.430009 99.524457
INFO:root:train 900 1.621110e-01 95.437361 99.519631
INFO:root:train 950 1.626545e-01 95.427511 99.515313
INFO:root:train 1000 1.621613e-01 95.421766 99.523914
INFO:root:train 1050 1.627431e-01 95.413594 99.516829
INFO:root:train 1100 1.620540e-01 95.420356 99.520322
INFO:root:train 1150 1.628686e-01 95.404811 99.514010
INFO:root:train 1200 1.625722e-01 95.416580 99.514727
INFO:root:train 1250 1.615805e-01 95.436151 99.516637
INFO:root:train 1300 1.615918e-01 95.443409 99.511193
INFO:root:train 1350 1.611667e-01 95.447816 99.515405
INFO:root:train 1400 1.606380e-01 95.468638 99.519317
INFO:root:train 1450 1.610861e-01 95.439568 99.518651
INFO:root:train 1500 1.604408e-01 95.443663 99.523235
INFO:root:train 1550 1.607977e-01 95.426338 99.529537
INFO:root:train 1600 1.602016e-01 95.441326 99.532519
INFO:root:train 1650 1.600864e-01 95.444049 99.529641
INFO:root:train 1700 1.602902e-01 95.443857 99.529688
INFO:root:train 1750 1.606838e-01 95.441890 99.519917
INFO:root:train 1800 1.603045e-01 95.450444 99.524570
INFO:root:train 1850 1.600356e-01 95.455159 99.526438
INFO:root:train 1900 1.600861e-01 95.458805 99.519989
INFO:root:train 1950 1.602252e-01 95.459860 99.521079
INFO:root:train 2000 1.605287e-01 95.457740 99.516648
INFO:root:train 2050 1.604881e-01 95.448866 99.517004
INFO:root:train 2100 1.607977e-01 95.442646 99.513624
INFO:root:train 2150 1.607538e-01 95.443253 99.516940
INFO:root:train 2200 1.610039e-01 95.443122 99.517975
INFO:root:train 2250 1.617105e-01 95.422173 99.517576
INFO:root:train 2300 1.623053e-01 95.411642 99.516515
INFO:root:train 2350 1.626532e-01 95.409533 99.513505
INFO:root:train 2400 1.624698e-01 95.417274 99.515827
INFO:root:train 2450 1.622855e-01 95.425974 99.517416
INFO:root:train 2500 1.625500e-01 95.423081 99.515194
INFO:root:train 2550 1.626704e-01 95.422751 99.511221
INFO:root:train 2600 1.623295e-01 95.423034 99.514009
INFO:root:train 2650 1.619432e-01 95.440989 99.513155
INFO:root:train 2700 1.619642e-01 95.433983 99.512912
INFO:root:train 2750 1.624147e-01 95.435751 99.508701
INFO:root:train 2800 1.622154e-01 95.439687 99.511335
INFO:root:train 2850 1.624886e-01 95.431428 99.509492
INFO:root:train 2900 1.625043e-01 95.434225 99.507713
INFO:root:train 2950 1.622706e-01 95.437987 99.510759
INFO:root:train 3000 1.625134e-01 95.431210 99.511621
INFO:root:train 3050 1.624607e-01 95.436435 99.511943
INFO:root:train 3100 1.627954e-01 95.430909 99.512758
INFO:root:train 3150 1.627804e-01 95.430518 99.511564
INFO:root:train 3200 1.627293e-01 95.434532 99.511383
INFO:root:train 3250 1.627938e-01 95.430252 99.508324
INFO:root:train 3300 1.624948e-01 95.442669 99.506778
INFO:root:train 3350 1.623822e-01 95.440260 99.508542
INFO:root:train 3400 1.623998e-01 95.435626 99.506579
INFO:root:train 3450 1.621054e-01 95.436105 99.507842
INFO:root:train 3500 1.623763e-01 95.432109 99.505498
INFO:root:train 3550 1.623929e-01 95.429104 99.504981
INFO:root:train 3600 1.623233e-01 95.432258 99.504912
INFO:root:train_acc 95.436060
INFO:root:valid 000 4.148806e-01 90.625000 98.437500
INFO:root:valid 050 4.152902e-01 90.165441 97.824755
INFO:root:valid 100 4.049756e-01 90.068069 97.896040
INFO:root:valid 150 4.048003e-01 90.035182 97.899421
INFO:root:valid 200 3.962592e-01 90.181903 97.994403
INFO:root:valid 250 4.023697e-01 90.064741 97.883466
INFO:root:valid 300 4.053666e-01 90.033223 97.835341
INFO:root:valid 350 4.047447e-01 90.059651 97.836538
INFO:root:valid 400 4.054752e-01 90.028834 97.817955
INFO:root:valid 450 4.124127e-01 89.945953 97.772312
INFO:root:valid 500 4.141144e-01 89.923278 97.760729
INFO:root:valid 550 4.153688e-01 89.950091 97.742740
INFO:root:valid 600 4.154678e-01 89.946443 97.745944
INFO:root:test_acc 89.944743
INFO:root:epoch 15 lr 1.909830e-03
INFO:root:train 000 1.815920e-01 93.750000 100.000000
INFO:root:train 050 1.367855e-01 95.925245 99.632353
INFO:root:train 100 1.459702e-01 95.807550 99.597772
INFO:root:train 150 1.547171e-01 95.674669 99.472268
INFO:root:train 200 1.584435e-01 95.631219 99.424751
INFO:root:train 250 1.597488e-01 95.555279 99.445966
INFO:root:train 300 1.598159e-01 95.592816 99.465324
INFO:root:train 350 1.595995e-01 95.526175 99.496973
INFO:root:train 400 1.586526e-01 95.561877 99.481764
INFO:root:train 450 1.612998e-01 95.496120 99.452605
INFO:root:train 500 1.625038e-01 95.477794 99.451098
INFO:root:train 550 1.609165e-01 95.533689 99.464043
INFO:root:train 600 1.602779e-01 95.562084 99.474834
INFO:root:train 650 1.604943e-01 95.538114 99.467166
INFO:root:train 700 1.618334e-01 95.464069 99.453905
INFO:root:train 750 1.625786e-01 95.456059 99.452813
INFO:root:train 800 1.612272e-01 95.501717 99.455758
INFO:root:train 850 1.604237e-01 95.496108 99.467538
INFO:root:train 900 1.591492e-01 95.520602 99.479745
INFO:root:train 950 1.611862e-01 95.491588 99.469309
INFO:root:train 1000 1.614800e-01 95.512300 99.464598
INFO:root:train 1050 1.623634e-01 95.498335 99.461822
INFO:root:train 1100 1.622462e-01 95.482800 99.456460
INFO:root:train 1150 1.619411e-01 95.480832 99.461066
INFO:root:train 1200 1.619509e-01 95.485533 99.457483
INFO:root:train 1250 1.623726e-01 95.468625 99.457934
INFO:root:train 1300 1.625425e-01 95.475836 99.454746
INFO:root:train 1350 1.624386e-01 95.469791 99.452952
INFO:root:train 1400 1.623794e-01 95.467523 99.447939
INFO:root:train 1450 1.620565e-01 95.456797 99.446502
INFO:root:train 1500 1.617522e-01 95.466564 99.451407
INFO:root:train 1550 1.617075e-01 95.487790 99.451966
INFO:root:train 1600 1.618040e-01 95.492075 99.458346
INFO:root:train 1650 1.609385e-01 95.500833 99.462447
INFO:root:train 1700 1.605518e-01 95.509076 99.463551
INFO:root:train 1750 1.603793e-01 95.519525 99.465484
INFO:root:train 1800 1.598412e-01 95.532864 99.470780
INFO:root:train 1850 1.599342e-01 95.531976 99.472414
INFO:root:train 1900 1.600071e-01 95.522916 99.475605
INFO:root:train 1950 1.596393e-01 95.522328 99.476230
INFO:root:train 2000 1.598437e-01 95.514743 99.475262
INFO:root:train 2050 1.598981e-01 95.520478 99.475865
INFO:root:train 2100 1.603319e-01 95.509579 99.470490
INFO:root:train 2150 1.607088e-01 95.508630 99.469723
INFO:root:train 2200 1.602797e-01 95.507724 99.470411
INFO:root:train 2250 1.602247e-01 95.514494 99.473151
INFO:root:train 2300 1.598491e-01 95.518932 99.477130
INFO:root:train 2350 1.600183e-01 95.504573 99.476951
INFO:root:train 2400 1.598989e-01 95.508382 99.478733
INFO:root:train 2450 1.599826e-01 95.505023 99.477254
INFO:root:train 2500 1.600528e-01 95.494927 99.481457
INFO:root:train 2550 1.599735e-01 95.499314 99.483046
INFO:root:train 2600 1.596874e-01 95.505334 99.482170
INFO:root:train 2650 1.596733e-01 95.504055 99.481328
INFO:root:train 2700 1.601383e-01 95.498195 99.475889
INFO:root:train 2750 1.598733e-01 95.499364 99.477463
INFO:root:train 2800 1.594299e-01 95.512205 99.479539
INFO:root:train 2850 1.594422e-01 95.503771 99.480445
INFO:root:train 2900 1.588091e-01 95.513939 99.485091
INFO:root:train 2950 1.585224e-01 95.515821 99.485344
INFO:root:train 3000 1.583674e-01 95.523888 99.484026
INFO:root:train 3050 1.585694e-01 95.521960 99.484288
INFO:root:train 3100 1.584158e-01 95.524125 99.485549
INFO:root:train 3150 1.584252e-01 95.526718 99.484787
INFO:root:train 3200 1.586294e-01 95.521419 99.486489
INFO:root:train 3250 1.586257e-01 95.524454 99.484293
INFO:root:train 3300 1.590030e-01 95.506570 99.480271
INFO:root:train 3350 1.586482e-01 95.512534 99.482431
INFO:root:train 3400 1.584516e-01 95.516944 99.483608
INFO:root:train 3450 1.587053e-01 95.509001 99.482034
INFO:root:train 3500 1.584970e-01 95.510211 99.484076
INFO:root:train 3550 1.583512e-01 95.516228 99.484740
INFO:root:train 3600 1.583011e-01 95.519474 99.487122
INFO:root:train_acc 95.522992
INFO:root:valid 000 4.733546e-01 87.500000 98.437500
INFO:root:valid 050 4.105143e-01 89.889706 97.824755
INFO:root:valid 100 3.931874e-01 90.346535 98.004332
INFO:root:valid 150 3.923473e-01 90.273179 97.951159
INFO:root:valid 200 3.864815e-01 90.236318 98.009950
INFO:root:valid 250 3.901240e-01 90.214143 97.939492
INFO:root:valid 300 3.880373e-01 90.287583 97.908015
INFO:root:valid 350 3.876592e-01 90.340100 97.885506
INFO:root:valid 400 3.898340e-01 90.297693 97.849127
INFO:root:valid 450 3.954294e-01 90.216186 97.834673
INFO:root:valid 500 3.976315e-01 90.191492 97.851173
INFO:root:valid 550 3.988578e-01 90.227995 97.810799
INFO:root:valid 600 3.988510e-01 90.227225 97.816140
INFO:root:test_acc 90.224920
INFO:root:epoch 16 lr 1.089935e-03
INFO:root:train 000 4.195537e-01 92.187500 98.437500
INFO:root:train 050 1.633523e-01 95.649510 99.540441
INFO:root:train 100 1.596893e-01 95.823020 99.504950
INFO:root:train 150 1.611010e-01 95.612583 99.513659
INFO:root:train 200 1.576972e-01 95.600124 99.525808
INFO:root:train 250 1.558435e-01 95.580179 99.545568
INFO:root:train 300 1.567074e-01 95.592816 99.527616
INFO:root:train 350 1.599029e-01 95.521724 99.510328
INFO:root:train 400 1.584700e-01 95.569670 99.509040
INFO:root:train 450 1.579971e-01 95.582733 99.497644
INFO:root:train 500 1.570251e-01 95.562001 99.510354
INFO:root:train 550 1.575084e-01 95.556375 99.509415
INFO:root:train 600 1.560990e-01 95.582883 99.495632
INFO:root:train 650 1.566226e-01 95.586118 99.486367
INFO:root:train 700 1.551336e-01 95.635699 99.505171
INFO:root:train 750 1.538971e-01 95.649551 99.511069
INFO:root:train 800 1.525532e-01 95.702637 99.514279
INFO:root:train 850 1.519148e-01 95.707256 99.518948
INFO:root:train 900 1.505034e-01 95.747780 99.524834
INFO:root:train 950 1.501249e-01 95.752826 99.520242
INFO:root:train 1000 1.491618e-01 95.757368 99.525475
INFO:root:train 1050 1.496021e-01 95.759990 99.521289
INFO:root:train 1100 1.495499e-01 95.780824 99.521742
INFO:root:train 1150 1.490233e-01 95.786273 99.526227
INFO:root:train 1200 1.490162e-01 95.796472 99.527737
INFO:root:train 1250 1.492642e-01 95.784622 99.521633
INFO:root:train 1300 1.496140e-01 95.778488 99.514796
INFO:root:train 1350 1.496936e-01 95.777433 99.516562
INFO:root:train 1400 1.501510e-01 95.764186 99.512625
INFO:root:train 1450 1.504376e-01 95.757236 99.513267
INFO:root:train 1500 1.505498e-01 95.763241 99.512825
INFO:root:train 1550 1.519680e-01 95.745688 99.501330
INFO:root:train 1600 1.519605e-01 95.748751 99.499336
INFO:root:train 1650 1.523091e-01 95.745003 99.493678
INFO:root:train 1700 1.527073e-01 95.730453 99.491108
INFO:root:train 1750 1.523463e-01 95.737257 99.493147
INFO:root:train 1800 1.527901e-01 95.724597 99.489867
INFO:root:train 1850 1.532663e-01 95.705024 99.488452
INFO:root:train 1900 1.531653e-01 95.705385 99.490400
INFO:root:train 1950 1.535043e-01 95.704126 99.484239
INFO:root:train 2000 1.536824e-01 95.707615 99.482290
INFO:root:train 2050 1.537538e-01 95.701030 99.481960
INFO:root:train 2100 1.540760e-01 95.700708 99.479415
INFO:root:train 2150 1.537036e-01 95.712750 99.482072
INFO:root:train 2200 1.539539e-01 95.702948 99.483189
INFO:root:train 2250 1.537704e-01 95.707463 99.487034
INFO:root:train 2300 1.537021e-01 95.702955 99.491390
INFO:root:train 2350 1.535764e-01 95.691328 99.493567
INFO:root:train 2400 1.542541e-01 95.668471 99.489796
INFO:root:train 2450 1.540939e-01 95.671410 99.491917
INFO:root:train 2500 1.543998e-01 95.663610 99.490204
INFO:root:train 2550 1.549230e-01 95.646928 99.486108
INFO:root:train 2600 1.546662e-01 95.654916 99.489980
INFO:root:train 2650 1.552530e-01 95.638438 99.486043
INFO:root:train 2700 1.552978e-01 95.636454 99.484566
INFO:root:train 2750 1.547325e-01 95.643630 99.488822
INFO:root:train 2800 1.547121e-01 95.645528 99.492369
INFO:root:train 2850 1.549129e-01 95.639688 99.488118
INFO:root:train 2900 1.551711e-01 95.629740 99.489400
INFO:root:train 2950 1.552262e-01 95.629659 99.488521
INFO:root:train 3000 1.551579e-01 95.626979 99.488191
INFO:root:train 3050 1.552073e-01 95.627458 99.488897
INFO:root:train 3100 1.551652e-01 95.624395 99.491092
INFO:root:train 3150 1.549300e-01 95.625893 99.491729
INFO:root:train 3200 1.548703e-01 95.625879 99.492346
INFO:root:train 3250 1.549614e-01 95.623462 99.491503
INFO:root:train 3300 1.553126e-01 95.607865 99.490211
INFO:root:train 3350 1.554293e-01 95.611851 99.488492
INFO:root:train 3400 1.556642e-01 95.611585 99.485445
INFO:root:train 3450 1.554092e-01 95.617665 99.487015
INFO:root:train 3500 1.556019e-01 95.607951 99.486307
INFO:root:train 3550 1.555847e-01 95.608191 99.483860
INFO:root:train 3600 1.554364e-01 95.615801 99.484518
INFO:root:train_acc 95.615949
INFO:root:valid 000 4.223307e-01 90.625000 96.875000
INFO:root:valid 050 3.998476e-01 89.705882 97.947304
INFO:root:valid 100 3.962169e-01 89.897896 97.896040
INFO:root:valid 150 3.949453e-01 89.962748 97.889073
INFO:root:valid 200 3.870855e-01 90.088619 97.986629
INFO:root:valid 250 3.893697e-01 90.027390 97.927042
INFO:root:valid 300 3.863335e-01 90.162998 97.918397
INFO:root:valid 350 3.864472e-01 90.211004 97.889957
INFO:root:valid 400 3.877911e-01 90.176901 97.849127
INFO:root:valid 450 3.932366e-01 90.101857 97.806957
INFO:root:valid 500 3.955323e-01 90.116642 97.791916
INFO:root:valid 550 3.961281e-01 90.165608 97.768262
INFO:root:valid 600 3.959734e-01 90.164829 97.803141
INFO:root:test_acc 90.160064
INFO:root:epoch 17 lr 4.894348e-04
INFO:root:train 000 1.222108e-01 95.312500 100.000000
INFO:root:train 050 1.612256e-01 95.833333 99.540441
INFO:root:train 100 1.469104e-01 95.962252 99.566832
INFO:root:train 150 1.461217e-01 95.985099 99.513659
INFO:root:train 200 1.446982e-01 95.934391 99.564677
INFO:root:train 250 1.454095e-01 95.897659 99.564243
INFO:root:train 300 1.442977e-01 95.862749 99.563953
INFO:root:train 350 1.468273e-01 95.860043 99.554843
INFO:root:train 400 1.480313e-01 95.858011 99.548005
INFO:root:train 450 1.487321e-01 95.863359 99.546147
INFO:root:train 500 1.490853e-01 95.880115 99.529067
INFO:root:train 550 1.484341e-01 95.862636 99.532101
INFO:root:train 600 1.488015e-01 95.858465 99.521631
INFO:root:train 650 1.493030e-01 95.852535 99.517569
INFO:root:train 700 1.508366e-01 95.800642 99.511858
INFO:root:train 750 1.514120e-01 95.784787 99.513149
INFO:root:train 800 1.508634e-01 95.792369 99.512328
INFO:root:train 850 1.500024e-01 95.819257 99.518948
INFO:root:train 900 1.512465e-01 95.805008 99.514428
INFO:root:train 950 1.508158e-01 95.779114 99.520242
INFO:root:train 1000 1.518401e-01 95.763611 99.511426
INFO:root:train 1050 1.524638e-01 95.737690 99.509396
INFO:root:train 1100 1.519614e-01 95.753860 99.514646
INFO:root:train 1150 1.517219e-01 95.753692 99.512652
INFO:root:train 1200 1.513321e-01 95.776957 99.505620
INFO:root:train 1250 1.514896e-01 95.757144 99.507894
INFO:root:train 1300 1.513096e-01 95.735252 99.518399
INFO:root:train 1350 1.512199e-01 95.747363 99.509623
INFO:root:train 1400 1.509842e-01 95.742996 99.514855
INFO:root:train 1450 1.504533e-01 95.750775 99.516497
INFO:root:train 1500 1.504728e-01 95.745545 99.520112
INFO:root:train 1550 1.499499e-01 95.756770 99.524500
INFO:root:train 1600 1.503205e-01 95.741919 99.519831
INFO:root:train 1650 1.498297e-01 95.751628 99.522070
INFO:root:train 1700 1.500198e-01 95.753417 99.514991
INFO:root:train 1750 1.502328e-01 95.764028 99.513671
INFO:root:train 1800 1.507216e-01 95.761903 99.505483
INFO:root:train 1850 1.506354e-01 95.761582 99.503647
INFO:root:train 1900 1.505119e-01 95.761277 99.507660
INFO:root:train 1950 1.504239e-01 95.763391 99.505862
INFO:root:train 2000 1.510376e-01 95.759152 99.507278
INFO:root:train 2050 1.507602e-01 95.740645 99.513957
INFO:root:train 2100 1.502650e-01 95.749048 99.513624
INFO:root:train 2150 1.504965e-01 95.754881 99.515487
INFO:root:train 2200 1.501722e-01 95.759030 99.513005
INFO:root:train 2250 1.502348e-01 95.756053 99.513411
INFO:root:train 2300 1.505279e-01 95.752526 99.518552
INFO:root:train 2350 1.509428e-01 95.733199 99.519486
INFO:root:train 2400 1.510488e-01 95.727041 99.518430
INFO:root:train 2450 1.508555e-01 95.737072 99.519966
INFO:root:train 2500 1.509258e-01 95.737330 99.521441
INFO:root:train 2550 1.504555e-01 95.749216 99.523471
INFO:root:train 2600 1.503289e-01 95.745627 99.522419
INFO:root:train 2650 1.506738e-01 95.735100 99.523175
INFO:root:train 2700 1.502268e-01 95.744632 99.525639
INFO:root:train 2750 1.499110e-01 95.747001 99.526877
INFO:root:train 2800 1.499102e-01 95.744823 99.524165
INFO:root:train 2850 1.494823e-01 95.748750 99.528126
INFO:root:train 2900 1.502662e-01 95.734230 99.526026
INFO:root:train 2950 1.502124e-01 95.724966 99.529820
INFO:root:train 3000 1.500004e-01 95.728507 99.532448
INFO:root:train 3050 1.499923e-01 95.730396 99.532428
INFO:root:train 3100 1.499421e-01 95.732223 99.531905
INFO:root:train 3150 1.497330e-01 95.739944 99.533878
INFO:root:train 3200 1.496023e-01 95.744494 99.536278
INFO:root:train 3250 1.494946e-01 95.747943 99.537162
INFO:root:train 3300 1.499270e-01 95.736141 99.535179
INFO:root:train 3350 1.499290e-01 95.731685 99.534654
INFO:root:train 3400 1.501337e-01 95.728738 99.531388
INFO:root:train 3450 1.503930e-01 95.718632 99.531386
INFO:root:train 3500 1.506056e-01 95.712386 99.529152
INFO:root:train 3550 1.507963e-01 95.711155 99.527862
INFO:root:train 3600 1.508853e-01 95.711261 99.525305
INFO:root:train_acc 95.710197
INFO:root:valid 000 4.201300e-01 89.062500 96.875000
INFO:root:valid 050 3.971131e-01 89.859069 97.732843
INFO:root:valid 100 3.865995e-01 90.253713 97.756807
INFO:root:valid 150 3.845771e-01 90.221440 97.744205
INFO:root:valid 200 3.800140e-01 90.376244 97.862251
INFO:root:valid 250 3.838693e-01 90.338645 97.827440
INFO:root:valid 300 3.844527e-01 90.323920 97.773048
INFO:root:valid 350 3.831016e-01 90.424679 97.769765
INFO:root:valid 400 3.825677e-01 90.434071 97.767300
INFO:root:valid 450 3.861862e-01 90.385948 97.730737
INFO:root:valid 500 3.884669e-01 90.387974 97.710828
INFO:root:valid 550 3.887571e-01 90.426497 97.697368
INFO:root:valid 600 3.895178e-01 90.401414 97.712146
INFO:root:test_acc 90.393546
INFO:root:epoch 18 lr 1.231166e-04
INFO:root:train 000 1.653608e-01 98.437500 98.437500
INFO:root:train 050 1.498219e-01 95.680147 99.540441
INFO:root:train 100 1.440164e-01 95.869431 99.551361
INFO:root:train 150 1.477874e-01 95.871275 99.575745
INFO:root:train 200 1.493049e-01 95.895522 99.556903
INFO:root:train 250 1.467265e-01 95.947460 99.551793
INFO:root:train 300 1.441699e-01 95.992525 99.574336
INFO:root:train 350 1.455486e-01 95.935719 99.572650
INFO:root:train 400 1.459112e-01 95.943734 99.575281
INFO:root:train 450 1.458425e-01 95.922256 99.577328
INFO:root:train 500 1.471618e-01 95.858283 99.575848
INFO:root:train 550 1.457087e-01 95.876815 99.577473
INFO:root:train 600 1.476316e-01 95.835067 99.547629
INFO:root:train 650 1.492260e-01 95.814132 99.527170
INFO:root:train 700 1.479903e-01 95.825160 99.527461
INFO:root:train 750 1.489620e-01 95.795190 99.517310
INFO:root:train 800 1.487249e-01 95.819679 99.524032
INFO:root:train 850 1.496940e-01 95.811912 99.515276
INFO:root:train 900 1.489959e-01 95.813679 99.526568
INFO:root:train 950 1.478709e-01 95.854692 99.526814
INFO:root:train 1000 1.479037e-01 95.846341 99.525475
INFO:root:train 1050 1.492099e-01 95.814998 99.519803
INFO:root:train 1100 1.490485e-01 95.800693 99.528837
INFO:root:train 1150 1.487358e-01 95.798490 99.527585
INFO:root:train 1200 1.502907e-01 95.747034 99.518630
INFO:root:train 1250 1.499361e-01 95.754646 99.522882
INFO:root:train 1300 1.497843e-01 95.742458 99.524404
INFO:root:train 1350 1.499882e-01 95.743893 99.522345
INFO:root:train 1400 1.500313e-01 95.747457 99.530469
INFO:root:train 1450 1.504465e-01 95.736776 99.529419
INFO:root:train 1500 1.502566e-01 95.744504 99.529480
INFO:root:train 1550 1.502210e-01 95.734607 99.524500
INFO:root:train 1600 1.500797e-01 95.744847 99.524711
INFO:root:train 1650 1.496934e-01 95.758253 99.525856
INFO:root:train 1700 1.493668e-01 95.760766 99.524177
INFO:root:train 1750 1.494114e-01 95.747965 99.532410
INFO:root:train 1800 1.490805e-01 95.754095 99.532378
INFO:root:train 1850 1.486505e-01 95.762426 99.532347
INFO:root:train 1900 1.484087e-01 95.771140 99.537250
INFO:root:train 1950 1.481858e-01 95.773802 99.538698
INFO:root:train 2000 1.480288e-01 95.769303 99.539293
INFO:root:train 2050 1.478420e-01 95.773403 99.541382
INFO:root:train 2100 1.481326e-01 95.763178 99.538910
INFO:root:train 2150 1.481877e-01 95.762146 99.538006
INFO:root:train 2200 1.481111e-01 95.757610 99.535722
INFO:root:train 2250 1.482357e-01 95.745641 99.531458
INFO:root:train 2300 1.481682e-01 95.753205 99.530096
INFO:root:train 2350 1.484336e-01 95.747820 99.525468
INFO:root:train 2400 1.485095e-01 95.755024 99.519731
INFO:root:train 2450 1.491451e-01 95.742809 99.517416
INFO:root:train 2500 1.493561e-01 95.741079 99.513320
INFO:root:train 2550 1.489489e-01 95.749828 99.516734
INFO:root:train 2600 1.489985e-01 95.747429 99.517013
INFO:root:train 2650 1.487194e-01 95.763391 99.517871
INFO:root:train 2700 1.483697e-01 95.775292 99.517540
INFO:root:train 2750 1.486494e-01 95.765744 99.518925
INFO:root:train 2800 1.490078e-01 95.757654 99.516356
INFO:root:train 2850 1.488985e-01 95.764644 99.518261
INFO:root:train 2900 1.487925e-01 95.761160 99.516331
INFO:root:train 2950 1.488056e-01 95.762030 99.516583
INFO:root:train 3000 1.486553e-01 95.767036 99.517869
INFO:root:train 3050 1.489607e-01 95.763684 99.512967
INFO:root:train 3100 1.490773e-01 95.769006 99.513262
INFO:root:train 3150 1.495599e-01 95.754820 99.510572
INFO:root:train 3200 1.492938e-01 95.762067 99.511383
INFO:root:train 3250 1.491940e-01 95.759478 99.513131
INFO:root:train 3300 1.492739e-01 95.754601 99.513405
INFO:root:train 3350 1.491368e-01 95.755931 99.514604
INFO:root:train 3400 1.492027e-01 95.760438 99.514849
INFO:root:train 3450 1.489851e-01 95.766626 99.515992
INFO:root:train 3500 1.489415e-01 95.764157 99.517549
INFO:root:train 3550 1.490867e-01 95.761317 99.514661
INFO:root:train 3600 1.492690e-01 95.751180 99.515760
INFO:root:train_acc 95.749790
INFO:root:valid 000 3.623248e-01 89.062500 98.437500
INFO:root:valid 050 4.088685e-01 90.073529 97.855392
INFO:root:valid 100 3.847536e-01 90.485767 97.973391
INFO:root:valid 150 3.807954e-01 90.573262 97.951159
INFO:root:valid 200 3.754061e-01 90.663868 98.056592
INFO:root:valid 250 3.790991e-01 90.544074 98.026643
INFO:root:valid 300 3.785988e-01 90.521179 97.985880
INFO:root:valid 350 3.802910e-01 90.500356 97.970085
INFO:root:valid 400 3.801450e-01 90.473036 97.934850
INFO:root:valid 450 3.841235e-01 90.420593 97.872783
INFO:root:valid 500 3.858426e-01 90.416043 97.857410
INFO:root:valid 550 3.866501e-01 90.474705 97.836320
INFO:root:valid 600 3.870106e-01 90.463810 97.823939
INFO:root:test_acc 90.463590
INFO:root:epoch 19 lr 0.000000e+00
INFO:root:train 000 8.512155e-02 98.437500 100.000000
INFO:root:train 050 1.515496e-01 96.231618 99.325980
INFO:root:train 100 1.514953e-01 95.931312 99.381188
INFO:root:train 150 1.550063e-01 95.788493 99.358444
INFO:root:train 200 1.581715e-01 95.600124 99.362562
INFO:root:train 250 1.558318e-01 95.623755 99.371265
INFO:root:train 300 1.557219e-01 95.546096 99.418605
INFO:root:train 350 1.536474e-01 95.543981 99.470264
INFO:root:train 400 1.538421e-01 95.503429 99.481764
INFO:root:train 450 1.543942e-01 95.509978 99.480322
INFO:root:train 500 1.561748e-01 95.512101 99.482285
INFO:root:train 550 1.533568e-01 95.576225 99.492400
INFO:root:train 600 1.532448e-01 95.564684 99.493032
INFO:root:train 650 1.513907e-01 95.646121 99.503168
INFO:root:train 700 1.505142e-01 95.633470 99.520774
INFO:root:train 750 1.500403e-01 95.662034 99.525632
INFO:root:train 800 1.505162e-01 95.646067 99.518180
INFO:root:train 850 1.507260e-01 95.666863 99.509768
INFO:root:train 900 1.501199e-01 95.671476 99.510960
INFO:root:train 950 1.502288e-01 95.678891 99.518599
INFO:root:train 1000 1.512970e-01 95.638736 99.514548
INFO:root:train 1050 1.508305e-01 95.652950 99.518316
INFO:root:train 1100 1.514156e-01 95.634650 99.516065
INFO:root:train 1150 1.508385e-01 95.649164 99.515367
INFO:root:train 1200 1.507157e-01 95.683285 99.508222
INFO:root:train 1250 1.509081e-01 95.697192 99.506645
INFO:root:train 1300 1.503651e-01 95.719639 99.505188
INFO:root:train 1350 1.510780e-01 95.714980 99.499214
INFO:root:train 1400 1.510107e-01 95.708423 99.499242
INFO:root:train 1450 1.508169e-01 95.715239 99.496037
INFO:root:train 1500 1.515155e-01 95.711193 99.486800
INFO:root:train 1550 1.517537e-01 95.705392 99.486219
INFO:root:train 1600 1.510983e-01 95.719472 99.494457
INFO:root:train 1650 1.516005e-01 95.704308 99.488000
INFO:root:train 1700 1.510471e-01 95.724023 99.490190
INFO:root:train 1750 1.507420e-01 95.729226 99.487793
INFO:root:train 1800 1.506664e-01 95.729803 99.488132
INFO:root:train 1850 1.504499e-01 95.727816 99.490985
INFO:root:train 1900 1.504004e-01 95.719358 99.488756
INFO:root:train 1950 1.505123e-01 95.716940 99.488243
INFO:root:train 2000 1.505950e-01 95.727136 99.491660
INFO:root:train 2050 1.502362e-01 95.732265 99.499482
INFO:root:train 2100 1.498479e-01 95.731943 99.501725
INFO:root:train 2150 1.495487e-01 95.740353 99.503138
INFO:root:train 2200 1.497182e-01 95.732054 99.503777
INFO:root:train 2250 1.498023e-01 95.731064 99.501610
INFO:root:train 2300 1.496765e-01 95.743698 99.501575
INFO:root:train 2350 1.495197e-01 95.745162 99.502871
INFO:root:train 2400 1.490098e-01 95.758278 99.506716
INFO:root:train 2450 1.488804e-01 95.760659 99.505941
INFO:root:train 2500 1.485354e-01 95.773566 99.508322
INFO:root:train 2550 1.487843e-01 95.769429 99.505709
INFO:root:train 2600 1.488231e-01 95.769656 99.504397
INFO:root:train 2650 1.491032e-01 95.771053 99.500778
INFO:root:train 2700 1.490270e-01 95.770085 99.502499
INFO:root:train 2750 1.487030e-01 95.773696 99.505862
INFO:root:train 2800 1.490933e-01 95.765463 99.504641
INFO:root:train 2850 1.491599e-01 95.766288 99.504560
INFO:root:train 2900 1.493784e-01 95.764930 99.503943
INFO:root:train 2950 1.491515e-01 95.767325 99.507053
INFO:root:train 3000 1.490080e-01 95.772243 99.509018
INFO:root:train 3050 1.487414e-01 95.779048 99.510406
INFO:root:train 3100 1.487670e-01 95.777572 99.511246
INFO:root:train 3150 1.489938e-01 95.772175 99.510572
INFO:root:train 3200 1.492023e-01 95.766948 99.508943
INFO:root:train 3250 1.494145e-01 95.757075 99.511208
INFO:root:train 3300 1.496398e-01 95.756494 99.508198
INFO:root:train 3350 1.495542e-01 95.750802 99.510407
INFO:root:train 3400 1.494451e-01 95.756303 99.510714
INFO:root:train 3450 1.494550e-01 95.763456 99.510559
INFO:root:train 3500 1.494245e-01 95.764157 99.512193
INFO:root:train 3550 1.495421e-01 95.767037 99.511141
INFO:root:train 3600 1.497269e-01 95.770706 99.510987
INFO:root:train_acc 95.767004
INFO:root:valid 000 5.164510e-01 89.062500 98.437500
INFO:root:valid 050 4.056635e-01 89.675245 97.763480
INFO:root:valid 100 3.942154e-01 90.083540 97.725866
INFO:root:valid 150 3.896827e-01 90.149007 97.806291
INFO:root:valid 200 3.832164e-01 90.244092 97.901119
INFO:root:valid 250 3.856387e-01 90.319970 97.852341
INFO:root:valid 300 3.826992e-01 90.469269 97.856105
INFO:root:valid 350 3.818181e-01 90.491453 97.840990
INFO:root:valid 400 3.835194e-01 90.453554 97.821852
INFO:root:valid 450 3.884013e-01 90.396341 97.775776
INFO:root:valid 500 3.895571e-01 90.403568 97.773204
INFO:root:valid 550 3.892798e-01 90.426497 97.768262
INFO:root:valid 600 3.891320e-01 90.437812 97.790141
INFO:root:test_acc 90.435053
