Workingdir: /home/rkohli/aml-project/src
Started at Tue Sep 10 18:57:11 CEST 2019
Running job combned using 2 cpus per node with given JID 3289353 on queue meta_gpu-black
Experiment dir : eval-EXP-20190910-185715
Experiment dir : ./EXP0/EXP-20190910-185722
09/10 06:57:22 PM gpu device = cuda:0
09/10 06:57:22 PM args = {'data': './data', 'set': 'cifar10', 'batch_size': 32, 'learning_rate': 0.1, 'learning_rate_min': 0.001, 'momentum': 0.9, 'weight_decay': 0.0003, 'report_freq': 50, 'gpu': 'cuda:0', 'epochs': 20, 'init_channels': 8, 'layers': 4, 'model_path': 'saved_models', 'cutout': False, 'cutout_length': 16, 'drop_path_prob': 0.3, 'save': './EXP0/EXP-20190910-185722', 'seed': 0, 'grad_clip': 5, 'train_portion': 0.5, 'unrolled': False, 'arch_learning_rate': 0.0006, 'arch_weight_decay': 0.001}
09/10 06:57:33 PM param size = 0.056538MB
09/10 06:57:33 PM epoch 0 lr 9.939057e-02
09/10 06:57:34 PM genotype = Genotype(normal=[('skip_connect', 1), ('avg_pool_3x3', 0), ('skip_connect', 1), ('dil_conv_3x3', 2), ('dil_conv_5x5', 0), ('skip_connect', 3), ('max_pool_3x3', 0), ('skip_connect', 4)], normal_concat=range(2, 6), reduce=[('max_pool_3x3', 1), ('sep_conv_3x3', 0), ('dil_conv_5x5', 1), ('dil_conv_3x3', 2), ('dil_conv_5x5', 1), ('avg_pool_3x3', 3), ('dil_conv_5x5', 0), ('max_pool_3x3', 3)], reduce_concat=range(2, 6))
tensor([[0.1249, 0.1252, 0.1252, 0.1249, 0.1249, 0.1250, 0.1250, 0.1250],
        [0.1249, 0.1251, 0.1250, 0.1252, 0.1249, 0.1250, 0.1251, 0.1250],
        [0.1250, 0.1249, 0.1251, 0.1251, 0.1249, 0.1250, 0.1251, 0.1249],
        [0.1247, 0.1250, 0.1250, 0.1252, 0.1249, 0.1251, 0.1250, 0.1251],
        [0.1250, 0.1251, 0.1250, 0.1251, 0.1249, 0.1249, 0.1251, 0.1250],
        [0.1247, 0.1249, 0.1251, 0.1250, 0.1251, 0.1249, 0.1251, 0.1251],
        [0.1249, 0.1250, 0.1247, 0.1249, 0.1252, 0.1251, 0.1250, 0.1251],
        [0.1249, 0.1250, 0.1251, 0.1250, 0.1250, 0.1249, 0.1251, 0.1250],
        [0.1250, 0.1250, 0.1251, 0.1251, 0.1250, 0.1250, 0.1250, 0.1250],
        [0.1249, 0.1254, 0.1248, 0.1248, 0.1251, 0.1251, 0.1249, 0.1249],
        [0.1249, 0.1251, 0.1250, 0.1250, 0.1251, 0.1249, 0.1252, 0.1249],
        [0.1249, 0.1251, 0.1251, 0.1248, 0.1252, 0.1251, 0.1250, 0.1248],
        [0.1250, 0.1252, 0.1249, 0.1251, 0.1250, 0.1250, 0.1249, 0.1250],
        [0.1249, 0.1250, 0.1249, 0.1253, 0.1250, 0.1251, 0.1249, 0.1249]],
       device='cuda:0', grad_fn=<SoftmaxBackward>)
tensor([[0.1251, 0.1249, 0.1251, 0.1250, 0.1251, 0.1248, 0.1250, 0.1250],
        [0.1250, 0.1253, 0.1249, 0.1248, 0.1250, 0.1251, 0.1249, 0.1250],
        [0.1249, 0.1250, 0.1247, 0.1251, 0.1249, 0.1250, 0.1252, 0.1253],
        [0.1249, 0.1252, 0.1250, 0.1248, 0.1251, 0.1249, 0.1249, 0.1252],
        [0.1250, 0.1249, 0.1248, 0.1249, 0.1251, 0.1251, 0.1252, 0.1250],
        [0.1249, 0.1248, 0.1249, 0.1251, 0.1250, 0.1250, 0.1250, 0.1253],
        [0.1250, 0.1250, 0.1249, 0.1251, 0.1250, 0.1250, 0.1249, 0.1251],
        [0.1251, 0.1253, 0.1252, 0.1249, 0.1251, 0.1247, 0.1250, 0.1247],
        [0.1251, 0.1250, 0.1251, 0.1250, 0.1250, 0.1248, 0.1251, 0.1250],
        [0.1250, 0.1251, 0.1249, 0.1250, 0.1251, 0.1247, 0.1249, 0.1253],
        [0.1251, 0.1250, 0.1251, 0.1248, 0.1250, 0.1250, 0.1250, 0.1250],
        [0.1250, 0.1250, 0.1249, 0.1249, 0.1251, 0.1248, 0.1252, 0.1250],
        [0.1249, 0.1251, 0.1249, 0.1250, 0.1250, 0.1251, 0.1250, 0.1249],
        [0.1251, 0.1249, 0.1249, 0.1250, 0.1249, 0.1251, 0.1250, 0.1251]],
       device='cuda:0', grad_fn=<SoftmaxBackward>)
tensor([0.3332, 0.3334, 0.3334], device='cuda:0', grad_fn=<SoftmaxBackward>)
09/10 06:57:36 PM train 000 2.313298e+00 3.125000 43.750000
09/10 06:58:16 PM train 050 2.000712e+00 28.370098 79.227941
09/10 06:58:56 PM train 100 1.802272e+00 36.912129 84.405941
09/10 06:59:36 PM train 150 1.655997e+00 42.135762 87.148179
09/10 07:00:16 PM train 200 1.546034e+00 46.626244 88.961443
09/10 07:00:56 PM train 250 1.443917e+00 50.236554 90.488048
09/10 07:01:36 PM train 300 1.353530e+00 53.696013 91.549003
09/10 07:02:16 PM train 350 1.269077e+00 56.766382 92.370014
09/10 07:02:56 PM train 400 1.197658e+00 59.452930 93.072007
09/10 07:03:36 PM train 450 1.139124e+00 61.481430 93.590632
09/10 07:04:16 PM train 500 1.086253e+00 63.410679 94.024451
09/10 07:04:56 PM train 550 1.036953e+00 65.120236 94.413566
09/10 07:05:36 PM train 600 9.906579e-01 66.810524 94.769135
09/10 07:06:16 PM train 650 9.480149e-01 68.327573 95.084485
09/10 07:06:56 PM train 700 9.110287e-01 69.646041 95.363766
09/10 07:07:36 PM train 750 8.786353e-01 70.788948 95.618342
09/10 07:08:16 PM train 800 8.471844e-01 71.902310 95.829432
09/10 07:08:56 PM train 850 8.167361e-01 73.024383 96.041422
09/10 07:09:36 PM train 900 7.908058e-01 73.876249 96.222947
09/10 07:10:05 PM train_acc 74.413333
09/10 07:10:06 PM epoch 1 lr 9.757730e-02
09/10 07:10:06 PM genotype = Genotype(normal=[('skip_connect', 1), ('avg_pool_3x3', 0), ('skip_connect', 1), ('dil_conv_3x3', 2), ('dil_conv_5x5', 0), ('skip_connect', 3), ('max_pool_3x3', 0), ('skip_connect', 4)], normal_concat=range(2, 6), reduce=[('max_pool_3x3', 1), ('sep_conv_3x3', 0), ('dil_conv_5x5', 1), ('dil_conv_3x3', 2), ('dil_conv_5x5', 1), ('avg_pool_3x3', 3), ('dil_conv_5x5', 0), ('max_pool_3x3', 3)], reduce_concat=range(2, 6))
tensor([[0.1249, 0.1252, 0.1252, 0.1249, 0.1249, 0.1250, 0.1250, 0.1250],
        [0.1249, 0.1251, 0.1250, 0.1252, 0.1249, 0.1250, 0.1251, 0.1250],
        [0.1250, 0.1249, 0.1251, 0.1251, 0.1249, 0.1250, 0.1251, 0.1249],
        [0.1247, 0.1250, 0.1250, 0.1252, 0.1249, 0.1251, 0.1250, 0.1251],
        [0.1250, 0.1251, 0.1250, 0.1251, 0.1249, 0.1249, 0.1251, 0.1250],
        [0.1247, 0.1249, 0.1251, 0.1250, 0.1251, 0.1249, 0.1251, 0.1251],
        [0.1249, 0.1250, 0.1247, 0.1249, 0.1252, 0.1251, 0.1250, 0.1251],
        [0.1249, 0.1250, 0.1251, 0.1250, 0.1250, 0.1249, 0.1251, 0.1250],
        [0.1250, 0.1250, 0.1251, 0.1251, 0.1250, 0.1250, 0.1250, 0.1250],
        [0.1249, 0.1254, 0.1248, 0.1248, 0.1251, 0.1251, 0.1249, 0.1249],
        [0.1249, 0.1251, 0.1250, 0.1250, 0.1251, 0.1249, 0.1252, 0.1249],
        [0.1249, 0.1251, 0.1251, 0.1248, 0.1252, 0.1251, 0.1250, 0.1248],
        [0.1250, 0.1252, 0.1249, 0.1251, 0.1250, 0.1250, 0.1249, 0.1250],
        [0.1249, 0.1250, 0.1249, 0.1253, 0.1250, 0.1251, 0.1249, 0.1249]],
       device='cuda:0', grad_fn=<SoftmaxBackward>)
tensor([[0.1251, 0.1249, 0.1251, 0.1250, 0.1251, 0.1248, 0.1250, 0.1250],
        [0.1250, 0.1253, 0.1249, 0.1248, 0.1250, 0.1251, 0.1249, 0.1250],
        [0.1249, 0.1250, 0.1247, 0.1251, 0.1249, 0.1250, 0.1252, 0.1253],
        [0.1249, 0.1252, 0.1250, 0.1248, 0.1251, 0.1249, 0.1249, 0.1252],
        [0.1250, 0.1249, 0.1248, 0.1249, 0.1251, 0.1251, 0.1252, 0.1250],
        [0.1249, 0.1248, 0.1249, 0.1251, 0.1250, 0.1250, 0.1250, 0.1253],
        [0.1250, 0.1250, 0.1249, 0.1251, 0.1250, 0.1250, 0.1249, 0.1251],
        [0.1251, 0.1253, 0.1252, 0.1249, 0.1251, 0.1247, 0.1250, 0.1247],
        [0.1251, 0.1250, 0.1251, 0.1250, 0.1250, 0.1248, 0.1251, 0.1250],
        [0.1250, 0.1251, 0.1249, 0.1250, 0.1251, 0.1247, 0.1249, 0.1253],
        [0.1251, 0.1250, 0.1251, 0.1248, 0.1250, 0.1250, 0.1250, 0.1250],
        [0.1250, 0.1250, 0.1249, 0.1249, 0.1251, 0.1248, 0.1252, 0.1250],
        [0.1249, 0.1251, 0.1249, 0.1250, 0.1250, 0.1251, 0.1250, 0.1249],
        [0.1251, 0.1249, 0.1249, 0.1250, 0.1249, 0.1251, 0.1250, 0.1251]],
       device='cuda:0', grad_fn=<SoftmaxBackward>)
tensor([0.3332, 0.3334, 0.3334], device='cuda:0', grad_fn=<SoftmaxBackward>)
09/10 07:10:06 PM train 000 3.158833e-01 90.625000 100.000000
09/10 07:10:46 PM train 050 3.455771e-01 89.889706 98.958333
09/10 07:11:26 PM train 100 3.418588e-01 89.727723 99.009901
09/10 07:12:06 PM train 150 3.246237e-01 89.962748 99.192881
09/10 07:12:46 PM train 200 3.221297e-01 90.143035 99.253731
09/10 07:13:26 PM train 250 3.172731e-01 90.276394 99.228088
09/10 07:14:06 PM train 300 3.144226e-01 90.458887 99.221346
09/10 07:14:46 PM train 350 3.065874e-01 90.803063 99.243234
09/10 07:15:26 PM train 400 3.002678e-01 90.858791 99.314214
09/10 07:16:06 PM train 450 2.942389e-01 91.006098 99.334812
09/10 07:16:46 PM train 500 2.908546e-01 91.161427 99.370010
09/10 07:17:26 PM train 550 2.835795e-01 91.379310 99.404492
09/10 07:18:06 PM train 600 2.813877e-01 91.430948 99.407238
09/10 07:18:46 PM train 650 2.787469e-01 91.537058 99.414363
09/10 07:19:26 PM train 700 2.751946e-01 91.623573 99.424929
09/10 07:20:06 PM train 750 2.722277e-01 91.706891 99.442410
09/10 07:20:46 PM train 800 2.676029e-01 91.861735 99.473315
09/10 07:21:26 PM train 850 2.653710e-01 91.913925 99.482227
09/10 07:22:06 PM train 900 2.639996e-01 91.998474 99.493618
09/10 07:22:35 PM train_acc 92.026667
09/10 07:22:36 PM epoch 2 lr 9.460482e-02
09/10 07:22:36 PM genotype = Genotype(normal=[('skip_connect', 1), ('avg_pool_3x3', 0), ('skip_connect', 1), ('dil_conv_3x3', 2), ('dil_conv_5x5', 0), ('skip_connect', 3), ('max_pool_3x3', 0), ('skip_connect', 4)], normal_concat=range(2, 6), reduce=[('max_pool_3x3', 1), ('sep_conv_3x3', 0), ('dil_conv_5x5', 1), ('dil_conv_3x3', 2), ('dil_conv_5x5', 1), ('avg_pool_3x3', 3), ('dil_conv_5x5', 0), ('max_pool_3x3', 3)], reduce_concat=range(2, 6))
tensor([[0.1249, 0.1252, 0.1252, 0.1249, 0.1249, 0.1250, 0.1250, 0.1250],
        [0.1249, 0.1251, 0.1250, 0.1252, 0.1249, 0.1250, 0.1251, 0.1250],
        [0.1250, 0.1249, 0.1251, 0.1251, 0.1249, 0.1250, 0.1251, 0.1249],
        [0.1247, 0.1250, 0.1250, 0.1252, 0.1249, 0.1251, 0.1250, 0.1251],
        [0.1250, 0.1251, 0.1250, 0.1251, 0.1249, 0.1249, 0.1251, 0.1250],
        [0.1247, 0.1249, 0.1251, 0.1250, 0.1251, 0.1249, 0.1251, 0.1251],
        [0.1249, 0.1250, 0.1247, 0.1249, 0.1252, 0.1251, 0.1250, 0.1251],
        [0.1249, 0.1250, 0.1251, 0.1250, 0.1250, 0.1249, 0.1251, 0.1250],
        [0.1250, 0.1250, 0.1251, 0.1251, 0.1250, 0.1250, 0.1250, 0.1250],
        [0.1249, 0.1254, 0.1248, 0.1248, 0.1251, 0.1251, 0.1249, 0.1249],
        [0.1249, 0.1251, 0.1250, 0.1250, 0.1251, 0.1249, 0.1252, 0.1249],
        [0.1249, 0.1251, 0.1251, 0.1248, 0.1252, 0.1251, 0.1250, 0.1248],
        [0.1250, 0.1252, 0.1249, 0.1251, 0.1250, 0.1250, 0.1249, 0.1250],
        [0.1249, 0.1250, 0.1249, 0.1253, 0.1250, 0.1251, 0.1249, 0.1249]],
       device='cuda:0', grad_fn=<SoftmaxBackward>)
tensor([[0.1251, 0.1249, 0.1251, 0.1250, 0.1251, 0.1248, 0.1250, 0.1250],
        [0.1250, 0.1253, 0.1249, 0.1248, 0.1250, 0.1251, 0.1249, 0.1250],
        [0.1249, 0.1250, 0.1247, 0.1251, 0.1249, 0.1250, 0.1252, 0.1253],
        [0.1249, 0.1252, 0.1250, 0.1248, 0.1251, 0.1249, 0.1249, 0.1252],
        [0.1250, 0.1249, 0.1248, 0.1249, 0.1251, 0.1251, 0.1252, 0.1250],
        [0.1249, 0.1248, 0.1249, 0.1251, 0.1250, 0.1250, 0.1250, 0.1253],
        [0.1250, 0.1250, 0.1249, 0.1251, 0.1250, 0.1250, 0.1249, 0.1251],
        [0.1251, 0.1253, 0.1252, 0.1249, 0.1251, 0.1247, 0.1250, 0.1247],
        [0.1251, 0.1250, 0.1251, 0.1250, 0.1250, 0.1248, 0.1251, 0.1250],
        [0.1250, 0.1251, 0.1249, 0.1250, 0.1251, 0.1247, 0.1249, 0.1253],
        [0.1251, 0.1250, 0.1251, 0.1248, 0.1250, 0.1250, 0.1250, 0.1250],
        [0.1250, 0.1250, 0.1249, 0.1249, 0.1251, 0.1248, 0.1252, 0.1250],
        [0.1249, 0.1251, 0.1249, 0.1250, 0.1250, 0.1251, 0.1250, 0.1249],
        [0.1251, 0.1249, 0.1249, 0.1250, 0.1249, 0.1251, 0.1250, 0.1251]],
       device='cuda:0', grad_fn=<SoftmaxBackward>)
tensor([0.3332, 0.3334, 0.3334], device='cuda:0', grad_fn=<SoftmaxBackward>)
09/10 07:22:36 PM train 000 1.430309e-01 93.750000 100.000000
09/10 07:23:16 PM train 050 2.162980e-01 93.137255 99.816176
09/10 07:23:56 PM train 100 2.125629e-01 93.502475 99.814356
09/10 07:24:36 PM train 150 2.138400e-01 93.770695 99.710265
09/10 07:25:16 PM train 200 2.163699e-01 93.563433 99.720149
09/10 07:25:56 PM train 250 2.148338e-01 93.613048 99.713645
09/10 07:26:36 PM train 300 2.092022e-01 93.801910 99.719684
09/10 07:27:16 PM train 350 2.095893e-01 93.669872 99.724003
09/10 07:27:56 PM train 400 2.057714e-01 93.804551 99.719451
09/10 07:28:36 PM train 450 2.027423e-01 93.888581 99.722838
09/10 07:29:16 PM train 500 2.011689e-01 93.987026 99.719311
09/10 07:29:56 PM train 550 2.002632e-01 93.993875 99.716425
09/10 07:30:36 PM train 600 2.003549e-01 93.978785 99.729617
09/10 07:31:16 PM train 650 2.003140e-01 93.975614 99.716782
09/10 07:31:56 PM train 700 2.008186e-01 93.977354 99.705777
09/10 07:32:36 PM train 750 1.968910e-01 94.082889 99.725366
09/10 07:33:16 PM train 800 1.945396e-01 94.124532 99.730805
09/10 07:33:56 PM train 850 1.940814e-01 94.146592 99.728261
09/10 07:34:36 PM train 900 1.924886e-01 94.193951 99.722531
09/10 07:35:06 PM train_acc 94.200000
09/10 07:35:06 PM epoch 3 lr 9.054634e-02
09/10 07:35:06 PM genotype = Genotype(normal=[('skip_connect', 1), ('avg_pool_3x3', 0), ('skip_connect', 1), ('dil_conv_3x3', 2), ('dil_conv_5x5', 0), ('skip_connect', 3), ('max_pool_3x3', 0), ('skip_connect', 4)], normal_concat=range(2, 6), reduce=[('max_pool_3x3', 1), ('sep_conv_3x3', 0), ('dil_conv_5x5', 1), ('dil_conv_3x3', 2), ('dil_conv_5x5', 1), ('avg_pool_3x3', 3), ('dil_conv_5x5', 0), ('max_pool_3x3', 3)], reduce_concat=range(2, 6))
tensor([[0.1249, 0.1252, 0.1252, 0.1249, 0.1249, 0.1250, 0.1250, 0.1250],
        [0.1249, 0.1251, 0.1250, 0.1252, 0.1249, 0.1250, 0.1251, 0.1250],
        [0.1250, 0.1249, 0.1251, 0.1251, 0.1249, 0.1250, 0.1251, 0.1249],
        [0.1247, 0.1250, 0.1250, 0.1252, 0.1249, 0.1251, 0.1250, 0.1251],
        [0.1250, 0.1251, 0.1250, 0.1251, 0.1249, 0.1249, 0.1251, 0.1250],
        [0.1247, 0.1249, 0.1251, 0.1250, 0.1251, 0.1249, 0.1251, 0.1251],
        [0.1249, 0.1250, 0.1247, 0.1249, 0.1252, 0.1251, 0.1250, 0.1251],
        [0.1249, 0.1250, 0.1251, 0.1250, 0.1250, 0.1249, 0.1251, 0.1250],
        [0.1250, 0.1250, 0.1251, 0.1251, 0.1250, 0.1250, 0.1250, 0.1250],
        [0.1249, 0.1254, 0.1248, 0.1248, 0.1251, 0.1251, 0.1249, 0.1249],
        [0.1249, 0.1251, 0.1250, 0.1250, 0.1251, 0.1249, 0.1252, 0.1249],
        [0.1249, 0.1251, 0.1251, 0.1248, 0.1252, 0.1251, 0.1250, 0.1248],
        [0.1250, 0.1252, 0.1249, 0.1251, 0.1250, 0.1250, 0.1249, 0.1250],
        [0.1249, 0.1250, 0.1249, 0.1253, 0.1250, 0.1251, 0.1249, 0.1249]],
       device='cuda:0', grad_fn=<SoftmaxBackward>)
tensor([[0.1251, 0.1249, 0.1251, 0.1250, 0.1251, 0.1248, 0.1250, 0.1250],
        [0.1250, 0.1253, 0.1249, 0.1248, 0.1250, 0.1251, 0.1249, 0.1250],
        [0.1249, 0.1250, 0.1247, 0.1251, 0.1249, 0.1250, 0.1252, 0.1253],
        [0.1249, 0.1252, 0.1250, 0.1248, 0.1251, 0.1249, 0.1249, 0.1252],
        [0.1250, 0.1249, 0.1248, 0.1249, 0.1251, 0.1251, 0.1252, 0.1250],
        [0.1249, 0.1248, 0.1249, 0.1251, 0.1250, 0.1250, 0.1250, 0.1253],
        [0.1250, 0.1250, 0.1249, 0.1251, 0.1250, 0.1250, 0.1249, 0.1251],
        [0.1251, 0.1253, 0.1252, 0.1249, 0.1251, 0.1247, 0.1250, 0.1247],
        [0.1251, 0.1250, 0.1251, 0.1250, 0.1250, 0.1248, 0.1251, 0.1250],
        [0.1250, 0.1251, 0.1249, 0.1250, 0.1251, 0.1247, 0.1249, 0.1253],
        [0.1251, 0.1250, 0.1251, 0.1248, 0.1250, 0.1250, 0.1250, 0.1250],
        [0.1250, 0.1250, 0.1249, 0.1249, 0.1251, 0.1248, 0.1252, 0.1250],
        [0.1249, 0.1251, 0.1249, 0.1250, 0.1250, 0.1251, 0.1250, 0.1249],
        [0.1251, 0.1249, 0.1249, 0.1250, 0.1249, 0.1251, 0.1250, 0.1251]],
       device='cuda:0', grad_fn=<SoftmaxBackward>)
tensor([0.3332, 0.3334, 0.3334], device='cuda:0', grad_fn=<SoftmaxBackward>)
09/10 07:35:07 PM train 000 3.171175e-01 87.500000 96.875000
09/10 07:35:47 PM train 050 1.494076e-01 95.465686 99.938725
09/10 07:36:27 PM train 100 1.357425e-01 95.606436 99.938119
09/10 07:37:07 PM train 150 1.372787e-01 95.633278 99.917219
09/10 07:37:47 PM train 200 1.471779e-01 95.460199 99.922264
09/10 07:38:27 PM train 250 1.507540e-01 95.380976 99.912849
09/10 07:39:07 PM train 300 1.536461e-01 95.234635 99.906561
09/10 07:39:47 PM train 350 1.579642e-01 95.156695 99.893162
09/10 07:40:28 PM train 400 1.574881e-01 95.277431 99.859726
09/10 07:41:08 PM train 450 1.554840e-01 95.329823 99.854490
09/10 07:41:48 PM train 500 1.548618e-01 95.271956 99.856537
09/10 07:42:28 PM train 550 1.579810e-01 95.179220 99.852541
09/10 07:43:10 PM train 600 1.588908e-01 95.107113 99.849210
09/10 07:43:51 PM train 650 1.585665e-01 95.108487 99.836790
09/10 07:44:31 PM train 700 1.596021e-01 95.047254 99.826141
09/10 07:45:10 PM train 750 1.601058e-01 95.031625 99.821072
09/10 07:45:50 PM train 800 1.593541e-01 95.084270 99.816635
09/10 07:46:30 PM train 850 1.572278e-01 95.156434 99.827409
09/10 07:47:10 PM train 900 1.565644e-01 95.189373 99.823113
09/10 07:47:40 PM train_acc 95.223333
09/10 07:47:40 PM epoch 4 lr 8.550179e-02
09/10 07:47:40 PM genotype = Genotype(normal=[('skip_connect', 1), ('avg_pool_3x3', 0), ('skip_connect', 1), ('dil_conv_3x3', 2), ('dil_conv_5x5', 0), ('skip_connect', 3), ('max_pool_3x3', 0), ('skip_connect', 4)], normal_concat=range(2, 6), reduce=[('max_pool_3x3', 1), ('sep_conv_3x3', 0), ('dil_conv_5x5', 1), ('dil_conv_3x3', 2), ('dil_conv_5x5', 1), ('avg_pool_3x3', 3), ('dil_conv_5x5', 0), ('max_pool_3x3', 3)], reduce_concat=range(2, 6))
tensor([[0.1249, 0.1252, 0.1252, 0.1249, 0.1249, 0.1250, 0.1250, 0.1250],
        [0.1249, 0.1251, 0.1250, 0.1252, 0.1249, 0.1250, 0.1251, 0.1250],
        [0.1250, 0.1249, 0.1251, 0.1251, 0.1249, 0.1250, 0.1251, 0.1249],
        [0.1247, 0.1250, 0.1250, 0.1252, 0.1249, 0.1251, 0.1250, 0.1251],
        [0.1250, 0.1251, 0.1250, 0.1251, 0.1249, 0.1249, 0.1251, 0.1250],
        [0.1247, 0.1249, 0.1251, 0.1250, 0.1251, 0.1249, 0.1251, 0.1251],
        [0.1249, 0.1250, 0.1247, 0.1249, 0.1252, 0.1251, 0.1250, 0.1251],
        [0.1249, 0.1250, 0.1251, 0.1250, 0.1250, 0.1249, 0.1251, 0.1250],
        [0.1250, 0.1250, 0.1251, 0.1251, 0.1250, 0.1250, 0.1250, 0.1250],
        [0.1249, 0.1254, 0.1248, 0.1248, 0.1251, 0.1251, 0.1249, 0.1249],
        [0.1249, 0.1251, 0.1250, 0.1250, 0.1251, 0.1249, 0.1252, 0.1249],
        [0.1249, 0.1251, 0.1251, 0.1248, 0.1252, 0.1251, 0.1250, 0.1248],
        [0.1250, 0.1252, 0.1249, 0.1251, 0.1250, 0.1250, 0.1249, 0.1250],
        [0.1249, 0.1250, 0.1249, 0.1253, 0.1250, 0.1251, 0.1249, 0.1249]],
       device='cuda:0', grad_fn=<SoftmaxBackward>)
tensor([[0.1251, 0.1249, 0.1251, 0.1250, 0.1251, 0.1248, 0.1250, 0.1250],
        [0.1250, 0.1253, 0.1249, 0.1248, 0.1250, 0.1251, 0.1249, 0.1250],
        [0.1249, 0.1250, 0.1247, 0.1251, 0.1249, 0.1250, 0.1252, 0.1253],
        [0.1249, 0.1252, 0.1250, 0.1248, 0.1251, 0.1249, 0.1249, 0.1252],
        [0.1250, 0.1249, 0.1248, 0.1249, 0.1251, 0.1251, 0.1252, 0.1250],
        [0.1249, 0.1248, 0.1249, 0.1251, 0.1250, 0.1250, 0.1250, 0.1253],
        [0.1250, 0.1250, 0.1249, 0.1251, 0.1250, 0.1250, 0.1249, 0.1251],
        [0.1251, 0.1253, 0.1252, 0.1249, 0.1251, 0.1247, 0.1250, 0.1247],
        [0.1251, 0.1250, 0.1251, 0.1250, 0.1250, 0.1248, 0.1251, 0.1250],
        [0.1250, 0.1251, 0.1249, 0.1250, 0.1251, 0.1247, 0.1249, 0.1253],
        [0.1251, 0.1250, 0.1251, 0.1248, 0.1250, 0.1250, 0.1250, 0.1250],
        [0.1250, 0.1250, 0.1249, 0.1249, 0.1251, 0.1248, 0.1252, 0.1250],
        [0.1249, 0.1251, 0.1249, 0.1250, 0.1250, 0.1251, 0.1250, 0.1249],
        [0.1251, 0.1249, 0.1249, 0.1250, 0.1249, 0.1251, 0.1250, 0.1251]],
       device='cuda:0', grad_fn=<SoftmaxBackward>)
tensor([0.3332, 0.3334, 0.3334], device='cuda:0', grad_fn=<SoftmaxBackward>)
09/10 07:47:41 PM train 000 1.387824e-01 93.750000 100.000000
09/10 07:48:21 PM train 050 1.518089e-01 95.098039 99.877451
09/10 07:49:01 PM train 100 1.445374e-01 95.575495 99.783416
09/10 07:49:41 PM train 150 1.415588e-01 95.819536 99.793046
09/10 07:50:21 PM train 200 1.399013e-01 95.771144 99.797886
09/10 07:51:01 PM train 250 1.357075e-01 95.891434 99.800797
09/10 07:51:41 PM train 300 1.363483e-01 95.795266 99.792359
09/10 07:52:21 PM train 350 1.368439e-01 95.699786 99.795228
09/10 07:53:01 PM train 400 1.340240e-01 95.822943 99.812968
09/10 07:53:41 PM train 450 1.368343e-01 95.766353 99.819845
09/10 07:54:21 PM train 500 1.370092e-01 95.777196 99.819112
09/10 07:55:01 PM train 550 1.363440e-01 95.791742 99.812840
09/10 07:55:41 PM train 600 1.362103e-01 95.814268 99.828411
09/10 07:56:21 PM train 650 1.342512e-01 95.876536 99.836790
09/10 07:57:01 PM train 700 1.337596e-01 95.925464 99.830599
09/10 07:57:41 PM train 750 1.339014e-01 95.934587 99.837716
09/10 07:58:21 PM train 800 1.340339e-01 95.938670 99.836142
09/10 07:59:01 PM train 850 1.328610e-01 95.956962 99.842098
09/10 07:59:41 PM train 900 1.341789e-01 95.896920 99.840455
09/10 08:00:11 PM train_acc 95.893333
09/10 08:00:11 PM epoch 5 lr 7.959537e-02
09/10 08:00:11 PM genotype = Genotype(normal=[('skip_connect', 1), ('avg_pool_3x3', 0), ('skip_connect', 1), ('dil_conv_3x3', 2), ('dil_conv_5x5', 0), ('skip_connect', 3), ('max_pool_3x3', 0), ('skip_connect', 4)], normal_concat=range(2, 6), reduce=[('max_pool_3x3', 1), ('sep_conv_3x3', 0), ('dil_conv_5x5', 1), ('dil_conv_3x3', 2), ('dil_conv_5x5', 1), ('avg_pool_3x3', 3), ('dil_conv_5x5', 0), ('max_pool_3x3', 3)], reduce_concat=range(2, 6))
tensor([[0.1249, 0.1252, 0.1252, 0.1249, 0.1249, 0.1250, 0.1250, 0.1250],
        [0.1249, 0.1251, 0.1250, 0.1252, 0.1249, 0.1250, 0.1251, 0.1250],
        [0.1250, 0.1249, 0.1251, 0.1251, 0.1249, 0.1250, 0.1251, 0.1249],
        [0.1247, 0.1250, 0.1250, 0.1252, 0.1249, 0.1251, 0.1250, 0.1251],
        [0.1250, 0.1251, 0.1250, 0.1251, 0.1249, 0.1249, 0.1251, 0.1250],
        [0.1247, 0.1249, 0.1251, 0.1250, 0.1251, 0.1249, 0.1251, 0.1251],
        [0.1249, 0.1250, 0.1247, 0.1249, 0.1252, 0.1251, 0.1250, 0.1251],
        [0.1249, 0.1250, 0.1251, 0.1250, 0.1250, 0.1249, 0.1251, 0.1250],
        [0.1250, 0.1250, 0.1251, 0.1251, 0.1250, 0.1250, 0.1250, 0.1250],
        [0.1249, 0.1254, 0.1248, 0.1248, 0.1251, 0.1251, 0.1249, 0.1249],
        [0.1249, 0.1251, 0.1250, 0.1250, 0.1251, 0.1249, 0.1252, 0.1249],
        [0.1249, 0.1251, 0.1251, 0.1248, 0.1252, 0.1251, 0.1250, 0.1248],
        [0.1250, 0.1252, 0.1249, 0.1251, 0.1250, 0.1250, 0.1249, 0.1250],
        [0.1249, 0.1250, 0.1249, 0.1253, 0.1250, 0.1251, 0.1249, 0.1249]],
       device='cuda:0', grad_fn=<SoftmaxBackward>)
tensor([[0.1251, 0.1249, 0.1251, 0.1250, 0.1251, 0.1248, 0.1250, 0.1250],
        [0.1250, 0.1253, 0.1249, 0.1248, 0.1250, 0.1251, 0.1249, 0.1250],
        [0.1249, 0.1250, 0.1247, 0.1251, 0.1249, 0.1250, 0.1252, 0.1253],
        [0.1249, 0.1252, 0.1250, 0.1248, 0.1251, 0.1249, 0.1249, 0.1252],
        [0.1250, 0.1249, 0.1248, 0.1249, 0.1251, 0.1251, 0.1252, 0.1250],
        [0.1249, 0.1248, 0.1249, 0.1251, 0.1250, 0.1250, 0.1250, 0.1253],
        [0.1250, 0.1250, 0.1249, 0.1251, 0.1250, 0.1250, 0.1249, 0.1251],
        [0.1251, 0.1253, 0.1252, 0.1249, 0.1251, 0.1247, 0.1250, 0.1247],
        [0.1251, 0.1250, 0.1251, 0.1250, 0.1250, 0.1248, 0.1251, 0.1250],
        [0.1250, 0.1251, 0.1249, 0.1250, 0.1251, 0.1247, 0.1249, 0.1253],
        [0.1251, 0.1250, 0.1251, 0.1248, 0.1250, 0.1250, 0.1250, 0.1250],
        [0.1250, 0.1250, 0.1249, 0.1249, 0.1251, 0.1248, 0.1252, 0.1250],
        [0.1249, 0.1251, 0.1249, 0.1250, 0.1250, 0.1251, 0.1250, 0.1249],
        [0.1251, 0.1249, 0.1249, 0.1250, 0.1249, 0.1251, 0.1250, 0.1251]],
       device='cuda:0', grad_fn=<SoftmaxBackward>)
tensor([0.3332, 0.3334, 0.3334], device='cuda:0', grad_fn=<SoftmaxBackward>)
09/10 08:00:12 PM train 000 1.692723e-01 96.875000 96.875000
09/10 08:00:52 PM train 050 1.181047e-01 96.078431 99.938725
09/10 08:01:31 PM train 100 1.219261e-01 96.194307 99.907178
09/10 08:02:11 PM train 150 1.305932e-01 96.026490 99.855132
09/10 08:02:51 PM train 200 1.217349e-01 96.330846 99.860075
09/10 08:03:31 PM train 250 1.241962e-01 96.364542 99.825697
09/10 08:04:11 PM train 300 1.280328e-01 96.137874 99.844269
09/10 08:04:51 PM train 350 1.277919e-01 96.091524 99.866453
09/10 08:05:31 PM train 400 1.263439e-01 96.181421 99.867519
09/10 08:06:11 PM train 450 1.272322e-01 96.092018 99.861419
09/10 08:06:51 PM train 500 1.281080e-01 96.076597 99.856537
09/10 08:07:31 PM train 550 1.286292e-01 96.052632 99.858212
09/10 08:08:11 PM train 600 1.280265e-01 96.053453 99.864809
09/10 08:08:51 PM train 650 1.265708e-01 96.106951 99.870392
09/10 08:09:31 PM train 700 1.269671e-01 96.112696 99.857347
09/10 08:10:11 PM train 750 1.267038e-01 96.096871 99.866844
09/10 08:10:51 PM train 800 1.261082e-01 96.110331 99.871255
09/10 08:11:31 PM train 850 1.270908e-01 96.107521 99.867803
09/10 08:12:11 PM train 900 1.278755e-01 96.101554 99.864734
09/10 08:12:41 PM train_acc 96.090000
09/10 08:12:41 PM epoch 6 lr 7.297253e-02
09/10 08:12:41 PM genotype = Genotype(normal=[('skip_connect', 1), ('avg_pool_3x3', 0), ('skip_connect', 1), ('dil_conv_3x3', 2), ('dil_conv_5x5', 0), ('skip_connect', 3), ('max_pool_3x3', 0), ('skip_connect', 4)], normal_concat=range(2, 6), reduce=[('max_pool_3x3', 1), ('sep_conv_3x3', 0), ('dil_conv_5x5', 1), ('dil_conv_3x3', 2), ('dil_conv_5x5', 1), ('avg_pool_3x3', 3), ('dil_conv_5x5', 0), ('max_pool_3x3', 3)], reduce_concat=range(2, 6))
tensor([[0.1249, 0.1252, 0.1252, 0.1249, 0.1249, 0.1250, 0.1250, 0.1250],
        [0.1249, 0.1251, 0.1250, 0.1252, 0.1249, 0.1250, 0.1251, 0.1250],
        [0.1250, 0.1249, 0.1251, 0.1251, 0.1249, 0.1250, 0.1251, 0.1249],
        [0.1247, 0.1250, 0.1250, 0.1252, 0.1249, 0.1251, 0.1250, 0.1251],
        [0.1250, 0.1251, 0.1250, 0.1251, 0.1249, 0.1249, 0.1251, 0.1250],
        [0.1247, 0.1249, 0.1251, 0.1250, 0.1251, 0.1249, 0.1251, 0.1251],
        [0.1249, 0.1250, 0.1247, 0.1249, 0.1252, 0.1251, 0.1250, 0.1251],
        [0.1249, 0.1250, 0.1251, 0.1250, 0.1250, 0.1249, 0.1251, 0.1250],
        [0.1250, 0.1250, 0.1251, 0.1251, 0.1250, 0.1250, 0.1250, 0.1250],
        [0.1249, 0.1254, 0.1248, 0.1248, 0.1251, 0.1251, 0.1249, 0.1249],
        [0.1249, 0.1251, 0.1250, 0.1250, 0.1251, 0.1249, 0.1252, 0.1249],
        [0.1249, 0.1251, 0.1251, 0.1248, 0.1252, 0.1251, 0.1250, 0.1248],
        [0.1250, 0.1252, 0.1249, 0.1251, 0.1250, 0.1250, 0.1249, 0.1250],
        [0.1249, 0.1250, 0.1249, 0.1253, 0.1250, 0.1251, 0.1249, 0.1249]],
       device='cuda:0', grad_fn=<SoftmaxBackward>)
tensor([[0.1251, 0.1249, 0.1251, 0.1250, 0.1251, 0.1248, 0.1250, 0.1250],
        [0.1250, 0.1253, 0.1249, 0.1248, 0.1250, 0.1251, 0.1249, 0.1250],
        [0.1249, 0.1250, 0.1247, 0.1251, 0.1249, 0.1250, 0.1252, 0.1253],
        [0.1249, 0.1252, 0.1250, 0.1248, 0.1251, 0.1249, 0.1249, 0.1252],
        [0.1250, 0.1249, 0.1248, 0.1249, 0.1251, 0.1251, 0.1252, 0.1250],
        [0.1249, 0.1248, 0.1249, 0.1251, 0.1250, 0.1250, 0.1250, 0.1253],
        [0.1250, 0.1250, 0.1249, 0.1251, 0.1250, 0.1250, 0.1249, 0.1251],
        [0.1251, 0.1253, 0.1252, 0.1249, 0.1251, 0.1247, 0.1250, 0.1247],
        [0.1251, 0.1250, 0.1251, 0.1250, 0.1250, 0.1248, 0.1251, 0.1250],
        [0.1250, 0.1251, 0.1249, 0.1250, 0.1251, 0.1247, 0.1249, 0.1253],
        [0.1251, 0.1250, 0.1251, 0.1248, 0.1250, 0.1250, 0.1250, 0.1250],
        [0.1250, 0.1250, 0.1249, 0.1249, 0.1251, 0.1248, 0.1252, 0.1250],
        [0.1249, 0.1251, 0.1249, 0.1250, 0.1250, 0.1251, 0.1250, 0.1249],
        [0.1251, 0.1249, 0.1249, 0.1250, 0.1249, 0.1251, 0.1250, 0.1251]],
       device='cuda:0', grad_fn=<SoftmaxBackward>)
tensor([0.3332, 0.3334, 0.3334], device='cuda:0', grad_fn=<SoftmaxBackward>)
09/10 08:12:42 PM train 000 1.131283e-01 93.750000 100.000000
09/10 08:13:22 PM train 050 9.399566e-02 97.242647 100.000000
09/10 08:14:02 PM train 100 9.058970e-02 97.246287 100.000000
09/10 08:14:42 PM train 150 9.235191e-02 97.081954 100.000000
09/10 08:15:22 PM train 200 9.931953e-02 96.968284 99.953358
09/10 08:16:02 PM train 250 1.037514e-01 96.887450 99.950199
09/10 08:16:42 PM train 300 1.012067e-01 97.009967 99.948090
09/10 08:17:22 PM train 350 1.013537e-01 96.928419 99.946581
09/10 08:18:02 PM train 400 1.037976e-01 96.882793 99.922070
09/10 08:18:42 PM train 450 1.042206e-01 96.819568 99.930710
09/10 08:19:22 PM train 500 1.041342e-01 96.800150 99.937625
09/10 08:20:02 PM train 550 1.077006e-01 96.710526 99.920599
09/10 08:20:42 PM train 600 1.090098e-01 96.656614 99.916805
09/10 08:21:22 PM train 650 1.104976e-01 96.654186 99.908794
09/10 08:22:02 PM train 700 1.110277e-01 96.634272 99.906384
09/10 08:22:42 PM train 750 1.103940e-01 96.625333 99.908455
09/10 08:23:22 PM train 800 1.098574e-01 96.668227 99.910268
09/10 08:24:03 PM train 850 1.100548e-01 96.665687 99.904524
09/10 08:24:43 PM train 900 1.097953e-01 96.677303 99.906354
09/10 08:25:13 PM train_acc 96.646667
09/10 08:25:13 PM epoch 7 lr 6.579634e-02
09/10 08:25:13 PM genotype = Genotype(normal=[('skip_connect', 1), ('avg_pool_3x3', 0), ('skip_connect', 1), ('dil_conv_3x3', 2), ('dil_conv_5x5', 0), ('skip_connect', 3), ('max_pool_3x3', 0), ('skip_connect', 4)], normal_concat=range(2, 6), reduce=[('max_pool_3x3', 1), ('sep_conv_3x3', 0), ('dil_conv_5x5', 1), ('dil_conv_3x3', 2), ('dil_conv_5x5', 1), ('avg_pool_3x3', 3), ('dil_conv_5x5', 0), ('max_pool_3x3', 3)], reduce_concat=range(2, 6))
tensor([[0.1249, 0.1252, 0.1252, 0.1249, 0.1249, 0.1250, 0.1250, 0.1250],
        [0.1249, 0.1251, 0.1250, 0.1252, 0.1249, 0.1250, 0.1251, 0.1250],
        [0.1250, 0.1249, 0.1251, 0.1251, 0.1249, 0.1250, 0.1251, 0.1249],
        [0.1247, 0.1250, 0.1250, 0.1252, 0.1249, 0.1251, 0.1250, 0.1251],
        [0.1250, 0.1251, 0.1250, 0.1251, 0.1249, 0.1249, 0.1251, 0.1250],
        [0.1247, 0.1249, 0.1251, 0.1250, 0.1251, 0.1249, 0.1251, 0.1251],
        [0.1249, 0.1250, 0.1247, 0.1249, 0.1252, 0.1251, 0.1250, 0.1251],
        [0.1249, 0.1250, 0.1251, 0.1250, 0.1250, 0.1249, 0.1251, 0.1250],
        [0.1250, 0.1250, 0.1251, 0.1251, 0.1250, 0.1250, 0.1250, 0.1250],
        [0.1249, 0.1254, 0.1248, 0.1248, 0.1251, 0.1251, 0.1249, 0.1249],
        [0.1249, 0.1251, 0.1250, 0.1250, 0.1251, 0.1249, 0.1252, 0.1249],
        [0.1249, 0.1251, 0.1251, 0.1248, 0.1252, 0.1251, 0.1250, 0.1248],
        [0.1250, 0.1252, 0.1249, 0.1251, 0.1250, 0.1250, 0.1249, 0.1250],
        [0.1249, 0.1250, 0.1249, 0.1253, 0.1250, 0.1251, 0.1249, 0.1249]],
       device='cuda:0', grad_fn=<SoftmaxBackward>)
tensor([[0.1251, 0.1249, 0.1251, 0.1250, 0.1251, 0.1248, 0.1250, 0.1250],
        [0.1250, 0.1253, 0.1249, 0.1248, 0.1250, 0.1251, 0.1249, 0.1250],
        [0.1249, 0.1250, 0.1247, 0.1251, 0.1249, 0.1250, 0.1252, 0.1253],
        [0.1249, 0.1252, 0.1250, 0.1248, 0.1251, 0.1249, 0.1249, 0.1252],
        [0.1250, 0.1249, 0.1248, 0.1249, 0.1251, 0.1251, 0.1252, 0.1250],
        [0.1249, 0.1248, 0.1249, 0.1251, 0.1250, 0.1250, 0.1250, 0.1253],
        [0.1250, 0.1250, 0.1249, 0.1251, 0.1250, 0.1250, 0.1249, 0.1251],
        [0.1251, 0.1253, 0.1252, 0.1249, 0.1251, 0.1247, 0.1250, 0.1247],
        [0.1251, 0.1250, 0.1251, 0.1250, 0.1250, 0.1248, 0.1251, 0.1250],
        [0.1250, 0.1251, 0.1249, 0.1250, 0.1251, 0.1247, 0.1249, 0.1253],
        [0.1251, 0.1250, 0.1251, 0.1248, 0.1250, 0.1250, 0.1250, 0.1250],
        [0.1250, 0.1250, 0.1249, 0.1249, 0.1251, 0.1248, 0.1252, 0.1250],
        [0.1249, 0.1251, 0.1249, 0.1250, 0.1250, 0.1251, 0.1250, 0.1249],
        [0.1251, 0.1249, 0.1249, 0.1250, 0.1249, 0.1251, 0.1250, 0.1251]],
       device='cuda:0', grad_fn=<SoftmaxBackward>)
tensor([0.3332, 0.3334, 0.3334], device='cuda:0', grad_fn=<SoftmaxBackward>)
09/10 08:25:14 PM train 000 8.754390e-02 93.750000 100.000000
09/10 08:25:54 PM train 050 9.365832e-02 96.997549 100.000000
09/10 08:26:34 PM train 100 8.675171e-02 97.431931 100.000000
09/10 08:27:14 PM train 150 8.378781e-02 97.516556 99.979305
09/10 08:27:54 PM train 200 8.781210e-02 97.372512 99.984453
09/10 08:28:34 PM train 250 9.054519e-02 97.273406 99.950199
09/10 08:29:14 PM train 300 9.039247e-02 97.269518 99.927326
09/10 08:29:54 PM train 350 9.034718e-02 97.231125 99.919872
09/10 08:30:34 PM train 400 8.985729e-02 97.280237 99.929863
09/10 08:31:14 PM train 450 9.179176e-02 97.207594 99.930710
09/10 08:31:54 PM train 500 9.243105e-02 97.180639 99.937625
09/10 08:32:34 PM train 550 9.221500e-02 97.164247 99.943285
09/10 08:33:14 PM train 600 9.416258e-02 97.103785 99.942804
09/10 08:33:54 PM train 650 9.652727e-02 97.028610 99.923195
09/10 08:34:34 PM train 700 9.743992e-02 96.990906 99.924215
09/10 08:35:14 PM train 750 9.714884e-02 97.016478 99.920939
09/10 08:35:55 PM train 800 9.690158e-02 97.015449 99.921973
09/10 08:36:35 PM train 850 9.653162e-02 97.032902 99.926557
09/10 08:37:15 PM train 900 9.684987e-02 97.034545 99.927164
09/10 08:37:45 PM train_acc 97.026667
09/10 08:37:45 PM epoch 8 lr 5.824351e-02
09/10 08:37:45 PM genotype = Genotype(normal=[('skip_connect', 1), ('avg_pool_3x3', 0), ('skip_connect', 1), ('dil_conv_3x3', 2), ('dil_conv_5x5', 0), ('skip_connect', 3), ('max_pool_3x3', 0), ('skip_connect', 4)], normal_concat=range(2, 6), reduce=[('max_pool_3x3', 1), ('sep_conv_3x3', 0), ('dil_conv_5x5', 1), ('dil_conv_3x3', 2), ('dil_conv_5x5', 1), ('avg_pool_3x3', 3), ('dil_conv_5x5', 0), ('max_pool_3x3', 3)], reduce_concat=range(2, 6))
tensor([[0.1249, 0.1252, 0.1252, 0.1249, 0.1249, 0.1250, 0.1250, 0.1250],
        [0.1249, 0.1251, 0.1250, 0.1252, 0.1249, 0.1250, 0.1251, 0.1250],
        [0.1250, 0.1249, 0.1251, 0.1251, 0.1249, 0.1250, 0.1251, 0.1249],
        [0.1247, 0.1250, 0.1250, 0.1252, 0.1249, 0.1251, 0.1250, 0.1251],
        [0.1250, 0.1251, 0.1250, 0.1251, 0.1249, 0.1249, 0.1251, 0.1250],
        [0.1247, 0.1249, 0.1251, 0.1250, 0.1251, 0.1249, 0.1251, 0.1251],
        [0.1249, 0.1250, 0.1247, 0.1249, 0.1252, 0.1251, 0.1250, 0.1251],
        [0.1249, 0.1250, 0.1251, 0.1250, 0.1250, 0.1249, 0.1251, 0.1250],
        [0.1250, 0.1250, 0.1251, 0.1251, 0.1250, 0.1250, 0.1250, 0.1250],
        [0.1249, 0.1254, 0.1248, 0.1248, 0.1251, 0.1251, 0.1249, 0.1249],
        [0.1249, 0.1251, 0.1250, 0.1250, 0.1251, 0.1249, 0.1252, 0.1249],
        [0.1249, 0.1251, 0.1251, 0.1248, 0.1252, 0.1251, 0.1250, 0.1248],
        [0.1250, 0.1252, 0.1249, 0.1251, 0.1250, 0.1250, 0.1249, 0.1250],
        [0.1249, 0.1250, 0.1249, 0.1253, 0.1250, 0.1251, 0.1249, 0.1249]],
       device='cuda:0', grad_fn=<SoftmaxBackward>)
tensor([[0.1251, 0.1249, 0.1251, 0.1250, 0.1251, 0.1248, 0.1250, 0.1250],
        [0.1250, 0.1253, 0.1249, 0.1248, 0.1250, 0.1251, 0.1249, 0.1250],
        [0.1249, 0.1250, 0.1247, 0.1251, 0.1249, 0.1250, 0.1252, 0.1253],
        [0.1249, 0.1252, 0.1250, 0.1248, 0.1251, 0.1249, 0.1249, 0.1252],
        [0.1250, 0.1249, 0.1248, 0.1249, 0.1251, 0.1251, 0.1252, 0.1250],
        [0.1249, 0.1248, 0.1249, 0.1251, 0.1250, 0.1250, 0.1250, 0.1253],
        [0.1250, 0.1250, 0.1249, 0.1251, 0.1250, 0.1250, 0.1249, 0.1251],
        [0.1251, 0.1253, 0.1252, 0.1249, 0.1251, 0.1247, 0.1250, 0.1247],
        [0.1251, 0.1250, 0.1251, 0.1250, 0.1250, 0.1248, 0.1251, 0.1250],
        [0.1250, 0.1251, 0.1249, 0.1250, 0.1251, 0.1247, 0.1249, 0.1253],
        [0.1251, 0.1250, 0.1251, 0.1248, 0.1250, 0.1250, 0.1250, 0.1250],
        [0.1250, 0.1250, 0.1249, 0.1249, 0.1251, 0.1248, 0.1252, 0.1250],
        [0.1249, 0.1251, 0.1249, 0.1250, 0.1250, 0.1251, 0.1250, 0.1249],
        [0.1251, 0.1249, 0.1249, 0.1250, 0.1249, 0.1251, 0.1250, 0.1251]],
       device='cuda:0', grad_fn=<SoftmaxBackward>)
tensor([0.3332, 0.3334, 0.3334], device='cuda:0', grad_fn=<SoftmaxBackward>)
09/10 08:37:46 PM train 000 1.018161e-01 93.750000 100.000000
09/10 08:38:26 PM train 050 7.461069e-02 97.671569 99.938725
09/10 08:39:06 PM train 100 8.610670e-02 97.400990 99.845297
09/10 08:39:46 PM train 150 7.907316e-02 97.620033 99.896523
09/10 08:40:26 PM train 200 8.155180e-02 97.761194 99.860075
09/10 08:41:06 PM train 250 7.927879e-02 97.771414 99.875498
09/10 08:41:46 PM train 300 8.410768e-02 97.653654 99.885797
09/10 08:42:26 PM train 350 8.333488e-02 97.613960 99.902066
09/10 08:43:06 PM train 400 8.460099e-02 97.545200 99.898691
09/10 08:43:46 PM train 450 8.498631e-02 97.505543 99.902993
09/10 08:44:26 PM train 500 8.446944e-02 97.486277 99.912675
09/10 08:45:06 PM train 550 8.625793e-02 97.436479 99.909256
09/10 08:45:46 PM train 600 8.819895e-02 97.337770 99.906406
09/10 08:46:26 PM train 650 9.047882e-02 97.249424 99.913594
09/10 08:47:06 PM train 700 8.971689e-02 97.253923 99.910842
09/10 08:47:46 PM train 750 8.963636e-02 97.237017 99.912617
09/10 08:48:26 PM train 800 9.147028e-02 97.140293 99.914170
09/10 08:49:06 PM train 850 9.090243e-02 97.161428 99.911868
09/10 08:49:46 PM train 900 8.958931e-02 97.207963 99.916759
09/10 08:50:15 PM train_acc 97.243333
09/10 08:50:16 PM epoch 9 lr 5.050000e-02
09/10 08:50:16 PM genotype = Genotype(normal=[('skip_connect', 1), ('avg_pool_3x3', 0), ('skip_connect', 1), ('dil_conv_3x3', 2), ('dil_conv_5x5', 0), ('skip_connect', 3), ('max_pool_3x3', 0), ('skip_connect', 4)], normal_concat=range(2, 6), reduce=[('max_pool_3x3', 1), ('sep_conv_3x3', 0), ('dil_conv_5x5', 1), ('dil_conv_3x3', 2), ('dil_conv_5x5', 1), ('avg_pool_3x3', 3), ('dil_conv_5x5', 0), ('max_pool_3x3', 3)], reduce_concat=range(2, 6))
tensor([[0.1249, 0.1252, 0.1252, 0.1249, 0.1249, 0.1250, 0.1250, 0.1250],
        [0.1249, 0.1251, 0.1250, 0.1252, 0.1249, 0.1250, 0.1251, 0.1250],
        [0.1250, 0.1249, 0.1251, 0.1251, 0.1249, 0.1250, 0.1251, 0.1249],
        [0.1247, 0.1250, 0.1250, 0.1252, 0.1249, 0.1251, 0.1250, 0.1251],
        [0.1250, 0.1251, 0.1250, 0.1251, 0.1249, 0.1249, 0.1251, 0.1250],
        [0.1247, 0.1249, 0.1251, 0.1250, 0.1251, 0.1249, 0.1251, 0.1251],
        [0.1249, 0.1250, 0.1247, 0.1249, 0.1252, 0.1251, 0.1250, 0.1251],
        [0.1249, 0.1250, 0.1251, 0.1250, 0.1250, 0.1249, 0.1251, 0.1250],
        [0.1250, 0.1250, 0.1251, 0.1251, 0.1250, 0.1250, 0.1250, 0.1250],
        [0.1249, 0.1254, 0.1248, 0.1248, 0.1251, 0.1251, 0.1249, 0.1249],
        [0.1249, 0.1251, 0.1250, 0.1250, 0.1251, 0.1249, 0.1252, 0.1249],
        [0.1249, 0.1251, 0.1251, 0.1248, 0.1252, 0.1251, 0.1250, 0.1248],
        [0.1250, 0.1252, 0.1249, 0.1251, 0.1250, 0.1250, 0.1249, 0.1250],
        [0.1249, 0.1250, 0.1249, 0.1253, 0.1250, 0.1251, 0.1249, 0.1249]],
       device='cuda:0', grad_fn=<SoftmaxBackward>)
tensor([[0.1251, 0.1249, 0.1251, 0.1250, 0.1251, 0.1248, 0.1250, 0.1250],
        [0.1250, 0.1253, 0.1249, 0.1248, 0.1250, 0.1251, 0.1249, 0.1250],
        [0.1249, 0.1250, 0.1247, 0.1251, 0.1249, 0.1250, 0.1252, 0.1253],
        [0.1249, 0.1252, 0.1250, 0.1248, 0.1251, 0.1249, 0.1249, 0.1252],
        [0.1250, 0.1249, 0.1248, 0.1249, 0.1251, 0.1251, 0.1252, 0.1250],
        [0.1249, 0.1248, 0.1249, 0.1251, 0.1250, 0.1250, 0.1250, 0.1253],
        [0.1250, 0.1250, 0.1249, 0.1251, 0.1250, 0.1250, 0.1249, 0.1251],
        [0.1251, 0.1253, 0.1252, 0.1249, 0.1251, 0.1247, 0.1250, 0.1247],
        [0.1251, 0.1250, 0.1251, 0.1250, 0.1250, 0.1248, 0.1251, 0.1250],
        [0.1250, 0.1251, 0.1249, 0.1250, 0.1251, 0.1247, 0.1249, 0.1253],
        [0.1251, 0.1250, 0.1251, 0.1248, 0.1250, 0.1250, 0.1250, 0.1250],
        [0.1250, 0.1250, 0.1249, 0.1249, 0.1251, 0.1248, 0.1252, 0.1250],
        [0.1249, 0.1251, 0.1249, 0.1250, 0.1250, 0.1251, 0.1250, 0.1249],
        [0.1251, 0.1249, 0.1249, 0.1250, 0.1249, 0.1251, 0.1250, 0.1251]],
       device='cuda:0', grad_fn=<SoftmaxBackward>)
tensor([0.3332, 0.3334, 0.3334], device='cuda:0', grad_fn=<SoftmaxBackward>)
09/10 08:50:16 PM train 000 1.000943e-01 96.875000 100.000000
09/10 08:50:56 PM train 050 6.538068e-02 97.916667 100.000000
09/10 08:51:36 PM train 100 6.522782e-02 97.926980 100.000000
09/10 08:52:16 PM train 150 6.630601e-02 97.868377 99.979305
09/10 08:52:56 PM train 200 6.956487e-02 97.667910 99.984453
09/10 08:53:36 PM train 250 7.166386e-02 97.709163 99.975100
09/10 08:54:16 PM train 300 7.178975e-02 97.695183 99.979236
09/10 08:54:56 PM train 350 7.091871e-02 97.738604 99.982194
09/10 08:55:36 PM train 400 7.383896e-02 97.693267 99.976621
09/10 08:56:16 PM train 450 7.362582e-02 97.692627 99.979213
09/10 08:56:56 PM train 500 7.389028e-02 97.685878 99.968812
09/10 08:57:36 PM train 550 7.425835e-02 97.686025 99.965971
09/10 08:58:16 PM train 600 7.290454e-02 97.717346 99.968802
09/10 08:58:55 PM train 650 7.316079e-02 97.700653 99.971198
09/10 08:59:35 PM train 700 7.276460e-02 97.717546 99.968795
09/10 09:00:15 PM train 750 7.316415e-02 97.723868 99.966711
09/10 09:00:55 PM train 800 7.147563e-02 97.803527 99.968789
09/10 09:01:35 PM train 850 7.094498e-02 97.811398 99.970623
09/10 09:02:15 PM train 900 7.185267e-02 97.780244 99.968785
09/10 09:02:45 PM train_acc 97.780000
09/10 09:02:45 PM epoch 10 lr 4.275649e-02
09/10 09:02:45 PM genotype = Genotype(normal=[('skip_connect', 1), ('avg_pool_3x3', 0), ('skip_connect', 1), ('dil_conv_3x3', 2), ('dil_conv_5x5', 0), ('skip_connect', 3), ('max_pool_3x3', 0), ('skip_connect', 4)], normal_concat=range(2, 6), reduce=[('max_pool_3x3', 1), ('sep_conv_3x3', 0), ('dil_conv_5x5', 1), ('dil_conv_3x3', 2), ('dil_conv_5x5', 1), ('avg_pool_3x3', 3), ('dil_conv_5x5', 0), ('max_pool_3x3', 3)], reduce_concat=range(2, 6))
tensor([[0.1249, 0.1252, 0.1252, 0.1249, 0.1249, 0.1250, 0.1250, 0.1250],
        [0.1249, 0.1251, 0.1250, 0.1252, 0.1249, 0.1250, 0.1251, 0.1250],
        [0.1250, 0.1249, 0.1251, 0.1251, 0.1249, 0.1250, 0.1251, 0.1249],
        [0.1247, 0.1250, 0.1250, 0.1252, 0.1249, 0.1251, 0.1250, 0.1251],
        [0.1250, 0.1251, 0.1250, 0.1251, 0.1249, 0.1249, 0.1251, 0.1250],
        [0.1247, 0.1249, 0.1251, 0.1250, 0.1251, 0.1249, 0.1251, 0.1251],
        [0.1249, 0.1250, 0.1247, 0.1249, 0.1252, 0.1251, 0.1250, 0.1251],
        [0.1249, 0.1250, 0.1251, 0.1250, 0.1250, 0.1249, 0.1251, 0.1250],
        [0.1250, 0.1250, 0.1251, 0.1251, 0.1250, 0.1250, 0.1250, 0.1250],
        [0.1249, 0.1254, 0.1248, 0.1248, 0.1251, 0.1251, 0.1249, 0.1249],
        [0.1249, 0.1251, 0.1250, 0.1250, 0.1251, 0.1249, 0.1252, 0.1249],
        [0.1249, 0.1251, 0.1251, 0.1248, 0.1252, 0.1251, 0.1250, 0.1248],
        [0.1250, 0.1252, 0.1249, 0.1251, 0.1250, 0.1250, 0.1249, 0.1250],
        [0.1249, 0.1250, 0.1249, 0.1253, 0.1250, 0.1251, 0.1249, 0.1249]],
       device='cuda:0', grad_fn=<SoftmaxBackward>)
tensor([[0.1251, 0.1249, 0.1251, 0.1250, 0.1251, 0.1248, 0.1250, 0.1250],
        [0.1250, 0.1253, 0.1249, 0.1248, 0.1250, 0.1251, 0.1249, 0.1250],
        [0.1249, 0.1250, 0.1247, 0.1251, 0.1249, 0.1250, 0.1252, 0.1253],
        [0.1249, 0.1252, 0.1250, 0.1248, 0.1251, 0.1249, 0.1249, 0.1252],
        [0.1250, 0.1249, 0.1248, 0.1249, 0.1251, 0.1251, 0.1252, 0.1250],
        [0.1249, 0.1248, 0.1249, 0.1251, 0.1250, 0.1250, 0.1250, 0.1253],
        [0.1250, 0.1250, 0.1249, 0.1251, 0.1250, 0.1250, 0.1249, 0.1251],
        [0.1251, 0.1253, 0.1252, 0.1249, 0.1251, 0.1247, 0.1250, 0.1247],
        [0.1251, 0.1250, 0.1251, 0.1250, 0.1250, 0.1248, 0.1251, 0.1250],
        [0.1250, 0.1251, 0.1249, 0.1250, 0.1251, 0.1247, 0.1249, 0.1253],
        [0.1251, 0.1250, 0.1251, 0.1248, 0.1250, 0.1250, 0.1250, 0.1250],
        [0.1250, 0.1250, 0.1249, 0.1249, 0.1251, 0.1248, 0.1252, 0.1250],
        [0.1249, 0.1251, 0.1249, 0.1250, 0.1250, 0.1251, 0.1250, 0.1249],
        [0.1251, 0.1249, 0.1249, 0.1250, 0.1249, 0.1251, 0.1250, 0.1251]],
       device='cuda:0', grad_fn=<SoftmaxBackward>)
tensor([0.3332, 0.3334, 0.3334], device='cuda:0', grad_fn=<SoftmaxBackward>)
09/10 09:02:46 PM train 000 9.613858e-02 96.875000 100.000000
09/10 09:03:26 PM train 050 5.816192e-02 98.161765 100.000000
09/10 09:04:05 PM train 100 5.418448e-02 98.483911 99.969059
09/10 09:04:45 PM train 150 5.402237e-02 98.489238 99.979305
09/10 09:05:25 PM train 200 5.399542e-02 98.445274 99.984453
09/10 09:06:05 PM train 250 5.631813e-02 98.418825 99.975100
09/10 09:06:45 PM train 300 5.949648e-02 98.307724 99.958472
09/10 09:07:25 PM train 350 6.332466e-02 98.165954 99.946581
09/10 09:08:05 PM train 400 6.227256e-02 98.160848 99.953242
09/10 09:08:45 PM train 450 6.169913e-02 98.191519 99.958426
09/10 09:09:25 PM train 500 6.202009e-02 98.191118 99.956337
09/10 09:10:05 PM train 550 6.172507e-02 98.213475 99.960299
09/10 09:10:45 PM train 600 6.241231e-02 98.185316 99.958403
09/10 09:11:25 PM train 650 6.328545e-02 98.156682 99.961598
09/10 09:12:05 PM train 700 6.305833e-02 98.163338 99.964337
09/10 09:12:45 PM train 750 6.290364e-02 98.185752 99.962550
09/10 09:13:25 PM train 800 6.431841e-02 98.139045 99.957085
09/10 09:14:05 PM train 850 6.453237e-02 98.123531 99.959606
09/10 09:14:45 PM train 900 6.508165e-02 98.099334 99.958380
09/10 09:15:14 PM train_acc 98.090000
09/10 09:15:14 PM epoch 11 lr 3.520366e-02
09/10 09:15:14 PM genotype = Genotype(normal=[('skip_connect', 1), ('avg_pool_3x3', 0), ('skip_connect', 1), ('dil_conv_3x3', 2), ('dil_conv_5x5', 0), ('skip_connect', 3), ('max_pool_3x3', 0), ('skip_connect', 4)], normal_concat=range(2, 6), reduce=[('max_pool_3x3', 1), ('sep_conv_3x3', 0), ('dil_conv_5x5', 1), ('dil_conv_3x3', 2), ('dil_conv_5x5', 1), ('avg_pool_3x3', 3), ('dil_conv_5x5', 0), ('max_pool_3x3', 3)], reduce_concat=range(2, 6))
tensor([[0.1249, 0.1252, 0.1252, 0.1249, 0.1249, 0.1250, 0.1250, 0.1250],
        [0.1249, 0.1251, 0.1250, 0.1252, 0.1249, 0.1250, 0.1251, 0.1250],
        [0.1250, 0.1249, 0.1251, 0.1251, 0.1249, 0.1250, 0.1251, 0.1249],
        [0.1247, 0.1250, 0.1250, 0.1252, 0.1249, 0.1251, 0.1250, 0.1251],
        [0.1250, 0.1251, 0.1250, 0.1251, 0.1249, 0.1249, 0.1251, 0.1250],
        [0.1247, 0.1249, 0.1251, 0.1250, 0.1251, 0.1249, 0.1251, 0.1251],
        [0.1249, 0.1250, 0.1247, 0.1249, 0.1252, 0.1251, 0.1250, 0.1251],
        [0.1249, 0.1250, 0.1251, 0.1250, 0.1250, 0.1249, 0.1251, 0.1250],
        [0.1250, 0.1250, 0.1251, 0.1251, 0.1250, 0.1250, 0.1250, 0.1250],
        [0.1249, 0.1254, 0.1248, 0.1248, 0.1251, 0.1251, 0.1249, 0.1249],
        [0.1249, 0.1251, 0.1250, 0.1250, 0.1251, 0.1249, 0.1252, 0.1249],
        [0.1249, 0.1251, 0.1251, 0.1248, 0.1252, 0.1251, 0.1250, 0.1248],
        [0.1250, 0.1252, 0.1249, 0.1251, 0.1250, 0.1250, 0.1249, 0.1250],
        [0.1249, 0.1250, 0.1249, 0.1253, 0.1250, 0.1251, 0.1249, 0.1249]],
       device='cuda:0', grad_fn=<SoftmaxBackward>)
tensor([[0.1251, 0.1249, 0.1251, 0.1250, 0.1251, 0.1248, 0.1250, 0.1250],
        [0.1250, 0.1253, 0.1249, 0.1248, 0.1250, 0.1251, 0.1249, 0.1250],
        [0.1249, 0.1250, 0.1247, 0.1251, 0.1249, 0.1250, 0.1252, 0.1253],
        [0.1249, 0.1252, 0.1250, 0.1248, 0.1251, 0.1249, 0.1249, 0.1252],
        [0.1250, 0.1249, 0.1248, 0.1249, 0.1251, 0.1251, 0.1252, 0.1250],
        [0.1249, 0.1248, 0.1249, 0.1251, 0.1250, 0.1250, 0.1250, 0.1253],
        [0.1250, 0.1250, 0.1249, 0.1251, 0.1250, 0.1250, 0.1249, 0.1251],
        [0.1251, 0.1253, 0.1252, 0.1249, 0.1251, 0.1247, 0.1250, 0.1247],
        [0.1251, 0.1250, 0.1251, 0.1250, 0.1250, 0.1248, 0.1251, 0.1250],
        [0.1250, 0.1251, 0.1249, 0.1250, 0.1251, 0.1247, 0.1249, 0.1253],
        [0.1251, 0.1250, 0.1251, 0.1248, 0.1250, 0.1250, 0.1250, 0.1250],
        [0.1250, 0.1250, 0.1249, 0.1249, 0.1251, 0.1248, 0.1252, 0.1250],
        [0.1249, 0.1251, 0.1249, 0.1250, 0.1250, 0.1251, 0.1250, 0.1249],
        [0.1251, 0.1249, 0.1249, 0.1250, 0.1249, 0.1251, 0.1250, 0.1251]],
       device='cuda:0', grad_fn=<SoftmaxBackward>)
tensor([0.3332, 0.3334, 0.3334], device='cuda:0', grad_fn=<SoftmaxBackward>)
09/10 09:15:15 PM train 000 6.260169e-02 100.000000 100.000000
09/10 09:15:55 PM train 050 3.800963e-02 99.019608 100.000000
09/10 09:16:35 PM train 100 4.299646e-02 98.978960 99.969059
09/10 09:17:15 PM train 150 4.859459e-02 98.572020 99.958609
09/10 09:17:55 PM train 200 4.930686e-02 98.600746 99.968905
09/10 09:18:35 PM train 250 4.861818e-02 98.642928 99.975100
09/10 09:19:15 PM train 300 4.833620e-02 98.619186 99.979236
09/10 09:19:55 PM train 350 4.932153e-02 98.575499 99.982194
09/10 09:20:35 PM train 400 4.913889e-02 98.573878 99.976621
09/10 09:21:15 PM train 450 4.983124e-02 98.558758 99.972284
09/10 09:21:55 PM train 500 4.996704e-02 98.546657 99.975050
09/10 09:22:35 PM train 550 4.972814e-02 98.553766 99.971642
09/10 09:23:14 PM train 600 5.024445e-02 98.533694 99.974002
09/10 09:23:54 PM train 650 5.184235e-02 98.478303 99.966398
09/10 09:24:34 PM train 700 5.139672e-02 98.524429 99.964337
09/10 09:25:14 PM train 750 5.132185e-02 98.514481 99.966711
09/10 09:25:54 PM train 800 5.177221e-02 98.525281 99.968789
09/10 09:26:34 PM train 850 5.215138e-02 98.516451 99.966951
09/10 09:27:14 PM train 900 5.266158e-02 98.491260 99.965316
09/10 09:27:43 PM train_acc 98.473333
09/10 09:27:44 PM epoch 12 lr 2.802747e-02
09/10 09:27:44 PM genotype = Genotype(normal=[('skip_connect', 1), ('avg_pool_3x3', 0), ('skip_connect', 1), ('dil_conv_3x3', 2), ('dil_conv_5x5', 0), ('skip_connect', 3), ('max_pool_3x3', 0), ('skip_connect', 4)], normal_concat=range(2, 6), reduce=[('max_pool_3x3', 1), ('sep_conv_3x3', 0), ('dil_conv_5x5', 1), ('dil_conv_3x3', 2), ('dil_conv_5x5', 1), ('avg_pool_3x3', 3), ('dil_conv_5x5', 0), ('max_pool_3x3', 3)], reduce_concat=range(2, 6))
tensor([[0.1249, 0.1252, 0.1252, 0.1249, 0.1249, 0.1250, 0.1250, 0.1250],
        [0.1249, 0.1251, 0.1250, 0.1252, 0.1249, 0.1250, 0.1251, 0.1250],
        [0.1250, 0.1249, 0.1251, 0.1251, 0.1249, 0.1250, 0.1251, 0.1249],
        [0.1247, 0.1250, 0.1250, 0.1252, 0.1249, 0.1251, 0.1250, 0.1251],
        [0.1250, 0.1251, 0.1250, 0.1251, 0.1249, 0.1249, 0.1251, 0.1250],
        [0.1247, 0.1249, 0.1251, 0.1250, 0.1251, 0.1249, 0.1251, 0.1251],
        [0.1249, 0.1250, 0.1247, 0.1249, 0.1252, 0.1251, 0.1250, 0.1251],
        [0.1249, 0.1250, 0.1251, 0.1250, 0.1250, 0.1249, 0.1251, 0.1250],
        [0.1250, 0.1250, 0.1251, 0.1251, 0.1250, 0.1250, 0.1250, 0.1250],
        [0.1249, 0.1254, 0.1248, 0.1248, 0.1251, 0.1251, 0.1249, 0.1249],
        [0.1249, 0.1251, 0.1250, 0.1250, 0.1251, 0.1249, 0.1252, 0.1249],
        [0.1249, 0.1251, 0.1251, 0.1248, 0.1252, 0.1251, 0.1250, 0.1248],
        [0.1250, 0.1252, 0.1249, 0.1251, 0.1250, 0.1250, 0.1249, 0.1250],
        [0.1249, 0.1250, 0.1249, 0.1253, 0.1250, 0.1251, 0.1249, 0.1249]],
       device='cuda:0', grad_fn=<SoftmaxBackward>)
tensor([[0.1251, 0.1249, 0.1251, 0.1250, 0.1251, 0.1248, 0.1250, 0.1250],
        [0.1250, 0.1253, 0.1249, 0.1248, 0.1250, 0.1251, 0.1249, 0.1250],
        [0.1249, 0.1250, 0.1247, 0.1251, 0.1249, 0.1250, 0.1252, 0.1253],
        [0.1249, 0.1252, 0.1250, 0.1248, 0.1251, 0.1249, 0.1249, 0.1252],
        [0.1250, 0.1249, 0.1248, 0.1249, 0.1251, 0.1251, 0.1252, 0.1250],
        [0.1249, 0.1248, 0.1249, 0.1251, 0.1250, 0.1250, 0.1250, 0.1253],
        [0.1250, 0.1250, 0.1249, 0.1251, 0.1250, 0.1250, 0.1249, 0.1251],
        [0.1251, 0.1253, 0.1252, 0.1249, 0.1251, 0.1247, 0.1250, 0.1247],
        [0.1251, 0.1250, 0.1251, 0.1250, 0.1250, 0.1248, 0.1251, 0.1250],
        [0.1250, 0.1251, 0.1249, 0.1250, 0.1251, 0.1247, 0.1249, 0.1253],
        [0.1251, 0.1250, 0.1251, 0.1248, 0.1250, 0.1250, 0.1250, 0.1250],
        [0.1250, 0.1250, 0.1249, 0.1249, 0.1251, 0.1248, 0.1252, 0.1250],
        [0.1249, 0.1251, 0.1249, 0.1250, 0.1250, 0.1251, 0.1250, 0.1249],
        [0.1251, 0.1249, 0.1249, 0.1250, 0.1249, 0.1251, 0.1250, 0.1251]],
       device='cuda:0', grad_fn=<SoftmaxBackward>)
tensor([0.3332, 0.3334, 0.3334], device='cuda:0', grad_fn=<SoftmaxBackward>)
09/10 09:27:44 PM train 000 3.450803e-02 100.000000 100.000000
09/10 09:28:24 PM train 050 4.042137e-02 98.958333 100.000000
09/10 09:29:04 PM train 100 3.717573e-02 98.978960 100.000000
09/10 09:29:44 PM train 150 3.767356e-02 98.903146 99.979305
09/10 09:30:24 PM train 200 3.639185e-02 98.973881 99.984453
09/10 09:31:04 PM train 250 3.466281e-02 99.078685 99.987550
09/10 09:31:44 PM train 300 3.610372e-02 99.013704 99.989618
09/10 09:32:24 PM train 350 3.572781e-02 99.029558 99.991097
09/10 09:33:04 PM train 400 3.751587e-02 98.979115 99.992207
09/10 09:33:44 PM train 450 3.905669e-02 98.919069 99.986142
09/10 09:34:24 PM train 500 3.967205e-02 98.889721 99.987525
09/10 09:35:04 PM train 550 4.088403e-02 98.848684 99.988657
09/10 09:35:44 PM train 600 4.112604e-02 98.845674 99.989601
09/10 09:36:24 PM train 650 4.075580e-02 98.852727 99.990399
09/10 09:37:04 PM train 700 4.102818e-02 98.849857 99.991084
09/10 09:37:43 PM train 750 4.103661e-02 98.847370 99.991678
09/10 09:38:23 PM train 800 4.108828e-02 98.845194 99.992197
09/10 09:39:03 PM train 850 4.180022e-02 98.828584 99.992656
09/10 09:39:43 PM train 900 4.238003e-02 98.806881 99.993063
09/10 09:40:13 PM train_acc 98.796667
09/10 09:40:13 PM epoch 13 lr 2.140463e-02
09/10 09:40:13 PM genotype = Genotype(normal=[('skip_connect', 1), ('avg_pool_3x3', 0), ('skip_connect', 1), ('dil_conv_3x3', 2), ('dil_conv_5x5', 0), ('skip_connect', 3), ('max_pool_3x3', 0), ('skip_connect', 4)], normal_concat=range(2, 6), reduce=[('max_pool_3x3', 1), ('sep_conv_3x3', 0), ('dil_conv_5x5', 1), ('dil_conv_3x3', 2), ('dil_conv_5x5', 1), ('avg_pool_3x3', 3), ('dil_conv_5x5', 0), ('max_pool_3x3', 3)], reduce_concat=range(2, 6))
tensor([[0.1249, 0.1252, 0.1252, 0.1249, 0.1249, 0.1250, 0.1250, 0.1250],
        [0.1249, 0.1251, 0.1250, 0.1252, 0.1249, 0.1250, 0.1251, 0.1250],
        [0.1250, 0.1249, 0.1251, 0.1251, 0.1249, 0.1250, 0.1251, 0.1249],
        [0.1247, 0.1250, 0.1250, 0.1252, 0.1249, 0.1251, 0.1250, 0.1251],
        [0.1250, 0.1251, 0.1250, 0.1251, 0.1249, 0.1249, 0.1251, 0.1250],
        [0.1247, 0.1249, 0.1251, 0.1250, 0.1251, 0.1249, 0.1251, 0.1251],
        [0.1249, 0.1250, 0.1247, 0.1249, 0.1252, 0.1251, 0.1250, 0.1251],
        [0.1249, 0.1250, 0.1251, 0.1250, 0.1250, 0.1249, 0.1251, 0.1250],
        [0.1250, 0.1250, 0.1251, 0.1251, 0.1250, 0.1250, 0.1250, 0.1250],
        [0.1249, 0.1254, 0.1248, 0.1248, 0.1251, 0.1251, 0.1249, 0.1249],
        [0.1249, 0.1251, 0.1250, 0.1250, 0.1251, 0.1249, 0.1252, 0.1249],
        [0.1249, 0.1251, 0.1251, 0.1248, 0.1252, 0.1251, 0.1250, 0.1248],
        [0.1250, 0.1252, 0.1249, 0.1251, 0.1250, 0.1250, 0.1249, 0.1250],
        [0.1249, 0.1250, 0.1249, 0.1253, 0.1250, 0.1251, 0.1249, 0.1249]],
       device='cuda:0', grad_fn=<SoftmaxBackward>)
tensor([[0.1251, 0.1249, 0.1251, 0.1250, 0.1251, 0.1248, 0.1250, 0.1250],
        [0.1250, 0.1253, 0.1249, 0.1248, 0.1250, 0.1251, 0.1249, 0.1250],
        [0.1249, 0.1250, 0.1247, 0.1251, 0.1249, 0.1250, 0.1252, 0.1253],
        [0.1249, 0.1252, 0.1250, 0.1248, 0.1251, 0.1249, 0.1249, 0.1252],
        [0.1250, 0.1249, 0.1248, 0.1249, 0.1251, 0.1251, 0.1252, 0.1250],
        [0.1249, 0.1248, 0.1249, 0.1251, 0.1250, 0.1250, 0.1250, 0.1253],
        [0.1250, 0.1250, 0.1249, 0.1251, 0.1250, 0.1250, 0.1249, 0.1251],
        [0.1251, 0.1253, 0.1252, 0.1249, 0.1251, 0.1247, 0.1250, 0.1247],
        [0.1251, 0.1250, 0.1251, 0.1250, 0.1250, 0.1248, 0.1251, 0.1250],
        [0.1250, 0.1251, 0.1249, 0.1250, 0.1251, 0.1247, 0.1249, 0.1253],
        [0.1251, 0.1250, 0.1251, 0.1248, 0.1250, 0.1250, 0.1250, 0.1250],
        [0.1250, 0.1250, 0.1249, 0.1249, 0.1251, 0.1248, 0.1252, 0.1250],
        [0.1249, 0.1251, 0.1249, 0.1250, 0.1250, 0.1251, 0.1250, 0.1249],
        [0.1251, 0.1249, 0.1249, 0.1250, 0.1249, 0.1251, 0.1250, 0.1251]],
       device='cuda:0', grad_fn=<SoftmaxBackward>)
tensor([0.3332, 0.3334, 0.3334], device='cuda:0', grad_fn=<SoftmaxBackward>)
09/10 09:40:14 PM train 000 9.139970e-03 100.000000 100.000000
09/10 09:40:53 PM train 050 3.350322e-02 99.019608 100.000000
09/10 09:41:33 PM train 100 3.400154e-02 99.040842 99.969059
09/10 09:42:13 PM train 150 3.182822e-02 99.192881 99.979305
09/10 09:42:53 PM train 200 3.255099e-02 99.129353 99.984453
09/10 09:43:33 PM train 250 3.098924e-02 99.190737 99.987550
09/10 09:44:13 PM train 300 3.096322e-02 99.200581 99.979236
09/10 09:44:54 PM train 350 3.120389e-02 99.189815 99.982194
09/10 09:45:34 PM train 400 3.100975e-02 99.212905 99.984414
09/10 09:46:14 PM train 450 3.031311e-02 99.223947 99.986142
09/10 09:46:54 PM train 500 3.106325e-02 99.170409 99.987525
09/10 09:47:34 PM train 550 3.092468e-02 99.177632 99.988657
09/10 09:48:14 PM train 600 3.130205e-02 99.173253 99.989601
09/10 09:48:54 PM train 650 3.156135e-02 99.159946 99.990399
09/10 09:49:33 PM train 700 3.140744e-02 99.152996 99.991084
09/10 09:50:13 PM train 750 3.149558e-02 99.142810 99.991678
09/10 09:50:53 PM train 800 3.211335e-02 99.110487 99.992197
09/10 09:51:33 PM train 850 3.249462e-02 99.096651 99.992656
09/10 09:52:13 PM train 900 3.287205e-02 99.077414 99.993063
09/10 09:52:42 PM train_acc 99.060000
09/10 09:52:43 PM epoch 14 lr 1.549821e-02
09/10 09:52:43 PM genotype = Genotype(normal=[('skip_connect', 1), ('avg_pool_3x3', 0), ('skip_connect', 1), ('dil_conv_3x3', 2), ('dil_conv_5x5', 0), ('skip_connect', 3), ('max_pool_3x3', 0), ('skip_connect', 4)], normal_concat=range(2, 6), reduce=[('max_pool_3x3', 1), ('sep_conv_3x3', 0), ('dil_conv_5x5', 1), ('dil_conv_3x3', 2), ('dil_conv_5x5', 1), ('avg_pool_3x3', 3), ('dil_conv_5x5', 0), ('max_pool_3x3', 3)], reduce_concat=range(2, 6))
tensor([[0.1249, 0.1252, 0.1252, 0.1249, 0.1249, 0.1250, 0.1250, 0.1250],
        [0.1249, 0.1251, 0.1250, 0.1252, 0.1249, 0.1250, 0.1251, 0.1250],
        [0.1250, 0.1249, 0.1251, 0.1251, 0.1249, 0.1250, 0.1251, 0.1249],
        [0.1247, 0.1250, 0.1250, 0.1252, 0.1249, 0.1251, 0.1250, 0.1251],
        [0.1250, 0.1251, 0.1250, 0.1251, 0.1249, 0.1249, 0.1251, 0.1250],
        [0.1247, 0.1249, 0.1251, 0.1250, 0.1251, 0.1249, 0.1251, 0.1251],
        [0.1249, 0.1250, 0.1247, 0.1249, 0.1252, 0.1251, 0.1250, 0.1251],
        [0.1249, 0.1250, 0.1251, 0.1250, 0.1250, 0.1249, 0.1251, 0.1250],
        [0.1250, 0.1250, 0.1251, 0.1251, 0.1250, 0.1250, 0.1250, 0.1250],
        [0.1249, 0.1254, 0.1248, 0.1248, 0.1251, 0.1251, 0.1249, 0.1249],
        [0.1249, 0.1251, 0.1250, 0.1250, 0.1251, 0.1249, 0.1252, 0.1249],
        [0.1249, 0.1251, 0.1251, 0.1248, 0.1252, 0.1251, 0.1250, 0.1248],
        [0.1250, 0.1252, 0.1249, 0.1251, 0.1250, 0.1250, 0.1249, 0.1250],
        [0.1249, 0.1250, 0.1249, 0.1253, 0.1250, 0.1251, 0.1249, 0.1249]],
       device='cuda:0', grad_fn=<SoftmaxBackward>)
tensor([[0.1251, 0.1249, 0.1251, 0.1250, 0.1251, 0.1248, 0.1250, 0.1250],
        [0.1250, 0.1253, 0.1249, 0.1248, 0.1250, 0.1251, 0.1249, 0.1250],
        [0.1249, 0.1250, 0.1247, 0.1251, 0.1249, 0.1250, 0.1252, 0.1253],
        [0.1249, 0.1252, 0.1250, 0.1248, 0.1251, 0.1249, 0.1249, 0.1252],
        [0.1250, 0.1249, 0.1248, 0.1249, 0.1251, 0.1251, 0.1252, 0.1250],
        [0.1249, 0.1248, 0.1249, 0.1251, 0.1250, 0.1250, 0.1250, 0.1253],
        [0.1250, 0.1250, 0.1249, 0.1251, 0.1250, 0.1250, 0.1249, 0.1251],
        [0.1251, 0.1253, 0.1252, 0.1249, 0.1251, 0.1247, 0.1250, 0.1247],
        [0.1251, 0.1250, 0.1251, 0.1250, 0.1250, 0.1248, 0.1251, 0.1250],
        [0.1250, 0.1251, 0.1249, 0.1250, 0.1251, 0.1247, 0.1249, 0.1253],
        [0.1251, 0.1250, 0.1251, 0.1248, 0.1250, 0.1250, 0.1250, 0.1250],
        [0.1250, 0.1250, 0.1249, 0.1249, 0.1251, 0.1248, 0.1252, 0.1250],
        [0.1249, 0.1251, 0.1249, 0.1250, 0.1250, 0.1251, 0.1250, 0.1249],
        [0.1251, 0.1249, 0.1249, 0.1250, 0.1249, 0.1251, 0.1250, 0.1251]],
       device='cuda:0', grad_fn=<SoftmaxBackward>)
tensor([0.3332, 0.3334, 0.3334], device='cuda:0', grad_fn=<SoftmaxBackward>)
09/10 09:52:43 PM train 000 2.690277e-02 100.000000 100.000000
09/10 09:53:23 PM train 050 2.500121e-02 99.448529 100.000000
09/10 09:54:03 PM train 100 2.334155e-02 99.504950 100.000000
09/10 09:54:43 PM train 150 2.335396e-02 99.565397 99.979305
09/10 09:55:23 PM train 200 2.186057e-02 99.580224 99.984453
09/10 09:56:03 PM train 250 2.182077e-02 99.614044 99.987550
09/10 09:56:43 PM train 300 2.084015e-02 99.636628 99.989618
09/10 09:57:23 PM train 350 2.128945e-02 99.599359 99.991097
09/10 09:58:03 PM train 400 2.138532e-02 99.594763 99.992207
09/10 09:58:43 PM train 450 2.219444e-02 99.535754 99.993071
09/10 09:59:22 PM train 500 2.204726e-02 99.532186 99.993762
09/10 10:00:02 PM train 550 2.188248e-02 99.540608 99.994328
09/10 10:00:42 PM train 600 2.150356e-02 99.558028 99.994800
09/10 10:01:22 PM train 650 2.175572e-02 99.553571 99.995200
09/10 10:02:02 PM train 700 2.208749e-02 99.540835 99.995542
09/10 10:02:42 PM train 750 2.285663e-02 99.513149 99.995839
09/10 10:03:22 PM train 800 2.330760e-02 99.496723 99.996099
09/10 10:04:01 PM train 850 2.383083e-02 99.460194 99.996328
09/10 10:04:41 PM train 900 2.370431e-02 99.469340 99.996532
09/10 10:05:11 PM train_acc 99.453333
09/10 10:05:11 PM epoch 15 lr 1.045366e-02
09/10 10:05:11 PM genotype = Genotype(normal=[('skip_connect', 1), ('avg_pool_3x3', 0), ('skip_connect', 1), ('dil_conv_3x3', 2), ('dil_conv_5x5', 0), ('skip_connect', 3), ('max_pool_3x3', 0), ('skip_connect', 4)], normal_concat=range(2, 6), reduce=[('max_pool_3x3', 1), ('sep_conv_3x3', 0), ('dil_conv_5x5', 1), ('dil_conv_3x3', 2), ('dil_conv_5x5', 1), ('avg_pool_3x3', 3), ('dil_conv_5x5', 0), ('max_pool_3x3', 3)], reduce_concat=range(2, 6))
tensor([[0.1249, 0.1252, 0.1252, 0.1249, 0.1249, 0.1250, 0.1250, 0.1250],
        [0.1249, 0.1251, 0.1250, 0.1252, 0.1249, 0.1250, 0.1251, 0.1250],
        [0.1250, 0.1249, 0.1251, 0.1251, 0.1249, 0.1250, 0.1251, 0.1249],
        [0.1247, 0.1250, 0.1250, 0.1252, 0.1249, 0.1251, 0.1250, 0.1251],
        [0.1250, 0.1251, 0.1250, 0.1251, 0.1249, 0.1249, 0.1251, 0.1250],
        [0.1247, 0.1249, 0.1251, 0.1250, 0.1251, 0.1249, 0.1251, 0.1251],
        [0.1249, 0.1250, 0.1247, 0.1249, 0.1252, 0.1251, 0.1250, 0.1251],
        [0.1249, 0.1250, 0.1251, 0.1250, 0.1250, 0.1249, 0.1251, 0.1250],
        [0.1250, 0.1250, 0.1251, 0.1251, 0.1250, 0.1250, 0.1250, 0.1250],
        [0.1249, 0.1254, 0.1248, 0.1248, 0.1251, 0.1251, 0.1249, 0.1249],
        [0.1249, 0.1251, 0.1250, 0.1250, 0.1251, 0.1249, 0.1252, 0.1249],
        [0.1249, 0.1251, 0.1251, 0.1248, 0.1252, 0.1251, 0.1250, 0.1248],
        [0.1250, 0.1252, 0.1249, 0.1251, 0.1250, 0.1250, 0.1249, 0.1250],
        [0.1249, 0.1250, 0.1249, 0.1253, 0.1250, 0.1251, 0.1249, 0.1249]],
       device='cuda:0', grad_fn=<SoftmaxBackward>)
tensor([[0.1251, 0.1249, 0.1251, 0.1250, 0.1251, 0.1248, 0.1250, 0.1250],
        [0.1250, 0.1253, 0.1249, 0.1248, 0.1250, 0.1251, 0.1249, 0.1250],
        [0.1249, 0.1250, 0.1247, 0.1251, 0.1249, 0.1250, 0.1252, 0.1253],
        [0.1249, 0.1252, 0.1250, 0.1248, 0.1251, 0.1249, 0.1249, 0.1252],
        [0.1250, 0.1249, 0.1248, 0.1249, 0.1251, 0.1251, 0.1252, 0.1250],
        [0.1249, 0.1248, 0.1249, 0.1251, 0.1250, 0.1250, 0.1250, 0.1253],
        [0.1250, 0.1250, 0.1249, 0.1251, 0.1250, 0.1250, 0.1249, 0.1251],
        [0.1251, 0.1253, 0.1252, 0.1249, 0.1251, 0.1247, 0.1250, 0.1247],
        [0.1251, 0.1250, 0.1251, 0.1250, 0.1250, 0.1248, 0.1251, 0.1250],
        [0.1250, 0.1251, 0.1249, 0.1250, 0.1251, 0.1247, 0.1249, 0.1253],
        [0.1251, 0.1250, 0.1251, 0.1248, 0.1250, 0.1250, 0.1250, 0.1250],
        [0.1250, 0.1250, 0.1249, 0.1249, 0.1251, 0.1248, 0.1252, 0.1250],
        [0.1249, 0.1251, 0.1249, 0.1250, 0.1250, 0.1251, 0.1250, 0.1249],
        [0.1251, 0.1249, 0.1249, 0.1250, 0.1249, 0.1251, 0.1250, 0.1251]],
       device='cuda:0', grad_fn=<SoftmaxBackward>)
tensor([0.3332, 0.3334, 0.3334], device='cuda:0', grad_fn=<SoftmaxBackward>)
09/10 10:05:12 PM train 000 1.031965e-02 100.000000 100.000000
09/10 10:06:23 PM train 050 1.942422e-02 99.571078 100.000000
09/10 10:07:33 PM train 100 1.819845e-02 99.659653 100.000000
09/10 10:08:44 PM train 150 1.720342e-02 99.668874 100.000000
09/10 10:09:54 PM train 200 1.724992e-02 99.642413 100.000000
09/10 10:11:05 PM train 250 1.740244e-02 99.626494 100.000000
09/10 10:12:15 PM train 300 1.726466e-02 99.626246 100.000000
09/10 10:13:26 PM train 350 1.794873e-02 99.599359 100.000000
09/10 10:14:36 PM train 400 1.773322e-02 99.594763 100.000000
09/10 10:15:47 PM train 450 1.738895e-02 99.625831 100.000000
09/10 10:16:57 PM train 500 1.731830e-02 99.631986 100.000000
09/10 10:18:07 PM train 550 1.776030e-02 99.620009 100.000000
09/10 10:19:18 PM train 600 1.742252e-02 99.636023 100.000000
09/10 10:20:28 PM train 650 1.756037e-02 99.635177 100.000000
09/10 10:21:39 PM train 700 1.758327e-02 99.643367 100.000000
09/10 10:22:49 PM train 750 1.777579e-02 99.637983 100.000000
09/10 10:23:59 PM train 800 1.744756e-02 99.644975 100.000000
09/10 10:25:10 PM train 850 1.722126e-02 99.654818 100.000000
09/10 10:26:20 PM train 900 1.726366e-02 99.653163 100.000000
09/10 10:27:12 PM train_acc 99.650000
09/10 10:27:13 PM epoch 16 lr 6.395177e-03
09/10 10:27:13 PM genotype = Genotype(normal=[('max_pool_3x3', 0), ('max_pool_3x3', 1), ('sep_conv_3x3', 0), ('sep_conv_5x5', 1), ('dil_conv_3x3', 2), ('max_pool_3x3', 3), ('avg_pool_3x3', 4), ('max_pool_3x3', 1)], normal_concat=range(2, 6), reduce=[('sep_conv_5x5', 0), ('sep_conv_5x5', 1), ('dil_conv_5x5', 2), ('sep_conv_5x5', 1), ('dil_conv_5x5', 2), ('sep_conv_5x5', 1), ('sep_conv_5x5', 2), ('dil_conv_5x5', 3)], reduce_concat=range(2, 6))
tensor([[0.1265, 0.1272, 0.1257, 0.1255, 0.1224, 0.1226, 0.1262, 0.1240],
        [0.1245, 0.1267, 0.1234, 0.1233, 0.1255, 0.1259, 0.1244, 0.1263],
        [0.1209, 0.1265, 0.1247, 0.1228, 0.1307, 0.1256, 0.1262, 0.1226],
        [0.1270, 0.1250, 0.1204, 0.1222, 0.1241, 0.1312, 0.1260, 0.1239],
        [0.1232, 0.1280, 0.1262, 0.1239, 0.1283, 0.1224, 0.1215, 0.1264],
        [0.1246, 0.1277, 0.1245, 0.1246, 0.1266, 0.1260, 0.1240, 0.1218],
        [0.1253, 0.1258, 0.1229, 0.1225, 0.1249, 0.1270, 0.1271, 0.1245],
        [0.1232, 0.1236, 0.1206, 0.1207, 0.1283, 0.1284, 0.1319, 0.1233],
        [0.1216, 0.1279, 0.1244, 0.1210, 0.1248, 0.1277, 0.1255, 0.1272],
        [0.1245, 0.1265, 0.1231, 0.1231, 0.1277, 0.1284, 0.1215, 0.1254],
        [0.1242, 0.1293, 0.1251, 0.1260, 0.1221, 0.1261, 0.1213, 0.1259],
        [0.1220, 0.1261, 0.1255, 0.1224, 0.1232, 0.1278, 0.1265, 0.1264],
        [0.1227, 0.1293, 0.1305, 0.1255, 0.1193, 0.1216, 0.1268, 0.1243],
        [0.1212, 0.1267, 0.1280, 0.1223, 0.1269, 0.1258, 0.1238, 0.1253]],
       device='cuda:0', grad_fn=<SoftmaxBackward>)
tensor([[0.1252, 0.1225, 0.1244, 0.1270, 0.1258, 0.1291, 0.1221, 0.1239],
        [0.1284, 0.1208, 0.1206, 0.1234, 0.1246, 0.1307, 0.1250, 0.1265],
        [0.1251, 0.1245, 0.1231, 0.1234, 0.1240, 0.1252, 0.1266, 0.1281],
        [0.1224, 0.1212, 0.1211, 0.1243, 0.1287, 0.1301, 0.1260, 0.1262],
        [0.1192, 0.1213, 0.1232, 0.1192, 0.1286, 0.1303, 0.1251, 0.1331],
        [0.1223, 0.1250, 0.1231, 0.1247, 0.1253, 0.1278, 0.1227, 0.1291],
        [0.1229, 0.1207, 0.1204, 0.1205, 0.1278, 0.1322, 0.1248, 0.1307],
        [0.1243, 0.1231, 0.1200, 0.1226, 0.1219, 0.1266, 0.1273, 0.1343],
        [0.1263, 0.1217, 0.1190, 0.1243, 0.1254, 0.1300, 0.1251, 0.1281],
        [0.1239, 0.1231, 0.1238, 0.1289, 0.1252, 0.1286, 0.1247, 0.1220],
        [0.1272, 0.1185, 0.1174, 0.1290, 0.1306, 0.1249, 0.1251, 0.1273],
        [0.1235, 0.1184, 0.1222, 0.1247, 0.1264, 0.1324, 0.1212, 0.1313],
        [0.1247, 0.1190, 0.1223, 0.1248, 0.1250, 0.1296, 0.1222, 0.1324],
        [0.1270, 0.1208, 0.1232, 0.1264, 0.1253, 0.1337, 0.1192, 0.1244]],
       device='cuda:0', grad_fn=<SoftmaxBackward>)
tensor([0.3359, 0.3307, 0.3333], device='cuda:0', grad_fn=<SoftmaxBackward>)
09/10 10:27:14 PM train 000 6.135285e-03 100.000000 100.000000
09/10 10:28:25 PM train 050 1.373044e-02 99.693627 100.000000
09/10 10:29:35 PM train 100 1.214678e-02 99.814356 100.000000
09/10 10:30:45 PM train 150 1.314302e-02 99.772351 100.000000
09/10 10:31:56 PM train 200 1.394845e-02 99.720149 100.000000
09/10 10:33:06 PM train 250 1.362242e-02 99.738546 100.000000
09/10 10:34:17 PM train 300 1.371039e-02 99.750831 100.000000
09/10 10:35:27 PM train 350 1.298585e-02 99.777422 100.000000
09/10 10:36:38 PM train 400 1.276681e-02 99.797382 100.000000
09/10 10:37:48 PM train 450 1.243506e-02 99.812916 100.000000
09/10 10:38:59 PM train 500 1.217511e-02 99.819112 100.000000
09/10 10:40:09 PM train 550 1.211065e-02 99.824183 100.000000
09/10 10:41:20 PM train 600 1.212294e-02 99.828411 100.000000
09/10 10:42:30 PM train 650 1.207343e-02 99.831989 100.000000
09/10 10:43:41 PM train 700 1.237756e-02 99.812767 100.000000
09/10 10:44:51 PM train 750 1.249657e-02 99.808589 100.000000
09/10 10:46:02 PM train 800 1.276181e-02 99.793227 100.000000
09/10 10:47:12 PM train 850 1.268570e-02 99.790687 100.000000
09/10 10:48:23 PM train 900 1.263912e-02 99.795366 100.000000
09/10 10:49:15 PM train_acc 99.796667
09/10 10:49:15 PM epoch 17 lr 3.422702e-03
09/10 10:49:15 PM genotype = Genotype(normal=[('sep_conv_3x3', 1), ('dil_conv_3x3', 0), ('sep_conv_3x3', 0), ('max_pool_3x3', 2), ('dil_conv_5x5', 3), ('dil_conv_3x3', 2), ('sep_conv_5x5', 2), ('avg_pool_3x3', 4)], normal_concat=range(2, 6), reduce=[('sep_conv_5x5', 0), ('sep_conv_5x5', 1), ('dil_conv_5x5', 2), ('sep_conv_5x5', 1), ('sep_conv_5x5', 1), ('dil_conv_5x5', 2), ('sep_conv_5x5', 4), ('dil_conv_5x5', 3)], reduce_concat=range(2, 6))
tensor([[0.1263, 0.1287, 0.1242, 0.1224, 0.1232, 0.1212, 0.1291, 0.1249],
        [0.1233, 0.1276, 0.1230, 0.1237, 0.1301, 0.1284, 0.1208, 0.1230],
        [0.1200, 0.1271, 0.1239, 0.1207, 0.1334, 0.1252, 0.1277, 0.1220],
        [0.1298, 0.1264, 0.1196, 0.1227, 0.1228, 0.1327, 0.1249, 0.1211],
        [0.1224, 0.1320, 0.1295, 0.1244, 0.1277, 0.1196, 0.1173, 0.1272],
        [0.1241, 0.1311, 0.1256, 0.1259, 0.1249, 0.1263, 0.1232, 0.1189],
        [0.1254, 0.1268, 0.1219, 0.1205, 0.1233, 0.1307, 0.1283, 0.1231],
        [0.1220, 0.1231, 0.1181, 0.1184, 0.1304, 0.1308, 0.1339, 0.1233],
        [0.1193, 0.1284, 0.1210, 0.1178, 0.1231, 0.1293, 0.1286, 0.1324],
        [0.1249, 0.1276, 0.1228, 0.1228, 0.1311, 0.1281, 0.1203, 0.1223],
        [0.1255, 0.1331, 0.1258, 0.1276, 0.1197, 0.1246, 0.1188, 0.1248],
        [0.1192, 0.1277, 0.1265, 0.1207, 0.1223, 0.1313, 0.1285, 0.1238],
        [0.1226, 0.1335, 0.1372, 0.1274, 0.1155, 0.1195, 0.1243, 0.1200],
        [0.1204, 0.1282, 0.1316, 0.1221, 0.1272, 0.1238, 0.1244, 0.1222]],
       device='cuda:0', grad_fn=<SoftmaxBackward>)
tensor([[0.1261, 0.1220, 0.1235, 0.1258, 0.1248, 0.1333, 0.1216, 0.1228],
        [0.1308, 0.1200, 0.1201, 0.1224, 0.1257, 0.1325, 0.1255, 0.1231],
        [0.1255, 0.1279, 0.1253, 0.1226, 0.1218, 0.1249, 0.1253, 0.1268],
        [0.1187, 0.1181, 0.1181, 0.1258, 0.1316, 0.1338, 0.1268, 0.1272],
        [0.1171, 0.1181, 0.1218, 0.1161, 0.1304, 0.1318, 0.1271, 0.1377],
        [0.1231, 0.1256, 0.1211, 0.1257, 0.1260, 0.1262, 0.1239, 0.1285],
        [0.1184, 0.1185, 0.1177, 0.1185, 0.1287, 0.1395, 0.1261, 0.1326],
        [0.1251, 0.1221, 0.1160, 0.1208, 0.1203, 0.1284, 0.1264, 0.1410],
        [0.1297, 0.1190, 0.1143, 0.1250, 0.1234, 0.1330, 0.1228, 0.1328],
        [0.1224, 0.1235, 0.1230, 0.1304, 0.1256, 0.1299, 0.1235, 0.1217],
        [0.1259, 0.1160, 0.1147, 0.1318, 0.1352, 0.1253, 0.1240, 0.1271],
        [0.1228, 0.1156, 0.1201, 0.1281, 0.1258, 0.1366, 0.1172, 0.1339],
        [0.1228, 0.1151, 0.1191, 0.1257, 0.1246, 0.1356, 0.1193, 0.1379],
        [0.1258, 0.1192, 0.1209, 0.1269, 0.1256, 0.1430, 0.1158, 0.1228]],
       device='cuda:0', grad_fn=<SoftmaxBackward>)
tensor([0.3369, 0.3244, 0.3387], device='cuda:0', grad_fn=<SoftmaxBackward>)
09/10 10:49:16 PM train 000 4.024625e-03 100.000000 100.000000
09/10 10:50:27 PM train 050 1.053883e-02 99.877451 100.000000
09/10 10:51:37 PM train 100 1.026121e-02 99.876238 100.000000
09/10 10:52:48 PM train 150 9.957420e-03 99.896523 100.000000
09/10 10:53:58 PM train 200 9.801453e-03 99.906716 100.000000
09/10 10:55:09 PM train 250 9.610696e-03 99.887948 100.000000
09/10 10:56:19 PM train 300 9.723055e-03 99.906561 100.000000
09/10 10:57:30 PM train 350 9.939119e-03 99.902066 100.000000
09/10 10:58:40 PM train 400 1.017528e-02 99.898691 100.000000
09/10 10:59:51 PM train 450 9.962589e-03 99.902993 100.000000
09/10 11:01:01 PM train 500 9.924724e-03 99.912675 100.000000
09/10 11:02:12 PM train 550 1.014032e-02 99.909256 100.000000
09/10 11:03:22 PM train 600 1.029672e-02 99.896007 100.000000
09/10 11:04:32 PM train 650 1.030187e-02 99.889593 100.000000
09/10 11:05:43 PM train 700 1.016940e-02 99.893010 100.000000
09/10 11:06:53 PM train 750 1.022041e-02 99.887650 100.000000
09/10 11:08:04 PM train 800 1.022302e-02 99.890762 100.000000
09/10 11:09:14 PM train 850 1.019877e-02 99.893508 100.000000
09/10 11:10:25 PM train 900 1.019769e-02 99.895949 100.000000
09/10 11:11:17 PM train_acc 99.896667
09/10 11:11:17 PM epoch 18 lr 1.609427e-03
09/10 11:11:17 PM genotype = Genotype(normal=[('dil_conv_3x3', 0), ('sep_conv_3x3', 1), ('sep_conv_3x3', 0), ('max_pool_3x3', 2), ('dil_conv_5x5', 3), ('dil_conv_3x3', 2), ('sep_conv_5x5', 2), ('avg_pool_3x3', 3)], normal_concat=range(2, 6), reduce=[('sep_conv_5x5', 1), ('sep_conv_5x5', 0), ('dil_conv_5x5', 2), ('sep_conv_5x5', 1), ('sep_conv_5x5', 1), ('dil_conv_5x5', 2), ('sep_conv_5x5', 3), ('sep_conv_5x5', 4)], reduce_concat=range(2, 6))
tensor([[0.1249, 0.1324, 0.1245, 0.1215, 0.1213, 0.1204, 0.1326, 0.1224],
        [0.1233, 0.1293, 0.1214, 0.1218, 0.1321, 0.1308, 0.1207, 0.1206],
        [0.1176, 0.1296, 0.1228, 0.1181, 0.1365, 0.1251, 0.1277, 0.1226],
        [0.1316, 0.1313, 0.1181, 0.1222, 0.1221, 0.1348, 0.1209, 0.1190],
        [0.1221, 0.1344, 0.1307, 0.1239, 0.1293, 0.1168, 0.1152, 0.1276],
        [0.1237, 0.1345, 0.1260, 0.1270, 0.1261, 0.1256, 0.1215, 0.1155],
        [0.1246, 0.1294, 0.1217, 0.1185, 0.1210, 0.1347, 0.1286, 0.1214],
        [0.1221, 0.1199, 0.1147, 0.1174, 0.1327, 0.1323, 0.1383, 0.1226],
        [0.1195, 0.1288, 0.1189, 0.1177, 0.1203, 0.1321, 0.1291, 0.1336],
        [0.1248, 0.1284, 0.1224, 0.1213, 0.1298, 0.1303, 0.1204, 0.1225],
        [0.1258, 0.1334, 0.1245, 0.1273, 0.1204, 0.1245, 0.1178, 0.1262],
        [0.1176, 0.1280, 0.1237, 0.1183, 0.1247, 0.1357, 0.1290, 0.1232],
        [0.1207, 0.1369, 0.1394, 0.1258, 0.1125, 0.1205, 0.1234, 0.1209],
        [0.1200, 0.1303, 0.1335, 0.1220, 0.1269, 0.1232, 0.1236, 0.1204]],
       device='cuda:0', grad_fn=<SoftmaxBackward>)
tensor([[0.1292, 0.1211, 0.1221, 0.1251, 0.1245, 0.1340, 0.1193, 0.1247],
        [0.1331, 0.1174, 0.1176, 0.1214, 0.1263, 0.1350, 0.1254, 0.1237],
        [0.1248, 0.1274, 0.1239, 0.1262, 0.1214, 0.1237, 0.1259, 0.1267],
        [0.1158, 0.1160, 0.1155, 0.1263, 0.1348, 0.1378, 0.1285, 0.1253],
        [0.1133, 0.1179, 0.1221, 0.1136, 0.1292, 0.1330, 0.1296, 0.1413],
        [0.1232, 0.1274, 0.1219, 0.1272, 0.1254, 0.1255, 0.1220, 0.1274],
        [0.1183, 0.1170, 0.1168, 0.1148, 0.1288, 0.1456, 0.1239, 0.1348],
        [0.1265, 0.1215, 0.1141, 0.1192, 0.1146, 0.1284, 0.1288, 0.1468],
        [0.1300, 0.1170, 0.1123, 0.1231, 0.1235, 0.1377, 0.1220, 0.1345],
        [0.1220, 0.1219, 0.1231, 0.1307, 0.1279, 0.1324, 0.1227, 0.1193],
        [0.1264, 0.1123, 0.1123, 0.1352, 0.1366, 0.1274, 0.1233, 0.1265],
        [0.1231, 0.1119, 0.1183, 0.1287, 0.1258, 0.1405, 0.1148, 0.1369],
        [0.1214, 0.1110, 0.1182, 0.1250, 0.1243, 0.1417, 0.1170, 0.1415],
        [0.1265, 0.1167, 0.1208, 0.1283, 0.1238, 0.1494, 0.1125, 0.1219]],
       device='cuda:0', grad_fn=<SoftmaxBackward>)
tensor([0.3425, 0.3194, 0.3381], device='cuda:0', grad_fn=<SoftmaxBackward>)
09/10 11:11:19 PM train 000 2.398536e-03 100.000000 100.000000
09/10 11:12:29 PM train 050 9.470752e-03 99.877451 100.000000
09/10 11:13:39 PM train 100 9.222243e-03 99.876238 100.000000
09/10 11:14:50 PM train 150 8.878133e-03 99.917219 100.000000
09/10 11:16:00 PM train 200 8.770489e-03 99.922264 100.000000
09/10 11:17:11 PM train 250 8.646862e-03 99.937749 100.000000
09/10 11:18:21 PM train 300 8.632584e-03 99.937708 100.000000
09/10 11:19:32 PM train 350 8.817331e-03 99.928775 100.000000
09/10 11:20:42 PM train 400 8.609812e-03 99.937656 100.000000
09/10 11:21:53 PM train 450 8.698487e-03 99.937639 100.000000
09/10 11:23:03 PM train 500 8.953867e-03 99.931387 100.000000
09/10 11:24:14 PM train 550 8.857717e-03 99.931942 100.000000
09/10 11:25:24 PM train 600 8.881068e-03 99.932404 100.000000
09/10 11:26:35 PM train 650 8.893088e-03 99.937596 100.000000
09/10 11:27:45 PM train 700 8.896960e-03 99.933131 100.000000
09/10 11:28:56 PM train 750 8.830864e-03 99.937583 100.000000
09/10 11:30:06 PM train 800 8.951135e-03 99.929775 100.000000
09/10 11:31:17 PM train 850 8.810654e-03 99.933901 100.000000
09/10 11:32:27 PM train 900 8.712268e-03 99.934101 100.000000
09/10 11:33:19 PM train_acc 99.936667
09/10 11:33:20 PM epoch 19 lr 1.000000e-03
09/10 11:33:20 PM genotype = Genotype(normal=[('dil_conv_3x3', 0), ('sep_conv_3x3', 1), ('sep_conv_3x3', 0), ('max_pool_3x3', 2), ('dil_conv_5x5', 3), ('dil_conv_3x3', 2), ('sep_conv_5x5', 2), ('avg_pool_3x3', 3)], normal_concat=range(2, 6), reduce=[('sep_conv_5x5', 0), ('sep_conv_5x5', 1), ('dil_conv_5x5', 2), ('sep_conv_5x5', 1), ('sep_conv_5x5', 1), ('dil_conv_5x5', 2), ('sep_conv_5x5', 4), ('sep_conv_5x5', 3)], reduce_concat=range(2, 6))
tensor([[0.1252, 0.1306, 0.1229, 0.1201, 0.1241, 0.1210, 0.1343, 0.1218],
        [0.1219, 0.1289, 0.1204, 0.1198, 0.1338, 0.1337, 0.1200, 0.1215],
        [0.1153, 0.1304, 0.1233, 0.1182, 0.1398, 0.1247, 0.1267, 0.1216],
        [0.1345, 0.1306, 0.1141, 0.1184, 0.1213, 0.1396, 0.1235, 0.1179],
        [0.1217, 0.1375, 0.1334, 0.1239, 0.1310, 0.1142, 0.1110, 0.1274],
        [0.1227, 0.1371, 0.1268, 0.1286, 0.1278, 0.1246, 0.1191, 0.1132],
        [0.1256, 0.1292, 0.1193, 0.1156, 0.1214, 0.1376, 0.1303, 0.1211],
        [0.1202, 0.1200, 0.1139, 0.1159, 0.1343, 0.1348, 0.1418, 0.1191],
        [0.1176, 0.1293, 0.1185, 0.1160, 0.1210, 0.1335, 0.1283, 0.1358],
        [0.1250, 0.1306, 0.1230, 0.1213, 0.1319, 0.1284, 0.1183, 0.1216],
        [0.1264, 0.1351, 0.1236, 0.1274, 0.1189, 0.1253, 0.1166, 0.1268],
        [0.1173, 0.1292, 0.1227, 0.1182, 0.1254, 0.1362, 0.1297, 0.1213],
        [0.1210, 0.1375, 0.1392, 0.1252, 0.1129, 0.1221, 0.1226, 0.1196],
        [0.1204, 0.1310, 0.1340, 0.1224, 0.1250, 0.1215, 0.1236, 0.1221]],
       device='cuda:0', grad_fn=<SoftmaxBackward>)
tensor([[0.1291, 0.1197, 0.1209, 0.1249, 0.1248, 0.1373, 0.1202, 0.1231],
        [0.1347, 0.1163, 0.1182, 0.1208, 0.1286, 0.1334, 0.1276, 0.1203],
        [0.1265, 0.1281, 0.1252, 0.1256, 0.1198, 0.1237, 0.1254, 0.1257],
        [0.1156, 0.1136, 0.1141, 0.1293, 0.1377, 0.1378, 0.1283, 0.1236],
        [0.1120, 0.1155, 0.1229, 0.1129, 0.1289, 0.1350, 0.1289, 0.1438],
        [0.1238, 0.1247, 0.1210, 0.1296, 0.1268, 0.1236, 0.1224, 0.1281],
        [0.1172, 0.1145, 0.1156, 0.1154, 0.1266, 0.1519, 0.1234, 0.1353],
        [0.1262, 0.1208, 0.1128, 0.1195, 0.1139, 0.1291, 0.1290, 0.1487],
        [0.1303, 0.1165, 0.1115, 0.1238, 0.1237, 0.1399, 0.1199, 0.1344],
        [0.1234, 0.1214, 0.1218, 0.1298, 0.1307, 0.1336, 0.1205, 0.1189],
        [0.1271, 0.1106, 0.1108, 0.1374, 0.1377, 0.1294, 0.1226, 0.1245],
        [0.1222, 0.1100, 0.1184, 0.1326, 0.1243, 0.1420, 0.1127, 0.1378],
        [0.1192, 0.1082, 0.1176, 0.1261, 0.1240, 0.1457, 0.1139, 0.1453],
        [0.1243, 0.1151, 0.1199, 0.1283, 0.1238, 0.1581, 0.1098, 0.1206]],
       device='cuda:0', grad_fn=<SoftmaxBackward>)
tensor([0.3451, 0.3172, 0.3376], device='cuda:0', grad_fn=<SoftmaxBackward>)
09/10 11:33:21 PM train 000 6.391004e-03 100.000000 100.000000
09/10 11:34:32 PM train 050 9.245901e-03 99.938725 100.000000
09/10 11:35:42 PM train 100 8.575596e-03 99.907178 100.000000
09/10 11:36:53 PM train 150 8.649361e-03 99.937914 100.000000
09/10 11:38:03 PM train 200 9.055917e-03 99.937811 100.000000
09/10 11:39:14 PM train 250 8.833841e-03 99.925299 100.000000
09/10 11:40:24 PM train 300 8.944421e-03 99.916944 100.000000
09/10 11:41:34 PM train 350 8.732487e-03 99.919872 100.000000
09/10 11:42:45 PM train 400 8.485338e-03 99.929863 100.000000
09/10 11:43:55 PM train 450 8.341665e-03 99.937639 100.000000
09/10 11:45:06 PM train 500 8.326597e-03 99.943862 100.000000
09/10 11:46:16 PM train 550 8.388197e-03 99.943285 100.000000
09/10 11:47:26 PM train 600 8.350731e-03 99.942804 100.000000
09/10 11:48:37 PM train 650 8.537611e-03 99.937596 100.000000
09/10 11:49:47 PM train 700 8.980338e-03 99.924215 100.000000
09/10 11:50:58 PM train 750 8.809652e-03 99.929261 100.000000
09/10 11:52:08 PM train 800 8.717589e-03 99.933677 100.000000
09/10 11:53:18 PM train 850 8.680760e-03 99.933901 100.000000
09/10 11:54:29 PM train 900 8.576090e-03 99.937569 100.000000
09/10 11:55:21 PM train_acc 99.940000
09/10 11:55:21 PM valid 000 6.482957e-02 96.875000 100.000000
09/10 11:55:32 PM valid 050 5.307901e-02 98.590686 99.877451
09/10 11:55:42 PM valid 100 4.795150e-02 98.607673 99.938119
09/10 11:55:53 PM valid 150 4.169729e-02 98.799669 99.937914
09/10 11:56:04 PM valid 200 4.159359e-02 98.771766 99.953358
09/10 11:56:15 PM valid 250 4.137501e-02 98.792331 99.950199
09/10 11:56:25 PM valid 300 3.990210e-02 98.889120 99.948090
09/10 11:56:36 PM valid 350 3.947691e-02 98.887108 99.937678
09/10 11:56:47 PM valid 400 3.952125e-02 98.908978 99.929863
09/10 11:56:57 PM valid 450 3.824922e-02 98.974501 99.937639
09/10 11:57:08 PM valid 500 3.789009e-02 98.958333 99.937625
09/10 11:57:19 PM valid 550 3.721406e-02 98.973457 99.943285
09/10 11:57:29 PM valid 600 3.872451e-02 98.918469 99.932404
09/10 11:57:40 PM valid 650 3.781957e-02 98.953533 99.932796
09/10 11:57:51 PM valid 700 3.703409e-02 98.965763 99.937589
09/10 11:58:01 PM valid 750 3.681926e-02 98.976365 99.937583
09/10 11:58:12 PM valid 800 3.615160e-02 98.985643 99.941479
09/10 11:58:23 PM valid 850 3.697634e-02 98.949765 99.933901
09/10 11:58:33 PM valid 900 3.713057e-02 98.949084 99.937569
09/10 11:58:41 PM valid_acc 98.953333
