Workingdir: /home/rkohli/aml-project/src
Started at Sat Sep 14 00:57:57 CEST 2019
Running job combined-new_ensemble using 2 cpus per node with given JID 3468595 on queue meta_gpu-black
24 24 8
24 32 16
32 64 16
64 64 32
64 128 32
24 24 8
24 32 8
32 32 16
32 64 16
64 64 32
64 128 32
24 24 8
24 32 8
32 32 16
32 64 16
64 64 32
64 128 32
Worker running
Training size= 185892
Training size= 185892
Training size= 185892
Training size= 185892
Training size= 185892
Training size= 185892
Training size= 185892
Training size= 185892
Training size= 185892
Training size= 185892
Training size= 185892
Training size= 185892
Training size= 185892
Training size= 185892
Training size= 185892
Training size= 185892
Training size= 185892
Training size= 185892
Training size= 185892
Training size= 185892
Training size= 185892
Training size= 185892
Training size= 185892
Training size= 185892
Training size= 185892
Best run id:(7, 0, 1), 
 Config:{'dense_units': 124, 'drop_path_prob': 0.09718170971259742, 'grad_clip_value': 6, 'initial_lr': 0.0023257440043377947, 'lr_scheduler': 'Cosine', 'optimizer': 'adam', 'weight_decay': 0.00025770722398000824}
time taken =39661.77243185043 s
