INFO:root:gpu device = cuda:0
INFO:root:epoch 0 lr 4.442566e-02
/home/rkohli/aml-project/src/train.py:131: UserWarning: torch.nn.utils.clip_grad_norm is now deprecated in favor of torch.nn.utils.clip_grad_norm_.
  nn.utils.clip_grad_norm(model.parameters(), grad_clip)
INFO:root:train 000 4.013083e+00 1.562500 14.062500
INFO:root:train 050 3.715728e+00 10.294118 27.634804
INFO:root:train 100 3.489064e+00 15.021658 35.380569
INFO:root:train 150 3.304493e+00 19.194950 42.373758
INFO:root:train 200 3.150123e+00 23.313122 47.854478
INFO:root:train 250 2.999410e+00 27.471365 52.838645
INFO:root:train 300 2.871970e+00 31.218854 56.525125
INFO:root:train 350 2.755091e+00 34.802350 59.570869
INFO:root:train 400 2.648540e+00 37.987064 62.102556
INFO:root:train 450 2.549577e+00 40.822478 64.363914
INFO:root:train 500 2.457793e+00 43.347680 66.332959
INFO:root:train 550 2.375552e+00 45.491152 68.029719
INFO:root:train 600 2.298136e+00 47.556156 69.576747
INFO:root:train 650 2.224583e+00 49.481567 70.936540
INFO:root:train 700 2.161183e+00 51.112250 72.117956
INFO:root:train 750 2.096427e+00 52.767144 73.246089
INFO:root:train 800 2.039306e+00 54.203730 74.243134
INFO:root:train 850 1.985708e+00 55.521078 75.165247
INFO:root:train 900 1.933955e+00 56.804939 76.012764
INFO:root:train 950 1.887755e+00 57.966943 76.749803
INFO:root:train 1000 1.843498e+00 59.078422 77.452235
INFO:root:train 1050 1.799602e+00 60.152533 78.150274
INFO:root:train 1100 1.762947e+00 61.009877 78.691247
INFO:root:train 1150 1.724456e+00 61.910838 79.280245
INFO:root:train 1200 1.690194e+00 62.667829 79.807192
INFO:root:train 1250 1.657297e+00 63.438000 80.304506
INFO:root:train 1300 1.625829e+00 64.207821 80.781610
INFO:root:train 1350 1.594516e+00 64.961140 81.262722
INFO:root:train 1400 1.565775e+00 65.635037 81.694995
INFO:root:train 1450 1.538091e+00 66.266799 82.103937
INFO:root:train 1500 1.511650e+00 66.865839 82.498126
INFO:root:train 1550 1.487402e+00 67.393013 82.871937
INFO:root:train 1600 1.463008e+00 67.926296 83.239967
INFO:root:train 1650 1.440320e+00 68.433904 83.566778
INFO:root:train 1700 1.418499e+00 68.908914 83.890910
INFO:root:train 1750 1.397669e+00 69.383567 84.186715
INFO:root:train 1800 1.377571e+00 69.838805 84.472168
INFO:root:train 1850 1.358660e+00 70.262696 84.746421
INFO:root:train 1900 1.340379e+00 70.665932 85.009534
INFO:root:train 1950 1.321841e+00 71.077332 85.272777
INFO:root:train 2000 1.305269e+00 71.446308 85.511151
INFO:root:train 2050 1.288343e+00 71.819387 85.756948
INFO:root:train 2100 1.272988e+00 72.160578 85.965760
INFO:root:train 2150 1.258969e+00 72.477191 86.162686
INFO:root:train 2200 1.243343e+00 72.810654 86.384740
INFO:root:train 2250 1.228063e+00 73.149434 86.594153
INFO:root:train 2300 1.213611e+00 73.474169 86.794464
INFO:root:train 2350 1.199429e+00 73.783098 86.988914
INFO:root:train 2400 1.186003e+00 74.062240 87.171361
INFO:root:train 2450 1.172614e+00 74.350393 87.355926
INFO:root:train 2500 1.160090e+00 74.617653 87.527489
INFO:root:train 2550 1.148246e+00 74.878112 87.681914
INFO:root:train 2600 1.137314e+00 75.120146 87.823794
INFO:root:train 2650 1.125561e+00 75.366018 87.983308
INFO:root:train 2700 1.114711e+00 75.592373 88.128240
INFO:root:train 2750 1.103170e+00 75.846283 88.282102
INFO:root:train 2800 1.092884e+00 76.064910 88.420988
INFO:root:train 2850 1.082984e+00 76.265455 88.556099
INFO:root:train 2900 1.073580e+00 76.470937 88.676319
INFO:root:train 2950 1.063561e+00 76.693811 88.805701
INFO:root:train 3000 1.054468e+00 76.888954 88.931814
INFO:root:train 3050 1.045631e+00 77.081797 89.043551
INFO:root:train 3100 1.036882e+00 77.259856 89.154708
INFO:root:train 3150 1.028028e+00 77.445652 89.270271
INFO:root:train 3200 1.019300e+00 77.635895 89.385153
INFO:root:train 3250 1.010956e+00 77.817402 89.494098
INFO:root:train 3300 1.003000e+00 77.983471 89.600689
INFO:root:train 3350 9.949835e-01 78.159038 89.704566
INFO:root:train 3400 9.873360e-01 78.310607 89.804929
INFO:root:train 3450 9.797310e-01 78.472725 89.903742
INFO:root:train 3500 9.722457e-01 78.633783 90.003303
INFO:root:train 3550 9.651088e-01 78.788545 90.098300
INFO:root:train 3600 9.580988e-01 78.932501 90.188923
INFO:root:train_acc 79.032987
INFO:root:valid 000 6.909087e-01 81.250000 95.312500
INFO:root:valid 050 8.430159e-01 80.300245 91.299020
INFO:root:valid 100 8.211679e-01 80.754950 91.646040
INFO:root:valid 150 8.121934e-01 80.825745 91.928808
INFO:root:valid 200 8.163817e-01 80.736940 91.798818
INFO:root:valid 250 8.128972e-01 80.864044 91.882470
INFO:root:valid 300 8.148295e-01 80.793189 91.901993
INFO:root:valid 350 8.174342e-01 80.804843 91.924858
INFO:root:valid 400 8.200814e-01 80.747350 91.871883
INFO:root:valid 450 8.268069e-01 80.654102 91.827190
INFO:root:valid 500 8.254056e-01 80.719810 91.841317
INFO:root:valid 550 8.237679e-01 80.759415 91.850045
INFO:root:valid 600 8.269565e-01 80.657238 91.805324
INFO:root:test_acc 80.639220
INFO:root:epoch 1 lr 4.415218e-02
INFO:root:train 000 5.373384e-01 87.500000 95.312500
INFO:root:train 050 5.965773e-01 86.090686 95.404412
INFO:root:train 100 6.145013e-01 85.411510 95.111386
INFO:root:train 150 6.033422e-01 85.689156 95.343543
INFO:root:train 200 6.027403e-01 85.696517 95.366915
INFO:root:train 250 5.864314e-01 86.161604 95.530378
INFO:root:train 300 5.763733e-01 86.383929 95.665490
INFO:root:train 350 5.711763e-01 86.525107 95.713141
INFO:root:train 400 5.648974e-01 86.654458 95.768392
INFO:root:train 450 5.611073e-01 86.789773 95.818320
INFO:root:train 500 5.600413e-01 86.873129 95.799027
INFO:root:train 550 5.524609e-01 87.071801 95.868308
INFO:root:train 600 5.465218e-01 87.190620 95.913062
INFO:root:train 650 5.466134e-01 87.195180 95.902938
INFO:root:train 700 5.413849e-01 87.303852 95.954440
INFO:root:train 750 5.386317e-01 87.375166 95.988682
INFO:root:train 800 5.381594e-01 87.384909 96.012797
INFO:root:train 850 5.363726e-01 87.408196 96.019389
INFO:root:train 900 5.357619e-01 87.406354 96.004440
INFO:root:train 950 5.336125e-01 87.478641 96.025565
INFO:root:train 1000 5.302852e-01 87.563999 96.058629
INFO:root:train 1050 5.285994e-01 87.599608 96.076653
INFO:root:train 1100 5.275687e-01 87.637659 96.073172
INFO:root:train 1150 5.255116e-01 87.691410 96.084926
INFO:root:train 1200 5.231977e-01 87.723772 96.116517
INFO:root:train 1250 5.210252e-01 87.763539 96.153078
INFO:root:train 1300 5.180517e-01 87.823069 96.190430
INFO:root:train 1350 5.178990e-01 87.834243 96.190322
INFO:root:train 1400 5.161737e-01 87.874732 96.198028
INFO:root:train 1450 5.138259e-01 87.924276 96.226740
INFO:root:train 1500 5.120515e-01 87.962192 96.243130
INFO:root:train 1550 5.100648e-01 88.033930 96.274581
INFO:root:train 1600 5.092866e-01 88.036774 96.286501
INFO:root:train 1650 5.071516e-01 88.083926 96.300538
INFO:root:train 1700 5.063340e-01 88.115447 96.291703
INFO:root:train 1750 5.042029e-01 88.170153 96.303898
INFO:root:train 1800 5.027755e-01 88.202735 96.324091
INFO:root:train 1850 5.012710e-01 88.242842 96.338972
INFO:root:train 1900 4.995429e-01 88.285771 96.366222
INFO:root:train 1950 4.981706e-01 88.295265 96.380862
INFO:root:train 2000 4.965460e-01 88.342547 96.395552
INFO:root:train 2050 4.952312e-01 88.369241 96.412573
INFO:root:train 2100 4.943047e-01 88.387226 96.420603
INFO:root:train 2150 4.935823e-01 88.404376 96.426081
INFO:root:train 2200 4.916059e-01 88.454822 96.436279
INFO:root:train 2250 4.903953e-01 88.495391 96.441165
INFO:root:train 2300 4.888956e-01 88.531481 96.453308
INFO:root:train 2350 4.870393e-01 88.566700 96.472246
INFO:root:train 2400 4.858345e-01 88.589390 96.496252
INFO:root:train 2450 4.846326e-01 88.612429 96.500153
INFO:root:train 2500 4.831278e-01 88.640794 96.516393
INFO:root:train 2550 4.820956e-01 88.668659 96.523422
INFO:root:train 2600 4.805457e-01 88.705065 96.541595
INFO:root:train 2650 4.789181e-01 88.742456 96.562028
INFO:root:train 2700 4.773000e-01 88.785404 96.576499
INFO:root:train 2750 4.756890e-01 88.821678 96.597260
INFO:root:train 2800 4.742456e-01 88.852196 96.602776
INFO:root:train 2850 4.730917e-01 88.880546 96.615771
INFO:root:train 2900 4.721300e-01 88.900918 96.626163
INFO:root:train 2950 4.710086e-01 88.927482 96.630380
INFO:root:train 3000 4.699448e-01 88.947434 96.639141
INFO:root:train 3050 4.688803e-01 88.965708 96.649664
INFO:root:train 3100 4.672247e-01 89.000524 96.670429
INFO:root:train 3150 4.663011e-01 89.033739 96.680617
INFO:root:train 3200 4.650495e-01 89.064941 96.690487
INFO:root:train 3250 4.641096e-01 89.082205 96.699573
INFO:root:train 3300 4.633829e-01 89.098001 96.703650
INFO:root:train 3350 4.621120e-01 89.131509 96.715533
INFO:root:train 3400 4.614572e-01 89.146115 96.722012
INFO:root:train 3450 4.606755e-01 89.166636 96.726040
INFO:root:train 3500 4.593595e-01 89.196837 96.741110
INFO:root:train 3550 4.582347e-01 89.227946 96.755755
INFO:root:train 3600 4.575523e-01 89.242138 96.763052
INFO:root:train_acc 89.253975
INFO:root:valid 000 4.893576e-01 89.062500 96.875000
INFO:root:valid 050 7.375009e-01 81.893382 93.075980
INFO:root:valid 100 7.089084e-01 83.106436 93.579827
INFO:root:valid 150 6.997203e-01 83.298841 93.656871
INFO:root:valid 200 6.989333e-01 83.411070 93.633396
INFO:root:valid 250 6.983652e-01 83.459910 93.575697
INFO:root:valid 300 6.943515e-01 83.632683 93.625415
INFO:root:valid 350 6.968103e-01 83.658298 93.598647
INFO:root:valid 400 7.007509e-01 83.490493 93.531796
INFO:root:valid 450 7.061143e-01 83.314856 93.448586
INFO:root:valid 500 7.048818e-01 83.327096 93.444361
INFO:root:valid 550 7.067972e-01 83.237863 93.358666
INFO:root:valid 600 7.068175e-01 83.158278 93.386023
INFO:root:test_acc 83.147845
INFO:root:epoch 2 lr 4.333849e-02
INFO:root:train 000 3.391073e-01 89.062500 98.437500
INFO:root:train 050 4.862152e-01 88.082108 96.537990
INFO:root:train 100 4.643821e-01 88.582921 96.735767
INFO:root:train 150 4.511899e-01 89.000414 96.843957
INFO:root:train 200 4.542805e-01 88.969216 96.758396
INFO:root:train 250 4.528109e-01 88.913098 96.800299
INFO:root:train 300 4.486896e-01 89.052118 96.916528
INFO:root:train 350 4.425016e-01 89.209402 96.999644
INFO:root:train 400 4.445938e-01 89.191085 96.968516
INFO:root:train 450 4.432858e-01 89.256513 97.006652
INFO:root:train 500 4.453696e-01 89.196607 96.943613
INFO:root:train 550 4.453470e-01 89.207123 96.957237
INFO:root:train 600 4.426360e-01 89.239289 96.963394
INFO:root:train 650 4.417840e-01 89.228111 96.983007
INFO:root:train 700 4.391688e-01 89.300999 96.981990
INFO:root:train 750 4.383081e-01 89.345456 96.985270
INFO:root:train 800 4.392585e-01 89.355103 96.960830
INFO:root:train 850 4.373948e-01 89.424207 96.974148
INFO:root:train 900 4.374811e-01 89.450957 96.956507
INFO:root:train 950 4.372692e-01 89.458465 96.958793
INFO:root:train 1000 4.368407e-01 89.473027 96.959291
INFO:root:train 1050 4.340256e-01 89.518911 96.987988
INFO:root:train 1100 4.332086e-01 89.563465 96.987114
INFO:root:train 1150 4.330744e-01 89.545775 96.986316
INFO:root:train 1200 4.333187e-01 89.539967 96.988187
INFO:root:train 1250 4.322566e-01 89.543365 96.998651
INFO:root:train 1300 4.313252e-01 89.598146 96.991497
INFO:root:train 1350 4.312424e-01 89.637306 97.002221
INFO:root:train 1400 4.312113e-01 89.655826 96.999911
INFO:root:train 1450 4.306202e-01 89.667686 97.006375
INFO:root:train 1500 4.303889e-01 89.672510 97.003040
INFO:root:train 1550 4.305479e-01 89.666949 96.994882
INFO:root:train 1600 4.303042e-01 89.686134 97.002850
INFO:root:train 1650 4.298875e-01 89.707942 97.009388
INFO:root:train 1700 4.290493e-01 89.724794 97.021972
INFO:root:train 1750 4.287687e-01 89.735330 97.030268
INFO:root:train 1800 4.276179e-01 89.760897 97.033766
INFO:root:train 1850 4.266898e-01 89.783394 97.047204
INFO:root:train 1900 4.254373e-01 89.815393 97.061579
INFO:root:train 1950 4.251359e-01 89.824930 97.060001
INFO:root:train 2000 4.237996e-01 89.852730 97.074900
INFO:root:train 2050 4.232171e-01 89.868509 97.090596
INFO:root:train 2100 4.217079e-01 89.899899 97.101827
INFO:root:train 2150 4.210336e-01 89.915301 97.109629
INFO:root:train 2200 4.202974e-01 89.934973 97.122047
INFO:root:train 2250 4.193088e-01 89.958629 97.130442
INFO:root:train 2300 4.186419e-01 89.966998 97.131003
INFO:root:train 2350 4.178415e-01 90.002924 97.143503
INFO:root:train 2400 4.177057e-01 90.026291 97.146371
INFO:root:train 2450 4.168289e-01 90.053167 97.155498
INFO:root:train 2500 4.159397e-01 90.068972 97.165509
INFO:root:train 2550 4.146207e-01 90.090896 97.183702
INFO:root:train 2600 4.140090e-01 90.106570 97.185578
INFO:root:train 2650 4.131980e-01 90.117526 97.193866
INFO:root:train 2700 4.123768e-01 90.139647 97.201847
INFO:root:train 2750 4.112378e-01 90.165508 97.212945
INFO:root:train 2800 4.107933e-01 90.178173 97.216954
INFO:root:train 2850 4.099799e-01 90.199163 97.226302
INFO:root:train 2900 4.092097e-01 90.215120 97.235328
INFO:root:train 2950 4.089819e-01 90.219417 97.241931
INFO:root:train 3000 4.088111e-01 90.231381 97.241024
INFO:root:train 3050 4.081963e-01 90.243977 97.248341
INFO:root:train 3100 4.074216e-01 90.261710 97.255422
INFO:root:train 3150 4.065160e-01 90.281855 97.267732
INFO:root:train 3200 4.059535e-01 90.298442 97.269896
INFO:root:train 3250 4.052228e-01 90.320767 97.276799
INFO:root:train 3300 4.046866e-01 90.328215 97.277814
INFO:root:train 3350 4.048498e-01 90.332177 97.273668
INFO:root:train 3400 4.039833e-01 90.347968 97.284806
INFO:root:train 3450 4.033341e-01 90.355151 97.293810
INFO:root:train 3500 4.031981e-01 90.354988 97.292738
INFO:root:train 3550 4.028801e-01 90.364070 97.296536
INFO:root:train 3600 4.026857e-01 90.367693 97.301097
INFO:root:train_acc 90.366880
INFO:root:valid 000 6.204344e-01 78.125000 93.750000
INFO:root:valid 050 6.856195e-01 83.946078 94.117647
INFO:root:valid 100 6.844144e-01 84.421411 94.214109
INFO:root:valid 150 6.804020e-01 84.271523 94.174255
INFO:root:valid 200 6.847257e-01 84.032960 94.216418
INFO:root:valid 250 6.920420e-01 83.833416 94.073705
INFO:root:valid 300 6.935382e-01 83.902616 93.993978
INFO:root:valid 350 6.938361e-01 83.938746 93.972578
INFO:root:valid 400 6.977520e-01 83.852868 93.952618
INFO:root:valid 450 7.009646e-01 83.779102 93.895510
INFO:root:valid 500 7.005587e-01 83.807385 93.862275
INFO:root:valid 550 7.006735e-01 83.731284 93.880445
INFO:root:valid 600 7.006395e-01 83.704243 93.843594
INFO:root:test_acc 83.697823
INFO:root:epoch 3 lr 4.200461e-02
INFO:root:train 000 5.383317e-01 85.937500 95.312500
INFO:root:train 050 3.972327e-01 90.502451 97.487745
INFO:root:train 100 4.011575e-01 90.640470 97.431931
INFO:root:train 150 4.022901e-01 90.511175 97.444123
INFO:root:train 200 4.081654e-01 90.399565 97.434701
INFO:root:train 250 4.131910e-01 90.295070 97.410359
INFO:root:train 300 4.110756e-01 90.240864 97.451204
INFO:root:train 350 4.109123e-01 90.211004 97.418091
INFO:root:train 400 4.076011e-01 90.282107 97.455580
INFO:root:train 450 4.059706e-01 90.351303 97.470898
INFO:root:train 500 4.055360e-01 90.363024 97.483159
INFO:root:train 550 4.046350e-01 90.378289 97.481851
INFO:root:train 600 4.037270e-01 90.411814 97.441764
INFO:root:train 650 4.063662e-01 90.329781 97.431836
INFO:root:train 700 4.080319e-01 90.312946 97.409950
INFO:root:train 750 4.066108e-01 90.331641 97.415945
INFO:root:train 800 4.052870e-01 90.400671 97.432896
INFO:root:train 850 4.054476e-01 90.345917 97.422150
INFO:root:train 900 4.075076e-01 90.286834 97.388319
INFO:root:train 950 4.081970e-01 90.258609 97.381046
INFO:root:train 1000 4.062211e-01 90.323739 97.388549
INFO:root:train 1050 4.061177e-01 90.308337 97.381958
INFO:root:train 1100 4.067672e-01 90.294335 97.387318
INFO:root:train 1150 4.059842e-01 90.312772 97.386783
INFO:root:train 1200 4.056322e-01 90.301051 97.391497
INFO:root:train 1250 4.044492e-01 90.325240 97.399580
INFO:root:train 1300 4.049811e-01 90.287519 97.386626
INFO:root:train 1350 4.051679e-01 90.273409 97.383882
INFO:root:train 1400 4.039982e-01 90.310493 97.401410
INFO:root:train 1450 4.035239e-01 90.317023 97.399423
INFO:root:train 1500 4.040779e-01 90.262742 97.403814
INFO:root:train 1550 4.046395e-01 90.263338 97.388781
INFO:root:train 1600 4.042205e-01 90.265849 97.395183
INFO:root:train 1650 4.047598e-01 90.253066 97.382268
INFO:root:train 1700 4.035824e-01 90.288801 97.397670
INFO:root:train 1750 4.031813e-01 90.309109 97.396131
INFO:root:train 1800 4.031319e-01 90.307468 97.399882
INFO:root:train 1850 4.021908e-01 90.338837 97.413560
INFO:root:train 1900 4.028192e-01 90.325815 97.396929
INFO:root:train 1950 4.022951e-01 90.336686 97.400372
INFO:root:train 2000 4.015985e-01 90.361850 97.406765
INFO:root:train 2050 4.013479e-01 90.361409 97.415133
INFO:root:train 2100 4.002893e-01 90.376606 97.423846
INFO:root:train 2150 4.001689e-01 90.374390 97.427069
INFO:root:train 2200 4.001061e-01 90.385762 97.420207
INFO:root:train 2250 4.003112e-01 90.382747 97.425450
INFO:root:train 2300 4.005572e-01 90.382578 97.419600
INFO:root:train 2350 4.006229e-01 90.373113 97.413999
INFO:root:train 2400 4.004805e-01 90.379660 97.416441
INFO:root:train 2450 3.999847e-01 90.389764 97.414958
INFO:root:train 2500 3.991831e-01 90.411960 97.421032
INFO:root:train 2550 3.983919e-01 90.414911 97.431767
INFO:root:train 2600 3.983607e-01 90.415345 97.427071
INFO:root:train 2650 3.974881e-01 90.434624 97.435520
INFO:root:train 2700 3.969349e-01 90.443354 97.440763
INFO:root:train 2750 3.966996e-01 90.440976 97.444679
INFO:root:train 2800 3.964970e-01 90.443703 97.443435
INFO:root:train 2850 3.964470e-01 90.448527 97.442783
INFO:root:train 2900 3.960329e-01 90.458032 97.444308
INFO:root:train 2950 3.958305e-01 90.462979 97.440486
INFO:root:train 3000 3.957465e-01 90.467761 97.445643
INFO:root:train 3050 3.955732e-01 90.475459 97.448070
INFO:root:train 3100 3.953053e-01 90.486436 97.448908
INFO:root:train 3150 3.954535e-01 90.488635 97.449222
INFO:root:train 3200 3.947412e-01 90.504920 97.456849
INFO:root:train 3250 3.944152e-01 90.514457 97.459916
INFO:root:train 3300 3.943097e-01 90.515185 97.460997
INFO:root:train 3350 3.937635e-01 90.525216 97.468573
INFO:root:train 3400 3.938389e-01 90.514738 97.466738
INFO:root:train 3450 3.933195e-01 90.529919 97.470389
INFO:root:train 3500 3.927036e-01 90.543327 97.478399
INFO:root:train 3550 3.922458e-01 90.556797 97.483103
INFO:root:train 3600 3.922064e-01 90.562517 97.482904
INFO:root:train_acc 90.563123
INFO:root:valid 000 5.831621e-01 84.375000 93.750000
INFO:root:valid 050 7.181508e-01 83.118873 93.964461
INFO:root:valid 100 7.079276e-01 83.493193 94.043936
INFO:root:valid 150 6.914550e-01 83.681705 94.122517
INFO:root:valid 200 6.933153e-01 83.589863 94.099813
INFO:root:valid 250 6.984973e-01 83.372759 93.961653
INFO:root:valid 300 6.965293e-01 83.435424 93.957641
INFO:root:valid 350 6.955631e-01 83.382301 94.030449
INFO:root:valid 400 6.978158e-01 83.315150 94.007170
INFO:root:valid 450 7.026681e-01 83.183204 93.968265
INFO:root:valid 500 7.013849e-01 83.205464 93.955838
INFO:root:valid 550 7.012259e-01 83.200998 93.954174
INFO:root:valid 600 7.017290e-01 83.147879 93.976186
INFO:root:test_acc 83.142657
INFO:root:epoch 4 lr 4.018339e-02
INFO:root:train 000 7.593321e-01 82.812500 92.187500
INFO:root:train 050 3.750122e-01 90.870098 97.855392
INFO:root:train 100 3.987514e-01 90.331064 97.679455
INFO:root:train 150 4.008007e-01 90.252483 97.588990
INFO:root:train 200 3.973745e-01 90.220771 97.590174
INFO:root:train 250 3.999952e-01 90.183018 97.590886
INFO:root:train 300 3.945668e-01 90.318729 97.591362
INFO:root:train 350 3.951119e-01 90.255520 97.591702
INFO:root:train 400 3.963422e-01 90.208074 97.556889
INFO:root:train 450 3.952591e-01 90.275083 97.554047
INFO:root:train 500 3.975907e-01 90.269461 97.486277
INFO:root:train 550 3.976549e-01 90.310231 97.476180
INFO:root:train 600 3.989296e-01 90.268823 97.462562
INFO:root:train 650 3.993062e-01 90.248176 97.448637
INFO:root:train 700 4.016058e-01 90.208185 97.423324
INFO:root:train 750 4.014860e-01 90.181841 97.409704
INFO:root:train 800 4.006125e-01 90.209504 97.395833
INFO:root:train 850 4.004705e-01 90.233916 97.409298
INFO:root:train 900 3.998458e-01 90.252150 97.407395
INFO:root:train 950 3.989565e-01 90.298042 97.425407
INFO:root:train 1000 3.996111e-01 90.276911 97.404158
INFO:root:train 1050 3.999142e-01 90.299417 97.392364
INFO:root:train 1100 4.005431e-01 90.285820 97.371708
INFO:root:train 1150 4.007077e-01 90.293766 97.370493
INFO:root:train 1200 4.007128e-01 90.295847 97.353768
INFO:root:train 1250 4.015233e-01 90.269035 97.329636
INFO:root:train 1300 4.014303e-01 90.264700 97.332581
INFO:root:train 1350 4.017904e-01 90.237556 97.334151
INFO:root:train 1400 4.026069e-01 90.243576 97.314418
INFO:root:train 1450 4.026594e-01 90.259950 97.317583
INFO:root:train 1500 4.033417e-01 90.247127 97.307004
INFO:root:train 1550 4.016604e-01 90.310687 97.326322
INFO:root:train 1600 4.012785e-01 90.317575 97.331746
INFO:root:train 1650 4.009450e-01 90.313636 97.340627
INFO:root:train 1700 4.001873e-01 90.330137 97.356335
INFO:root:train 1750 3.996381e-01 90.352834 97.369360
INFO:root:train 1800 3.990522e-01 90.369066 97.366914
INFO:root:train 1850 3.996581e-01 90.349811 97.362068
INFO:root:train 1900 3.998749e-01 90.347186 97.365696
INFO:root:train 1950 3.995775e-01 90.359912 97.363532
INFO:root:train 2000 3.995148e-01 90.369659 97.359133
INFO:root:train 2050 3.987031e-01 90.402548 97.368662
INFO:root:train 2100 3.993192e-01 90.395199 97.366581
INFO:root:train 2150 3.995878e-01 90.386739 97.364598
INFO:root:train 2200 3.995645e-01 90.387892 97.371223
INFO:root:train 2250 3.997916e-01 90.388994 97.378943
INFO:root:train 2300 3.996092e-01 90.396159 97.384968
INFO:root:train 2350 3.985666e-01 90.407008 97.404030
INFO:root:train 2400 3.982512e-01 90.410246 97.407981
INFO:root:train 2450 3.977782e-01 90.422277 97.416233
INFO:root:train 2500 3.970724e-01 90.434451 97.430403
INFO:root:train 2550 3.976774e-01 90.426548 97.432379
INFO:root:train 2600 3.970174e-01 90.429763 97.439086
INFO:root:train 2650 3.968026e-01 90.435803 97.445539
INFO:root:train 2700 3.974464e-01 90.421372 97.439027
INFO:root:train 2750 3.977000e-01 90.415417 97.435592
INFO:root:train 2800 3.972103e-01 90.433662 97.440088
INFO:root:train 2850 3.964583e-01 90.451267 97.443331
INFO:root:train 2900 3.963441e-01 90.454800 97.451310
INFO:root:train 2950 3.960909e-01 90.454507 97.455312
INFO:root:train 3000 3.957805e-01 90.461513 97.452932
INFO:root:train 3050 3.954459e-01 90.472898 97.454728
INFO:root:train 3100 3.949290e-01 90.487947 97.455962
INFO:root:train 3150 3.944799e-01 90.501031 97.459636
INFO:root:train 3200 3.941311e-01 90.506385 97.461243
INFO:root:train 3250 3.940298e-01 90.508209 97.466645
INFO:root:train 3300 3.937691e-01 90.508558 97.464310
INFO:root:train 3350 3.932680e-01 90.511694 97.466708
INFO:root:train 3400 3.929376e-01 90.522089 97.466738
INFO:root:train 3450 3.929500e-01 90.522222 97.467672
INFO:root:train 3500 3.928829e-01 90.521012 97.468134
INFO:root:train 3550 3.923652e-01 90.540517 97.471223
INFO:root:train 3600 3.920246e-01 90.542124 97.475962
INFO:root:train_acc 90.554516
INFO:root:valid 000 6.636667e-01 78.125000 96.875000
INFO:root:valid 050 7.064525e-01 82.843137 93.933824
INFO:root:valid 100 6.911613e-01 83.508663 94.136757
INFO:root:valid 150 6.833444e-01 83.661010 94.298427
INFO:root:valid 200 6.790888e-01 83.706468 94.294154
INFO:root:valid 250 6.820081e-01 83.702689 94.123506
INFO:root:valid 300 6.803401e-01 83.814369 94.201620
INFO:root:valid 350 6.846511e-01 83.907585 94.101674
INFO:root:valid 400 6.856008e-01 83.899626 94.038342
INFO:root:valid 450 6.919051e-01 83.734063 93.985588
INFO:root:valid 500 6.921464e-01 83.713822 94.027570
INFO:root:valid 550 6.903533e-01 83.739791 94.016561
INFO:root:valid 600 6.890990e-01 83.712042 94.046381
INFO:root:test_acc 83.703012
INFO:root:epoch 5 lr 3.791967e-02
INFO:root:train 000 3.670180e-01 92.187500 98.437500
INFO:root:train 050 4.387843e-01 89.736520 97.181373
INFO:root:train 100 4.293444e-01 90.052599 97.230817
INFO:root:train 150 4.180695e-01 90.159354 97.392384
INFO:root:train 200 4.095943e-01 90.337376 97.527985
INFO:root:train 250 4.130793e-01 90.245269 97.460159
INFO:root:train 300 4.115943e-01 90.292774 97.430440
INFO:root:train 350 4.079895e-01 90.380164 97.467058
INFO:root:train 400 4.081447e-01 90.293797 97.471166
INFO:root:train 450 4.071157e-01 90.351303 97.463969
INFO:root:train 500 4.077091e-01 90.322480 97.445734
INFO:root:train 550 4.079035e-01 90.352768 97.416629
INFO:root:train 600 4.065213e-01 90.417013 97.420965
INFO:root:train 650 4.058343e-01 90.437788 97.429435
INFO:root:train 700 4.056481e-01 90.422165 97.430011
INFO:root:train 750 4.060951e-01 90.389897 97.403462
INFO:root:train 800 4.043370e-01 90.420178 97.419242
INFO:root:train 850 4.028324e-01 90.470770 97.438675
INFO:root:train 900 4.037922e-01 90.413430 97.443812
INFO:root:train 950 4.022473e-01 90.450841 97.451696
INFO:root:train 1000 4.011717e-01 90.465784 97.477522
INFO:root:train 1050 3.997770e-01 90.494172 97.486025
INFO:root:train 1100 3.997850e-01 90.493018 97.478145
INFO:root:train 1150 4.007579e-01 90.464813 97.468234
INFO:root:train 1200 4.010733e-01 90.466278 97.466955
INFO:root:train 1250 4.007905e-01 90.458883 97.485761
INFO:root:train 1300 4.010591e-01 90.442448 97.480304
INFO:root:train 1350 4.020733e-01 90.417977 97.467154
INFO:root:train 1400 4.031050e-01 90.408637 97.462750
INFO:root:train 1450 4.027301e-01 90.413939 97.466187
INFO:root:train 1500 4.031071e-01 90.408478 97.458986
INFO:root:train 1550 4.026714e-01 90.409413 97.457286
INFO:root:train 1600 4.027794e-01 90.417122 97.455692
INFO:root:train 1650 4.022290e-01 90.444238 97.470283
INFO:root:train 1700 4.020651e-01 90.450470 97.463808
INFO:root:train 1750 4.013270e-01 90.458131 97.475550
INFO:root:train 1800 4.009170e-01 90.464499 97.488375
INFO:root:train 1850 4.012688e-01 90.440978 97.489533
INFO:root:train 1900 4.001369e-01 90.462257 97.502959
INFO:root:train 1950 4.000136e-01 90.468830 97.500481
INFO:root:train 2000 4.001878e-01 90.468828 97.492660
INFO:root:train 2050 3.999883e-01 90.474921 97.492077
INFO:root:train 2100 4.000418e-01 90.468824 97.484829
INFO:root:train 2150 3.982305e-01 90.502964 97.503341
INFO:root:train 2200 3.976437e-01 90.514965 97.508235
INFO:root:train 2250 3.974836e-01 90.521574 97.503193
INFO:root:train 2300 3.972863e-01 90.527895 97.507198
INFO:root:train 2350 3.977605e-01 90.512681 97.499734
INFO:root:train 2400 3.977366e-01 90.502004 97.500390
INFO:root:train 2450 3.977896e-01 90.505151 97.501020
INFO:root:train 2500 3.977690e-01 90.495677 97.505998
INFO:root:train 2550 3.972989e-01 90.504337 97.509555
INFO:root:train 2600 3.971399e-01 90.518070 97.511174
INFO:root:train 2650 3.968258e-01 90.523034 97.510963
INFO:root:train 2700 3.968667e-01 90.520293 97.507867
INFO:root:train 2750 3.960800e-01 90.541508 97.511132
INFO:root:train 2800 3.952685e-01 90.559175 97.519301
INFO:root:train 2850 3.954054e-01 90.557041 97.518415
INFO:root:train 2900 3.956636e-01 90.553365 97.515943
INFO:root:train 2950 3.956190e-01 90.554049 97.515673
INFO:root:train 3000 3.953924e-01 90.554190 97.522180
INFO:root:train 3050 3.949230e-01 90.569690 97.524377
INFO:root:train 3100 3.941986e-01 90.584690 97.531542
INFO:root:train 3150 3.942141e-01 90.582851 97.530546
INFO:root:train 3200 3.939770e-01 90.582533 97.529581
INFO:root:train 3250 3.939941e-01 90.582705 97.530087
INFO:root:train 3300 3.939871e-01 90.578613 97.529158
INFO:root:train 3350 3.941220e-01 90.572311 97.523127
INFO:root:train 3400 3.939214e-01 90.574463 97.518653
INFO:root:train 3450 3.934850e-01 90.578818 97.522910
INFO:root:train 3500 3.931907e-01 90.583494 97.524368
INFO:root:train 3550 3.933489e-01 90.581878 97.524905
INFO:root:train 3600 3.932145e-01 90.584647 97.529332
INFO:root:train_acc 90.587223
INFO:root:valid 000 6.862644e-01 81.250000 95.312500
INFO:root:valid 050 7.287972e-01 82.751225 93.780637
INFO:root:valid 100 7.072672e-01 83.168317 93.982054
INFO:root:valid 150 6.858188e-01 83.526490 94.184603
INFO:root:valid 200 6.928432e-01 83.457711 94.130908
INFO:root:valid 250 7.018232e-01 83.453685 94.042580
INFO:root:valid 300 6.999853e-01 83.580772 94.019934
INFO:root:valid 350 7.057628e-01 83.498041 93.950321
INFO:root:valid 400 7.076137e-01 83.509975 93.972101
INFO:root:valid 450 7.114720e-01 83.387611 93.905904
INFO:root:valid 500 7.082274e-01 83.495509 93.918413
INFO:root:valid 550 7.083196e-01 83.498752 93.903131
INFO:root:valid 600 7.097903e-01 83.426061 93.872192
INFO:root:test_acc 83.407269
INFO:root:epoch 6 lr 3.526920e-02
INFO:root:train 000 1.731460e-01 98.437500 98.437500
INFO:root:train 050 3.964139e-01 90.226716 97.916667
INFO:root:train 100 3.948074e-01 90.331064 97.741337
INFO:root:train 150 4.052752e-01 90.086921 97.557947
INFO:root:train 200 3.939829e-01 90.430659 97.621269
INFO:root:train 250 3.974749e-01 90.344871 97.528635
INFO:root:train 300 3.984002e-01 90.261628 97.529070
INFO:root:train 350 3.990158e-01 90.286681 97.507123
INFO:root:train 400 3.968414e-01 90.340555 97.521820
INFO:root:train 450 3.992785e-01 90.365161 97.502079
INFO:root:train 500 3.972642e-01 90.412924 97.542415
INFO:root:train 550 3.995161e-01 90.440676 97.496030
INFO:root:train 600 4.007069e-01 90.333819 97.491161
INFO:root:train 650 3.987778e-01 90.351382 97.513441
INFO:root:train 700 3.991153e-01 90.355296 97.528085
INFO:root:train 750 3.976686e-01 90.391977 97.492926
INFO:root:train 800 3.981471e-01 90.353855 97.499220
INFO:root:train 850 4.003835e-01 90.331228 97.468052
INFO:root:train 900 4.004628e-01 90.352733 97.483699
INFO:root:train 950 3.984612e-01 90.419624 97.509201
INFO:root:train 1000 4.000254e-01 90.381494 97.505619
INFO:root:train 1050 3.998824e-01 90.401998 97.508325
INFO:root:train 1100 3.997263e-01 90.416383 97.509366
INFO:root:train 1150 3.991911e-01 90.425445 97.515747
INFO:root:train 1200 4.004177e-01 90.402529 97.494276
INFO:root:train 1250 4.012493e-01 90.395184 97.478267
INFO:root:train 1300 4.012454e-01 90.400413 97.476701
INFO:root:train 1350 4.022194e-01 90.394846 97.459058
INFO:root:train 1400 4.020954e-01 90.403060 97.458289
INFO:root:train 1450 4.025236e-01 90.392402 97.454342
INFO:root:train 1500 4.031635e-01 90.395986 97.456904
INFO:root:train 1550 4.031011e-01 90.407398 97.457286
INFO:root:train 1600 4.027480e-01 90.410290 97.460572
INFO:root:train 1650 4.021899e-01 90.428150 97.464605
INFO:root:train 1700 4.023193e-01 90.417402 97.463808
INFO:root:train 1750 4.024003e-01 90.415298 97.467519
INFO:root:train 1800 4.019577e-01 90.411577 97.471023
INFO:root:train 1850 4.020156e-01 90.397927 97.471806
INFO:root:train 1900 4.017349e-01 90.391570 97.479123
INFO:root:train 1950 4.012094e-01 90.399154 97.490870
INFO:root:train 2000 4.007459e-01 90.418853 97.497345
INFO:root:train 2050 4.004089e-01 90.425402 97.495124
INFO:root:train 2100 4.006437e-01 90.421228 97.493009
INFO:root:train 2150 4.001090e-01 90.436134 97.503341
INFO:root:train 2200 3.995349e-01 90.434036 97.511075
INFO:root:train 2250 3.996344e-01 90.432030 97.512217
INFO:root:train 2300 3.992853e-01 90.427396 97.518742
INFO:root:train 2350 3.987816e-01 90.441567 97.530306
INFO:root:train 2400 3.990353e-01 90.447340 97.526421
INFO:root:train 2450 3.995845e-01 90.431839 97.522057
INFO:root:train 2500 3.996868e-01 90.427579 97.522866
INFO:root:train 2550 3.990767e-01 90.441861 97.529155
INFO:root:train 2600 3.994261e-01 90.427960 97.528595
INFO:root:train 2650 3.999826e-01 90.409869 97.521572
INFO:root:train 2700 4.002219e-01 90.407488 97.511917
INFO:root:train 2750 4.004333e-01 90.392698 97.509996
INFO:root:train 2800 4.002394e-01 90.401865 97.512607
INFO:root:train 2850 3.999801e-01 90.414548 97.518963
INFO:root:train 2900 4.000715e-01 90.405787 97.518097
INFO:root:train 2950 3.998963e-01 90.414796 97.525733
INFO:root:train 3000 3.992527e-01 90.431835 97.532073
INFO:root:train 3050 3.999391e-01 90.413491 97.525914
INFO:root:train 3100 3.994608e-01 90.424964 97.533558
INFO:root:train 3150 3.988385e-01 90.443014 97.537984
INFO:root:train 3200 3.989140e-01 90.448297 97.533486
INFO:root:train 3250 3.984618e-01 90.457263 97.536335
INFO:root:train 3300 3.980203e-01 90.470217 97.539571
INFO:root:train 3350 3.983090e-01 90.465999 97.539447
INFO:root:train 3400 3.983760e-01 90.467418 97.538867
INFO:root:train 3450 3.980956e-01 90.474228 97.541021
INFO:root:train 3500 3.980418e-01 90.484861 97.538650
INFO:root:train 3550 3.978425e-01 90.485955 97.545586
INFO:root:train 3600 3.978009e-01 90.495696 97.540180
INFO:root:train_acc 90.502442
INFO:root:valid 000 4.353673e-01 87.500000 95.312500
INFO:root:valid 050 7.338095e-01 82.506127 93.688725
INFO:root:valid 100 7.107866e-01 83.245668 93.997525
INFO:root:valid 150 7.024208e-01 83.298841 94.039735
INFO:root:valid 200 7.022141e-01 83.356654 94.045398
INFO:root:valid 250 7.083493e-01 83.055279 94.030129
INFO:root:valid 300 7.117061e-01 82.999377 94.004360
INFO:root:valid 350 7.195214e-01 82.968305 93.968127
INFO:root:valid 400 7.195976e-01 83.019015 93.929239
INFO:root:valid 450 7.261477e-01 82.850610 93.857400
INFO:root:valid 500 7.249481e-01 82.868638 93.849800
INFO:root:valid 550 7.231073e-01 82.886230 93.840744
INFO:root:valid 600 7.236597e-01 82.887895 93.822795
INFO:root:test_acc 82.870262
INFO:root:epoch 7 lr 3.229724e-02
INFO:root:train 000 4.307815e-01 89.062500 96.875000
INFO:root:train 050 4.566674e-01 89.031863 97.120098
INFO:root:train 100 4.327735e-01 89.573020 97.277228
INFO:root:train 150 4.194050e-01 89.890315 97.288907
INFO:root:train 200 4.182955e-01 90.065299 97.318097
INFO:root:train 250 4.132564e-01 90.195468 97.373008
INFO:root:train 300 4.152099e-01 90.121470 97.435631
INFO:root:train 350 4.166842e-01 90.130876 97.382479
INFO:root:train 400 4.156288e-01 90.165212 97.455580
INFO:root:train 450 4.135726e-01 90.209257 97.457040
INFO:root:train 500 4.113139e-01 90.250749 97.523703
INFO:root:train 550 4.106192e-01 90.253516 97.513044
INFO:root:train 600 4.130566e-01 90.172629 97.488561
INFO:root:train 650 4.136015e-01 90.118568 97.489439
INFO:root:train 700 4.133830e-01 90.121255 97.485735
INFO:root:train 750 4.135007e-01 90.123585 97.519973
INFO:root:train 800 4.159637e-01 90.065153 97.479713
INFO:root:train 850 4.151954e-01 90.042964 97.490085
INFO:root:train 900 4.165528e-01 90.023238 97.461154
INFO:root:train 950 4.167272e-01 89.999014 97.448410
INFO:root:train 1000 4.143662e-01 90.038087 97.458791
INFO:root:train 1050 4.131285e-01 90.076415 97.465212
INFO:root:train 1100 4.131741e-01 90.044562 97.459696
INFO:root:train 1150 4.127789e-01 90.052129 97.477737
INFO:root:train 1200 4.117262e-01 90.091590 97.483868
INFO:root:train 1250 4.115793e-01 90.094175 97.479516
INFO:root:train 1300 4.114488e-01 90.106168 97.468294
INFO:root:train 1350 4.110412e-01 90.110335 97.467154
INFO:root:train 1400 4.113141e-01 90.097475 97.464980
INFO:root:train 1450 4.105404e-01 90.090886 97.478032
INFO:root:train 1500 4.095934e-01 90.121169 97.486051
INFO:root:train 1550 4.082547e-01 90.177708 97.500604
INFO:root:train 1600 4.087464e-01 90.155567 97.498634
INFO:root:train 1650 4.083502e-01 90.170730 97.493943
INFO:root:train 1700 4.085071e-01 90.185920 97.494121
INFO:root:train 1750 4.086083e-01 90.196673 97.504997
INFO:root:train 1800 4.089273e-01 90.204227 97.495315
INFO:root:train 1850 4.087655e-01 90.210528 97.497974
INFO:root:train 1900 4.097450e-01 90.189374 97.487342
INFO:root:train 1950 4.111266e-01 90.144477 97.473251
INFO:root:train 2000 4.114156e-01 90.129935 97.471577
INFO:root:train 2050 4.108996e-01 90.144289 97.470746
INFO:root:train 2100 4.108930e-01 90.150524 97.478135
INFO:root:train 2150 4.106762e-01 90.148477 97.471380
INFO:root:train 2200 4.098072e-01 90.154333 97.476289
INFO:root:train 2250 4.101421e-01 90.146046 97.465016
INFO:root:train 2300 4.102610e-01 90.157812 97.456948
INFO:root:train 2350 4.100415e-01 90.163095 97.457199
INFO:root:train 2400 4.095633e-01 90.175968 97.453535
INFO:root:train 2450 4.091702e-01 90.188316 97.462133
INFO:root:train 2500 4.086416e-01 90.189549 97.462265
INFO:root:train 2550 4.085452e-01 90.182771 97.459942
INFO:root:train 2600 4.085582e-01 90.181661 97.455906
INFO:root:train 2650 4.083746e-01 90.183539 97.457917
INFO:root:train 2700 4.077344e-01 90.191711 97.458696
INFO:root:train 2750 4.075409e-01 90.196179 97.461150
INFO:root:train 2800 4.071683e-01 90.201044 97.462960
INFO:root:train 2850 4.069506e-01 90.210124 97.469090
INFO:root:train 2900 4.063389e-01 90.221583 97.478240
INFO:root:train 2950 4.060852e-01 90.226300 97.480197
INFO:root:train 3000 4.055887e-01 90.242315 97.481569
INFO:root:train 3050 4.052908e-01 90.246538 97.482895
INFO:root:train 3100 4.051509e-01 90.254152 97.486698
INFO:root:train 3150 4.055282e-01 90.249623 97.481454
INFO:root:train 3200 4.053981e-01 90.255975 97.485649
INFO:root:train 3250 4.052111e-01 90.264534 97.488273
INFO:root:train 3300 4.049908e-01 90.271414 97.488924
INFO:root:train 3350 4.046149e-01 90.278555 97.494218
INFO:root:train 3400 4.050939e-01 90.271244 97.486034
INFO:root:train 3450 4.050403e-01 90.271389 97.483972
INFO:root:train 3500 4.046598e-01 90.287596 97.488218
INFO:root:train 3550 4.049496e-01 90.294107 97.486623
INFO:root:train 3600 4.045615e-01 90.302173 97.488545
INFO:root:train_acc 90.300605
INFO:root:valid 000 5.671818e-01 87.500000 95.312500
INFO:root:valid 050 7.018408e-01 83.363971 94.393382
INFO:root:valid 100 6.955377e-01 83.678837 94.167698
INFO:root:valid 150 6.812160e-01 83.899007 94.422599
INFO:root:valid 200 6.846841e-01 83.753109 94.410759
INFO:root:valid 250 6.882897e-01 83.596863 94.335159
INFO:root:valid 300 6.853816e-01 83.731312 94.310631
INFO:root:valid 350 6.893484e-01 83.733974 94.226318
INFO:root:valid 400 6.916379e-01 83.724283 94.174719
INFO:root:valid 450 6.960794e-01 83.685560 94.106846
INFO:root:valid 500 6.926396e-01 83.782435 94.127370
INFO:root:valid 550 6.927967e-01 83.751134 94.127155
INFO:root:valid 600 6.917152e-01 83.753640 94.158174
INFO:root:test_acc 83.736737
INFO:root:epoch 8 lr 2.907697e-02
INFO:root:train 000 4.200297e-01 84.375000 98.437500
INFO:root:train 050 4.318832e-01 89.797794 97.273284
INFO:root:train 100 4.287425e-01 89.805074 97.230817
INFO:root:train 150 4.306942e-01 89.921358 97.257864
INFO:root:train 200 4.293973e-01 89.878731 97.372512
INFO:root:train 250 4.192478e-01 90.164343 97.460159
INFO:root:train 300 4.248029e-01 89.944975 97.373339
INFO:root:train 350 4.215885e-01 89.997329 97.431446
INFO:root:train 400 4.206563e-01 89.974283 97.404925
INFO:root:train 450 4.188253e-01 89.984063 97.405072
INFO:root:train 500 4.208947e-01 89.954466 97.349052
INFO:root:train 550 4.152332e-01 90.134415 97.422300
INFO:root:train 600 4.141540e-01 90.118032 97.446963
INFO:root:train 650 4.127214e-01 90.142569 97.451037
INFO:root:train 700 4.133339e-01 90.112340 97.434469
INFO:root:train 750 4.135725e-01 90.096538 97.432590
INFO:root:train 800 4.149314e-01 90.051498 97.415340
INFO:root:train 850 4.139779e-01 90.079686 97.423986
INFO:root:train 900 4.160005e-01 90.026706 97.426471
INFO:root:train 950 4.168154e-01 90.013801 97.413906
INFO:root:train 1000 4.156713e-01 90.050574 97.404158
INFO:root:train 1050 4.161487e-01 90.028842 97.396824
INFO:root:train 1100 4.147804e-01 90.027532 97.411444
INFO:root:train 1150 4.139856e-01 90.052129 97.415291
INFO:root:train 1200 4.142967e-01 90.049958 97.418818
INFO:root:train 1250 4.130063e-01 90.066697 97.423311
INFO:root:train 1300 4.128035e-01 90.060530 97.432264
INFO:root:train 1350 4.116418e-01 90.084891 97.445179
INFO:root:train 1400 4.115033e-01 90.093014 97.454943
INFO:root:train 1450 4.113544e-01 90.099500 97.452188
INFO:root:train 1500 4.108885e-01 90.094104 97.454822
INFO:root:train 1550 4.115496e-01 90.061855 97.447211
INFO:root:train 1600 4.111403e-01 90.074563 97.458620
INFO:root:train 1650 4.118745e-01 90.069465 97.453248
INFO:root:train 1700 4.123003e-01 90.074772 97.450948
INFO:root:train 1750 4.128394e-01 90.053005 97.458595
INFO:root:train 1800 4.117220e-01 90.079296 97.464950
INFO:root:train 1850 4.113058e-01 90.078843 97.470962
INFO:root:train 1900 4.102588e-01 90.113756 97.479123
INFO:root:train 1950 4.098333e-01 90.125256 97.483662
INFO:root:train 2000 4.101310e-01 90.122126 97.478604
INFO:root:train 2050 4.109643e-01 90.110769 97.466175
INFO:root:train 2100 4.105611e-01 90.131931 97.476648
INFO:root:train 2150 4.097969e-01 90.149930 97.480096
INFO:root:train 2200 4.086854e-01 90.169241 97.491197
INFO:root:train 2250 4.082890e-01 90.180753 97.499028
INFO:root:train 2300 4.080228e-01 90.179542 97.498370
INFO:root:train 2350 4.082560e-01 90.183698 97.491094
INFO:root:train 2400 4.086887e-01 90.169461 97.482169
INFO:root:train 2450 4.082660e-01 90.180666 97.492095
INFO:root:train 2500 4.078806e-01 90.193922 97.497251
INFO:root:train 2550 4.078978e-01 90.199922 97.504043
INFO:root:train 2600 4.080112e-01 90.198481 97.500360
INFO:root:train 2650 4.083378e-01 90.194148 97.499175
INFO:root:train 2700 4.085370e-01 90.192868 97.502661
INFO:root:train 2750 4.087900e-01 90.195043 97.499773
INFO:root:train 2800 4.095102e-01 90.182636 97.492525
INFO:root:train 2850 4.097994e-01 90.174500 97.486079
INFO:root:train 2900 4.099742e-01 90.175263 97.489551
INFO:root:train 2950 4.102100e-01 90.165940 97.486551
INFO:root:train 3000 4.102011e-01 90.159530 97.486775
INFO:root:train 3050 4.095998e-01 90.168695 97.496210
INFO:root:train 3100 4.099735e-01 90.167990 97.490729
INFO:root:train 3150 4.096908e-01 90.169291 97.494843
INFO:root:train 3200 4.098509e-01 90.167135 97.498828
INFO:root:train 3250 4.095949e-01 90.178503 97.499327
INFO:root:train 3300 4.097153e-01 90.180059 97.495077
INFO:root:train 3350 4.098417e-01 90.187631 97.491887
INFO:root:train 3400 4.097569e-01 90.198195 97.491087
INFO:root:train 3450 4.097575e-01 90.188080 97.493027
INFO:root:train 3500 4.098438e-01 90.186286 97.489557
INFO:root:train 3550 4.098026e-01 90.189383 97.494104
INFO:root:train 3600 4.098188e-01 90.187621 97.494620
INFO:root:train_acc 90.193876
INFO:root:valid 000 4.831012e-01 87.500000 96.875000
INFO:root:valid 050 7.065851e-01 83.149510 93.933824
INFO:root:valid 100 6.988259e-01 83.756188 94.198639
INFO:root:valid 150 6.956848e-01 83.557533 94.350166
INFO:root:valid 200 7.098275e-01 83.271144 94.239739
INFO:root:valid 250 7.092497e-01 83.198456 94.154631
INFO:root:valid 300 7.069247e-01 83.378322 94.186047
INFO:root:valid 350 7.098647e-01 83.373397 94.208511
INFO:root:valid 400 7.117811e-01 83.241116 94.186409
INFO:root:valid 450 7.174035e-01 83.186669 94.030626
INFO:root:valid 500 7.150190e-01 83.164920 94.068114
INFO:root:valid 550 7.164002e-01 83.172641 94.050590
INFO:root:valid 600 7.163139e-01 83.155678 94.082779
INFO:root:test_acc 83.145251
INFO:root:epoch 9 lr 2.568768e-02
INFO:root:train 000 3.985890e-01 87.500000 96.875000
INFO:root:train 050 4.349046e-01 90.042892 97.365196
INFO:root:train 100 4.254777e-01 90.021658 97.462871
INFO:root:train 150 4.146387e-01 90.180050 97.609685
INFO:root:train 200 4.305804e-01 89.832090 97.403607
INFO:root:train 250 4.301393e-01 89.809512 97.354333
INFO:root:train 300 4.324513e-01 89.752907 97.362957
INFO:root:train 350 4.293772e-01 89.748041 97.422543
INFO:root:train 400 4.298403e-01 89.728803 97.401029
INFO:root:train 450 4.318409e-01 89.665327 97.373891
INFO:root:train 500 4.322331e-01 89.692490 97.367764
INFO:root:train 550 4.331760e-01 89.677858 97.362750
INFO:root:train 600 4.310712e-01 89.738457 97.361169
INFO:root:train 650 4.291648e-01 89.746544 97.367031
INFO:root:train 700 4.300750e-01 89.724501 97.351997
INFO:root:train 750 4.273890e-01 89.788615 97.359770
INFO:root:train 800 4.279756e-01 89.805712 97.370474
INFO:root:train 850 4.271869e-01 89.848340 97.363396
INFO:root:train 900 4.241636e-01 89.891440 97.388319
INFO:root:train 950 4.248411e-01 89.884004 97.385975
INFO:root:train 1000 4.244392e-01 89.857018 97.383866
INFO:root:train 1050 4.247445e-01 89.856387 97.370064
INFO:root:train 1100 4.233693e-01 89.904064 97.373127
INFO:root:train 1150 4.243142e-01 89.897372 97.366421
INFO:root:train 1200 4.244174e-01 89.895139 97.366778
INFO:root:train 1250 4.233483e-01 89.911821 97.374600
INFO:root:train 1300 4.237159e-01 89.908003 97.365008
INFO:root:train 1350 4.233655e-01 89.912565 97.368847
INFO:root:train 1400 4.234594e-01 89.913455 97.357914
INFO:root:train 1450 4.232373e-01 89.926129 97.358503
INFO:root:train 1500 4.238207e-01 89.914016 97.349684
INFO:root:train 1550 4.250719e-01 89.874476 97.343448
INFO:root:train 1600 4.250870e-01 89.862781 97.344433
INFO:root:train 1650 4.238053e-01 89.890597 97.352930
INFO:root:train 1700 4.239132e-01 89.867174 97.354497
INFO:root:train 1750 4.236954e-01 89.876321 97.355975
INFO:root:train 1800 4.237078e-01 89.866741 97.365179
INFO:root:train 1850 4.237070e-01 89.848393 97.369665
INFO:root:train 1900 4.235243e-01 89.840051 97.376381
INFO:root:train 1950 4.229500e-01 89.862570 97.375545
INFO:root:train 2000 4.228468e-01 89.847264 97.375531
INFO:root:train 2050 4.226309e-01 89.856320 97.370185
INFO:root:train 2100 4.232621e-01 89.835198 97.365838
INFO:root:train 2150 4.228798e-01 89.848472 97.370409
INFO:root:train 2200 4.227094e-01 89.858303 97.366254
INFO:root:train 2250 4.223771e-01 89.861450 97.365060
INFO:root:train 2300 4.226364e-01 89.850880 97.363918
INFO:root:train 2350 4.225670e-01 89.852722 97.360166
INFO:root:train 2400 4.220164e-01 89.860345 97.366983
INFO:root:train 2450 4.224506e-01 89.857456 97.360771
INFO:root:train 2500 4.219309e-01 89.865929 97.367303
INFO:root:train 2550 4.216969e-01 89.881419 97.369291
INFO:root:train 2600 4.223564e-01 89.859069 97.361592
INFO:root:train 2650 4.222776e-01 89.858780 97.360076
INFO:root:train 2700 4.220075e-01 89.866022 97.362088
INFO:root:train 2750 4.215914e-01 89.871865 97.365163
INFO:root:train 2800 4.213881e-01 89.889214 97.369243
INFO:root:train 2850 4.208802e-01 89.901022 97.378113
INFO:root:train 2900 4.208706e-01 89.906498 97.378059
INFO:root:train 2950 4.198777e-01 89.928202 97.392303
INFO:root:train 3000 4.201321e-01 89.914820 97.388371
INFO:root:train 3050 4.198252e-01 89.929531 97.388151
INFO:root:train 3100 4.195636e-01 89.936210 97.390963
INFO:root:train 3150 4.196790e-01 89.938214 97.386742
INFO:root:train 3200 4.192098e-01 89.946501 97.387535
INFO:root:train 3250 4.190545e-01 89.955494 97.386862
INFO:root:train 3300 4.192604e-01 89.956642 97.387629
INFO:root:train 3350 4.193085e-01 89.951694 97.389772
INFO:root:train 3400 4.192119e-01 89.954701 97.383123
INFO:root:train 3450 4.190324e-01 89.960338 97.383910
INFO:root:train 3500 4.186615e-01 89.968491 97.386907
INFO:root:train 3550 4.182649e-01 89.980375 97.393340
INFO:root:train 3600 4.184712e-01 89.961556 97.396123
INFO:root:train_acc 89.957610
INFO:root:valid 000 7.019247e-01 84.375000 92.187500
INFO:root:valid 050 7.892011e-01 81.678922 93.841912
INFO:root:valid 100 7.578527e-01 82.379332 93.734530
INFO:root:valid 150 7.432320e-01 82.377897 93.863825
INFO:root:valid 200 7.477193e-01 82.361629 93.835510
INFO:root:valid 250 7.516663e-01 82.295817 93.731325
INFO:root:valid 300 7.490156e-01 82.366071 93.760382
INFO:root:valid 350 7.544951e-01 82.425214 93.638711
INFO:root:valid 400 7.616102e-01 82.259196 93.633105
INFO:root:valid 450 7.636858e-01 82.185421 93.597561
INFO:root:valid 500 7.621690e-01 82.229291 93.609656
INFO:root:valid 550 7.603983e-01 82.364451 93.602541
INFO:root:valid 600 7.612291e-01 82.297733 93.617408
INFO:root:test_acc 82.294342
INFO:root:epoch 10 lr 2.221283e-02
INFO:root:train 000 5.147359e-01 87.500000 96.875000
INFO:root:train 050 4.389343e-01 89.246324 97.028186
INFO:root:train 100 4.336313e-01 89.279084 97.199876
INFO:root:train 150 4.410784e-01 89.310844 97.247517
INFO:root:train 200 4.372832e-01 89.458955 97.232587
INFO:root:train 250 4.382913e-01 89.492032 97.248506
INFO:root:train 300 4.429292e-01 89.415490 97.248754
INFO:root:train 350 4.428600e-01 89.418625 97.302350
INFO:root:train 400 4.408880e-01 89.385910 97.307512
INFO:root:train 450 4.382169e-01 89.526746 97.311530
INFO:root:train 500 4.373546e-01 89.583333 97.286677
INFO:root:train 550 4.361934e-01 89.575771 97.294691
INFO:root:train 600 4.371739e-01 89.556468 97.272775
INFO:root:train 650 4.389084e-01 89.523329 97.263825
INFO:root:train 700 4.398699e-01 89.492689 97.231633
INFO:root:train 750 4.375381e-01 89.565995 97.241178
INFO:root:train 800 4.359875e-01 89.591136 97.261236
INFO:root:train 850 4.358215e-01 89.561912 97.271592
INFO:root:train 900 4.345131e-01 89.589692 97.280799
INFO:root:train 950 4.362879e-01 89.553759 97.259464
INFO:root:train 1000 4.374801e-01 89.516733 97.248064
INFO:root:train 1050 4.349319e-01 89.569458 97.251130
INFO:root:train 1100 4.347927e-01 89.560627 97.252498
INFO:root:train 1150 4.326844e-01 89.619081 97.272752
INFO:root:train 1200 4.343823e-01 89.593308 97.261397
INFO:root:train 1250 4.344074e-01 89.622052 97.258443
INFO:root:train 1300 4.322799e-01 89.671407 97.282139
INFO:root:train 1350 4.307347e-01 89.713638 97.301767
INFO:root:train 1400 4.289808e-01 89.748394 97.316649
INFO:root:train 1450 4.280496e-01 89.767833 97.330505
INFO:root:train 1500 4.266973e-01 89.798468 97.340315
INFO:root:train 1550 4.266965e-01 89.796905 97.346470
INFO:root:train 1600 4.261584e-01 89.806176 97.338577
INFO:root:train 1650 4.268497e-01 89.791225 97.327377
INFO:root:train 1700 4.271526e-01 89.771642 97.328777
INFO:root:train 1750 4.267744e-01 89.775485 97.330097
INFO:root:train 1800 4.265183e-01 89.767837 97.327873
INFO:root:train 1850 4.265841e-01 89.773264 97.325770
INFO:root:train 1900 4.262602e-01 89.767721 97.331174
INFO:root:train 1950 4.260388e-01 89.763262 97.331497
INFO:root:train 2000 4.250492e-01 89.787138 97.338831
INFO:root:train 2050 4.256888e-01 89.767187 97.330570
INFO:root:train 2100 4.255210e-01 89.777933 97.333115
INFO:root:train 2150 4.257149e-01 89.789633 97.336268
INFO:root:train 2200 4.252479e-01 89.802930 97.335728
INFO:root:train 2250 4.256614e-01 89.782319 97.333824
INFO:root:train 2300 4.253013e-01 89.789765 97.336077
INFO:root:train 2350 4.250442e-01 89.796895 97.344215
INFO:root:train 2400 4.248588e-01 89.801125 97.346809
INFO:root:train 2450 4.249699e-01 89.791794 97.343559
INFO:root:train 2500 4.258596e-01 89.774090 97.340439
INFO:root:train 2550 4.258004e-01 89.783418 97.338666
INFO:root:train 2600 4.260038e-01 89.782175 97.336361
INFO:root:train 2650 4.253120e-01 89.800429 97.342394
INFO:root:train 2700 4.257480e-01 89.796025 97.336635
INFO:root:train 2750 4.255220e-01 89.793484 97.335628
INFO:root:train 2800 4.252486e-01 89.806654 97.339678
INFO:root:train 2850 4.244622e-01 89.820458 97.346326
INFO:root:train 2900 4.240588e-01 89.828400 97.339280
INFO:root:train 2950 4.240581e-01 89.828660 97.339355
INFO:root:train 3000 4.245497e-01 89.816936 97.334222
INFO:root:train 3050 4.240968e-01 89.826594 97.345645
INFO:root:train 3100 4.240478e-01 89.822336 97.345614
INFO:root:train 3150 4.237337e-01 89.829122 97.346576
INFO:root:train 3200 4.233321e-01 89.836184 97.353854
INFO:root:train 3250 4.232627e-01 89.831014 97.356583
INFO:root:train 3300 4.230134e-01 89.834993 97.358755
INFO:root:train 3350 4.230127e-01 89.832792 97.360862
INFO:root:train 3400 4.228742e-01 89.842142 97.363367
INFO:root:train 3450 4.229999e-01 89.835827 97.363989
INFO:root:train 3500 4.227205e-01 89.839510 97.369948
INFO:root:train 3550 4.227881e-01 89.841330 97.368699
INFO:root:train 3600 4.234730e-01 89.824007 97.366183
INFO:root:train_acc 89.828503
INFO:root:valid 000 6.227309e-01 87.500000 98.437500
INFO:root:valid 050 7.584385e-01 82.567402 94.056373
INFO:root:valid 100 7.603060e-01 82.843441 93.951114
INFO:root:valid 150 7.477151e-01 82.646937 93.884520
INFO:root:valid 200 7.521211e-01 82.672575 93.812189
INFO:root:valid 250 7.532531e-01 82.507470 93.756225
INFO:root:valid 300 7.543532e-01 82.443937 93.744809
INFO:root:valid 350 7.598179e-01 82.402956 93.754452
INFO:root:valid 400 7.639057e-01 82.220231 93.699345
INFO:root:valid 450 7.668583e-01 82.164634 93.649529
INFO:root:valid 500 7.651423e-01 82.219935 93.665793
INFO:root:valid 550 7.630196e-01 82.268035 93.681942
INFO:root:valid 600 7.627123e-01 82.287334 93.648606
INFO:root:test_acc 82.270994
INFO:root:epoch 11 lr 1.873798e-02
INFO:root:train 000 3.100156e-01 95.312500 98.437500
INFO:root:train 050 4.605023e-01 88.327206 97.212010
INFO:root:train 100 4.416998e-01 88.969678 97.292698
INFO:root:train 150 4.465371e-01 89.207368 97.154387
INFO:root:train 200 4.496004e-01 89.085821 97.178172
INFO:root:train 250 4.548720e-01 89.000249 97.105329
INFO:root:train 300 4.580341e-01 88.963870 97.035922
INFO:root:train 350 4.562060e-01 89.031339 97.044160
INFO:root:train 400 4.548435e-01 89.019638 97.104894
INFO:root:train 450 4.542610e-01 89.041713 97.107123
INFO:root:train 500 4.519559e-01 89.040669 97.090195
INFO:root:train 550 4.512278e-01 89.105036 97.084846
INFO:root:train 600 4.499133e-01 89.137895 97.114185
INFO:root:train 650 4.500756e-01 89.146505 97.112615
INFO:root:train 700 4.510275e-01 89.158345 97.104583
INFO:root:train 750 4.517665e-01 89.126997 97.130909
INFO:root:train 800 4.519431e-01 89.117119 97.114934
INFO:root:train 850 4.497632e-01 89.203878 97.143067
INFO:root:train 900 4.501661e-01 89.204703 97.138596
INFO:root:train 950 4.498347e-01 89.189012 97.137881
INFO:root:train 1000 4.484633e-01 89.198302 97.160652
INFO:root:train 1050 4.478768e-01 89.208195 97.175309
INFO:root:train 1100 4.460470e-01 89.242734 97.209923
INFO:root:train 1150 4.455296e-01 89.255267 97.214379
INFO:root:train 1200 4.451475e-01 89.281068 97.231474
INFO:root:train 1250 4.446761e-01 89.303557 97.240957
INFO:root:train 1300 4.427937e-01 89.347137 97.259320
INFO:root:train 1350 4.438266e-01 89.340072 97.238157
INFO:root:train 1400 4.441768e-01 89.348010 97.222966
INFO:root:train 1450 4.435498e-01 89.370477 97.232512
INFO:root:train 1500 4.424776e-01 89.377915 97.244545
INFO:root:train 1550 4.432541e-01 89.348606 97.241699
INFO:root:train 1600 4.414029e-01 89.405059 97.257573
INFO:root:train 1650 4.416934e-01 89.413613 97.258290
INFO:root:train 1700 4.416825e-01 89.409722 97.252535
INFO:root:train 1750 4.420168e-01 89.422116 97.247109
INFO:root:train 1800 4.422064e-01 89.432954 97.243719
INFO:root:train 1850 4.417057e-01 89.450804 97.246421
INFO:root:train 1900 4.417585e-01 89.460317 97.248159
INFO:root:train 1950 4.407345e-01 89.494971 97.260219
INFO:root:train 2000 4.401317e-01 89.521645 97.266992
INFO:root:train 2050 4.395751e-01 89.534069 97.271148
INFO:root:train 2100 4.399381e-01 89.528052 97.267670
INFO:root:train 2150 4.399153e-01 89.528126 97.262175
INFO:root:train 2200 4.398026e-01 89.522518 97.264738
INFO:root:train 2250 4.401251e-01 89.506053 97.263716
INFO:root:train 2300 4.394961e-01 89.523577 97.259344
INFO:root:train 2350 4.392992e-01 89.521081 97.261139
INFO:root:train 2400 4.393516e-01 89.533007 97.260256
INFO:root:train 2450 4.391881e-01 89.519584 97.260047
INFO:root:train 2500 4.388972e-01 89.506697 97.272341
INFO:root:train 2550 4.387466e-01 89.511466 97.267003
INFO:root:train 2600 4.390910e-01 89.489019 97.263072
INFO:root:train 2650 4.397523e-01 89.478027 97.252216
INFO:root:train 2700 4.398476e-01 89.477277 97.255068
INFO:root:train 2750 4.394499e-01 89.476554 97.261791
INFO:root:train 2800 4.396485e-01 89.473068 97.256560
INFO:root:train 2850 4.395859e-01 89.470252 97.259185
INFO:root:train 2900 4.403715e-01 89.474535 97.243946
INFO:root:train 2950 4.407764e-01 89.467553 97.236636
INFO:root:train 3000 4.416579e-01 89.449871 97.224363
INFO:root:train 3050 4.410188e-01 89.474250 97.230416
INFO:root:train 3100 4.405394e-01 89.480712 97.236275
INFO:root:train 3150 4.398036e-01 89.488952 97.244426
INFO:root:train 3200 4.397086e-01 89.487172 97.249395
INFO:root:train 3250 4.397443e-01 89.489292 97.247962
INFO:root:train 3300 4.399126e-01 89.483301 97.248466
INFO:root:train 3350 4.396166e-01 89.477488 97.254551
INFO:root:train 3400 4.393920e-01 89.477819 97.259078
INFO:root:train 3450 4.397608e-01 89.476329 97.255777
INFO:root:train 3500 4.396877e-01 89.479791 97.254802
INFO:root:train 3550 4.397173e-01 89.478756 97.256495
INFO:root:train 3600 4.397359e-01 89.473844 97.258140
INFO:root:train_acc 89.483356
INFO:root:valid 000 6.868869e-01 78.125000 98.437500
INFO:root:valid 050 7.971095e-01 81.219363 93.596814
INFO:root:valid 100 7.742520e-01 82.178218 93.456064
INFO:root:valid 150 7.607286e-01 81.901904 93.750000
INFO:root:valid 200 7.645762e-01 82.066231 93.656716
INFO:root:valid 250 7.675212e-01 82.127739 93.600598
INFO:root:valid 300 7.678071e-01 82.096138 93.485257
INFO:root:valid 350 7.712714e-01 82.082443 93.500712
INFO:root:valid 400 7.771379e-01 81.916303 93.391521
INFO:root:valid 450 7.819472e-01 81.821646 93.313470
INFO:root:valid 500 7.794757e-01 81.873752 93.322730
INFO:root:valid 550 7.788862e-01 81.851180 93.313294
INFO:root:valid 600 7.797407e-01 81.824563 93.336626
INFO:root:test_acc 81.817003
INFO:root:epoch 12 lr 1.534869e-02
INFO:root:train 000 3.008668e-01 92.187500 100.000000
INFO:root:train 050 4.749467e-01 89.185049 96.875000
INFO:root:train 100 4.628529e-01 89.093441 96.983292
INFO:root:train 150 4.587140e-01 89.124586 97.019868
INFO:root:train 200 4.564251e-01 89.225746 97.108209
INFO:root:train 250 4.495910e-01 89.305279 97.161355
INFO:root:train 300 4.536994e-01 89.155939 97.051495
INFO:root:train 350 4.548401e-01 89.133725 97.070869
INFO:root:train 400 4.515170e-01 89.171602 97.073722
INFO:root:train 450 4.505378e-01 89.204545 97.148697
INFO:root:train 500 4.537928e-01 89.162300 97.093313
INFO:root:train 550 4.530386e-01 89.107872 97.101860
INFO:root:train 600 4.530396e-01 89.166493 97.101186
INFO:root:train 650 4.554809e-01 89.088902 97.103015
INFO:root:train 700 4.571639e-01 89.071416 97.068919
INFO:root:train 750 4.568668e-01 89.041694 97.101781
INFO:root:train 800 4.539149e-01 89.105415 97.136392
INFO:root:train 850 4.515652e-01 89.146959 97.181625
INFO:root:train 900 4.529527e-01 89.105855 97.164609
INFO:root:train 950 4.547515e-01 89.080573 97.139524
INFO:root:train 1000 4.536862e-01 89.101523 97.151286
INFO:root:train 1050 4.534886e-01 89.108587 97.157469
INFO:root:train 1100 4.524347e-01 89.110752 97.161671
INFO:root:train 1150 4.520356e-01 89.119516 97.168223
INFO:root:train 1200 4.528266e-01 89.115841 97.175531
INFO:root:train 1250 4.525570e-01 89.112460 97.166017
INFO:root:train 1300 4.509026e-01 89.151374 97.188461
INFO:root:train 1350 4.508716e-01 89.161963 97.191895
INFO:root:train 1400 4.509315e-01 89.158414 97.189507
INFO:root:train 1450 4.510279e-01 89.162646 97.182977
INFO:root:train 1500 4.511482e-01 89.164515 97.174800
INFO:root:train 1550 4.511225e-01 89.181375 97.179239
INFO:root:train 1600 4.505454e-01 89.194254 97.174617
INFO:root:train 1650 4.501427e-01 89.203513 97.173115
INFO:root:train 1700 4.508009e-01 89.175485 97.173538
INFO:root:train 1750 4.503733e-01 89.187429 97.180183
INFO:root:train 1800 4.494273e-01 89.218663 97.189929
INFO:root:train 1850 4.494527e-01 89.211912 97.183110
INFO:root:train 1900 4.499821e-01 89.220312 97.188979
INFO:root:train 1950 4.499186e-01 89.231484 97.195349
INFO:root:train 2000 4.501371e-01 89.233508 97.199057
INFO:root:train 2050 4.500760e-01 89.222483 97.197251
INFO:root:train 2100 4.500297e-01 89.226113 97.181402
INFO:root:train 2150 4.499706e-01 89.221583 97.177911
INFO:root:train 2200 4.501352e-01 89.203061 97.177419
INFO:root:train 2250 4.496634e-01 89.202715 97.186667
INFO:root:train 2300 4.499808e-01 89.194915 97.196192
INFO:root:train 2350 4.499915e-01 89.194758 97.199330
INFO:root:train 2400 4.506971e-01 89.184845 97.186068
INFO:root:train 2450 4.507269e-01 89.175974 97.182273
INFO:root:train 2500 4.498467e-01 89.200570 97.191124
INFO:root:train 2550 4.492690e-01 89.205826 97.191053
INFO:root:train 2600 4.497277e-01 89.198265 97.177768
INFO:root:train 2650 4.498709e-01 89.188042 97.179720
INFO:root:train 2700 4.499677e-01 89.178198 97.174079
INFO:root:train 2750 4.500700e-01 89.180071 97.177163
INFO:root:train 2800 4.500409e-01 89.182435 97.175674
INFO:root:train 2850 4.501194e-01 89.175399 97.175881
INFO:root:train 2900 4.502245e-01 89.166451 97.171234
INFO:root:train 2950 4.499015e-01 89.169455 97.176275
INFO:root:train 3000 4.498925e-01 89.174963 97.178545
INFO:root:train 3050 4.500607e-01 89.178753 97.173058
INFO:root:train 3100 4.499137e-01 89.187460 97.170772
INFO:root:train 3150 4.499904e-01 89.185973 97.166078
INFO:root:train 3200 4.494842e-01 89.197712 97.177152
INFO:root:train 3250 4.495569e-01 89.200438 97.173466
INFO:root:train 3300 4.494855e-01 89.202609 97.178412
INFO:root:train 3350 4.493344e-01 89.211243 97.176216
INFO:root:train 3400 4.490126e-01 89.212272 97.179598
INFO:root:train 3450 4.488036e-01 89.214177 97.179260
INFO:root:train 3500 4.491585e-01 89.210672 97.171790
INFO:root:train 3550 4.490790e-01 89.202425 97.174652
INFO:root:train 3600 4.489175e-01 89.217839 97.176999
INFO:root:train_acc 89.223420
INFO:root:valid 000 7.524631e-01 78.125000 93.750000
INFO:root:valid 050 7.911039e-01 81.770833 93.872549
INFO:root:valid 100 7.815210e-01 81.899752 93.920173
INFO:root:valid 150 7.645416e-01 81.912252 93.853477
INFO:root:valid 200 7.713587e-01 81.856343 93.851057
INFO:root:valid 250 7.727732e-01 81.791584 93.818476
INFO:root:valid 300 7.689056e-01 82.023463 93.864203
INFO:root:valid 350 7.739138e-01 82.024573 93.798967
INFO:root:valid 400 7.759801e-01 81.885131 93.714931
INFO:root:valid 450 7.807833e-01 81.703853 93.597561
INFO:root:valid 500 7.824501e-01 81.664795 93.569112
INFO:root:valid 550 7.804280e-01 81.706556 93.557169
INFO:root:valid 600 7.812121e-01 81.645175 93.539413
INFO:root:test_acc 81.625029
INFO:root:epoch 13 lr 1.212842e-02
INFO:root:train 000 3.540336e-01 87.500000 100.000000
INFO:root:train 050 4.906398e-01 87.806373 96.568627
INFO:root:train 100 4.790526e-01 88.521040 96.534653
INFO:root:train 150 4.656541e-01 88.969371 96.792219
INFO:root:train 200 4.712217e-01 88.759328 96.789490
INFO:root:train 250 4.664696e-01 88.900647 96.875000
INFO:root:train 300 4.651874e-01 88.948297 96.973630
INFO:root:train 350 4.666219e-01 88.906695 96.950677
INFO:root:train 400 4.679566e-01 88.891054 96.929551
INFO:root:train 450 4.644773e-01 88.920455 96.982400
INFO:root:train 500 4.649964e-01 88.928393 96.977919
INFO:root:train 550 4.648212e-01 88.920712 96.999773
INFO:root:train 600 4.651353e-01 88.971506 96.981593
INFO:root:train 650 4.650106e-01 88.992896 97.007008
INFO:root:train 700 4.647053e-01 88.988944 97.017653
INFO:root:train 750 4.660498e-01 88.960553 96.989431
INFO:root:train 800 4.655477e-01 88.947409 96.993992
INFO:root:train 850 4.660758e-01 88.970696 96.977820
INFO:root:train 900 4.674916e-01 88.909892 96.965178
INFO:root:train 950 4.691449e-01 88.862053 96.958793
INFO:root:train 1000 4.696337e-01 88.845529 96.968656
INFO:root:train 1050 4.680738e-01 88.881125 96.989474
INFO:root:train 1100 4.673214e-01 88.912069 97.021174
INFO:root:train 1150 4.679852e-01 88.922676 97.020254
INFO:root:train 1200 4.677913e-01 88.908982 97.003799
INFO:root:train 1250 4.669168e-01 88.933853 97.009892
INFO:root:train 1300 4.664453e-01 88.952008 97.002306
INFO:root:train 1350 4.656696e-01 88.958410 97.014943
INFO:root:train 1400 4.653878e-01 88.972163 97.015525
INFO:root:train 1450 4.653235e-01 88.963430 97.020374
INFO:root:train 1500 4.650046e-01 88.980263 97.018654
INFO:root:train 1550 4.643659e-01 88.998025 97.028127
INFO:root:train 1600 4.638509e-01 89.000039 97.038960
INFO:root:train 1650 4.636005e-01 88.982056 97.051976
INFO:root:train 1700 4.631444e-01 88.989932 97.058715
INFO:root:train 1750 4.631072e-01 89.001820 97.065070
INFO:root:train 1800 4.629780e-01 89.005240 97.063263
INFO:root:train 1850 4.624540e-01 89.018605 97.068308
INFO:root:train 1900 4.622438e-01 89.030445 97.071443
INFO:root:train 1950 4.625244e-01 89.036071 97.069612
INFO:root:train 2000 4.625440e-01 89.029704 97.063968
INFO:root:train 2050 4.625940e-01 89.041931 97.066980
INFO:root:train 2100 4.625502e-01 89.032752 97.069848
INFO:root:train 2150 4.618100e-01 89.046519 97.070403
INFO:root:train 2200 4.613681e-01 89.051142 97.080162
INFO:root:train 2250 4.613618e-01 89.061806 97.081853
INFO:root:train 2300 4.616964e-01 89.057068 97.087543
INFO:root:train 2350 4.619973e-01 89.042562 97.077042
INFO:root:train 2400 4.617717e-01 89.048183 97.075437
INFO:root:train 2450 4.620543e-01 89.049113 97.073261
INFO:root:train 2500 4.614226e-01 89.064999 97.079293
INFO:root:train 2550 4.611565e-01 89.064950 97.086927
INFO:root:train 2600 4.611840e-01 89.063101 97.090062
INFO:root:train 2650 4.612213e-01 89.066626 97.087184
INFO:root:train 2700 4.607763e-01 89.071756 97.089620
INFO:root:train 2750 4.605293e-01 89.082947 97.095374
INFO:root:train 2800 4.604267e-01 89.075330 97.097577
INFO:root:train 2850 4.609266e-01 89.061404 97.092029
INFO:root:train 2900 4.601556e-01 89.067886 97.102831
INFO:root:train 2950 4.600240e-01 89.079443 97.104266
INFO:root:train 3000 4.599209e-01 89.085409 97.103570
INFO:root:train 3050 4.597134e-01 89.078376 97.104945
INFO:root:train 3100 4.596904e-01 89.078120 97.110811
INFO:root:train 3150 4.589148e-01 89.094732 97.120954
INFO:root:train 3200 4.595408e-01 89.090323 97.112231
INFO:root:train 3250 4.601833e-01 89.064422 97.103776
INFO:root:train 3300 4.600915e-01 89.065813 97.106937
INFO:root:train 3350 4.604259e-01 89.047579 97.107673
INFO:root:train 3400 4.603600e-01 89.049177 97.107009
INFO:root:train 3450 4.603048e-01 89.045295 97.106364
slurmstepd-metagpu2: error: *** JOB 3475201 ON metagpu2 CANCELLED AT 2019-09-14T20:47:58 ***
