INFO:root:gpu device = cuda:0
/home/rkohli/anaconda3/lib/python3.7/site-packages/torch/optim/lr_scheduler.py:82: UserWarning: Detected call of `lr_scheduler.step()` before `optimizer.step()`. In PyTorch 1.1.0 and later, you should call them in the opposite order: `optimizer.step()` before `lr_scheduler.step()`.  Failure to do this will result in PyTorch skipping the first value of the learning rate schedule.See more details at https://pytorch.org/docs/stable/optim.html#how-to-adjust-learning-rate
  "https://pytorch.org/docs/stable/optim.html#how-to-adjust-learning-rate", UserWarning)
INFO:root:epoch 0 lr 4.969221e-03
/home/rkohli/aml-project/src/train.py:131: UserWarning: torch.nn.utils.clip_grad_norm is now deprecated in favor of torch.nn.utils.clip_grad_norm_.
  nn.utils.clip_grad_norm(model.parameters(), grad_clip)
INFO:root:train 000 8.574758e+00 1.562500 10.937500
INFO:root:train 050 2.259730e+00 61.305147 74.877451
INFO:root:train 100 1.291996e+00 76.253094 86.757426
INFO:root:train 150 9.462988e-01 81.725993 90.945778
INFO:root:train 200 7.684242e-01 84.810323 92.964863
INFO:root:train 250 6.597535e-01 86.572460 94.185757
INFO:root:train 300 5.865024e-01 87.842608 95.001038
INFO:root:train 350 5.387798e-01 88.612892 95.575142
INFO:root:train 400 4.988063e-01 89.276808 96.017768
INFO:root:train 450 4.644825e-01 89.852411 96.396896
INFO:root:train 500 4.381826e-01 90.297530 96.678518
INFO:root:train 550 4.175713e-01 90.644850 96.926044
INFO:root:train 600 3.995567e-01 90.910982 97.121984
INFO:root:train 650 3.835116e-01 91.191436 97.297427
INFO:root:train 700 3.712540e-01 91.422967 97.430011
INFO:root:train 750 3.593119e-01 91.582057 97.571987
INFO:root:train 800 3.491384e-01 91.773954 97.686486
INFO:root:train 850 3.400175e-01 91.946974 97.769169
INFO:root:train 900 3.321321e-01 92.059170 97.856548
INFO:root:train 950 3.246556e-01 92.179285 97.939669
INFO:root:train 1000 3.181074e-01 92.282717 98.014486
INFO:root:train 1050 3.115434e-01 92.380768 98.083670
INFO:root:train 1100 3.058528e-01 92.498297 98.140895
INFO:root:train 1150 2.999131e-01 92.615117 98.209437
INFO:root:train 1200 2.959807e-01 92.698793 98.251457
INFO:root:train 1250 2.913578e-01 92.793265 98.296363
INFO:root:train 1300 2.865566e-01 92.867266 98.345023
INFO:root:train 1350 2.828263e-01 92.938101 98.384299
INFO:root:train 1400 2.793666e-01 92.998305 98.421886
INFO:root:train 1450 2.759493e-01 93.068358 98.456883
INFO:root:train 1500 2.726960e-01 93.126457 98.489549
INFO:root:train 1550 2.696019e-01 93.179803 98.518093
INFO:root:train 1600 2.671196e-01 93.236649 98.544855
INFO:root:train 1650 2.643550e-01 93.284373 98.574727
INFO:root:train 1700 2.625319e-01 93.319187 98.596414
INFO:root:train 1750 2.606041e-01 93.356475 98.616862
INFO:root:train 1800 2.583089e-01 93.399500 98.638777
INFO:root:train 1850 2.567867e-01 93.443578 98.651911
INFO:root:train 1900 2.554595e-01 93.466432 98.668464
INFO:root:train 1950 2.540927e-01 93.494522 98.682567
INFO:root:train 2000 2.525303e-01 93.514180 98.696745
INFO:root:train 2050 2.509653e-01 93.535928 98.712518
INFO:root:train 2100 2.493176e-01 93.558871 98.734234
INFO:root:train 2150 2.475377e-01 93.596728 98.748402
INFO:root:train 2200 2.460214e-01 93.624347 98.766186
INFO:root:train 2250 2.450702e-01 93.640327 98.778321
INFO:root:train 2300 2.434655e-01 93.674625 98.795361
INFO:root:train 2350 2.422352e-01 93.697496 98.809682
INFO:root:train 2400 2.409653e-01 93.729175 98.820804
INFO:root:train 2450 2.393348e-01 93.755737 98.834659
INFO:root:train 2500 2.386618e-01 93.773741 98.839839
INFO:root:train 2550 2.373692e-01 93.799000 98.851553
INFO:root:train 2600 2.360858e-01 93.829296 98.862216
INFO:root:train 2650 2.352613e-01 93.845483 98.870709
INFO:root:train 2700 2.337719e-01 93.874375 98.884094
INFO:root:train 2750 2.325698e-01 93.898242 98.896424
INFO:root:train 2800 2.317850e-01 93.912330 98.907198
INFO:root:train 2850 2.313577e-01 93.917704 98.913758
INFO:root:train 2900 2.298824e-01 93.954671 98.924940
INFO:root:train 2950 2.291672e-01 93.967087 98.934154
INFO:root:train 3000 2.286833e-01 93.980652 98.942019
INFO:root:train 3050 2.277963e-01 93.997357 98.951164
INFO:root:train 3100 2.267283e-01 94.018059 98.960517
INFO:root:train 3150 2.258250e-01 94.036119 98.966598
INFO:root:train 3200 2.254139e-01 94.048247 98.970048
INFO:root:train 3250 2.250239e-01 94.052311 98.977238
INFO:root:train 3300 2.246561e-01 94.065245 98.982316
INFO:root:train 3350 2.239618e-01 94.079659 98.986776
INFO:root:train 3400 2.231691e-01 94.100540 98.993403
INFO:root:train 3450 2.226305e-01 94.108139 99.001195
INFO:root:train 3500 2.219474e-01 94.126232 99.008319
INFO:root:train 3550 2.212445e-01 94.142935 99.015682
INFO:root:train 3600 2.208799e-01 94.153100 99.020237
INFO:root:train_acc 94.163493
INFO:root:valid 000 4.820157e-01 90.625000 98.437500
INFO:root:valid 050 4.376048e-01 89.552696 97.916667
INFO:root:valid 100 4.294398e-01 89.774134 97.834158
INFO:root:valid 150 4.282334e-01 89.714404 97.868377
INFO:root:valid 200 4.198324e-01 89.707711 97.893346
INFO:root:valid 250 4.263279e-01 89.579183 97.777639
INFO:root:valid 300 4.253235e-01 89.643895 97.710756
INFO:root:valid 350 4.256162e-01 89.601140 97.720798
INFO:root:valid 400 4.256280e-01 89.580736 97.720542
INFO:root:valid 450 4.316126e-01 89.505959 97.647589
INFO:root:valid 500 4.325246e-01 89.561502 97.657809
INFO:root:valid 550 4.331183e-01 89.623979 97.620803
INFO:root:valid 600 4.327383e-01 89.647463 97.613353
INFO:root:test_acc 89.643811
INFO:root:epoch 1 lr 4.877641e-03
INFO:root:train 000 1.301434e-01 93.750000 100.000000
INFO:root:train 050 1.652528e-01 95.220588 99.417892
INFO:root:train 100 1.578861e-01 95.405322 99.535891
INFO:root:train 150 1.604811e-01 95.302152 99.534354
INFO:root:train 200 1.640527e-01 95.281405 99.463619
INFO:root:train 250 1.676963e-01 95.225349 99.445966
INFO:root:train 300 1.697112e-01 95.156769 99.418605
INFO:root:train 350 1.721419e-01 95.094373 99.421296
INFO:root:train 400 1.717938e-01 95.090399 99.419420
INFO:root:train 450 1.719773e-01 95.083841 99.431818
INFO:root:train 500 1.709680e-01 95.153443 99.451098
INFO:root:train 550 1.707415e-01 95.131012 99.475386
INFO:root:train 600 1.703997e-01 95.161710 99.474834
INFO:root:train 650 1.692887e-01 95.178091 99.479167
INFO:root:train 700 1.697699e-01 95.169847 99.485111
INFO:root:train 750 1.707899e-01 95.158539 99.477780
INFO:root:train 800 1.702173e-01 95.152544 99.496723
INFO:root:train 850 1.701477e-01 95.161942 99.496915
INFO:root:train 900 1.706957e-01 95.159892 99.488416
INFO:root:train 950 1.700057e-01 95.151485 99.495597
INFO:root:train 1000 1.706000e-01 95.147040 99.497378
INFO:root:train 1050 1.716570e-01 95.107338 99.493042
INFO:root:train 1100 1.721034e-01 95.115236 99.491939
INFO:root:train 1150 1.717994e-01 95.122448 99.493647
INFO:root:train 1200 1.719310e-01 95.121253 99.488707
INFO:root:train 1250 1.715891e-01 95.126399 99.489159
INFO:root:train 1300 1.714075e-01 95.120340 99.485972
INFO:root:train 1350 1.708781e-01 95.115886 99.489961
INFO:root:train 1400 1.707019e-01 95.125134 99.490319
INFO:root:train 1450 1.721469e-01 95.098208 99.478808
INFO:root:train 1500 1.724883e-01 95.085568 99.479514
INFO:root:train 1550 1.724077e-01 95.097921 99.484204
INFO:root:train 1600 1.723023e-01 95.102670 99.486649
INFO:root:train 1650 1.723601e-01 95.105239 99.486107
INFO:root:train 1700 1.734028e-01 95.073670 99.481004
INFO:root:train 1750 1.736824e-01 95.054612 99.477977
INFO:root:train 1800 1.746264e-01 95.045287 99.475118
INFO:root:train 1850 1.741499e-01 95.056726 99.474946
INFO:root:train 1900 1.738405e-01 95.062632 99.478893
INFO:root:train 1950 1.733240e-01 95.070637 99.484239
INFO:root:train 2000 1.736618e-01 95.070434 99.485414
INFO:root:train 2050 1.736530e-01 95.067955 99.488816
INFO:root:train 2100 1.740566e-01 95.053695 99.486108
INFO:root:train 2150 1.739322e-01 95.068427 99.481346
INFO:root:train 2200 1.737076e-01 95.066163 99.481770
INFO:root:train 2250 1.732695e-01 95.079964 99.484951
INFO:root:train 2300 1.733940e-01 95.080943 99.480525
INFO:root:train 2350 1.735361e-01 95.081215 99.480274
INFO:root:train 2400 1.745700e-01 95.067810 99.470924
INFO:root:train 2450 1.747137e-01 95.070252 99.467054
INFO:root:train 2500 1.749468e-01 95.068847 99.463964
INFO:root:train 2550 1.749353e-01 95.067498 99.464671
INFO:root:train 2600 1.748754e-01 95.069204 99.464148
INFO:root:train 2650 1.752118e-01 95.067310 99.463056
INFO:root:train 2700 1.750858e-01 95.074741 99.462005
INFO:root:train 2750 1.758179e-01 95.061455 99.459856
INFO:root:train 2800 1.758256e-01 95.064821 99.457225
INFO:root:train 2850 1.760258e-01 95.059299 99.452495
INFO:root:train 2900 1.763627e-01 95.059355 99.453314
INFO:root:train 2950 1.764949e-01 95.057819 99.453046
INFO:root:train 3000 1.761667e-01 95.066228 99.455390
INFO:root:train 3050 1.763284e-01 95.061046 99.451512
INFO:root:train 3100 1.762020e-01 95.060565 99.452294
INFO:root:train 3150 1.758698e-01 95.069522 99.453051
INFO:root:train 3200 1.761871e-01 95.068436 99.450855
INFO:root:train 3250 1.760960e-01 95.071709 99.451611
INFO:root:train 3300 1.761635e-01 95.068256 99.448557
INFO:root:train 3350 1.765428e-01 95.060709 99.447460
INFO:root:train 3400 1.766869e-01 95.061195 99.446854
INFO:root:train 3450 1.765627e-01 95.062572 99.447624
INFO:root:train 3500 1.770532e-01 95.050968 99.444355
INFO:root:train 3550 1.772199e-01 95.048490 99.445579
INFO:root:train 3600 1.768810e-01 95.051722 99.448504
INFO:root:train_acc 95.046156
INFO:root:valid 000 3.625659e-01 90.625000 98.437500
INFO:root:valid 050 4.361061e-01 89.522059 97.855392
INFO:root:valid 100 4.164556e-01 89.975248 97.834158
INFO:root:valid 150 4.076251e-01 89.890315 97.899421
INFO:root:valid 200 4.091232e-01 89.995336 97.947761
INFO:root:valid 250 4.168187e-01 89.909114 97.864791
INFO:root:valid 300 4.193263e-01 89.835963 97.850914
INFO:root:valid 350 4.195724e-01 89.797009 97.845442
INFO:root:valid 400 4.226462e-01 89.736596 97.821852
INFO:root:valid 450 4.273952e-01 89.675721 97.761918
INFO:root:valid 500 4.292124e-01 89.683134 97.729541
INFO:root:valid 550 4.294305e-01 89.734574 97.700204
INFO:root:valid 600 4.308145e-01 89.696859 97.678349
INFO:root:test_acc 89.695696
INFO:root:epoch 2 lr 4.727516e-03
INFO:root:train 000 1.231826e-01 93.750000 100.000000
INFO:root:train 050 1.798990e-01 94.914216 99.325980
INFO:root:train 100 1.800973e-01 94.956683 99.381188
INFO:root:train 150 1.709749e-01 95.167632 99.420530
INFO:root:train 200 1.684421e-01 95.110386 99.486940
INFO:root:train 250 1.677046e-01 95.144422 99.489542
INFO:root:train 300 1.663120e-01 95.219061 99.501661
INFO:root:train 350 1.669810e-01 95.263533 99.505876
INFO:root:train 400 1.699649e-01 95.222880 99.458385
INFO:root:train 450 1.709516e-01 95.225887 99.442212
INFO:root:train 500 1.724676e-01 95.153443 99.444860
INFO:root:train 550 1.718974e-01 95.162205 99.438521
INFO:root:train 600 1.714998e-01 95.166909 99.441036
INFO:root:train 650 1.707711e-01 95.178091 99.447965
INFO:root:train 700 1.708732e-01 95.185449 99.440531
INFO:root:train 750 1.703113e-01 95.200150 99.442410
INFO:root:train 800 1.725865e-01 95.152544 99.444054
INFO:root:train 850 1.733155e-01 95.138073 99.439997
INFO:root:train 900 1.742541e-01 95.142550 99.427719
INFO:root:train 950 1.739048e-01 95.130126 99.424947
INFO:root:train 1000 1.719973e-01 95.151723 99.441184
INFO:root:train 1050 1.719745e-01 95.153425 99.436549
INFO:root:train 1100 1.713704e-01 95.174841 99.440849
INFO:root:train 1150 1.710438e-01 95.180821 99.443419
INFO:root:train 1200 1.708092e-01 95.188905 99.452279
INFO:root:train 1250 1.703515e-01 95.201339 99.452938
INFO:root:train 1300 1.709448e-01 95.191199 99.452344
INFO:root:train 1350 1.721756e-01 95.174870 99.448325
INFO:root:train 1400 1.720726e-01 95.178667 99.445708
INFO:root:train 1450 1.718518e-01 95.183279 99.442195
INFO:root:train 1500 1.721195e-01 95.175092 99.440998
INFO:root:train 1550 1.723658e-01 95.155343 99.438870
INFO:root:train 1600 1.725059e-01 95.145612 99.439803
INFO:root:train 1650 1.719306e-01 95.158237 99.445412
INFO:root:train 1700 1.710347e-01 95.174713 99.452528
INFO:root:train 1750 1.712250e-01 95.166155 99.447637
INFO:root:train 1800 1.708848e-01 95.168483 99.443885
INFO:root:train 1850 1.711912e-01 95.153802 99.445401
INFO:root:train 1900 1.716628e-01 95.140715 99.440262
INFO:root:train 1950 1.725158e-01 95.125897 99.439390
INFO:root:train 2000 1.728871e-01 95.121970 99.437781
INFO:root:train 2050 1.726594e-01 95.126615 99.437012
INFO:root:train 2100 1.726817e-01 95.139963 99.438511
INFO:root:train 2150 1.725656e-01 95.144700 99.438488
INFO:root:train 2200 1.728140e-01 95.138573 99.439885
INFO:root:train 2250 1.724139e-01 95.148684 99.439138
INFO:root:train 2300 1.725624e-01 95.142737 99.435707
INFO:root:train 2350 1.725839e-01 95.148341 99.437739
INFO:root:train 2400 1.724485e-01 95.152410 99.439036
INFO:root:train 2450 1.722311e-01 95.155039 99.439642
INFO:root:train 2500 1.720977e-01 95.156312 99.438974
INFO:root:train 2550 1.720016e-01 95.155699 99.442008
INFO:root:train 2600 1.721161e-01 95.156911 99.445526
INFO:root:train 2650 1.723191e-01 95.151004 99.444196
INFO:root:train 2700 1.723115e-01 95.144160 99.443493
INFO:root:train 2750 1.725476e-01 95.145515 99.443384
INFO:root:train 2800 1.724584e-01 95.145149 99.441606
INFO:root:train 2850 1.725576e-01 95.146440 99.441534
INFO:root:train 2900 1.723596e-01 95.145532 99.445234
INFO:root:train 2950 1.722021e-01 95.152067 99.448280
INFO:root:train 3000 1.721605e-01 95.153178 99.449663
INFO:root:train 3050 1.721540e-01 95.155277 99.451000
INFO:root:train 3100 1.717808e-01 95.158316 99.451286
INFO:root:train 3150 1.719733e-01 95.157787 99.450075
INFO:root:train 3200 1.721943e-01 95.155811 99.449391
INFO:root:train 3250 1.724939e-01 95.151492 99.443440
INFO:root:train 3300 1.722035e-01 95.157717 99.445244
INFO:root:train 3350 1.723746e-01 95.153499 99.445595
INFO:root:train 3400 1.725901e-01 95.149405 99.445476
INFO:root:train 3450 1.723983e-01 95.153579 99.445813
INFO:root:train 3500 1.723571e-01 95.152724 99.446587
INFO:root:train 3550 1.723965e-01 95.150134 99.446899
INFO:root:train 3600 1.724938e-01 95.150653 99.445467
INFO:root:train_acc 95.149872
INFO:root:valid 000 5.193110e-01 89.062500 96.875000
INFO:root:valid 050 4.221573e-01 89.552696 97.671569
INFO:root:valid 100 4.170325e-01 89.696782 97.787748
INFO:root:valid 150 4.074909e-01 89.838576 97.899421
INFO:root:valid 200 3.995283e-01 89.933147 97.994403
INFO:root:valid 250 4.086039e-01 89.815737 97.976843
INFO:root:valid 300 4.073476e-01 89.830772 97.933970
INFO:root:valid 350 4.065457e-01 89.801460 97.925570
INFO:root:valid 400 4.069538e-01 89.798940 97.946540
INFO:root:valid 450 4.113267e-01 89.724224 97.897034
INFO:root:valid 500 4.126816e-01 89.711203 97.888598
INFO:root:valid 550 4.142782e-01 89.754424 97.841992
INFO:root:valid 600 4.142889e-01 89.777454 97.842138
INFO:root:test_acc 89.765741
INFO:root:epoch 3 lr 4.522542e-03
INFO:root:train 000 9.458461e-02 96.875000 100.000000
INFO:root:train 050 1.607499e-01 95.343137 99.479167
INFO:root:train 100 1.778657e-01 95.003094 99.412129
INFO:root:train 150 1.690174e-01 95.260762 99.451573
INFO:root:train 200 1.667730e-01 95.226990 99.486940
INFO:root:train 250 1.634501e-01 95.256474 99.489542
INFO:root:train 300 1.675306e-01 95.260590 99.465324
INFO:root:train 350 1.681581e-01 95.272436 99.474715
INFO:root:train 400 1.676581e-01 95.261845 99.473971
INFO:root:train 450 1.678978e-01 95.232816 99.469928
INFO:root:train 500 1.687002e-01 95.187750 99.469810
INFO:root:train 550 1.688480e-01 95.170712 99.478221
INFO:root:train 600 1.720949e-01 95.088914 99.467034
INFO:root:train 650 1.717111e-01 95.122888 99.467166
INFO:root:train 700 1.709344e-01 95.140870 99.473966
INFO:root:train 750 1.720285e-01 95.106525 99.475699
INFO:root:train 800 1.713668e-01 95.119382 99.471364
INFO:root:train 850 1.712745e-01 95.108696 99.463866
INFO:root:train 900 1.720249e-01 95.111335 99.460669
INFO:root:train 950 1.716224e-01 95.123554 99.464380
INFO:root:train 1000 1.720962e-01 95.129870 99.458354
INFO:root:train 1050 1.726297e-01 95.134098 99.449929
INFO:root:train 1100 1.718840e-01 95.149296 99.452203
INFO:root:train 1150 1.721672e-01 95.129235 99.455636
INFO:root:train 1200 1.717364e-01 95.136865 99.456182
INFO:root:train 1250 1.716364e-01 95.157624 99.456685
INFO:root:train 1300 1.713084e-01 95.155169 99.459550
INFO:root:train 1350 1.726221e-01 95.147113 99.451795
INFO:root:train 1400 1.720070e-01 95.175321 99.454631
INFO:root:train 1450 1.716027e-01 95.183279 99.456194
INFO:root:train 1500 1.720109e-01 95.167805 99.451407
INFO:root:train 1550 1.723568e-01 95.173477 99.450959
INFO:root:train 1600 1.719251e-01 95.184650 99.454443
INFO:root:train 1650 1.725306e-01 95.173380 99.448251
INFO:root:train 1700 1.730711e-01 95.158179 99.444261
INFO:root:train 1750 1.730850e-01 95.150985 99.439606
INFO:root:train 1800 1.734052e-01 95.140720 99.437812
INFO:root:train 1850 1.727909e-01 95.158023 99.442025
INFO:root:train 1900 1.733721e-01 95.139893 99.441906
INFO:root:train 1950 1.743694e-01 95.116287 99.442594
INFO:root:train 2000 1.743388e-01 95.109477 99.442466
INFO:root:train 2050 1.739682e-01 95.109855 99.447678
INFO:root:train 2100 1.734948e-01 95.131782 99.451154
INFO:root:train 2150 1.734077e-01 95.137436 99.449384
INFO:root:train 2200 1.731108e-01 95.144253 99.451244
INFO:root:train 2250 1.728863e-01 95.152849 99.450244
INFO:root:train 2300 1.721687e-01 95.170578 99.451326
INFO:root:train 2350 1.719185e-01 95.172932 99.451031
INFO:root:train 2400 1.718325e-01 95.173235 99.450099
INFO:root:train 2450 1.721724e-01 95.167151 99.451117
INFO:root:train 2500 1.719335e-01 95.175055 99.450220
INFO:root:train 2550 1.723187e-01 95.178361 99.446296
INFO:root:train 2600 1.720484e-01 95.180940 99.447929
INFO:root:train 2650 1.720637e-01 95.175170 99.448321
INFO:root:train 2700 1.716052e-01 95.186968 99.448121
INFO:root:train 2750 1.710713e-01 95.193793 99.450768
INFO:root:train 2800 1.710388e-01 95.195912 99.452762
INFO:root:train 2850 1.709458e-01 95.196861 99.453591
INFO:root:train 2900 1.709665e-01 95.197777 99.452775
INFO:root:train 2950 1.707438e-01 95.201838 99.456752
INFO:root:train 3000 1.705028e-01 95.208368 99.459555
INFO:root:train 3050 1.703629e-01 95.217244 99.461242
INFO:root:train 3100 1.703763e-01 95.220796 99.463379
INFO:root:train 3150 1.704593e-01 95.217788 99.461976
INFO:root:train 3200 1.705617e-01 95.213410 99.463058
INFO:root:train 3250 1.707225e-01 95.206283 99.463146
INFO:root:train 3300 1.706348e-01 95.215465 99.462284
INFO:root:train 3350 1.708544e-01 95.211318 99.460982
INFO:root:train 3400 1.710672e-01 95.209130 99.459718
INFO:root:train 3450 1.708915e-01 95.205194 99.462112
INFO:root:train 3500 1.712765e-01 95.195569 99.459976
INFO:root:train 3550 1.714749e-01 95.193255 99.457899
INFO:root:train 3600 1.717221e-01 95.196213 99.456748
INFO:root:train_acc 95.202376
INFO:root:valid 000 3.997599e-01 92.187500 96.875000
INFO:root:valid 050 4.148676e-01 89.950980 97.763480
INFO:root:valid 100 4.158604e-01 89.866955 97.834158
INFO:root:valid 150 4.043250e-01 90.035182 97.858030
INFO:root:valid 200 3.969675e-01 90.049751 97.947761
INFO:root:valid 250 4.036139e-01 89.921564 97.895916
INFO:root:valid 300 4.027877e-01 89.903447 97.887251
INFO:root:valid 350 4.024567e-01 89.952813 97.885506
INFO:root:valid 400 4.045772e-01 89.892456 97.884196
INFO:root:valid 450 4.104737e-01 89.838553 97.845067
INFO:root:valid 500 4.117265e-01 89.857784 97.844935
INFO:root:valid 550 4.128185e-01 89.913226 97.819306
INFO:root:valid 600 4.129696e-01 89.969842 97.823939
INFO:root:test_acc 89.960308
INFO:root:epoch 4 lr 4.267767e-03
INFO:root:train 000 2.700295e-01 95.312500 98.437500
INFO:root:train 050 1.726309e-01 95.251225 99.509804
INFO:root:train 100 1.833818e-01 94.879332 99.443069
INFO:root:train 150 1.750428e-01 95.167632 99.410182
INFO:root:train 200 1.802133e-01 95.087065 99.378109
INFO:root:train 250 1.751975e-01 95.256474 99.371265
INFO:root:train 300 1.767660e-01 95.239826 99.371885
INFO:root:train 350 1.744632e-01 95.259081 99.403490
INFO:root:train 400 1.723322e-01 95.230673 99.407731
INFO:root:train 450 1.735417e-01 95.270926 99.400637
INFO:root:train 500 1.736265e-01 95.278194 99.407435
INFO:root:train 550 1.717499e-01 95.289814 99.421506
INFO:root:train 600 1.713605e-01 95.286502 99.425437
INFO:root:train 650 1.712631e-01 95.276498 99.423963
INFO:root:train 700 1.715765e-01 95.252318 99.431616
INFO:root:train 750 1.713630e-01 95.260486 99.442410
INFO:root:train 800 1.714190e-01 95.250078 99.436252
INFO:root:train 850 1.726917e-01 95.233549 99.417964
INFO:root:train 900 1.734451e-01 95.191107 99.406909
INFO:root:train 950 1.733325e-01 95.172844 99.406874
INFO:root:train 1000 1.725044e-01 95.176698 99.414648
INFO:root:train 1050 1.718032e-01 95.190592 99.417222
INFO:root:train 1100 1.718137e-01 95.200386 99.416723
INFO:root:train 1150 1.714975e-01 95.207971 99.424414
INFO:root:train 1200 1.714469e-01 95.204517 99.426259
INFO:root:train 1250 1.711722e-01 95.195094 99.429207
INFO:root:train 1300 1.714440e-01 95.199606 99.431927
INFO:root:train 1350 1.709563e-01 95.221132 99.432134
INFO:root:train 1400 1.702814e-01 95.232200 99.439017
INFO:root:train 1450 1.699416e-01 95.241428 99.432503
INFO:root:train 1500 1.690745e-01 95.256287 99.439957
INFO:root:train 1550 1.687336e-01 95.256085 99.449952
INFO:root:train 1600 1.690732e-01 95.241255 99.448587
INFO:root:train 1650 1.694647e-01 95.233003 99.443519
INFO:root:train 1700 1.706714e-01 95.217887 99.432319
INFO:root:train 1750 1.710033e-01 95.214342 99.429790
INFO:root:train 1800 1.711680e-01 95.208391 99.428269
INFO:root:train 1850 1.715162e-01 95.193476 99.424298
INFO:root:train 1900 1.711321e-01 95.194963 99.424645
INFO:root:train 1950 1.707721e-01 95.205183 99.427377
INFO:root:train 2000 1.706694e-01 95.214112 99.425287
INFO:root:train 2050 1.709136e-01 95.203559 99.428632
INFO:root:train 2100 1.706241e-01 95.215820 99.436280
INFO:root:train 2150 1.706253e-01 95.210077 99.439941
INFO:root:train 2200 1.703245e-01 95.213823 99.444145
INFO:root:train 2250 1.700453e-01 95.216709 99.447468
INFO:root:train 2300 1.693054e-01 95.241879 99.450646
INFO:root:train 2350 1.690429e-01 95.248033 99.449702
INFO:root:train 2400 1.686388e-01 95.254581 99.454654
INFO:root:train 2450 1.689315e-01 95.241101 99.456217
INFO:root:train 2500 1.688718e-01 95.242528 99.456467
INFO:root:train 2550 1.688663e-01 95.244512 99.456708
INFO:root:train 2600 1.692216e-01 95.240412 99.453335
INFO:root:train 2650 1.689429e-01 95.249434 99.454805
INFO:root:train 2700 1.685846e-01 95.254651 99.454484
INFO:root:train 2750 1.686415e-01 95.259678 99.455312
INFO:root:train 2800 1.688921e-01 95.252811 99.456109
INFO:root:train 2850 1.689289e-01 95.245637 99.455783
INFO:root:train 2900 1.690736e-01 95.247867 99.453314
INFO:root:train 2950 1.688829e-01 95.253728 99.455164
INFO:root:train 3000 1.689715e-01 95.256789 99.453828
INFO:root:train 3050 1.693794e-01 95.250533 99.451512
INFO:root:train 3100 1.694890e-01 95.247501 99.452294
INFO:root:train 3150 1.696411e-01 95.239111 99.448092
INFO:root:train 3200 1.698803e-01 95.235864 99.447438
INFO:root:train 3250 1.696061e-01 95.245213 99.447285
INFO:root:train 3300 1.692301e-01 95.250492 99.449504
INFO:root:train 3350 1.694248e-01 95.248154 99.448392
INFO:root:train 3400 1.697822e-01 95.243586 99.446854
INFO:root:train 3450 1.695485e-01 95.246396 99.447624
INFO:root:train 3500 1.692984e-01 95.249125 99.450603
INFO:root:train 3550 1.693776e-01 95.241217 99.453059
INFO:root:train 3600 1.690930e-01 95.248282 99.455446
INFO:root:train_acc 95.247993
INFO:root:valid 000 4.177319e-01 90.625000 96.875000
INFO:root:valid 050 4.187159e-01 89.950980 97.794118
INFO:root:valid 100 4.089655e-01 89.882426 97.896040
INFO:root:valid 150 4.054216e-01 89.973096 97.920116
INFO:root:valid 200 4.069697e-01 90.057525 97.986629
INFO:root:valid 250 4.147770e-01 89.940239 97.908367
INFO:root:valid 300 4.122913e-01 90.033223 97.850914
INFO:root:valid 350 4.135619e-01 89.983974 97.805377
INFO:root:valid 400 4.129475e-01 89.982076 97.802369
INFO:root:valid 450 4.204990e-01 89.817766 97.744595
INFO:root:valid 500 4.216887e-01 89.854666 97.742016
INFO:root:valid 550 4.214925e-01 89.853675 97.734233
INFO:root:valid 600 4.223012e-01 89.842450 97.735545
INFO:root:test_acc 89.835785
INFO:root:epoch 5 lr 3.969463e-03
INFO:root:train 000 4.628181e-02 100.000000 100.000000
INFO:root:train 050 1.800896e-01 95.588235 99.417892
INFO:root:train 100 1.615081e-01 95.714728 99.535891
INFO:root:train 150 1.656929e-01 95.622930 99.492964
INFO:root:train 200 1.661594e-01 95.382463 99.494714
INFO:root:train 250 1.679172e-01 95.349851 99.458416
INFO:root:train 300 1.650841e-01 95.411130 99.496470
INFO:root:train 350 1.639515e-01 95.379274 99.514779
INFO:root:train 400 1.639399e-01 95.367051 99.516833
INFO:root:train 450 1.651585e-01 95.340216 99.504573
INFO:root:train 500 1.644193e-01 95.328094 99.507236
INFO:root:train 550 1.674741e-01 95.289814 99.475386
INFO:root:train 600 1.683886e-01 95.244904 99.472234
INFO:root:train 650 1.698583e-01 95.238095 99.464766
INFO:root:train 700 1.691473e-01 95.250089 99.471737
INFO:root:train 750 1.694095e-01 95.248003 99.465296
INFO:root:train 800 1.692767e-01 95.257881 99.471364
INFO:root:train 850 1.691084e-01 95.281287 99.471210
INFO:root:train 900 1.684578e-01 95.291690 99.471074
INFO:root:train 950 1.686331e-01 95.304285 99.469309
INFO:root:train 1000 1.675485e-01 95.331231 99.477085
INFO:root:train 1050 1.668544e-01 95.319933 99.481149
INFO:root:train 1100 1.664079e-01 95.339464 99.490520
INFO:root:train 1150 1.663677e-01 95.331505 99.489574
INFO:root:train 1200 1.663397e-01 95.341122 99.488707
INFO:root:train 1250 1.656138e-01 95.344974 99.491657
INFO:root:train 1300 1.666799e-01 95.308897 99.494379
INFO:root:train 1350 1.668694e-01 95.307874 99.493431
INFO:root:train 1400 1.671954e-01 95.301347 99.495896
INFO:root:train 1450 1.682541e-01 95.281272 99.493884
INFO:root:train 1500 1.681265e-01 95.277107 99.495128
INFO:root:train 1550 1.683606e-01 95.269181 99.490248
INFO:root:train 1600 1.685345e-01 95.269558 99.490553
INFO:root:train 1650 1.683658e-01 95.278430 99.490839
INFO:root:train 1700 1.682367e-01 95.277594 99.492027
INFO:root:train 1750 1.685742e-01 95.271452 99.491362
INFO:root:train 1800 1.691854e-01 95.250035 99.486396
INFO:root:train 1850 1.692945e-01 95.240748 99.489296
INFO:root:train 1900 1.691292e-01 95.256608 99.488756
INFO:root:train 1950 1.683833e-01 95.273257 99.491447
INFO:root:train 2000 1.684385e-01 95.271895 99.489318
INFO:root:train 2050 1.690381e-01 95.260696 99.485007
INFO:root:train 2100 1.693059e-01 95.261185 99.483133
INFO:root:train 2150 1.693706e-01 95.271821 99.479167
INFO:root:train 2200 1.690683e-01 95.284814 99.479640
INFO:root:train 2250 1.690122e-01 95.281958 99.478010
INFO:root:train 2300 1.688421e-01 95.291449 99.480525
INFO:root:train 2350 1.692834e-01 95.279934 99.478945
INFO:root:train 2400 1.689388e-01 95.285818 99.479384
INFO:root:train 2450 1.683975e-01 95.298475 99.480442
INFO:root:train 2500 1.683107e-01 95.300630 99.483956
INFO:root:train 2550 1.676551e-01 95.310050 99.487946
INFO:root:train 2600 1.678342e-01 95.292676 99.488178
INFO:root:train 2650 1.679946e-01 95.287745 99.487222
INFO:root:train 2700 1.680040e-01 95.287625 99.486301
INFO:root:train 2750 1.677475e-01 95.296029 99.485982
INFO:root:train 2800 1.677785e-01 95.295765 99.484559
INFO:root:train 2850 1.680472e-01 95.290578 99.485926
INFO:root:train 2900 1.684075e-01 95.283954 99.482398
INFO:root:train 2950 1.682898e-01 95.283379 99.482167
INFO:root:train 3000 1.683008e-01 95.282822 99.482985
INFO:root:train 3050 1.686952e-01 95.277675 99.483776
INFO:root:train 3100 1.687969e-01 95.271183 99.485549
INFO:root:train 3150 1.688313e-01 95.273326 99.483795
INFO:root:train 3200 1.688070e-01 95.274914 99.483560
INFO:root:train 3250 1.689905e-01 95.274050 99.479968
INFO:root:train 3300 1.690828e-01 95.271319 99.480271
INFO:root:train 3350 1.691057e-01 95.264473 99.483829
INFO:root:train 3400 1.691421e-01 95.264261 99.483148
INFO:root:train 3450 1.687981e-01 95.266771 99.484751
INFO:root:train 3500 1.685271e-01 95.270994 99.486307
INFO:root:train 3550 1.685440e-01 95.261458 99.483860
INFO:root:train 3600 1.683111e-01 95.270411 99.486254
INFO:root:train_acc 95.268220
INFO:root:valid 000 4.990891e-01 87.500000 98.437500
INFO:root:valid 050 4.143891e-01 89.430147 97.886029
INFO:root:valid 100 4.034614e-01 89.944307 97.865099
INFO:root:valid 150 4.047252e-01 89.993791 97.889073
INFO:root:valid 200 4.004447e-01 90.049751 97.939988
INFO:root:valid 250 4.019461e-01 90.108317 97.914592
INFO:root:valid 300 3.986705e-01 90.043605 97.908015
INFO:root:valid 350 3.976703e-01 90.086360 97.907764
INFO:root:valid 400 4.003871e-01 90.056110 97.891989
INFO:root:valid 450 4.065793e-01 89.963276 97.827744
INFO:root:valid 500 4.086819e-01 89.960704 97.819985
INFO:root:valid 550 4.108831e-01 90.020985 97.799456
INFO:root:valid 600 4.109595e-01 90.045237 97.808340
INFO:root:test_acc 90.040729
INFO:root:epoch 6 lr 3.634976e-03
INFO:root:train 000 7.981139e-02 96.875000 100.000000
INFO:root:train 050 1.842213e-01 94.883578 99.295343
INFO:root:train 100 1.750837e-01 95.126856 99.381188
INFO:root:train 150 1.695719e-01 95.281457 99.399834
INFO:root:train 200 1.732572e-01 95.172575 99.354789
INFO:root:train 250 1.670550e-01 95.331175 99.371265
INFO:root:train 300 1.645938e-01 95.374792 99.382267
INFO:root:train 350 1.634783e-01 95.397080 99.412393
INFO:root:train 400 1.624153e-01 95.374844 99.431110
INFO:root:train 450 1.612791e-01 95.426829 99.452605
INFO:root:train 500 1.605781e-01 95.477794 99.447979
INFO:root:train 550 1.627149e-01 95.440109 99.441357
INFO:root:train 600 1.652660e-01 95.408694 99.430636
INFO:root:train 650 1.637196e-01 95.461310 99.452765
INFO:root:train 700 1.649485e-01 95.426177 99.422700
INFO:root:train 750 1.663159e-01 95.401964 99.421605
INFO:root:train 800 1.655145e-01 95.413936 99.432350
INFO:root:train 850 1.653388e-01 95.382271 99.439997
INFO:root:train 900 1.656375e-01 95.369728 99.438124
INFO:root:train 950 1.666420e-01 95.358504 99.441377
INFO:root:train 1000 1.659021e-01 95.393669 99.444306
INFO:root:train 1050 1.665681e-01 95.380887 99.436549
INFO:root:train 1100 1.666975e-01 95.370686 99.436592
INFO:root:train 1150 1.665484e-01 95.372231 99.432559
INFO:root:train 1200 1.660811e-01 95.389259 99.439269
INFO:root:train 1250 1.662362e-01 95.363709 99.446693
INFO:root:train 1300 1.666632e-01 95.359339 99.443937
INFO:root:train 1350 1.662640e-01 95.359919 99.447169
INFO:root:train 1400 1.668844e-01 95.351535 99.444593
INFO:root:train 1450 1.667439e-01 95.364188 99.445426
INFO:root:train 1500 1.664306e-01 95.361426 99.451407
INFO:root:train 1550 1.663898e-01 95.365893 99.451966
INFO:root:train 1600 1.663883e-01 95.367153 99.454443
INFO:root:train 1650 1.656858e-01 95.379694 99.460554
INFO:root:train 1700 1.654846e-01 95.382312 99.465388
INFO:root:train 1750 1.657101e-01 95.376749 99.465484
INFO:root:train 1800 1.658802e-01 95.368025 99.461237
INFO:root:train 1850 1.654559e-01 95.378343 99.463128
INFO:root:train 1900 1.652682e-01 95.386474 99.462454
INFO:root:train 1950 1.654794e-01 95.384578 99.461814
INFO:root:train 2000 1.659397e-01 95.367941 99.459645
INFO:root:train 2050 1.656213e-01 95.375731 99.462153
INFO:root:train 2100 1.661324e-01 95.369764 99.459335
INFO:root:train 2150 1.658507e-01 95.362622 99.461733
INFO:root:train 2200 1.661231e-01 95.355804 99.456213
INFO:root:train 2250 1.657315e-01 95.364560 99.458574
INFO:root:train 2300 1.654527e-01 95.374973 99.459474
INFO:root:train 2350 1.656327e-01 95.365004 99.460336
INFO:root:train 2400 1.655019e-01 95.361308 99.463114
INFO:root:train 2450 1.650272e-01 95.377524 99.467692
INFO:root:train 2500 1.652774e-01 95.369352 99.463964
INFO:root:train 2550 1.652428e-01 95.372525 99.462221
INFO:root:train 2600 1.653261e-01 95.373174 99.461745
INFO:root:train 2650 1.649678e-01 95.379102 99.466003
INFO:root:train 2700 1.651243e-01 95.370349 99.466054
INFO:root:train 2750 1.652542e-01 95.370433 99.463263
INFO:root:train 2800 1.652591e-01 95.366610 99.463919
INFO:root:train 2850 1.651721e-01 95.373334 99.468388
INFO:root:train 2900 1.652989e-01 95.371747 99.467856
INFO:root:train 2950 1.656490e-01 95.365978 99.468401
INFO:root:train 3000 1.655792e-01 95.363525 99.470489
INFO:root:train 3050 1.657107e-01 95.358591 99.468412
INFO:root:train 3100 1.661039e-01 95.349786 99.466402
INFO:root:train 3150 1.657436e-01 95.360600 99.469414
INFO:root:train 3200 1.658657e-01 95.356432 99.469404
INFO:root:train 3250 1.659900e-01 95.355756 99.469394
INFO:root:train 3300 1.659678e-01 95.357941 99.469858
INFO:root:train 3350 1.658131e-01 95.353533 99.472172
INFO:root:train 3400 1.658734e-01 95.346957 99.474879
INFO:root:train 3450 1.657186e-01 95.351438 99.476148
INFO:root:train 3500 1.656014e-01 95.356238 99.476489
INFO:root:train 3550 1.651868e-01 95.368822 99.475940
INFO:root:train 3600 1.651352e-01 95.365003 99.475406
INFO:root:train_acc 95.368924
INFO:root:valid 000 3.331299e-01 90.625000 98.437500
INFO:root:valid 050 4.096613e-01 89.399510 97.794118
INFO:root:valid 100 3.991168e-01 89.681312 97.880569
INFO:root:valid 150 3.959045e-01 89.786838 97.930464
INFO:root:valid 200 3.942195e-01 89.800995 98.002177
INFO:root:valid 250 3.998980e-01 89.753486 97.964392
INFO:root:valid 300 3.987126e-01 89.784053 97.954734
INFO:root:valid 350 3.983739e-01 89.801460 97.925570
INFO:root:valid 400 3.998149e-01 89.802837 97.888092
INFO:root:valid 450 4.060114e-01 89.679185 97.841602
INFO:root:valid 500 4.073697e-01 89.711203 97.832460
INFO:root:valid 550 4.095425e-01 89.751588 97.807963
INFO:root:valid 600 4.090924e-01 89.780054 97.823939
INFO:root:test_acc 89.768335
INFO:root:epoch 7 lr 3.272542e-03
INFO:root:train 000 9.847549e-02 96.875000 100.000000
INFO:root:train 050 1.793227e-01 95.159314 99.417892
INFO:root:train 100 1.720600e-01 95.389851 99.396658
INFO:root:train 150 1.709631e-01 95.457368 99.410182
INFO:root:train 200 1.663130e-01 95.436878 99.455846
INFO:root:train 250 1.647311e-01 95.374751 99.464641
INFO:root:train 300 1.622496e-01 95.416321 99.486088
INFO:root:train 350 1.616568e-01 95.361467 99.510328
INFO:root:train 400 1.592180e-01 95.460567 99.516833
INFO:root:train 450 1.600704e-01 95.416436 99.504573
INFO:root:train 500 1.597561e-01 95.412300 99.516592
INFO:root:train 550 1.609887e-01 95.394737 99.517922
INFO:root:train 600 1.600037e-01 95.411294 99.532030
INFO:root:train 650 1.593430e-01 95.461310 99.536770
INFO:root:train 700 1.578288e-01 95.497504 99.534148
INFO:root:train 750 1.586421e-01 95.476864 99.515230
INFO:root:train 800 1.579465e-01 95.490012 99.522082
INFO:root:train 850 1.578960e-01 95.481419 99.517112
INFO:root:train 900 1.585878e-01 95.480716 99.512694
INFO:root:train 950 1.587241e-01 95.488302 99.500526
INFO:root:train 1000 1.594408e-01 95.470155 99.508304
INFO:root:train 1050 1.596388e-01 95.471575 99.504936
INFO:root:train 1100 1.598830e-01 95.471446 99.497616
INFO:root:train 1150 1.612399e-01 95.463184 99.488217
INFO:root:train 1200 1.608708e-01 95.485533 99.492610
INFO:root:train 1250 1.610835e-01 95.488609 99.481665
INFO:root:train 1300 1.614609e-01 95.474635 99.484771
INFO:root:train 1350 1.607655e-01 95.477887 99.489961
INFO:root:train 1400 1.603862e-01 95.489829 99.489204
INFO:root:train 1450 1.610846e-01 95.477257 99.485269
INFO:root:train 1500 1.616556e-01 95.471769 99.482637
INFO:root:train 1550 1.624595e-01 95.452531 99.481181
INFO:root:train 1600 1.625776e-01 95.450109 99.477865
INFO:root:train 1650 1.626492e-01 95.433639 99.481375
INFO:root:train 1700 1.624652e-01 95.436508 99.482841
INFO:root:train 1750 1.626500e-01 95.422259 99.484223
INFO:root:train 1800 1.624043e-01 95.435695 99.487264
INFO:root:train 1850 1.624523e-01 95.441653 99.486764
INFO:root:train 1900 1.622311e-01 95.434968 99.487112
INFO:root:train 1950 1.625651e-01 95.424622 99.491447
INFO:root:train 2000 1.625027e-01 95.422601 99.491660
INFO:root:train 2050 1.624402e-01 95.423726 99.494149
INFO:root:train 2100 1.631814e-01 95.413642 99.489083
INFO:root:train 2150 1.628962e-01 95.420008 99.488610
INFO:root:train 2200 1.632725e-01 95.418276 99.481770
INFO:root:train 2250 1.631077e-01 95.404126 99.482869
INFO:root:train 2300 1.632521e-01 95.407567 99.481883
INFO:root:train 2350 1.632946e-01 95.416844 99.478281
INFO:root:train 2400 1.636016e-01 95.416623 99.478733
INFO:root:train 2450 1.637645e-01 95.417687 99.477892
INFO:root:train 2500 1.638062e-01 95.414334 99.477709
INFO:root:train 2550 1.636226e-01 95.415401 99.479371
INFO:root:train 2600 1.638694e-01 95.407415 99.479767
INFO:root:train 2650 1.634306e-01 95.413877 99.484275
INFO:root:train 2700 1.637624e-01 95.407951 99.479938
INFO:root:train 2750 1.643082e-01 95.399968 99.475759
INFO:root:train 2800 1.641689e-01 95.402870 99.477307
INFO:root:train 2850 1.639958e-01 95.397996 99.477705
INFO:root:train 2900 1.636742e-01 95.401370 99.480782
INFO:root:train 2950 1.633242e-01 95.409395 99.482167
INFO:root:train 3000 1.631692e-01 95.416111 99.481423
INFO:root:train 3050 1.630329e-01 95.417998 99.481215
INFO:root:train 3100 1.626637e-01 95.425871 99.482526
INFO:root:train 3150 1.629885e-01 95.414650 99.480324
INFO:root:train 3200 1.629109e-01 95.420865 99.480143
INFO:root:train 3250 1.628091e-01 95.421601 99.480929
INFO:root:train 3300 1.631827e-01 95.413795 99.477904
INFO:root:train 3350 1.631298e-01 95.413682 99.476369
INFO:root:train 3400 1.631978e-01 95.414033 99.477176
INFO:root:train 3450 1.629623e-01 95.423428 99.477959
INFO:root:train 3500 1.629522e-01 95.422290 99.480059
INFO:root:train 3550 1.627374e-01 95.425584 99.481660
INFO:root:train 3600 1.625611e-01 95.431824 99.482349
INFO:root:train_acc 95.430465
INFO:root:valid 000 4.604604e-01 89.062500 98.437500
INFO:root:valid 050 4.048120e-01 89.797794 97.732843
INFO:root:valid 100 3.991972e-01 89.836015 97.880569
INFO:root:valid 150 3.992735e-01 89.776490 97.971854
INFO:root:valid 200 3.925395e-01 89.909826 98.033271
INFO:root:valid 250 3.952378e-01 89.946464 97.983068
INFO:root:valid 300 3.939680e-01 89.986503 97.913206
INFO:root:valid 350 3.924021e-01 90.028490 97.894409
INFO:root:valid 400 3.936988e-01 89.989869 97.884196
INFO:root:valid 450 3.989435e-01 89.897450 97.848531
INFO:root:valid 500 4.013505e-01 89.910803 97.854291
INFO:root:valid 550 4.025158e-01 89.989791 97.827813
INFO:root:valid 600 4.029340e-01 89.956843 97.831739
INFO:root:test_acc 89.947337
INFO:root:epoch 8 lr 2.891086e-03
INFO:root:train 000 2.031064e-02 100.000000 100.000000
INFO:root:train 050 1.690645e-01 95.618873 99.448529
INFO:root:train 100 1.584619e-01 95.761139 99.582302
INFO:root:train 150 1.612766e-01 95.695364 99.596440
INFO:root:train 200 1.617360e-01 95.537935 99.572450
INFO:root:train 250 1.608350e-01 95.567729 99.526892
INFO:root:train 300 1.576927e-01 95.623962 99.543189
INFO:root:train 350 1.557241e-01 95.668625 99.545940
INFO:root:train 400 1.588826e-01 95.577463 99.516833
INFO:root:train 450 1.586801e-01 95.579268 99.511502
INFO:root:train 500 1.583905e-01 95.615020 99.500998
INFO:root:train 550 1.586206e-01 95.587568 99.503743
INFO:root:train 600 1.599125e-01 95.582883 99.495632
INFO:root:train 650 1.606450e-01 95.545315 99.498368
INFO:root:train 700 1.614108e-01 95.524251 99.485111
INFO:root:train 750 1.611089e-01 95.495589 99.490263
INFO:root:train 800 1.608281e-01 95.478308 99.494772
INFO:root:train 850 1.614862e-01 95.448370 99.487735
INFO:root:train 900 1.609998e-01 95.458171 99.500555
INFO:root:train 950 1.609829e-01 95.450513 99.493954
INFO:root:train 1000 1.614628e-01 95.451424 99.481768
INFO:root:train 1050 1.618336e-01 95.441841 99.476689
INFO:root:train 1100 1.617380e-01 95.443063 99.477748
INFO:root:train 1150 1.618620e-01 95.437391 99.480072
INFO:root:train 1200 1.620013e-01 95.426988 99.473095
INFO:root:train 1250 1.623458e-01 95.398681 99.481665
INFO:root:train 1300 1.621228e-01 95.395369 99.481168
INFO:root:train 1350 1.628412e-01 95.389989 99.474926
INFO:root:train 1400 1.633130e-01 95.379416 99.471360
INFO:root:train 1450 1.631687e-01 95.380341 99.474500
INFO:root:train 1500 1.629238e-01 95.372876 99.480555
INFO:root:train 1550 1.627010e-01 95.379997 99.482189
INFO:root:train 1600 1.626808e-01 95.376913 99.484697
INFO:root:train 1650 1.624701e-01 95.365498 99.485161
INFO:root:train 1700 1.620301e-01 95.376800 99.489271
INFO:root:train 1750 1.617377e-01 95.383888 99.488685
INFO:root:train 1800 1.619205e-01 95.384509 99.483794
INFO:root:train 1850 1.614429e-01 95.391005 99.488452
INFO:root:train 1900 1.625648e-01 95.358528 99.479715
INFO:root:train 1950 1.623279e-01 95.361353 99.480234
INFO:root:train 2000 1.627673e-01 95.354666 99.475262
INFO:root:train 2050 1.622422e-01 95.372684 99.477389
INFO:root:train 2100 1.620318e-01 95.371995 99.477927
INFO:root:train 2150 1.620009e-01 95.375697 99.475535
INFO:root:train 2200 1.618140e-01 95.378521 99.476090
INFO:root:train 2250 1.621361e-01 95.373584 99.476622
INFO:root:train 2300 1.620494e-01 95.377010 99.475092
INFO:root:train 2350 1.616698e-01 95.391589 99.478281
INFO:root:train 2400 1.613395e-01 95.402306 99.481336
INFO:root:train 2450 1.615718e-01 95.394737 99.481079
INFO:root:train 2500 1.617619e-01 95.396217 99.481457
INFO:root:train 2550 1.618304e-01 95.401926 99.479371
INFO:root:train 2600 1.619323e-01 95.400807 99.479767
INFO:root:train 2650 1.620303e-01 95.392069 99.474844
INFO:root:train 2700 1.617103e-01 95.401009 99.478203
INFO:root:train 2750 1.616458e-01 95.412464 99.478599
INFO:root:train 2800 1.616885e-01 95.400638 99.479539
INFO:root:train 2850 1.616966e-01 95.398544 99.478253
INFO:root:train 2900 1.616239e-01 95.411604 99.478089
INFO:root:train 2950 1.610705e-01 95.419985 99.479520
INFO:root:train 3000 1.606195e-01 95.423401 99.482464
INFO:root:train 3050 1.608405e-01 95.423632 99.478142
INFO:root:train 3100 1.606012e-01 95.423351 99.478999
INFO:root:train 3150 1.605332e-01 95.424568 99.481811
INFO:root:train 3200 1.605960e-01 95.421841 99.479655
INFO:root:train 3250 1.612559e-01 95.409586 99.475642
INFO:root:train 3300 1.613210e-01 95.404802 99.473644
INFO:root:train 3350 1.612883e-01 95.405289 99.476369
INFO:root:train 3400 1.612437e-01 95.403925 99.477176
INFO:root:train 3450 1.607283e-01 95.417089 99.481129
INFO:root:train 3500 1.607726e-01 95.418273 99.481844
INFO:root:train 3550 1.607386e-01 95.418544 99.483860
INFO:root:train 3600 1.609049e-01 95.414034 99.485820
INFO:root:train_acc 95.413251
INFO:root:valid 000 3.811329e-01 85.937500 98.437500
INFO:root:valid 050 3.864765e-01 90.042892 97.977941
INFO:root:valid 100 3.867062e-01 90.300124 98.004332
INFO:root:valid 150 3.838989e-01 90.314570 97.982202
INFO:root:valid 200 3.798683e-01 90.438433 98.079913
INFO:root:valid 250 3.868655e-01 90.363546 97.995518
INFO:root:valid 300 3.849056e-01 90.334302 97.985880
INFO:root:valid 350 3.859791e-01 90.277778 97.947828
INFO:root:valid 400 3.870945e-01 90.192488 97.962126
INFO:root:valid 450 3.932316e-01 90.070676 97.931680
INFO:root:valid 500 3.956813e-01 90.085454 97.904192
INFO:root:valid 550 3.961908e-01 90.154265 97.864678
INFO:root:valid 600 3.959747e-01 90.196027 97.860337
INFO:root:test_acc 90.188601
INFO:root:epoch 9 lr 2.500000e-03
INFO:root:train 000 4.667933e-02 96.875000 100.000000
INFO:root:train 050 1.594747e-01 95.128676 99.571078
INFO:root:train 100 1.657680e-01 95.250619 99.582302
INFO:root:train 150 1.589104e-01 95.364238 99.575745
INFO:root:train 200 1.612598e-01 95.281405 99.587998
INFO:root:train 250 1.589137e-01 95.393426 99.576693
INFO:root:train 300 1.577795e-01 95.405939 99.548380
INFO:root:train 350 1.601710e-01 95.383725 99.514779
INFO:root:train 400 1.592099e-01 95.359258 99.509040
INFO:root:train 450 1.574291e-01 95.406042 99.518431
INFO:root:train 500 1.553894e-01 95.455963 99.525948
INFO:root:train 550 1.559102e-01 95.434437 99.520758
INFO:root:train 600 1.559104e-01 95.437292 99.516431
INFO:root:train 650 1.549277e-01 95.470910 99.522369
INFO:root:train 700 1.548552e-01 95.510877 99.509629
INFO:root:train 750 1.568621e-01 95.483106 99.496505
INFO:root:train 800 1.575184e-01 95.488062 99.486969
INFO:root:train 850 1.579864e-01 95.479583 99.489571
INFO:root:train 900 1.567979e-01 95.498058 99.502289
INFO:root:train 950 1.579444e-01 95.470229 99.490668
INFO:root:train 1000 1.577346e-01 95.468594 99.495817
INFO:root:train 1050 1.577447e-01 95.473061 99.485609
INFO:root:train 1100 1.595411e-01 95.440225 99.482005
INFO:root:train 1150 1.594253e-01 95.457754 99.480072
INFO:root:train 1200 1.591414e-01 95.459513 99.480901
INFO:root:train 1250 1.597364e-01 95.461131 99.475420
INFO:root:train 1300 1.595442e-01 95.484243 99.472761
INFO:root:train 1350 1.591055e-01 95.482513 99.473769
INFO:root:train 1400 1.588827e-01 95.480906 99.480282
INFO:root:train 1450 1.581805e-01 95.488025 99.483115
INFO:root:train 1500 1.584536e-01 95.460318 99.487841
INFO:root:train 1550 1.593547e-01 95.442456 99.481181
INFO:root:train 1600 1.593601e-01 95.458893 99.483721
INFO:root:train 1650 1.600599e-01 95.453513 99.479482
INFO:root:train 1700 1.601283e-01 95.461310 99.480085
INFO:root:train 1750 1.593120e-01 95.474907 99.484223
INFO:root:train 1800 1.591856e-01 95.482544 99.484661
INFO:root:train 1850 1.592549e-01 95.482172 99.484231
INFO:root:train 1900 1.591147e-01 95.484285 99.483002
INFO:root:train 1950 1.590835e-01 95.493497 99.481836
INFO:root:train 2000 1.593031e-01 95.484289 99.483071
INFO:root:train 2050 1.587985e-01 95.487719 99.486531
INFO:root:train 2100 1.586190e-01 95.492474 99.487595
INFO:root:train 2150 1.584304e-01 95.507177 99.487157
INFO:root:train 2200 1.579091e-01 95.521212 99.488869
INFO:root:train 2250 1.579244e-01 95.524211 99.485645
INFO:root:train 2300 1.582874e-01 95.516895 99.483920
INFO:root:train 2350 1.577221e-01 95.527834 99.488250
INFO:root:train 2400 1.581813e-01 95.525953 99.485241
INFO:root:train 2450 1.581892e-01 95.524786 99.485542
INFO:root:train 2500 1.576697e-01 95.532412 99.490829
INFO:root:train 2550 1.577608e-01 95.526877 99.492846
INFO:root:train 2600 1.572769e-01 95.533569 99.495386
INFO:root:train 2650 1.576416e-01 95.521148 99.496063
INFO:root:train 2700 1.583203e-01 95.508608 99.490351
INFO:root:train 2750 1.581299e-01 95.510155 99.490526
INFO:root:train 2800 1.579407e-01 95.516110 99.491253
INFO:root:train 2850 1.582185e-01 95.505963 99.489214
INFO:root:train 2900 1.581402e-01 95.510169 99.487246
INFO:root:train 2950 1.582261e-01 95.508938 99.487991
INFO:root:train 3000 1.582926e-01 95.506706 99.490795
INFO:root:train 3050 1.585100e-01 95.504548 99.492482
INFO:root:train 3100 1.583644e-01 95.510017 99.494115
INFO:root:train 3150 1.581443e-01 95.508370 99.495696
INFO:root:train 3200 1.582150e-01 95.503846 99.496251
INFO:root:train 3250 1.585150e-01 95.501384 99.495348
INFO:root:train 3300 1.585730e-01 95.499943 99.497311
INFO:root:train 3350 1.585655e-01 95.501343 99.497352
INFO:root:train 3400 1.587261e-01 95.498567 99.496472
INFO:root:train 3450 1.588337e-01 95.493607 99.497428
INFO:root:train 3500 1.585052e-01 95.497715 99.499697
INFO:root:train 3550 1.585909e-01 95.493787 99.500141
INFO:root:train 3600 1.588792e-01 95.493005 99.499705
INFO:root:train_acc 95.497170
INFO:root:valid 000 3.931705e-01 90.625000 98.437500
INFO:root:valid 050 3.956192e-01 90.134804 97.916667
INFO:root:valid 100 3.856587e-01 90.222772 97.988861
INFO:root:valid 150 3.827168e-01 90.345613 97.951159
INFO:root:valid 200 3.769858e-01 90.500622 98.025498
INFO:root:valid 250 3.838608e-01 90.388446 97.970618
INFO:root:valid 300 3.834220e-01 90.375831 97.928779
INFO:root:valid 350 3.838834e-01 90.375712 97.916667
INFO:root:valid 400 3.856863e-01 90.282107 97.891989
INFO:root:valid 450 3.922330e-01 90.136502 97.855460
INFO:root:valid 500 3.944220e-01 90.129117 97.857410
INFO:root:valid 550 3.938191e-01 90.202473 97.841992
INFO:root:valid 600 3.949158e-01 90.188228 97.842138
INFO:root:test_acc 90.180818
INFO:root:epoch 10 lr 2.108914e-03
INFO:root:train 000 1.975465e-01 92.187500 98.437500
INFO:root:train 050 1.377894e-01 95.710784 99.693627
INFO:root:train 100 1.436426e-01 95.730198 99.675124
INFO:root:train 150 1.483647e-01 95.622930 99.627483
INFO:root:train 200 1.526367e-01 95.576803 99.595771
INFO:root:train 250 1.566980e-01 95.468127 99.558018
INFO:root:train 300 1.571396e-01 95.468231 99.543189
INFO:root:train 350 1.561797e-01 95.490563 99.528134
INFO:root:train 400 1.539676e-01 95.554084 99.544108
INFO:root:train 450 1.557696e-01 95.513442 99.542683
INFO:root:train 500 1.555854e-01 95.552645 99.547779
INFO:root:train 550 1.561285e-01 95.553539 99.526429
INFO:root:train 600 1.571291e-01 95.536086 99.521631
INFO:root:train 650 1.578427e-01 95.504512 99.517569
INFO:root:train 700 1.597880e-01 95.490817 99.494026
INFO:root:train 750 1.605253e-01 95.491428 99.486102
INFO:root:train 800 1.612785e-01 95.493914 99.481117
INFO:root:train 850 1.607561e-01 95.501616 99.484063
INFO:root:train 900 1.611085e-01 95.504994 99.472808
INFO:root:train 950 1.610841e-01 95.504732 99.474238
INFO:root:train 1000 1.618638e-01 95.470155 99.477085
INFO:root:train 1050 1.615934e-01 95.471575 99.469255
INFO:root:train 1100 1.607528e-01 95.474285 99.466394
INFO:root:train 1150 1.603104e-01 95.491692 99.467854
INFO:root:train 1200 1.598666e-01 95.493339 99.476998
INFO:root:train 1250 1.603926e-01 95.483613 99.470424
INFO:root:train 1300 1.603200e-01 95.480640 99.471560
INFO:root:train 1350 1.598174e-01 95.488296 99.474926
INFO:root:train 1400 1.593972e-01 95.488713 99.482512
INFO:root:train 1450 1.590966e-01 95.486949 99.485269
INFO:root:train 1500 1.591757e-01 95.483220 99.486800
INFO:root:train 1550 1.594033e-01 95.479731 99.482189
INFO:root:train 1600 1.598368e-01 95.476460 99.477865
INFO:root:train 1650 1.601108e-01 95.464870 99.477589
INFO:root:train 1700 1.603635e-01 95.447531 99.474574
INFO:root:train 1750 1.605825e-01 95.436536 99.470838
INFO:root:train 1800 1.609024e-01 95.436563 99.465575
INFO:root:train 1850 1.611510e-01 95.430679 99.469037
INFO:root:train 1900 1.612592e-01 95.427571 99.466564
INFO:root:train 1950 1.608692e-01 95.440639 99.472226
INFO:root:train 2000 1.604576e-01 95.441342 99.475262
INFO:root:train 2050 1.604587e-01 95.443534 99.475104
INFO:root:train 2100 1.600928e-01 95.451571 99.477927
INFO:root:train 2150 1.603890e-01 95.446885 99.477714
INFO:root:train 2200 1.600527e-01 95.448802 99.481060
INFO:root:train 2250 1.599510e-01 95.451327 99.482869
INFO:root:train 2300 1.601901e-01 95.429976 99.477809
INFO:root:train 2350 1.598536e-01 95.444758 99.479610
INFO:root:train 2400 1.601119e-01 95.432242 99.478733
INFO:root:train 2450 1.598328e-01 95.443186 99.484267
INFO:root:train 2500 1.597182e-01 95.447446 99.485831
INFO:root:train 2550 1.596206e-01 95.451539 99.489171
INFO:root:train 2600 1.594923e-01 95.454873 99.491181
INFO:root:train 2650 1.589388e-01 95.466333 99.496652
INFO:root:train 2700 1.586503e-01 95.477948 99.497293
INFO:root:train 2750 1.587364e-01 95.477781 99.497342
INFO:root:train 2800 1.590016e-01 95.475946 99.498505
INFO:root:train 2850 1.586133e-01 95.480204 99.499079
INFO:root:train 2900 1.586374e-01 95.483777 99.500172
INFO:root:train 2950 1.584317e-01 95.493053 99.499640
INFO:root:train 3000 1.582522e-01 95.493169 99.500167
INFO:root:train 3050 1.575324e-01 95.509157 99.505285
INFO:root:train 3100 1.575793e-01 95.503467 99.504696
INFO:root:train 3150 1.580570e-01 95.497461 99.502142
INFO:root:train 3200 1.581860e-01 95.497501 99.499668
INFO:root:train 3250 1.580292e-01 95.499462 99.501596
INFO:root:train 3300 1.580662e-01 95.499943 99.502045
INFO:root:train 3350 1.583077e-01 95.494349 99.499683
INFO:root:train 3400 1.580886e-01 95.499026 99.500606
INFO:root:train 3450 1.581241e-01 95.499040 99.500598
INFO:root:train 3500 1.584193e-01 95.490128 99.500143
INFO:root:train 3550 1.585955e-01 95.485427 99.495301
INFO:root:train 3600 1.583217e-01 95.493439 99.497101
INFO:root:train_acc 95.491576
INFO:root:valid 000 4.577225e-01 89.062500 98.437500
INFO:root:valid 050 4.182262e-01 89.246324 97.886029
INFO:root:valid 100 3.949913e-01 89.959777 97.942450
INFO:root:valid 150 3.886185e-01 90.097268 97.951159
INFO:root:valid 200 3.819054e-01 90.111940 98.103234
INFO:root:valid 250 3.861685e-01 90.126992 98.039094
INFO:root:valid 300 3.861852e-01 90.194145 97.991071
INFO:root:valid 350 3.871790e-01 90.153134 97.938925
INFO:root:valid 400 3.884656e-01 90.145729 97.911471
INFO:root:valid 450 3.939510e-01 90.060283 97.876247
INFO:root:valid 500 3.950678e-01 90.082335 97.866766
INFO:root:valid 550 3.954114e-01 90.089043 97.844828
INFO:root:valid 600 3.950699e-01 90.177829 97.847338
INFO:root:test_acc 90.175630
INFO:root:epoch 11 lr 1.727458e-03
INFO:root:train 000 3.007768e-01 90.625000 100.000000
INFO:root:train 050 1.473637e-01 95.680147 99.509804
INFO:root:train 100 1.570131e-01 95.575495 99.458540
INFO:root:train 150 1.555933e-01 95.591887 99.482616
INFO:root:train 200 1.572531e-01 95.506841 99.463619
INFO:root:train 250 1.556446e-01 95.617530 99.445966
INFO:root:train 300 1.557333e-01 95.598007 99.454942
INFO:root:train 350 1.565700e-01 95.561788 99.452457
INFO:root:train 400 1.596059e-01 95.499532 99.454489
INFO:root:train 450 1.603022e-01 95.444152 99.449141
INFO:root:train 500 1.615921e-01 95.434132 99.460454
INFO:root:train 550 1.617658e-01 95.462795 99.441357
INFO:root:train 600 1.602267e-01 95.481489 99.438436
INFO:root:train 650 1.592489e-01 95.523714 99.447965
INFO:root:train 700 1.595155e-01 95.506419 99.447218
INFO:root:train 750 1.584975e-01 95.518475 99.452813
INFO:root:train 800 1.570764e-01 95.552434 99.463561
INFO:root:train 850 1.560352e-01 95.558534 99.467538
INFO:root:train 900 1.560830e-01 95.539678 99.471074
INFO:root:train 950 1.551675e-01 95.563880 99.480810
INFO:root:train 1000 1.555233e-01 95.546641 99.484890
INFO:root:train 1050 1.558839e-01 95.526582 99.479662
INFO:root:train 1100 1.560607e-01 95.514021 99.480586
INFO:root:train 1150 1.560202e-01 95.514770 99.480072
INFO:root:train 1200 1.566287e-01 95.508951 99.482202
INFO:root:train 1250 1.564895e-01 95.507344 99.484163
INFO:root:train 1300 1.568780e-01 95.514268 99.482369
INFO:root:train 1350 1.566591e-01 95.511427 99.481865
INFO:root:train 1400 1.564142e-01 95.521056 99.482512
INFO:root:train 1450 1.558008e-01 95.532176 99.491730
INFO:root:train 1500 1.563879e-01 95.509244 99.493046
INFO:root:train 1550 1.560405e-01 95.518013 99.492263
INFO:root:train 1600 1.555261e-01 95.531113 99.495433
INFO:root:train 1650 1.554155e-01 95.531118 99.494624
INFO:root:train 1700 1.550313e-01 95.536633 99.496620
INFO:root:train 1750 1.545939e-01 95.548972 99.501178
INFO:root:train 1800 1.543281e-01 95.549348 99.502880
INFO:root:train 1850 1.544346e-01 95.544638 99.501114
INFO:root:train 1900 1.545742e-01 95.544286 99.499441
INFO:root:train 1950 1.547661e-01 95.549558 99.493048
INFO:root:train 2000 1.544983e-01 95.568622 99.491660
INFO:root:train 2050 1.545966e-01 95.569996 99.492626
INFO:root:train 2100 1.542247e-01 95.574280 99.498007
INFO:root:train 2150 1.545450e-01 95.568195 99.499506
INFO:root:train 2200 1.547021e-01 95.555997 99.498807
INFO:root:train 2250 1.549919e-01 95.552671 99.491892
INFO:root:train 2300 1.551462e-01 95.548810 99.490711
INFO:root:train 2350 1.547821e-01 95.564387 99.492237
INFO:root:train 2400 1.550567e-01 95.561745 99.489796
INFO:root:train 2450 1.548631e-01 95.553473 99.491917
INFO:root:train 2500 1.547058e-01 95.554903 99.493328
INFO:root:train 2550 1.544352e-01 95.561177 99.496521
INFO:root:train 2600 1.546186e-01 95.563605 99.492383
INFO:root:train 2650 1.547199e-01 95.560637 99.493116
INFO:root:train 2700 1.543743e-01 95.568771 99.493822
INFO:root:train 2750 1.543446e-01 95.570929 99.493366
INFO:root:train 2800 1.542643e-01 95.581377 99.494600
INFO:root:train 2850 1.541962e-01 95.584882 99.495243
INFO:root:train 2900 1.538846e-01 95.593653 99.495325
INFO:root:train 2950 1.539469e-01 95.586771 99.497522
INFO:root:train 3000 1.538027e-01 95.593136 99.500167
INFO:root:train 3050 1.538513e-01 95.597755 99.500676
INFO:root:train 3100 1.538863e-01 95.592148 99.500161
INFO:root:train 3150 1.538588e-01 95.596636 99.498671
INFO:root:train 3200 1.541563e-01 95.588781 99.496251
INFO:root:train 3250 1.542899e-01 95.586454 99.495828
INFO:root:train 3300 1.545776e-01 95.588931 99.489738
INFO:root:train 3350 1.550020e-01 95.582009 99.488026
INFO:root:train 3400 1.549590e-01 95.586317 99.489580
INFO:root:train 3450 1.549077e-01 95.583255 99.489731
INFO:root:train 3500 1.548277e-01 95.584297 99.490770
INFO:root:train 3550 1.545990e-01 95.588831 99.491340
INFO:root:train 3600 1.546496e-01 95.589767 99.489725
INFO:root:train_acc 95.584963
INFO:root:valid 000 3.304673e-01 92.187500 98.437500
INFO:root:valid 050 3.964382e-01 89.950980 97.886029
INFO:root:valid 100 3.767936e-01 90.470297 97.988861
INFO:root:valid 150 3.772039e-01 90.335265 97.982202
INFO:root:valid 200 3.733844e-01 90.422886 98.056592
INFO:root:valid 250 3.737541e-01 90.450697 98.032869
INFO:root:valid 300 3.741643e-01 90.401786 97.991071
INFO:root:valid 350 3.759070e-01 90.353454 97.978989
INFO:root:valid 400 3.788381e-01 90.247039 97.942643
INFO:root:valid 450 3.862799e-01 90.191935 97.855460
INFO:root:valid 500 3.886039e-01 90.163423 97.838698
INFO:root:valid 550 3.899636e-01 90.205309 97.816470
INFO:root:valid 600 3.907600e-01 90.222026 97.821339
INFO:root:test_acc 90.222326
INFO:root:epoch 12 lr 1.365024e-03
INFO:root:train 000 1.279407e-01 96.875000 100.000000
INFO:root:train 050 1.562685e-01 95.496324 99.540441
INFO:root:train 100 1.557743e-01 95.590965 99.520421
INFO:root:train 150 1.523043e-01 95.633278 99.524007
INFO:root:train 200 1.545773e-01 95.615672 99.510261
INFO:root:train 250 1.498652e-01 95.636205 99.551793
INFO:root:train 300 1.531886e-01 95.608389 99.532807
INFO:root:train 350 1.542791e-01 95.601852 99.523682
INFO:root:train 400 1.547865e-01 95.569670 99.505143
INFO:root:train 450 1.536681e-01 95.600055 99.490715
INFO:root:train 500 1.521594e-01 95.643089 99.500998
INFO:root:train 550 1.528063e-01 95.635776 99.500907
INFO:root:train 600 1.516037e-01 95.650478 99.513831
INFO:root:train 650 1.511516e-01 95.674923 99.519969
INFO:root:train 700 1.496732e-01 95.738231 99.520774
INFO:root:train 750 1.494597e-01 95.753579 99.513149
INFO:root:train 800 1.499458e-01 95.772862 99.506476
INFO:root:train 850 1.492868e-01 95.797224 99.520784
INFO:root:train 900 1.482631e-01 95.798072 99.523099
INFO:root:train 950 1.480030e-01 95.810331 99.526814
INFO:root:train 1000 1.483299e-01 95.794830 99.512987
INFO:root:train 1050 1.489985e-01 95.783777 99.509396
INFO:root:train 1100 1.494849e-01 95.773728 99.507550
INFO:root:train 1150 1.497164e-01 95.764553 99.507222
INFO:root:train 1200 1.500083e-01 95.754840 99.504319
INFO:root:train 1250 1.502897e-01 95.737160 99.506645
INFO:root:train 1300 1.508448e-01 95.726845 99.505188
INFO:root:train 1350 1.512780e-01 95.695318 99.508466
INFO:root:train 1400 1.507417e-01 95.700616 99.512625
INFO:root:train 1450 1.511578e-01 95.687242 99.517574
INFO:root:train 1500 1.511362e-01 95.693496 99.521153
INFO:root:train 1550 1.515940e-01 95.677184 99.512411
INFO:root:train 1600 1.519758e-01 95.663843 99.511048
INFO:root:train 1650 1.520197e-01 95.659827 99.512606
INFO:root:train 1700 1.520569e-01 95.659722 99.515910
INFO:root:train 1750 1.522261e-01 95.656054 99.514563
INFO:root:train 1800 1.522463e-01 95.654324 99.511556
INFO:root:train 1850 1.521295e-01 95.655220 99.509556
INFO:root:train 1900 1.523495e-01 95.648672 99.507660
INFO:root:train 1950 1.527699e-01 95.633649 99.504261
INFO:root:train 2000 1.521867e-01 95.652174 99.507278
INFO:root:train 2050 1.525571e-01 95.640846 99.502529
INFO:root:train 2100 1.524725e-01 95.640469 99.503956
INFO:root:train 2150 1.530028e-01 95.617591 99.506044
INFO:root:train 2200 1.528272e-01 95.614209 99.507326
INFO:root:train 2250 1.534351e-01 95.608896 99.502305
INFO:root:train 2300 1.529972e-01 95.624864 99.503613
INFO:root:train 2350 1.526058e-01 95.632842 99.506859
INFO:root:train 2400 1.527240e-01 95.625521 99.507367
INFO:root:train 2450 1.528962e-01 95.631247 99.507216
INFO:root:train 2500 1.533741e-01 95.626749 99.503948
INFO:root:train 2550 1.531081e-01 95.631615 99.507546
INFO:root:train 2600 1.533359e-01 95.626682 99.506200
INFO:root:train 2650 1.532868e-01 95.627240 99.506672
INFO:root:train 2700 1.532145e-01 95.631826 99.507127
INFO:root:train 2750 1.532604e-01 95.632838 99.509269
INFO:root:train 2800 1.533464e-01 95.632140 99.508546
INFO:root:train 2850 1.537374e-01 95.619958 99.505108
INFO:root:train 2900 1.535576e-01 95.627047 99.506097
INFO:root:train 2950 1.534886e-01 95.629130 99.505994
INFO:root:train 3000 1.533685e-01 95.627499 99.507977
INFO:root:train 3050 1.540801e-01 95.618752 99.504261
INFO:root:train 3100 1.538873e-01 95.628426 99.505704
INFO:root:train 3150 1.539446e-01 95.626388 99.506605
INFO:root:train 3200 1.540432e-01 95.620997 99.503085
INFO:root:train 3250 1.539446e-01 95.622981 99.503999
INFO:root:train 3300 1.539245e-01 95.628219 99.502992
INFO:root:train 3350 1.539592e-01 95.626306 99.503879
INFO:root:train 3400 1.540796e-01 95.620773 99.502444
INFO:root:train 3450 1.541560e-01 95.613137 99.504220
INFO:root:train 3500 1.542321e-01 95.614646 99.503267
INFO:root:train 3550 1.542588e-01 95.614792 99.501461
INFO:root:train 3600 1.541144e-01 95.614066 99.502742
INFO:root:train_acc 95.615949
INFO:root:valid 000 3.983844e-01 89.062500 98.437500
INFO:root:valid 050 3.900213e-01 90.012255 97.855392
INFO:root:valid 100 3.870021e-01 89.990718 97.926980
INFO:root:valid 150 3.801332e-01 90.117964 98.033940
INFO:root:valid 200 3.768403e-01 90.236318 98.118781
INFO:root:valid 250 3.824351e-01 90.251494 98.057769
INFO:root:valid 300 3.816736e-01 90.235673 98.001453
INFO:root:valid 350 3.808663e-01 90.264423 97.992343
INFO:root:valid 400 3.794319e-01 90.321072 97.977712
INFO:root:valid 450 3.850013e-01 90.254296 97.938609
INFO:root:valid 500 3.883574e-01 90.222680 97.897954
INFO:root:valid 550 3.892011e-01 90.262024 97.876021
INFO:root:valid 600 3.905727e-01 90.274022 97.865537
INFO:root:test_acc 90.274211
INFO:root:epoch 13 lr 1.030537e-03
INFO:root:train 000 1.715447e-01 96.875000 98.437500
INFO:root:train 050 1.638136e-01 95.894608 99.662990
INFO:root:train 100 1.633452e-01 95.745668 99.566832
INFO:root:train 150 1.612644e-01 95.622930 99.555050
INFO:root:train 200 1.537297e-01 95.763371 99.564677
INFO:root:train 250 1.534277e-01 95.717131 99.582918
INFO:root:train 300 1.544870e-01 95.722591 99.537998
INFO:root:train 350 1.523884e-01 95.802172 99.532585
INFO:root:train 400 1.492150e-01 95.873597 99.551901
INFO:root:train 450 1.476228e-01 95.901469 99.560006
INFO:root:train 500 1.478083e-01 95.917540 99.535304
INFO:root:train 550 1.483622e-01 95.905172 99.523593
INFO:root:train 600 1.490321e-01 95.850666 99.534630
INFO:root:train 650 1.493149e-01 95.845334 99.539171
INFO:root:train 700 1.490228e-01 95.851908 99.529690
INFO:root:train 750 1.507742e-01 95.786868 99.511069
INFO:root:train 800 1.497658e-01 95.794320 99.514279
INFO:root:train 850 1.500342e-01 95.754994 99.509768
INFO:root:train 900 1.500774e-01 95.737375 99.514428
INFO:root:train 950 1.499853e-01 95.746254 99.505455
INFO:root:train 1000 1.503952e-01 95.737075 99.502060
INFO:root:train 1050 1.519213e-01 95.676736 99.498989
INFO:root:train 1100 1.516580e-01 95.701351 99.503292
INFO:root:train 1150 1.500980e-01 95.753692 99.509937
INFO:root:train 1200 1.506856e-01 95.736626 99.512125
INFO:root:train 1250 1.508824e-01 95.725919 99.502898
INFO:root:train 1300 1.505995e-01 95.730448 99.508791
INFO:root:train 1350 1.498090e-01 95.762398 99.514249
INFO:root:train 1400 1.508022e-01 95.748572 99.508164
INFO:root:train 1450 1.513773e-01 95.731392 99.510036
INFO:root:train 1500 1.515027e-01 95.726807 99.508661
INFO:root:train 1550 1.513070e-01 95.734607 99.515434
INFO:root:train 1600 1.514991e-01 95.727280 99.514952
INFO:root:train 1650 1.515388e-01 95.725129 99.514499
INFO:root:train 1700 1.513077e-01 95.733208 99.514991
INFO:root:train 1750 1.508720e-01 95.737257 99.515455
INFO:root:train 1800 1.508253e-01 95.728935 99.511556
INFO:root:train 1850 1.502210e-01 95.743011 99.516309
INFO:root:train 1900 1.499897e-01 95.739907 99.519168
INFO:root:train 1950 1.501602e-01 95.732157 99.520278
INFO:root:train 2000 1.502409e-01 95.723232 99.521333
INFO:root:train 2050 1.500919e-01 95.723123 99.518528
INFO:root:train 2100 1.505975e-01 95.705170 99.517343
INFO:root:train 2150 1.504186e-01 95.714203 99.519845
INFO:root:train 2200 1.507063e-01 95.715726 99.519395
INFO:root:train 2250 1.510575e-01 95.707463 99.515493
INFO:root:train 2300 1.510221e-01 95.708388 99.518552
INFO:root:train 2350 1.511149e-01 95.700633 99.519486
INFO:root:train 2400 1.510537e-01 95.708168 99.519081
INFO:root:train 2450 1.514134e-01 95.698822 99.518691
INFO:root:train 2500 1.513319e-01 95.703594 99.519567
INFO:root:train 2550 1.512763e-01 95.708791 99.521634
INFO:root:train 2600 1.510697e-01 95.709583 99.520016
INFO:root:train 2650 1.510471e-01 95.712113 99.519639
INFO:root:train 2700 1.510403e-01 95.702402 99.521589
INFO:root:train 2750 1.510851e-01 95.701563 99.521765
INFO:root:train 2800 1.508902e-01 95.702986 99.523050
INFO:root:train 2850 1.513283e-01 95.696137 99.521001
INFO:root:train 2900 1.513980e-01 95.694911 99.521717
INFO:root:train 2950 1.514046e-01 95.692138 99.524526
INFO:root:train 3000 1.516216e-01 95.689458 99.522555
INFO:root:train 3050 1.514107e-01 95.696595 99.521673
INFO:root:train 3100 1.513362e-01 95.698968 99.520820
INFO:root:train 3150 1.517271e-01 95.689364 99.519498
INFO:root:train 3200 1.516826e-01 95.690312 99.519681
INFO:root:train 3250 1.516581e-01 95.696516 99.518417
INFO:root:train 3300 1.518399e-01 95.698273 99.519558
INFO:root:train 3350 1.521161e-01 95.697180 99.516469
INFO:root:train 3400 1.520758e-01 95.699794 99.516686
INFO:root:train 3450 1.523239e-01 95.693277 99.516897
INFO:root:train 3500 1.521903e-01 95.693641 99.518887
INFO:root:train 3550 1.522604e-01 95.694875 99.515541
INFO:root:train 3600 1.521062e-01 95.696074 99.516627
INFO:root:train_acc 95.689110
INFO:root:valid 000 4.232987e-01 90.625000 96.875000
INFO:root:valid 050 3.842233e-01 90.257353 97.640931
INFO:root:valid 100 3.809040e-01 90.068069 97.756807
INFO:root:valid 150 3.850608e-01 90.149007 97.764901
INFO:root:valid 200 3.803422e-01 90.158582 97.846704
INFO:root:valid 250 3.864083e-01 90.083416 97.833665
INFO:root:valid 300 3.837004e-01 90.105897 97.835341
INFO:root:valid 350 3.831774e-01 90.139779 97.840990
INFO:root:valid 400 3.848864e-01 90.063903 97.833541
INFO:root:valid 450 3.897090e-01 90.022173 97.810421
INFO:root:valid 500 3.908452e-01 90.007485 97.816866
INFO:root:valid 550 3.905313e-01 90.072028 97.788113
INFO:root:valid 600 3.916129e-01 90.081635 97.797941
INFO:root:test_acc 90.077049
INFO:root:epoch 14 lr 7.322330e-04
INFO:root:train 000 4.647620e-01 92.187500 98.437500
INFO:root:train 050 1.596529e-01 95.526961 99.325980
INFO:root:train 100 1.619844e-01 95.436262 99.489480
INFO:root:train 150 1.619672e-01 95.291805 99.492964
INFO:root:train 200 1.593189e-01 95.467973 99.448072
INFO:root:train 250 1.579626e-01 95.573954 99.445966
INFO:root:train 300 1.582573e-01 95.509759 99.465324
INFO:root:train 350 1.579166e-01 95.517272 99.483618
INFO:root:train 400 1.572965e-01 95.546291 99.493454
INFO:root:train 450 1.539091e-01 95.627772 99.525360
INFO:root:train 500 1.538936e-01 95.639970 99.532186
INFO:root:train 550 1.534378e-01 95.627269 99.540608
INFO:root:train 600 1.527708e-01 95.681676 99.537230
INFO:root:train 650 1.533436e-01 95.679724 99.543971
INFO:root:train 700 1.527347e-01 95.724857 99.536377
INFO:root:train 750 1.516761e-01 95.718209 99.540196
INFO:root:train 800 1.515933e-01 95.726046 99.535737
INFO:root:train 850 1.506001e-01 95.740306 99.544653
INFO:root:train 900 1.506013e-01 95.756451 99.543910
INFO:root:train 950 1.510367e-01 95.747897 99.544887
INFO:root:train 1000 1.507408e-01 95.743319 99.552010
INFO:root:train 1050 1.513903e-01 95.724310 99.543589
INFO:root:train 1100 1.508976e-01 95.724058 99.547287
INFO:root:train 1150 1.515274e-01 95.714325 99.539802
INFO:root:train 1200 1.514055e-01 95.723616 99.538145
INFO:root:train 1250 1.505948e-01 95.735911 99.541617
INFO:root:train 1300 1.506488e-01 95.746061 99.535213
INFO:root:train 1350 1.501944e-01 95.749676 99.538536
INFO:root:train 1400 1.498592e-01 95.760840 99.541622
INFO:root:train 1450 1.501690e-01 95.741084 99.542341
INFO:root:train 1500 1.495752e-01 95.749709 99.546136
INFO:root:train 1550 1.498803e-01 95.738636 99.552708
INFO:root:train 1600 1.492704e-01 95.751679 99.557894
INFO:root:train 1650 1.491480e-01 95.751628 99.557087
INFO:root:train 1700 1.493704e-01 95.750661 99.553571
INFO:root:train 1750 1.497034e-01 95.745288 99.545795
INFO:root:train 1800 1.492638e-01 95.754095 99.547994
INFO:root:train 1850 1.489765e-01 95.759049 99.550074
INFO:root:train 1900 1.490712e-01 95.756345 99.545469
INFO:root:train 1950 1.492100e-01 95.759386 99.546707
INFO:root:train 2000 1.494987e-01 95.759152 99.540074
INFO:root:train 2050 1.494999e-01 95.749025 99.540620
INFO:root:train 2100 1.497936e-01 95.742355 99.535935
INFO:root:train 2150 1.497023e-01 95.743259 99.540185
INFO:root:train 2200 1.498672e-01 95.743412 99.539982
INFO:root:train 2250 1.505705e-01 95.721346 99.539788
INFO:root:train 2300 1.511676e-01 95.704313 99.538244
INFO:root:train 2350 1.513855e-01 95.700633 99.536766
INFO:root:train 2400 1.512741e-01 95.708168 99.539254
INFO:root:train 2450 1.510567e-01 95.714759 99.540366
INFO:root:train 2500 1.513512e-01 95.711715 99.538310
INFO:root:train 2550 1.513980e-01 95.713691 99.533884
INFO:root:train 2600 1.510798e-01 95.711385 99.536837
INFO:root:train 2650 1.507427e-01 95.724491 99.537321
INFO:root:train 2700 1.507147e-01 95.720914 99.538365
INFO:root:train 2750 1.511387e-01 95.722578 99.535964
INFO:root:train 2800 1.509667e-01 95.724183 99.538111
INFO:root:train 2850 1.512463e-01 95.718059 99.534703
INFO:root:train 2900 1.512954e-01 95.724535 99.532489
INFO:root:train 2950 1.510798e-01 95.728143 99.536174
INFO:root:train 3000 1.512242e-01 95.719656 99.535571
INFO:root:train 3050 1.511736e-01 95.723738 99.535501
INFO:root:train 3100 1.514811e-01 95.716604 99.535936
INFO:root:train 3150 1.514553e-01 95.714654 99.534374
INFO:root:train 3200 1.514088e-01 95.715694 99.534325
INFO:root:train 3250 1.514814e-01 95.715741 99.531875
INFO:root:train 3300 1.512167e-01 95.724780 99.530445
INFO:root:train 3350 1.511186e-01 95.718162 99.531856
INFO:root:train 3400 1.511983e-01 95.714496 99.529091
INFO:root:train 3450 1.508970e-01 95.716368 99.529122
INFO:root:train 3500 1.511017e-01 95.717741 99.527813
INFO:root:train 3550 1.511336e-01 95.713355 99.526542
INFO:root:train 3600 1.510786e-01 95.714298 99.524872
INFO:root:train_acc 95.717083
INFO:root:valid 000 3.664322e-01 90.625000 98.437500
INFO:root:valid 050 3.812178e-01 90.287990 97.947304
INFO:root:valid 100 3.737695e-01 90.315594 97.957921
INFO:root:valid 150 3.743907e-01 90.387003 97.930464
INFO:root:valid 200 3.667748e-01 90.453980 98.025498
INFO:root:valid 250 3.735575e-01 90.413347 97.927042
INFO:root:valid 300 3.764673e-01 90.365449 97.887251
INFO:root:valid 350 3.766142e-01 90.380164 97.867699
INFO:root:valid 400 3.774233e-01 90.395106 97.841334
INFO:root:valid 450 3.843757e-01 90.275083 97.786170
INFO:root:valid 500 3.862091e-01 90.266342 97.779441
INFO:root:valid 550 3.871315e-01 90.293217 97.762591
INFO:root:valid 600 3.878930e-01 90.284422 97.774542
INFO:root:test_acc 90.281993
INFO:root:epoch 15 lr 4.774575e-04
INFO:root:train 000 1.728346e-01 90.625000 100.000000
INFO:root:train 050 1.312512e-01 96.262255 99.601716
INFO:root:train 100 1.390740e-01 96.055074 99.566832
INFO:root:train 150 1.469921e-01 95.923013 99.492964
INFO:root:train 200 1.504740e-01 95.841107 99.440299
INFO:root:train 250 1.519132e-01 95.760707 99.477092
INFO:root:train 300 1.517957e-01 95.816030 99.486088
INFO:root:train 350 1.519469e-01 95.730947 99.523682
INFO:root:train 400 1.508989e-01 95.752805 99.493454
INFO:root:train 450 1.536285e-01 95.693598 99.459534
INFO:root:train 500 1.546966e-01 95.649326 99.466692
INFO:root:train 550 1.531790e-01 95.698162 99.478221
INFO:root:train 600 1.525687e-01 95.736273 99.487833
INFO:root:train 650 1.530493e-01 95.715726 99.486367
INFO:root:train 700 1.543271e-01 95.666904 99.476195
INFO:root:train 750 1.550743e-01 95.628745 99.477780
INFO:root:train 800 1.538023e-01 95.663624 99.486969
INFO:root:train 850 1.529696e-01 95.663190 99.498751
INFO:root:train 900 1.517092e-01 95.688818 99.509226
INFO:root:train 950 1.536489e-01 95.677248 99.500526
INFO:root:train 1000 1.537873e-01 95.704296 99.495817
INFO:root:train 1050 1.546232e-01 95.699037 99.490069
INFO:root:train 1100 1.545740e-01 95.692836 99.487682
INFO:root:train 1150 1.543671e-01 95.687174 99.489574
INFO:root:train 1200 1.543332e-01 95.708004 99.484804
INFO:root:train 1250 1.547291e-01 95.685951 99.485412
INFO:root:train 1300 1.548320e-01 95.695619 99.479967
INFO:root:train 1350 1.547726e-01 95.691849 99.478396
INFO:root:train 1400 1.546828e-01 95.697270 99.473590
INFO:root:train 1450 1.544152e-01 95.677550 99.472347
INFO:root:train 1500 1.542062e-01 95.693496 99.473268
INFO:root:train 1550 1.542471e-01 95.716473 99.475137
INFO:root:train 1600 1.542768e-01 95.724352 99.477865
INFO:root:train 1650 1.534144e-01 95.735539 99.481375
INFO:root:train 1700 1.529893e-01 95.745150 99.483760
INFO:root:train 1750 1.528410e-01 95.750642 99.486008
INFO:root:train 1800 1.523622e-01 95.761036 99.489867
INFO:root:train 1850 1.524489e-01 95.756517 99.491829
INFO:root:train 1900 1.524910e-01 95.750592 99.495331
INFO:root:train 1950 1.522016e-01 95.752178 99.496252
INFO:root:train 2000 1.524249e-01 95.738068 99.496346
INFO:root:train 2050 1.524864e-01 95.737598 99.495673
INFO:root:train 2100 1.528852e-01 95.731943 99.489826
INFO:root:train 2150 1.532255e-01 95.726552 99.489336
INFO:root:train 2200 1.527851e-01 95.732054 99.492418
INFO:root:train 2250 1.527343e-01 95.736617 99.493281
INFO:root:train 2300 1.524243e-01 95.735550 99.494785
INFO:root:train 2350 1.526243e-01 95.721236 99.493567
INFO:root:train 2400 1.525298e-01 95.721184 99.495002
INFO:root:train 2450 1.525934e-01 95.717947 99.493829
INFO:root:train 2500 1.526383e-01 95.702344 99.498326
INFO:root:train 2550 1.525898e-01 95.703278 99.499583
INFO:root:train 2600 1.523384e-01 95.706579 99.498390
INFO:root:train 2650 1.523075e-01 95.702094 99.497831
INFO:root:train 2700 1.527497e-01 95.699509 99.492665
INFO:root:train 2750 1.525102e-01 95.700427 99.493366
INFO:root:train 2800 1.520814e-01 95.711353 99.494600
INFO:root:train 2850 1.520923e-01 95.699974 99.496339
INFO:root:train 2900 1.514925e-01 95.707299 99.500711
INFO:root:train 2950 1.512131e-01 95.711729 99.500169
INFO:root:train 3000 1.510759e-01 95.720177 99.498605
INFO:root:train 3050 1.512799e-01 95.717593 99.498115
INFO:root:train 3100 1.511403e-01 95.716604 99.498650
INFO:root:train 3150 1.511302e-01 95.715646 99.497679
INFO:root:train 3200 1.513170e-01 95.711301 99.499668
INFO:root:train 3250 1.513170e-01 95.713338 99.497751
INFO:root:train 3300 1.517170e-01 95.697800 99.493998
INFO:root:train 3350 1.513957e-01 95.703242 99.496885
INFO:root:train 3400 1.512134e-01 95.710820 99.498309
INFO:root:train 3450 1.514675e-01 95.708219 99.495164
INFO:root:train 3500 1.512440e-01 95.709708 99.496126
INFO:root:train 3550 1.510927e-01 95.716876 99.497501
INFO:root:train 3600 1.510636e-01 95.720807 99.499705
INFO:root:train_acc 95.720956
INFO:root:valid 000 4.433794e-01 89.062500 98.437500
INFO:root:valid 050 3.902624e-01 90.042892 97.763480
INFO:root:valid 100 3.758718e-01 90.346535 97.973391
INFO:root:valid 150 3.743173e-01 90.345613 97.982202
INFO:root:valid 200 3.686457e-01 90.415112 98.048818
INFO:root:valid 250 3.723936e-01 90.413347 97.970618
INFO:root:valid 300 3.709173e-01 90.515988 97.944352
INFO:root:valid 350 3.710726e-01 90.549323 97.921118
INFO:root:valid 400 3.729648e-01 90.480829 97.891989
INFO:root:valid 450 3.784038e-01 90.399806 97.886641
INFO:root:valid 500 3.809402e-01 90.387974 97.891717
INFO:root:valid 550 3.818459e-01 90.406647 97.859006
INFO:root:valid 600 3.820466e-01 90.427413 97.862937
INFO:root:test_acc 90.422082
INFO:root:epoch 16 lr 2.724837e-04
INFO:root:train 000 3.934145e-01 92.187500 98.437500
INFO:root:train 050 1.567972e-01 95.649510 99.571078
INFO:root:train 100 1.546713e-01 95.699257 99.535891
INFO:root:train 150 1.560724e-01 95.643626 99.555050
INFO:root:train 200 1.530807e-01 95.708955 99.564677
INFO:root:train 250 1.510879e-01 95.673556 99.564243
INFO:root:train 300 1.520118e-01 95.691445 99.548380
INFO:root:train 350 1.549233e-01 95.637464 99.528134
INFO:root:train 400 1.534487e-01 95.694358 99.524626
INFO:root:train 450 1.532783e-01 95.690133 99.514967
INFO:root:train 500 1.523221e-01 95.661801 99.522829
INFO:root:train 550 1.526888e-01 95.666969 99.526429
INFO:root:train 600 1.516125e-01 95.686876 99.511231
INFO:root:train 650 1.521158e-01 95.689324 99.507969
INFO:root:train 700 1.507836e-01 95.713713 99.523003
INFO:root:train 750 1.495652e-01 95.732773 99.529794
INFO:root:train 800 1.484486e-01 95.778714 99.533786
INFO:root:train 850 1.478721e-01 95.784371 99.533637
INFO:root:train 900 1.465160e-01 95.836224 99.538707
INFO:root:train 950 1.462121e-01 95.849763 99.531743
INFO:root:train 1000 1.452232e-01 95.858829 99.536401
INFO:root:train 1050 1.456784e-01 95.856625 99.533183
INFO:root:train 1100 1.454827e-01 95.880166 99.533095
INFO:root:train 1150 1.449617e-01 95.888086 99.537087
INFO:root:train 1200 1.448979e-01 95.896649 99.538145
INFO:root:train 1250 1.451170e-01 95.878297 99.530376
INFO:root:train 1300 1.455250e-01 95.879372 99.520801
INFO:root:train 1350 1.455192e-01 95.881523 99.522345
INFO:root:train 1400 1.458919e-01 95.869022 99.519317
INFO:root:train 1450 1.461596e-01 95.862767 99.519728
INFO:root:train 1500 1.462907e-01 95.872543 99.519071
INFO:root:train 1550 1.476485e-01 95.850459 99.508382
INFO:root:train 1600 1.476569e-01 95.850250 99.507144
INFO:root:train 1650 1.480001e-01 95.844375 99.503142
INFO:root:train 1700 1.483936e-01 95.834252 99.501213
INFO:root:train 1750 1.480850e-01 95.841662 99.503855
INFO:root:train 1800 1.485004e-01 95.826971 99.502880
INFO:root:train 1850 1.490234e-01 95.804633 99.501958
INFO:root:train 1900 1.488901e-01 95.809771 99.501907
INFO:root:train 1950 1.491875e-01 95.814646 99.495451
INFO:root:train 2000 1.493372e-01 95.815374 99.494003
INFO:root:train 2050 1.493830e-01 95.806923 99.494149
INFO:root:train 2100 1.497330e-01 95.804825 99.492801
INFO:root:train 2150 1.493964e-01 95.814447 99.498053
INFO:root:train 2200 1.496611e-01 95.808013 99.500937
INFO:root:train 2250 1.494860e-01 95.812278 99.504387
INFO:root:train 2300 1.493790e-01 95.810246 99.507687
INFO:root:train 2350 1.492745e-01 95.802318 99.509517
INFO:root:train 2400 1.498665e-01 95.779102 99.505414
INFO:root:train 2450 1.497229e-01 95.779784 99.507854
INFO:root:train 2500 1.500275e-01 95.776065 99.504573
INFO:root:train 2550 1.505301e-01 95.759629 99.501421
INFO:root:train 2600 1.502517e-01 95.766052 99.504998
INFO:root:train 2650 1.508187e-01 95.750424 99.501367
INFO:root:train 2700 1.508592e-01 95.748681 99.500185
INFO:root:train 2750 1.503263e-01 95.757793 99.504158
INFO:root:train 2800 1.503193e-01 95.757654 99.507430
INFO:root:train 2850 1.504885e-01 95.754231 99.502916
INFO:root:train 2900 1.507340e-01 95.745002 99.504481
INFO:root:train 2950 1.508023e-01 95.744027 99.502287
INFO:root:train 3000 1.507165e-01 95.745689 99.502770
INFO:root:train 3050 1.507713e-01 95.745760 99.503749
INFO:root:train 3100 1.507176e-01 95.744820 99.506208
INFO:root:train 3150 1.504865e-01 95.748869 99.508093
INFO:root:train 3200 1.504319e-01 95.748399 99.508454
INFO:root:train 3250 1.505264e-01 95.744579 99.507844
INFO:root:train 3300 1.508432e-01 95.731407 99.507252
INFO:root:train 3350 1.509414e-01 95.731218 99.504812
INFO:root:train 3400 1.511743e-01 95.729197 99.501525
INFO:root:train 3450 1.509502e-01 95.736290 99.502409
INFO:root:train 3500 1.511570e-01 95.726667 99.501035
INFO:root:train 3550 1.511021e-01 95.726556 99.499701
INFO:root:train 3600 1.509901e-01 95.729919 99.500139
INFO:root:train_acc 95.732146
INFO:root:valid 000 4.159235e-01 92.187500 96.875000
INFO:root:valid 050 3.875913e-01 89.797794 98.008578
INFO:root:valid 100 3.824172e-01 90.160891 97.988861
INFO:root:valid 150 3.804351e-01 90.180050 97.982202
INFO:root:valid 200 3.725380e-01 90.352923 98.056592
INFO:root:valid 250 3.754747e-01 90.276394 97.970618
INFO:root:valid 300 3.728216e-01 90.396595 97.949543
INFO:root:valid 350 3.731188e-01 90.389067 97.938925
INFO:root:valid 400 3.746942e-01 90.367830 97.903678
INFO:root:valid 450 3.801638e-01 90.288941 97.865854
INFO:root:valid 500 3.823320e-01 90.269461 97.841816
INFO:root:valid 550 3.825854e-01 90.332917 97.810799
INFO:root:valid 600 3.825977e-01 90.339018 97.844738
INFO:root:test_acc 90.333878
INFO:root:epoch 17 lr 1.223587e-04
INFO:root:train 000 1.135739e-01 96.875000 98.437500
INFO:root:train 050 1.573659e-01 96.078431 99.540441
INFO:root:train 100 1.439527e-01 96.147896 99.582302
INFO:root:train 150 1.437467e-01 96.067881 99.534354
INFO:root:train 200 1.421775e-01 96.043221 99.580224
INFO:root:train 250 1.432148e-01 95.991036 99.570468
INFO:root:train 300 1.421267e-01 95.956188 99.574336
INFO:root:train 350 1.446113e-01 95.962429 99.559295
INFO:root:train 400 1.458328e-01 95.959320 99.555798
INFO:root:train 450 1.465329e-01 95.970759 99.549612
INFO:root:train 500 1.467310e-01 95.989271 99.538423
INFO:root:train 550 1.461303e-01 95.973230 99.543444
INFO:root:train 600 1.464619e-01 95.967658 99.532030
INFO:root:train 650 1.469570e-01 95.950941 99.519969
INFO:root:train 700 1.483893e-01 95.892029 99.514087
INFO:root:train 750 1.490176e-01 95.876332 99.515230
INFO:root:train 800 1.485911e-01 95.864544 99.514279
INFO:root:train 850 1.477764e-01 95.883519 99.520784
INFO:root:train 900 1.489338e-01 95.869173 99.512694
INFO:root:train 950 1.485181e-01 95.846477 99.515313
INFO:root:train 1000 1.495706e-01 95.824488 99.503621
INFO:root:train 1050 1.501813e-01 95.801618 99.501962
INFO:root:train 1100 1.496856e-01 95.829076 99.507550
INFO:root:train 1150 1.494950e-01 95.826998 99.507222
INFO:root:train 1200 1.490878e-01 95.843308 99.504319
INFO:root:train 1250 1.492933e-01 95.823341 99.506645
INFO:root:train 1300 1.490888e-01 95.804910 99.518399
INFO:root:train 1350 1.488914e-01 95.814443 99.509623
INFO:root:train 1400 1.486860e-01 95.812143 99.514855
INFO:root:train 1450 1.482021e-01 95.821847 99.514344
INFO:root:train 1500 1.482051e-01 95.814249 99.516989
INFO:root:train 1550 1.476955e-01 95.824267 99.521478
INFO:root:train 1600 1.480615e-01 95.811212 99.515928
INFO:root:train 1650 1.476153e-01 95.817876 99.520177
INFO:root:train 1700 1.477886e-01 95.811287 99.514073
INFO:root:train 1750 1.479617e-01 95.820246 99.512778
INFO:root:train 1800 1.484134e-01 95.821766 99.506351
INFO:root:train 1850 1.483775e-01 95.818983 99.504491
INFO:root:train 1900 1.482597e-01 95.822922 99.509304
INFO:root:train 1950 1.481634e-01 95.824257 99.508265
INFO:root:train 2000 1.487589e-01 95.817716 99.511182
INFO:root:train 2050 1.484771e-01 95.800067 99.517004
INFO:root:train 2100 1.480047e-01 95.808544 99.516599
INFO:root:train 2150 1.482723e-01 95.817352 99.518393
INFO:root:train 2200 1.479532e-01 95.819372 99.517975
INFO:root:train 2250 1.480372e-01 95.815054 99.518964
INFO:root:train 2300 1.483010e-01 95.812283 99.524663
INFO:root:train 2350 1.486955e-01 95.791684 99.526132
INFO:root:train 2400 1.488283e-01 95.783658 99.525588
INFO:root:train 2450 1.486009e-01 95.791259 99.525704
INFO:root:train 2500 1.486610e-01 95.790434 99.526439
INFO:root:train 2550 1.482141e-01 95.802504 99.528371
INFO:root:train 2600 1.480809e-01 95.799092 99.527225
INFO:root:train 2650 1.484102e-01 95.789325 99.527301
INFO:root:train 2700 1.479896e-01 95.799588 99.529110
INFO:root:train 2750 1.476847e-01 95.803799 99.530852
INFO:root:train 2800 1.476752e-01 95.801723 99.528070
INFO:root:train 2850 1.472527e-01 95.809036 99.531962
INFO:root:train 2900 1.480345e-01 95.791861 99.530873
INFO:root:train 2950 1.479932e-01 95.780032 99.534056
INFO:root:train 3000 1.478210e-01 95.788383 99.536092
INFO:root:train 3050 1.478077e-01 95.790827 99.536013
INFO:root:train 3100 1.477664e-01 95.791680 99.535432
INFO:root:train 3150 1.475720e-01 95.796473 99.536853
INFO:root:train 3200 1.474326e-01 95.802093 99.538718
INFO:root:train 3250 1.473425e-01 95.804176 99.539565
INFO:root:train 3300 1.477733e-01 95.793415 99.537545
INFO:root:train 3350 1.477579e-01 95.788104 99.538850
INFO:root:train 3400 1.479631e-01 95.785247 99.535523
INFO:root:train 3450 1.482052e-01 95.776134 99.535461
INFO:root:train 3500 1.484025e-01 95.771297 99.534508
INFO:root:train 3550 1.485692e-01 95.769238 99.533142
INFO:root:train 3600 1.486450e-01 95.766801 99.530512
INFO:root:train_acc 95.767435
INFO:root:valid 000 4.203590e-01 89.062500 96.875000
INFO:root:valid 050 3.867601e-01 89.889706 97.855392
INFO:root:valid 100 3.772234e-01 90.423886 97.787748
INFO:root:valid 150 3.744797e-01 90.335265 97.806291
INFO:root:valid 200 3.697718e-01 90.438433 97.885572
INFO:root:valid 250 3.741896e-01 90.388446 97.852341
INFO:root:valid 300 3.748862e-01 90.427741 97.778239
INFO:root:valid 350 3.738985e-01 90.482550 97.765313
INFO:root:valid 400 3.736916e-01 90.465243 97.767300
INFO:root:valid 450 3.775560e-01 90.396341 97.734202
INFO:root:valid 500 3.798434e-01 90.422280 97.723303
INFO:root:valid 550 3.801981e-01 90.471869 97.708711
INFO:root:valid 600 3.811444e-01 90.450811 97.722546
INFO:root:test_acc 90.442836
INFO:root:epoch 18 lr 3.077915e-05
INFO:root:train 000 1.686269e-01 98.437500 98.437500
INFO:root:train 050 1.476177e-01 95.925245 99.509804
INFO:root:train 100 1.422003e-01 95.977723 99.535891
INFO:root:train 150 1.461762e-01 95.881623 99.575745
INFO:root:train 200 1.476448e-01 95.942164 99.564677
INFO:root:train 250 1.450928e-01 96.003486 99.564243
INFO:root:train 300 1.426493e-01 96.008098 99.584718
INFO:root:train 350 1.439388e-01 95.949074 99.586004
INFO:root:train 400 1.442891e-01 95.955424 99.583074
INFO:root:train 450 1.443303e-01 95.925721 99.594651
INFO:root:train 500 1.455678e-01 95.861402 99.588323
INFO:root:train 550 1.441421e-01 95.879651 99.591652
INFO:root:train 600 1.460873e-01 95.845466 99.555428
INFO:root:train 650 1.475739e-01 95.816532 99.539171
INFO:root:train 700 1.463934e-01 95.818474 99.538606
INFO:root:train 750 1.473679e-01 95.786868 99.529794
INFO:root:train 800 1.471841e-01 95.821629 99.537687
INFO:root:train 850 1.482669e-01 95.821093 99.528129
INFO:root:train 900 1.476263e-01 95.824084 99.538707
INFO:root:train 950 1.466173e-01 95.869479 99.538315
INFO:root:train 1000 1.466130e-01 95.861951 99.536401
INFO:root:train 1050 1.479438e-01 95.828378 99.530209
INFO:root:train 1100 1.477341e-01 95.813465 99.535933
INFO:root:train 1150 1.474191e-01 95.809351 99.535730
INFO:root:train 1200 1.489542e-01 95.760044 99.527737
INFO:root:train 1250 1.486701e-01 95.760891 99.531625
INFO:root:train 1300 1.485112e-01 95.741257 99.531610
INFO:root:train 1350 1.486869e-01 95.746207 99.526971
INFO:root:train 1400 1.487304e-01 95.747457 99.534930
INFO:root:train 1450 1.490879e-01 95.743237 99.533727
INFO:root:train 1500 1.488582e-01 95.750750 99.532603
INFO:root:train 1550 1.488227e-01 95.745688 99.529537
INFO:root:train 1600 1.486531e-01 95.755582 99.529591
INFO:root:train 1650 1.482514e-01 95.771502 99.531534
INFO:root:train 1700 1.479192e-01 95.771789 99.531526
INFO:root:train 1750 1.479760e-01 95.761351 99.538656
INFO:root:train 1800 1.476937e-01 95.767109 99.538451
INFO:root:train 1850 1.472861e-01 95.780153 99.536568
INFO:root:train 1900 1.470717e-01 95.788401 99.541360
INFO:root:train 1950 1.468706e-01 95.792222 99.542702
INFO:root:train 2000 1.467170e-01 95.788824 99.543197
INFO:root:train 2050 1.465387e-01 95.797782 99.542144
INFO:root:train 2100 1.467941e-01 95.786976 99.538910
INFO:root:train 2150 1.468675e-01 95.787570 99.538732
INFO:root:train 2200 1.467946e-01 95.786716 99.537142
INFO:root:train 2250 1.468957e-01 95.774795 99.532152
INFO:root:train 2300 1.468270e-01 95.779688 99.532812
INFO:root:train 2350 1.470719e-01 95.773740 99.528791
INFO:root:train 2400 1.471743e-01 95.780404 99.522985
INFO:root:train 2450 1.478041e-01 95.768309 99.519966
INFO:root:train 2500 1.479879e-01 95.765444 99.516443
INFO:root:train 2550 1.475906e-01 95.774329 99.519184
INFO:root:train 2600 1.476517e-01 95.772660 99.520016
INFO:root:train 2650 1.473938e-01 95.785788 99.520818
INFO:root:train 2700 1.470845e-01 95.795539 99.520432
INFO:root:train 2750 1.473707e-01 95.787327 99.522333
INFO:root:train 2800 1.477273e-01 95.781640 99.518587
INFO:root:train 2850 1.476369e-01 95.791499 99.521001
INFO:root:train 2900 1.475372e-01 95.790245 99.519562
INFO:root:train 2950 1.475509e-01 95.793269 99.521349
INFO:root:train 3000 1.474160e-01 95.799838 99.522555
INFO:root:train 3050 1.477262e-01 95.799533 99.518600
INFO:root:train 3100 1.478501e-01 95.801254 99.518804
INFO:root:train 3150 1.483078e-01 95.789531 99.516523
INFO:root:train 3200 1.480487e-01 95.796724 99.516264
INFO:root:train 3250 1.479661e-01 95.793121 99.517937
INFO:root:train 3300 1.480474e-01 95.791995 99.518138
INFO:root:train 3350 1.479178e-01 95.793233 99.519267
INFO:root:train 3400 1.479800e-01 95.796733 99.519902
INFO:root:train 3450 1.477795e-01 95.800130 99.520519
INFO:root:train 3500 1.477299e-01 95.798076 99.522458
INFO:root:train 3550 1.478749e-01 95.796959 99.520822
INFO:root:train 3600 1.480512e-01 95.785893 99.521834
INFO:root:train_acc 95.786371
INFO:root:valid 000 3.491326e-01 89.062500 98.437500
INFO:root:valid 050 4.008339e-01 90.134804 97.916667
INFO:root:valid 100 3.768986e-01 90.578589 98.050743
INFO:root:valid 150 3.728243e-01 90.562914 97.992550
INFO:root:valid 200 3.678505e-01 90.656095 98.095460
INFO:root:valid 250 3.720489e-01 90.556524 98.076444
INFO:root:valid 300 3.717819e-01 90.510797 98.037791
INFO:root:valid 350 3.735945e-01 90.522614 98.010150
INFO:root:valid 400 3.734381e-01 90.515898 97.966022
INFO:root:valid 450 3.776078e-01 90.472561 97.910892
INFO:root:valid 500 3.792101e-01 90.475299 97.882360
INFO:root:valid 550 3.796773e-01 90.531420 97.856171
INFO:root:valid 600 3.801786e-01 90.502808 97.839538
INFO:root:test_acc 90.499909
INFO:root:epoch 19 lr 0.000000e+00
INFO:root:train 000 8.225036e-02 98.437500 100.000000
INFO:root:train 050 1.517500e-01 96.109069 99.325980
INFO:root:train 100 1.515022e-01 95.962252 99.396658
INFO:root:train 150 1.546895e-01 95.788493 99.368791
INFO:root:train 200 1.574698e-01 95.638993 99.370336
INFO:root:train 250 1.552065e-01 95.648655 99.402390
INFO:root:train 300 1.551737e-01 95.556478 99.439369
INFO:root:train 350 1.530350e-01 95.570691 99.492521
INFO:root:train 400 1.533125e-01 95.546291 99.505143
INFO:root:train 450 1.540216e-01 95.555017 99.504573
INFO:root:train 500 1.555625e-01 95.546407 99.507236
INFO:root:train 550 1.528524e-01 95.607418 99.517922
INFO:root:train 600 1.525788e-01 95.588082 99.508631
INFO:root:train 650 1.506713e-01 95.665323 99.515169
INFO:root:train 700 1.499072e-01 95.662447 99.531919
INFO:root:train 750 1.493673e-01 95.687001 99.536035
INFO:root:train 800 1.498266e-01 95.663624 99.527934
INFO:root:train 850 1.499833e-01 95.681551 99.522620
INFO:root:train 900 1.492973e-01 95.687084 99.523099
INFO:root:train 950 1.493111e-01 95.693678 99.528457
INFO:root:train 1000 1.503645e-01 95.657468 99.522353
INFO:root:train 1050 1.499388e-01 95.667816 99.527236
INFO:root:train 1100 1.505527e-01 95.657357 99.527418
INFO:root:train 1150 1.499923e-01 95.679029 99.524870
INFO:root:train 1200 1.499178e-01 95.704101 99.519931
INFO:root:train 1250 1.501295e-01 95.714678 99.519135
INFO:root:train 1300 1.495812e-01 95.732850 99.519600
INFO:root:train 1350 1.502258e-01 95.726545 99.514249
INFO:root:train 1400 1.501545e-01 95.719575 99.513740
INFO:root:train 1450 1.499812e-01 95.729238 99.511113
INFO:root:train 1500 1.506335e-01 95.726807 99.503456
INFO:root:train 1550 1.508306e-01 95.730577 99.500322
INFO:root:train 1600 1.501773e-01 95.748751 99.508120
INFO:root:train 1650 1.506785e-01 95.729861 99.501249
INFO:root:train 1700 1.501584e-01 95.754336 99.503050
INFO:root:train 1750 1.498563e-01 95.761351 99.500286
INFO:root:train 1800 1.497678e-01 95.762771 99.499410
INFO:root:train 1850 1.495858e-01 95.760737 99.502803
INFO:root:train 1900 1.495595e-01 95.753058 99.501085
INFO:root:train 1950 1.496784e-01 95.752178 99.500256
INFO:root:train 2000 1.497367e-01 95.759933 99.502592
INFO:root:train 2050 1.493918e-01 95.764261 99.507862
INFO:root:train 2100 1.490196e-01 95.766153 99.510650
INFO:root:train 2150 1.487285e-01 95.774494 99.512581
INFO:root:train 2200 1.488964e-01 95.765419 99.513005
INFO:root:train 2250 1.489948e-01 95.760912 99.508552
INFO:root:train 2300 1.488544e-01 95.774935 99.508366
INFO:root:train 2350 1.486814e-01 95.775069 99.509517
INFO:root:train 2400 1.481822e-01 95.786912 99.513224
INFO:root:train 2450 1.480661e-01 95.790621 99.512954
INFO:root:train 2500 1.477474e-01 95.801679 99.515194
INFO:root:train 2550 1.479671e-01 95.798829 99.512446
INFO:root:train 2600 1.479882e-01 95.800293 99.511606
INFO:root:train 2650 1.482609e-01 95.802292 99.507261
INFO:root:train 2700 1.481783e-01 95.804795 99.507705
slurmstepd-metagpu2: error: *** JOB 3448965 ON metagpu2 CANCELLED AT 2019-09-13T12:21:39 ***
