Workingdir: /home/rkohli/aml-project/src
Started at Thu Sep 12 20:56:13 CEST 2019
Running job combined-all using 2 cpus per node with given JID 3427331 on queue meta_gpu-black
DIRECT Version 2.0.4
 Problem Dimension n                    :      7
 Eps value                              :   0.1000E-03
 Epsilon is constant.
 Maximum number of f-evaluations (maxf) :    400
 Maximum number of iterations (MaxT)    :    200
 Value of f_global                      :  -0.1000+101
 Global percentage wanted               :   0.1000E-01
 Volume percentage wanted               :  -0.1000E+01
 Measure percentage wanted              :  -0.1000E+01
 Jones original DIRECT algorithm is used.
Bounds on variable x 1    :      0.00000 <= xi <=      0.40000
Bounds on variable x 2    :      4.00000 <= xi <=      8.00000
Bounds on variable x 3    :      0.00000 <= xi <=      0.10000
Bounds on variable x 4    :      0.00000 <= xi <=      2.00000
Bounds on variable x 5    :      3.00000 <= xi <=      6.00000
Bounds on variable x 6    :      0.00000 <= xi <=      3.00000
Bounds on variable x 7    :      0.00001 <= xi <=      0.00100
---------------------------------------------------------------------------
   15 &                NaN &                NaN \\\\ 
DIRECT stopped: numfunc >= maxf.
DIRECT Version 2.0.4
 Problem Dimension n                    :      7
 Eps value                              :   0.1000E-03
 Epsilon is constant.
 Maximum number of f-evaluations (maxf) :    400
 Maximum number of iterations (MaxT)    :    200
 Value of f_global                      :  -0.1000+101
 Global percentage wanted               :   0.1000E-01
 Volume percentage wanted               :  -0.1000E+01
 Measure percentage wanted              :  -0.1000E+01
 Jones original DIRECT algorithm is used.
Bounds on variable x 1    :      0.00000 <= xi <=      0.40000
Bounds on variable x 2    :      4.00000 <= xi <=      8.00000
Bounds on variable x 3    :      0.00000 <= xi <=      0.10000
Bounds on variable x 4    :      0.00000 <= xi <=      2.00000
Bounds on variable x 5    :      3.00000 <= xi <=      6.00000
Bounds on variable x 6    :      0.00000 <= xi <=      3.00000
Bounds on variable x 7    :      0.00001 <= xi <=      0.00100
---------------------------------------------------------------------------
   15 &                NaN &                NaN \\\\ 
DIRECT stopped: numfunc >= maxf.
DIRECT Version 2.0.4
 Problem Dimension n                    :      7
 Eps value                              :   0.1000E-03
 Epsilon is constant.
 Maximum number of f-evaluations (maxf) :    400
 Maximum number of iterations (MaxT)    :    200
 Value of f_global                      :  -0.1000+101
 Global percentage wanted               :   0.1000E-01
 Volume percentage wanted               :  -0.1000E+01
 Measure percentage wanted              :  -0.1000E+01
 Jones original DIRECT algorithm is used.
Bounds on variable x 1    :      0.00000 <= xi <=      0.40000
Bounds on variable x 2    :      4.00000 <= xi <=      8.00000
Bounds on variable x 3    :      0.00000 <= xi <=      0.10000
Bounds on variable x 4    :      0.00000 <= xi <=      2.00000
Bounds on variable x 5    :      3.00000 <= xi <=      6.00000
Bounds on variable x 6    :      0.00000 <= xi <=      3.00000
Bounds on variable x 7    :      0.00001 <= xi <=      0.00100
---------------------------------------------------------------------------
   15 &                NaN &                NaN \\\\ 
DIRECT stopped: numfunc >= maxf.
DIRECT Version 2.0.4
 Problem Dimension n                    :      7
 Eps value                              :   0.1000E-03
 Epsilon is constant.
 Maximum number of f-evaluations (maxf) :    400
 Maximum number of iterations (MaxT)    :    200
 Value of f_global                      :  -0.1000+101
 Global percentage wanted               :   0.1000E-01
 Volume percentage wanted               :  -0.1000E+01
 Measure percentage wanted              :  -0.1000E+01
 Jones original DIRECT algorithm is used.
Bounds on variable x 1    :      0.00000 <= xi <=      0.40000
Bounds on variable x 2    :      4.00000 <= xi <=      8.00000
Bounds on variable x 3    :      0.00000 <= xi <=      0.10000
Bounds on variable x 4    :      0.00000 <= xi <=      2.00000
Bounds on variable x 5    :      3.00000 <= xi <=      6.00000
Bounds on variable x 6    :      0.00000 <= xi <=      3.00000
Bounds on variable x 7    :      0.00001 <= xi <=      0.00100
---------------------------------------------------------------------------
   15 &                NaN &                NaN \\\\ 
DIRECT stopped: numfunc >= maxf.
DIRECT Version 2.0.4
 Problem Dimension n                    :      7
 Eps value                              :   0.1000E-03
 Epsilon is constant.
 Maximum number of f-evaluations (maxf) :    400
 Maximum number of iterations (MaxT)    :    200
 Value of f_global                      :  -0.1000+101
 Global percentage wanted               :   0.1000E-01
 Volume percentage wanted               :  -0.1000E+01
 Measure percentage wanted              :  -0.1000E+01
 Jones original DIRECT algorithm is used.
Bounds on variable x 1    :      0.00000 <= xi <=      0.40000
Bounds on variable x 2    :      4.00000 <= xi <=      8.00000
Bounds on variable x 3    :      0.00000 <= xi <=      0.10000
Bounds on variable x 4    :      0.00000 <= xi <=      2.00000
Bounds on variable x 5    :      3.00000 <= xi <=      6.00000
Bounds on variable x 6    :      0.00000 <= xi <=      3.00000
Bounds on variable x 7    :      0.00001 <= xi <=      0.00100
---------------------------------------------------------------------------
   15 &                NaN &                NaN \\\\ 
DIRECT stopped: numfunc >= maxf.
DIRECT Version 2.0.4
 Problem Dimension n                    :      7
 Eps value                              :   0.1000E-03
 Epsilon is constant.
 Maximum number of f-evaluations (maxf) :    400
 Maximum number of iterations (MaxT)    :    200
 Value of f_global                      :  -0.1000+101
 Global percentage wanted               :   0.1000E-01
 Volume percentage wanted               :  -0.1000E+01
 Measure percentage wanted              :  -0.1000E+01
 Jones original DIRECT algorithm is used.
Bounds on variable x 1    :      0.00000 <= xi <=      0.40000
Bounds on variable x 2    :      4.00000 <= xi <=      8.00000
Bounds on variable x 3    :      0.00000 <= xi <=      0.10000
Bounds on variable x 4    :      0.00000 <= xi <=      2.00000
Bounds on variable x 5    :      3.00000 <= xi <=      6.00000
Bounds on variable x 6    :      0.00000 <= xi <=      3.00000
Bounds on variable x 7    :      0.00001 <= xi <=      0.00100
---------------------------------------------------------------------------
   15 &                NaN &                NaN \\\\ 
DIRECT stopped: numfunc >= maxf.
DIRECT Version 2.0.4
 Problem Dimension n                    :      7
 Eps value                              :   0.1000E-03
 Epsilon is constant.
 Maximum number of f-evaluations (maxf) :    400
 Maximum number of iterations (MaxT)    :    200
 Value of f_global                      :  -0.1000+101
 Global percentage wanted               :   0.1000E-01
 Volume percentage wanted               :  -0.1000E+01
 Measure percentage wanted              :  -0.1000E+01
 Jones original DIRECT algorithm is used.
Bounds on variable x 1    :      0.00000 <= xi <=      0.40000
Bounds on variable x 2    :      4.00000 <= xi <=      8.00000
Bounds on variable x 3    :      0.00000 <= xi <=      0.10000
Bounds on variable x 4    :      0.00000 <= xi <=      2.00000
Bounds on variable x 5    :      3.00000 <= xi <=      6.00000
Bounds on variable x 6    :      0.00000 <= xi <=      3.00000
Bounds on variable x 7    :      0.00001 <= xi <=      0.00100
---------------------------------------------------------------------------
   15 &                NaN &                NaN \\\\ 
DIRECT stopped: numfunc >= maxf.
DIRECT Version 2.0.4
 Problem Dimension n                    :      7
 Eps value                              :   0.1000E-03
 Epsilon is constant.
 Maximum number of f-evaluations (maxf) :    400
 Maximum number of iterations (MaxT)    :    200
 Value of f_global                      :  -0.1000+101
 Global percentage wanted               :   0.1000E-01
 Volume percentage wanted               :  -0.1000E+01
 Measure percentage wanted              :  -0.1000E+01
 Jones original DIRECT algorithm is used.
Bounds on variable x 1    :      0.00000 <= xi <=      0.40000
Bounds on variable x 2    :      4.00000 <= xi <=      8.00000
Bounds on variable x 3    :      0.00000 <= xi <=      0.10000
Bounds on variable x 4    :      0.00000 <= xi <=      2.00000
Bounds on variable x 5    :      3.00000 <= xi <=      6.00000
Bounds on variable x 6    :      0.00000 <= xi <=      3.00000
Bounds on variable x 7    :      0.00001 <= xi <=      0.00100
---------------------------------------------------------------------------
   15 &                NaN &                NaN \\\\ 
DIRECT stopped: numfunc >= maxf.
DIRECT Version 2.0.4
 Problem Dimension n                    :      7
 Eps value                              :   0.1000E-03
 Epsilon is constant.
 Maximum number of f-evaluations (maxf) :    400
 Maximum number of iterations (MaxT)    :    200
 Value of f_global                      :  -0.1000+101
 Global percentage wanted               :   0.1000E-01
 Volume percentage wanted               :  -0.1000E+01
 Measure percentage wanted              :  -0.1000E+01
 Jones original DIRECT algorithm is used.
Bounds on variable x 1    :      0.00000 <= xi <=      0.40000
Bounds on variable x 2    :      4.00000 <= xi <=      8.00000
Bounds on variable x 3    :      0.00000 <= xi <=      0.10000
Bounds on variable x 4    :      0.00000 <= xi <=      2.00000
Bounds on variable x 5    :      3.00000 <= xi <=      6.00000
Bounds on variable x 6    :      0.00000 <= xi <=      3.00000
Bounds on variable x 7    :      0.00001 <= xi <=      0.00100
---------------------------------------------------------------------------
   15 &                NaN &                NaN \\\\ 
DIRECT stopped: numfunc >= maxf.
DIRECT Version 2.0.4
 Problem Dimension n                    :      7
 Eps value                              :   0.1000E-03
 Epsilon is constant.
 Maximum number of f-evaluations (maxf) :    400
 Maximum number of iterations (MaxT)    :    200
 Value of f_global                      :  -0.1000+101
 Global percentage wanted               :   0.1000E-01
 Volume percentage wanted               :  -0.1000E+01
 Measure percentage wanted              :  -0.1000E+01
 Jones original DIRECT algorithm is used.
Bounds on variable x 1    :      0.00000 <= xi <=      0.40000
Bounds on variable x 2    :      4.00000 <= xi <=      8.00000
Bounds on variable x 3    :      0.00000 <= xi <=      0.10000
Bounds on variable x 4    :      0.00000 <= xi <=      2.00000
Bounds on variable x 5    :      3.00000 <= xi <=      6.00000
Bounds on variable x 6    :      0.00000 <= xi <=      3.00000
Bounds on variable x 7    :      0.00001 <= xi <=      0.00100
---------------------------------------------------------------------------
   15 &                NaN &                NaN \\\\ 
DIRECT stopped: numfunc >= maxf.
DIRECT Version 2.0.4
 Problem Dimension n                    :      7
 Eps value                              :   0.1000E-03
 Epsilon is constant.
 Maximum number of f-evaluations (maxf) :    400
 Maximum number of iterations (MaxT)    :    200
 Value of f_global                      :  -0.1000+101
 Global percentage wanted               :   0.1000E-01
 Volume percentage wanted               :  -0.1000E+01
 Measure percentage wanted              :  -0.1000E+01
 Jones original DIRECT algorithm is used.
Bounds on variable x 1    :      0.00000 <= xi <=      0.40000
Bounds on variable x 2    :      4.00000 <= xi <=      8.00000
Bounds on variable x 3    :      0.00000 <= xi <=      0.10000
Bounds on variable x 4    :      0.00000 <= xi <=      2.00000
Bounds on variable x 5    :      3.00000 <= xi <=      6.00000
Bounds on variable x 6    :      0.00000 <= xi <=      3.00000
Bounds on variable x 7    :      0.00001 <= xi <=      0.00100
---------------------------------------------------------------------------
   15 &                NaN &                NaN \\\\ 
DIRECT stopped: numfunc >= maxf.
DIRECT Version 2.0.4
 Problem Dimension n                    :      7
 Eps value                              :   0.1000E-03
 Epsilon is constant.
 Maximum number of f-evaluations (maxf) :    400
 Maximum number of iterations (MaxT)    :    200
 Value of f_global                      :  -0.1000+101
 Global percentage wanted               :   0.1000E-01
 Volume percentage wanted               :  -0.1000E+01
 Measure percentage wanted              :  -0.1000E+01
 Jones original DIRECT algorithm is used.
Bounds on variable x 1    :      0.00000 <= xi <=      0.40000
Bounds on variable x 2    :      4.00000 <= xi <=      8.00000
Bounds on variable x 3    :      0.00000 <= xi <=      0.10000
Bounds on variable x 4    :      0.00000 <= xi <=      2.00000
Bounds on variable x 5    :      3.00000 <= xi <=      6.00000
Bounds on variable x 6    :      0.00000 <= xi <=      3.00000
Bounds on variable x 7    :      0.00001 <= xi <=      0.00100
---------------------------------------------------------------------------
   15 &                NaN &                NaN \\\\ 
DIRECT stopped: numfunc >= maxf.
DIRECT Version 2.0.4
 Problem Dimension n                    :      7
 Eps value                              :   0.1000E-03
 Epsilon is constant.
 Maximum number of f-evaluations (maxf) :    400
 Maximum number of iterations (MaxT)    :    200
 Value of f_global                      :  -0.1000+101
 Global percentage wanted               :   0.1000E-01
 Volume percentage wanted               :  -0.1000E+01
 Measure percentage wanted              :  -0.1000E+01
 Jones original DIRECT algorithm is used.
Bounds on variable x 1    :      0.00000 <= xi <=      0.40000
Bounds on variable x 2    :      4.00000 <= xi <=      8.00000
Bounds on variable x 3    :      0.00000 <= xi <=      0.10000
Bounds on variable x 4    :      0.00000 <= xi <=      2.00000
Bounds on variable x 5    :      3.00000 <= xi <=      6.00000
Bounds on variable x 6    :      0.00000 <= xi <=      3.00000
Bounds on variable x 7    :      0.00001 <= xi <=      0.00100
---------------------------------------------------------------------------
   15 &                NaN &                NaN \\\\ 
DIRECT stopped: numfunc >= maxf.
DIRECT Version 2.0.4
 Problem Dimension n                    :      7
 Eps value                              :   0.1000E-03
 Epsilon is constant.
 Maximum number of f-evaluations (maxf) :    400
 Maximum number of iterations (MaxT)    :    200
 Value of f_global                      :  -0.1000+101
 Global percentage wanted               :   0.1000E-01
 Volume percentage wanted               :  -0.1000E+01
 Measure percentage wanted              :  -0.1000E+01
 Jones original DIRECT algorithm is used.
Bounds on variable x 1    :      0.00000 <= xi <=      0.40000
Bounds on variable x 2    :      4.00000 <= xi <=      8.00000
Bounds on variable x 3    :      0.00000 <= xi <=      0.10000
Bounds on variable x 4    :      0.00000 <= xi <=      2.00000
Bounds on variable x 5    :      3.00000 <= xi <=      6.00000
Bounds on variable x 6    :      0.00000 <= xi <=      3.00000
Bounds on variable x 7    :      0.00001 <= xi <=      0.00100
---------------------------------------------------------------------------
   15 &                NaN &                NaN \\\\ 
DIRECT stopped: numfunc >= maxf.
DIRECT Version 2.0.4
 Problem Dimension n                    :      7
 Eps value                              :   0.1000E-03
 Epsilon is constant.
 Maximum number of f-evaluations (maxf) :    400
 Maximum number of iterations (MaxT)    :    200
 Value of f_global                      :  -0.1000+101
 Global percentage wanted               :   0.1000E-01
 Volume percentage wanted               :  -0.1000E+01
 Measure percentage wanted              :  -0.1000E+01
 Jones original DIRECT algorithm is used.
Bounds on variable x 1    :      0.00000 <= xi <=      0.40000
Bounds on variable x 2    :      4.00000 <= xi <=      8.00000
Bounds on variable x 3    :      0.00000 <= xi <=      0.10000
Bounds on variable x 4    :      0.00000 <= xi <=      2.00000
Bounds on variable x 5    :      3.00000 <= xi <=      6.00000
Bounds on variable x 6    :      0.00000 <= xi <=      3.00000
Bounds on variable x 7    :      0.00001 <= xi <=      0.00100
---------------------------------------------------------------------------
   15 &                NaN &                NaN \\\\ 
DIRECT stopped: numfunc >= maxf.
DIRECT Version 2.0.4
 Problem Dimension n                    :      7
 Eps value                              :   0.1000E-03
 Epsilon is constant.
 Maximum number of f-evaluations (maxf) :    400
 Maximum number of iterations (MaxT)    :    200
 Value of f_global                      :  -0.1000+101
 Global percentage wanted               :   0.1000E-01
 Volume percentage wanted               :  -0.1000E+01
 Measure percentage wanted              :  -0.1000E+01
 Jones original DIRECT algorithm is used.
Bounds on variable x 1    :      0.00000 <= xi <=      0.40000
Bounds on variable x 2    :      4.00000 <= xi <=      8.00000
Bounds on variable x 3    :      0.00000 <= xi <=      0.10000
Bounds on variable x 4    :      0.00000 <= xi <=      2.00000
Bounds on variable x 5    :      3.00000 <= xi <=      6.00000
Bounds on variable x 6    :      0.00000 <= xi <=      3.00000
Bounds on variable x 7    :      0.00001 <= xi <=      0.00100
---------------------------------------------------------------------------
   15 &                NaN &                NaN \\\\ 
DIRECT stopped: numfunc >= maxf.
DIRECT Version 2.0.4
 Problem Dimension n                    :      7
 Eps value                              :   0.1000E-03
 Epsilon is constant.
 Maximum number of f-evaluations (maxf) :    400
 Maximum number of iterations (MaxT)    :    200
 Value of f_global                      :  -0.1000+101
 Global percentage wanted               :   0.1000E-01
 Volume percentage wanted               :  -0.1000E+01
 Measure percentage wanted              :  -0.1000E+01
 Jones original DIRECT algorithm is used.
Bounds on variable x 1    :      0.00000 <= xi <=      0.40000
Bounds on variable x 2    :      4.00000 <= xi <=      8.00000
Bounds on variable x 3    :      0.00000 <= xi <=      0.10000
Bounds on variable x 4    :      0.00000 <= xi <=      2.00000
Bounds on variable x 5    :      3.00000 <= xi <=      6.00000
Bounds on variable x 6    :      0.00000 <= xi <=      3.00000
Bounds on variable x 7    :      0.00001 <= xi <=      0.00100
---------------------------------------------------------------------------
   15 &                NaN &                NaN \\\\ 
DIRECT stopped: numfunc >= maxf.
DIRECT Version 2.0.4
 Problem Dimension n                    :      7
 Eps value                              :   0.1000E-03
 Epsilon is constant.
 Maximum number of f-evaluations (maxf) :    400
 Maximum number of iterations (MaxT)    :    200
 Value of f_global                      :  -0.1000+101
 Global percentage wanted               :   0.1000E-01
 Volume percentage wanted               :  -0.1000E+01
 Measure percentage wanted              :  -0.1000E+01
 Jones original DIRECT algorithm is used.
Bounds on variable x 1    :      0.00000 <= xi <=      0.40000
Bounds on variable x 2    :      4.00000 <= xi <=      8.00000
Bounds on variable x 3    :      0.00000 <= xi <=      0.10000
Bounds on variable x 4    :      0.00000 <= xi <=      2.00000
Bounds on variable x 5    :      3.00000 <= xi <=      6.00000
Bounds on variable x 6    :      0.00000 <= xi <=      3.00000
Bounds on variable x 7    :      0.00001 <= xi <=      0.00100
---------------------------------------------------------------------------
   15 &                NaN &                NaN \\\\ 
DIRECT stopped: numfunc >= maxf.
DIRECT Version 2.0.4
 Problem Dimension n                    :      7
 Eps value                              :   0.1000E-03
 Epsilon is constant.
 Maximum number of f-evaluations (maxf) :    400
 Maximum number of iterations (MaxT)    :    200
 Value of f_global                      :  -0.1000+101
 Global percentage wanted               :   0.1000E-01
 Volume percentage wanted               :  -0.1000E+01
 Measure percentage wanted              :  -0.1000E+01
 Jones original DIRECT algorithm is used.
Bounds on variable x 1    :      0.00000 <= xi <=      0.40000
Bounds on variable x 2    :      4.00000 <= xi <=      8.00000
Bounds on variable x 3    :      0.00000 <= xi <=      0.10000
Bounds on variable x 4    :      0.00000 <= xi <=      2.00000
Bounds on variable x 5    :      3.00000 <= xi <=      6.00000
Bounds on variable x 6    :      0.00000 <= xi <=      3.00000
Bounds on variable x 7    :      0.00001 <= xi <=      0.00100
---------------------------------------------------------------------------
   15 &                NaN &                NaN \\\\ 
DIRECT stopped: numfunc >= maxf.
DIRECT Version 2.0.4
 Problem Dimension n                    :      7
 Eps value                              :   0.1000E-03
 Epsilon is constant.
 Maximum number of f-evaluations (maxf) :    400
 Maximum number of iterations (MaxT)    :    200
 Value of f_global                      :  -0.1000+101
 Global percentage wanted               :   0.1000E-01
 Volume percentage wanted               :  -0.1000E+01
 Measure percentage wanted              :  -0.1000E+01
 Jones original DIRECT algorithm is used.
Bounds on variable x 1    :      0.00000 <= xi <=      0.40000
Bounds on variable x 2    :      4.00000 <= xi <=      8.00000
Bounds on variable x 3    :      0.00000 <= xi <=      0.10000
Bounds on variable x 4    :      0.00000 <= xi <=      2.00000
Bounds on variable x 5    :      3.00000 <= xi <=      6.00000
Bounds on variable x 6    :      0.00000 <= xi <=      3.00000
Bounds on variable x 7    :      0.00001 <= xi <=      0.00100
---------------------------------------------------------------------------
   15 &                NaN &                NaN \\\\ 
DIRECT stopped: numfunc >= maxf.
DIRECT Version 2.0.4
 Problem Dimension n                    :      7
 Eps value                              :   0.1000E-03
 Epsilon is constant.
 Maximum number of f-evaluations (maxf) :    400
 Maximum number of iterations (MaxT)    :    200
 Value of f_global                      :  -0.1000+101
 Global percentage wanted               :   0.1000E-01
 Volume percentage wanted               :  -0.1000E+01
 Measure percentage wanted              :  -0.1000E+01
 Jones original DIRECT algorithm is used.
Bounds on variable x 1    :      0.00000 <= xi <=      0.40000
Bounds on variable x 2    :      4.00000 <= xi <=      8.00000
Bounds on variable x 3    :      0.00000 <= xi <=      0.10000
Bounds on variable x 4    :      0.00000 <= xi <=      2.00000
Bounds on variable x 5    :      3.00000 <= xi <=      6.00000
Bounds on variable x 6    :      0.00000 <= xi <=      3.00000
Bounds on variable x 7    :      0.00001 <= xi <=      0.00100
---------------------------------------------------------------------------
   15 &                NaN &                NaN \\\\ 
DIRECT stopped: numfunc >= maxf.
DIRECT Version 2.0.4
 Problem Dimension n                    :      7
 Eps value                              :   0.1000E-03
 Epsilon is constant.
 Maximum number of f-evaluations (maxf) :    400
 Maximum number of iterations (MaxT)    :    200
 Value of f_global                      :  -0.1000+101
 Global percentage wanted               :   0.1000E-01
 Volume percentage wanted               :  -0.1000E+01
 Measure percentage wanted              :  -0.1000E+01
 Jones original DIRECT algorithm is used.
Bounds on variable x 1    :      0.00000 <= xi <=      0.40000
Bounds on variable x 2    :      4.00000 <= xi <=      8.00000
Bounds on variable x 3    :      0.00000 <= xi <=      0.10000
Bounds on variable x 4    :      0.00000 <= xi <=      2.00000
Bounds on variable x 5    :      3.00000 <= xi <=      6.00000
Bounds on variable x 6    :      0.00000 <= xi <=      3.00000
Bounds on variable x 7    :      0.00001 <= xi <=      0.00100
---------------------------------------------------------------------------
   15 &                NaN &                NaN \\\\ 
DIRECT stopped: numfunc >= maxf.
DIRECT Version 2.0.4
 Problem Dimension n                    :      7
 Eps value                              :   0.1000E-03
 Epsilon is constant.
 Maximum number of f-evaluations (maxf) :    400
 Maximum number of iterations (MaxT)    :    200
 Value of f_global                      :  -0.1000+101
 Global percentage wanted               :   0.1000E-01
 Volume percentage wanted               :  -0.1000E+01
 Measure percentage wanted              :  -0.1000E+01
 Jones original DIRECT algorithm is used.
Bounds on variable x 1    :      0.00000 <= xi <=      0.40000
Bounds on variable x 2    :      4.00000 <= xi <=      8.00000
Bounds on variable x 3    :      0.00000 <= xi <=      0.10000
Bounds on variable x 4    :      0.00000 <= xi <=      2.00000
Bounds on variable x 5    :      3.00000 <= xi <=      6.00000
Bounds on variable x 6    :      0.00000 <= xi <=      3.00000
Bounds on variable x 7    :      0.00001 <= xi <=      0.00100
---------------------------------------------------------------------------
   15 &                NaN &                NaN \\\\ 
DIRECT stopped: numfunc >= maxf.
DIRECT Version 2.0.4
 Problem Dimension n                    :      7
 Eps value                              :   0.1000E-03
 Epsilon is constant.
 Maximum number of f-evaluations (maxf) :    400
 Maximum number of iterations (MaxT)    :    200
 Value of f_global                      :  -0.1000+101
 Global percentage wanted               :   0.1000E-01
 Volume percentage wanted               :  -0.1000E+01
 Measure percentage wanted              :  -0.1000E+01
 Jones original DIRECT algorithm is used.
Bounds on variable x 1    :      0.00000 <= xi <=      0.40000
Bounds on variable x 2    :      4.00000 <= xi <=      8.00000
Bounds on variable x 3    :      0.00000 <= xi <=      0.10000
Bounds on variable x 4    :      0.00000 <= xi <=      2.00000
Bounds on variable x 5    :      3.00000 <= xi <=      6.00000
Bounds on variable x 6    :      0.00000 <= xi <=      3.00000
Bounds on variable x 7    :      0.00001 <= xi <=      0.00100
---------------------------------------------------------------------------
   15 &                NaN &                NaN \\\\ 
DIRECT stopped: numfunc >= maxf.
DIRECT Version 2.0.4
 Problem Dimension n                    :      7
 Eps value                              :   0.1000E-03
 Epsilon is constant.
 Maximum number of f-evaluations (maxf) :    400
 Maximum number of iterations (MaxT)    :    200
 Value of f_global                      :  -0.1000+101
 Global percentage wanted               :   0.1000E-01
 Volume percentage wanted               :  -0.1000E+01
 Measure percentage wanted              :  -0.1000E+01
 Jones original DIRECT algorithm is used.
Bounds on variable x 1    :      0.00000 <= xi <=      0.40000
Bounds on variable x 2    :      4.00000 <= xi <=      8.00000
Bounds on variable x 3    :      0.00000 <= xi <=      0.10000
Bounds on variable x 4    :      0.00000 <= xi <=      2.00000
Bounds on variable x 5    :      3.00000 <= xi <=      6.00000
Bounds on variable x 6    :      0.00000 <= xi <=      3.00000
Bounds on variable x 7    :      0.00001 <= xi <=      0.00100
---------------------------------------------------------------------------
   15 &                NaN &                NaN \\\\ 
DIRECT stopped: numfunc >= maxf.
DIRECT Version 2.0.4
 Problem Dimension n                    :      7
 Eps value                              :   0.1000E-03
 Epsilon is constant.
 Maximum number of f-evaluations (maxf) :    400
 Maximum number of iterations (MaxT)    :    200
 Value of f_global                      :  -0.1000+101
 Global percentage wanted               :   0.1000E-01
 Volume percentage wanted               :  -0.1000E+01
 Measure percentage wanted              :  -0.1000E+01
 Jones original DIRECT algorithm is used.
Bounds on variable x 1    :      0.00000 <= xi <=      0.40000
Bounds on variable x 2    :      4.00000 <= xi <=      8.00000
Bounds on variable x 3    :      0.00000 <= xi <=      0.10000
Bounds on variable x 4    :      0.00000 <= xi <=      2.00000
Bounds on variable x 5    :      3.00000 <= xi <=      6.00000
Bounds on variable x 6    :      0.00000 <= xi <=      3.00000
Bounds on variable x 7    :      0.00001 <= xi <=      0.00100
---------------------------------------------------------------------------
   15 &                NaN &                NaN \\\\ 
DIRECT stopped: numfunc >= maxf.
DIRECT Version 2.0.4
 Problem Dimension n                    :      7
 Eps value                              :   0.1000E-03
 Epsilon is constant.
 Maximum number of f-evaluations (maxf) :    400
 Maximum number of iterations (MaxT)    :    200
 Value of f_global                      :  -0.1000+101
 Global percentage wanted               :   0.1000E-01
 Volume percentage wanted               :  -0.1000E+01
 Measure percentage wanted              :  -0.1000E+01
 Jones original DIRECT algorithm is used.
Bounds on variable x 1    :      0.00000 <= xi <=      0.40000
Bounds on variable x 2    :      4.00000 <= xi <=      8.00000
Bounds on variable x 3    :      0.00000 <= xi <=      0.10000
Bounds on variable x 4    :      0.00000 <= xi <=      2.00000
Bounds on variable x 5    :      3.00000 <= xi <=      6.00000
Bounds on variable x 6    :      0.00000 <= xi <=      3.00000
Bounds on variable x 7    :      0.00001 <= xi <=      0.00100
---------------------------------------------------------------------------
   15 &                NaN &                NaN \\\\ 
DIRECT stopped: numfunc >= maxf.
DIRECT Version 2.0.4
 Problem Dimension n                    :      7
 Eps value                              :   0.1000E-03
 Epsilon is constant.
 Maximum number of f-evaluations (maxf) :    400
 Maximum number of iterations (MaxT)    :    200
 Value of f_global                      :  -0.1000+101
 Global percentage wanted               :   0.1000E-01
 Volume percentage wanted               :  -0.1000E+01
 Measure percentage wanted              :  -0.1000E+01
 Jones original DIRECT algorithm is used.
Bounds on variable x 1    :      0.00000 <= xi <=      0.40000
Bounds on variable x 2    :      4.00000 <= xi <=      8.00000
Bounds on variable x 3    :      0.00000 <= xi <=      0.10000
Bounds on variable x 4    :      0.00000 <= xi <=      2.00000
Bounds on variable x 5    :      3.00000 <= xi <=      6.00000
Bounds on variable x 6    :      0.00000 <= xi <=      3.00000
Bounds on variable x 7    :      0.00001 <= xi <=      0.00100
---------------------------------------------------------------------------
   15 &                NaN &                NaN \\\\ 
DIRECT stopped: numfunc >= maxf.
DIRECT Version 2.0.4
 Problem Dimension n                    :      7
 Eps value                              :   0.1000E-03
 Epsilon is constant.
 Maximum number of f-evaluations (maxf) :    400
 Maximum number of iterations (MaxT)    :    200
 Value of f_global                      :  -0.1000+101
 Global percentage wanted               :   0.1000E-01
 Volume percentage wanted               :  -0.1000E+01
 Measure percentage wanted              :  -0.1000E+01
 Jones original DIRECT algorithm is used.
Bounds on variable x 1    :      0.00000 <= xi <=      0.40000
Bounds on variable x 2    :      4.00000 <= xi <=      8.00000
Bounds on variable x 3    :      0.00000 <= xi <=      0.10000
Bounds on variable x 4    :      0.00000 <= xi <=      2.00000
Bounds on variable x 5    :      3.00000 <= xi <=      6.00000
Bounds on variable x 6    :      0.00000 <= xi <=      3.00000
Bounds on variable x 7    :      0.00001 <= xi <=      0.00100
---------------------------------------------------------------------------
   15 &                NaN &                NaN \\\\ 
DIRECT stopped: numfunc >= maxf.
DIRECT Version 2.0.4
 Problem Dimension n                    :      7
 Eps value                              :   0.1000E-03
 Epsilon is constant.
 Maximum number of f-evaluations (maxf) :    400
 Maximum number of iterations (MaxT)    :    200
 Value of f_global                      :  -0.1000+101
 Global percentage wanted               :   0.1000E-01
 Volume percentage wanted               :  -0.1000E+01
 Measure percentage wanted              :  -0.1000E+01
 Jones original DIRECT algorithm is used.
Bounds on variable x 1    :      0.00000 <= xi <=      0.40000
Bounds on variable x 2    :      4.00000 <= xi <=      8.00000
Bounds on variable x 3    :      0.00000 <= xi <=      0.10000
Bounds on variable x 4    :      0.00000 <= xi <=      2.00000
Bounds on variable x 5    :      3.00000 <= xi <=      6.00000
Bounds on variable x 6    :      0.00000 <= xi <=      3.00000
Bounds on variable x 7    :      0.00001 <= xi <=      0.00100
---------------------------------------------------------------------------
   15 &                NaN &                NaN \\\\ 
DIRECT stopped: numfunc >= maxf.
DIRECT Version 2.0.4
 Problem Dimension n                    :      7
 Eps value                              :   0.1000E-03
 Epsilon is constant.
 Maximum number of f-evaluations (maxf) :    400
 Maximum number of iterations (MaxT)    :    200
 Value of f_global                      :  -0.1000+101
 Global percentage wanted               :   0.1000E-01
 Volume percentage wanted               :  -0.1000E+01
 Measure percentage wanted              :  -0.1000E+01
 Jones original DIRECT algorithm is used.
Bounds on variable x 1    :      0.00000 <= xi <=      0.40000
Bounds on variable x 2    :      4.00000 <= xi <=      8.00000
Bounds on variable x 3    :      0.00000 <= xi <=      0.10000
Bounds on variable x 4    :      0.00000 <= xi <=      2.00000
Bounds on variable x 5    :      3.00000 <= xi <=      6.00000
Bounds on variable x 6    :      0.00000 <= xi <=      3.00000
Bounds on variable x 7    :      0.00001 <= xi <=      0.00100
---------------------------------------------------------------------------
   15 &                NaN &                NaN \\\\ 
DIRECT stopped: numfunc >= maxf.
DIRECT Version 2.0.4
 Problem Dimension n                    :      7
 Eps value                              :   0.1000E-03
 Epsilon is constant.
 Maximum number of f-evaluations (maxf) :    400
 Maximum number of iterations (MaxT)    :    200
 Value of f_global                      :  -0.1000+101
 Global percentage wanted               :   0.1000E-01
 Volume percentage wanted               :  -0.1000E+01
 Measure percentage wanted              :  -0.1000E+01
 Jones original DIRECT algorithm is used.
Bounds on variable x 1    :      0.00000 <= xi <=      0.40000
Bounds on variable x 2    :      4.00000 <= xi <=      8.00000
Bounds on variable x 3    :      0.00000 <= xi <=      0.10000
Bounds on variable x 4    :      0.00000 <= xi <=      2.00000
Bounds on variable x 5    :      3.00000 <= xi <=      6.00000
Bounds on variable x 6    :      0.00000 <= xi <=      3.00000
Bounds on variable x 7    :      0.00001 <= xi <=      0.00100
---------------------------------------------------------------------------
   15 &                NaN &                NaN \\\\ 
DIRECT stopped: numfunc >= maxf.
DIRECT Version 2.0.4
 Problem Dimension n                    :      7
 Eps value                              :   0.1000E-03
 Epsilon is constant.
 Maximum number of f-evaluations (maxf) :    400
 Maximum number of iterations (MaxT)    :    200
 Value of f_global                      :  -0.1000+101
 Global percentage wanted               :   0.1000E-01
 Volume percentage wanted               :  -0.1000E+01
 Measure percentage wanted              :  -0.1000E+01
 Jones original DIRECT algorithm is used.
Bounds on variable x 1    :      0.00000 <= xi <=      0.40000
Bounds on variable x 2    :      4.00000 <= xi <=      8.00000
Bounds on variable x 3    :      0.00000 <= xi <=      0.10000
Bounds on variable x 4    :      0.00000 <= xi <=      2.00000
Bounds on variable x 5    :      3.00000 <= xi <=      6.00000
Bounds on variable x 6    :      0.00000 <= xi <=      3.00000
Bounds on variable x 7    :      0.00001 <= xi <=      0.00100
---------------------------------------------------------------------------
   15 &                NaN &                NaN \\\\ 
DIRECT stopped: numfunc >= maxf.
DIRECT Version 2.0.4
 Problem Dimension n                    :      7
 Eps value                              :   0.1000E-03
 Epsilon is constant.
 Maximum number of f-evaluations (maxf) :    400
 Maximum number of iterations (MaxT)    :    200
 Value of f_global                      :  -0.1000+101
 Global percentage wanted               :   0.1000E-01
 Volume percentage wanted               :  -0.1000E+01
 Measure percentage wanted              :  -0.1000E+01
 Jones original DIRECT algorithm is used.
