INFO:root:gpu device = cuda:0
/home/rkohli/anaconda3/lib/python3.7/site-packages/torch/optim/lr_scheduler.py:82: UserWarning: Detected call of `lr_scheduler.step()` before `optimizer.step()`. In PyTorch 1.1.0 and later, you should call them in the opposite order: `optimizer.step()` before `lr_scheduler.step()`.  Failure to do this will result in PyTorch skipping the first value of the learning rate schedule.See more details at https://pytorch.org/docs/stable/optim.html#how-to-adjust-learning-rate
  "https://pytorch.org/docs/stable/optim.html#how-to-adjust-learning-rate", UserWarning)
/home/rkohli/aml-project/src/train.py:131: UserWarning: torch.nn.utils.clip_grad_norm is now deprecated in favor of torch.nn.utils.clip_grad_norm_.
  nn.utils.clip_grad_norm(model.parameters(), grad_clip)
INFO:root:train 000 8.574758e+00 1.562500 10.937500
INFO:root:train 050 2.259730e+00 61.305147 74.877451
INFO:root:train 100 1.291996e+00 76.253094 86.757426
INFO:root:train 150 9.462988e-01 81.725993 90.945778
INFO:root:train 200 7.684242e-01 84.810323 92.964863
INFO:root:train 250 6.597535e-01 86.572460 94.185757
INFO:root:train 300 5.865024e-01 87.842608 95.001038
INFO:root:train 350 5.387798e-01 88.612892 95.575142
INFO:root:train 400 4.988063e-01 89.276808 96.017768
INFO:root:train 450 4.644825e-01 89.852411 96.396896
INFO:root:train 500 4.381826e-01 90.297530 96.678518
INFO:root:train 550 4.175713e-01 90.644850 96.926044
INFO:root:train 600 3.995567e-01 90.910982 97.121984
INFO:root:train 650 3.835116e-01 91.191436 97.297427
INFO:root:train 700 3.712540e-01 91.422967 97.430011
INFO:root:train 750 3.593119e-01 91.582057 97.571987
INFO:root:train 800 3.491384e-01 91.773954 97.686486
INFO:root:train 850 3.400175e-01 91.946974 97.769169
INFO:root:train 900 3.321321e-01 92.059170 97.856548
INFO:root:train 950 3.246556e-01 92.179285 97.939669
INFO:root:train 1000 3.181074e-01 92.282717 98.014486
INFO:root:train 1050 3.115434e-01 92.380768 98.083670
INFO:root:train 1100 3.058528e-01 92.498297 98.140895
INFO:root:train 1150 2.999131e-01 92.615117 98.209437
INFO:root:train 1200 2.959807e-01 92.698793 98.251457
INFO:root:train 1250 2.913578e-01 92.793265 98.296363
INFO:root:train 1300 2.865566e-01 92.867266 98.345023
INFO:root:train 1350 2.828263e-01 92.938101 98.384299
INFO:root:train 1400 2.793666e-01 92.998305 98.421886
INFO:root:train 1450 2.759493e-01 93.068358 98.456883
INFO:root:train 1500 2.726960e-01 93.126457 98.489549
INFO:root:train 1550 2.696019e-01 93.179803 98.518093
INFO:root:train 1600 2.671196e-01 93.236649 98.544855
INFO:root:train 1650 2.643550e-01 93.284373 98.574727
INFO:root:train 1700 2.625319e-01 93.319187 98.596414
INFO:root:train 1750 2.606041e-01 93.356475 98.616862
INFO:root:train 1800 2.583089e-01 93.399500 98.638777
INFO:root:train 1850 2.567867e-01 93.443578 98.651911
INFO:root:train 1900 2.554595e-01 93.466432 98.668464
INFO:root:train 1950 2.540927e-01 93.494522 98.682567
INFO:root:train 2000 2.525303e-01 93.514180 98.696745
INFO:root:train 2050 2.509653e-01 93.535928 98.712518
INFO:root:train 2100 2.493176e-01 93.558871 98.734234
INFO:root:train 2150 2.475377e-01 93.596728 98.748402
INFO:root:train 2200 2.460214e-01 93.624347 98.766186
INFO:root:train 2250 2.450702e-01 93.640327 98.778321
INFO:root:train 2300 2.434655e-01 93.674625 98.795361
INFO:root:train 2350 2.422352e-01 93.697496 98.809682
INFO:root:train 2400 2.409653e-01 93.729175 98.820804
INFO:root:train 2450 2.393348e-01 93.755737 98.834659
INFO:root:train 2500 2.386618e-01 93.773741 98.839839
INFO:root:train 2550 2.373692e-01 93.799000 98.851553
INFO:root:train 2600 2.360858e-01 93.829296 98.862216
INFO:root:train 2650 2.352613e-01 93.845483 98.870709
INFO:root:train 2700 2.337719e-01 93.874375 98.884094
INFO:root:train 2750 2.325698e-01 93.898242 98.896424
INFO:root:train 2800 2.317850e-01 93.912330 98.907198
INFO:root:train 2850 2.313577e-01 93.917704 98.913758
INFO:root:train 2900 2.298824e-01 93.954671 98.924940
INFO:root:train 2950 2.291672e-01 93.967087 98.934154
INFO:root:train 3000 2.286833e-01 93.980652 98.942019
INFO:root:train 3050 2.277963e-01 93.997357 98.951164
INFO:root:train 3100 2.267283e-01 94.018059 98.960517
INFO:root:train 3150 2.258250e-01 94.036119 98.966598
INFO:root:train 3200 2.254139e-01 94.048247 98.970048
INFO:root:train 3250 2.250239e-01 94.052311 98.977238
INFO:root:train 3300 2.246561e-01 94.065245 98.982316
INFO:root:train 3350 2.239618e-01 94.079659 98.986776
INFO:root:train 3400 2.231691e-01 94.100540 98.993403
INFO:root:train 3450 2.226305e-01 94.108139 99.001195
INFO:root:train 3500 2.219474e-01 94.126232 99.008319
INFO:root:train 3550 2.212445e-01 94.142935 99.015682
INFO:root:train 3600 2.208799e-01 94.153100 99.020237
INFO:root:valid 000 4.820157e-01 90.625000 98.437500
INFO:root:valid 050 4.376048e-01 89.552696 97.916667
INFO:root:valid 100 4.294398e-01 89.774134 97.834158
INFO:root:valid 150 4.282334e-01 89.714404 97.868377
INFO:root:valid 200 4.198324e-01 89.707711 97.893346
INFO:root:valid 250 4.263279e-01 89.579183 97.777639
INFO:root:valid 300 4.253235e-01 89.643895 97.710756
INFO:root:valid 350 4.256162e-01 89.601140 97.720798
INFO:root:valid 400 4.256280e-01 89.580736 97.720542
INFO:root:valid 450 4.316126e-01 89.505959 97.647589
INFO:root:valid 500 4.325246e-01 89.561502 97.657809
INFO:root:valid 550 4.331183e-01 89.623979 97.620803
INFO:root:valid 600 4.327383e-01 89.647463 97.613353
INFO:root:train 000 1.301434e-01 93.750000 100.000000
INFO:root:train 050 1.652528e-01 95.220588 99.417892
INFO:root:train 100 1.578861e-01 95.405322 99.535891
INFO:root:train 150 1.604811e-01 95.302152 99.534354
INFO:root:train 200 1.640527e-01 95.281405 99.463619
INFO:root:train 250 1.676963e-01 95.225349 99.445966
INFO:root:train 300 1.697112e-01 95.156769 99.418605
INFO:root:train 350 1.721419e-01 95.094373 99.421296
INFO:root:train 400 1.717938e-01 95.090399 99.419420
INFO:root:train 450 1.719773e-01 95.083841 99.431818
INFO:root:train 500 1.709680e-01 95.153443 99.451098
INFO:root:train 550 1.707415e-01 95.131012 99.475386
INFO:root:train 600 1.703997e-01 95.161710 99.474834
INFO:root:train 650 1.692887e-01 95.178091 99.479167
INFO:root:train 700 1.697699e-01 95.169847 99.485111
INFO:root:train 750 1.707899e-01 95.158539 99.477780
INFO:root:train 800 1.702173e-01 95.152544 99.496723
INFO:root:train 850 1.701477e-01 95.161942 99.496915
INFO:root:train 900 1.706957e-01 95.159892 99.488416
INFO:root:train 950 1.700057e-01 95.151485 99.495597
INFO:root:train 1000 1.706000e-01 95.147040 99.497378
INFO:root:train 1050 1.716570e-01 95.107338 99.493042
INFO:root:train 1100 1.721034e-01 95.115236 99.491939
INFO:root:train 1150 1.717994e-01 95.122448 99.493647
INFO:root:train 1200 1.719310e-01 95.121253 99.488707
INFO:root:train 1250 1.715891e-01 95.126399 99.489159
INFO:root:train 1300 1.714075e-01 95.120340 99.485972
INFO:root:train 1350 1.708781e-01 95.115886 99.489961
INFO:root:train 1400 1.707019e-01 95.125134 99.490319
INFO:root:train 1450 1.721469e-01 95.098208 99.478808
INFO:root:train 1500 1.724883e-01 95.085568 99.479514
INFO:root:train 1550 1.724077e-01 95.097921 99.484204
INFO:root:train 1600 1.723023e-01 95.102670 99.486649
INFO:root:train 1650 1.723601e-01 95.105239 99.486107
INFO:root:train 1700 1.734028e-01 95.073670 99.481004
INFO:root:train 1750 1.736824e-01 95.054612 99.477977
INFO:root:train 1800 1.746264e-01 95.045287 99.475118
INFO:root:train 1850 1.741499e-01 95.056726 99.474946
INFO:root:train 1900 1.738405e-01 95.062632 99.478893
INFO:root:train 1950 1.733240e-01 95.070637 99.484239
INFO:root:train 2000 1.736618e-01 95.070434 99.485414
INFO:root:train 2050 1.736530e-01 95.067955 99.488816
INFO:root:train 2100 1.740566e-01 95.053695 99.486108
INFO:root:train 2150 1.739322e-01 95.068427 99.481346
INFO:root:train 2200 1.737076e-01 95.066163 99.481770
INFO:root:train 2250 1.732695e-01 95.079964 99.484951
INFO:root:train 2300 1.733940e-01 95.080943 99.480525
INFO:root:train 2350 1.735361e-01 95.081215 99.480274
INFO:root:train 2400 1.745700e-01 95.067810 99.470924
INFO:root:train 2450 1.747137e-01 95.070252 99.467054
INFO:root:train 2500 1.749468e-01 95.068847 99.463964
INFO:root:train 2550 1.749353e-01 95.067498 99.464671
INFO:root:train 2600 1.748754e-01 95.069204 99.464148
INFO:root:train 2650 1.752118e-01 95.067310 99.463056
INFO:root:train 2700 1.750858e-01 95.074741 99.462005
INFO:root:train 2750 1.758179e-01 95.061455 99.459856
INFO:root:train 2800 1.758256e-01 95.064821 99.457225
INFO:root:train 2850 1.760258e-01 95.059299 99.452495
INFO:root:train 2900 1.763627e-01 95.059355 99.453314
INFO:root:train 2950 1.764949e-01 95.057819 99.453046
INFO:root:train 3000 1.761667e-01 95.066228 99.455390
INFO:root:train 3050 1.763284e-01 95.061046 99.451512
INFO:root:train 3100 1.762020e-01 95.060565 99.452294
INFO:root:train 3150 1.758698e-01 95.069522 99.453051
INFO:root:train 3200 1.761871e-01 95.068436 99.450855
INFO:root:train 3250 1.760960e-01 95.071709 99.451611
INFO:root:train 3300 1.761635e-01 95.068256 99.448557
INFO:root:train 3350 1.765428e-01 95.060709 99.447460
INFO:root:train 3400 1.766869e-01 95.061195 99.446854
INFO:root:train 3450 1.765627e-01 95.062572 99.447624
INFO:root:train 3500 1.770532e-01 95.050968 99.444355
INFO:root:train 3550 1.772199e-01 95.048490 99.445579
INFO:root:train 3600 1.768810e-01 95.051722 99.448504
INFO:root:valid 000 3.625659e-01 90.625000 98.437500
INFO:root:valid 050 4.361061e-01 89.522059 97.855392
INFO:root:valid 100 4.164556e-01 89.975248 97.834158
INFO:root:valid 150 4.076251e-01 89.890315 97.899421
INFO:root:valid 200 4.091232e-01 89.995336 97.947761
INFO:root:valid 250 4.168187e-01 89.909114 97.864791
INFO:root:valid 300 4.193263e-01 89.835963 97.850914
INFO:root:valid 350 4.195724e-01 89.797009 97.845442
INFO:root:valid 400 4.226462e-01 89.736596 97.821852
INFO:root:valid 450 4.273952e-01 89.675721 97.761918
INFO:root:valid 500 4.292124e-01 89.683134 97.729541
INFO:root:valid 550 4.294305e-01 89.734574 97.700204
INFO:root:valid 600 4.308145e-01 89.696859 97.678349
INFO:root:train 000 1.231826e-01 93.750000 100.000000
INFO:root:train 050 1.798990e-01 94.914216 99.325980
INFO:root:train 100 1.800973e-01 94.956683 99.381188
INFO:root:train 150 1.709749e-01 95.167632 99.420530
INFO:root:train 200 1.684421e-01 95.110386 99.486940
INFO:root:train 250 1.677046e-01 95.144422 99.489542
INFO:root:train 300 1.663120e-01 95.219061 99.501661
INFO:root:train 350 1.669810e-01 95.263533 99.505876
INFO:root:train 400 1.699649e-01 95.222880 99.458385
INFO:root:train 450 1.709516e-01 95.225887 99.442212
INFO:root:train 500 1.724676e-01 95.153443 99.444860
INFO:root:train 550 1.718974e-01 95.162205 99.438521
INFO:root:train 600 1.714998e-01 95.166909 99.441036
INFO:root:train 650 1.707711e-01 95.178091 99.447965
INFO:root:train 700 1.708732e-01 95.185449 99.440531
INFO:root:train 750 1.703113e-01 95.200150 99.442410
INFO:root:train 800 1.725865e-01 95.152544 99.444054
INFO:root:train 850 1.733155e-01 95.138073 99.439997
INFO:root:train 900 1.742541e-01 95.142550 99.427719
INFO:root:train 950 1.739048e-01 95.130126 99.424947
INFO:root:train 1000 1.719973e-01 95.151723 99.441184
INFO:root:train 1050 1.719745e-01 95.153425 99.436549
INFO:root:train 1100 1.713704e-01 95.174841 99.440849
INFO:root:train 1150 1.710438e-01 95.180821 99.443419
INFO:root:train 1200 1.708092e-01 95.188905 99.452279
INFO:root:train 1250 1.703515e-01 95.201339 99.452938
INFO:root:train 1300 1.709448e-01 95.191199 99.452344
INFO:root:train 1350 1.721756e-01 95.174870 99.448325
INFO:root:train 1400 1.720726e-01 95.178667 99.445708
INFO:root:train 1450 1.718518e-01 95.183279 99.442195
INFO:root:train 1500 1.721195e-01 95.175092 99.440998
INFO:root:train 1550 1.723658e-01 95.155343 99.438870
INFO:root:train 1600 1.725059e-01 95.145612 99.439803
INFO:root:train 1650 1.719306e-01 95.158237 99.445412
INFO:root:train 1700 1.710347e-01 95.174713 99.452528
INFO:root:train 1750 1.712250e-01 95.166155 99.447637
INFO:root:train 1800 1.708848e-01 95.168483 99.443885
INFO:root:train 1850 1.711912e-01 95.153802 99.445401
INFO:root:train 1900 1.716628e-01 95.140715 99.440262
INFO:root:train 1950 1.725158e-01 95.125897 99.439390
INFO:root:train 2000 1.728871e-01 95.121970 99.437781
INFO:root:train 2050 1.726594e-01 95.126615 99.437012
INFO:root:train 2100 1.726817e-01 95.139963 99.438511
INFO:root:train 2150 1.725656e-01 95.144700 99.438488
INFO:root:train 2200 1.728140e-01 95.138573 99.439885
INFO:root:train 2250 1.724139e-01 95.148684 99.439138
INFO:root:train 2300 1.725624e-01 95.142737 99.435707
INFO:root:train 2350 1.725839e-01 95.148341 99.437739
INFO:root:train 2400 1.724485e-01 95.152410 99.439036
INFO:root:train 2450 1.722311e-01 95.155039 99.439642
INFO:root:train 2500 1.720977e-01 95.156312 99.438974
INFO:root:train 2550 1.720016e-01 95.155699 99.442008
INFO:root:train 2600 1.721161e-01 95.156911 99.445526
INFO:root:train 2650 1.723191e-01 95.151004 99.444196
INFO:root:train 2700 1.723115e-01 95.144160 99.443493
INFO:root:train 2750 1.725476e-01 95.145515 99.443384
INFO:root:train 2800 1.724584e-01 95.145149 99.441606
INFO:root:train 2850 1.725576e-01 95.146440 99.441534
INFO:root:train 2900 1.723596e-01 95.145532 99.445234
INFO:root:train 2950 1.722021e-01 95.152067 99.448280
INFO:root:train 3000 1.721605e-01 95.153178 99.449663
INFO:root:train 3050 1.721540e-01 95.155277 99.451000
INFO:root:train 3100 1.717808e-01 95.158316 99.451286
INFO:root:train 3150 1.719733e-01 95.157787 99.450075
INFO:root:train 3200 1.721943e-01 95.155811 99.449391
INFO:root:train 3250 1.724939e-01 95.151492 99.443440
INFO:root:train 3300 1.722035e-01 95.157717 99.445244
INFO:root:train 3350 1.723746e-01 95.153499 99.445595
INFO:root:train 3400 1.725901e-01 95.149405 99.445476
INFO:root:train 3450 1.723983e-01 95.153579 99.445813
INFO:root:train 3500 1.723571e-01 95.152724 99.446587
INFO:root:train 3550 1.723965e-01 95.150134 99.446899
INFO:root:train 3600 1.724938e-01 95.150653 99.445467
INFO:root:valid 000 5.193110e-01 89.062500 96.875000
INFO:root:valid 050 4.221573e-01 89.552696 97.671569
INFO:root:valid 100 4.170325e-01 89.696782 97.787748
INFO:root:valid 150 4.074909e-01 89.838576 97.899421
INFO:root:valid 200 3.995283e-01 89.933147 97.994403
INFO:root:valid 250 4.086039e-01 89.815737 97.976843
INFO:root:valid 300 4.073476e-01 89.830772 97.933970
INFO:root:valid 350 4.065457e-01 89.801460 97.925570
INFO:root:valid 400 4.069538e-01 89.798940 97.946540
INFO:root:valid 450 4.113267e-01 89.724224 97.897034
INFO:root:valid 500 4.126816e-01 89.711203 97.888598
INFO:root:valid 550 4.142782e-01 89.754424 97.841992
INFO:root:valid 600 4.142889e-01 89.777454 97.842138
INFO:root:train 000 9.458461e-02 96.875000 100.000000
INFO:root:train 050 1.607499e-01 95.343137 99.479167
INFO:root:train 100 1.778657e-01 95.003094 99.412129
INFO:root:train 150 1.690174e-01 95.260762 99.451573
INFO:root:train 200 1.667730e-01 95.226990 99.486940
INFO:root:train 250 1.634501e-01 95.256474 99.489542
INFO:root:train 300 1.675306e-01 95.260590 99.465324
INFO:root:train 350 1.681581e-01 95.272436 99.474715
INFO:root:train 400 1.676581e-01 95.261845 99.473971
INFO:root:train 450 1.678978e-01 95.232816 99.469928
INFO:root:train 500 1.687002e-01 95.187750 99.469810
INFO:root:train 550 1.688480e-01 95.170712 99.478221
INFO:root:train 600 1.720949e-01 95.088914 99.467034
INFO:root:train 650 1.717111e-01 95.122888 99.467166
INFO:root:train 700 1.709344e-01 95.140870 99.473966
INFO:root:train 750 1.720285e-01 95.106525 99.475699
INFO:root:train 800 1.713668e-01 95.119382 99.471364
INFO:root:train 850 1.712745e-01 95.108696 99.463866
INFO:root:train 900 1.720249e-01 95.111335 99.460669
INFO:root:train 950 1.716224e-01 95.123554 99.464380
INFO:root:train 1000 1.720962e-01 95.129870 99.458354
INFO:root:train 1050 1.726297e-01 95.134098 99.449929
INFO:root:train 1100 1.718840e-01 95.149296 99.452203
INFO:root:train 1150 1.721672e-01 95.129235 99.455636
INFO:root:train 1200 1.717364e-01 95.136865 99.456182
INFO:root:train 1250 1.716364e-01 95.157624 99.456685
INFO:root:train 1300 1.713084e-01 95.155169 99.459550
INFO:root:train 1350 1.726221e-01 95.147113 99.451795
INFO:root:train 1400 1.720070e-01 95.175321 99.454631
INFO:root:train 1450 1.716027e-01 95.183279 99.456194
INFO:root:train 1500 1.720109e-01 95.167805 99.451407
INFO:root:train 1550 1.723568e-01 95.173477 99.450959
INFO:root:train 1600 1.719251e-01 95.184650 99.454443
INFO:root:train 1650 1.725306e-01 95.173380 99.448251
INFO:root:train 1700 1.730711e-01 95.158179 99.444261
INFO:root:train 1750 1.730850e-01 95.150985 99.439606
INFO:root:train 1800 1.734052e-01 95.140720 99.437812
INFO:root:train 1850 1.727909e-01 95.158023 99.442025
INFO:root:train 1900 1.733721e-01 95.139893 99.441906
INFO:root:train 1950 1.743694e-01 95.116287 99.442594
INFO:root:train 2000 1.743388e-01 95.109477 99.442466
INFO:root:train 2050 1.739682e-01 95.109855 99.447678
INFO:root:train 2100 1.734948e-01 95.131782 99.451154
slurmstepd-metagpu2: error: *** JOB 3448143 ON metagpu2 CANCELLED AT 2019-09-13T10:07:06 ***
