Workingdir: /home/rkohli/aml-project/src
Started at Tue Sep 10 12:42:10 CEST 2019
Running job darts+dngo-model using 2 cpus per node with given JID 3277084 on queue meta_gpu-black
DIRECT Version 2.0.4
 Problem Dimension n                    :      8
 Eps value                              :   0.1000E-03
 Epsilon is constant.
 Maximum number of f-evaluations (maxf) :    400
 Maximum number of iterations (MaxT)    :    200
 Value of f_global                      :  -0.1000+101
 Global percentage wanted               :   0.1000E-01
 Volume percentage wanted               :  -0.1000E+01
 Measure percentage wanted              :  -0.1000E+01
 Jones original DIRECT algorithm is used.
Bounds on variable x 1    :     16.00000 <= xi <=     32.00000
Bounds on variable x 2    :      0.00000 <= xi <=      0.40000
Bounds on variable x 3    :      4.00000 <= xi <=      8.00000
Bounds on variable x 4    :      0.00000 <= xi <=      0.10000
Bounds on variable x 5    :      0.00000 <= xi <=      2.00000
Bounds on variable x 6    :      3.00000 <= xi <=      6.00000
Bounds on variable x 7    :      0.00000 <= xi <=      3.00000
Bounds on variable x 8    :      0.00001 <= xi <=      0.00100
---------------------------------------------------------------------------
   17 &     675.4381660461 &     896.5306930721 \\\\ 
   31 &     638.0867990845 &     896.5306930721 \\\\ 
   57 &     616.5759886177 &     975.7912096580 \\\\ 
   79 &     602.4475313366 &     975.7912096580 \\\\ 
  109 &     591.6761290892 &     975.7912096580 \\\\ 
  145 &     584.1437871888 &     975.7912096580 \\\\ 
  185 &     580.6710857239 &     975.7912096580 \\\\ 
  271 &     554.9987221267 &    1016.5748602082 \\\\ 
  309 &     533.4745990039 &    1016.5748602082 \\\\ 
  345 &     518.2673597585 &    1016.5748602082 \\\\ 
  379 &     509.7851309410 &    1016.5748602082 \\\\ 
  411 &     502.9383088961 &    1016.5748602082 \\\\ 
DIRECT stopped: numfunc >= maxf.
DIRECT Version 2.0.4
 Problem Dimension n                    :      8
 Eps value                              :   0.1000E-03
 Epsilon is constant.
 Maximum number of f-evaluations (maxf) :    400
 Maximum number of iterations (MaxT)    :    200
 Value of f_global                      :  -0.1000+101
 Global percentage wanted               :   0.1000E-01
 Volume percentage wanted               :  -0.1000E+01
 Measure percentage wanted              :  -0.1000E+01
 Jones original DIRECT algorithm is used.
Bounds on variable x 1    :     16.00000 <= xi <=     32.00000
Bounds on variable x 2    :      0.00000 <= xi <=      0.40000
Bounds on variable x 3    :      4.00000 <= xi <=      8.00000
Bounds on variable x 4    :      0.00000 <= xi <=      0.10000
Bounds on variable x 5    :      0.00000 <= xi <=      2.00000
Bounds on variable x 6    :      3.00000 <= xi <=      6.00000
Bounds on variable x 7    :      0.00000 <= xi <=      3.00000
Bounds on variable x 8    :      0.00001 <= xi <=      0.00100
---------------------------------------------------------------------------
   17 &     377.0353619622 &     563.6513789530 \\\\ 
   31 &     356.6304464103 &     563.6513789530 \\\\ 
   57 &     334.9929114885 &     637.1409602075 \\\\ 
   79 &     312.7771558493 &     637.1409602075 \\\\ 
  109 &     307.6735919077 &     637.1409602075 \\\\ 
  201 &     298.7141637823 &     637.1409602075 \\\\ 
  255 &     292.3877827085 &     678.1045310447 \\\\ 
  295 &     288.3799539322 &     678.1045310447 \\\\ 
  325 &     284.2756543611 &     678.1045310447 \\\\ 
  363 &     283.1347912505 &     678.1045310447 \\\\ 
  399 &     282.7026822696 &     678.1045310447 \\\\ 
  433 &     282.2351235359 &     678.1045310447 \\\\ 
DIRECT stopped: numfunc >= maxf.
DIRECT Version 2.0.4
 Problem Dimension n                    :      8
 Eps value                              :   0.1000E-03
 Epsilon is constant.
 Maximum number of f-evaluations (maxf) :    400
 Maximum number of iterations (MaxT)    :    200
 Value of f_global                      :  -0.1000+101
 Global percentage wanted               :   0.1000E-01
 Volume percentage wanted               :  -0.1000E+01
 Measure percentage wanted              :  -0.1000E+01
 Jones original DIRECT algorithm is used.
Bounds on variable x 1    :     16.00000 <= xi <=     32.00000
Bounds on variable x 2    :      0.00000 <= xi <=      0.40000
Bounds on variable x 3    :      4.00000 <= xi <=      8.00000
Bounds on variable x 4    :      0.00000 <= xi <=      0.10000
Bounds on variable x 5    :      0.00000 <= xi <=      2.00000
Bounds on variable x 6    :      3.00000 <= xi <=      6.00000
Bounds on variable x 7    :      0.00000 <= xi <=      3.00000
Bounds on variable x 8    :      0.00001 <= xi <=      0.00100
---------------------------------------------------------------------------
   17 &       0.5918512560 &      37.5470459149 \\\\ 
   31 &      -2.4778465152 &      39.7218820550 \\\\ 
   95 &      -2.6370984307 &     165.0518548205 \\\\ 
  189 &      -2.7136313187 &     165.0518548205 \\\\ 
  281 &      -3.6860267854 &     181.3104577082 \\\\ 
  305 &      -3.7631004554 &     181.3104577082 \\\\ 
  327 &      -3.8100599697 &     181.3104577082 \\\\ 
  357 &      -3.8469194567 &     181.3104577082 \\\\ 
  401 &      -4.0088637001 &     181.3104577082 \\\\ 
DIRECT stopped: numfunc >= maxf.
DIRECT Version 2.0.4
 Problem Dimension n                    :      8
 Eps value                              :   0.1000E-03
 Epsilon is constant.
 Maximum number of f-evaluations (maxf) :    400
 Maximum number of iterations (MaxT)    :    200
 Value of f_global                      :  -0.1000+101
 Global percentage wanted               :   0.1000E-01
 Volume percentage wanted               :  -0.1000E+01
 Measure percentage wanted              :  -0.1000E+01
 Jones original DIRECT algorithm is used.
Bounds on variable x 1    :     16.00000 <= xi <=     32.00000
Bounds on variable x 2    :      0.00000 <= xi <=      0.40000
Bounds on variable x 3    :      4.00000 <= xi <=      8.00000
Bounds on variable x 4    :      0.00000 <= xi <=      0.10000
Bounds on variable x 5    :      0.00000 <= xi <=      2.00000
Bounds on variable x 6    :      3.00000 <= xi <=      6.00000
Bounds on variable x 7    :      0.00000 <= xi <=      3.00000
Bounds on variable x 8    :      0.00001 <= xi <=      0.00100
---------------------------------------------------------------------------
   17 &      -5.3317542193 &    4088.1467842009 \\\\ 
   31 &      -5.4382972169 &    4088.1467842009 \\\\ 
   57 &      -5.4657513370 &    6905.8992527989 \\\\ 
  125 &      -5.5479477793 &    6905.8992527989 \\\\ 
  153 &      -5.5708945311 &    6905.8992527989 \\\\ 
  187 &      -5.5963324285 &    6905.8992527989 \\\\ 
  259 &      -5.6103341287 &    7188.1955812178 \\\\ 
  297 &      -5.6185709543 &    7188.1955812178 \\\\ 
  337 &      -5.6255963946 &    7188.1955812178 \\\\ 
  377 &      -5.6327160167 &    7188.1955812178 \\\\ 
DIRECT stopped: numfunc >= maxf.
DIRECT Version 2.0.4
 Problem Dimension n                    :      8
 Eps value                              :   0.1000E-03
 Epsilon is constant.
 Maximum number of f-evaluations (maxf) :    400
 Maximum number of iterations (MaxT)    :    200
 Value of f_global                      :  -0.1000+101
 Global percentage wanted               :   0.1000E-01
 Volume percentage wanted               :  -0.1000E+01
 Measure percentage wanted              :  -0.1000E+01
 Jones original DIRECT algorithm is used.
Bounds on variable x 1    :     16.00000 <= xi <=     32.00000
Bounds on variable x 2    :      0.00000 <= xi <=      0.40000
Bounds on variable x 3    :      4.00000 <= xi <=      8.00000
Bounds on variable x 4    :      0.00000 <= xi <=      0.10000
Bounds on variable x 5    :      0.00000 <= xi <=      2.00000
Bounds on variable x 6    :      3.00000 <= xi <=      6.00000
Bounds on variable x 7    :      0.00000 <= xi <=      3.00000
Bounds on variable x 8    :      0.00001 <= xi <=      0.00100
---------------------------------------------------------------------------
   17 &      -4.2073250930 &   29267.8322451922 \\\\ 
   31 &      -5.2249134255 &   29267.8322451922 \\\\ 
   57 &      -5.7662612372 &   29895.6027161439 \\\\ 
  117 &      -5.7761531075 &   29895.6027161439 \\\\ 
  225 &      -5.7983633045 &   35846.0625751866 \\\\ 
  295 &      -5.8076487801 &   35846.0625751866 \\\\ 
  343 &      -5.8117394786 &   35846.0625751866 \\\\ 
  461 &      -5.8131122837 &   35846.0625751866 \\\\ 
DIRECT stopped: numfunc >= maxf.
DIRECT Version 2.0.4
 Problem Dimension n                    :      8
 Eps value                              :   0.1000E-03
 Epsilon is constant.
 Maximum number of f-evaluations (maxf) :    400
 Maximum number of iterations (MaxT)    :    200
 Value of f_global                      :  -0.1000+101
 Global percentage wanted               :   0.1000E-01
 Volume percentage wanted               :  -0.1000E+01
 Measure percentage wanted              :  -0.1000E+01
 Jones original DIRECT algorithm is used.
Bounds on variable x 1    :     16.00000 <= xi <=     32.00000
Bounds on variable x 2    :      0.00000 <= xi <=      0.40000
Bounds on variable x 3    :      4.00000 <= xi <=      8.00000
Bounds on variable x 4    :      0.00000 <= xi <=      0.10000
Bounds on variable x 5    :      0.00000 <= xi <=      2.00000
Bounds on variable x 6    :      3.00000 <= xi <=      6.00000
Bounds on variable x 7    :      0.00000 <= xi <=      3.00000
Bounds on variable x 8    :      0.00001 <= xi <=      0.00100
---------------------------------------------------------------------------
   17 &     998.1835981758 &    1330.7156609504 \\\\ 
   31 &     835.8475499893 &    1330.7156609504 \\\\ 
   57 &     680.3103992269 &    1335.4903373790 \\\\ 
   79 &     632.0011154268 &    1335.4903373790 \\\\ 
  109 &     581.6162453613 &    1335.4903373790 \\\\ 
  137 &     567.3573790892 &    1335.4903373790 \\\\ 
  235 &     522.1369082899 &    1387.9218920486 \\\\ 
  273 &     491.3896045372 &    1387.9218920486 \\\\ 
  311 &     475.5357198612 &    1387.9218920486 \\\\ 
  349 &     467.5523837814 &    1387.9218920486 \\\\ 
  385 &     461.0047089269 &    1387.9218920486 \\\\ 
  419 &     455.8659834440 &    1387.9218920486 \\\\ 
DIRECT stopped: numfunc >= maxf.
DIRECT Version 2.0.4
 Problem Dimension n                    :      8
 Eps value                              :   0.1000E-03
 Epsilon is constant.
 Maximum number of f-evaluations (maxf) :    400
 Maximum number of iterations (MaxT)    :    200
 Value of f_global                      :  -0.1000+101
 Global percentage wanted               :   0.1000E-01
 Volume percentage wanted               :  -0.1000E+01
 Measure percentage wanted              :  -0.1000E+01
 Jones original DIRECT algorithm is used.
Bounds on variable x 1    :     16.00000 <= xi <=     32.00000
Bounds on variable x 2    :      0.00000 <= xi <=      0.40000
Bounds on variable x 3    :      4.00000 <= xi <=      8.00000
Bounds on variable x 4    :      0.00000 <= xi <=      0.10000
Bounds on variable x 5    :      0.00000 <= xi <=      2.00000
Bounds on variable x 6    :      3.00000 <= xi <=      6.00000
Bounds on variable x 7    :      0.00000 <= xi <=      3.00000
Bounds on variable x 8    :      0.00001 <= xi <=      0.00100
---------------------------------------------------------------------------
   17 &      -5.9314693217 &     338.2812283281 \\\\ 
   73 &      -6.0889601030 &     358.2941095933 \\\\ 
   95 &      -6.2264919191 &     358.2941095933 \\\\ 
  171 &      -6.2498808590 &     362.6920044267 \\\\ 
  215 &      -6.2618828636 &     362.6920044267 \\\\ 
  313 &      -6.2865311310 &     378.6077839503 \\\\ 
  349 &      -6.3190994149 &     378.6077839503 \\\\ 
  439 &      -6.3479385906 &     382.7251203079 \\\\ 
DIRECT stopped: numfunc >= maxf.
DIRECT Version 2.0.4
 Problem Dimension n                    :      8
 Eps value                              :   0.1000E-03
 Epsilon is constant.
 Maximum number of f-evaluations (maxf) :    400
 Maximum number of iterations (MaxT)    :    200
 Value of f_global                      :  -0.1000+101
 Global percentage wanted               :   0.1000E-01
 Volume percentage wanted               :  -0.1000E+01
 Measure percentage wanted              :  -0.1000E+01
 Jones original DIRECT algorithm is used.
Bounds on variable x 1    :     16.00000 <= xi <=     32.00000
Bounds on variable x 2    :      0.00000 <= xi <=      0.40000
Bounds on variable x 3    :      4.00000 <= xi <=      8.00000
Bounds on variable x 4    :      0.00000 <= xi <=      0.10000
Bounds on variable x 5    :      0.00000 <= xi <=      2.00000
Bounds on variable x 6    :      3.00000 <= xi <=      6.00000
Bounds on variable x 7    :      0.00000 <= xi <=      3.00000
Bounds on variable x 8    :      0.00001 <= xi <=      0.00100
---------------------------------------------------------------------------
   17 &      -5.9787280730 &    6844.0128979337 \\\\ 
   31 &      -6.7611629969 &    6844.0128979337 \\\\ 
   57 &      -6.7640970677 &    6844.0128979337 \\\\ 
   79 &      -6.9267170957 &    6844.0128979337 \\\\ 
  161 &      -6.9478846244 &    7708.8566301223 \\\\ 
  275 &      -6.9866952651 &    9997.7084532035 \\\\ 
  325 &      -7.0014220164 &    9997.7084532035 \\\\ 
  359 &      -7.0195570046 &    9997.7084532035 \\\\ 
  445 &      -7.0307943100 &    9997.7084532035 \\\\ 
DIRECT stopped: numfunc >= maxf.
DIRECT Version 2.0.4
 Problem Dimension n                    :      8
 Eps value                              :   0.1000E-03
 Epsilon is constant.
 Maximum number of f-evaluations (maxf) :    400
 Maximum number of iterations (MaxT)    :    200
 Value of f_global                      :  -0.1000+101
 Global percentage wanted               :   0.1000E-01
 Volume percentage wanted               :  -0.1000E+01
 Measure percentage wanted              :  -0.1000E+01
 Jones original DIRECT algorithm is used.
Bounds on variable x 1    :     16.00000 <= xi <=     32.00000
Bounds on variable x 2    :      0.00000 <= xi <=      0.40000
Bounds on variable x 3    :      4.00000 <= xi <=      8.00000
Bounds on variable x 4    :      0.00000 <= xi <=      0.10000
Bounds on variable x 5    :      0.00000 <= xi <=      2.00000
Bounds on variable x 6    :      3.00000 <= xi <=      6.00000
Bounds on variable x 7    :      0.00000 <= xi <=      3.00000
Bounds on variable x 8    :      0.00001 <= xi <=      0.00100
---------------------------------------------------------------------------
   17 &    1179.1249586966 &    1492.4228329502 \\\\ 
   31 &     911.8307612929 &    1492.4228329502 \\\\ 
   57 &     779.0377542960 &    1564.5137461308 \\\\ 
   79 &     744.3955392939 &    1564.5137461308 \\\\ 
   99 &     711.5798776131 &    1564.5137461308 \\\\ 
  135 &     689.3624281877 &    1564.5137461308 \\\\ 
  175 &     684.0102981652 &    1564.5137461308 \\\\ 
  209 &     676.2251770820 &    1564.5137461308 \\\\ 
  247 &     613.4985781364 &    1564.5137461308 \\\\ 
  289 &     563.8054446867 &    1564.5137461308 \\\\ 
  329 &     549.1046561106 &    1564.5137461308 \\\\ 
  367 &     543.6795846546 &    1564.5137461308 \\\\ 
  403 &     538.5482075721 &    1564.5137461308 \\\\ 
DIRECT stopped: numfunc >= maxf.
DIRECT Version 2.0.4
 Problem Dimension n                    :      8
 Eps value                              :   0.1000E-03
 Epsilon is constant.
 Maximum number of f-evaluations (maxf) :    400
 Maximum number of iterations (MaxT)    :    200
 Value of f_global                      :  -0.1000+101
 Global percentage wanted               :   0.1000E-01
 Volume percentage wanted               :  -0.1000E+01
 Measure percentage wanted              :  -0.1000E+01
 Jones original DIRECT algorithm is used.
Bounds on variable x 1    :     16.00000 <= xi <=     32.00000
Bounds on variable x 2    :      0.00000 <= xi <=      0.40000
Bounds on variable x 3    :      4.00000 <= xi <=      8.00000
Bounds on variable x 4    :      0.00000 <= xi <=      0.10000
Bounds on variable x 5    :      0.00000 <= xi <=      2.00000
Bounds on variable x 6    :      3.00000 <= xi <=      6.00000
Bounds on variable x 7    :      0.00000 <= xi <=      3.00000
Bounds on variable x 8    :      0.00001 <= xi <=      0.00100
---------------------------------------------------------------------------
   17 &      -5.7361693521 &      -5.7347198014 \\\\ 
   31 &      -5.7365206872 &      -5.7347198014 \\\\ 
   57 &      -5.7369134149 &      -5.7347198014 \\\\ 
   79 &      -5.7370621256 &      -5.7347198014 \\\\ 
   99 &      -5.7371495500 &      -5.7346832600 \\\\ 
  127 &      -5.7372202536 &      -5.7346832600 \\\\ 
  379 &      -5.7373876307 &      -5.7343308925 \\\\ 
DIRECT stopped: numfunc >= maxf.
DIRECT Version 2.0.4
 Problem Dimension n                    :      8
 Eps value                              :   0.1000E-03
 Epsilon is constant.
 Maximum number of f-evaluations (maxf) :    400
 Maximum number of iterations (MaxT)    :    200
 Value of f_global                      :  -0.1000+101
 Global percentage wanted               :   0.1000E-01
 Volume percentage wanted               :  -0.1000E+01
 Measure percentage wanted              :  -0.1000E+01
 Jones original DIRECT algorithm is used.
Bounds on variable x 1    :     16.00000 <= xi <=     32.00000
Bounds on variable x 2    :      0.00000 <= xi <=      0.40000
Bounds on variable x 3    :      4.00000 <= xi <=      8.00000
Bounds on variable x 4    :      0.00000 <= xi <=      0.10000
Bounds on variable x 5    :      0.00000 <= xi <=      2.00000
Bounds on variable x 6    :      3.00000 <= xi <=      6.00000
Bounds on variable x 7    :      0.00000 <= xi <=      3.00000
Bounds on variable x 8    :      0.00001 <= xi <=      0.00100
---------------------------------------------------------------------------
   17 &    1433.8100121775 &   12645.2144709926 \\\\ 
   31 &      -3.0609516000 &   12645.2144709926 \\\\ 
   57 &      -4.7379262832 &   12645.2144709926 \\\\ 
   79 &      -5.0123499276 &   12645.2144709926 \\\\ 
  161 &      -5.1618636165 &   12645.2144709926 \\\\ 
  247 &      -5.3075812690 &   12674.7544076432 \\\\ 
  285 &      -5.3503418078 &   12674.7544076432 \\\\ 
  315 &      -5.3523134788 &   12802.3531312230 \\\\ 
  349 &      -5.3900273506 &   12802.3531312230 \\\\ 
  395 &      -5.4294905764 &   12802.3531312230 \\\\ 
DIRECT stopped: numfunc >= maxf.
DIRECT Version 2.0.4
 Problem Dimension n                    :      8
 Eps value                              :   0.1000E-03
 Epsilon is constant.
 Maximum number of f-evaluations (maxf) :    400
 Maximum number of iterations (MaxT)    :    200
 Value of f_global                      :  -0.1000+101
 Global percentage wanted               :   0.1000E-01
 Volume percentage wanted               :  -0.1000E+01
 Measure percentage wanted              :  -0.1000E+01
 Jones original DIRECT algorithm is used.
Bounds on variable x 1    :     16.00000 <= xi <=     32.00000
Bounds on variable x 2    :      0.00000 <= xi <=      0.40000
Bounds on variable x 3    :      4.00000 <= xi <=      8.00000
Bounds on variable x 4    :      0.00000 <= xi <=      0.10000
Bounds on variable x 5    :      0.00000 <= xi <=      2.00000
Bounds on variable x 6    :      3.00000 <= xi <=      6.00000
Bounds on variable x 7    :      0.00000 <= xi <=      3.00000
Bounds on variable x 8    :      0.00001 <= xi <=      0.00100
---------------------------------------------------------------------------
   17 &      -9.4733916653 &    1168.3480612680 \\\\ 
   31 &      -9.5746729631 &    1168.3480612680 \\\\ 
   95 &      -9.6026012961 &    5631.4475836739 \\\\ 
  139 &      -9.6713949511 &    5631.4475836739 \\\\ 
  251 &      -9.7036012205 &    5631.4475836739 \\\\ 
  329 &      -9.7110952922 &   42638.0092336953 \\\\ 
  367 &      -9.7170519512 &   42638.0092336953 \\\\ 
  407 &      -9.7193407297 &   42638.0092336953 \\\\ 
DIRECT stopped: numfunc >= maxf.
DIRECT Version 2.0.4
 Problem Dimension n                    :      8
 Eps value                              :   0.1000E-03
 Epsilon is constant.
 Maximum number of f-evaluations (maxf) :    400
 Maximum number of iterations (MaxT)    :    200
 Value of f_global                      :  -0.1000+101
 Global percentage wanted               :   0.1000E-01
 Volume percentage wanted               :  -0.1000E+01
 Measure percentage wanted              :  -0.1000E+01
 Jones original DIRECT algorithm is used.
Bounds on variable x 1    :     16.00000 <= xi <=     32.00000
Bounds on variable x 2    :      0.00000 <= xi <=      0.40000
Bounds on variable x 3    :      4.00000 <= xi <=      8.00000
Bounds on variable x 4    :      0.00000 <= xi <=      0.10000
Bounds on variable x 5    :      0.00000 <= xi <=      2.00000
Bounds on variable x 6    :      3.00000 <= xi <=      6.00000
Bounds on variable x 7    :      0.00000 <= xi <=      3.00000
Bounds on variable x 8    :      0.00001 <= xi <=      0.00100
---------------------------------------------------------------------------
   17 &      -3.8404085111 &    1657.7008886104 \\\\ 
   31 &      -4.4968183498 &    1657.7008886104 \\\\ 
   95 &      -4.6800932105 &    1898.0519064244 \\\\ 
  155 &      -4.6890008532 &    2205.7460432800 \\\\ 
  191 &      -4.6893665949 &    2205.7460432800 \\\\ 
  293 &      -4.6968677574 &    2205.7460432800 \\\\ 
  413 &      -4.6980520820 &    2205.7460432800 \\\\ 
DIRECT stopped: numfunc >= maxf.
DIRECT Version 2.0.4
 Problem Dimension n                    :      8
 Eps value                              :   0.1000E-03
 Epsilon is constant.
 Maximum number of f-evaluations (maxf) :    400
 Maximum number of iterations (MaxT)    :    200
 Value of f_global                      :  -0.1000+101
 Global percentage wanted               :   0.1000E-01
 Volume percentage wanted               :  -0.1000E+01
 Measure percentage wanted              :  -0.1000E+01
 Jones original DIRECT algorithm is used.
Bounds on variable x 1    :     16.00000 <= xi <=     32.00000
Bounds on variable x 2    :      0.00000 <= xi <=      0.40000
Bounds on variable x 3    :      4.00000 <= xi <=      8.00000
Bounds on variable x 4    :      0.00000 <= xi <=      0.10000
Bounds on variable x 5    :      0.00000 <= xi <=      2.00000
Bounds on variable x 6    :      3.00000 <= xi <=      6.00000
Bounds on variable x 7    :      0.00000 <= xi <=      3.00000
Bounds on variable x 8    :      0.00001 <= xi <=      0.00100
---------------------------------------------------------------------------
   17 &      -5.7594208337 &      -5.7579019071 \\\\ 
   57 &      -5.7594650660 &      -5.7579019071 \\\\ 
   79 &      -5.7595026217 &      -5.7579019071 \\\\ 
  109 &      -5.7595858010 &      -5.7579019071 \\\\ 
  145 &      -5.7596037896 &      -5.7579019071 \\\\ 
  181 &      -5.7596848627 &      -5.7579019071 \\\\ 
DIRECT stopped: numfunc >= maxf.
DIRECT Version 2.0.4
 Problem Dimension n                    :      8
 Eps value                              :   0.1000E-03
 Epsilon is constant.
 Maximum number of f-evaluations (maxf) :    400
 Maximum number of iterations (MaxT)    :    200
 Value of f_global                      :  -0.1000+101
 Global percentage wanted               :   0.1000E-01
 Volume percentage wanted               :  -0.1000E+01
 Measure percentage wanted              :  -0.1000E+01
 Jones original DIRECT algorithm is used.
Bounds on variable x 1    :     16.00000 <= xi <=     32.00000
Bounds on variable x 2    :      0.00000 <= xi <=      0.40000
Bounds on variable x 3    :      4.00000 <= xi <=      8.00000
Bounds on variable x 4    :      0.00000 <= xi <=      0.10000
Bounds on variable x 5    :      0.00000 <= xi <=      2.00000
Bounds on variable x 6    :      3.00000 <= xi <=      6.00000
Bounds on variable x 7    :      0.00000 <= xi <=      3.00000
Bounds on variable x 8    :      0.00001 <= xi <=      0.00100
---------------------------------------------------------------------------
   17 &      -5.9292790067 &      -5.9263809084 \\\\ 
   31 &      -5.9319903800 &      -5.9263809084 \\\\ 
   95 &      -5.9322042257 &      -5.9259831765 \\\\ 
  231 &      -5.9323461539 &      -5.9259831765 \\\\ 
DIRECT stopped: numfunc >= maxf.
DIRECT Version 2.0.4
 Problem Dimension n                    :      8
 Eps value                              :   0.1000E-03
 Epsilon is constant.
 Maximum number of f-evaluations (maxf) :    400
 Maximum number of iterations (MaxT)    :    200
 Value of f_global                      :  -0.1000+101
 Global percentage wanted               :   0.1000E-01
 Volume percentage wanted               :  -0.1000E+01
 Measure percentage wanted              :  -0.1000E+01
 Jones original DIRECT algorithm is used.
Bounds on variable x 1    :     16.00000 <= xi <=     32.00000
Bounds on variable x 2    :      0.00000 <= xi <=      0.40000
Bounds on variable x 3    :      4.00000 <= xi <=      8.00000
Experiment dir : eval-EXP-20190910-124235
config {'batch_size': 32, 'drop_path_prob': 0.04044691379252424, 'grad_clip_value': 8, 'initial_lr': 2.6429643585642074e-06, 'lr_scheduler': 'Exponential', 'n_conv_layers': 6, 'weight_decay': 1.000506895672792e-05}
config {'batch_size': 32, 'drop_path_prob': 0.14419761291297997, 'grad_clip_value': 8, 'initial_lr': 1.7152398681786012e-06, 'lr_scheduler': 'Cosine', 'n_conv_layers': 6, 'weight_decay': 1.004258569677112e-05}
config {'batch_size': 32, 'drop_path_prob': 0.06627168429902346, 'grad_clip_value': 8, 'initial_lr': 1.5231319634833736e-06, 'lr_scheduler': 'Cosine', 'n_conv_layers': 6, 'optimizer': 'adad', 'weight_decay': 1.0039654734954814e-05}
48 48 16
48 64 16
64 64 32
64 128 32
128 128 64
128 256 64
Training size= 48000
Optimization terminated successfully.
         Current function value: -10000000000000000905969664.000000
         Iterations: 28
         Function evaluations: 86
config {'batch_size': 32, 'drop_path_prob': 0.026666666666666672, 'grad_clip_value': 8, 'initial_lr': 1.211539282207375e-06, 'lr_scheduler': 'Cosine', 'n_conv_layers': 6, 'optimizer': 'adam', 'weight_decay': 1.0043613690324998e-05}
48 48 16
48 64 16
64 64 32
64 128 32
128 128 64
128 256 64
Training size= 48000
Optimization terminated successfully.
         Current function value: -10000000000000000905969664.000000
         Iterations: 28
         Function evaluations: 86
config {'batch_size': 32, 'drop_path_prob': 0.06222222222222223, 'grad_clip_value': 8, 'initial_lr': 1.0660620905544188e-06, 'lr_scheduler': 'Exponential', 'n_conv_layers': 6, 'weight_decay': 1.0018206976844024e-05}
Optimization terminated successfully.
         Current function value: -10000000000000000905969664.000000
         Iterations: 27
         Function evaluations: 84
config {'batch_size': 32, 'drop_path_prob': 0.026666666666666672, 'grad_clip_value': 8, 'initial_lr': 2.6101622241115896e-06, 'n_conv_layers': 6, 'optimizer': 'adam', 'weight_decay': 1.0023283172746057e-05}
Optimization terminated successfully.
         Current function value: -10000000000000000905969664.000000
         Iterations: 29
         Function evaluations: 90
config {'batch_size': 32, 'drop_path_prob': 0.13333333333333333, 'grad_clip_value': 8, 'initial_lr': 1.7782896466675373e-06, 'n_conv_layers': 6, 'optimizer': 'sgd', 'weight_decay': 1.0043613690324998e-05}
Warning: Maximum number of function evaluations has been exceeded.
config {'batch_size': 32, 'drop_path_prob': 0.08000000000000002, 'grad_clip_value': 8, 'initial_lr': 1.7782896466675373e-06, 'lr_scheduler': 'Cosine', 'n_conv_layers': 6, 'optimizer': 'adam', 'weight_decay': 1.0040222409305598e-05}
48 48 16
48 64 16
64 64 32
64 128 32
128 128 64
128 256 64
Training size= 48000
Optimization terminated successfully.
         Current function value: -10000000000000000905969664.000000
         Iterations: 28
         Function evaluations: 86
config {'batch_size': 32, 'drop_path_prob': 0.11555555555555555, 'grad_clip_value': 8, 'initial_lr': 1.7782896466675373e-06, 'n_conv_layers': 6, 'optimizer': 'sgd', 'weight_decay': 1.0043613690324998e-05}
Optimization terminated successfully.
         Current function value: -10000000000000000905969664.000000
         Iterations: 27
         Function evaluations: 84
config {'batch_size': 32, 'drop_path_prob': 0.020740740740740747, 'grad_clip_value': 8, 'initial_lr': 2.020958986507003e-06, 'n_conv_layers': 6, 'optimizer': 'adam', 'weight_decay': 1.0018206976844024e-05}
Optimization terminated successfully.
         Current function value: -10000000000000000905969664.000000
         Iterations: 29
         Function evaluations: 90
config {'batch_size': 32, 'drop_path_prob': 0.08000000000000002, 'grad_clip_value': 8, 'initial_lr': 2.6101622241115896e-06, 'lr_scheduler': 'Cosine', 'n_conv_layers': 6, 'optimizer': 'sgd', 'weight_decay': 1.0028361940741568e-05}
48 48 16
48 64 16
64 64 32
64 128 32
128 128 64
128 256 64
Training size= 48000
Optimization terminated successfully.
         Current function value: -10000000000000000905969664.000000
         Iterations: 28
         Function evaluations: 86
config {'batch_size': 32, 'drop_path_prob': 0.11555555555555555, 'grad_clip_value': 8, 'initial_lr': 2.6101622241115896e-06, 'n_conv_layers': 6, 'optimizer': 'adam', 'weight_decay': 1.0043613690324998e-05}
Optimization terminated successfully.
         Current function value: -10000000000000000905969664.000000
         Iterations: 28
         Function evaluations: 86
config {'batch_size': 32, 'drop_path_prob': 0.08000000000000002, 'grad_clip_value': 8, 'initial_lr': 1.211539282207375e-06, 'n_conv_layers': 6, 'optimizer': 'adad', 'weight_decay': 1.0038527198226775e-05}
Optimization terminated successfully.
         Current function value: -10000000000000000905969664.000000
         Iterations: 29
         Function evaluations: 90
config {'batch_size': 32, 'drop_path_prob': 0.06222222222222223, 'grad_clip_value': 8, 'initial_lr': 1.0660620905544188e-06, 'lr_scheduler': 'Cosine', 'n_conv_layers': 6, 'optimizer': 'adam', 'weight_decay': 1.0043613690324998e-05}
48 48 16
48 64 16
64 64 32
64 128 32
128 128 64
128 256 64
Training size= 48000
Optimization terminated successfully.
         Current function value: -10000000000000000905969664.000000
         Iterations: 28
         Function evaluations: 86
config {'batch_size': 32, 'drop_path_prob': 0.01481481481481482, 'grad_clip_value': 8, 'initial_lr': 1.211539282207375e-06, 'lr_scheduler': 'Cosine', 'n_conv_layers': 6, 'optimizer': 'sgd', 'weight_decay': 1.0024975809558717e-05}
48 48 16
48 64 16
64 64 32
64 128 32
128 128 64
128 256 64
Training size= 48000
Optimization terminated successfully.
         Current function value: -10000000000000000905969664.000000
         Iterations: 28
         Function evaluations: 86
config {'batch_size': 32, 'drop_path_prob': 0.08000000000000002, 'grad_clip_value': 8, 'initial_lr': 1.211539282207375e-06, 'lr_scheduler': 'Cosine', 'n_conv_layers': 6, 'weight_decay': 1.0023283172746057e-05}
Optimization terminated successfully.
         Current function value: -10000000000000000905969664.000000
         Iterations: 28
         Function evaluations: 86
config {'batch_size': 32, 'drop_path_prob': 0.026666666666666672, 'grad_clip_value': 8, 'initial_lr': 2.6101622241115896e-06, 'lr_scheduler': 'Exponential', 'n_conv_layers': 6, 'optimizer': 'sgd', 'weight_decay': 1.0038527198226775e-05}
48 48 16
48 64 16
64 64 32
64 128 32
128 128 64
128 256 64
Training size= 48000
Optimization terminated successfully.
         Current function value: -10000000000000000905969664.000000
         Iterations: 27
         Function evaluations: 84
config {'batch_size': 32, 'drop_path_prob': 0.026666666666666672, 'grad_clip_value': 8, 'initial_lr': 1.7782896466675373e-06, 'lr_scheduler': 'Exponential', 'n_conv_layers': 6, 'optimizer': 'adam', 'weight_decay': 1.0023283172746057e-05}
48 48 16
48 64 16
64 64 32
64 128 32
128 128 64
128 256 64
Training size= 48000
Optimization terminated successfully.
         Current function value: -10000000000000000905969664.000000
         Iterations: 28
         Function evaluations: 86
config {'batch_size': 32, 'drop_path_prob': 0.06222222222222223, 'grad_clip_value': 8, 'initial_lr': 2.966350736475734e-06, 'lr_scheduler': 'Exponential', 'n_conv_layers': 6, 'optimizer': 'adad', 'weight_decay': 1.0043613690324998e-05}
48 48 16
48 64 16
64 64 32
64 128 32
128 128 64
128 256 64
Training size= 48000
Optimization terminated successfully.
         Current function value: -10000000000000000905969664.000000
         Iterations: 27
         Function evaluations: 84
config {'batch_size': 32, 'drop_path_prob': 0.026666666666666672, 'grad_clip_value': 8, 'initial_lr': 1.0660620905544188e-06, 'n_conv_layers': 6, 'optimizer': 'sgd', 'weight_decay': 1.0023283172746057e-05}
{'batch_size': 32, 'drop_path_prob': 0.08000000000000002, 'grad_clip_value': 8, 'initial_lr': 1.7782896466675373e-06, 'lr_scheduler': 'Cosine', 'n_conv_layers': 6, 'optimizer': 'adam', 'weight_decay': 1.0040222409305598e-05}
Bounds on variable x 4    :      0.00000 <= xi <=      0.10000
Bounds on variable x 5    :      0.00000 <= xi <=      2.00000
Bounds on variable x 6    :      3.00000 <= xi <=      6.00000
Bounds on variable x 7    :      0.00000 <= xi <=      3.00000
Bounds on variable x 8    :      0.00001 <= xi <=      0.00100
---------------------------------------------------------------------------
   17 &      -6.0735616602 &    4211.1512943312 \\\\ 
   31 &      -6.8422978499 &    4211.1512943312 \\\\ 
   57 &      -7.0309834271 &    4211.1512943312 \\\\ 
  125 &      -7.1986274811 &    4211.1512943312 \\\\ 
  161 &      -7.2375942383 &    4211.1512943312 \\\\ 
  247 &      -7.2751630228 &    4211.1512943312 \\\\ 
  285 &      -7.3018174880 &    4211.1512943312 \\\\ 
  321 &      -7.3073491018 &    4211.1512943312 \\\\ 
  359 &      -7.3320973273 &    4211.1512943312 \\\\ 
  395 &      -7.3406165658 &    4211.1512943312 \\\\ 
  439 &      -7.3449363621 &    4211.1512943312 \\\\ 
DIRECT stopped: numfunc >= maxf.
DIRECT Version 2.0.4
 Problem Dimension n                    :      8
 Eps value                              :   0.1000E-03
 Epsilon is constant.
 Maximum number of f-evaluations (maxf) :    400
 Maximum number of iterations (MaxT)    :    200
 Value of f_global                      :  -0.1000+101
 Global percentage wanted               :   0.1000E-01
 Volume percentage wanted               :  -0.1000E+01
 Measure percentage wanted              :  -0.1000E+01
 Jones original DIRECT algorithm is used.
Bounds on variable x 1    :     16.00000 <= xi <=     32.00000
Bounds on variable x 2    :      0.00000 <= xi <=      0.40000
Bounds on variable x 3    :      4.00000 <= xi <=      8.00000
Bounds on variable x 4    :      0.00000 <= xi <=      0.10000
Bounds on variable x 5    :      0.00000 <= xi <=      2.00000
Bounds on variable x 6    :      3.00000 <= xi <=      6.00000
Bounds on variable x 7    :      0.00000 <= xi <=      3.00000
Bounds on variable x 8    :      0.00001 <= xi <=      0.00100
---------------------------------------------------------------------------
   17 &      -5.9482517104 &      -5.9468640513 \\\\ 
   31 &      -5.9484940817 &      -5.9468640513 \\\\ 
   57 &      -5.9485727836 &      -5.9467165183 \\\\ 
   79 &      -5.9490519855 &      -5.9467165183 \\\\ 
  101 &      -5.9511552785 &      -5.9467165183 \\\\ 
  165 &      -5.9516743764 &      -5.9456504527 \\\\ 
  189 &      -5.9520730286 &      -5.9456504527 \\\\ 
  237 &      -5.9521090068 &      -5.9456504527 \\\\ 
DIRECT stopped: numfunc >= maxf.
