Workingdir: /home/rkohli/aml-project/src
Started at Tue Sep 10 12:42:00 CEST 2019
Running job darts+es-model using 2 cpus per node with given JID 3277072 on queue meta_gpu-black
Experiment dir : eval-EXP-20190910-124208
09/10 12:42:19 PM Evaluate: [2.38912492e+01 3.87260251e-01 7.74709142e+00 5.52115588e-02
 2.33652277e-01 3.43746865e+00 1.43725224e+00 4.55496617e-04]
config {'batch_size': 32, 'drop_path_prob': 0.15490410044073497, 'grad_clip_value': 8, 'initial_lr': 1.8882426118644182e-06, 'lr_scheduler': 'Exponential', 'n_conv_layers': 6, 'optimizer': 'adad', 'weight_decay': 1.0020998410272621e-05}
09/10 12:42:19 PM gpu device = cuda:0
09/10 12:42:19 PM config = {'batch_size': 32, 'drop_path_prob': 0.15490410044073497, 'grad_clip_value': 8, 'initial_lr': 1.8882426118644182e-06, 'lr_scheduler': 'Exponential', 'n_conv_layers': 6, 'optimizer': 'adad', 'weight_decay': 1.0020998410272621e-05}
48 48 16
48 64 16
64 64 32
64 128 32
128 128 64
128 256 64
09/10 12:43:07 PM param size = 0.255930MB
Training size= 48000
09/10 12:43:07 PM epoch 0 lr 1.888243e-07
09/10 12:43:12 PM train 000 2.394835e+00 12.500000 40.625000
09/10 12:43:21 PM train 050 2.351189e+00 7.322304 48.897059
09/10 12:43:31 PM train 100 2.352858e+00 7.193688 47.617574
09/10 12:43:40 PM train 150 2.353511e+00 6.932947 47.299255
09/10 12:43:50 PM train 200 2.355045e+00 6.856343 46.937189
09/10 12:43:59 PM train 250 2.353546e+00 6.928536 47.285857
09/10 12:44:08 PM train 300 2.352476e+00 7.002699 47.601744
09/10 12:44:18 PM train 350 2.351774e+00 7.006766 47.840990
09/10 12:44:27 PM train 400 2.351263e+00 7.013716 47.969919
09/10 12:44:37 PM train 450 2.350875e+00 7.067627 48.108370
09/10 12:44:46 PM train 500 2.350838e+00 7.054641 48.156811
09/10 12:44:55 PM train 550 2.350522e+00 7.024161 48.077359
09/10 12:45:05 PM train 600 2.350206e+00 7.053349 48.055324
09/10 12:45:14 PM train 650 2.350713e+00 7.018049 48.039075
09/10 12:45:24 PM train 700 2.350680e+00 6.985556 48.029601
09/10 12:45:33 PM train_acc 7.022917
09/10 12:45:33 PM valid 000 2.387204e+00 4.687500 35.937500
09/10 12:45:34 PM valid 050 2.350773e+00 7.475490 47.334559
09/10 12:45:36 PM valid 100 2.352339e+00 7.209158 47.648515
09/10 12:45:38 PM valid 150 2.349659e+00 7.357202 48.209851
09/10 12:45:39 PM valid_acc 7.275000
09/10 12:45:39 PM epoch 1 lr 1.888243e-08
09/10 12:45:39 PM train 000 2.360397e+00 6.250000 51.562500
09/10 12:45:49 PM train 050 2.354706e+00 7.689951 48.897059
09/10 12:45:58 PM train 100 2.354243e+00 7.719678 48.406559
09/10 12:46:08 PM train 150 2.354806e+00 7.698675 47.806291
09/10 12:46:18 PM train 200 2.355120e+00 7.641480 48.064366
09/10 12:46:27 PM train 250 2.354460e+00 7.706673 47.933267
09/10 12:46:37 PM train 300 2.354117e+00 7.807309 47.913206
09/10 12:46:46 PM train 350 2.353680e+00 7.883725 47.961182
09/10 12:46:56 PM train 400 2.353294e+00 7.929395 48.176434
09/10 12:47:06 PM train 450 2.353625e+00 7.951081 48.181125
09/10 12:47:15 PM train 500 2.353918e+00 7.899825 48.200474
09/10 12:47:25 PM train 550 2.354300e+00 7.863544 48.100045
09/10 12:47:35 PM train 600 2.354017e+00 7.934692 48.156718
09/10 12:47:44 PM train 650 2.353725e+00 7.906106 48.293491
09/10 12:47:54 PM train 700 2.353602e+00 7.894971 48.348342
09/10 12:48:03 PM train_acc 7.827083
09/10 12:48:03 PM valid 000 2.352321e+00 4.687500 46.875000
09/10 12:48:05 PM valid 050 2.330292e+00 8.363971 48.223039
09/10 12:48:07 PM valid 100 2.335712e+00 8.013614 47.230817
09/10 12:48:08 PM valid 150 2.335062e+00 8.143626 47.175083
09/10 12:48:09 PM valid_acc 8.008333
09/10 12:48:09 PM epoch 2 lr 1.888243e-09
09/10 12:48:09 PM train 000 2.332361e+00 14.062500 50.000000
09/10 12:48:19 PM train 050 2.363893e+00 7.567402 47.242647
09/10 12:48:29 PM train 100 2.361735e+00 7.812500 48.004332
09/10 12:48:39 PM train 150 2.359066e+00 8.071192 48.240894
09/10 12:48:49 PM train 200 2.358865e+00 8.037935 48.491915
09/10 12:48:58 PM train 250 2.357273e+00 8.273157 48.823456
09/10 12:49:08 PM train 300 2.357406e+00 8.378322 48.852782
09/10 12:49:18 PM train 350 2.358662e+00 8.248754 48.611111
09/10 12:49:27 PM train 400 2.359785e+00 8.202151 48.433603
09/10 12:49:37 PM train 450 2.360244e+00 8.120843 48.305848
09/10 12:49:47 PM train 500 2.360294e+00 8.096307 48.303393
09/10 12:49:56 PM train 550 2.360201e+00 8.110254 48.233326
09/10 12:50:06 PM train 600 2.360051e+00 8.106281 48.232113
09/10 12:50:16 PM train 650 2.359931e+00 8.150922 48.175883
09/10 12:50:25 PM train 700 2.360088e+00 8.142386 48.201230
09/10 12:50:35 PM train_acc 8.137500
09/10 12:50:35 PM valid 000 2.334623e+00 9.375000 35.937500
09/10 12:50:36 PM valid 050 2.340460e+00 9.375000 44.638480
09/10 12:50:38 PM valid 100 2.333636e+00 10.133045 45.993193
09/10 12:50:39 PM valid 150 2.331610e+00 10.120033 46.792219
09/10 12:50:40 PM valid_acc 10.008333
09/10 12:50:40 PM epoch 3 lr 1.888243e-10
09/10 12:50:41 PM train 000 2.307962e+00 14.062500 53.125000
09/10 12:50:50 PM train 050 2.367816e+00 9.742647 47.334559
09/10 12:51:00 PM train 100 2.369518e+00 8.941832 47.246287
09/10 12:51:10 PM train 150 2.365943e+00 8.909354 47.920116
09/10 12:51:19 PM train 200 2.363235e+00 8.939677 48.328669
09/10 12:51:29 PM train 250 2.362597e+00 8.777390 48.400149
09/10 12:51:38 PM train 300 2.362499e+00 8.674211 48.447882
09/10 12:51:48 PM train 350 2.363133e+00 8.595976 48.450855
09/10 12:51:58 PM train 400 2.363662e+00 8.517768 48.340087
09/10 12:52:07 PM train 450 2.364121e+00 8.432650 48.330100
09/10 12:52:17 PM train 500 2.363872e+00 8.483034 48.331462
09/10 12:52:27 PM train 550 2.362922e+00 8.501588 48.409142
09/10 12:52:36 PM train 600 2.362320e+00 8.524854 48.562292
09/10 12:52:46 PM train 650 2.362356e+00 8.542147 48.564708
09/10 12:52:56 PM train 700 2.361897e+00 8.614925 48.622504
09/10 12:53:05 PM train_acc 8.656250
09/10 12:53:05 PM valid 000 2.317297e+00 12.500000 45.312500
09/10 12:53:07 PM valid 050 2.330471e+00 9.926471 46.109069
09/10 12:53:08 PM valid 100 2.330750e+00 10.241337 46.921411
09/10 12:53:10 PM valid 150 2.332215e+00 10.140728 46.543874
09/10 12:53:11 PM valid_acc 10.275000
09/10 12:53:11 PM epoch 4 lr 1.888243e-11
09/10 12:53:11 PM train 000 2.387145e+00 4.687500 50.000000
09/10 12:53:21 PM train 050 2.366821e+00 8.425245 48.958333
09/10 12:53:30 PM train 100 2.366872e+00 8.926361 48.932550
09/10 12:53:40 PM train 150 2.367616e+00 8.816225 48.758278
09/10 12:53:50 PM train 200 2.366728e+00 8.854167 48.958333
09/10 12:53:59 PM train 250 2.367442e+00 8.951693 48.730080
09/10 12:54:09 PM train 300 2.367228e+00 8.949336 48.738580
09/10 12:54:19 PM train 350 2.367877e+00 8.849715 48.664530
09/10 12:54:28 PM train 400 2.368828e+00 8.794420 48.753117
09/10 12:54:38 PM train 450 2.368846e+00 8.779102 48.725055
09/10 12:54:48 PM train 500 2.368009e+00 8.829217 48.814870
09/10 12:54:57 PM train 550 2.368900e+00 8.770985 48.715404
09/10 12:55:07 PM train 600 2.369136e+00 8.790037 48.728681
09/10 12:55:16 PM train 650 2.369324e+00 8.772561 48.715918
09/10 12:55:26 PM train 700 2.369191e+00 8.755350 48.658167
09/10 12:55:36 PM train_acc 8.770833
09/10 12:55:36 PM valid 000 2.355633e+00 7.812500 42.187500
09/10 12:55:37 PM valid 050 2.334447e+00 10.079657 46.905637
09/10 12:55:39 PM valid 100 2.335123e+00 10.225866 46.983292
09/10 12:55:40 PM valid 150 2.336968e+00 10.057947 46.564570
09/10 12:55:41 PM valid_acc 10.225000
09/10 12:55:41 PM Configuration achieved a performance of 2.335721 in 802.355533 seconds
09/10 12:55:41 PM Evaluate: [3.19274864e+01 1.17996324e-01 5.49662182e+00 1.18243871e-02
 1.18006918e+00 4.95029287e+00 5.59375501e-01 3.30343244e-05]
config {'batch_size': 32, 'drop_path_prob': 0.04719852978282222, 'grad_clip_value': 8, 'initial_lr': 1.1458346081253595e-06, 'lr_scheduler': 'Cosine', 'n_conv_layers': 6, 'optimizer': 'adad', 'weight_decay': 1.0001521402582232e-05}
09/10 12:55:41 PM gpu device = cuda:0
09/10 12:55:41 PM config = {'batch_size': 32, 'drop_path_prob': 0.04719852978282222, 'grad_clip_value': 8, 'initial_lr': 1.1458346081253595e-06, 'lr_scheduler': 'Cosine', 'n_conv_layers': 6, 'optimizer': 'adad', 'weight_decay': 1.0001521402582232e-05}
48 48 16
48 64 16
64 64 32
64 128 32
128 128 64
128 256 64
09/10 12:55:42 PM param size = 0.255930MB
Training size= 48000
09/10 12:55:42 PM epoch 0 lr 1.036417e-06
09/10 12:55:42 PM train 000 2.394835e+00 12.500000 40.625000
09/10 12:55:51 PM train 050 2.351186e+00 7.322304 48.897059
09/10 12:56:01 PM train 100 2.352853e+00 7.193688 47.617574
09/10 12:56:10 PM train 150 2.353503e+00 6.932947 47.299255
09/10 12:56:19 PM train 200 2.355035e+00 6.856343 46.944963
09/10 12:56:29 PM train 250 2.353533e+00 6.934761 47.292082
09/10 12:56:38 PM train 300 2.352460e+00 7.007890 47.606935
09/10 12:56:48 PM train 350 2.351755e+00 7.011218 47.845442
09/10 12:56:57 PM train 400 2.351242e+00 7.017612 47.973815
09/10 12:57:07 PM train 450 2.350852e+00 7.071092 48.108370
09/10 12:57:16 PM train 500 2.350812e+00 7.057759 48.156811
09/10 12:57:25 PM train 550 2.350493e+00 7.026996 48.077359
09/10 12:57:35 PM train 600 2.350175e+00 7.055948 48.055324
09/10 12:57:44 PM train 650 2.350679e+00 7.020449 48.043875
09/10 12:57:54 PM train 700 2.350644e+00 6.987785 48.034058
09/10 12:58:03 PM train_acc 7.025000
09/10 12:58:03 PM valid 000 2.387103e+00 4.687500 35.937500
09/10 12:58:04 PM valid 050 2.350693e+00 7.475490 47.334559
09/10 12:58:06 PM valid 100 2.352256e+00 7.209158 47.648515
09/10 12:58:08 PM valid 150 2.349577e+00 7.367550 48.209851
09/10 12:58:09 PM valid_acc 7.283333
09/10 12:58:09 PM epoch 1 lr 7.499585e-07
09/10 12:58:09 PM train 000 2.337937e+00 7.812500 50.000000
09/10 12:58:19 PM train 050 2.348508e+00 7.935049 49.356618
09/10 12:58:28 PM train 100 2.348410e+00 7.487624 49.118193
09/10 12:58:38 PM train 150 2.350543e+00 7.408940 48.230546
09/10 12:58:47 PM train 200 2.350901e+00 7.276119 48.126555
09/10 12:58:57 PM train 250 2.350772e+00 7.295817 48.082669
09/10 12:59:07 PM train 300 2.350547e+00 7.251869 48.172757
09/10 12:59:16 PM train 350 2.350238e+00 7.224893 48.214922
09/10 12:59:26 PM train 400 2.350316e+00 7.220231 48.211502
09/10 12:59:36 PM train 450 2.350853e+00 7.178492 48.278132
09/10 12:59:45 PM train 500 2.350978e+00 7.110778 48.290918
09/10 12:59:55 PM train 550 2.351734e+00 6.992967 48.199297
09/10 01:00:05 PM train 600 2.351722e+00 6.980553 48.102121
09/10 01:00:14 PM train 650 2.351513e+00 7.015649 48.156682
09/10 01:00:24 PM train 700 2.351589e+00 7.014533 48.158880
09/10 01:00:34 PM train_acc 6.983333
09/10 01:00:34 PM valid 000 2.362878e+00 4.687500 45.312500
09/10 01:00:35 PM valid 050 2.339858e+00 7.475490 48.590686
09/10 01:00:37 PM valid 100 2.343761e+00 7.332921 47.957921
09/10 01:00:38 PM valid 150 2.343194e+00 7.305464 47.961507
09/10 01:00:39 PM valid_acc 7.233333
09/10 01:00:39 PM epoch 2 lr 3.958761e-07
09/10 01:00:40 PM train 000 2.345737e+00 7.812500 45.312500
09/10 01:00:49 PM train 050 2.358383e+00 6.617647 46.997549
09/10 01:00:59 PM train 100 2.356243e+00 6.714109 47.509282
09/10 01:01:09 PM train 150 2.352972e+00 7.119205 48.261589
09/10 01:01:18 PM train 200 2.353012e+00 7.105100 48.243159
09/10 01:01:28 PM train 250 2.352825e+00 7.040588 48.362799
09/10 01:01:38 PM train 300 2.352451e+00 6.981935 48.468646
09/10 01:01:47 PM train 350 2.353732e+00 6.895477 48.312856
09/10 01:01:57 PM train 400 2.353936e+00 6.947475 48.379052
09/10 01:02:07 PM train 450 2.354486e+00 6.939440 48.194983
09/10 01:02:16 PM train 500 2.354445e+00 6.973553 48.191118
09/10 01:02:26 PM train 550 2.354492e+00 6.950431 48.173775
09/10 01:02:36 PM train 600 2.354469e+00 6.988353 48.078723
09/10 01:02:45 PM train 650 2.354463e+00 7.018049 48.003072
09/10 01:02:55 PM train 700 2.354266e+00 7.056883 48.002853
09/10 01:03:04 PM train_acc 7.062500
09/10 01:03:04 PM valid 000 2.338934e+00 10.937500 42.187500
09/10 01:03:06 PM valid 050 2.351185e+00 6.770833 45.649510
09/10 01:03:08 PM valid 100 2.342737e+00 6.977104 47.261757
09/10 01:03:09 PM valid 150 2.340140e+00 7.357202 47.744205
09/10 01:03:10 PM valid_acc 7.241667
09/10 01:03:10 PM epoch 3 lr 1.094175e-07
09/10 01:03:10 PM train 000 2.306992e+00 12.500000 59.375000
09/10 01:03:20 PM train 050 2.353574e+00 7.751225 47.763480
09/10 01:03:30 PM train 100 2.354525e+00 7.363861 47.957921
09/10 01:03:39 PM train 150 2.354140e+00 7.439983 48.013245
09/10 01:03:49 PM train 200 2.352200e+00 7.509328 48.585199
09/10 01:03:59 PM train 250 2.352502e+00 7.345618 48.618028
09/10 01:04:08 PM train 300 2.353239e+00 7.376453 48.473837
09/10 01:04:18 PM train 350 2.353382e+00 7.451923 48.464209
09/10 01:04:28 PM train 400 2.353951e+00 7.337126 48.418017
09/10 01:04:37 PM train 450 2.354317e+00 7.313609 48.340493
09/10 01:04:47 PM train 500 2.354680e+00 7.301023 48.184880
09/10 01:04:57 PM train 550 2.354263e+00 7.268035 48.204968
09/10 01:05:06 PM train 600 2.353964e+00 7.341930 48.239913
09/10 01:05:16 PM train 650 2.354187e+00 7.385273 48.250288
09/10 01:05:26 PM train 700 2.353899e+00 7.449180 48.326052
09/10 01:05:35 PM train_acc 7.445833
09/10 01:05:35 PM valid 000 2.341103e+00 4.687500 40.625000
09/10 01:05:37 PM valid 050 2.334231e+00 7.536765 48.253676
09/10 01:05:38 PM valid 100 2.334610e+00 7.797030 47.679455
09/10 01:05:40 PM valid 150 2.336441e+00 7.533113 47.237169
09/10 01:05:41 PM valid_acc 7.691667
09/10 01:05:41 PM epoch 4 lr 0.000000e+00
09/10 01:05:41 PM train 000 2.364559e+00 4.687500 54.687500
09/10 01:05:51 PM train 050 2.353701e+00 7.352941 49.019608
09/10 01:06:00 PM train 100 2.356320e+00 7.626856 48.855198
09/10 01:06:10 PM train 150 2.353280e+00 7.709023 48.892798
09/10 01:06:20 PM train 200 2.352229e+00 7.719216 49.245958
09/10 01:06:29 PM train 250 2.352787e+00 7.538596 49.103586
09/10 01:06:39 PM train 300 2.352490e+00 7.537375 49.153862
09/10 01:06:49 PM train 350 2.352911e+00 7.532051 49.065171
09/10 01:06:58 PM train 400 2.352646e+00 7.531951 49.162251
09/10 01:07:08 PM train 450 2.353339e+00 7.542267 49.005682
09/10 01:07:18 PM train 500 2.352971e+00 7.622255 49.048777
09/10 01:07:27 PM train 550 2.353900e+00 7.596983 48.894056
09/10 01:07:37 PM train 600 2.354224e+00 7.581115 48.869072
09/10 01:07:47 PM train 650 2.354064e+00 7.615687 48.807124
09/10 01:07:56 PM train 700 2.354515e+00 7.553941 48.780760
09/10 01:08:06 PM train_acc 7.570833
09/10 01:08:06 PM valid 000 2.306514e+00 9.375000 48.437500
09/10 01:08:07 PM valid 050 2.327996e+00 8.547794 48.774510
09/10 01:08:09 PM valid 100 2.332790e+00 7.998144 47.679455
09/10 01:08:11 PM valid 150 2.334806e+00 8.081540 47.144040
09/10 01:08:12 PM valid_acc 7.975000
09/10 01:08:12 PM Configuration achieved a performance of 2.334932 in 750.233156 seconds
09/10 01:08:12 PM Evaluate: [2.04998385e+01 2.66354991e-01 4.71654036e+00 9.92598167e-02
 1.42206669e+00 5.83974105e+00 2.57841706e+00 8.96447207e-04]
config {'batch_size': 32, 'drop_path_prob': 0.10654199637003972, 'grad_clip_value': 8, 'initial_lr': 3.1354442537857793e-06, 'lr_scheduler': 'Cosine', 'n_conv_layers': 6, 'weight_decay': 1.0041368250854909e-05}
09/10 01:08:12 PM Configuration achieved a performance of 100.000000 in 0.000241 seconds
09/10 01:08:12 PM Start iteration 3 ... 
09/10 01:08:12 PM Train model...
09/10 01:08:16 PM Time to train the model: 3.836768
09/10 01:08:48 PM Maximize acquisition function...
09/10 01:09:01 PM Time to maximize the acquisition function: 13.407756
09/10 01:09:01 PM Next candidate [2.22222222e+01 8.14814815e-02 6.59259259e+00 8.33335000e-02
 3.33333333e-01 5.38888889e+00 1.38888889e+00 3.95000000e-04]
config {'batch_size': 32, 'drop_path_prob': 0.0325925925925926, 'grad_clip_value': 8, 'initial_lr': 2.6101622241115896e-06, 'lr_scheduler': 'Exponential', 'n_conv_layers': 6, 'optimizer': 'adad', 'weight_decay': 1.0018206976844024e-05}
09/10 01:09:01 PM gpu device = cuda:0
09/10 01:09:01 PM config = {'batch_size': 32, 'drop_path_prob': 0.0325925925925926, 'grad_clip_value': 8, 'initial_lr': 2.6101622241115896e-06, 'lr_scheduler': 'Exponential', 'n_conv_layers': 6, 'optimizer': 'adad', 'weight_decay': 1.0018206976844024e-05}
48 48 16
48 64 16
64 64 32
64 128 32
128 128 64
128 256 64
09/10 01:09:01 PM param size = 0.255930MB
Training size= 48000
09/10 01:09:01 PM epoch 0 lr 2.610162e-07
09/10 01:09:02 PM train 000 2.394835e+00 12.500000 40.625000
09/10 01:09:11 PM train 050 2.351188e+00 7.322304 48.897059
09/10 01:09:21 PM train 100 2.352858e+00 7.193688 47.617574
09/10 01:09:30 PM train 150 2.353510e+00 6.932947 47.299255
09/10 01:09:39 PM train 200 2.355045e+00 6.856343 46.937189
09/10 01:09:49 PM train 250 2.353545e+00 6.928536 47.285857
09/10 01:09:58 PM train 300 2.352475e+00 7.002699 47.601744
09/10 01:10:08 PM train 350 2.351773e+00 7.006766 47.840990
09/10 01:10:17 PM train 400 2.351262e+00 7.013716 47.969919
09/10 01:10:27 PM train 450 2.350874e+00 7.067627 48.108370
09/10 01:10:36 PM train 500 2.350837e+00 7.054641 48.156811
09/10 01:10:45 PM train 550 2.350520e+00 7.024161 48.077359
09/10 01:10:55 PM train 600 2.350204e+00 7.053349 48.055324
09/10 01:11:04 PM train 650 2.350711e+00 7.018049 48.039075
09/10 01:11:14 PM train 700 2.350678e+00 6.985556 48.027372
09/10 01:11:23 PM train_acc 7.022917
09/10 01:11:23 PM valid 000 2.387199e+00 4.687500 35.937500
09/10 01:11:25 PM valid 050 2.350769e+00 7.475490 47.334559
09/10 01:11:26 PM valid 100 2.352335e+00 7.209158 47.648515
09/10 01:11:28 PM valid 150 2.349655e+00 7.357202 48.209851
09/10 01:11:29 PM valid_acc 7.275000
09/10 01:11:29 PM epoch 1 lr 2.610162e-08
09/10 01:11:29 PM train 000 2.338592e+00 7.812500 50.000000
09/10 01:11:39 PM train 050 2.349707e+00 7.751225 49.203431
09/10 01:11:48 PM train 100 2.349669e+00 7.441213 48.948020
09/10 01:11:58 PM train 150 2.351982e+00 7.212334 48.023593
09/10 01:12:08 PM train 200 2.352336e+00 7.221704 47.978856
09/10 01:12:17 PM train 250 2.351903e+00 7.314492 48.001743
09/10 01:12:27 PM train 300 2.351693e+00 7.236296 48.058555
09/10 01:12:37 PM train 350 2.351393e+00 7.305021 48.112536
09/10 01:12:46 PM train 400 2.351211e+00 7.344919 48.242675
09/10 01:12:56 PM train 450 2.351564e+00 7.324002 48.229629
09/10 01:13:05 PM train 500 2.351619e+00 7.276073 48.272206
09/10 01:13:15 PM train 550 2.352027e+00 7.239678 48.193625
09/10 01:13:25 PM train 600 2.351986e+00 7.237937 48.107321
09/10 01:13:34 PM train 650 2.351824e+00 7.260465 48.173483
09/10 01:13:44 PM train 700 2.351822e+00 7.273092 48.248039
09/10 01:13:54 PM train_acc 7.227083
09/10 01:13:54 PM valid 000 2.358418e+00 4.687500 40.625000
09/10 01:13:55 PM valid 050 2.336233e+00 7.628676 48.345588
09/10 01:13:57 PM valid 100 2.340656e+00 7.286510 47.772277
09/10 01:13:58 PM valid 150 2.340025e+00 7.284768 47.826987
09/10 01:13:59 PM valid_acc 7.208333
09/10 01:13:59 PM Configuration achieved a performance of 2.341012 
09/10 01:13:59 PM Evaluation of this configuration took 297.931660 seconds
09/10 01:13:59 PM Current incumbent [3.19274864e+01 1.17996324e-01 5.49662182e+00 1.18243871e-02
 1.00000000e+00 4.95029287e+00 1.00000000e+00 3.30343244e-05] with estimated performance 2.334932
09/10 01:13:59 PM Start iteration 4 ... 
09/10 01:13:59 PM Train model...
09/10 01:14:02 PM Time to train the model: 2.589752
09/10 01:14:33 PM Maximize acquisition function...
09/10 01:14:46 PM Time to maximize the acquisition function: 12.542638
09/10 01:14:46 PM Next candidate [2.57777778e+01 1.11111111e-01 7.92592593e+00 5.00005000e-02
 1.66666667e+00 4.61111111e+00 1.83333333e+00 8.35000000e-04]
config {'batch_size': 32, 'drop_path_prob': 0.04444444444444445, 'grad_clip_value': 8, 'initial_lr': 1.7782896466675373e-06, 'n_conv_layers': 6, 'optimizer': 'sgd', 'weight_decay': 1.0038527198226775e-05}
09/10 01:14:46 PM Configuration achieved a performance of 100.000000 
09/10 01:14:46 PM Evaluation of this configuration took 0.000237 seconds
09/10 01:14:46 PM Current incumbent [3.19274864e+01 1.17996324e-01 5.49662182e+00 1.18243871e-02
 1.00000000e+00 4.95029287e+00 1.00000000e+00 3.30343244e-05] with estimated performance 2.334932
09/10 01:14:46 PM Start iteration 5 ... 
09/10 01:14:46 PM Train model...
09/10 01:14:48 PM Time to train the model: 2.589103
09/10 01:15:17 PM Maximize acquisition function...
DIRECT Version 2.0.4
 Problem Dimension n                    :      8
 Eps value                              :   0.1000E-03
 Epsilon is constant.
 Maximum number of f-evaluations (maxf) :    400
 Maximum number of iterations (MaxT)    :    200
 Value of f_global                      :  -0.1000+101
 Global percentage wanted               :   0.1000E-01
 Volume percentage wanted               :  -0.1000E+01
 Measure percentage wanted              :  -0.1000E+01
 Jones original DIRECT algorithm is used.
Bounds on variable x 1    :     16.00000 <= xi <=     32.00000
Bounds on variable x 2    :      0.00000 <= xi <=      0.40000
Bounds on variable x 3    :      4.00000 <= xi <=      8.00000
Bounds on variable x 4    :      0.00000 <= xi <=      0.10000
Bounds on variable x 5    :      0.00000 <= xi <=      2.00000
Bounds on variable x 6    :      3.00000 <= xi <=      6.00000
Bounds on variable x 7    :      0.00000 <= xi <=      3.00000
Bounds on variable x 8    :      0.00001 <= xi <=      0.00100
---------------------------------------------------------------------------
   17 &      -0.0000772900 &      -0.0000050056 \\\\ 
   31 &      -0.0003355264 &      -0.0000050056 \\\\ 
   57 &      -0.0004836196 &      -0.0000002522 \\\\ 
   79 &      -0.0006385548 &      -0.0000002522 \\\\ 
  143 &      -0.0006909724 &      -0.0000002522 \\\\ 
  187 &      -0.0007104419 &      -0.0000002522 \\\\ 
  231 &      -0.0007189203 &      -0.0000000505 \\\\ 
  313 &      -0.0007731120 &      -0.0000000505 \\\\ 
  351 &      -0.0007790321 &      -0.0000000505 \\\\ 
  391 &      -0.0007858064 &      -0.0000000505 \\\\ 
  425 &      -0.0007871458 &      -0.0000000505 \\\\ 
DIRECT stopped: numfunc >= maxf.
DIRECT Version 2.0.4
 Problem Dimension n                    :      8
 Eps value                              :   0.1000E-03
 Epsilon is constant.
 Maximum number of f-evaluations (maxf) :    400
 Maximum number of iterations (MaxT)    :    200
 Value of f_global                      :  -0.1000+101
 Global percentage wanted               :   0.1000E-01
 Volume percentage wanted               :  -0.1000E+01
 Measure percentage wanted              :  -0.1000E+01
 Jones original DIRECT algorithm is used.
Bounds on variable x 1    :     16.00000 <= xi <=     32.00000
Bounds on variable x 2    :      0.00000 <= xi <=      0.40000
Bounds on variable x 3    :      4.00000 <= xi <=      8.00000
Bounds on variable x 4    :      0.00000 <= xi <=      0.10000
Bounds on variable x 5    :      0.00000 <= xi <=      2.00000
Bounds on variable x 6    :      3.00000 <= xi <=      6.00000
Bounds on variable x 7    :      0.00000 <= xi <=      3.00000
Bounds on variable x 8    :      0.00001 <= xi <=      0.00100
---------------------------------------------------------------------------
   17 &      -0.0007116035 &      -0.0000004352 \\\\ 
   31 &      -0.0007681449 &      -0.0000004352 \\\\ 
   57 &      -0.0007762701 &      -0.0000004352 \\\\ 
   79 &      -0.0007795815 &      -0.0000004352 \\\\ 
  161 &      -0.0008070095 &      -0.0000004352 \\\\ 
  211 &      -0.0008370707 &      -0.0000004352 \\\\ 
  259 &      -0.0008597272 &      -0.0000004352 \\\\ 
  293 &      -0.0008747089 &      -0.0000004352 \\\\ 
  371 &      -0.0009919232 &      -0.0000004352 \\\\ 
  409 &      -0.0010324806 &      -0.0000004352 \\\\ 
DIRECT stopped: numfunc >= maxf.
DIRECT Version 2.0.4
 Problem Dimension n                    :      8
 Eps value                              :   0.1000E-03
 Epsilon is constant.
 Maximum number of f-evaluations (maxf) :    400
 Maximum number of iterations (MaxT)    :    200
 Value of f_global                      :  -0.1000+101
 Global percentage wanted               :   0.1000E-01
 Volume percentage wanted               :  -0.1000E+01
 Measure percentage wanted              :  -0.1000E+01
 Jones original DIRECT algorithm is used.
Bounds on variable x 1    :     16.00000 <= xi <=     32.00000
Bounds on variable x 2    :      0.00000 <= xi <=      0.40000
Bounds on variable x 3    :      4.00000 <= xi <=      8.00000
Bounds on variable x 4    :      0.00000 <= xi <=      0.10000
09/10 01:15:29 PM Time to maximize the acquisition function: 12.381244
09/10 01:15:29 PM Next candidate [1.86666667e+01 6.66666667e-02 7.33333333e+00 8.33335000e-02
 3.33333333e-01 5.50000000e+00 2.83333333e+00 3.95000000e-04]
config {'batch_size': 32, 'drop_path_prob': 0.026666666666666672, 'grad_clip_value': 8, 'initial_lr': 2.6101622241115896e-06, 'lr_scheduler': 'Exponential', 'n_conv_layers': 6, 'weight_decay': 1.0018206976844024e-05}
09/10 01:15:29 PM Configuration achieved a performance of 100.000000 
09/10 01:15:29 PM Evaluation of this configuration took 0.000232 seconds
09/10 01:15:29 PM Current incumbent [3.19274864e+01 1.17996324e-01 5.49662182e+00 1.18243871e-02
 1.00000000e+00 4.95029287e+00 1.00000000e+00 3.30343244e-05] with estimated performance 2.334932
09/10 01:15:29 PM Start iteration 6 ... 
09/10 01:15:29 PM Train model...
09/10 01:15:32 PM Time to train the model: 2.593346
09/10 01:16:00 PM Maximize acquisition function...
09/10 01:16:13 PM Time to maximize the acquisition function: 13.195698
09/10 01:16:13 PM Next candidate [2.34074074e+01 1.40740741e-01 5.70370370e+00 6.48151667e-02
 1.00000000e+00 5.16666667e+00 1.61111111e+00 5.05000000e-04]
config {'batch_size': 32, 'drop_path_prob': 0.0562962962962963, 'grad_clip_value': 8, 'initial_lr': 2.1089963753414107e-06, 'lr_scheduler': 'Cosine', 'n_conv_layers': 6, 'optimizer': 'sgd', 'weight_decay': 1.0023283172746057e-05}
09/10 01:16:13 PM gpu device = cuda:0
09/10 01:16:13 PM config = {'batch_size': 32, 'drop_path_prob': 0.0562962962962963, 'grad_clip_value': 8, 'initial_lr': 2.1089963753414107e-06, 'lr_scheduler': 'Cosine', 'n_conv_layers': 6, 'optimizer': 'sgd', 'weight_decay': 1.0023283172746057e-05}
48 48 16
48 64 16
64 64 32
64 128 32
128 128 64
128 256 64
09/10 01:16:13 PM param size = 0.255930MB
Training size= 48000
09/10 01:16:13 PM epoch 0 lr 1.054498e-06
09/10 01:16:13 PM train 000 2.394835e+00 12.500000 40.625000
09/10 01:16:21 PM train 050 2.351037e+00 7.352941 48.927696
09/10 01:16:29 PM train 100 2.352515e+00 7.240099 47.663985
09/10 01:16:37 PM train 150 2.353002e+00 7.036424 47.309603
09/10 01:16:45 PM train 200 2.354336e+00 6.941853 46.906095
09/10 01:16:53 PM train 250 2.352687e+00 6.990787 47.254731
09/10 01:17:01 PM train 300 2.351431e+00 7.080565 47.601744
09/10 01:17:09 PM train 350 2.350544e+00 7.082443 47.894409
09/10 01:17:17 PM train 400 2.349876e+00 7.072163 48.032263
09/10 01:17:25 PM train 450 2.349292e+00 7.112666 48.163803
09/10 01:17:33 PM train 500 2.349061e+00 7.082710 48.200474
09/10 01:17:41 PM train 550 2.348596e+00 7.078040 48.153925
09/10 01:17:49 PM train 600 2.348142e+00 7.123544 48.102121
09/10 01:17:57 PM train 650 2.348452e+00 7.080453 48.079877
09/10 01:18:05 PM train 700 2.348241e+00 7.056883 48.105385
09/10 01:18:12 PM train_acc 7.093750
09/10 01:18:12 PM valid 000 2.379672e+00 6.250000 32.812500
09/10 01:18:14 PM valid 050 2.345509e+00 7.628676 48.069853
09/10 01:18:15 PM valid 100 2.346884e+00 7.286510 48.035272
09/10 01:18:17 PM valid 150 2.344257e+00 7.408940 48.468543
09/10 01:18:18 PM valid_acc 7.350000
09/10 01:18:18 PM epoch 1 lr 0.000000e+00
09/10 01:18:18 PM train 000 2.355103e+00 3.125000 50.000000
09/10 01:18:26 PM train 050 2.348323e+00 7.996324 49.571078
09/10 01:18:35 PM train 100 2.348907e+00 7.936262 49.056312
09/10 01:18:43 PM train 150 2.349190e+00 7.853891 48.603063
09/10 01:18:51 PM train 200 2.349214e+00 7.804726 48.569652
09/10 01:18:59 PM train 250 2.348869e+00 7.818725 48.437500
09/10 01:19:07 PM train 300 2.348519e+00 7.926703 48.385590
09/10 01:19:16 PM train 350 2.348174e+00 7.990563 48.299501
09/10 01:19:24 PM train 400 2.347584e+00 8.050187 48.433603
09/10 01:19:32 PM train 450 2.347843e+00 8.034229 48.496397
09/10 01:19:40 PM train 500 2.348238e+00 7.971557 48.521707
09/10 01:19:48 PM train 550 2.348465e+00 7.965631 48.471529
09/10 01:19:57 PM train 600 2.348143e+00 8.012687 48.507696
09/10 01:20:05 PM train 650 2.347909e+00 8.011713 48.571909
09/10 01:20:13 PM train 700 2.347889e+00 8.001961 48.609130
09/10 01:20:21 PM train_acc 7.954167
09/10 01:20:21 PM valid 000 2.346821e+00 6.250000 45.312500
09/10 01:20:23 PM valid 050 2.327696e+00 8.578431 48.498775
09/10 01:20:24 PM valid 100 2.333020e+00 8.245668 47.663985
09/10 01:20:26 PM valid 150 2.332331e+00 8.278146 47.651076
09/10 01:20:27 PM valid_acc 8.125000
09/10 01:20:27 PM Configuration achieved a performance of 2.333142 
09/10 01:20:27 PM Evaluation of this configuration took 253.689917 seconds
09/10 01:20:27 PM Current incumbent [2.34074074e+01 1.40740741e-01 5.70370370e+00 6.48151667e-02
 1.00000000e+00 5.16666667e+00 2.00000000e+00 5.05000000e-04] with estimated performance 2.333142
09/10 01:20:27 PM Start iteration 7 ... 
09/10 01:20:27 PM Train model...
09/10 01:20:29 PM Time to train the model: 2.536991
09/10 01:20:58 PM Maximize acquisition function...
Bounds on variable x 5    :      0.00000 <= xi <=      2.00000
Bounds on variable x 6    :      3.00000 <= xi <=      6.00000
Bounds on variable x 7    :      0.00000 <= xi <=      3.00000
Bounds on variable x 8    :      0.00001 <= xi <=      0.00100
---------------------------------------------------------------------------
   17 &      -0.0005538759 &      -0.0000699814 \\\\ 
   31 &      -0.0006803966 &      -0.0000126221 \\\\ 
   57 &      -0.0006941236 &      -0.0000126221 \\\\ 
   79 &      -0.0007020899 &      -0.0000126221 \\\\ 
  109 &      -0.0007863283 &      -0.0000126221 \\\\ 
  139 &      -0.0008084522 &      -0.0000081715 \\\\ 
  175 &      -0.0008188884 &      -0.0000081715 \\\\ 
  253 &      -0.0008817279 &      -0.0000081715 \\\\ 
  295 &      -0.0008980304 &      -0.0000081715 \\\\ 
  333 &      -0.0009097666 &      -0.0000081715 \\\\ 
  373 &      -0.0012537690 &      -0.0000081715 \\\\ 
  405 &      -0.0015278486 &      -0.0000081715 \\\\ 
DIRECT stopped: numfunc >= maxf.
DIRECT Version 2.0.4
 Problem Dimension n                    :      8
 Eps value                              :   0.1000E-03
 Epsilon is constant.
 Maximum number of f-evaluations (maxf) :    400
 Maximum number of iterations (MaxT)    :    200
 Value of f_global                      :  -0.1000+101
 Global percentage wanted               :   0.1000E-01
 Volume percentage wanted               :  -0.1000E+01
 Measure percentage wanted              :  -0.1000E+01
 Jones original DIRECT algorithm is used.
Bounds on variable x 1    :     16.00000 <= xi <=     32.00000
Bounds on variable x 2    :      0.00000 <= xi <=      0.40000
Bounds on variable x 3    :      4.00000 <= xi <=      8.00000
Bounds on variable x 4    :      0.00000 <= xi <=      0.10000
Bounds on variable x 5    :      0.00000 <= xi <=      2.00000
Bounds on variable x 6    :      3.00000 <= xi <=      6.00000
Bounds on variable x 7    :      0.00000 <= xi <=      3.00000
Bounds on variable x 8    :      0.00001 <= xi <=      0.00100
---------------------------------------------------------------------------
   17 &      -0.0009982029 &      -0.0000537014 \\\\ 
   73 &      -0.0013651486 &      -0.0000400008 \\\\ 
  109 &      -0.0015647164 &      -0.0000177509 \\\\ 
  143 &      -0.0016974673 &      -0.0000154346 \\\\ 
  183 &      -0.0017290958 &      -0.0000122196 \\\\ 
  257 &      -0.0018243452 &      -0.0000122196 \\\\ 
  295 &      -0.0018654947 &      -0.0000122196 \\\\ 
  331 &      -0.0018755988 &      -0.0000122196 \\\\ 
  359 &      -0.0018856433 &      -0.0000122196 \\\\ 
  385 &      -0.0018867410 &      -0.0000122196 \\\\ 
DIRECT stopped: numfunc >= maxf.
DIRECT Version 2.0.4
 Problem Dimension n                    :      8
 Eps value                              :   0.1000E-03
 Epsilon is constant.
 Maximum number of f-evaluations (maxf) :    400
 Maximum number of iterations (MaxT)    :    200
 Value of f_global                      :  -0.1000+101
 Global percentage wanted               :   0.1000E-01
 Volume percentage wanted               :  -0.1000E+01
 Measure percentage wanted              :  -0.1000E+01
 Jones original DIRECT algorithm is used.
Bounds on variable x 1    :     16.00000 <= xi <=     32.00000
Bounds on variable x 2    :      0.00000 <= xi <=      0.40000
Bounds on variable x 3    :      4.00000 <= xi <=      8.00000
Bounds on variable x 4    :      0.00000 <= xi <=      0.10000
Bounds on variable x 5    :      0.00000 <= xi <=      2.00000
Bounds on variable x 6    :      3.00000 <= xi <=      6.00000
Bounds on variable x 7    :      0.00000 <= xi <=      3.00000
Bounds on variable x 8    :      0.00001 <= xi <=      0.00100
---------------------------------------------------------------------------
   17 &      -0.0011499272 &      -0.0000231372 \\\\ 
   31 &      -0.0011767655 &      -0.0000231372 \\\\ 
   57 &      -0.0011829330 &      -0.0000231372 \\\\ 
  115 &      -0.0012693880 &      -0.0000068206 \\\\ 
  151 &      -0.0014182864 &      -0.0000068206 \\\\ 
  185 &      -0.0015026924 &      -0.0000068206 \\\\ 
  217 &      -0.0015201670 &      -0.0000066758 \\\\ 
09/10 01:21:11 PM Time to maximize the acquisition function: 12.782765
09/10 01:21:11 PM Next candidate [2.51851852e+01 2.00000000e-01 5.11111111e+00 5.00005000e-02
 1.51851852e+00 4.05555556e+00 2.05555556e+00 5.05000000e-04]
config {'batch_size': 32, 'drop_path_prob': 0.08000000000000002, 'grad_clip_value': 8, 'initial_lr': 1.7782896466675373e-06, 'n_conv_layers': 6, 'optimizer': 'sgd', 'weight_decay': 1.0023283172746057e-05}
09/10 01:21:11 PM Configuration achieved a performance of 100.000000 
09/10 01:21:11 PM Evaluation of this configuration took 0.000236 seconds
09/10 01:21:11 PM Current incumbent [2.34074074e+01 1.40740741e-01 5.70370370e+00 6.48151667e-02
 1.00000000e+00 5.16666667e+00 2.00000000e+00 5.05000000e-04] with estimated performance 2.333142
09/10 01:21:11 PM Start iteration 8 ... 
09/10 01:21:11 PM Train model...
09/10 01:21:13 PM Time to train the model: 2.544885
09/10 01:21:41 PM Maximize acquisition function...
09/10 01:21:54 PM Time to maximize the acquisition function: 13.111000
09/10 01:21:54 PM Next candidate [2.57777778e+01 2.00000000e-01 7.77777778e+00 1.66675000e-02
 1.66666667e+00 5.50000000e+00 1.94444444e+00 6.88333333e-04]
config {'batch_size': 32, 'drop_path_prob': 0.08000000000000002, 'grad_clip_value': 8, 'initial_lr': 1.211539282207375e-06, 'n_conv_layers': 6, 'optimizer': 'sgd', 'weight_decay': 1.0031749215656294e-05}
09/10 01:21:54 PM Configuration achieved a performance of 100.000000 
09/10 01:21:54 PM Evaluation of this configuration took 0.000239 seconds
09/10 01:21:54 PM Current incumbent [2.34074074e+01 1.40740741e-01 5.70370370e+00 6.48151667e-02
 1.00000000e+00 5.16666667e+00 2.00000000e+00 5.05000000e-04] with estimated performance 2.333142
09/10 01:21:54 PM Start iteration 9 ... 
09/10 01:21:54 PM Train model...
09/10 01:21:57 PM Time to train the model: 2.556035
09/10 01:22:25 PM Maximize acquisition function...
09/10 01:22:38 PM Time to maximize the acquisition function: 13.088329
09/10 01:22:38 PM Next candidate [2.34074074e+01 6.66666667e-02 6.14814815e+00 1.66675000e-02
 1.96296296e+00 3.72222222e+00 1.50000000e+00 8.35000000e-04]
config {'batch_size': 32, 'drop_path_prob': 0.026666666666666672, 'grad_clip_value': 8, 'initial_lr': 1.211539282207375e-06, 'n_conv_layers': 6, 'optimizer': 'sgd', 'weight_decay': 1.0038527198226775e-05}
09/10 01:22:38 PM Configuration achieved a performance of 100.000000 
09/10 01:22:38 PM Evaluation of this configuration took 0.000233 seconds
09/10 01:22:38 PM Current incumbent [2.34074074e+01 1.40740741e-01 5.70370370e+00 6.48151667e-02
 1.00000000e+00 5.16666667e+00 2.00000000e+00 5.05000000e-04] with estimated performance 2.333142
09/10 01:22:38 PM Start iteration 10 ... 
09/10 01:22:38 PM Train model...
09/10 01:22:41 PM Time to train the model: 2.540400
09/10 01:23:09 PM Maximize acquisition function...
  243 &      -0.0015229411 &      -0.0000066758 \\\\ 
  295 &      -0.0015728286 &      -0.0000064401 \\\\ 
  325 &      -0.0016162791 &      -0.0000064401 \\\\ 
  355 &      -0.0016440761 &      -0.0000064401 \\\\ 
  383 &      -0.0016449160 &      -0.0000064401 \\\\ 
DIRECT stopped: numfunc >= maxf.
DIRECT Version 2.0.4
 Problem Dimension n                    :      8
 Eps value                              :   0.1000E-03
 Epsilon is constant.
 Maximum number of f-evaluations (maxf) :    400
 Maximum number of iterations (MaxT)    :    200
 Value of f_global                      :  -0.1000+101
 Global percentage wanted               :   0.1000E-01
 Volume percentage wanted               :  -0.1000E+01
 Measure percentage wanted              :  -0.1000E+01
 Jones original DIRECT algorithm is used.
Bounds on variable x 1    :     16.00000 <= xi <=     32.00000
Bounds on variable x 2    :      0.00000 <= xi <=      0.40000
Bounds on variable x 3    :      4.00000 <= xi <=      8.00000
Bounds on variable x 4    :      0.00000 <= xi <=      0.10000
Bounds on variable x 5    :      0.00000 <= xi <=      2.00000
Bounds on variable x 6    :      3.00000 <= xi <=      6.00000
Bounds on variable x 7    :      0.00000 <= xi <=      3.00000
Bounds on variable x 8    :      0.00001 <= xi <=      0.00100
---------------------------------------------------------------------------
   17 &      -0.0007260753 &      -0.0001038592 \\\\ 
   31 &      -0.0008770929 &      -0.0000923492 \\\\ 
   57 &      -0.0010206617 &      -0.0000923492 \\\\ 
   79 &      -0.0012588086 &      -0.0000923492 \\\\ 
   99 &      -0.0014236057 &      -0.0000923492 \\\\ 
  177 &      -0.0016665059 &      -0.0000571856 \\\\ 
  219 &      -0.0016926469 &      -0.0000457821 \\\\ 
  253 &      -0.0020788825 &      -0.0000457821 \\\\ 
  281 &      -0.0020949571 &      -0.0000457821 \\\\ 
  347 &      -0.0022676323 &      -0.0000457821 \\\\ 
  385 &      -0.0023185184 &      -0.0000457821 \\\\ 
DIRECT stopped: numfunc >= maxf.
DIRECT Version 2.0.4
 Problem Dimension n                    :      8
 Eps value                              :   0.1000E-03
 Epsilon is constant.
 Maximum number of f-evaluations (maxf) :    400
 Maximum number of iterations (MaxT)    :    200
 Value of f_global                      :  -0.1000+101
 Global percentage wanted               :   0.1000E-01
 Volume percentage wanted               :  -0.1000E+01
 Measure percentage wanted              :  -0.1000E+01
 Jones original DIRECT algorithm is used.
Bounds on variable x 1    :     16.00000 <= xi <=     32.00000
Bounds on variable x 2    :      0.00000 <= xi <=      0.40000
Bounds on variable x 3    :      4.00000 <= xi <=      8.00000
Bounds on variable x 4    :      0.00000 <= xi <=      0.10000
Bounds on variable x 5    :      0.00000 <= xi <=      2.00000
Bounds on variable x 6    :      3.00000 <= xi <=      6.00000
Bounds on variable x 7    :      0.00000 <= xi <=      3.00000
Bounds on variable x 8    :      0.00001 <= xi <=      0.00100
---------------------------------------------------------------------------
   17 &      -0.0001903575 &      -0.0000036676 \\\\ 
   31 &      -0.0004114226 &      -0.0000036676 \\\\ 
   57 &      -0.0005839423 &      -0.0000036676 \\\\ 
   79 &      -0.0006933485 &      -0.0000036676 \\\\ 
   99 &      -0.0007322218 &      -0.0000036676 \\\\ 
  169 &      -0.0008176072 &      -0.0000019238 \\\\ 
  207 &      -0.0008916316 &      -0.0000019238 \\\\ 
  287 &      -0.0009613806 &      -0.0000019238 \\\\ 
  331 &      -0.0010039076 &      -0.0000019238 \\\\ 
  365 &      -0.0010059416 &      -0.0000019238 \\\\ 
  423 &      -0.0010075004 &      -0.0000019238 \\\\ 
DIRECT stopped: numfunc >= maxf.
DIRECT Version 2.0.4
 Problem Dimension n                    :      8
 Eps value                              :   0.1000E-03
 Epsilon is constant.
 Maximum number of f-evaluations (maxf) :    400
 Maximum number of iterations (MaxT)    :    200
 Value of f_global                      :  -0.1000+101
 Global percentage wanted               :   0.1000E-01
 Volume percentage wanted               :  -0.1000E+01
09/10 01:23:23 PM Time to maximize the acquisition function: 13.549233
09/10 01:23:23 PM Next candidate [2.63703704e+01 7.16049383e-02 6.00000000e+00 7.22225000e-02
 9.25925926e-01 5.50000000e+00 1.50000000e+00 5.05000000e-04]
config {'batch_size': 32, 'drop_path_prob': 0.028641975308641984, 'grad_clip_value': 8, 'initial_lr': 2.2967435213927177e-06, 'lr_scheduler': 'Cosine', 'n_conv_layers': 6, 'optimizer': 'sgd', 'weight_decay': 1.0023283172746057e-05}
09/10 01:23:23 PM gpu device = cuda:0
09/10 01:23:23 PM config = {'batch_size': 32, 'drop_path_prob': 0.028641975308641984, 'grad_clip_value': 8, 'initial_lr': 2.2967435213927177e-06, 'lr_scheduler': 'Cosine', 'n_conv_layers': 6, 'optimizer': 'sgd', 'weight_decay': 1.0023283172746057e-05}
48 48 16
48 64 16
64 64 32
64 128 32
128 128 64
128 256 64
09/10 01:23:23 PM param size = 0.255930MB
Training size= 48000
09/10 01:23:23 PM epoch 0 lr 1.148372e-06
09/10 01:23:23 PM train 000 2.394835e+00 12.500000 40.625000
09/10 01:23:31 PM train 050 2.351024e+00 7.352941 48.958333
09/10 01:23:39 PM train 100 2.352485e+00 7.240099 47.663985
09/10 01:23:47 PM train 150 2.352962e+00 7.036424 47.268212
09/10 01:23:55 PM train 200 2.354274e+00 6.941853 46.875000
09/10 01:24:03 PM train 250 2.352617e+00 6.990787 47.242281
09/10 01:24:10 PM train 300 2.351347e+00 7.080565 47.606935
09/10 01:24:18 PM train 350 2.350440e+00 7.086895 47.894409
09/10 01:24:26 PM train 400 2.349759e+00 7.076060 48.036160
09/10 01:24:34 PM train 450 2.349157e+00 7.112666 48.177661
09/10 01:24:42 PM train 500 2.348911e+00 7.079591 48.228543
09/10 01:24:50 PM train 550 2.348433e+00 7.072368 48.179446
09/10 01:24:58 PM train 600 2.347965e+00 7.120944 48.120320
09/10 01:25:06 PM train 650 2.348260e+00 7.078053 48.089478
09/10 01:25:14 PM train 700 2.348033e+00 7.056883 48.127675
09/10 01:25:21 PM train_acc 7.097917
09/10 01:25:21 PM valid 000 2.379201e+00 6.250000 32.812500
09/10 01:25:23 PM valid 050 2.345081e+00 7.781863 47.886029
09/10 01:25:25 PM valid 100 2.346387e+00 7.332921 47.911510
09/10 01:25:26 PM valid 150 2.343775e+00 7.471026 48.447848
09/10 01:25:27 PM valid_acc 7.416667
09/10 01:25:27 PM epoch 1 lr 0.000000e+00
09/10 01:25:27 PM train 000 2.334303e+00 9.375000 48.437500
09/10 01:25:36 PM train 050 2.343025e+00 7.904412 49.111520
09/10 01:25:44 PM train 100 2.342726e+00 7.642327 49.334777
09/10 01:25:53 PM train 150 2.345125e+00 7.522765 48.313328
09/10 01:26:01 PM train 200 2.345527e+00 7.470460 48.289801
09/10 01:26:09 PM train 250 2.345440e+00 7.526145 48.312998
09/10 01:26:17 PM train 300 2.345189e+00 7.454319 48.328488
09/10 01:26:25 PM train 350 2.344922e+00 7.483084 48.352920
09/10 01:26:33 PM train 400 2.344854e+00 7.539744 48.476465
09/10 01:26:42 PM train 450 2.345307e+00 7.528409 48.503326
09/10 01:26:50 PM train 500 2.345440e+00 7.472555 48.499875
09/10 01:26:58 PM train 550 2.345967e+00 7.418330 48.417650
09/10 01:27:06 PM train 600 2.345991e+00 7.414725 48.320507
09/10 01:27:14 PM train 650 2.345814e+00 7.411674 48.377496
09/10 01:27:22 PM train 700 2.345882e+00 7.395685 48.386234
09/10 01:27:30 PM train_acc 7.370833
09/10 01:27:30 PM valid 000 2.353284e+00 6.250000 42.187500
09/10 01:27:32 PM valid 050 2.332449e+00 8.149510 48.835784
09/10 01:27:33 PM valid 100 2.336841e+00 7.827970 48.143564
09/10 01:27:35 PM valid 150 2.336271e+00 7.781457 48.127070
09/10 01:27:36 PM valid_acc 7.666667
09/10 01:27:36 PM Configuration achieved a performance of 2.337267 
09/10 01:27:36 PM Evaluation of this configuration took 253.460398 seconds
09/10 01:27:36 PM Current incumbent [2.34074074e+01 1.40740741e-01 5.70370370e+00 6.48151667e-02
 1.00000000e+00 5.16666667e+00 2.00000000e+00 5.05000000e-04] with estimated performance 2.333142
09/10 01:27:36 PM Start iteration 11 ... 
09/10 01:27:36 PM Train model...
09/10 01:27:39 PM Time to train the model: 2.494200
09/10 01:28:07 PM Maximize acquisition function...
09/10 01:28:20 PM Time to maximize the acquisition function: 13.082141
09/10 01:28:20 PM Next candidate [2.99259259e+01 2.00000000e-01 6.44444444e+00 5.00005000e-02
 1.51851852e+00 3.72222222e+00 5.00000000e-01 5.05000000e-04]
config {'batch_size': 32, 'drop_path_prob': 0.08000000000000002, 'grad_clip_value': 8, 'initial_lr': 1.7782896466675373e-06, 'n_conv_layers': 6, 'optimizer': 'adam', 'weight_decay': 1.0023283172746057e-05}
09/10 01:28:20 PM Configuration achieved a performance of 100.000000 
09/10 01:28:20 PM Evaluation of this configuration took 0.000241 seconds
09/10 01:28:20 PM Current incumbent [2.34074074e+01 1.40740741e-01 5.70370370e+00 6.48151667e-02
 1.00000000e+00 5.16666667e+00 2.00000000e+00 5.05000000e-04] with estimated performance 2.333142
09/10 01:28:20 PM Start iteration 12 ... 
09/10 01:28:20 PM Train model...
09/10 01:28:23 PM Time to train the model: 2.492077
09/10 01:28:51 PM Maximize acquisition function...
 Measure percentage wanted              :  -0.1000E+01
 Jones original DIRECT algorithm is used.
Bounds on variable x 1    :     16.00000 <= xi <=     32.00000
Bounds on variable x 2    :      0.00000 <= xi <=      0.40000
Bounds on variable x 3    :      4.00000 <= xi <=      8.00000
Bounds on variable x 4    :      0.00000 <= xi <=      0.10000
Bounds on variable x 5    :      0.00000 <= xi <=      2.00000
Bounds on variable x 6    :      3.00000 <= xi <=      6.00000
Bounds on variable x 7    :      0.00000 <= xi <=      3.00000
Bounds on variable x 8    :      0.00001 <= xi <=      0.00100
---------------------------------------------------------------------------
   17 &      -0.0006198780 &      -0.0000145936 \\\\ 
   31 &      -0.0008256749 &      -0.0000021601 \\\\ 
   57 &      -0.0008593492 &      -0.0000021601 \\\\ 
  125 &      -0.0009020503 &      -0.0000021601 \\\\ 
  169 &      -0.0009173553 &      -0.0000021601 \\\\ 
  267 &      -0.0009207274 &      -0.0000018920 \\\\ 
  315 &      -0.0009233715 &      -0.0000018920 \\\\ 
  437 &      -0.0012378598 &      -0.0000018920 \\\\ 
DIRECT stopped: numfunc >= maxf.
DIRECT Version 2.0.4
 Problem Dimension n                    :      8
 Eps value                              :   0.1000E-03
 Epsilon is constant.
 Maximum number of f-evaluations (maxf) :    400
 Maximum number of iterations (MaxT)    :    200
 Value of f_global                      :  -0.1000+101
 Global percentage wanted               :   0.1000E-01
 Volume percentage wanted               :  -0.1000E+01
 Measure percentage wanted              :  -0.1000E+01
 Jones original DIRECT algorithm is used.
Bounds on variable x 1    :     16.00000 <= xi <=     32.00000
Bounds on variable x 2    :      0.00000 <= xi <=      0.40000
Bounds on variable x 3    :      4.00000 <= xi <=      8.00000
Bounds on variable x 4    :      0.00000 <= xi <=      0.10000
Bounds on variable x 5    :      0.00000 <= xi <=      2.00000
Bounds on variable x 6    :      3.00000 <= xi <=      6.00000
Bounds on variable x 7    :      0.00000 <= xi <=      3.00000
Bounds on variable x 8    :      0.00001 <= xi <=      0.00100
---------------------------------------------------------------------------
   17 &      -0.0002942264 &      -0.0000148281 \\\\ 
   31 &      -0.0003781528 &      -0.0000099418 \\\\ 
   57 &      -0.0004399087 &      -0.0000019176 \\\\ 
   79 &      -0.0004574106 &      -0.0000019176 \\\\ 
  155 &      -0.0008374651 &      -0.0000019176 \\\\ 
  199 &      -0.0008819543 &      -0.0000008507 \\\\ 
  241 &      -0.0008884713 &      -0.0000008507 \\\\ 
  319 &      -0.0009181978 &      -0.0000006494 \\\\ 
  359 &      -0.0009254806 &      -0.0000006494 \\\\ 
  395 &      -0.0009268400 &      -0.0000006494 \\\\ 
DIRECT stopped: numfunc >= maxf.
DIRECT Version 2.0.4
 Problem Dimension n                    :      8
 Eps value                              :   0.1000E-03
 Epsilon is constant.
 Maximum number of f-evaluations (maxf) :    400
 Maximum number of iterations (MaxT)    :    200
 Value of f_global                      :  -0.1000+101
 Global percentage wanted               :   0.1000E-01
 Volume percentage wanted               :  -0.1000E+01
 Measure percentage wanted              :  -0.1000E+01
 Jones original DIRECT algorithm is used.
Bounds on variable x 1    :     16.00000 <= xi <=     32.00000
Bounds on variable x 2    :      0.00000 <= xi <=      0.40000
Bounds on variable x 3    :      4.00000 <= xi <=      8.00000
Bounds on variable x 4    :      0.00000 <= xi <=      0.10000
Bounds on variable x 5    :      0.00000 <= xi <=      2.00000
Bounds on variable x 6    :      3.00000 <= xi <=      6.00000
Bounds on variable x 7    :      0.00000 <= xi <=      3.00000
Bounds on variable x 8    :      0.00001 <= xi <=      0.00100
---------------------------------------------------------------------------
   17 &      -0.0002542096 &      -0.0000093435 \\\\ 
   31 &      -0.0002929543 &      -0.0000093435 \\\\ 
   57 &      -0.0003765282 &      -0.0000093435 \\\\ 
   79 &      -0.0004015726 &      -0.0000093435 \\\\ 
09/10 01:29:06 PM Time to maximize the acquisition function: 14.698305
09/10 01:29:06 PM Next candidate [2.93333333e+01 1.70370370e-01 4.66666667e+00 9.44445000e-02
 1.59259259e+00 3.16666667e+00 2.50000000e+00 5.05000000e-04]
config {'batch_size': 32, 'drop_path_prob': 0.06814814814814817, 'grad_clip_value': 8, 'initial_lr': 2.966350736475734e-06, 'n_conv_layers': 6, 'optimizer': 'sgd', 'weight_decay': 1.0023283172746057e-05}
09/10 01:29:06 PM Configuration achieved a performance of 100.000000 
09/10 01:29:06 PM Evaluation of this configuration took 0.000235 seconds
09/10 01:29:06 PM Current incumbent [2.34074074e+01 1.40740741e-01 5.70370370e+00 6.48151667e-02
 1.00000000e+00 5.16666667e+00 2.00000000e+00 5.05000000e-04] with estimated performance 2.333142
09/10 01:29:06 PM Start iteration 13 ... 
09/10 01:29:06 PM Train model...
09/10 01:29:08 PM Time to train the model: 2.503808
09/10 01:29:37 PM Maximize acquisition function...
09/10 01:29:50 PM Time to maximize the acquisition function: 13.037292
09/10 01:29:50 PM Next candidate [1.68888889e+01 6.66666667e-02 7.33333333e+00 8.33335000e-02
 1.00000000e+00 5.50000000e+00 1.50000000e+00 1.75000000e-04]
config {'batch_size': 32, 'drop_path_prob': 0.026666666666666672, 'grad_clip_value': 8, 'initial_lr': 2.6101622241115896e-06, 'lr_scheduler': 'Cosine', 'n_conv_layers': 6, 'optimizer': 'sgd', 'weight_decay': 1.0008062296110608e-05}
09/10 01:29:50 PM gpu device = cuda:0
09/10 01:29:50 PM config = {'batch_size': 32, 'drop_path_prob': 0.026666666666666672, 'grad_clip_value': 8, 'initial_lr': 2.6101622241115896e-06, 'lr_scheduler': 'Cosine', 'n_conv_layers': 6, 'optimizer': 'sgd', 'weight_decay': 1.0008062296110608e-05}
48 48 16
48 64 16
64 64 32
64 128 32
128 128 64
128 256 64
09/10 01:29:50 PM param size = 0.255930MB
Training size= 48000
09/10 01:29:50 PM epoch 0 lr 1.305081e-06
09/10 01:29:50 PM train 000 2.394835e+00 12.500000 40.625000
09/10 01:29:58 PM train 050 2.351002e+00 7.383578 48.988971
09/10 01:30:06 PM train 100 2.352437e+00 7.271040 47.633045
09/10 01:30:14 PM train 150 2.352884e+00 7.046772 47.268212
09/10 01:30:22 PM train 200 2.354164e+00 6.949627 46.890547
09/10 01:30:30 PM train 250 2.352488e+00 7.003237 47.236056
09/10 01:30:37 PM train 300 2.351192e+00 7.085756 47.601744
09/10 01:30:45 PM train 350 2.350263e+00 7.095798 47.876603
09/10 01:30:53 PM train 400 2.349557e+00 7.076060 48.012781
09/10 01:31:01 PM train 450 2.348928e+00 7.109202 48.156874
09/10 01:31:09 PM train 500 2.348654e+00 7.063997 48.222305
09/10 01:31:17 PM train 550 2.348157e+00 7.066697 48.176611
09/10 01:31:25 PM train 600 2.347672e+00 7.120944 48.122920
09/10 01:31:33 PM train 650 2.347934e+00 7.080453 48.099078
09/10 01:31:41 PM train 700 2.347685e+00 7.070257 48.147735
09/10 01:31:48 PM train_acc 7.108333
09/10 01:31:49 PM valid 000 2.377456e+00 6.250000 32.812500
09/10 01:31:50 PM valid 050 2.344309e+00 7.720588 47.794118
09/10 01:31:52 PM valid 100 2.345588e+00 7.348391 47.896040
09/10 01:31:53 PM valid 150 2.343009e+00 7.460679 48.489238
09/10 01:31:54 PM valid_acc 7.416667
09/10 01:31:54 PM epoch 1 lr 0.000000e+00
09/10 01:31:54 PM train 000 2.332457e+00 9.375000 50.000000
09/10 01:32:03 PM train 050 2.342139e+00 7.873775 49.295343
09/10 01:32:11 PM train 100 2.341881e+00 7.735149 49.303837
09/10 01:32:19 PM train 150 2.344087e+00 7.553808 48.323675
09/10 01:32:27 PM train 200 2.344482e+00 7.517102 48.351990
09/10 01:32:35 PM train 250 2.344434e+00 7.551046 48.468625
09/10 01:32:43 PM train 300 2.344092e+00 7.490656 48.530939
09/10 01:32:52 PM train 350 2.343773e+00 7.518697 48.575499
09/10 01:33:00 PM train 400 2.343714e+00 7.567020 48.612843
09/10 01:33:08 PM train 450 2.344157e+00 7.563054 48.662694
09/10 01:33:16 PM train 500 2.344356e+00 7.513099 48.627745
09/10 01:33:24 PM train 550 2.344887e+00 7.458031 48.511230
09/10 01:33:33 PM train 600 2.344949e+00 7.451123 48.414101
09/10 01:33:41 PM train 650 2.344775e+00 7.447677 48.475902
09/10 01:33:49 PM train 700 2.344818e+00 7.440264 48.504369
09/10 01:33:57 PM train_acc 7.412500
09/10 01:33:57 PM valid 000 2.352194e+00 6.250000 42.187500
09/10 01:33:59 PM valid 050 2.332374e+00 8.149510 48.927696
09/10 01:34:00 PM valid 100 2.336691e+00 7.874381 48.267327
09/10 01:34:02 PM valid 150 2.336113e+00 7.853891 48.220199
09/10 01:34:03 PM valid_acc 7.691667
09/10 01:34:03 PM Configuration achieved a performance of 2.337101 
09/10 01:34:03 PM Evaluation of this configuration took 252.958417 seconds
09/10 01:34:03 PM Current incumbent [2.34074074e+01 1.40740741e-01 5.70370370e+00 6.48151667e-02
 1.00000000e+00 5.16666667e+00 2.00000000e+00 5.05000000e-04] with estimated performance 2.333142
09/10 01:34:03 PM Start iteration 14 ... 
09/10 01:34:03 PM Train model...
09/10 01:34:05 PM Time to train the model: 2.474218
09/10 01:34:34 PM Maximize acquisition function...
09/10 01:34:47 PM Time to maximize the acquisition function: 13.342177
09/10 01:34:47 PM Next candidate [2.40000000e+01 7.40740741e-03 4.51851852e+00 8.33335000e-02
 1.00000000e+00 4.38888889e+00 2.50000000e+00 2.11666667e-04]
config {'batch_size': 32, 'drop_path_prob': 0.0029629629629629676, 'grad_clip_value': 8, 'initial_lr': 2.6101622241115896e-06, 'lr_scheduler': 'Cosine', 'n_conv_layers': 6, 'optimizer': 'sgd', 'weight_decay': 1.0009752362566264e-05}
09/10 01:34:47 PM gpu device = cuda:0
09/10 01:34:47 PM config = {'batch_size': 32, 'drop_path_prob': 0.0029629629629629676, 'grad_clip_value': 8, 'initial_lr': 2.6101622241115896e-06, 'lr_scheduler': 'Cosine', 'n_conv_layers': 6, 'optimizer': 'sgd', 'weight_decay': 1.0009752362566264e-05}
48 48 16
48 64 16
64 64 32
64 128 32
128 128 64
128 256 64
09/10 01:34:47 PM param size = 0.255930MB
Training size= 48000
09/10 01:34:47 PM epoch 0 lr 1.305081e-06
09/10 01:34:48 PM train 000 2.394835e+00 12.500000 40.625000
09/10 01:34:55 PM train 050 2.351002e+00 7.383578 48.988971
09/10 01:35:03 PM train 100 2.352437e+00 7.271040 47.679455
09/10 01:35:11 PM train 150 2.352881e+00 7.046772 47.288907
09/10 01:35:19 PM train 200 2.354162e+00 6.941853 46.890547
09/10 01:35:27 PM train 250 2.352483e+00 6.990787 47.236056
09/10 01:35:35 PM train 300 2.351191e+00 7.085756 47.601744
09/10 01:35:43 PM train 350 2.350263e+00 7.100249 47.881054
09/10 01:35:51 PM train 400 2.349556e+00 7.091646 48.024470
09/10 01:35:59 PM train 450 2.348928e+00 7.123060 48.170732
09/10 01:36:07 PM train 500 2.348656e+00 7.092066 48.234780
09/10 01:36:15 PM train 550 2.348156e+00 7.095054 48.204968
09/10 01:36:23 PM train 600 2.347670e+00 7.146943 48.133319
09/10 01:36:30 PM train 650 2.347937e+00 7.109255 48.103879
09/10 01:36:38 PM train 700 2.347689e+00 7.090317 48.149964
09/10 01:36:46 PM train_acc 7.131250
09/10 01:36:46 PM valid 000 2.376992e+00 6.250000 32.812500
09/10 01:36:48 PM valid 050 2.344306e+00 7.751225 47.794118
09/10 01:36:49 PM valid 100 2.345618e+00 7.379332 48.004332
09/10 01:36:51 PM valid 150 2.343066e+00 7.533113 48.582368
09/10 01:36:52 PM valid_acc 7.475000
09/10 01:36:52 PM epoch 1 lr 0.000000e+00
09/10 01:36:52 PM train 000 2.335348e+00 9.375000 43.750000
09/10 01:37:00 PM train 050 2.342974e+00 7.536765 49.172794
09/10 01:37:09 PM train 100 2.341918e+00 7.224629 49.164604
09/10 01:37:17 PM train 150 2.344919e+00 7.026076 48.075331
09/10 01:37:25 PM train 200 2.344778e+00 6.887438 48.344216
09/10 01:37:33 PM train 250 2.344438e+00 6.922311 48.288098
09/10 01:37:41 PM train 300 2.344281e+00 6.909261 48.432309
09/10 01:37:50 PM train 350 2.343780e+00 6.971154 48.482016
09/10 01:37:58 PM train 400 2.343762e+00 7.029302 48.340087
09/10 01:38:06 PM train 450 2.344115e+00 7.039911 48.406319
09/10 01:38:14 PM train 500 2.344277e+00 7.017216 48.453094
09/10 01:38:22 PM train 550 2.344814e+00 6.981624 48.341084
09/10 01:38:31 PM train 600 2.344774e+00 7.029950 48.133319
09/10 01:38:39 PM train 650 2.344402e+00 7.039651 48.130280
09/10 01:38:47 PM train 700 2.344320e+00 7.050196 48.141049
09/10 01:38:55 PM train_acc 7.027083
09/10 01:38:55 PM valid 000 2.363688e+00 6.250000 42.187500
09/10 01:38:57 PM valid 050 2.338906e+00 7.659314 49.142157
09/10 01:38:58 PM valid 100 2.342076e+00 7.673267 48.545792
09/10 01:39:00 PM valid 150 2.341638e+00 7.688328 48.613411
09/10 01:39:01 PM valid_acc 7.616667
09/10 01:39:01 PM Configuration achieved a performance of 2.342612 
09/10 01:39:01 PM Evaluation of this configuration took 253.708454 seconds
09/10 01:39:01 PM Current incumbent [2.34074074e+01 1.40740741e-01 5.70370370e+00 6.48151667e-02
 1.00000000e+00 5.16666667e+00 2.00000000e+00 5.05000000e-04] with estimated performance 2.333142
09/10 01:39:01 PM Start iteration 15 ... 
09/10 01:39:01 PM Train model...
09/10 01:39:04 PM Time to train the model: 2.539980
09/10 01:39:32 PM Maximize acquisition function...
  109 &      -0.0004202285 &      -0.0000093435 \\\\ 
  139 &      -0.0005628624 &      -0.0000078076 \\\\ 
  167 &      -0.0006000457 &      -0.0000037646 \\\\ 
  229 &      -0.0007071423 &      -0.0000037646 \\\\ 
  253 &      -0.0007203379 &      -0.0000037646 \\\\ 
  283 &      -0.0007243271 &      -0.0000037646 \\\\ 
  367 &      -0.0007923127 &      -0.0000026844 \\\\ 
  413 &      -0.0008140268 &      -0.0000026844 \\\\ 
DIRECT stopped: numfunc >= maxf.
DIRECT Version 2.0.4
 Problem Dimension n                    :      8
 Eps value                              :   0.1000E-03
 Epsilon is constant.
 Maximum number of f-evaluations (maxf) :    400
 Maximum number of iterations (MaxT)    :    200
 Value of f_global                      :  -0.1000+101
 Global percentage wanted               :   0.1000E-01
 Volume percentage wanted               :  -0.1000E+01
 Measure percentage wanted              :  -0.1000E+01
 Jones original DIRECT algorithm is used.
Bounds on variable x 1    :     16.00000 <= xi <=     32.00000
Bounds on variable x 2    :      0.00000 <= xi <=      0.40000
Bounds on variable x 3    :      4.00000 <= xi <=      8.00000
Bounds on variable x 4    :      0.00000 <= xi <=      0.10000
Bounds on variable x 5    :      0.00000 <= xi <=      2.00000
Bounds on variable x 6    :      3.00000 <= xi <=      6.00000
Bounds on variable x 7    :      0.00000 <= xi <=      3.00000
Bounds on variable x 8    :      0.00001 <= xi <=      0.00100
---------------------------------------------------------------------------
   17 &      -0.0003181694 &      -0.0000091602 \\\\ 
   31 &      -0.0004488293 &      -0.0000091602 \\\\ 
   57 &      -0.0004661397 &      -0.0000091602 \\\\ 
   79 &      -0.0009685135 &      -0.0000091602 \\\\ 
  101 &      -0.0010390522 &      -0.0000091602 \\\\ 
  165 &      -0.0011466802 &      -0.0000039084 \\\\ 
  207 &      -0.0012209854 &      -0.0000039084 \\\\ 
  243 &      -0.0012591856 &      -0.0000039084 \\\\ 
  335 &      -0.0013115247 &      -0.0000007894 \\\\ 
  363 &      -0.0013429644 &      -0.0000007894 \\\\ 
  413 &      -0.0014086510 &      -0.0000007894 \\\\ 
DIRECT stopped: numfunc >= maxf.
DIRECT Version 2.0.4
 Problem Dimension n                    :      8
 Eps value                              :   0.1000E-03
 Epsilon is constant.
 Maximum number of f-evaluations (maxf) :    400
 Maximum number of iterations (MaxT)    :    200
 Value of f_global                      :  -0.1000+101
 Global percentage wanted               :   0.1000E-01
 Volume percentage wanted               :  -0.1000E+01
 Measure percentage wanted              :  -0.1000E+01
 Jones original DIRECT algorithm is used.
Bounds on variable x 1    :     16.00000 <= xi <=     32.00000
Bounds on variable x 2    :      0.00000 <= xi <=      0.40000
Bounds on variable x 3    :      4.00000 <= xi <=      8.00000
Bounds on variable x 4    :      0.00000 <= xi <=      0.10000
Bounds on variable x 5    :      0.00000 <= xi <=      2.00000
Bounds on variable x 6    :      3.00000 <= xi <=      6.00000
Bounds on variable x 7    :      0.00000 <= xi <=      3.00000
Bounds on variable x 8    :      0.00001 <= xi <=      0.00100
---------------------------------------------------------------------------
   17 &      -0.0007846286 &      -0.0000045322 \\\\ 
   31 &      -0.0008516310 &      -0.0000045322 \\\\ 
   57 &      -0.0009992328 &      -0.0000045322 \\\\ 
   79 &      -0.0010824785 &      -0.0000045322 \\\\ 
  109 &      -0.0011121363 &      -0.0000027404 \\\\ 
  181 &      -0.0012057003 &      -0.0000012963 \\\\ 
  281 &      -0.0012080701 &      -0.0000009544 \\\\ 
  335 &      -0.0012097160 &      -0.0000008709 \\\\ 
  379 &      -0.0012103980 &      -0.0000008709 \\\\ 
  421 &      -0.0012108307 &      -0.0000008709 \\\\ 
DIRECT stopped: numfunc >= maxf.
DIRECT Version 2.0.4
 Problem Dimension n                    :      8
 Eps value                              :   0.1000E-03
 Epsilon is constant.
 Maximum number of f-evaluations (maxf) :    400
 Maximum number of iterations (MaxT)    :    200
 Value of f_global                      :  -0.1000+101
09/10 01:39:46 PM Time to maximize the acquisition function: 13.698857
09/10 01:39:46 PM Next candidate [2.40000000e+01 2.22222222e-02 6.14814815e+00 5.74078333e-02
 1.00000000e+00 3.50000000e+00 3.88888889e-01 1.75000000e-04]
config {'batch_size': 32, 'drop_path_prob': 0.008888888888888894, 'grad_clip_value': 8, 'initial_lr': 1.936596607228515e-06, 'lr_scheduler': 'Cosine', 'n_conv_layers': 6, 'optimizer': 'adam', 'weight_decay': 1.0008062296110608e-05}
09/10 01:39:46 PM gpu device = cuda:0
09/10 01:39:46 PM config = {'batch_size': 32, 'drop_path_prob': 0.008888888888888894, 'grad_clip_value': 8, 'initial_lr': 1.936596607228515e-06, 'lr_scheduler': 'Cosine', 'n_conv_layers': 6, 'optimizer': 'adam', 'weight_decay': 1.0008062296110608e-05}
48 48 16
48 64 16
64 64 32
64 128 32
128 128 64
128 256 64
09/10 01:39:46 PM param size = 0.255930MB
Training size= 48000
09/10 01:39:46 PM epoch 0 lr 9.682983e-07
09/10 01:39:46 PM train 000 2.394835e+00 12.500000 40.625000
09/10 01:39:55 PM train 050 2.349817e+00 7.444853 49.172794
09/10 01:40:03 PM train 100 2.350080e+00 7.348391 48.097153
09/10 01:40:12 PM train 150 2.349305e+00 7.284768 48.023593
09/10 01:40:21 PM train 200 2.349322e+00 7.237251 47.761194
09/10 01:40:29 PM train 250 2.346423e+00 7.370518 48.281873
09/10 01:40:38 PM train 300 2.343954e+00 7.532184 48.728198
09/10 01:40:46 PM train 350 2.341921e+00 7.683405 49.091880
09/10 01:40:55 PM train 400 2.340145e+00 7.824190 49.345387
09/10 01:41:04 PM train 450 2.338445e+00 7.964939 49.587722
09/10 01:41:12 PM train 500 2.336981e+00 8.049526 49.809755
09/10 01:41:21 PM train 550 2.335371e+00 8.181148 49.937613
09/10 01:41:30 PM train 600 2.333828e+00 8.376664 50.044197
09/10 01:41:38 PM train 650 2.332923e+00 8.479743 50.129608
09/10 01:41:47 PM train 700 2.331649e+00 8.594864 50.285307
09/10 01:41:55 PM train_acc 8.800000
09/10 01:41:56 PM valid 000 2.341024e+00 6.250000 37.500000
09/10 01:41:57 PM valid 050 2.310685e+00 11.825980 51.776961
09/10 01:41:59 PM valid 100 2.311505e+00 11.417079 51.856436
09/10 01:42:00 PM valid 150 2.308643e+00 11.548013 52.524834
09/10 01:42:01 PM valid_acc 11.600000
09/10 01:42:01 PM epoch 1 lr 0.000000e+00
09/10 01:42:01 PM train 000 2.311080e+00 14.062500 53.125000
09/10 01:42:10 PM train 050 2.308932e+00 11.488971 52.787990
09/10 01:42:19 PM train 100 2.308834e+00 11.030322 52.970297
09/10 01:42:28 PM train 150 2.312213e+00 10.844371 51.821192
09/10 01:42:37 PM train 200 2.312138e+00 10.719838 52.052239
09/10 01:42:46 PM train 250 2.311963e+00 10.682271 51.973357
09/10 01:42:55 PM train 300 2.311847e+00 10.714286 52.123131
09/10 01:43:04 PM train 350 2.311414e+00 10.737179 52.132301
09/10 01:43:13 PM train 400 2.311407e+00 10.855673 52.119701
09/10 01:43:22 PM train 450 2.311665e+00 10.875139 52.151469
09/10 01:43:31 PM train 500 2.311903e+00 10.787799 52.204965
09/10 01:43:40 PM train 550 2.312443e+00 10.764519 52.123979
09/10 01:43:48 PM train 600 2.312275e+00 10.755512 52.072067
09/10 01:43:57 PM train 650 2.311969e+00 10.822293 52.116935
09/10 01:44:06 PM train 700 2.311945e+00 10.843884 52.177693
09/10 01:44:15 PM train_acc 10.797917
09/10 01:44:15 PM valid 000 2.334191e+00 7.812500 54.687500
09/10 01:44:17 PM valid 050 2.306125e+00 11.335784 53.553922
09/10 01:44:18 PM valid 100 2.308157e+00 11.927599 52.645421
09/10 01:44:20 PM valid 150 2.307959e+00 11.651490 52.700745
09/10 01:44:21 PM valid_acc 11.491667
09/10 01:44:21 PM Configuration achieved a performance of 2.308671 
09/10 01:44:21 PM Evaluation of this configuration took 275.162591 seconds
09/10 01:44:21 PM Current incumbent [2.40000000e+01 2.22222222e-02 6.14814815e+00 5.74078333e-02
 1.00000000e+00 3.50000000e+00 0.00000000e+00 1.75000000e-04] with estimated performance 2.308671
09/10 01:44:21 PM Start iteration 16 ... 
09/10 01:44:21 PM Train model...
09/10 01:44:23 PM Time to train the model: 2.521840
09/10 01:44:52 PM Maximize acquisition function...
09/10 01:45:05 PM Time to maximize the acquisition function: 13.059412
09/10 01:45:05 PM Next candidate [2.40000000e+01 9.62962963e-02 6.59259259e+00 4.25931667e-02
 1.00000000e+00 4.38888889e+00 1.94444444e+00 6.15000000e-04]
config {'batch_size': 32, 'drop_path_prob': 0.03851851851851853, 'grad_clip_value': 8, 'initial_lr': 1.632923478044601e-06, 'lr_scheduler': 'Cosine', 'n_conv_layers': 6, 'optimizer': 'sgd', 'weight_decay': 1.0028361940741568e-05}
09/10 01:45:05 PM gpu device = cuda:0
09/10 01:45:05 PM config = {'batch_size': 32, 'drop_path_prob': 0.03851851851851853, 'grad_clip_value': 8, 'initial_lr': 1.632923478044601e-06, 'lr_scheduler': 'Cosine', 'n_conv_layers': 6, 'optimizer': 'sgd', 'weight_decay': 1.0028361940741568e-05}
48 48 16
48 64 16
64 64 32
64 128 32
128 128 64
128 256 64
09/10 01:45:05 PM param size = 0.255930MB
Training size= 48000
09/10 01:45:05 PM epoch 0 lr 8.164617e-07
09/10 01:45:05 PM train 000 2.394835e+00 12.500000 40.625000
09/10 01:45:13 PM train 050 2.351074e+00 7.352941 48.866422
09/10 01:45:21 PM train 100 2.352590e+00 7.240099 47.633045
09/10 01:45:29 PM train 150 2.353112e+00 7.026076 47.257864
09/10 01:45:37 PM train 200 2.354493e+00 6.918532 46.875000
09/10 01:45:45 PM train 250 2.352868e+00 6.965886 47.229831
09/10 01:45:53 PM train 300 2.351654e+00 7.059801 47.580980
09/10 01:46:01 PM train 350 2.350809e+00 7.055734 47.858796
09/10 01:46:09 PM train 400 2.350178e+00 7.052681 48.008884
09/10 01:46:17 PM train 450 2.349638e+00 7.088415 48.125693
09/10 01:46:25 PM train 500 2.349444e+00 7.070235 48.163049
09/10 01:46:32 PM train 550 2.349016e+00 7.063861 48.131239
09/10 01:46:40 PM train 600 2.348594e+00 7.102745 48.078723
09/10 01:46:48 PM train 650 2.348951e+00 7.058852 48.065476
09/10 01:46:56 PM train 700 2.348774e+00 7.034593 48.078638
09/10 01:47:04 PM train_acc 7.070833
09/10 01:47:04 PM valid 000 2.381063e+00 6.250000 32.812500
09/10 01:47:06 PM valid 050 2.346633e+00 7.567402 47.916667
09/10 01:47:07 PM valid 100 2.348095e+00 7.224629 47.942450
09/10 01:47:09 PM valid 150 2.345464e+00 7.357202 48.447848
09/10 01:47:10 PM valid_acc 7.316667
09/10 01:47:10 PM epoch 1 lr 0.000000e+00
09/10 01:47:10 PM train 000 2.340631e+00 9.375000 46.875000
09/10 01:47:18 PM train 050 2.346486e+00 7.996324 48.743873
09/10 01:47:26 PM train 100 2.346070e+00 7.549505 48.932550
09/10 01:47:35 PM train 150 2.347752e+00 7.408940 48.220199
09/10 01:47:43 PM train 200 2.348213e+00 7.423818 48.087687
09/10 01:47:51 PM train 250 2.347990e+00 7.470120 48.157371
09/10 01:47:59 PM train 300 2.347736e+00 7.449128 48.151993
09/10 01:48:07 PM train 350 2.347461e+00 7.509793 48.094729
09/10 01:48:16 PM train 400 2.347014e+00 7.563123 48.266054
09/10 01:48:25 PM train 450 2.347312e+00 7.569983 48.326635
09/10 01:48:34 PM train 500 2.347529e+00 7.506861 48.375125
09/10 01:48:43 PM train 550 2.347920e+00 7.472210 48.275862
09/10 01:48:56 PM train 600 2.347885e+00 7.482321 48.284110
09/10 01:49:05 PM train 650 2.347619e+00 7.502880 48.360695
09/10 01:49:13 PM train 700 2.347713e+00 7.518277 48.406295
09/10 01:49:24 PM train_acc 7.477083
09/10 01:49:26 PM valid 000 2.351132e+00 6.250000 42.187500
09/10 01:49:27 PM valid 050 2.331537e+00 8.302696 48.713235
09/10 01:49:29 PM valid 100 2.336288e+00 7.766089 47.926980
09/10 01:49:31 PM valid 150 2.335691e+00 7.802152 47.868377
09/10 01:49:32 PM valid_acc 7.608333
09/10 01:49:32 PM Configuration achieved a performance of 2.336637 
09/10 01:49:32 PM Evaluation of this configuration took 266.647713 seconds
09/10 01:49:32 PM Current incumbent [2.40000000e+01 2.22222222e-02 6.14814815e+00 5.74078333e-02
 1.00000000e+00 3.50000000e+00 0.00000000e+00 1.75000000e-04] with estimated performance 2.308671
09/10 01:49:32 PM Start iteration 17 ... 
09/10 01:49:32 PM Train model...
09/10 01:49:34 PM Time to train the model: 2.443331
09/10 01:50:02 PM Maximize acquisition function...
 Global percentage wanted               :   0.1000E-01
 Volume percentage wanted               :  -0.1000E+01
 Measure percentage wanted              :  -0.1000E+01
 Jones original DIRECT algorithm is used.
Bounds on variable x 1    :     16.00000 <= xi <=     32.00000
Bounds on variable x 2    :      0.00000 <= xi <=      0.40000
Bounds on variable x 3    :      4.00000 <= xi <=      8.00000
Bounds on variable x 4    :      0.00000 <= xi <=      0.10000
Bounds on variable x 5    :      0.00000 <= xi <=      2.00000
Bounds on variable x 6    :      3.00000 <= xi <=      6.00000
Bounds on variable x 7    :      0.00000 <= xi <=      3.00000
Bounds on variable x 8    :      0.00001 <= xi <=      0.00100
---------------------------------------------------------------------------
   17 &      -0.0011485184 &      -0.0001556669 \\\\ 
   31 &      -0.0015210700 &      -0.0001556669 \\\\ 
   57 &      -0.0017255954 &      -0.0001085588 \\\\ 
  125 &      -0.0018671560 &      -0.0000072742 \\\\ 
  169 &      -0.0020706855 &      -0.0000072742 \\\\ 
  239 &      -0.0023053266 &      -0.0000072742 \\\\ 
  271 &      -0.0023194519 &      -0.0000072742 \\\\ 
  351 &      -0.0025178610 &      -0.0000072742 \\\\ 
  391 &      -0.0025488939 &      -0.0000065094 \\\\ 
  429 &      -0.0025583563 &      -0.0000065094 \\\\ 
DIRECT stopped: numfunc >= maxf.
DIRECT Version 2.0.4
 Problem Dimension n                    :      8
 Eps value                              :   0.1000E-03
 Epsilon is constant.
 Maximum number of f-evaluations (maxf) :    400
 Maximum number of iterations (MaxT)    :    200
 Value of f_global                      :  -0.1000+101
 Global percentage wanted               :   0.1000E-01
 Volume percentage wanted               :  -0.1000E+01
 Measure percentage wanted              :  -0.1000E+01
 Jones original DIRECT algorithm is used.
Bounds on variable x 1    :     16.00000 <= xi <=     32.00000
Bounds on variable x 2    :      0.00000 <= xi <=      0.40000
Bounds on variable x 3    :      4.00000 <= xi <=      8.00000
Bounds on variable x 4    :      0.00000 <= xi <=      0.10000
Bounds on variable x 5    :      0.00000 <= xi <=      2.00000
Bounds on variable x 6    :      3.00000 <= xi <=      6.00000
Bounds on variable x 7    :      0.00000 <= xi <=      3.00000
Bounds on variable x 8    :      0.00001 <= xi <=      0.00100
---------------------------------------------------------------------------
   17 &      -0.0014392817 &      -0.0000943916 \\\\ 
   73 &      -0.0016050639 &      -0.0000943916 \\\\ 
  109 &      -0.0017406865 &      -0.0000943916 \\\\ 
  143 &      -0.0021948581 &      -0.0000868200 \\\\ 
  173 &      -0.0023354347 &      -0.0000868200 \\\\ 
  211 &      -0.0023693522 &      -0.0000868200 \\\\ 
  277 &      -0.0026296249 &      -0.0000844568 \\\\ 
  309 &      -0.0027899669 &      -0.0000732378 \\\\ 
  331 &      -0.0028355870 &      -0.0000732378 \\\\ 
  359 &      -0.0028425421 &      -0.0000732378 \\\\ 
  391 &      -0.0028460690 &      -0.0000732378 \\\\ 
DIRECT stopped: numfunc >= maxf.
DIRECT Version 2.0.4
 Problem Dimension n                    :      8
 Eps value                              :   0.1000E-03
 Epsilon is constant.
 Maximum number of f-evaluations (maxf) :    400
 Maximum number of iterations (MaxT)    :    200
 Value of f_global                      :  -0.1000+101
 Global percentage wanted               :   0.1000E-01
 Volume percentage wanted               :  -0.1000E+01
 Measure percentage wanted              :  -0.1000E+01
 Jones original DIRECT algorithm is used.
Bounds on variable x 1    :     16.00000 <= xi <=     32.00000
Bounds on variable x 2    :      0.00000 <= xi <=      0.40000
Bounds on variable x 3    :      4.00000 <= xi <=      8.00000
Bounds on variable x 4    :      0.00000 <= xi <=      0.10000
Bounds on variable x 5    :      0.00000 <= xi <=      2.00000
Bounds on variable x 6    :      3.00000 <= xi <=      6.00000
Bounds on variable x 7    :      0.00000 <= xi <=      3.00000
Bounds on variable x 8    :      0.00001 <= xi <=      0.00100
---------------------------------------------------------------------------
09/10 01:50:15 PM Time to maximize the acquisition function: 13.157720
09/10 01:50:15 PM Next candidate [1.86666667e+01 1.25925926e-01 6.00000000e+00 6.11115000e-02
 1.00000000e+00 4.16666667e+00 1.61111111e+00 6.88333333e-04]
config {'batch_size': 32, 'drop_path_prob': 0.05037037037037038, 'grad_clip_value': 8, 'initial_lr': 2.020958986507003e-06, 'lr_scheduler': 'Cosine', 'n_conv_layers': 6, 'optimizer': 'sgd', 'weight_decay': 1.0031749215656294e-05}
09/10 01:50:15 PM gpu device = cuda:0
09/10 01:50:15 PM config = {'batch_size': 32, 'drop_path_prob': 0.05037037037037038, 'grad_clip_value': 8, 'initial_lr': 2.020958986507003e-06, 'lr_scheduler': 'Cosine', 'n_conv_layers': 6, 'optimizer': 'sgd', 'weight_decay': 1.0031749215656294e-05}
48 48 16
48 64 16
64 64 32
64 128 32
128 128 64
128 256 64
09/10 01:50:15 PM param size = 0.255930MB
Training size= 48000
09/10 01:50:15 PM epoch 0 lr 1.010479e-06
09/10 01:50:15 PM train 000 2.394835e+00 12.500000 40.625000
09/10 01:50:23 PM train 050 2.351045e+00 7.352941 48.866422
09/10 01:50:31 PM train 100 2.352530e+00 7.240099 47.617574
09/10 01:50:39 PM train 150 2.353025e+00 7.046772 47.257864
09/10 01:50:47 PM train 200 2.354369e+00 6.941853 46.867226
09/10 01:50:54 PM train 250 2.352724e+00 6.984562 47.229831
09/10 01:51:02 PM train 300 2.351476e+00 7.059801 47.580980
09/10 01:51:10 PM train 350 2.350599e+00 7.069088 47.881054
09/10 01:51:18 PM train 400 2.349934e+00 7.064370 48.028367
09/10 01:51:26 PM train 450 2.349359e+00 7.102273 48.146480
09/10 01:51:34 PM train 500 2.349134e+00 7.079591 48.184880
09/10 01:51:42 PM train 550 2.348677e+00 7.069533 48.153925
09/10 01:51:50 PM train 600 2.348225e+00 7.113145 48.096922
09/10 01:51:58 PM train 650 2.348543e+00 7.068452 48.082277
09/10 01:52:06 PM train 700 2.348338e+00 7.047967 48.105385
09/10 01:52:13 PM train_acc 7.093750
09/10 01:52:13 PM valid 000 2.379846e+00 6.250000 32.812500
09/10 01:52:15 PM valid 050 2.345736e+00 7.659314 48.069853
09/10 01:52:17 PM valid 100 2.347116e+00 7.286510 48.004332
09/10 01:52:18 PM valid 150 2.344495e+00 7.408940 48.468543
09/10 01:52:19 PM valid_acc 7.366667
09/10 01:52:19 PM epoch 1 lr 0.000000e+00
09/10 01:52:19 PM train 000 2.349848e+00 3.125000 48.437500
09/10 01:52:28 PM train 050 2.347642e+00 8.118873 49.540441
09/10 01:52:36 PM train 100 2.347636e+00 7.905322 49.334777
09/10 01:52:44 PM train 150 2.348053e+00 7.947020 48.644454
09/10 01:52:52 PM train 200 2.348444e+00 7.991294 48.484142
09/10 01:53:00 PM train 250 2.348333e+00 7.961902 48.306773
09/10 01:53:09 PM train 300 2.347776e+00 7.988995 48.307724
09/10 01:53:17 PM train 350 2.347401e+00 8.057336 48.219373
09/10 01:53:25 PM train 400 2.346916e+00 8.077463 48.355673
09/10 01:53:33 PM train 450 2.347287e+00 8.089662 48.323171
09/10 01:53:41 PM train 500 2.347539e+00 7.965319 48.418787
09/10 01:53:50 PM train 550 2.347927e+00 7.937273 48.335413
09/10 01:53:58 PM train 600 2.347698e+00 7.955491 48.317908
09/10 01:54:06 PM train 650 2.347510e+00 7.954109 48.394297
09/10 01:54:14 PM train 700 2.347587e+00 7.955153 48.455332
09/10 01:54:22 PM train_acc 7.902083
09/10 01:54:22 PM valid 000 2.347565e+00 4.687500 45.312500
09/10 01:54:24 PM valid 050 2.328706e+00 8.517157 48.774510
09/10 01:54:25 PM valid 100 2.333867e+00 8.199257 47.942450
09/10 01:54:27 PM valid 150 2.333226e+00 8.174669 47.837334
09/10 01:54:28 PM valid_acc 8.025000
09/10 01:54:28 PM Configuration achieved a performance of 2.334097 
09/10 01:54:28 PM Evaluation of this configuration took 253.150884 seconds
09/10 01:54:28 PM Current incumbent [2.40000000e+01 2.22222222e-02 6.14814815e+00 5.74078333e-02
 1.00000000e+00 3.50000000e+00 0.00000000e+00 1.75000000e-04] with estimated performance 2.308671
09/10 01:54:28 PM Start iteration 18 ... 
09/10 01:54:28 PM Train model...
09/10 01:54:30 PM Time to train the model: 2.451509
09/10 01:54:59 PM Maximize acquisition function...
09/10 01:55:12 PM Time to maximize the acquisition function: 13.424194
09/10 01:55:12 PM Next candidate [2.51851852e+01 2.14814815e-01 5.25925926e+00 4.25931667e-02
 1.00000000e+00 4.27777778e+00 1.05555556e+00 4.68333333e-04]
config {'batch_size': 32, 'drop_path_prob': 0.08592592592592592, 'grad_clip_value': 8, 'initial_lr': 1.632923478044601e-06, 'lr_scheduler': 'Cosine', 'n_conv_layers': 6, 'optimizer': 'adad', 'weight_decay': 1.0021590821721555e-05}
09/10 01:55:12 PM gpu device = cuda:0
09/10 01:55:12 PM config = {'batch_size': 32, 'drop_path_prob': 0.08592592592592592, 'grad_clip_value': 8, 'initial_lr': 1.632923478044601e-06, 'lr_scheduler': 'Cosine', 'n_conv_layers': 6, 'optimizer': 'adad', 'weight_decay': 1.0021590821721555e-05}
48 48 16
48 64 16
64 64 32
64 128 32
128 128 64
128 256 64
09/10 01:55:12 PM param size = 0.255930MB
Training size= 48000
09/10 01:55:12 PM epoch 0 lr 8.164617e-07
09/10 01:55:12 PM train 000 2.394835e+00 12.500000 40.625000
09/10 01:55:22 PM train 050 2.351187e+00 7.322304 48.897059
09/10 01:55:31 PM train 100 2.352855e+00 7.193688 47.617574
09/10 01:55:41 PM train 150 2.353505e+00 6.932947 47.299255
09/10 01:55:50 PM train 200 2.355038e+00 6.856343 46.944963
09/10 01:55:59 PM train 250 2.353536e+00 6.934761 47.292082
09/10 01:56:09 PM train 300 2.352464e+00 7.007890 47.606935
09/10 01:56:18 PM train 350 2.351760e+00 7.011218 47.845442
09/10 01:56:27 PM train 400 2.351248e+00 7.017612 47.973815
09/10 01:56:37 PM train 450 2.350859e+00 7.071092 48.108370
09/10 01:56:46 PM train 500 2.350819e+00 7.057759 48.156811
09/10 01:56:56 PM train 550 2.350501e+00 7.026996 48.077359
09/10 01:57:05 PM train 600 2.350184e+00 7.055948 48.055324
09/10 01:57:14 PM train 650 2.350688e+00 7.020449 48.043875
09/10 01:57:24 PM train 700 2.350654e+00 6.987785 48.034058
09/10 01:57:33 PM train_acc 7.025000
09/10 01:57:33 PM valid 000 2.387130e+00 4.687500 35.937500
09/10 01:57:35 PM valid 050 2.350716e+00 7.475490 47.334559
09/10 01:57:36 PM valid 100 2.352280e+00 7.209158 47.648515
09/10 01:57:38 PM valid 150 2.349601e+00 7.367550 48.209851
09/10 01:57:39 PM valid_acc 7.283333
09/10 01:57:39 PM epoch 1 lr 0.000000e+00
09/10 01:57:39 PM train 000 2.366999e+00 7.812500 54.687500
09/10 01:57:49 PM train 050 2.354689e+00 8.026961 48.897059
09/10 01:57:58 PM train 100 2.355548e+00 7.781559 48.932550
09/10 01:58:08 PM train 150 2.355941e+00 7.677980 48.406457
09/10 01:58:18 PM train 200 2.355824e+00 7.726990 48.546331
09/10 01:58:28 PM train 250 2.355294e+00 7.681773 48.375249
09/10 01:58:37 PM train 300 2.355284e+00 7.786545 48.416736
09/10 01:58:47 PM train 350 2.354583e+00 7.870370 48.548789
09/10 01:58:57 PM train 400 2.354324e+00 7.874844 48.636222
09/10 01:59:06 PM train 450 2.354659e+00 7.906042 48.621120
09/10 01:59:16 PM train 500 2.354780e+00 7.834331 48.724426
09/10 01:59:26 PM train 550 2.355117e+00 7.803993 48.644510
09/10 01:59:35 PM train 600 2.354714e+00 7.867097 48.749480
09/10 01:59:45 PM train 650 2.354570e+00 7.846102 48.826325
09/10 01:59:54 PM train 700 2.354323e+00 7.912803 48.898894
09/10 02:00:04 PM train_acc 7.895833
09/10 02:00:04 PM valid 000 2.350764e+00 6.250000 43.750000
09/10 02:00:06 PM valid 050 2.327917e+00 9.191176 48.988971
09/10 02:00:07 PM valid 100 2.334082e+00 8.586015 47.308168
09/10 02:00:09 PM valid 150 2.333388e+00 8.723096 47.588990
09/10 02:00:10 PM valid_acc 8.591667
09/10 02:00:10 PM Configuration achieved a performance of 2.334014 
09/10 02:00:10 PM Evaluation of this configuration took 297.613713 seconds
09/10 02:00:10 PM Current incumbent [2.40000000e+01 2.22222222e-02 6.14814815e+00 5.74078333e-02
 1.00000000e+00 3.50000000e+00 0.00000000e+00 1.75000000e-04] with estimated performance 2.308671
09/10 02:00:10 PM Start iteration 19 ... 
09/10 02:00:10 PM Train model...
09/10 02:00:12 PM Time to train the model: 2.455897
09/10 02:00:41 PM Maximize acquisition function...
09/10 02:00:54 PM Time to maximize the acquisition function: 13.018975
09/10 02:00:54 PM Next candidate [2.81481481e+01 2.14814815e-01 6.88888889e+00 4.62968333e-02
 1.00000000e+00 4.61111111e+00 1.50000000e+00 5.78333333e-04]
config {'batch_size': 32, 'drop_path_prob': 0.08592592592592592, 'grad_clip_value': 8, 'initial_lr': 1.704057192352142e-06, 'lr_scheduler': 'Cosine', 'n_conv_layers': 6, 'optimizer': 'sgd', 'weight_decay': 1.0026668732207798e-05}
09/10 02:00:54 PM gpu device = cuda:0
09/10 02:00:54 PM config = {'batch_size': 32, 'drop_path_prob': 0.08592592592592592, 'grad_clip_value': 8, 'initial_lr': 1.704057192352142e-06, 'lr_scheduler': 'Cosine', 'n_conv_layers': 6, 'optimizer': 'sgd', 'weight_decay': 1.0026668732207798e-05}
48 48 16
48 64 16
64 64 32
64 128 32
128 128 64
128 256 64
09/10 02:00:54 PM param size = 0.255930MB
Training size= 48000
09/10 02:00:54 PM epoch 0 lr 8.520286e-07
09/10 02:00:54 PM train 000 2.394835e+00 12.500000 40.625000
09/10 02:01:02 PM train 050 2.351069e+00 7.352941 48.866422
09/10 02:01:10 PM train 100 2.352580e+00 7.240099 47.648515
09/10 02:01:18 PM train 150 2.353097e+00 7.036424 47.257864
09/10 02:01:26 PM train 200 2.354474e+00 6.926306 46.882774
09/10 02:01:34 PM train 250 2.352842e+00 6.972112 47.229831
09/10 02:01:41 PM train 300 2.351622e+00 7.064992 47.575789
09/10 02:01:49 PM train 350 2.350769e+00 7.060185 47.858796
09/10 02:01:57 PM train 400 2.350132e+00 7.056577 48.016677
09/10 02:02:05 PM train 450 2.349588e+00 7.088415 48.136086
09/10 02:02:13 PM train 500 2.349389e+00 7.070235 48.169286
09/10 02:02:21 PM train 550 2.348956e+00 7.066697 48.139746
09/10 02:02:29 PM train 600 2.348528e+00 7.110545 48.089122
09/10 02:02:37 PM train 650 2.348879e+00 7.066052 48.075077
09/10 02:02:45 PM train 700 2.348697e+00 7.039051 48.092011
09/10 02:02:53 PM train_acc 7.081250
09/10 02:02:53 PM valid 000 2.381119e+00 6.250000 32.812500
09/10 02:02:54 PM valid 050 2.346510e+00 7.628676 47.977941
09/10 02:02:56 PM valid 100 2.347931e+00 7.255569 47.957921
09/10 02:02:57 PM valid 150 2.345291e+00 7.377897 48.437500
09/10 02:02:59 PM valid_acc 7.358333
09/10 02:02:59 PM epoch 1 lr 0.000000e+00
09/10 02:02:59 PM train 000 2.363631e+00 7.812500 53.125000
09/10 02:03:07 PM train 050 2.350515e+00 7.965686 48.529412
09/10 02:03:15 PM train 100 2.351475e+00 7.874381 48.762376
09/10 02:03:23 PM train 150 2.351701e+00 7.853891 48.396109
09/10 02:03:32 PM train 200 2.351506e+00 7.967973 48.421953
09/10 02:03:40 PM train 250 2.350990e+00 7.912102 48.387699
09/10 02:03:48 PM train 300 2.350966e+00 7.999377 48.442691
09/10 02:03:56 PM train 350 2.350266e+00 8.043981 48.553241
09/10 02:04:04 PM train 400 2.349964e+00 8.069670 48.706359
09/10 02:04:13 PM train 450 2.350315e+00 8.082733 48.704268
09/10 02:04:21 PM train 500 2.350440e+00 8.018338 48.811751
09/10 02:04:29 PM train 550 2.350734e+00 7.979809 48.732418
09/10 02:04:37 PM train 600 2.350298e+00 8.020487 48.811876
09/10 02:04:45 PM train 650 2.350165e+00 7.985311 48.883929
09/10 02:04:54 PM train 700 2.349956e+00 8.046541 48.916726
09/10 02:05:02 PM train_acc 8.039583
09/10 02:05:02 PM valid 000 2.347091e+00 4.687500 45.312500
09/10 02:05:03 PM valid 050 2.325709e+00 9.681373 48.988971
09/10 02:05:05 PM valid 100 2.331858e+00 8.972772 47.339109
09/10 02:05:06 PM valid 150 2.331133e+00 9.023179 47.609685
09/10 02:05:08 PM valid_acc 8.875000
09/10 02:05:08 PM Configuration achieved a performance of 2.331837 
09/10 02:05:08 PM Evaluation of this configuration took 253.742940 seconds
09/10 02:05:08 PM Current incumbent [2.40000000e+01 2.22222222e-02 6.14814815e+00 5.74078333e-02
 1.00000000e+00 3.50000000e+00 0.00000000e+00 1.75000000e-04] with estimated performance 2.308671
09/10 02:05:08 PM Return [24.0, 0.022222222222222233, 6.148148148148148, 0.057407833333333345, 1.0, 3.5, 0.0, 0.00017500000000000003] as incumbent with error 2.308671 
{'batch_size': 32, 'drop_path_prob': 0.008888888888888894, 'grad_clip_value': 8, 'initial_lr': 1.936596607228515e-06, 'lr_scheduler': 'Cosine', 'n_conv_layers': 6, 'optimizer': 'adam', 'weight_decay': 1.0008062296110608e-05}
   17 &      -0.0026321419 &      -0.0000296737 \\\\ 
   31 &      -0.0027385428 &      -0.0000058057 \\\\ 
   57 &      -0.0028273013 &      -0.0000058057 \\\\ 
  125 &      -0.0029223217 &      -0.0000048728 \\\\ 
  175 &      -0.0030053361 &      -0.0000048728 \\\\ 
  223 &      -0.0030509546 &      -0.0000048243 \\\\ 
  269 &      -0.0030620118 &      -0.0000030828 \\\\ 
  347 &      -0.0032582971 &      -0.0000030828 \\\\ 
  389 &      -0.0032845538 &      -0.0000030828 \\\\ 
  429 &      -0.0032966742 &      -0.0000030828 \\\\ 
DIRECT stopped: numfunc >= maxf.
DIRECT Version 2.0.4
 Problem Dimension n                    :      8
 Eps value                              :   0.1000E-03
 Epsilon is constant.
 Maximum number of f-evaluations (maxf) :    400
 Maximum number of iterations (MaxT)    :    200
 Value of f_global                      :  -0.1000+101
 Global percentage wanted               :   0.1000E-01
 Volume percentage wanted               :  -0.1000E+01
 Measure percentage wanted              :  -0.1000E+01
 Jones original DIRECT algorithm is used.
Bounds on variable x 1    :     16.00000 <= xi <=     32.00000
Bounds on variable x 2    :      0.00000 <= xi <=      0.40000
Bounds on variable x 3    :      4.00000 <= xi <=      8.00000
Bounds on variable x 4    :      0.00000 <= xi <=      0.10000
Bounds on variable x 5    :      0.00000 <= xi <=      2.00000
Bounds on variable x 6    :      3.00000 <= xi <=      6.00000
Bounds on variable x 7    :      0.00000 <= xi <=      3.00000
Bounds on variable x 8    :      0.00001 <= xi <=      0.00100
---------------------------------------------------------------------------
   17 &      -0.0067863881 &      -0.0010005111 \\\\ 
   73 &      -0.0073553922 &      -0.0009578808 \\\\ 
   99 &      -0.0077749570 &      -0.0009578808 \\\\ 
  133 &      -0.0081100651 &      -0.0008674146 \\\\ 
  165 &      -0.0081236742 &      -0.0008674146 \\\\ 
  195 &      -0.0081352205 &      -0.0008674146 \\\\ 
  267 &      -0.0084239966 &      -0.0007993948 \\\\ 
  291 &      -0.0084926064 &      -0.0007993948 \\\\ 
  321 &      -0.0085610332 &      -0.0007724203 \\\\ 
  349 &      -0.0085979145 &      -0.0006270172 \\\\ 
  375 &      -0.0086339285 &      -0.0006270172 \\\\ 
  399 &      -0.0086534798 &      -0.0005881646 \\\\ 
  421 &      -0.0086547848 &      -0.0005881646 \\\\ 
DIRECT stopped: numfunc >= maxf.
DIRECT Version 2.0.4
 Problem Dimension n                    :      8
 Eps value                              :   0.1000E-03
 Epsilon is constant.
 Maximum number of f-evaluations (maxf) :    400
 Maximum number of iterations (MaxT)    :    200
 Value of f_global                      :  -0.1000+101
 Global percentage wanted               :   0.1000E-01
 Volume percentage wanted               :  -0.1000E+01
 Measure percentage wanted              :  -0.1000E+01
 Jones original DIRECT algorithm is used.
Bounds on variable x 1    :     16.00000 <= xi <=     32.00000
Bounds on variable x 2    :      0.00000 <= xi <=      0.40000
Bounds on variable x 3    :      4.00000 <= xi <=      8.00000
Bounds on variable x 4    :      0.00000 <= xi <=      0.10000
Bounds on variable x 5    :      0.00000 <= xi <=      2.00000
Bounds on variable x 6    :      3.00000 <= xi <=      6.00000
Bounds on variable x 7    :      0.00000 <= xi <=      3.00000
Bounds on variable x 8    :      0.00001 <= xi <=      0.00100
---------------------------------------------------------------------------
   17 &      -0.0077847232 &      -0.0020101890 \\\\ 
   31 &      -0.0078262931 &      -0.0020101890 \\\\ 
   95 &      -0.0080208362 &      -0.0016823572 \\\\ 
  131 &      -0.0081157833 &      -0.0016823572 \\\\ 
  173 &      -0.0082104751 &      -0.0016823572 \\\\ 
  269 &      -0.0083024115 &      -0.0015246373 \\\\ 
  311 &      -0.0083356582 &      -0.0015246373 \\\\ 
  341 &      -0.0083688548 &      -0.0015246373 \\\\ 
  375 &      -0.0084000999 &      -0.0015246373 \\\\ 
  401 &      -0.0084283510 &      -0.0014855741 \\\\ 
DIRECT stopped: numfunc >= maxf.
