Workingdir: /home/rkohli/aml-project/PC-DARTS
Started at Mon Sep  9 19:48:08 CEST 2019
Running job darts+bohamiann-model using 2 cpus per node with given JID 3250170 on queue meta_gpu-black
DIRECT Version 2.0.4
 Problem Dimension n                    :      8
 Eps value                              :   0.1000E-03
 Epsilon is constant.
 Maximum number of f-evaluations (maxf) :    400
 Maximum number of iterations (MaxT)    :    200
 Value of f_global                      :  -0.1000+101
 Global percentage wanted               :   0.1000E-01
 Volume percentage wanted               :  -0.1000E+01
 Measure percentage wanted              :  -0.1000E+01
 Jones original DIRECT algorithm is used.
Bounds on variable x 1    :     16.00000 <= xi <=     32.00000
Bounds on variable x 2    :      0.00000 <= xi <=      0.40000
Bounds on variable x 3    :      4.00000 <= xi <=      8.00000
Bounds on variable x 4    :      0.00000 <= xi <=      0.10000
Bounds on variable x 5    :      0.00000 <= xi <=      2.00000
Bounds on variable x 6    :      3.00000 <= xi <=      6.00000
Bounds on variable x 7    :      0.00000 <= xi <=      3.00000
Bounds on variable x 8    :      0.00001 <= xi <=      0.00100
---------------------------------------------------------------------------
   17 &                NaN &                NaN \\\\ 
DIRECT stopped: numfunc >= maxf.
DIRECT Version 2.0.4
 Problem Dimension n                    :      8
 Eps value                              :   0.1000E-03
 Epsilon is constant.
 Maximum number of f-evaluations (maxf) :    400
 Maximum number of iterations (MaxT)    :    200
 Value of f_global                      :  -0.1000+101
 Global percentage wanted               :   0.1000E-01
 Volume percentage wanted               :  -0.1000E+01
 Measure percentage wanted              :  -0.1000E+01
 Jones original DIRECT algorithm is used.
Bounds on variable x 1    :     16.00000 <= xi <=     32.00000
Bounds on variable x 2    :      0.00000 <= xi <=      0.40000
Bounds on variable x 3    :      4.00000 <= xi <=      8.00000
Bounds on variable x 4    :      0.00000 <= xi <=      0.10000
Bounds on variable x 5    :      0.00000 <= xi <=      2.00000
Bounds on variable x 6    :      3.00000 <= xi <=      6.00000
Bounds on variable x 7    :      0.00000 <= xi <=      3.00000
Bounds on variable x 8    :      0.00001 <= xi <=      0.00100
---------------------------------------------------------------------------
   17 &                NaN &                NaN \\\\ 
DIRECT stopped: numfunc >= maxf.
DIRECT Version 2.0.4
 Problem Dimension n                    :      8
 Eps value                              :   0.1000E-03
 Epsilon is constant.
 Maximum number of f-evaluations (maxf) :    400
 Maximum number of iterations (MaxT)    :    200
 Value of f_global                      :  -0.1000+101
 Global percentage wanted               :   0.1000E-01
 Volume percentage wanted               :  -0.1000E+01
 Measure percentage wanted              :  -0.1000E+01
 Jones original DIRECT algorithm is used.
Bounds on variable x 1    :     16.00000 <= xi <=     32.00000
Bounds on variable x 2    :      0.00000 <= xi <=      0.40000
Bounds on variable x 3    :      4.00000 <= xi <=      8.00000
Bounds on variable x 4    :      0.00000 <= xi <=      0.10000
Bounds on variable x 5    :      0.00000 <= xi <=      2.00000
Bounds on variable x 6    :      3.00000 <= xi <=      6.00000
Bounds on variable x 7    :      0.00000 <= xi <=      3.00000
Bounds on variable x 8    :      0.00001 <= xi <=      0.00100
---------------------------------------------------------------------------
   17 &                NaN &                NaN \\\\ 
DIRECT stopped: numfunc >= maxf.
DIRECT Version 2.0.4
 Problem Dimension n                    :      8
 Eps value                              :   0.1000E-03
 Epsilon is constant.
 Maximum number of f-evaluations (maxf) :    400
 Maximum number of iterations (MaxT)    :    200
 Value of f_global                      :  -0.1000+101
 Global percentage wanted               :   0.1000E-01
 Volume percentage wanted               :  -0.1000E+01
 Measure percentage wanted              :  -0.1000E+01
 Jones original DIRECT algorithm is used.
Bounds on variable x 1    :     16.00000 <= xi <=     32.00000
Bounds on variable x 2    :      0.00000 <= xi <=      0.40000
Bounds on variable x 3    :      4.00000 <= xi <=      8.00000
Bounds on variable x 4    :      0.00000 <= xi <=      0.10000
Bounds on variable x 5    :      0.00000 <= xi <=      2.00000
Bounds on variable x 6    :      3.00000 <= xi <=      6.00000
Bounds on variable x 7    :      0.00000 <= xi <=      3.00000
Bounds on variable x 8    :      0.00001 <= xi <=      0.00100
---------------------------------------------------------------------------
   17 &                NaN &                NaN \\\\ 
DIRECT stopped: numfunc >= maxf.
DIRECT Version 2.0.4
 Problem Dimension n                    :      8
 Eps value                              :   0.1000E-03
 Epsilon is constant.
 Maximum number of f-evaluations (maxf) :    400
 Maximum number of iterations (MaxT)    :    200
 Value of f_global                      :  -0.1000+101
 Global percentage wanted               :   0.1000E-01
 Volume percentage wanted               :  -0.1000E+01
 Measure percentage wanted              :  -0.1000E+01
 Jones original DIRECT algorithm is used.
Bounds on variable x 1    :     16.00000 <= xi <=     32.00000
Bounds on variable x 2    :      0.00000 <= xi <=      0.40000
Bounds on variable x 3    :      4.00000 <= xi <=      8.00000
Bounds on variable x 4    :      0.00000 <= xi <=      0.10000
Bounds on variable x 5    :      0.00000 <= xi <=      2.00000
Bounds on variable x 6    :      3.00000 <= xi <=      6.00000
Bounds on variable x 7    :      0.00000 <= xi <=      3.00000
Bounds on variable x 8    :      0.00001 <= xi <=      0.00100
---------------------------------------------------------------------------
   17 &                NaN &                NaN \\\\ 
DIRECT stopped: numfunc >= maxf.
DIRECT Version 2.0.4
 Problem Dimension n                    :      8
 Eps value                              :   0.1000E-03
 Epsilon is constant.
 Maximum number of f-evaluations (maxf) :    400
 Maximum number of iterations (MaxT)    :    200
 Value of f_global                      :  -0.1000+101
 Global percentage wanted               :   0.1000E-01
 Volume percentage wanted               :  -0.1000E+01
 Measure percentage wanted              :  -0.1000E+01
 Jones original DIRECT algorithm is used.
Bounds on variable x 1    :     16.00000 <= xi <=     32.00000
Bounds on variable x 2    :      0.00000 <= xi <=      0.40000
Bounds on variable x 3    :      4.00000 <= xi <=      8.00000
Bounds on variable x 4    :      0.00000 <= xi <=      0.10000
Bounds on variable x 5    :      0.00000 <= xi <=      2.00000
Bounds on variable x 6    :      3.00000 <= xi <=      6.00000
Bounds on variable x 7    :      0.00000 <= xi <=      3.00000
Bounds on variable x 8    :      0.00001 <= xi <=      0.00100
---------------------------------------------------------------------------
   17 &                NaN &                NaN \\\\ 
DIRECT stopped: numfunc >= maxf.
DIRECT Version 2.0.4
 Problem Dimension n                    :      8
 Eps value                              :   0.1000E-03
 Epsilon is constant.
 Maximum number of f-evaluations (maxf) :    400
 Maximum number of iterations (MaxT)    :    200
 Value of f_global                      :  -0.1000+101
 Global percentage wanted               :   0.1000E-01
 Volume percentage wanted               :  -0.1000E+01
 Measure percentage wanted              :  -0.1000E+01
 Jones original DIRECT algorithm is used.
Bounds on variable x 1    :     16.00000 <= xi <=     32.00000
Bounds on variable x 2    :      0.00000 <= xi <=      0.40000
Bounds on variable x 3    :      4.00000 <= xi <=      8.00000
Bounds on variable x 4    :      0.00000 <= xi <=      0.10000
Bounds on variable x 5    :      0.00000 <= xi <=      2.00000
Bounds on variable x 6    :      3.00000 <= xi <=      6.00000
Bounds on variable x 7    :      0.00000 <= xi <=      3.00000
Bounds on variable x 8    :      0.00001 <= xi <=      0.00100
---------------------------------------------------------------------------
   17 &                NaN &                NaN \\\\ 
DIRECT stopped: numfunc >= maxf.
DIRECT Version 2.0.4
 Problem Dimension n                    :      8
 Eps value                              :   0.1000E-03
 Epsilon is constant.
 Maximum number of f-evaluations (maxf) :    400
 Maximum number of iterations (MaxT)    :    200
 Value of f_global                      :  -0.1000+101
 Global percentage wanted               :   0.1000E-01
 Volume percentage wanted               :  -0.1000E+01
 Measure percentage wanted              :  -0.1000E+01
 Jones original DIRECT algorithm is used.
Bounds on variable x 1    :     16.00000 <= xi <=     32.00000
Bounds on variable x 2    :      0.00000 <= xi <=      0.40000
Bounds on variable x 3    :      4.00000 <= xi <=      8.00000
Bounds on variable x 4    :      0.00000 <= xi <=      0.10000
Bounds on variable x 5    :      0.00000 <= xi <=      2.00000
Bounds on variable x 6    :      3.00000 <= xi <=      6.00000
Bounds on variable x 7    :      0.00000 <= xi <=      3.00000
Bounds on variable x 8    :      0.00001 <= xi <=      0.00100
---------------------------------------------------------------------------
   17 &                NaN &                NaN \\\\ 
DIRECT stopped: numfunc >= maxf.
DIRECT Version 2.0.4
 Problem Dimension n                    :      8
 Eps value                              :   0.1000E-03
 Epsilon is constant.
 Maximum number of f-evaluations (maxf) :    400
 Maximum number of iterations (MaxT)    :    200
 Value of f_global                      :  -0.1000+101
 Global percentage wanted               :   0.1000E-01
 Volume percentage wanted               :  -0.1000E+01
 Measure percentage wanted              :  -0.1000E+01
 Jones original DIRECT algorithm is used.
Bounds on variable x 1    :     16.00000 <= xi <=     32.00000
Bounds on variable x 2    :      0.00000 <= xi <=      0.40000
Bounds on variable x 3    :      4.00000 <= xi <=      8.00000
Bounds on variable x 4    :      0.00000 <= xi <=      0.10000
Bounds on variable x 5    :      0.00000 <= xi <=      2.00000
Bounds on variable x 6    :      3.00000 <= xi <=      6.00000
Bounds on variable x 7    :      0.00000 <= xi <=      3.00000
Bounds on variable x 8    :      0.00001 <= xi <=      0.00100
---------------------------------------------------------------------------
   17 &                NaN &                NaN \\\\ 
DIRECT stopped: numfunc >= maxf.
DIRECT Version 2.0.4
 Problem Dimension n                    :      8
 Eps value                              :   0.1000E-03
 Epsilon is constant.
 Maximum number of f-evaluations (maxf) :    400
 Maximum number of iterations (MaxT)    :    200
 Value of f_global                      :  -0.1000+101
 Global percentage wanted               :   0.1000E-01
 Volume percentage wanted               :  -0.1000E+01
 Measure percentage wanted              :  -0.1000E+01
 Jones original DIRECT algorithm is used.
Bounds on variable x 1    :     16.00000 <= xi <=     32.00000
Bounds on variable x 2    :      0.00000 <= xi <=      0.40000
Bounds on variable x 3    :      4.00000 <= xi <=      8.00000
Bounds on variable x 4    :      0.00000 <= xi <=      0.10000
Bounds on variable x 5    :      0.00000 <= xi <=      2.00000
Bounds on variable x 6    :      3.00000 <= xi <=      6.00000
Bounds on variable x 7    :      0.00000 <= xi <=      3.00000
Bounds on variable x 8    :      0.00001 <= xi <=      0.00100
---------------------------------------------------------------------------
   17 &                NaN &                NaN \\\\ 
DIRECT stopped: numfunc >= maxf.
DIRECT Version 2.0.4
 Problem Dimension n                    :      8
 Eps value                              :   0.1000E-03
 Epsilon is constant.
 Maximum number of f-evaluations (maxf) :    400
 Maximum number of iterations (MaxT)    :    200
 Value of f_global                      :  -0.1000+101
 Global percentage wanted               :   0.1000E-01
 Volume percentage wanted               :  -0.1000E+01
 Measure percentage wanted              :  -0.1000E+01
 Jones original DIRECT algorithm is used.
Bounds on variable x 1    :     16.00000 <= xi <=     32.00000
Bounds on variable x 2    :      0.00000 <= xi <=      0.40000
Bounds on variable x 3    :      4.00000 <= xi <=      8.00000
Bounds on variable x 4    :      0.00000 <= xi <=      0.10000
Bounds on variable x 5    :      0.00000 <= xi <=      2.00000
Bounds on variable x 6    :      3.00000 <= xi <=      6.00000
Bounds on variable x 7    :      0.00000 <= xi <=      3.00000
Bounds on variable x 8    :      0.00001 <= xi <=      0.00100
---------------------------------------------------------------------------
   17 &                NaN &                NaN \\\\ 
DIRECT stopped: numfunc >= maxf.
DIRECT Version 2.0.4
 Problem Dimension n                    :      8
 Eps value                              :   0.1000E-03
 Epsilon is constant.
 Maximum number of f-evaluations (maxf) :    400
 Maximum number of iterations (MaxT)    :    200
 Value of f_global                      :  -0.1000+101
 Global percentage wanted               :   0.1000E-01
 Volume percentage wanted               :  -0.1000E+01
 Measure percentage wanted              :  -0.1000E+01
 Jones original DIRECT algorithm is used.
Bounds on variable x 1    :     16.00000 <= xi <=     32.00000
Bounds on variable x 2    :      0.00000 <= xi <=      0.40000
Bounds on variable x 3    :      4.00000 <= xi <=      8.00000
Bounds on variable x 4    :      0.00000 <= xi <=      0.10000
Bounds on variable x 5    :      0.00000 <= xi <=      2.00000
Bounds on variable x 6    :      3.00000 <= xi <=      6.00000
Bounds on variable x 7    :      0.00000 <= xi <=      3.00000
Bounds on variable x 8    :      0.00001 <= xi <=      0.00100
---------------------------------------------------------------------------
   17 &                NaN &                NaN \\\\ 
DIRECT stopped: numfunc >= maxf.
DIRECT Version 2.0.4
 Problem Dimension n                    :      8
 Eps value                              :   0.1000E-03
 Epsilon is constant.
 Maximum number of f-evaluations (maxf) :    400
 Maximum number of iterations (MaxT)    :    200
 Value of f_global                      :  -0.1000+101
 Global percentage wanted               :   0.1000E-01
 Volume percentage wanted               :  -0.1000E+01
 Measure percentage wanted              :  -0.1000E+01
 Jones original DIRECT algorithm is used.
Bounds on variable x 1    :     16.00000 <= xi <=     32.00000
Bounds on variable x 2    :      0.00000 <= xi <=      0.40000
Bounds on variable x 3    :      4.00000 <= xi <=      8.00000
Bounds on variable x 4    :      0.00000 <= xi <=      0.10000
Bounds on variable x 5    :      0.00000 <= xi <=      2.00000
Bounds on variable x 6    :      3.00000 <= xi <=      6.00000
Bounds on variable x 7    :      0.00000 <= xi <=      3.00000
Bounds on variable x 8    :      0.00001 <= xi <=      0.00100
---------------------------------------------------------------------------
   17 &                NaN &                NaN \\\\ 
DIRECT stopped: numfunc >= maxf.
DIRECT Version 2.0.4
 Problem Dimension n                    :      8
 Eps value                              :   0.1000E-03
 Epsilon is constant.
 Maximum number of f-evaluations (maxf) :    400
 Maximum number of iterations (MaxT)    :    200
 Value of f_global                      :  -0.1000+101
 Global percentage wanted               :   0.1000E-01
 Volume percentage wanted               :  -0.1000E+01
 Measure percentage wanted              :  -0.1000E+01
 Jones original DIRECT algorithm is used.
Bounds on variable x 1    :     16.00000 <= xi <=     32.00000
Bounds on variable x 2    :      0.00000 <= xi <=      0.40000
Bounds on variable x 3    :      4.00000 <= xi <=      8.00000
Bounds on variable x 4    :      0.00000 <= xi <=      0.10000
Bounds on variable x 5    :      0.00000 <= xi <=      2.00000
Bounds on variable x 6    :      3.00000 <= xi <=      6.00000
Bounds on variable x 7    :      0.00000 <= xi <=      3.00000
Bounds on variable x 8    :      0.00001 <= xi <=      0.00100
---------------------------------------------------------------------------
   17 &                NaN &                NaN \\\\ 
DIRECT stopped: numfunc >= maxf.
DIRECT Version 2.0.4
 Problem Dimension n                    :      8
 Eps value                              :   0.1000E-03
Experiment dir : eval-EXP-20190909-195724
config {'batch_size': 32, 'drop_path_prob': 0.13892548078654024, 'grad_clip_value': 8, 'initial_lr': 1.6978167889745125e-06, 'lr_scheduler': 'Cosine', 'n_conv_layers': 6, 'weight_decay': 1.0041503937464602e-05}
config {'batch_size': 32, 'drop_path_prob': 0.10494738074970683, 'grad_clip_value': 8, 'initial_lr': 1.4700060679063494e-06, 'lr_scheduler': 'Cosine', 'n_conv_layers': 6, 'optimizer': 'adad', 'weight_decay': 1.0009873812428262e-05}
48 48 16
48 64 16
64 64 32
64 128 32
128 128 64
128 256 64
Training size= 48000
config {'batch_size': 32, 'drop_path_prob': 0.11500850447919678, 'grad_clip_value': 8, 'initial_lr': 2.0853321148649926e-06, 'lr_scheduler': 'Cosine', 'n_conv_layers': 6, 'optimizer': 'adam', 'weight_decay': 1.0027728390489452e-05}
48 48 16
48 64 16
64 64 32
64 128 32
128 128 64
128 256 64
Training size= 48000
Warning: Maximum number of function evaluations has been exceeded.
config {'batch_size': 32, 'drop_path_prob': 0.08000000000000002, 'grad_clip_value': 8, 'initial_lr': 1.7782896466675373e-06, 'lr_scheduler': 'Cosine', 'n_conv_layers': 6, 'optimizer': 'sgd', 'weight_decay': 1.0023283172746057e-05}
48 48 16
48 64 16
64 64 32
64 128 32
128 128 64
128 256 64
Training size= 48000
Warning: Maximum number of function evaluations has been exceeded.
config {'batch_size': 32, 'drop_path_prob': 0.08000000000000002, 'grad_clip_value': 8, 'initial_lr': 1.7782896466675373e-06, 'lr_scheduler': 'Cosine', 'n_conv_layers': 6, 'optimizer': 'sgd', 'weight_decay': 1.0023283172746057e-05}
48 48 16
48 64 16
64 64 32
64 128 32
128 128 64
128 256 64
Training size= 48000
Warning: Maximum number of function evaluations has been exceeded.
config {'batch_size': 32, 'drop_path_prob': 0.08000000000000002, 'grad_clip_value': 8, 'initial_lr': 1.7782896466675373e-06, 'lr_scheduler': 'Cosine', 'n_conv_layers': 6, 'optimizer': 'sgd', 'weight_decay': 1.0023283172746057e-05}
48 48 16
48 64 16
64 64 32
64 128 32
128 128 64
128 256 64
Training size= 48000
Warning: Maximum number of function evaluations has been exceeded.
config {'batch_size': 32, 'drop_path_prob': 0.08000000000000002, 'grad_clip_value': 8, 'initial_lr': 1.7782896466675373e-06, 'lr_scheduler': 'Cosine', 'n_conv_layers': 6, 'optimizer': 'sgd', 'weight_decay': 1.0023283172746057e-05}
48 48 16
48 64 16
64 64 32
64 128 32
128 128 64
128 256 64
Training size= 48000
Warning: Maximum number of function evaluations has been exceeded.
config {'batch_size': 32, 'drop_path_prob': 0.08000000000000002, 'grad_clip_value': 8, 'initial_lr': 1.7782896466675373e-06, 'lr_scheduler': 'Cosine', 'n_conv_layers': 6, 'optimizer': 'sgd', 'weight_decay': 1.0023283172746057e-05}
48 48 16
48 64 16
64 64 32
64 128 32
128 128 64
128 256 64
Training size= 48000
Warning: Maximum number of function evaluations has been exceeded.
config {'batch_size': 32, 'drop_path_prob': 0.08000000000000002, 'grad_clip_value': 8, 'initial_lr': 1.7782896466675373e-06, 'lr_scheduler': 'Cosine', 'n_conv_layers': 6, 'optimizer': 'sgd', 'weight_decay': 1.0023283172746057e-05}
48 48 16
48 64 16
64 64 32
64 128 32
128 128 64
128 256 64
Training size= 48000
Warning: Maximum number of function evaluations has been exceeded.
config {'batch_size': 32, 'drop_path_prob': 0.08000000000000002, 'grad_clip_value': 8, 'initial_lr': 1.7782896466675373e-06, 'lr_scheduler': 'Cosine', 'n_conv_layers': 6, 'optimizer': 'sgd', 'weight_decay': 1.0023283172746057e-05}
48 48 16
48 64 16
64 64 32
64 128 32
128 128 64
128 256 64
Training size= 48000
Warning: Maximum number of function evaluations has been exceeded.
config {'batch_size': 32, 'drop_path_prob': 0.08000000000000002, 'grad_clip_value': 8, 'initial_lr': 1.7782896466675373e-06, 'lr_scheduler': 'Cosine', 'n_conv_layers': 6, 'optimizer': 'sgd', 'weight_decay': 1.0023283172746057e-05}
48 48 16
48 64 16
64 64 32
64 128 32
128 128 64
128 256 64
Training size= 48000
Warning: Maximum number of function evaluations has been exceeded.
config {'batch_size': 32, 'drop_path_prob': 0.08000000000000002, 'grad_clip_value': 8, 'initial_lr': 1.7782896466675373e-06, 'lr_scheduler': 'Cosine', 'n_conv_layers': 6, 'optimizer': 'sgd', 'weight_decay': 1.0023283172746057e-05}
48 48 16
48 64 16
64 64 32
64 128 32
128 128 64
128 256 64
Training size= 48000
Warning: Maximum number of function evaluations has been exceeded.
config {'batch_size': 32, 'drop_path_prob': 0.08000000000000002, 'grad_clip_value': 8, 'initial_lr': 1.7782896466675373e-06, 'lr_scheduler': 'Cosine', 'n_conv_layers': 6, 'optimizer': 'sgd', 'weight_decay': 1.0023283172746057e-05}
48 48 16
48 64 16
64 64 32
64 128 32
128 128 64
128 256 64
Training size= 48000
Warning: Maximum number of function evaluations has been exceeded.
config {'batch_size': 32, 'drop_path_prob': 0.08000000000000002, 'grad_clip_value': 8, 'initial_lr': 1.7782896466675373e-06, 'lr_scheduler': 'Cosine', 'n_conv_layers': 6, 'optimizer': 'sgd', 'weight_decay': 1.0023283172746057e-05}
48 48 16
48 64 16
64 64 32
64 128 32
128 128 64
128 256 64
Training size= 48000
Warning: Maximum number of function evaluations has been exceeded.
config {'batch_size': 32, 'drop_path_prob': 0.08000000000000002, 'grad_clip_value': 8, 'initial_lr': 1.7782896466675373e-06, 'lr_scheduler': 'Cosine', 'n_conv_layers': 6, 'optimizer': 'sgd', 'weight_decay': 1.0023283172746057e-05}
48 48 16
48 64 16
64 64 32
64 128 32
128 128 64
128 256 64
Training size= 48000
Warning: Maximum number of function evaluations has been exceeded.
config {'batch_size': 32, 'drop_path_prob': 0.08000000000000002, 'grad_clip_value': 8, 'initial_lr': 1.7782896466675373e-06, 'lr_scheduler': 'Cosine', 'n_conv_layers': 6, 'optimizer': 'sgd', 'weight_decay': 1.0023283172746057e-05}
48 48 16
48 64 16
64 64 32
64 128 32
128 128 64
128 256 64
Training size= 48000
Warning: Maximum number of function evaluations has been exceeded.
config {'batch_size': 32, 'drop_path_prob': 0.08000000000000002, 'grad_clip_value': 8, 'initial_lr': 1.7782896466675373e-06, 'lr_scheduler': 'Cosine', 'n_conv_layers': 6, 'optimizer': 'sgd', 'weight_decay': 1.0023283172746057e-05}
48 48 16
48 64 16
64 64 32
64 128 32
128 128 64
128 256 64
Training size= 48000
Warning: Maximum number of function evaluations has been exceeded.
config {'batch_size': 32, 'drop_path_prob': 0.08000000000000002, 'grad_clip_value': 8, 'initial_lr': 1.7782896466675373e-06, 'lr_scheduler': 'Cosine', 'n_conv_layers': 6, 'optimizer': 'sgd', 'weight_decay': 1.0023283172746057e-05}
48 48 16
48 64 16
64 64 32
64 128 32
128 128 64
128 256 64
Training size= 48000
Warning: Maximum number of function evaluations has been exceeded.
config {'batch_size': 32, 'drop_path_prob': 0.08000000000000002, 'grad_clip_value': 8, 'initial_lr': 1.7782896466675373e-06, 'lr_scheduler': 'Cosine', 'n_conv_layers': 6, 'optimizer': 'sgd', 'weight_decay': 1.0023283172746057e-05}
48 48 16
48 64 16
64 64 32
64 128 32
128 128 64
128 256 64
Training size= 48000
Warning: Maximum number of function evaluations has been exceeded.
config {'batch_size': 32, 'drop_path_prob': 0.08000000000000002, 'grad_clip_value': 8, 'initial_lr': 1.7782896466675373e-06, 'lr_scheduler': 'Cosine', 'n_conv_layers': 6, 'optimizer': 'sgd', 'weight_decay': 1.0023283172746057e-05}
48 48 16
48 64 16
64 64 32
64 128 32
128 128 64
128 256 64
Training size= 48000
 Epsilon is constant.
 Maximum number of f-evaluations (maxf) :    400
 Maximum number of iterations (MaxT)    :    200
 Value of f_global                      :  -0.1000+101
 Global percentage wanted               :   0.1000E-01
 Volume percentage wanted               :  -0.1000E+01
 Measure percentage wanted              :  -0.1000E+01
 Jones original DIRECT algorithm is used.
Bounds on variable x 1    :     16.00000 <= xi <=     32.00000
Bounds on variable x 2    :      0.00000 <= xi <=      0.40000
Bounds on variable x 3    :      4.00000 <= xi <=      8.00000
Bounds on variable x 4    :      0.00000 <= xi <=      0.10000
Bounds on variable x 5    :      0.00000 <= xi <=      2.00000
Bounds on variable x 6    :      3.00000 <= xi <=      6.00000
Bounds on variable x 7    :      0.00000 <= xi <=      3.00000
Bounds on variable x 8    :      0.00001 <= xi <=      0.00100
---------------------------------------------------------------------------
   17 &                NaN &                NaN \\\\ 
DIRECT stopped: numfunc >= maxf.
DIRECT Version 2.0.4
 Problem Dimension n                    :      8
 Eps value                              :   0.1000E-03
 Epsilon is constant.
 Maximum number of f-evaluations (maxf) :    400
 Maximum number of iterations (MaxT)    :    200
 Value of f_global                      :  -0.1000+101
 Global percentage wanted               :   0.1000E-01
 Volume percentage wanted               :  -0.1000E+01
 Measure percentage wanted              :  -0.1000E+01
 Jones original DIRECT algorithm is used.
Bounds on variable x 1    :     16.00000 <= xi <=     32.00000
Bounds on variable x 2    :      0.00000 <= xi <=      0.40000
Bounds on variable x 3    :      4.00000 <= xi <=      8.00000
Bounds on variable x 4    :      0.00000 <= xi <=      0.10000
Bounds on variable x 5    :      0.00000 <= xi <=      2.00000
Bounds on variable x 6    :      3.00000 <= xi <=      6.00000
Bounds on variable x 7    :      0.00000 <= xi <=      3.00000
Bounds on variable x 8    :      0.00001 <= xi <=      0.00100
---------------------------------------------------------------------------
   17 &                NaN &                NaN \\\\ 
DIRECT stopped: numfunc >= maxf.
DIRECT Version 2.0.4
 Problem Dimension n                    :      8
 Eps value                              :   0.1000E-03
 Epsilon is constant.
 Maximum number of f-evaluations (maxf) :    400
 Maximum number of iterations (MaxT)    :    200
 Value of f_global                      :  -0.1000+101
 Global percentage wanted               :   0.1000E-01
 Volume percentage wanted               :  -0.1000E+01
 Measure percentage wanted              :  -0.1000E+01
 Jones original DIRECT algorithm is used.
Bounds on variable x 1    :     16.00000 <= xi <=     32.00000
Bounds on variable x 2    :      0.00000 <= xi <=      0.40000
Bounds on variable x 3    :      4.00000 <= xi <=      8.00000
Bounds on variable x 4    :      0.00000 <= xi <=      0.10000
Bounds on variable x 5    :      0.00000 <= xi <=      2.00000
Bounds on variable x 6    :      3.00000 <= xi <=      6.00000
Bounds on variable x 7    :      0.00000 <= xi <=      3.00000
Bounds on variable x 8    :      0.00001 <= xi <=      0.00100
---------------------------------------------------------------------------
   17 &                NaN &                NaN \\\\ 
DIRECT stopped: numfunc >= maxf.
