INFO:root:gpu device = cuda:0
INFO:root:epoch 0 lr 4.442566e-02
/home/rkohli/aml-project/src/train.py:160: UserWarning: torch.nn.utils.clip_grad_norm is now deprecated in favor of torch.nn.utils.clip_grad_norm_.
  nn.utils.clip_grad_norm(model.parameters(), grad_clip)
INFO:root:train 000 4.779813e+00 0.000000 7.812500
INFO:root:train 050 4.733344e+00 1.960784 10.140931
INFO:root:train 100 4.731630e+00 1.902847 10.086634
INFO:root:train 150 4.712569e+00 1.831540 10.192467
INFO:root:train 200 4.720520e+00 1.857898 10.167910
INFO:root:train 250 4.719461e+00 1.879980 10.221614
INFO:root:train 300 4.718460e+00 1.894726 10.392442
INFO:root:train 350 4.717741e+00 1.874110 10.416667
INFO:root:train 400 4.720826e+00 1.862531 10.411471
INFO:root:train 450 4.720150e+00 1.884701 10.455931
INFO:root:train 500 4.718548e+00 1.930514 10.538298
INFO:root:train 550 4.718513e+00 1.928312 10.503630
INFO:root:train 600 4.722129e+00 1.926477 10.479929
INFO:root:train 650 4.721534e+00 1.939324 10.483871
INFO:root:train 700 4.723462e+00 1.945881 10.469419
INFO:root:train 750 4.721415e+00 1.968209 10.481858
INFO:root:train 800 4.722172e+00 1.968243 10.442026
INFO:root:train 850 4.722724e+00 1.979289 10.397694
INFO:root:train 900 4.724071e+00 1.997780 10.366953
INFO:root:train 950 4.723707e+00 1.999540 10.405166
INFO:root:train 1000 4.723195e+00 1.994880 10.406781
INFO:root:train 1050 4.723149e+00 2.002557 10.424596
INFO:root:train 1100 4.722121e+00 2.003860 10.440792
INFO:root:train 1150 4.721014e+00 2.014553 10.493593
INFO:root:train 1200 4.723091e+00 2.002238 10.444421
INFO:root:train 1250 4.723133e+00 1.997152 10.407924
INFO:root:train 1300 4.722190e+00 1.999664 10.415065
INFO:root:train 1350 4.721760e+00 1.996207 10.421678
INFO:root:train 1400 4.722033e+00 1.998572 10.403283
INFO:root:train 1450 4.722007e+00 1.990007 10.387233
INFO:root:train 1500 4.721113e+00 1.998668 10.412850
INFO:root:train 1550 4.720292e+00 1.992666 10.429763
INFO:root:train 1600 4.720092e+00 2.000703 10.448548
INFO:root:train 1650 4.719243e+00 2.000681 10.463356
INFO:root:train 1700 4.718793e+00 1.995150 10.466270
INFO:root:train 1750 4.718084e+00 1.993504 10.447601
INFO:root:train 1800 4.719017e+00 1.992816 10.432572
INFO:root:train 1850 4.718998e+00 1.993855 10.429329
INFO:root:train 1900 4.717696e+00 1.998126 10.447626
INFO:root:train 1950 4.719372e+00 1.999776 10.441761
INFO:root:train 2000 4.718611e+00 1.996658 10.458052
INFO:root:train 2050 4.717855e+00 1.994454 10.459837
INFO:root:train 2100 4.718196e+00 1.997561 10.471948
INFO:root:train 2150 4.718745e+00 1.989627 10.469694
INFO:root:train 2200 4.719010e+00 1.999091 10.478902
INFO:root:train 2250 4.719798e+00 1.994947 10.468958
INFO:root:train 2300 4.718375e+00 1.995736 10.483214
INFO:root:train 2350 4.717707e+00 1.992503 10.484235
INFO:root:train 2400 4.717337e+00 1.987453 10.492373
INFO:root:train 2450 4.717212e+00 1.989622 10.496354
INFO:root:train 2500 4.717470e+00 1.986081 10.473935
INFO:root:train 2550 4.717267e+00 1.987578 10.476284
INFO:root:train 2600 4.718116e+00 1.974000 10.467729
INFO:root:train 2650 4.717788e+00 1.976848 10.489556
INFO:root:train 2700 4.717514e+00 1.981326 10.496691
INFO:root:train 2750 4.717495e+00 1.976554 10.506407
INFO:root:train 2800 4.717144e+00 1.971952 10.527490
INFO:root:train 2850 4.716987e+00 1.971348 10.533037
INFO:root:train 2900 4.717156e+00 1.970764 10.535699
INFO:root:train 2950 4.717053e+00 1.978672 10.550449
INFO:root:train 3000 4.716636e+00 1.982152 10.567832
INFO:root:train 3050 4.716505e+00 1.983469 10.571841
INFO:root:train 3100 4.717086e+00 1.980712 10.551032
INFO:root:train 3150 4.717098e+00 1.983993 10.544272
INFO:root:train 3200 4.716877e+00 1.980338 10.550902
INFO:root:train 3250 4.716251e+00 1.983044 10.575112
INFO:root:train 3300 4.716230e+00 1.981407 10.574920
INFO:root:train 3350 4.715783e+00 1.980752 10.576600
INFO:root:train 3400 4.715320e+00 1.981494 10.572718
INFO:root:train 3450 4.715251e+00 1.980404 10.579361
INFO:root:train 3500 4.714957e+00 1.978453 10.589831
INFO:root:train 3550 4.714774e+00 1.974796 10.583726
INFO:root:train 3600 4.714782e+00 1.980787 10.580394
INFO:root:train_acc 1.983517
INFO:root:valid 000 4.502289e+00 4.687500 14.062500
INFO:root:valid 050 4.675867e+00 1.960784 10.232843
INFO:root:valid 100 4.680255e+00 2.134901 10.612624
INFO:root:valid 150 4.691668e+00 2.059189 10.533940
INFO:root:valid 200 4.680581e+00 2.137749 10.883085
INFO:root:valid 250 4.674986e+00 2.178785 11.037102
INFO:root:valid 300 4.670337e+00 2.175042 11.186669
INFO:root:valid 350 4.669175e+00 2.145655 11.209046
INFO:root:valid 400 4.671884e+00 2.100218 11.179084
INFO:root:valid 450 4.666317e+00 2.106430 11.339385
INFO:root:valid 500 4.669193e+00 2.108283 11.330464
INFO:root:valid 550 4.668654e+00 2.132486 11.289133
INFO:root:valid 600 4.663843e+00 2.155262 11.374272
INFO:root:test_acc 2.158404
INFO:root:epoch 1 lr 4.415218e-02
INFO:root:train 000 4.678852e+00 0.000000 6.250000
INFO:root:train 050 4.725205e+00 1.623775 10.692402
INFO:root:train 100 4.738020e+00 1.779084 10.426980
INFO:root:train 150 4.713081e+00 1.955712 11.092715
INFO:root:train 200 4.713352e+00 1.982276 10.929726
INFO:root:train 250 4.713753e+00 2.116534 10.962400
INFO:root:train 300 4.719796e+00 2.149086 10.864826
INFO:root:train 350 4.721491e+00 2.127849 10.772792
INFO:root:train 400 4.718514e+00 2.088529 10.758261
INFO:root:train 450 4.721619e+00 2.064856 10.746951
INFO:root:train 500 4.719126e+00 2.039671 10.756612
INFO:root:train 550 4.718020e+00 2.053085 10.778698
INFO:root:train 600 4.720615e+00 2.014871 10.695715
INFO:root:train 650 4.718582e+00 1.996928 10.695084
INFO:root:train 700 4.715631e+00 1.977086 10.681170
INFO:root:train 750 4.718410e+00 1.972370 10.662866
INFO:root:train 800 4.717554e+00 1.954588 10.666355
INFO:root:train 850 4.716704e+00 1.968273 10.691466
INFO:root:train 900 4.715867e+00 1.966565 10.673904
INFO:root:train 950 4.717273e+00 1.978181 10.646688
INFO:root:train 1000 4.716973e+00 1.960539 10.626873
INFO:root:train 1050 4.716127e+00 1.946063 10.628271
INFO:root:train 1100 4.714539e+00 1.962704 10.672116
INFO:root:train 1150 4.713112e+00 1.960252 10.674142
INFO:root:train 1200 4.712675e+00 1.947596 10.647377
INFO:root:train 1250 4.712181e+00 1.954686 10.662720
INFO:root:train 1300 4.712040e+00 1.961232 10.693697
INFO:root:train 1350 4.712498e+00 1.956884 10.676120
INFO:root:train 1400 4.711784e+00 1.955077 10.682102
INFO:root:train 1450 4.711733e+00 1.962009 10.677981
INFO:root:train 1500 4.711572e+00 1.952865 10.661642
INFO:root:train 1550 4.711583e+00 1.957407 10.639305
INFO:root:train 1600 4.710790e+00 1.969472 10.657402
INFO:root:train 1650 4.710895e+00 1.961879 10.627082
INFO:root:train 1700 4.710766e+00 1.958407 10.623347
INFO:root:train 1750 4.711218e+00 1.961379 10.642133
INFO:root:train 1800 4.709591e+00 1.972862 10.680698
INFO:root:train 1850 4.709392e+00 1.978660 10.688479
INFO:root:train 1900 4.709677e+00 1.980865 10.681056
INFO:root:train 1950 4.710139e+00 1.973347 10.658797
INFO:root:train 2000 4.709842e+00 1.976356 10.691529
INFO:root:train 2050 4.710014e+00 1.962457 10.680765
INFO:root:train 2100 4.709167e+00 1.964838 10.693569
INFO:root:train 2150 4.709650e+00 1.955486 10.683258
INFO:root:train 2200 4.710051e+00 1.953657 10.679095
INFO:root:train 2250 4.709813e+00 1.960934 10.691776
INFO:root:train 2300 4.708940e+00 1.963141 10.697115
INFO:root:train 2350 4.708668e+00 1.967248 10.684948
INFO:root:train 2400 4.708327e+00 1.967279 10.714936
INFO:root:train 2450 4.707367e+00 1.960934 10.733502
INFO:root:train 2500 4.707393e+00 1.964214 10.726334
INFO:root:train 2550 4.707281e+00 1.970428 10.726798
INFO:root:train 2600 4.708220e+00 1.962587 10.706819
INFO:root:train 2650 4.708325e+00 1.966829 10.703508
INFO:root:train 2700 4.708562e+00 1.958187 10.692799
INFO:root:train 2750 4.708295e+00 1.961219 10.705766
INFO:root:train 2800 4.708271e+00 1.959680 10.702093
INFO:root:train 2850 4.708142e+00 1.959291 10.702385
INFO:root:train 2900 4.708452e+00 1.963762 10.699974
INFO:root:train 2950 4.708608e+00 1.965965 10.692880
INFO:root:train 3000 4.708841e+00 1.964970 10.684459
INFO:root:train 3050 4.708251e+00 1.969641 10.694240
INFO:root:train 3100 4.708317e+00 1.975673 10.698162
INFO:root:train 3150 4.708031e+00 1.977547 10.701464
INFO:root:train 3200 4.707893e+00 1.981803 10.696364
INFO:root:train 3250 4.707575e+00 1.979199 10.702476
INFO:root:train 3300 4.707737e+00 1.982354 10.702723
INFO:root:train 3350 4.707637e+00 1.979353 10.697366
INFO:root:train 3400 4.707507e+00 1.982413 10.701816
INFO:root:train 3450 4.707359e+00 1.977688 10.697081
INFO:root:train 3500 4.707539e+00 1.975775 10.700068
INFO:root:train 3550 4.707052e+00 1.980076 10.705611
INFO:root:train 3600 4.707157e+00 1.978183 10.698851
INFO:root:train_acc 1.976632
INFO:root:valid 000 4.463873e+00 6.250000 14.062500
INFO:root:valid 050 4.671112e+00 1.838235 10.539216
INFO:root:valid 100 4.676026e+00 2.150371 10.829208
INFO:root:valid 150 4.684830e+00 1.966060 10.627070
INFO:root:valid 200 4.674442e+00 2.075560 10.789801
INFO:root:valid 250 4.669734e+00 2.066733 10.974851
INFO:root:valid 300 4.665990e+00 2.117940 11.082849
INFO:root:valid 350 4.662551e+00 2.110043 11.115563
INFO:root:valid 400 4.666252e+00 2.104115 11.019327
INFO:root:valid 450 4.659376e+00 2.144540 11.211197
INFO:root:valid 500 4.663235e+00 2.130115 11.205714
INFO:root:valid 550 4.662436e+00 2.135322 11.206897
INFO:root:valid 600 4.658628e+00 2.144863 11.304077
INFO:root:test_acc 2.145433
INFO:root:epoch 2 lr 4.333849e-02
INFO:root:train 000 4.744471e+00 1.562500 12.500000
INFO:root:train 050 4.689986e+00 1.531863 10.753676
INFO:root:train 100 4.691860e+00 1.686262 10.875619
INFO:root:train 150 4.701142e+00 1.717715 10.564983
INFO:root:train 200 4.709308e+00 1.725746 10.587687
INFO:root:train 250 4.702211e+00 1.805279 10.663596
INFO:root:train 300 4.701390e+00 1.837625 10.683140
INFO:root:train 350 4.701432e+00 1.883013 10.737179
INFO:root:train 400 4.696840e+00 1.901496 10.797226
INFO:root:train 450 4.698851e+00 1.912417 10.746951
INFO:root:train 500 4.698389e+00 1.911801 10.800274
INFO:root:train 550 4.698579e+00 1.919805 10.801384
INFO:root:train 600 4.700161e+00 1.936876 10.773710
INFO:root:train 650 4.701882e+00 1.934524 10.740687
INFO:root:train 700 4.700788e+00 1.921362 10.748039
INFO:root:train 750 4.703232e+00 1.937001 10.733605
INFO:root:train 800 4.704267e+00 1.952637 10.734629
INFO:root:train 850 4.701970e+00 1.964600 10.805303
INFO:root:train 900 4.701886e+00 1.954426 10.784892
INFO:root:train 950 4.703272e+00 1.933820 10.740339
INFO:root:train 1000 4.703358e+00 1.951174 10.750187
INFO:root:train 1050 4.703108e+00 1.956470 10.715985
INFO:root:train 1100 4.703470e+00 1.951351 10.734559
INFO:root:train 1150 4.703483e+00 1.950749 10.725728
INFO:root:train 1200 4.702094e+00 1.950198 10.716330
INFO:root:train 1250 4.702336e+00 1.958433 10.733913
INFO:root:train 1300 4.700339e+00 1.961232 10.753747
INFO:root:train 1350 4.698727e+00 1.967293 10.780209
INFO:root:train 1400 4.699543e+00 1.958423 10.756825
INFO:root:train 1450 4.699807e+00 1.965239 10.753360
INFO:root:train 1500 4.700872e+00 1.961193 10.748043
INFO:root:train 1550 4.700562e+00 1.956399 10.764225
INFO:root:train 1600 4.699997e+00 1.948977 10.737430
INFO:root:train 1650 4.699603e+00 1.954308 10.724561
INFO:root:train 1700 4.699779e+00 1.956570 10.729902
INFO:root:train 1750 4.700694e+00 1.956917 10.732260
INFO:root:train 1800 4.701411e+00 1.959849 10.730150
INFO:root:train 1850 4.701174e+00 1.970219 10.752634
INFO:root:train 1900 4.701226e+00 1.971002 10.741057
INFO:root:train 1950 4.700873e+00 1.978953 10.746893
INFO:root:train 2000 4.701073e+00 1.978698 10.732915
INFO:root:train 2050 4.701242e+00 1.977694 10.736379
INFO:root:train 2100 4.701353e+00 1.970788 10.728522
INFO:root:train 2150 4.700875e+00 1.972920 10.733380
INFO:root:train 2200 4.701580e+00 1.978504 10.718849
INFO:root:train 2250 4.701392e+00 1.978287 10.718153
INFO:root:train 2300 4.701493e+00 1.972648 10.722240
INFO:root:train 2350 4.701893e+00 1.972565 10.724160
INFO:root:train 2400 4.702604e+00 1.969882 10.722095
INFO:root:train 2450 4.702991e+00 1.970497 10.709914
INFO:root:train 2500 4.703516e+00 1.966713 10.699470
INFO:root:train 2550 4.702929e+00 1.974716 10.713936
INFO:root:train 2600 4.702688e+00 1.977605 10.721237
INFO:root:train 2650 4.702568e+00 1.975080 10.730621
INFO:root:train 2700 4.702525e+00 1.970914 10.741392
INFO:root:train 2750 4.701670e+00 1.975986 10.740981
INFO:root:train 2800 4.702278e+00 1.974183 10.732774
INFO:root:train 2850 4.701987e+00 1.973540 10.728692
INFO:root:train 2900 4.702408e+00 1.969149 10.717210
INFO:root:train 2950 4.702419e+00 1.967553 10.724648
INFO:root:train 3000 4.701810e+00 1.969656 10.733922
INFO:root:train 3050 4.701960e+00 1.959399 10.731625
INFO:root:train 3100 4.701801e+00 1.958542 10.733433
INFO:root:train 3150 4.702360e+00 1.961679 10.726753
INFO:root:train 3200 4.702677e+00 1.955444 10.719306
INFO:root:train 3250 4.702937e+00 1.957571 10.717375
INFO:root:train 3300 4.703083e+00 1.955373 10.715503
INFO:root:train 3350 4.702906e+00 1.958837 10.717416
INFO:root:train 3400 4.702931e+00 1.958523 10.725706
INFO:root:train 3450 4.702664e+00 1.963652 10.724247
INFO:root:train 3500 4.702854e+00 1.962386 10.714796
INFO:root:train 3550 4.702762e+00 1.962915 10.713091
INFO:root:train 3600 4.702145e+00 1.963864 10.729658
INFO:root:train_acc 1.961569
INFO:root:valid 000 4.559801e+00 3.125000 12.500000
INFO:root:valid 050 4.659257e+00 1.991422 9.957108
INFO:root:valid 100 4.668017e+00 2.134901 10.519802
INFO:root:valid 150 4.675855e+00 2.048841 10.430464
INFO:root:valid 200 4.667596e+00 2.060012 10.735386
INFO:root:valid 250 4.662083e+00 2.097859 11.030876
INFO:root:valid 300 4.659176e+00 2.149086 11.150332
INFO:root:valid 350 4.658198e+00 2.163462 11.124466
INFO:root:valid 400 4.661274e+00 2.127494 11.011534
INFO:root:valid 450 4.654870e+00 2.158398 11.190410
INFO:root:valid 500 4.658251e+00 2.130115 11.187001
INFO:root:valid 550 4.657591e+00 2.140994 11.147346
INFO:root:valid 600 4.654282e+00 2.157862 11.207883
INFO:root:test_acc 2.155810
INFO:root:epoch 3 lr 4.200461e-02
INFO:root:train 000 4.852037e+00 1.562500 7.812500
INFO:root:train 050 4.704825e+00 1.868873 10.202206
INFO:root:train 100 4.691820e+00 2.026609 10.488861
INFO:root:train 150 4.698273e+00 1.997103 10.533940
INFO:root:train 200 4.686624e+00 2.114428 10.665423
INFO:root:train 250 4.695520e+00 2.016932 10.557769
INFO:root:train 300 4.691700e+00 2.071221 10.724668
INFO:root:train 350 4.695569e+00 2.074430 10.803953
INFO:root:train 400 4.693450e+00 2.053460 10.781640
INFO:root:train 450 4.690491e+00 2.075249 10.861280
INFO:root:train 500 4.689736e+00 2.039671 10.818987
INFO:root:train 550 4.694305e+00 2.036071 10.790041
INFO:root:train 600 4.694671e+00 2.027870 10.817908
INFO:root:train 650 4.697964e+00 2.016129 10.726286
INFO:root:train 700 4.697742e+00 2.008292 10.707917
INFO:root:train 750 4.698042e+00 1.995256 10.727364
INFO:root:train 800 4.699635e+00 1.987750 10.720974
INFO:root:train 850 4.701239e+00 1.966437 10.726351
INFO:root:train 900 4.698365e+00 1.935350 10.777955
INFO:root:train 950 4.699285e+00 1.946964 10.776485
INFO:root:train 1000 4.699271e+00 1.962100 10.798576
INFO:root:train 1050 4.696563e+00 1.971337 10.809646
INFO:root:train 1100 4.694673e+00 1.968381 10.802679
INFO:root:train 1150 4.696102e+00 1.960252 10.781386
INFO:root:train 1200 4.696395e+00 1.961907 10.785283
INFO:root:train 1250 4.694987e+00 1.960931 10.798861
INFO:root:train 1300 4.694006e+00 1.952825 10.823405
INFO:root:train 1350 4.693751e+00 1.971919 10.805653
INFO:root:train 1400 4.694528e+00 1.970691 10.811474
INFO:root:train 1450 4.694064e+00 1.972777 10.812586
INFO:root:train 1500 4.695035e+00 1.965356 10.783436
INFO:root:train 1550 4.696428e+00 1.973525 10.781351
INFO:root:train 1600 4.695662e+00 1.975328 10.794035
INFO:root:train 1650 4.695306e+00 1.982700 10.798380
INFO:root:train 1700 4.696189e+00 1.976778 10.773075
INFO:root:train 1750 4.696822e+00 1.970303 10.767954
INFO:root:train 1800 4.695941e+00 1.972862 10.769191
INFO:root:train 1850 4.694633e+00 1.970219 10.778802
INFO:root:train 1900 4.695070e+00 1.973468 10.764893
INFO:root:train 1950 4.694777e+00 1.970144 10.759707
INFO:root:train 2000 4.694936e+00 1.974013 10.764930
INFO:root:train 2050 4.694610e+00 1.967790 10.761519
INFO:root:train 2100 4.695238e+00 1.959632 10.748602
INFO:root:train 2150 4.695223e+00 1.956939 10.734106
INFO:root:train 2200 4.696020e+00 1.951528 10.683354
INFO:root:train 2250 4.696048e+00 1.951910 10.688305
INFO:root:train 2300 4.695419e+00 1.952276 10.700511
INFO:root:train 2350 4.695904e+00 1.957943 10.703557
INFO:root:train 2400 4.695363e+00 1.963375 10.726650
INFO:root:train 2450 4.695375e+00 1.959022 10.708002
INFO:root:train 2500 4.695696e+00 1.956093 10.703843
INFO:root:train 2550 4.695570e+00 1.952666 10.707811
INFO:root:train 2600 4.695911e+00 1.953576 10.710424
INFO:root:train 2650 4.695296e+00 1.952094 10.722369
INFO:root:train 2700 4.695527e+00 1.948931 10.706683
INFO:root:train 2750 4.694501e+00 1.951563 10.723941
INFO:root:train 2800 4.694323e+00 1.949081 10.726638
INFO:root:train 2850 4.694143e+00 1.948330 10.725403
INFO:root:train 2900 4.694123e+00 1.949220 10.722057
INFO:root:train 2950 4.694480e+00 1.949022 10.714588
INFO:root:train 3000 4.694683e+00 1.946747 10.709451
INFO:root:train 3050 4.693948e+00 1.946083 10.717797
INFO:root:train 3100 4.694192e+00 1.942922 10.708743
INFO:root:train 3150 4.694859e+00 1.943331 10.710885
INFO:root:train 3200 4.695338e+00 1.944705 10.715401
INFO:root:train 3250 4.695596e+00 1.951323 10.711608
INFO:root:train 3300 4.695540e+00 1.948273 10.717870
INFO:root:train 3350 4.695241e+00 1.949978 10.725809
INFO:root:train 3400 4.695453e+00 1.947497 10.720652
INFO:root:train 3450 4.694864e+00 1.944636 10.723794
INFO:root:train 3500 4.695211e+00 1.944980 10.721937
INFO:root:train 3550 4.695093e+00 1.947515 10.721452
INFO:root:train 3600 4.695432e+00 1.945640 10.720546
INFO:root:train_acc 1.946937
INFO:root:valid 000 4.506934e+00 4.687500 10.937500
INFO:root:valid 050 4.653023e+00 1.930147 10.539216
INFO:root:valid 100 4.664943e+00 2.134901 10.844678
INFO:root:valid 150 4.675322e+00 1.997103 10.740894
INFO:root:valid 200 4.661997e+00 2.036692 10.921953
INFO:root:valid 250 4.658083e+00 2.054283 11.068227
INFO:root:valid 300 4.655651e+00 2.076412 11.139950
INFO:root:valid 350 4.654055e+00 2.110043 11.160078
INFO:root:valid 400 4.656762e+00 2.096322 11.077774
INFO:root:valid 450 4.650663e+00 2.151469 11.204268
INFO:root:valid 500 4.652671e+00 2.139471 11.190120
INFO:root:valid 550 4.651612e+00 2.146665 11.255104
INFO:root:valid 600 4.646725e+00 2.168261 11.353473
INFO:root:test_acc 2.168781
INFO:root:epoch 4 lr 4.018339e-02
INFO:root:train 000 4.657073e+00 3.125000 10.937500
INFO:root:train 050 4.705758e+00 1.930147 10.140931
INFO:root:train 100 4.702472e+00 2.011139 10.504332
INFO:root:train 150 4.687183e+00 1.935017 10.978891
INFO:root:train 200 4.692986e+00 1.842351 10.805348
INFO:root:train 250 4.694083e+00 1.855080 10.893924
INFO:root:train 300 4.698248e+00 1.837625 10.781769
INFO:root:train 350 4.695514e+00 1.847400 10.830662
INFO:root:train 400 4.693866e+00 1.831359 10.859570
INFO:root:train 450 4.695918e+00 1.811946 10.767738
INFO:root:train 500 4.691878e+00 1.843189 10.828343
INFO:root:train 550 4.689165e+00 1.863090 10.906307
INFO:root:train 600 4.689585e+00 1.845882 10.846506
INFO:root:train 650 4.689048e+00 1.862519 10.891897
INFO:root:train 700 4.691616e+00 1.856723 10.852800
INFO:root:train 750 4.689197e+00 1.893309 10.983272
INFO:root:train 800 4.689419e+00 1.907772 10.953105
INFO:root:train 850 4.691620e+00 1.911354 10.944844
INFO:root:train 900 4.691015e+00 1.900666 10.949639
INFO:root:train 950 4.691538e+00 1.907532 10.929285
INFO:root:train 1000 4.692583e+00 1.888736 10.896916
INFO:root:train 1050 4.692076e+00 1.916330 10.927093
INFO:root:train 1100 4.692293e+00 1.903099 10.899183
INFO:root:train 1150 4.691689e+00 1.907309 10.895417
INFO:root:train 1200 4.689946e+00 1.918974 10.906276
INFO:root:train 1250 4.689198e+00 1.909722 10.910022
INFO:root:train 1300 4.688918e+00 1.919197 10.924289
INFO:root:train 1350 4.689278e+00 1.916405 10.898177
INFO:root:train 1400 4.690120e+00 1.910466 10.852739
INFO:root:train 1450 4.688369e+00 1.903859 10.845968
INFO:root:train 1500 4.689244e+00 1.911226 10.821952
INFO:root:train 1550 4.689317e+00 1.918117 10.804521
INFO:root:train 1600 4.689597e+00 1.924578 10.803795
INFO:root:train 1650 4.689072e+00 1.935380 10.815415
INFO:root:train 1700 4.690146e+00 1.941872 10.807981
INFO:root:train 1750 4.689746e+00 1.939071 10.825064
INFO:root:train 1800 4.689796e+00 1.944232 10.833391
INFO:root:train 1850 4.688995e+00 1.940674 10.820165
INFO:root:train 1900 4.688758e+00 1.933193 10.813388
INFO:root:train 1950 4.688505e+00 1.934104 10.822975
INFO:root:train 2000 4.688443e+00 1.929504 10.824275
INFO:root:train 2050 4.687801e+00 1.931223 10.820179
INFO:root:train 2100 4.687628e+00 1.927653 10.818509
INFO:root:train 2150 4.687853e+00 1.926430 10.807473
INFO:root:train 2200 4.686607e+00 1.931650 10.821786
INFO:root:train 2250 4.686289e+00 1.929004 10.845874
INFO:root:train 2300 4.686174e+00 1.933942 10.845828
INFO:root:train 2350 4.687574e+00 1.932688 10.817205
INFO:root:train 2400 4.686639e+00 1.934090 10.833377
INFO:root:train 2450 4.687304e+00 1.933522 10.817013
INFO:root:train 2500 4.688263e+00 1.932977 10.813175
INFO:root:train 2550 4.689181e+00 1.926328 10.795399
INFO:root:train 2600 4.689035e+00 1.927744 10.797530
INFO:root:train 2650 4.688839e+00 1.923802 10.781309
INFO:root:train 2700 4.689155e+00 1.921163 10.772631
INFO:root:train 2750 4.689170e+00 1.919756 10.761428
INFO:root:train 2800 4.689196e+00 1.915053 10.742815
INFO:root:train 2850 4.689086e+00 1.910514 10.751710
INFO:root:train 2900 4.688812e+00 1.899668 10.749526
INFO:root:train 2950 4.688740e+00 1.904545 10.755358
INFO:root:train 3000 4.689060e+00 1.903011 10.749021
INFO:root:train 3050 4.689033e+00 1.904089 10.752622
INFO:root:train 3100 4.688337e+00 1.911178 10.764169
INFO:root:train 3150 4.687550e+00 1.923001 10.794688
INFO:root:train 3200 4.687493e+00 1.923715 10.804241
INFO:root:train 3250 4.687449e+00 1.924408 10.801484
INFO:root:train 3300 4.687501e+00 1.924606 10.804964
INFO:root:train 3350 4.687963e+00 1.921068 10.787358
INFO:root:train 3400 4.688255e+00 1.927742 10.773945
INFO:root:train 3450 4.688314e+00 1.926072 10.770429
INFO:root:train 3500 4.688069e+00 1.920880 10.767459
INFO:root:train 3550 4.689175e+00 1.917594 10.759733
INFO:root:train 3600 4.689623e+00 1.914399 10.757428
INFO:root:train_acc 1.915521
INFO:root:valid 000 4.535176e+00 4.687500 10.937500
INFO:root:valid 050 4.662275e+00 1.991422 10.324755
INFO:root:valid 100 4.666647e+00 2.243193 10.566213
INFO:root:valid 150 4.674784e+00 2.038493 10.451159
INFO:root:valid 200 4.660776e+00 2.067786 10.634328
INFO:root:valid 250 4.656988e+00 2.060508 10.819223
INFO:root:valid 300 4.654149e+00 2.071221 10.968646
INFO:root:valid 350 4.650430e+00 2.114494 11.035434
INFO:root:valid 400 4.654907e+00 2.088529 10.972569
INFO:root:valid 450 4.648935e+00 2.116824 11.089939
INFO:root:valid 500 4.651552e+00 2.136352 11.105913
INFO:root:valid 550 4.650760e+00 2.118308 11.141674
INFO:root:valid 600 4.646304e+00 2.155262 11.241681
INFO:root:test_acc 2.158404
INFO:root:epoch 5 lr 3.791967e-02
INFO:root:train 000 4.789412e+00 3.125000 7.812500
INFO:root:train 050 4.644018e+00 1.960784 10.937500
INFO:root:train 100 4.651923e+00 1.794554 10.720916
INFO:root:train 150 4.668263e+00 1.707368 10.689156
INFO:root:train 200 4.680442e+00 1.725746 10.541045
INFO:root:train 250 4.680066e+00 1.718127 10.520418
INFO:root:train 300 4.679154e+00 1.723422 10.480689
INFO:root:train 350 4.679750e+00 1.802885 10.581375
INFO:root:train 400 4.680809e+00 1.784601 10.555642
INFO:root:train 450 4.679061e+00 1.735726 10.584119
INFO:root:train 500 4.679325e+00 1.740269 10.541417
INFO:root:train 550 4.678780e+00 1.721302 10.588702
INFO:root:train 600 4.680355e+00 1.760087 10.604721
INFO:root:train 650 4.679621e+00 1.771313 10.661482
INFO:root:train 700 4.675530e+00 1.807685 10.790389
INFO:root:train 750 4.677115e+00 1.845456 10.787700
INFO:root:train 800 4.679860e+00 1.837547 10.793149
INFO:root:train 850 4.682703e+00 1.858108 10.797958
INFO:root:train 900 4.683535e+00 1.864248 10.774487
INFO:root:train 950 4.684135e+00 1.874671 10.740339
INFO:root:train 1000 4.684407e+00 1.857517 10.761114
INFO:root:train 1050 4.684362e+00 1.862809 10.787345
INFO:root:train 1100 4.684974e+00 1.867620 10.777134
INFO:root:train 1150 4.683798e+00 1.858438 10.773241
INFO:root:train 1200 4.682751e+00 1.865633 10.803497
INFO:root:train 1250 4.682857e+00 1.890987 10.813849
INFO:root:train 1300 4.684628e+00 1.896378 10.795782
INFO:root:train 1350 4.684202e+00 1.894430 10.776739
INFO:root:train 1400 4.684026e+00 1.906005 10.765748
INFO:root:train 1450 4.684313e+00 1.910320 10.758744
INFO:root:train 1500 4.684511e+00 1.916431 10.785518
INFO:root:train 1550 4.683284e+00 1.907036 10.767247
INFO:root:train 1600 4.684516e+00 1.899204 10.734502
INFO:root:train 1650 4.684592e+00 1.900363 10.744435
INFO:root:train 1700 4.684380e+00 1.907885 10.747354
INFO:root:train 1750 4.684681e+00 1.906054 10.751892
INFO:root:train 1800 4.684107e+00 1.891310 10.742296
INFO:root:train 1850 4.684163e+00 1.887493 10.736595
INFO:root:train 1900 4.684005e+00 1.887165 10.735304
INFO:root:train 1950 4.683550e+00 1.889256 10.731676
INFO:root:train 2000 4.683247e+00 1.889680 10.742285
INFO:root:train 2050 4.683429e+00 1.888560 10.728760
INFO:root:train 2100 4.683190e+00 1.887494 10.719598
INFO:root:train 2150 4.683045e+00 1.887930 10.726116
INFO:root:train 2200 4.683345e+00 1.890476 10.722399
INFO:root:train 2250 4.682733e+00 1.887356 10.734118
INFO:root:train 2300 4.682792e+00 1.895236 10.731747
INFO:root:train 2350 4.683166e+00 1.896135 10.728148
INFO:root:train 2400 4.683815e+00 1.891790 10.735110
INFO:root:train 2450 4.684202e+00 1.892085 10.744339
INFO:root:train 2500 4.684325e+00 1.890494 10.748201
INFO:root:train 2550 4.684335e+00 1.886515 10.744561
INFO:root:train 2600 4.683748e+00 1.882089 10.747068
INFO:root:train 2650 4.683818e+00 1.891975 10.742998
INFO:root:train 2700 4.683671e+00 1.898602 10.739078
INFO:root:train 2750 4.683489e+00 1.892494 10.748364
INFO:root:train 2800 4.683636e+00 1.897202 10.755645
INFO:root:train 2850 4.683378e+00 1.896264 10.761027
INFO:root:train 2900 4.683709e+00 1.902900 10.760298
INFO:root:train 2950 4.683693e+00 1.905604 10.765948
INFO:root:train 3000 4.684895e+00 1.898846 10.737046
INFO:root:train 3050 4.685024e+00 1.903577 10.750574
INFO:root:train 3100 4.684454e+00 1.907651 10.761146
INFO:root:train 3150 4.684676e+00 1.899199 10.744605
INFO:root:train 3200 4.684221e+00 1.901261 10.758357
INFO:root:train 3250 4.683936e+00 1.901819 10.760151
INFO:root:train 3300 4.683736e+00 1.900939 10.755737
INFO:root:train 3350 4.683333e+00 1.903350 10.757983
INFO:root:train 3400 4.683438e+00 1.902933 10.751893
INFO:root:train 3450 4.683590e+00 1.899812 10.746885
INFO:root:train 3500 4.683692e+00 1.903474 10.760318
INFO:root:train 3550 4.683850e+00 1.897793 10.750933
INFO:root:train 3600 4.683923e+00 1.894439 10.756561
INFO:root:train_acc 1.887548
INFO:root:valid 000 4.564066e+00 1.562500 14.062500
INFO:root:valid 050 4.656822e+00 1.930147 10.079657
INFO:root:valid 100 4.655777e+00 2.057550 10.612624
INFO:root:valid 150 4.664853e+00 1.924669 10.575331
INFO:root:valid 200 4.654788e+00 1.920087 10.789801
INFO:root:valid 250 4.648711e+00 1.942231 11.049552
INFO:root:valid 300 4.646955e+00 1.946636 11.165905
INFO:root:valid 350 4.642214e+00 1.954238 11.209046
INFO:root:valid 400 4.646231e+00 1.959944 11.077774
INFO:root:valid 450 4.640658e+00 1.999030 11.214662
INFO:root:valid 500 4.643761e+00 1.989770 11.227545
INFO:root:valid 550 4.642017e+00 2.013385 11.243761
INFO:root:valid 600 4.637733e+00 2.051269 11.366473
INFO:root:test_acc 2.054635
INFO:root:epoch 6 lr 3.526920e-02
INFO:root:train 000 4.607754e+00 1.562500 12.500000
INFO:root:train 050 4.665055e+00 1.930147 11.427696
INFO:root:train 100 4.683424e+00 1.887376 10.844678
INFO:root:train 150 4.686500e+00 1.790149 10.823675
INFO:root:train 200 4.674701e+00 1.857898 10.960821
INFO:root:train 250 4.672566e+00 1.861305 11.099353
INFO:root:train 300 4.673547e+00 1.894726 11.025748
INFO:root:train 350 4.677399e+00 1.891916 10.955306
INFO:root:train 400 4.678066e+00 1.862531 10.894638
INFO:root:train 450 4.679595e+00 1.860449 10.826635
INFO:root:train 500 4.679206e+00 1.871257 10.862650
INFO:root:train 550 4.679336e+00 1.863090 10.826906
INFO:root:train 600 4.678461e+00 1.851082 10.838706
INFO:root:train 650 4.679110e+00 1.860119 10.915899
INFO:root:train 700 4.680613e+00 1.852265 10.924126
INFO:root:train 750 4.679295e+00 1.837134 10.889647
INFO:root:train 800 4.679725e+00 1.825843 10.849719
INFO:root:train 850 4.679861e+00 1.819551 10.825499
INFO:root:train 900 4.681561e+00 1.803552 10.800499
INFO:root:train 950 4.681138e+00 1.805665 10.784700
INFO:root:train 1000 4.683556e+00 1.795080 10.737700
INFO:root:train 1050 4.683836e+00 1.801855 10.745718
INFO:root:train 1100 4.683385e+00 1.798081 10.734559
INFO:root:train 1150 4.684372e+00 1.781060 10.695862
INFO:root:train 1200 4.685427e+00 1.788874 10.677300
INFO:root:train 1250 4.684164e+00 1.789818 10.697692
INFO:root:train 1300 4.684711e+00 1.793092 10.668476
INFO:root:train 1350 4.685574e+00 1.803063 10.664554
INFO:root:train 1400 4.685327e+00 1.812322 10.663142
INFO:root:train 1450 4.686028e+00 1.795098 10.634907
INFO:root:train 1500 4.686464e+00 1.790473 10.656437
INFO:root:train 1550 4.686115e+00 1.786146 10.655424
INFO:root:train 1600 4.686488e+00 1.794777 10.647642
INFO:root:train 1650 4.685085e+00 1.784903 10.660206
INFO:root:train 1700 4.684910e+00 1.779284 10.678461
INFO:root:train 1750 4.683490e+00 1.791833 10.717090
INFO:root:train 1800 4.682587e+00 1.803685 10.763118
INFO:root:train 1850 4.682938e+00 1.806456 10.754322
INFO:root:train 1900 4.682370e+00 1.814012 10.747633
INFO:root:train 1950 4.682182e+00 1.802761 10.758105
INFO:root:train 2000 4.682820e+00 1.802224 10.753998
INFO:root:train 2050 4.682642e+00 1.799427 10.750091
INFO:root:train 2100 4.682717e+00 1.809406 10.742652
INFO:root:train 2150 4.683216e+00 1.804393 10.731927
INFO:root:train 2200 4.683320e+00 1.805997 10.733047
INFO:root:train 2250 4.682803e+00 1.800589 10.720930
INFO:root:train 2300 4.682610e+00 1.804922 10.731068
INFO:root:train 2350 4.682179e+00 1.811729 10.737452
INFO:root:train 2400 4.681543e+00 1.816951 10.750078
INFO:root:train 2450 4.681833e+00 1.822598 10.748164
INFO:root:train 2500 4.681301e+00 1.827394 10.749450
INFO:root:train 2550 4.681518e+00 1.835065 10.753136
INFO:root:train 2600 4.681723e+00 1.837034 10.760885
INFO:root:train 2650 4.680732e+00 1.844233 10.779541
INFO:root:train 2700 4.680734e+00 1.835547 10.772631
INFO:root:train 2750 4.681162e+00 1.834560 10.768811
INFO:root:train 2800 4.680542e+00 1.834166 10.775170
INFO:root:train 2850 4.680342e+00 1.834334 10.781305
INFO:root:train 2900 4.680464e+00 1.830726 10.776995
INFO:root:train 2950 4.680575e+00 1.826711 10.762771
INFO:root:train 3000 4.680472e+00 1.828557 10.768286
INFO:root:train 3050 4.680625e+00 1.829830 10.771571
INFO:root:train 3100 4.680625e+00 1.823001 10.761146
INFO:root:train 3150 4.680658e+00 1.821842 10.757993
INFO:root:train 3200 4.680138e+00 1.826090 10.772024
INFO:root:train 3250 4.679664e+00 1.827322 10.770724
INFO:root:train 3300 4.679371e+00 1.827571 10.782717
INFO:root:train 3350 4.679107e+00 1.828279 10.789690
INFO:root:train 3400 4.678969e+00 1.828047 10.787728
INFO:root:train 3450 4.678906e+00 1.821483 10.779484
INFO:root:train 3500 4.679227e+00 1.823140 10.774600
INFO:root:train 3550 4.679378e+00 1.817710 10.771174
INFO:root:train 3600 4.679391e+00 1.818071 10.769144
INFO:root:train_acc 1.819551
INFO:root:valid 000 4.464433e+00 1.562500 12.500000
INFO:root:valid 050 4.627306e+00 1.838235 10.968137
INFO:root:valid 100 4.649037e+00 2.057550 10.860149
INFO:root:valid 150 4.657092e+00 1.966060 10.668460
INFO:root:valid 200 4.645865e+00 2.044465 11.061878
INFO:root:valid 250 4.638903e+00 2.054283 11.217629
INFO:root:valid 300 4.636726e+00 2.050457 11.306063
INFO:root:valid 350 4.635785e+00 2.101140 11.173433
INFO:root:valid 400 4.638492e+00 2.049564 11.073878
INFO:root:valid 450 4.634187e+00 2.089108 11.235449
INFO:root:valid 500 4.637824e+00 2.073977 11.177645
INFO:root:valid 550 4.638013e+00 2.109800 11.187046
INFO:root:valid 600 4.633597e+00 2.163062 11.304077
INFO:root:test_acc 2.168781
INFO:root:epoch 7 lr 3.229724e-02
INFO:root:train 000 4.469951e+00 0.000000 17.187500
INFO:root:train 050 4.666684e+00 1.930147 11.182598
INFO:root:train 100 4.686705e+00 1.794554 10.504332
INFO:root:train 150 4.682326e+00 1.810844 10.616722
INFO:root:train 200 4.674227e+00 1.842351 10.688744
INFO:root:train 250 4.674863e+00 1.836404 10.676046
INFO:root:train 300 4.678268e+00 1.868771 10.719477
INFO:root:train 350 4.680113e+00 1.914174 10.750534
INFO:root:train 400 4.676180e+00 1.936565 10.805019
INFO:root:train 450 4.676300e+00 1.905488 10.805848
INFO:root:train 500 4.679484e+00 1.886851 10.865768
INFO:root:train 550 4.679178e+00 1.919805 10.906307
INFO:root:train 600 4.680223e+00 1.913478 10.867304
INFO:root:train 650 4.677057e+00 1.927323 10.896697
INFO:root:train 700 4.678856e+00 1.957026 10.917439
INFO:root:train 750 4.675281e+00 1.968209 10.931258
INFO:root:train 800 4.675195e+00 1.956539 10.925796
INFO:root:train 850 4.675362e+00 1.929715 10.893434
INFO:root:train 900 4.675842e+00 1.912805 10.887209
INFO:root:train 950 4.677856e+00 1.910818 10.830705
INFO:root:train 1000 4.677011e+00 1.927760 10.839161
INFO:root:train 1050 4.676264e+00 1.926736 10.823026
INFO:root:train 1100 4.676162e+00 1.918710 10.826805
INFO:root:train 1150 4.676452e+00 1.907309 10.847904
INFO:root:train 1200 4.675606e+00 1.907265 10.845129
INFO:root:train 1250 4.675422e+00 1.903477 10.828837
INFO:root:train 1300 4.673911e+00 1.908388 10.854631
INFO:root:train 1350 4.674786e+00 1.903682 10.843819
INFO:root:train 1400 4.675254e+00 1.894852 10.832664
INFO:root:train 1450 4.675807e+00 1.896322 10.812586
INFO:root:train 1500 4.675441e+00 1.900816 10.810501
INFO:root:train 1550 4.675973e+00 1.914088 10.817618
INFO:root:train 1600 4.676151e+00 1.912867 10.795011
INFO:root:train 1650 4.676521e+00 1.906042 10.786077
INFO:root:train 1700 4.676168e+00 1.924419 10.798795
INFO:root:train 1750 4.675875e+00 1.914085 10.792047
INFO:root:train 1800 4.676909e+00 1.907794 10.767456
INFO:root:train 1850 4.676217e+00 1.895935 10.758543
INFO:root:train 1900 4.675857e+00 1.897850 10.771469
INFO:root:train 1950 4.674762e+00 1.892459 10.766114
INFO:root:train 2000 4.674706e+00 1.892023 10.770396
INFO:root:train 2050 4.674813e+00 1.884751 10.756186
INFO:root:train 2100 4.674971e+00 1.880057 10.751577
INFO:root:train 2150 4.674748e+00 1.872675 10.738465
INFO:root:train 2200 4.674628e+00 1.872018 10.748665
INFO:root:train 2250 4.674364e+00 1.876249 10.742448
INFO:root:train 2300 4.673627e+00 1.866037 10.754835
INFO:root:train 2350 4.673668e+00 1.871544 10.752074
INFO:root:train 2400 4.673782e+00 1.870314 10.739015
INFO:root:train 2450 4.672841e+00 1.865310 10.755176
INFO:root:train 2500 4.672578e+00 1.864254 10.761945
INFO:root:train 2550 4.672762e+00 1.863240 10.759261
INFO:root:train 2600 4.672687e+00 1.863466 10.783112
INFO:root:train 2650 4.673145e+00 1.854843 10.768932
INFO:root:train 2700 4.672665e+00 1.861579 10.768581
INFO:root:train 2750 4.672348e+00 1.861255 10.772219
INFO:root:train 2800 4.672608e+00 1.859269 10.763455
INFO:root:train 2850 4.672242e+00 1.861737 10.765959
INFO:root:train 2900 4.671957e+00 1.862504 10.768377
INFO:root:train 2950 4.672350e+00 1.865363 10.771772
INFO:root:train 3000 4.672071e+00 1.869169 10.768806
INFO:root:train 3050 4.672591e+00 1.868752 10.766962
INFO:root:train 3100 4.672739e+00 1.866837 10.769208
INFO:root:train 3150 4.673049e+00 1.864983 10.754522
INFO:root:train 3200 4.672899e+00 1.867092 10.747618
INFO:root:train 3250 4.673206e+00 1.862408 10.750538
INFO:root:train 3300 4.672598e+00 1.866385 10.773724
INFO:root:train 3350 4.671970e+00 1.870710 10.780830
INFO:root:train 3400 4.671412e+00 1.874449 10.794160
INFO:root:train 3450 4.671467e+00 1.869023 10.797142
INFO:root:train 3500 4.671390e+00 1.865985 10.792006
INFO:root:train 3550 4.671223e+00 1.866552 10.795815
INFO:root:train 3600 4.671102e+00 1.865801 10.801687
INFO:root:train_acc 1.863448
INFO:root:valid 000 4.384396e+00 1.562500 14.062500
INFO:root:valid 050 4.636673e+00 1.715686 11.029412
INFO:root:valid 100 4.640772e+00 1.980198 10.922030
INFO:root:valid 150 4.651916e+00 1.914321 10.834023
INFO:root:valid 200 4.641797e+00 1.943408 10.937500
INFO:root:valid 250 4.637389e+00 1.967131 11.186504
INFO:root:valid 300 4.633342e+00 1.941445 11.352782
INFO:root:valid 350 4.631133e+00 1.994302 11.436075
INFO:root:valid 400 4.633839e+00 1.963840 11.331047
INFO:root:valid 450 4.626725e+00 2.005959 11.464108
INFO:root:valid 500 4.629704e+00 1.974177 11.439621
INFO:root:valid 550 4.629146e+00 1.945327 11.439428
INFO:root:valid 600 4.625218e+00 1.986273 11.538062
INFO:root:test_acc 1.987184
INFO:root:epoch 8 lr 2.907697e-02
INFO:root:train 000 4.648170e+00 3.125000 9.375000
INFO:root:train 050 4.689602e+00 1.654412 10.784314
INFO:root:train 100 4.682370e+00 1.701733 11.200495
INFO:root:train 150 4.683518e+00 1.634934 11.020281
INFO:root:train 200 4.683387e+00 1.632463 10.898632
INFO:root:train 250 4.681092e+00 1.699452 10.993526
INFO:root:train 300 4.679226e+00 1.796096 10.979028
INFO:root:train 350 4.680699e+00 1.780627 10.830662
INFO:root:train 400 4.679835e+00 1.823566 10.867363
INFO:root:train 450 4.678523e+00 1.836197 10.861280
INFO:root:train 500 4.680265e+00 1.833832 10.809631
INFO:root:train 550 4.679114e+00 1.829061 10.781534
INFO:root:train 600 4.678241e+00 1.830283 10.758111
INFO:root:train 650 4.677591e+00 1.840918 10.745488
INFO:root:train 700 4.674960e+00 1.805456 10.707917
INFO:root:train 750 4.675008e+00 1.789281 10.702397
INFO:root:train 800 4.673818e+00 1.788780 10.728777
INFO:root:train 850 4.676591e+00 1.771813 10.656580
INFO:root:train 900 4.676452e+00 1.781007 10.627081
INFO:root:train 950 4.675247e+00 1.802379 10.676262
INFO:root:train 1000 4.675117e+00 1.821616 10.686189
INFO:root:train 1050 4.674671e+00 1.825642 10.713011
INFO:root:train 1100 4.672865e+00 1.832141 10.726045
INFO:root:train 1150 4.672627e+00 1.816355 10.721655
INFO:root:train 1200 4.671963e+00 1.814894 10.777477
INFO:root:train 1250 4.672476e+00 1.793565 10.725170
INFO:root:train 1300 4.671685e+00 1.803901 10.738134
INFO:root:train 1350 4.672908e+00 1.805376 10.736260
INFO:root:train 1400 4.674039e+00 1.792247 10.703292
INFO:root:train 1450 4.673464e+00 1.783253 10.684442
INFO:root:train 1500 4.672093e+00 1.796719 10.697035
INFO:root:train 1550 4.671274e+00 1.802265 10.711839
INFO:root:train 1600 4.671078e+00 1.805512 10.721814
INFO:root:train 1650 4.671822e+00 1.806670 10.706579
INFO:root:train 1700 4.673121e+00 1.795819 10.671113
INFO:root:train 1750 4.672406e+00 1.797187 10.700136
INFO:root:train 1800 4.671522e+00 1.795010 10.706725
INFO:root:train 1850 4.671623e+00 1.795482 10.696076
INFO:root:train 1900 4.670460e+00 1.794286 10.701604
INFO:root:train 1950 4.669566e+00 1.797155 10.699641
INFO:root:train 2000 4.669908e+00 1.795196 10.703242
INFO:root:train 2050 4.669867e+00 1.792571 10.715809
INFO:root:train 2100 4.669648e+00 1.794532 10.724804
INFO:root:train 2150 4.668909e+00 1.794224 10.730474
INFO:root:train 2200 4.669239e+00 1.797478 10.725948
INFO:root:train 2250 4.668291e+00 1.798506 10.740365
INFO:root:train 2300 4.668609e+00 1.796094 10.755514
INFO:root:train 2350 4.668198e+00 1.799101 10.758720
INFO:root:train 2400 4.667751e+00 1.809793 10.761141
INFO:root:train 2450 4.666996e+00 1.817498 10.780676
INFO:root:train 2500 4.667218e+00 1.814899 10.793183
INFO:root:train 2550 4.666968e+00 1.814240 10.794174
INFO:root:train 2600 4.667305e+00 1.810602 10.787317
INFO:root:train 2650 4.666648e+00 1.811227 10.794865
INFO:root:train 2700 4.666427e+00 1.808937 10.794613
INFO:root:train 2750 4.666321e+00 1.815249 10.802890
INFO:root:train 2800 4.666594e+00 1.816316 10.784653
INFO:root:train 2850 4.665930e+00 1.817345 10.779113
INFO:root:train 2900 4.665832e+00 1.814568 10.782381
INFO:root:train 2950 4.666103e+00 1.815592 10.777597
INFO:root:train 3000 4.666250e+00 1.817103 10.769848
INFO:root:train 3050 4.666220e+00 1.821636 10.782838
INFO:root:train 3100 4.666701e+00 1.824008 10.770215
INFO:root:train 3150 4.667127e+00 1.827297 10.768903
INFO:root:train 3200 4.667242e+00 1.827554 10.763726
INFO:root:train 3250 4.666927e+00 1.828284 10.768321
INFO:root:train 3300 4.666788e+00 1.831358 10.763784
INFO:root:train 3350 4.666886e+00 1.826880 10.753786
INFO:root:train 3400 4.666850e+00 1.826669 10.744083
INFO:root:train 3450 4.666798e+00 1.827822 10.740999
INFO:root:train 3500 4.667087e+00 1.832512 10.743805
INFO:root:train 3550 4.667676e+00 1.832670 10.740812
INFO:root:train 3600 4.667126e+00 1.837597 10.762635
INFO:root:train_acc 1.840208
INFO:root:valid 000 4.485480e+00 3.125000 14.062500
INFO:root:valid 050 4.627677e+00 2.052696 10.998775
INFO:root:valid 100 4.638931e+00 2.181312 10.999381
INFO:root:valid 150 4.651671e+00 1.966060 10.658113
INFO:root:valid 200 4.635988e+00 1.966729 10.898632
INFO:root:valid 250 4.630889e+00 1.985807 11.130478
INFO:root:valid 300 4.628813e+00 1.977782 11.217816
INFO:root:valid 350 4.626971e+00 2.038818 11.195691
INFO:root:valid 400 4.628920e+00 2.026185 11.221945
INFO:root:valid 450 4.622899e+00 2.026746 11.370565
INFO:root:valid 500 4.627294e+00 2.008483 11.330464
INFO:root:valid 550 4.627034e+00 2.002042 11.357191
INFO:root:valid 600 4.622734e+00 2.012271 11.434068
INFO:root:test_acc 2.013127
INFO:root:epoch 9 lr 2.568768e-02
INFO:root:train 000 4.508590e+00 0.000000 9.375000
INFO:root:train 050 4.668314e+00 2.144608 10.998775
INFO:root:train 100 4.667971e+00 1.856436 11.231436
INFO:root:train 150 4.680860e+00 1.883278 10.906457
INFO:root:train 200 4.668996e+00 1.888993 10.680970
INFO:root:train 250 4.666156e+00 1.792829 10.626245
INFO:root:train 300 4.668730e+00 1.780523 10.641611
INFO:root:train 350 4.665496e+00 1.771724 10.661503
INFO:root:train 400 4.668611e+00 1.780704 10.766054
INFO:root:train 450 4.665910e+00 1.818875 10.736558
INFO:root:train 500 4.667336e+00 1.783932 10.663049
INFO:root:train 550 4.663981e+00 1.772346 10.758848
INFO:root:train 600 4.660628e+00 1.775686 10.758111
INFO:root:train 650 4.659527e+00 1.790515 10.750288
INFO:root:train 700 4.658036e+00 1.800999 10.805991
INFO:root:train 750 4.658786e+00 1.791362 10.820989
INFO:root:train 800 4.658126e+00 1.814139 10.871177
INFO:root:train 850 4.657425e+00 1.806698 10.913631
INFO:root:train 900 4.658828e+00 1.808754 10.892411
INFO:root:train 950 4.658207e+00 1.825381 10.940786
INFO:root:train 1000 4.658807e+00 1.806006 10.920330
INFO:root:train 1050 4.659358e+00 1.809289 10.906280
INFO:root:train 1100 4.659098e+00 1.808015 10.866542
INFO:root:train 1150 4.658219e+00 1.814998 10.908992
INFO:root:train 1200 4.660104e+00 1.817496 10.910179
INFO:root:train 1250 4.660927e+00 1.828537 10.906275
INFO:root:train 1300 4.659615e+00 1.829122 10.891862
INFO:root:train 1350 4.658977e+00 1.829663 10.872733
INFO:root:train 1400 4.659809e+00 1.825705 10.846047
INFO:root:train 1450 4.659763e+00 1.826327 10.840584
INFO:root:train 1500 4.659711e+00 1.820661 10.815706
INFO:root:train 1550 4.660300e+00 1.818383 10.803514
INFO:root:train 1600 4.660349e+00 1.829911 10.803795
INFO:root:train 1650 4.660571e+00 1.834116 10.800273
INFO:root:train 1700 4.660875e+00 1.830725 10.810736
INFO:root:train 1750 4.660700e+00 1.833774 10.810787
INFO:root:train 1800 4.661544e+00 1.826242 10.811702
INFO:root:train 1850 4.661709e+00 1.831780 10.810035
INFO:root:train 1900 4.662267e+00 1.829629 10.827361
INFO:root:train 1950 4.662718e+00 1.827588 10.819772
INFO:root:train 2000 4.663775e+00 1.818622 10.821933
INFO:root:train 2050 4.663864e+00 1.814664 10.823988
INFO:root:train 2100 4.664732e+00 1.809406 10.805866
INFO:root:train 2150 4.664203e+00 1.813837 10.830718
INFO:root:train 2200 4.664224e+00 1.820195 10.824625
INFO:root:train 2250 4.664237e+00 1.820719 10.831297
INFO:root:train 2300 4.664084e+00 1.823256 10.836321
INFO:root:train 2350 4.665320e+00 1.823692 10.813882
INFO:root:train 2400 4.665679e+00 1.820205 10.815155
INFO:root:train 2450 4.665797e+00 1.820048 10.818288
INFO:root:train 2500 4.665942e+00 1.815524 10.816923
INFO:root:train 2550 4.665292e+00 1.820365 10.819287
INFO:root:train 2600 4.665097e+00 1.819012 10.815552
INFO:root:train 2650 4.664666e+00 1.829498 10.825514
INFO:root:train 2700 4.664127e+00 1.826870 10.828744
INFO:root:train 2750 4.664510e+00 1.831720 10.829585
INFO:root:train 2800 4.664684e+00 1.827472 10.837647
INFO:root:train 2850 4.663627e+00 1.832142 10.858032
INFO:root:train 2900 4.663599e+00 1.833420 10.873406
INFO:root:train 2950 4.664050e+00 1.834654 10.870785
INFO:root:train 3000 4.663882e+00 1.829598 10.876583
INFO:root:train 3050 4.664321e+00 1.820612 10.865290
INFO:root:train 3100 4.663898e+00 1.820481 10.861416
INFO:root:train 3150 4.663746e+00 1.821346 10.850722
INFO:root:train 3200 4.663601e+00 1.824137 10.848661
INFO:root:train 3250 4.663783e+00 1.827803 10.853391
INFO:root:train 3300 4.663923e+00 1.828045 10.850879
INFO:root:train 3350 4.663831e+00 1.830144 10.853570
INFO:root:train 3400 4.663906e+00 1.826669 10.848372
INFO:root:train 3450 4.663871e+00 1.821030 10.853738
INFO:root:train 3500 4.663869e+00 1.812429 10.850471
INFO:root:train 3550 4.663868e+00 1.810230 10.846417
INFO:root:train 3600 4.663245e+00 1.814600 10.853322
INFO:root:train_acc 1.809653
INFO:root:valid 000 4.544892e+00 1.562500 12.500000
INFO:root:valid 050 4.626159e+00 1.654412 10.324755
INFO:root:valid 100 4.632131e+00 1.840965 10.829208
INFO:root:valid 150 4.645066e+00 1.707368 10.523593
INFO:root:valid 200 4.636537e+00 1.819030 10.789801
INFO:root:valid 250 4.632380e+00 1.780378 11.043327
INFO:root:valid 300 4.627705e+00 1.848007 11.088040
INFO:root:valid 350 4.625157e+00 1.891916 11.146724
INFO:root:valid 400 4.627410e+00 1.889807 11.062188
INFO:root:valid 450 4.622285e+00 1.947062 11.190410
INFO:root:valid 500 4.624921e+00 1.946108 11.187001
INFO:root:valid 550 4.623968e+00 1.953834 11.218240
INFO:root:valid 600 4.619979e+00 2.017471 11.298877
INFO:root:test_acc 2.015721
INFO:root:epoch 10 lr 2.221283e-02
INFO:root:train 000 4.745083e+00 0.000000 6.250000
INFO:root:train 050 4.708526e+00 1.776961 10.355392
INFO:root:train 100 4.685735e+00 2.026609 10.751856
INFO:root:train 150 4.665405e+00 1.945364 10.937500
INFO:root:train 200 4.652000e+00 1.951182 11.333955
INFO:root:train 250 4.655192e+00 1.873755 11.124253
INFO:root:train 300 4.650401e+00 1.853198 11.082849
INFO:root:train 350 4.653975e+00 1.869658 11.026531
INFO:root:train 400 4.650134e+00 1.905393 11.015430
INFO:root:train 450 4.649429e+00 1.891630 10.996397
INFO:root:train 500 4.649632e+00 1.893089 11.046657
INFO:root:train 550 4.652325e+00 1.848911 10.948843
INFO:root:train 600 4.654211e+00 1.843282 10.901102
INFO:root:train 650 4.653989e+00 1.821717 10.860695
INFO:root:train 700 4.654442e+00 1.809914 10.821594
INFO:root:train 750 4.652887e+00 1.791362 10.806425
INFO:root:train 800 4.654488e+00 1.788780 10.763889
INFO:root:train 850 4.652325e+00 1.804862 10.792450
INFO:root:train 900 4.653052e+00 1.829564 10.842120
INFO:root:train 950 4.650574e+00 1.854955 10.904640
INFO:root:train 1000 4.650664e+00 1.849713 10.873501
INFO:root:train 1050 4.651325e+00 1.837536 10.870599
INFO:root:train 1100 4.652025e+00 1.843495 10.845254
INFO:root:train 1150 4.652725e+00 1.835361 10.842474
INFO:root:train 1200 4.652644e+00 1.831807 10.820410
INFO:root:train 1250 4.651631e+00 1.851019 10.830086
INFO:root:train 1300 4.650612e+00 1.865152 10.855832
INFO:root:train 1350 4.652336e+00 1.867829 10.821845
INFO:root:train 1400 4.653722e+00 1.875892 10.841586
INFO:root:train 1450 4.654702e+00 1.879092 10.835200
INFO:root:train 1500 4.654017e+00 1.881038 10.847976
INFO:root:train 1550 4.654724e+00 1.884873 10.887129
INFO:root:train 1600 4.654746e+00 1.880661 10.878943
INFO:root:train 1650 4.654628e+00 1.894685 10.862735
INFO:root:train 1700 4.654739e+00 1.893188 10.866770
INFO:root:train 1750 4.654715e+00 1.898023 10.870574
INFO:root:train 1800 4.655326e+00 1.886973 10.849875
INFO:root:train 1850 4.656721e+00 1.885805 10.843801
INFO:root:train 1900 4.655327e+00 1.882233 10.881608
INFO:root:train 1950 4.655762e+00 1.878844 10.881439
INFO:root:train 2000 4.654768e+00 1.885776 10.909389
INFO:root:train 2050 4.654398e+00 1.887799 10.925311
INFO:root:train 2100 4.654944e+00 1.882288 10.910727
INFO:root:train 2150 4.654599e+00 1.871949 10.914981
INFO:root:train 2200 4.654113e+00 1.864209 10.914073
INFO:root:train 2250 4.654410e+00 1.867920 10.916676
INFO:root:train 2300 4.654208e+00 1.863999 10.925277
INFO:root:train 2350 4.654028e+00 1.861575 10.901611
INFO:root:train 2400 4.654532e+00 1.859902 10.895200
INFO:root:train 2450 4.654150e+00 1.857023 10.897975
INFO:root:train 2500 4.653744e+00 1.854883 10.898141
INFO:root:train 2550 4.654100e+00 1.853440 10.895237
INFO:root:train 2600 4.653376e+00 1.855656 10.894848
INFO:root:train 2650 4.653687e+00 1.849538 10.897421
INFO:root:train 2700 4.653603e+00 1.854637 10.906262
INFO:root:train 2750 4.653485e+00 1.851031 10.917053
INFO:root:train 2800 4.653042e+00 1.846997 10.905703
INFO:root:train 2850 4.653059e+00 1.835979 10.891464
INFO:root:train 2900 4.653405e+00 1.835035 10.887948
INFO:root:train 2950 4.653354e+00 1.833065 10.882434
INFO:root:train 3000 4.654143e+00 1.829078 10.868252
INFO:root:train 3050 4.654683e+00 1.828294 10.872972
INFO:root:train 3100 4.654999e+00 1.826024 10.860408
INFO:root:train 3150 4.655171e+00 1.824322 10.855185
INFO:root:train 3200 4.655740e+00 1.815839 10.845244
INFO:root:train 3250 4.655976e+00 1.821074 10.839934
INFO:root:train 3300 4.656356e+00 1.820944 10.829578
INFO:root:train 3350 4.656807e+00 1.813358 10.815801
INFO:root:train 3400 4.656797e+00 1.811508 10.808402
INFO:root:train 3450 4.656772e+00 1.809711 10.808461
INFO:root:train 3500 4.656340e+00 1.806627 10.825925
INFO:root:train 3550 4.657059e+00 1.805389 10.820456
INFO:root:train 3600 4.657086e+00 1.804620 10.821647
INFO:root:train_acc 1.806210
INFO:root:valid 000 4.360006e+00 4.687500 14.062500
INFO:root:valid 050 4.615908e+00 1.930147 10.723039
INFO:root:valid 100 4.624875e+00 1.933787 10.535272
INFO:root:valid 150 4.638095e+00 1.883278 10.347682
INFO:root:valid 200 4.623414e+00 1.951182 10.805348
INFO:root:valid 250 4.616301e+00 1.960906 11.055777
INFO:root:valid 300 4.615748e+00 2.019311 11.150332
INFO:root:valid 350 4.614505e+00 2.038818 11.164530
INFO:root:valid 400 4.617893e+00 2.057357 11.081671
INFO:root:valid 450 4.614071e+00 2.071785 11.228520
INFO:root:valid 500 4.618636e+00 2.058383 11.168288
INFO:root:valid 550 4.619014e+00 2.055921 11.096302
INFO:root:valid 600 4.615334e+00 2.077267 11.257280
INFO:root:test_acc 2.077983
INFO:root:epoch 11 lr 1.873798e-02
INFO:root:train 000 4.702517e+00 3.125000 9.375000
INFO:root:train 050 4.677180e+00 1.960784 10.539216
INFO:root:train 100 4.653657e+00 1.763614 10.581683
INFO:root:train 150 4.660943e+00 1.759106 10.471854
INFO:root:train 200 4.656754e+00 1.655784 10.517724
INFO:root:train 250 4.656763e+00 1.593625 10.464392
INFO:root:train 300 4.651732e+00 1.697467 10.527409
INFO:root:train 350 4.655605e+00 1.745014 10.616987
INFO:root:train 400 4.658377e+00 1.741739 10.598504
INFO:root:train 450 4.654176e+00 1.777300 10.688054
INFO:root:train 500 4.656590e+00 1.768338 10.603792
INFO:root:train 550 4.657048e+00 1.792196 10.699297
INFO:root:train 600 4.656541e+00 1.783486 10.708715
INFO:root:train 650 4.657518e+00 1.776114 10.723886
INFO:root:train 700 4.657562e+00 1.769793 10.750267
INFO:root:train 750 4.656618e+00 1.768475 10.723202
INFO:root:train 800 4.655343e+00 1.747815 10.722924
INFO:root:train 850 4.655052e+00 1.753452 10.685958
INFO:root:train 900 4.655712e+00 1.772336 10.682575
INFO:root:train 950 4.655476e+00 1.792521 10.712408
INFO:root:train 1000 4.654942e+00 1.812250 10.768919
INFO:root:train 1050 4.654517e+00 1.803342 10.776939
INFO:root:train 1100 4.654109e+00 1.790985 10.781392
INFO:root:train 1150 4.652222e+00 1.793278 10.809894
INFO:root:train 1200 4.652468e+00 1.782369 10.808701
INFO:root:train 1250 4.651871e+00 1.787320 10.845074
INFO:root:train 1300 4.652531e+00 1.793092 10.867842
INFO:root:train 1350 4.652867e+00 1.790340 10.861168
INFO:root:train 1400 4.652703e+00 1.779979 10.862777
INFO:root:train 1450 4.652111e+00 1.786483 10.843815
INFO:root:train 1500 4.652914e+00 1.785268 10.830280
INFO:root:train 1550 4.652525e+00 1.772042 10.823662
INFO:root:train 1600 4.652195e+00 1.786969 10.844785
INFO:root:train 1650 4.652998e+00 1.781118 10.823932
INFO:root:train 1700 4.654483e+00 1.767343 10.784098
INFO:root:train 1750 4.654244e+00 1.766848 10.786693
INFO:root:train 1800 4.653890e+00 1.760307 10.789145
INFO:root:train 1850 4.653077e+00 1.751587 10.785555
INFO:root:train 1900 4.653637e+00 1.756477 10.779688
INFO:root:train 1950 4.655033e+00 1.748302 10.742888
INFO:root:train 2000 4.655510e+00 1.747564 10.746189
INFO:root:train 2050 4.655562e+00 1.743814 10.745520
INFO:root:train 2100 4.654729e+00 1.740986 10.766450
INFO:root:train 2150 4.655282e+00 1.740470 10.756625
INFO:root:train 2200 4.655583e+00 1.741396 10.760024
INFO:root:train 2250 4.654762e+00 1.748528 10.772296
INFO:root:train 2300 4.655537e+00 1.745844 10.774527
INFO:root:train 2350 4.655751e+00 1.753908 10.779323
INFO:root:train 2400 4.656085e+00 1.756430 10.791727
INFO:root:train 2450 4.656462e+00 1.758211 10.790239
INFO:root:train 2500 4.656846e+00 1.752424 10.774440
INFO:root:train 2550 4.656953e+00 1.749926 10.771511
INFO:root:train 2600 4.656619e+00 1.748726 10.778306
INFO:root:train 2650 4.657025e+00 1.742267 10.779541
INFO:root:train 2700 4.656506e+00 1.740096 10.783622
INFO:root:train 2750 4.656290e+00 1.749932 10.796642
INFO:root:train 2800 4.655850e+00 1.750491 10.798599
INFO:root:train 2850 4.655679e+00 1.749386 10.790622
INFO:root:train 2900 4.655464e+00 1.744011 10.776456
INFO:root:train 2950 4.655234e+00 1.745701 10.795069
INFO:root:train 3000 4.654786e+00 1.744731 10.793798
INFO:root:train 3050 4.655051e+00 1.742257 10.786935
INFO:root:train 3100 4.654374e+00 1.739862 10.798432
INFO:root:train 3150 4.654015e+00 1.745478 10.808573
INFO:root:train 3200 4.653866e+00 1.747013 10.814980
INFO:root:train 3250 4.654025e+00 1.752826 10.829360
INFO:root:train 3300 4.654455e+00 1.748997 10.829578
INFO:root:train 3350 4.654745e+00 1.749478 10.837250
INFO:root:train 3400 4.654680e+00 1.748107 10.831373
INFO:root:train 3450 4.654231e+00 1.747229 10.823403
INFO:root:train 3500 4.654054e+00 1.747715 10.824140
INFO:root:train 3550 4.654042e+00 1.750827 10.824416
INFO:root:train 3600 4.653817e+00 1.752117 10.829891
INFO:root:train_acc 1.752846
INFO:root:valid 000 4.497762e+00 3.125000 14.062500
INFO:root:valid 050 4.618520e+00 2.022059 10.600490
INFO:root:valid 100 4.629143e+00 2.119431 10.813738
INFO:root:valid 150 4.639054e+00 2.038493 10.627070
INFO:root:valid 200 4.628976e+00 1.982276 11.038557
INFO:root:valid 250 4.621488e+00 2.010707 11.298556
INFO:root:valid 300 4.619174e+00 1.941445 11.316445
INFO:root:valid 350 4.616328e+00 1.927528 11.284722
INFO:root:valid 400 4.617677e+00 1.889807 11.221945
INFO:root:valid 450 4.612185e+00 1.978243 11.342849
INFO:root:valid 500 4.614217e+00 1.942989 11.342939
INFO:root:valid 550 4.615016e+00 1.942491 11.314655
INFO:root:valid 600 4.610994e+00 1.944676 11.426269
INFO:root:test_acc 1.943082
INFO:root:epoch 12 lr 1.534869e-02
INFO:root:train 000 4.752160e+00 0.000000 9.375000
INFO:root:train 050 4.668239e+00 1.501225 10.937500
INFO:root:train 100 4.645182e+00 1.562500 10.906559
INFO:root:train 150 4.647937e+00 1.583195 10.875414
INFO:root:train 200 4.646709e+00 1.570274 10.851990
INFO:root:train 250 4.649207e+00 1.581175 10.775647
INFO:root:train 300 4.647320e+00 1.624792 10.885590
INFO:root:train 350 4.648126e+00 1.669338 10.955306
INFO:root:train 400 4.645257e+00 1.710567 10.964776
INFO:root:train 450 4.643395e+00 1.732262 11.017184
INFO:root:train 500 4.642309e+00 1.690369 10.987400
INFO:root:train 550 4.644159e+00 1.692945 11.008394
INFO:root:train 600 4.644317e+00 1.715890 11.012895
INFO:root:train 650 4.644171e+00 1.701709 10.971102
INFO:root:train 700 4.644002e+00 1.738588 10.999911
INFO:root:train 750 4.641988e+00 1.726864 11.006158
INFO:root:train 800 4.642981e+00 1.738062 11.035034
INFO:root:train 850 4.641987e+00 1.746108 11.001763
INFO:root:train 900 4.641134e+00 1.732450 11.036349
INFO:root:train 950 4.639862e+00 1.746517 11.052511
INFO:root:train 1000 4.640255e+00 1.782592 11.009303
INFO:root:train 1050 4.638978e+00 1.788475 11.035621
INFO:root:train 1100 4.640492e+00 1.789566 10.988590
INFO:root:train 1150 4.641218e+00 1.797350 10.953790
INFO:root:train 1200 4.641515e+00 1.807088 10.962219
INFO:root:train 1250 4.639605e+00 1.803557 10.997452
INFO:root:train 1300 4.639824e+00 1.796695 10.977133
INFO:root:train 1350 4.640124e+00 1.771836 10.924778
INFO:root:train 1400 4.641134e+00 1.773287 10.921886
INFO:root:train 1450 4.639808e+00 1.775715 10.947192
INFO:root:train 1500 4.640527e+00 1.774858 10.942705
INFO:root:train 1550 4.641296e+00 1.785139 10.957648
INFO:root:train 1600 4.642118e+00 1.785993 10.937500
INFO:root:train 1650 4.643052e+00 1.775439 10.921411
INFO:root:train 1700 4.643111e+00 1.778366 10.933826
INFO:root:train 1750 4.643920e+00 1.774879 10.915191
INFO:root:train 1800 4.644568e+00 1.775056 10.940103
INFO:root:train 1850 4.645071e+00 1.780288 10.937500
INFO:root:train 1900 4.644488e+00 1.780313 10.935856
INFO:root:train 1950 4.644293e+00 1.773129 10.928690
INFO:root:train 2000 4.644913e+00 1.767866 10.877374
INFO:root:train 2050 4.645392e+00 1.765907 10.875792
INFO:root:train 2100 4.646064e+00 1.772965 10.874286
INFO:root:train 2150 4.646913e+00 1.776790 10.874303
INFO:root:train 2200 4.647526e+00 1.779731 10.865800
INFO:root:train 2250 4.648605e+00 1.779765 10.860451
INFO:root:train 2300 4.648836e+00 1.769611 10.836321
INFO:root:train 2350 4.648859e+00 1.774511 10.831162
INFO:root:train 2400 4.648672e+00 1.778556 10.841837
INFO:root:train 2450 4.648509e+00 1.780523 10.826576
INFO:root:train 2500 4.647685e+00 1.773666 10.848161
INFO:root:train 2550 4.647817e+00 1.779327 10.843787
INFO:root:train 2600 4.647337e+00 1.787774 10.846790
INFO:root:train 2650 4.646624e+00 1.786472 10.863236
INFO:root:train 2700 4.646748e+00 1.789846 10.865189
INFO:root:train 2750 4.646863e+00 1.786850 10.867071
INFO:root:train 2800 4.646966e+00 1.786192 10.870560
INFO:root:train 2850 4.646416e+00 1.786106 10.881051
INFO:root:train 2900 4.646220e+00 1.788176 10.890103
INFO:root:train 2950 4.646246e+00 1.787000 10.893024
INFO:root:train 3000 4.645883e+00 1.787425 10.893244
INFO:root:train 3050 4.645392e+00 1.789884 10.901139
INFO:root:train 3100 4.645635e+00 1.786218 10.894167
INFO:root:train 3150 4.646247e+00 1.781676 10.877995
slurmstepd-metagpu3: error: *** JOB 3475211 ON metagpu3 CANCELLED AT 2019-09-14T21:11:41 ***
