INFO:root:gpu device = cuda:0
INFO:root:epoch 0 lr 4.442566e-02
/home/rkohli/aml-project/src/train.py:160: UserWarning: torch.nn.utils.clip_grad_norm is now deprecated in favor of torch.nn.utils.clip_grad_norm_.
  nn.utils.clip_grad_norm(model.parameters(), grad_clip)
INFO:root:train 000 5.487791e+00 4.687500 20.312500
INFO:root:train 050 5.661827e+00 4.932598 15.931373
INFO:root:train 100 5.680480e+00 5.058787 15.733292
INFO:root:train 150 5.669291e+00 5.266970 16.152732
INFO:root:train 200 5.660310e+00 5.169465 16.106965
INFO:root:train 250 5.660182e+00 5.216633 16.135458
INFO:root:train 300 5.650821e+00 5.222176 16.071429
INFO:root:train 350 5.655010e+00 5.132657 16.030093
INFO:root:train 400 5.657509e+00 5.057668 16.053616
INFO:root:train 450 5.664806e+00 5.020094 15.947201
INFO:root:train 500 5.668621e+00 4.968189 15.824601
INFO:root:train 550 5.673412e+00 4.931375 15.772459
INFO:root:train 600 5.673891e+00 4.913686 15.728993
INFO:root:train 650 5.670586e+00 4.946717 15.829013
INFO:root:train 700 5.664743e+00 4.937143 15.816690
INFO:root:train 750 5.663822e+00 4.922603 15.845539
INFO:root:train 800 5.661304e+00 4.911829 15.862984
INFO:root:train 850 5.657304e+00 4.918845 15.856345
INFO:root:train 900 5.659791e+00 4.912944 15.791482
INFO:root:train 950 5.661136e+00 4.892876 15.789301
INFO:root:train 1000 5.664315e+00 4.890422 15.776411
INFO:root:train 1050 5.665613e+00 4.901582 15.754341
INFO:root:train 1100 5.665338e+00 4.935854 15.779689
INFO:root:train 1150 5.663366e+00 4.965791 15.839487
INFO:root:train 1200 5.663957e+00 4.950302 15.837063
INFO:root:train 1250 5.666585e+00 4.931055 15.796113
INFO:root:train 1300 5.665901e+00 4.933705 15.787135
INFO:root:train 1350 5.664922e+00 4.893366 15.769569
INFO:root:train 1400 5.662842e+00 4.901633 15.790061
INFO:root:train 1450 5.664630e+00 4.885639 15.760682
INFO:root:train 1500 5.665647e+00 4.888408 15.736384
INFO:root:train 1550 5.665166e+00 4.921220 15.752942
INFO:root:train 1600 5.664450e+00 4.941248 15.772369
INFO:root:train 1650 5.663390e+00 4.933563 15.794405
INFO:root:train 1700 5.664311e+00 4.932760 15.794018
INFO:root:train 1750 5.664004e+00 4.935573 15.804362
INFO:root:train 1800 5.665162e+00 4.932156 15.796780
INFO:root:train 1850 5.665147e+00 4.913729 15.779477
INFO:root:train 1900 5.666121e+00 4.906135 15.764729
INFO:root:train 1950 5.664409e+00 4.933368 15.784373
INFO:root:train 2000 5.664600e+00 4.945965 15.795227
INFO:root:train 2050 5.664237e+00 4.932807 15.782697
INFO:root:train 2100 5.663330e+00 4.944074 15.799768
INFO:root:train 2150 5.662193e+00 4.951912 15.813139
INFO:root:train 2200 5.662236e+00 4.943066 15.798927
INFO:root:train 2250 5.662797e+00 4.940860 15.770769
INFO:root:train 2300 5.662432e+00 4.940787 15.786615
INFO:root:train 2350 5.662141e+00 4.932077 15.785171
INFO:root:train 2400 5.661554e+00 4.937396 15.784439
INFO:root:train 2450 5.660690e+00 4.948873 15.814973
INFO:root:train 2500 5.661954e+00 4.939899 15.800555
INFO:root:train 2550 5.663233e+00 4.945365 15.784251
INFO:root:train 2600 5.663689e+00 4.942810 15.782391
INFO:root:train 2650 5.663838e+00 4.932101 15.772939
INFO:root:train 2700 5.665782e+00 4.924102 15.744169
INFO:root:train 2750 5.665823e+00 4.928322 15.734051
INFO:root:train 2800 5.665283e+00 4.932948 15.739356
INFO:root:train 2850 5.665273e+00 4.936864 15.737351
INFO:root:train 2900 5.665425e+00 4.928257 15.730028
INFO:root:train 2950 5.665733e+00 4.921531 15.734603
INFO:root:train 3000 5.665359e+00 4.921797 15.735901
INFO:root:train 3050 5.665333e+00 4.927176 15.736644
INFO:root:train 3100 5.665881e+00 4.925830 15.745425
INFO:root:train 3150 5.666378e+00 4.917586 15.736076
INFO:root:train 3200 5.666550e+00 4.911551 15.733365
INFO:root:train 3250 5.665591e+00 4.918679 15.745636
INFO:root:train 3300 5.664825e+00 4.916597 15.748069
INFO:root:train 3350 5.664147e+00 4.915510 15.752760
INFO:root:train 3400 5.664025e+00 4.919050 15.756855
INFO:root:train 3450 5.663664e+00 4.917506 15.769886
INFO:root:train 3500 5.664653e+00 4.918684 15.753088
INFO:root:train 3550 5.664846e+00 4.915869 15.757885
INFO:root:train 3600 5.665251e+00 4.919206 15.740853
INFO:root:train_acc 4.921998
INFO:root:valid 000 5.344985e+00 9.375000 21.875000
INFO:root:valid 050 5.560046e+00 4.350490 16.145833
INFO:root:valid 100 5.556058e+00 4.439975 16.444926
INFO:root:valid 150 5.561646e+00 4.677152 16.535596
INFO:root:valid 200 5.571506e+00 4.640858 16.215796
INFO:root:valid 250 5.571211e+00 4.594124 16.353337
INFO:root:valid 300 5.577003e+00 4.661545 16.237542
INFO:root:valid 350 5.574925e+00 4.852208 16.279380
INFO:root:valid 400 5.578113e+00 4.827774 16.197787
INFO:root:valid 450 5.577606e+00 4.850333 16.165466
INFO:root:valid 500 5.574464e+00 4.852794 16.180140
INFO:root:valid 550 5.577368e+00 4.820780 16.163793
INFO:root:valid 600 5.570855e+00 4.843490 16.254160
INFO:root:test_acc 4.840844
INFO:root:epoch 1 lr 4.415218e-02
INFO:root:train 000 5.203753e+00 6.250000 25.000000
INFO:root:train 050 5.625126e+00 5.116422 16.176471
INFO:root:train 100 5.611574e+00 5.136139 16.305693
INFO:root:train 150 5.612477e+00 5.122103 16.235513
INFO:root:train 200 5.617359e+00 5.115050 16.114739
INFO:root:train 250 5.635971e+00 5.011205 15.886454
INFO:root:train 300 5.635929e+00 5.071636 15.931271
INFO:root:train 350 5.634316e+00 5.025819 15.958868
INFO:root:train 400 5.641746e+00 4.987531 15.847101
INFO:root:train 450 5.650753e+00 4.954268 15.749723
INFO:root:train 500 5.646314e+00 4.986901 15.721682
INFO:root:train 550 5.647437e+00 4.965404 15.690222
INFO:root:train 600 5.643613e+00 4.965682 15.765391
INFO:root:train 650 5.641779e+00 4.961118 15.814612
INFO:root:train 700 5.639982e+00 4.966120 15.832293
INFO:root:train 750 5.636528e+00 4.982939 15.837217
INFO:root:train 800 5.633956e+00 5.028870 15.907850
INFO:root:train 850 5.632974e+00 4.981272 15.854509
INFO:root:train 900 5.637292e+00 4.992716 15.829634
INFO:root:train 950 5.639207e+00 5.019387 15.817232
INFO:root:train 1000 5.639482e+00 5.016858 15.824800
INFO:root:train 1050 5.642340e+00 5.027950 15.795968
INFO:root:train 1100 5.641526e+00 5.038034 15.816587
INFO:root:train 1150 5.640297e+00 5.044526 15.834057
INFO:root:train 1200 5.644298e+00 5.011449 15.799334
INFO:root:train 1250 5.644333e+00 5.008493 15.804856
INFO:root:train 1300 5.645022e+00 5.023780 15.795542
INFO:root:train 1350 5.642282e+00 5.011334 15.806578
INFO:root:train 1400 5.644291e+00 4.994201 15.813481
INFO:root:train 1450 5.643238e+00 5.009476 15.842522
INFO:root:train 1500 5.644506e+00 5.010202 15.842563
INFO:root:train 1550 5.643615e+00 5.017932 15.850661
INFO:root:train 1600 5.644082e+00 5.002733 15.854349
INFO:root:train 1650 5.643720e+00 5.015899 15.874849
INFO:root:train 1700 5.644210e+00 4.993386 15.835354
INFO:root:train 1750 5.642700e+00 4.982867 15.822209
INFO:root:train 1800 5.643750e+00 4.981607 15.822807
INFO:root:train 1850 5.646696e+00 4.955936 15.774412
INFO:root:train 1900 5.647773e+00 4.958739 15.776236
INFO:root:train 1950 5.647519e+00 4.941376 15.758746
INFO:root:train 2000 5.647046e+00 4.934252 15.728854
INFO:root:train 2050 5.648099e+00 4.925189 15.722513
INFO:root:train 2100 5.650008e+00 4.914327 15.717218
INFO:root:train 2150 5.651532e+00 4.905422 15.710716
INFO:root:train 2200 5.653177e+00 4.877754 15.669724
INFO:root:train 2250 5.653009e+00 4.871446 15.652071
INFO:root:train 2300 5.652276e+00 4.867449 15.660311
INFO:root:train 2350 5.650780e+00 4.880237 15.694120
INFO:root:train 2400 5.651598e+00 4.878827 15.698537
INFO:root:train 2450 5.652047e+00 4.876198 15.696399
INFO:root:train 2500 5.652109e+00 4.868678 15.696222
INFO:root:train 2550 5.651892e+00 4.860839 15.698501
INFO:root:train 2600 5.651628e+00 4.869521 15.707901
INFO:root:train 2650 5.652457e+00 4.870803 15.706927
INFO:root:train 2700 5.652431e+00 4.872038 15.704832
INFO:root:train 2750 5.653113e+00 4.871524 15.704517
INFO:root:train 2800 5.653930e+00 4.870470 15.693614
INFO:root:train 2850 5.654269e+00 4.864521 15.689670
INFO:root:train 2900 5.653717e+00 4.862009 15.689633
INFO:root:train 2950 5.654361e+00 4.850580 15.669476
INFO:root:train 3000 5.654337e+00 4.851508 15.665611
INFO:root:train 3050 5.655200e+00 4.852917 15.674164
INFO:root:train 3100 5.655053e+00 4.861335 15.691511
INFO:root:train 3150 5.655704e+00 4.863535 15.688472
INFO:root:train 3200 5.654435e+00 4.867619 15.697731
INFO:root:train 3250 5.654821e+00 4.866291 15.692287
INFO:root:train 3300 5.655136e+00 4.871156 15.687481
INFO:root:train 3350 5.655127e+00 4.876809 15.694942
INFO:root:train 3400 5.656214e+00 4.875404 15.693454
INFO:root:train 3450 5.657277e+00 4.874493 15.678427
INFO:root:train 3500 5.657085e+00 4.874054 15.674986
INFO:root:train 3550 5.656800e+00 4.870547 15.677362
INFO:root:train 3600 5.657517e+00 4.870175 15.672730
INFO:root:train_acc 4.873367
INFO:root:valid 000 5.472037e+00 6.250000 17.187500
INFO:root:valid 050 5.547205e+00 4.718137 15.992647
INFO:root:valid 100 5.558989e+00 4.594678 16.089109
INFO:root:valid 150 5.564065e+00 4.646109 16.328642
INFO:root:valid 200 5.573449e+00 4.625311 15.982587
INFO:root:valid 250 5.573516e+00 4.594124 16.035857
INFO:root:valid 300 5.580106e+00 4.640781 16.081811
INFO:root:valid 350 5.574884e+00 4.732016 16.185897
INFO:root:valid 400 5.578852e+00 4.738155 16.151029
INFO:root:valid 450 5.577549e+00 4.763720 16.144678
INFO:root:valid 500 5.573876e+00 4.743638 16.142715
INFO:root:valid 550 5.577279e+00 4.749887 16.095735
INFO:root:valid 600 5.569625e+00 4.762895 16.176165
INFO:root:test_acc 4.760422
INFO:root:epoch 2 lr 4.333849e-02
INFO:root:train 000 5.260829e+00 14.062500 20.312500
INFO:root:train 050 5.734906e+00 5.116422 15.962010
INFO:root:train 100 5.687850e+00 5.074257 16.027228
INFO:root:train 150 5.654532e+00 5.132450 16.038907
INFO:root:train 200 5.676123e+00 5.045087 15.881530
INFO:root:train 250 5.662891e+00 5.017430 15.780627
INFO:root:train 300 5.659005e+00 5.102782 15.848214
INFO:root:train 350 5.652567e+00 4.985755 15.794160
INFO:root:train 400 5.656749e+00 4.971945 15.761378
INFO:root:train 450 5.664877e+00 4.912694 15.548780
INFO:root:train 500 5.658924e+00 4.902695 15.631238
INFO:root:train 550 5.656792e+00 4.914360 15.695894
INFO:root:train 600 5.656997e+00 4.913686 15.770591
INFO:root:train 650 5.651767e+00 4.968318 15.788210
INFO:root:train 700 5.649449e+00 4.930456 15.749822
INFO:root:train 750 5.652640e+00 4.918442 15.745672
INFO:root:train 800 5.646896e+00 4.931336 15.831773
INFO:root:train 850 5.643398e+00 4.972092 15.828804
INFO:root:train 900 5.645024e+00 4.985780 15.789748
INFO:root:train 950 5.644261e+00 4.984884 15.836948
INFO:root:train 1000 5.647814e+00 4.988761 15.796703
INFO:root:train 1050 5.648681e+00 4.999703 15.773668
INFO:root:train 1100 5.650259e+00 4.992620 15.786785
INFO:root:train 1150 5.649177e+00 4.995656 15.772969
INFO:root:train 1200 5.649124e+00 4.963312 15.765508
INFO:root:train 1250 5.649165e+00 4.973521 15.774880
INFO:root:train 1300 5.651214e+00 4.967333 15.743899
INFO:root:train 1350 5.652335e+00 4.970855 15.739499
INFO:root:train 1400 5.653470e+00 4.956281 15.716453
INFO:root:train 1450 5.652162e+00 4.954557 15.705763
INFO:root:train 1500 5.652307e+00 4.967522 15.717647
INFO:root:train 1550 5.653053e+00 4.953457 15.707608
INFO:root:train 1600 5.653964e+00 4.927584 15.684533
INFO:root:train 1650 5.653926e+00 4.907064 15.672320
INFO:root:train 1700 5.651408e+00 4.919900 15.692056
INFO:root:train 1750 5.650940e+00 4.918618 15.698172
INFO:root:train 1800 5.650937e+00 4.906996 15.697009
INFO:root:train 1850 5.650275e+00 4.912041 15.706037
INFO:root:train 1900 5.650186e+00 4.903669 15.706372
INFO:root:train 1950 5.649211e+00 4.903735 15.741927
INFO:root:train 2000 5.648755e+00 4.891304 15.740567
INFO:root:train 2050 5.648225e+00 4.890145 15.753748
INFO:root:train 2100 5.648585e+00 4.883835 15.729117
INFO:root:train 2150 5.647065e+00 4.899611 15.755027
INFO:root:train 2200 5.646273e+00 4.897632 15.773370
INFO:root:train 2250 5.646680e+00 4.895047 15.758968
INFO:root:train 2300 5.647485e+00 4.889179 15.743155
INFO:root:train 2350 5.648009e+00 4.883560 15.733996
INFO:root:train 2400 5.648943e+00 4.873620 15.734980
INFO:root:train 2450 5.648210e+00 4.875561 15.727637
INFO:root:train 2500 5.646600e+00 4.879298 15.737455
INFO:root:train 2550 5.645758e+00 4.877377 15.717488
INFO:root:train 2600 5.645331e+00 4.883338 15.731930
INFO:root:train 2650 5.647237e+00 4.889664 15.724609
INFO:root:train 2700 5.647680e+00 4.881294 15.703096
INFO:root:train 2750 5.647730e+00 4.880044 15.698837
INFO:root:train 2800 5.647343e+00 4.881069 15.693614
INFO:root:train 2850 5.647983e+00 4.878223 15.695699
INFO:root:train 2900 5.650126e+00 4.873320 15.695019
INFO:root:train 2950 5.649197e+00 4.871760 15.687479
INFO:root:train 3000 5.648318e+00 4.878582 15.692686
INFO:root:train 3050 5.649712e+00 4.879548 15.676213
INFO:root:train 3100 5.649326e+00 4.878467 15.683953
INFO:root:train 3150 5.649573e+00 4.875436 15.675083
INFO:root:train 3200 5.650632e+00 4.876406 15.671372
INFO:root:train 3250 5.650897e+00 4.877826 15.668256
INFO:root:train 3300 5.651598e+00 4.874470 15.680854
INFO:root:train 3350 5.651980e+00 4.874478 15.682819
INFO:root:train 3400 5.651867e+00 4.878161 15.702183
INFO:root:train 3450 5.651219e+00 4.881737 15.702876
INFO:root:train 3500 5.651626e+00 4.873161 15.693730
INFO:root:train 3550 5.651929e+00 4.872747 15.680002
INFO:root:train 3600 5.651436e+00 4.874948 15.686181
INFO:root:train_acc 4.871216
INFO:root:valid 000 5.446693e+00 7.812500 17.187500
INFO:root:valid 050 5.535924e+00 4.534314 15.686275
INFO:root:valid 100 5.542260e+00 4.393564 15.857054
INFO:root:valid 150 5.548300e+00 4.552980 16.007864
INFO:root:valid 200 5.558719e+00 4.485386 15.850435
INFO:root:valid 250 5.557684e+00 4.519422 15.898904
INFO:root:valid 300 5.565402e+00 4.573297 15.874169
INFO:root:valid 350 5.562024e+00 4.700855 15.941061
INFO:root:valid 400 5.567908e+00 4.706983 15.909445
INFO:root:valid 450 5.568376e+00 4.729074 15.857123
INFO:root:valid 500 5.566324e+00 4.759232 15.852670
INFO:root:valid 550 5.569457e+00 4.744215 15.849025
INFO:root:valid 600 5.561774e+00 4.778494 15.981177
INFO:root:test_acc 4.781176
INFO:root:epoch 3 lr 4.200461e-02
INFO:root:train 000 5.893312e+00 6.250000 12.500000
INFO:root:train 050 5.672745e+00 4.626225 14.981618
INFO:root:train 100 5.649545e+00 4.470916 15.160891
INFO:root:train 150 5.653752e+00 4.439156 15.345613
INFO:root:train 200 5.650698e+00 4.469838 15.174129
INFO:root:train 250 5.659166e+00 4.500747 15.214143
INFO:root:train 300 5.659300e+00 4.490241 15.266819
INFO:root:train 350 5.656879e+00 4.558405 15.246617
INFO:root:train 400 5.651653e+00 4.590087 15.286004
INFO:root:train 450 5.645147e+00 4.628603 15.327051
INFO:root:train 500 5.655168e+00 4.587700 15.207086
INFO:root:train 550 5.653504e+00 4.616606 15.315903
INFO:root:train 600 5.653347e+00 4.604305 15.349418
INFO:root:train 650 5.652103e+00 4.584293 15.329781
INFO:root:train 700 5.645440e+00 4.658524 15.379815
INFO:root:train 750 5.643612e+00 4.683339 15.423186
INFO:root:train 800 5.645727e+00 4.720662 15.488452
INFO:root:train 850 5.648322e+00 4.711369 15.465261
INFO:root:train 900 5.648252e+00 4.742994 15.515746
INFO:root:train 950 5.649625e+00 4.718717 15.513275
INFO:root:train 1000 5.649204e+00 4.709353 15.511051
INFO:root:train 1050 5.646519e+00 4.702367 15.507552
INFO:root:train 1100 5.646223e+00 4.700272 15.515724
INFO:root:train 1150 5.649237e+00 4.710578 15.497394
INFO:root:train 1200 5.647188e+00 4.722627 15.510512
INFO:root:train 1250 5.645337e+00 4.742456 15.505096
INFO:root:train 1300 5.645232e+00 4.741545 15.496493
INFO:root:train 1350 5.643469e+00 4.748797 15.520910
INFO:root:train 1400 5.645062e+00 4.736572 15.497859
INFO:root:train 1450 5.644131e+00 4.758572 15.514085
INFO:root:train 1500 5.643908e+00 4.769737 15.535476
INFO:root:train 1550 5.645863e+00 4.764064 15.510155
INFO:root:train 1600 5.646270e+00 4.763624 15.500078
INFO:root:train 1650 5.645556e+00 4.782140 15.509540
INFO:root:train 1700 5.644317e+00 4.799566 15.515689
INFO:root:train 1750 5.645215e+00 4.782981 15.486686
INFO:root:train 1800 5.644300e+00 4.789006 15.484453
INFO:root:train 1850 5.644915e+00 4.791329 15.479808
INFO:root:train 1900 5.644168e+00 4.800927 15.508285
INFO:root:train 1950 5.645071e+00 4.798821 15.497661
INFO:root:train 2000 5.645577e+00 4.789012 15.495377
INFO:root:train 2050 5.646469e+00 4.792632 15.485586
INFO:root:train 2100 5.645457e+00 4.799798 15.494854
INFO:root:train 2150 5.645252e+00 4.811715 15.516765
INFO:root:train 2200 5.644405e+00 4.814573 15.541231
INFO:root:train 2250 5.645329e+00 4.819386 15.531986
INFO:root:train 2300 5.645562e+00 4.815162 15.527895
INFO:root:train 2350 5.646762e+00 4.815105 15.527967
INFO:root:train 2400 5.647297e+00 4.806591 15.514369
INFO:root:train 2450 5.647477e+00 4.802887 15.499414
INFO:root:train 2500 5.647390e+00 4.794957 15.496926
INFO:root:train 2550 5.647283e+00 4.797138 15.514749
INFO:root:train 2600 5.646020e+00 4.796232 15.519271
INFO:root:train 2650 5.644035e+00 4.810095 15.545431
INFO:root:train 2700 5.643964e+00 4.810718 15.548061
INFO:root:train 2750 5.643647e+00 4.800527 15.540940
INFO:root:train 2800 5.643857e+00 4.808551 15.538535
INFO:root:train 2850 5.644454e+00 4.817937 15.534023
INFO:root:train 2900 5.643866e+00 4.822690 15.526435
INFO:root:train 2950 5.643191e+00 4.819341 15.530752
INFO:root:train 3000 5.643680e+00 4.808293 15.538050
INFO:root:train 3050 5.643795e+00 4.806314 15.540499
INFO:root:train 3100 5.643907e+00 4.816491 15.542869
INFO:root:train 3150 5.643881e+00 4.816427 15.542685
INFO:root:train 3200 5.643150e+00 4.821247 15.557150
INFO:root:train 3250 5.643374e+00 4.827361 15.569248
INFO:root:train 3300 5.643333e+00 4.825716 15.569146
INFO:root:train 3350 5.645009e+00 4.823653 15.562052
INFO:root:train 3400 5.645194e+00 4.811544 15.562059
INFO:root:train 3450 5.645137e+00 4.811105 15.562518
INFO:root:train 3500 5.644862e+00 4.806662 15.564749
INFO:root:train 3550 5.644901e+00 4.799264 15.555037
INFO:root:train 3600 5.643605e+00 4.802919 15.552971
INFO:root:train_acc 4.809674
INFO:root:valid 000 5.437357e+00 4.687500 21.875000
INFO:root:valid 050 5.526629e+00 4.381127 15.931373
INFO:root:valid 100 5.533821e+00 4.486386 16.058168
INFO:root:valid 150 5.544048e+00 4.625414 16.349338
INFO:root:valid 200 5.550807e+00 4.508706 16.068097
INFO:root:valid 250 5.552633e+00 4.463396 16.079432
INFO:root:valid 300 5.560434e+00 4.474668 16.024709
INFO:root:valid 350 5.558422e+00 4.616275 16.007835
INFO:root:valid 400 5.560069e+00 4.656328 16.018547
INFO:root:valid 450 5.560344e+00 4.656319 15.919484
INFO:root:valid 500 5.556918e+00 4.665669 15.986776
INFO:root:valid 550 5.559974e+00 4.630785 15.968126
INFO:root:valid 600 5.554218e+00 4.609505 16.053973
INFO:root:test_acc 4.615145
INFO:root:epoch 4 lr 4.018339e-02
INFO:root:train 000 5.995899e+00 1.562500 14.062500
INFO:root:train 050 5.589318e+00 5.177696 16.758578
INFO:root:train 100 5.591272e+00 4.888614 15.810644
INFO:root:train 150 5.593811e+00 4.956540 16.049255
INFO:root:train 200 5.612836e+00 4.897388 15.920398
INFO:root:train 250 5.621398e+00 4.849353 15.942480
INFO:root:train 300 5.619869e+00 4.801703 15.868978
INFO:root:train 350 5.623310e+00 4.870014 15.887642
INFO:root:train 400 5.624201e+00 4.862843 15.889963
INFO:root:train 450 5.626132e+00 4.853797 15.822478
INFO:root:train 500 5.632238e+00 4.837201 15.790294
INFO:root:train 550 5.642770e+00 4.803766 15.690222
INFO:root:train 600 5.645464e+00 4.835691 15.736793
INFO:root:train 650 5.641437e+00 4.807508 15.773810
INFO:root:train 700 5.645760e+00 4.781116 15.709700
INFO:root:train 750 5.646159e+00 4.789447 15.639564
INFO:root:train 800 5.645244e+00 4.794788 15.619148
INFO:root:train 850 5.646224e+00 4.766451 15.566246
INFO:root:train 900 5.648227e+00 4.770741 15.526151
INFO:root:train 950 5.641865e+00 4.794295 15.606927
INFO:root:train 1000 5.641934e+00 4.759303 15.582855
INFO:root:train 1050 5.640598e+00 4.764807 15.607160
INFO:root:train 1100 5.640637e+00 4.798195 15.639192
INFO:root:train 1150 5.642987e+00 4.782526 15.612782
INFO:root:train 1200 5.641578e+00 4.824105 15.638010
INFO:root:train 1250 5.638250e+00 4.839878 15.687450
INFO:root:train 1300 5.639212e+00 4.829218 15.662231
INFO:root:train 1350 5.640546e+00 4.819347 15.641192
INFO:root:train 1400 5.640696e+00 4.804604 15.618308
INFO:root:train 1450 5.640137e+00 4.802722 15.631461
INFO:root:train 1500 5.639696e+00 4.796802 15.629164
INFO:root:train 1550 5.638940e+00 4.800330 15.619963
INFO:root:train 1600 5.638220e+00 4.817302 15.654279
INFO:root:train 1650 5.638597e+00 4.802014 15.636357
INFO:root:train 1700 5.637121e+00 4.809671 15.670010
INFO:root:train 1750 5.637244e+00 4.811536 15.665156
INFO:root:train 1800 5.637799e+00 4.825444 15.680525
INFO:root:train 1850 5.636967e+00 4.825095 15.695063
INFO:root:train 1900 5.636483e+00 4.831339 15.705550
INFO:root:train 1950 5.636444e+00 4.826852 15.699481
INFO:root:train 2000 5.637523e+00 4.837425 15.706990
INFO:root:train 2050 5.637359e+00 4.829961 15.696611
INFO:root:train 2100 5.638145e+00 4.810209 15.672596
INFO:root:train 2150 5.639587e+00 4.804451 15.636623
INFO:root:train 2200 5.639713e+00 4.799665 15.638488
INFO:root:train 2250 5.639117e+00 4.785373 15.615976
INFO:root:train 2300 5.638215e+00 4.785963 15.626358
INFO:root:train 2350 5.639715e+00 4.779881 15.602403
INFO:root:train 2400 5.640125e+00 4.791623 15.602223
INFO:root:train 2450 5.641091e+00 4.779937 15.581013
INFO:root:train 2500 5.638983e+00 4.787460 15.612505
INFO:root:train 2550 5.638781e+00 4.782438 15.615812
INFO:root:train 2600 5.637744e+00 4.781214 15.603374
INFO:root:train 2650 5.639750e+00 4.775321 15.574901
INFO:root:train 2700 5.640087e+00 4.771959 15.558474
INFO:root:train 2750 5.642254e+00 4.762473 15.536964
INFO:root:train 2800 5.641645e+00 4.761692 15.539651
INFO:root:train 2850 5.642194e+00 4.766968 15.531283
INFO:root:train 2900 5.642038e+00 4.760212 15.526435
INFO:root:train 2950 5.641848e+00 4.757392 15.504278
INFO:root:train 3000 5.641247e+00 4.771326 15.519827
INFO:root:train 3050 5.641725e+00 4.763807 15.519502
INFO:root:train 3100 5.641904e+00 4.755522 15.502560
INFO:root:train 3150 5.640953e+00 4.757914 15.504503
INFO:root:train 3200 5.640364e+00 4.762184 15.507361
INFO:root:train 3250 5.640372e+00 4.762958 15.509651
INFO:root:train 3300 5.641365e+00 4.762761 15.503351
INFO:root:train 3350 5.641000e+00 4.759773 15.499571
INFO:root:train 3400 5.640529e+00 4.767440 15.514279
INFO:root:train 3450 5.640183e+00 4.767187 15.519505
INFO:root:train 3500 5.639678e+00 4.766942 15.521904
INFO:root:train 3550 5.639454e+00 4.768023 15.526876
INFO:root:train 3600 5.639456e+00 4.759529 15.526503
INFO:root:train_acc 4.753728
INFO:root:valid 000 5.297883e+00 9.375000 20.312500
INFO:root:valid 050 5.528136e+00 4.319853 15.655637
INFO:root:valid 100 5.541832e+00 4.439975 15.609530
INFO:root:valid 150 5.546522e+00 4.573675 15.914735
INFO:root:valid 200 5.551338e+00 4.547575 15.811567
INFO:root:valid 250 5.553402e+00 4.432271 15.842878
INFO:root:valid 300 5.556857e+00 4.511005 15.832641
INFO:root:valid 350 5.553525e+00 4.647436 15.896546
INFO:root:valid 400 5.557085e+00 4.656328 15.850998
INFO:root:valid 450 5.557508e+00 4.663248 15.836336
INFO:root:valid 500 5.556250e+00 4.640719 15.830838
INFO:root:valid 550 5.559010e+00 4.616606 15.752609
INFO:root:valid 600 5.551227e+00 4.648502 15.892783
INFO:root:test_acc 4.648870
INFO:root:epoch 5 lr 3.791967e-02
INFO:root:train 000 6.155735e+00 6.250000 17.187500
INFO:root:train 050 5.623142e+00 4.381127 15.655637
INFO:root:train 100 5.607224e+00 4.702970 15.671411
INFO:root:train 150 5.626733e+00 4.708195 15.283526
INFO:root:train 200 5.643119e+00 4.835199 15.150808
INFO:root:train 250 5.628330e+00 4.836902 15.288845
INFO:root:train 300 5.622127e+00 4.869186 15.479651
INFO:root:train 350 5.625183e+00 4.914530 15.535969
INFO:root:train 400 5.618225e+00 4.913498 15.589931
INFO:root:train 450 5.614782e+00 4.916159 15.670039
INFO:root:train 500 5.614693e+00 4.946357 15.687375
INFO:root:train 550 5.625379e+00 4.956897 15.627836
INFO:root:train 600 5.627899e+00 4.978681 15.682196
INFO:root:train 650 5.626400e+00 4.941916 15.689804
INFO:root:train 700 5.625572e+00 4.919312 15.707471
INFO:root:train 750 5.625790e+00 4.887234 15.685336
INFO:root:train 800 5.623966e+00 4.874766 15.718633
INFO:root:train 850 5.628552e+00 4.839894 15.652541
INFO:root:train 900 5.633113e+00 4.812361 15.618063
INFO:root:train 950 5.631899e+00 4.797581 15.618428
INFO:root:train 1000 5.634075e+00 4.798327 15.625000
INFO:root:train 1050 5.633198e+00 4.787108 15.668114
INFO:root:train 1100 5.631955e+00 4.788261 15.663317
INFO:root:train 1150 5.630914e+00 4.764878 15.634503
INFO:root:train 1200 5.630796e+00 4.738239 15.626301
INFO:root:train 1250 5.632026e+00 4.712480 15.615008
INFO:root:train 1300 5.631871e+00 4.722329 15.615392
INFO:root:train 1350 5.630207e+00 4.725666 15.609965
INFO:root:train 1400 5.629251e+00 4.725419 15.611617
INFO:root:train 1450 5.627435e+00 4.744573 15.645460
INFO:root:train 1500 5.627888e+00 4.732262 15.629164
INFO:root:train 1550 5.627368e+00 4.724774 15.621978
INFO:root:train 1600 5.628843e+00 4.716779 15.598649
INFO:root:train 1650 5.628431e+00 4.705482 15.579573
INFO:root:train 1700 5.627592e+00 4.718732 15.573560
INFO:root:train 1750 5.628167e+00 4.723194 15.567890
INFO:root:train 1800 5.627704e+00 4.730879 15.566005
INFO:root:train 1850 5.629003e+00 4.728863 15.556625
INFO:root:train 1900 5.629216e+00 4.720377 15.560067
INFO:root:train 1950 5.630631e+00 4.707522 15.516882
INFO:root:train 2000 5.629556e+00 4.708583 15.522707
INFO:root:train 2050 5.629734e+00 4.705784 15.513012
INFO:root:train 2100 5.630361e+00 4.697168 15.513446
INFO:root:train 2150 5.631333e+00 4.696217 15.503690
INFO:root:train 2200 5.631808e+00 4.685370 15.495087
INFO:root:train 2250 5.631538e+00 4.677088 15.474373
INFO:root:train 2300 5.631858e+00 4.676635 15.485794
INFO:root:train 2350 5.632201e+00 4.671549 15.490749
INFO:root:train 2400 5.631856e+00 4.677738 15.491592
INFO:root:train 2450 5.631253e+00 4.688137 15.495589
INFO:root:train 2500 5.631588e+00 4.686250 15.473810
INFO:root:train 2550 5.630344e+00 4.686887 15.490861
INFO:root:train 2600 5.630160e+00 4.686299 15.511462
INFO:root:train 2650 5.628777e+00 4.695752 15.537179
INFO:root:train 2700 5.628283e+00 4.695020 15.523186
INFO:root:train 2750 5.626911e+00 4.694316 15.538668
INFO:root:train 2800 5.627062e+00 4.690289 15.535746
INFO:root:train 2850 5.626672e+00 4.690788 15.548821
INFO:root:train 2900 5.627163e+00 4.689654 15.539361
INFO:root:train 2950 5.627815e+00 4.693854 15.547166
INFO:root:train 3000 5.628605e+00 4.689583 15.529199
INFO:root:train 3050 5.629464e+00 4.697230 15.523599
INFO:root:train 3100 5.629681e+00 4.696066 15.520699
INFO:root:train 3150 5.629603e+00 4.693946 15.519875
INFO:root:train 3200 5.629856e+00 4.694822 15.511754
INFO:root:train 3250 5.630212e+00 4.692306 15.495713
INFO:root:train 3300 5.629647e+00 4.693180 15.496724
INFO:root:train 3350 5.629659e+00 4.687966 15.484650
INFO:root:train 3400 5.629267e+00 4.691175 15.472471
INFO:root:train 3450 5.630453e+00 4.689764 15.460645
INFO:root:train 3500 5.629757e+00 4.691517 15.472811
INFO:root:train 3550 5.629839e+00 4.692780 15.467474
INFO:root:train 3600 5.630536e+00 4.691839 15.467926
INFO:root:train_acc 4.693908
INFO:root:valid 000 5.417866e+00 6.250000 20.312500
INFO:root:valid 050 5.537223e+00 4.289216 15.502451
INFO:root:valid 100 5.533535e+00 4.316213 15.795173
INFO:root:valid 150 5.536686e+00 4.521937 16.173427
INFO:root:valid 200 5.545255e+00 4.345460 15.974813
INFO:root:valid 250 5.549559e+00 4.419821 15.973606
INFO:root:valid 300 5.557704e+00 4.479859 15.811877
INFO:root:valid 350 5.554097e+00 4.602920 15.896546
INFO:root:valid 400 5.560347e+00 4.640742 15.784757
INFO:root:valid 450 5.558634e+00 4.638997 15.739329
INFO:root:valid 500 5.556498e+00 4.609531 15.762226
INFO:root:valid 550 5.559384e+00 4.551384 15.704401
INFO:root:valid 600 5.553890e+00 4.570507 15.767991
INFO:root:test_acc 4.571043
INFO:root:epoch 6 lr 3.526920e-02
INFO:root:train 000 5.692552e+00 4.687500 17.187500
INFO:root:train 050 5.629693e+00 4.595588 15.104167
INFO:root:train 100 5.628779e+00 4.548267 15.114480
INFO:root:train 150 5.639123e+00 4.346026 14.973096
INFO:root:train 200 5.649865e+00 4.314366 14.948694
INFO:root:train 250 5.652674e+00 4.320219 14.958914
INFO:root:train 300 5.656995e+00 4.220307 14.986503
INFO:root:train 350 5.653451e+00 4.295762 15.064103
INFO:root:train 400 5.652519e+00 4.340711 15.208074
INFO:root:train 450 5.650246e+00 4.361835 15.230044
INFO:root:train 500 5.647353e+00 4.397455 15.232036
INFO:root:train 550 5.643967e+00 4.426611 15.315903
INFO:root:train 600 5.643448e+00 4.482113 15.375416
INFO:root:train 650 5.639538e+00 4.457085 15.360983
INFO:root:train 700 5.641592e+00 4.500267 15.373128
INFO:root:train 750 5.640522e+00 4.506491 15.450233
INFO:root:train 800 5.640877e+00 4.513889 15.429931
INFO:root:train 850 5.639783e+00 4.544286 15.421196
INFO:root:train 900 5.640093e+00 4.517550 15.416898
INFO:root:train 950 5.636689e+00 4.557702 15.478772
INFO:root:train 1000 5.632988e+00 4.582917 15.507930
INFO:root:train 1050 5.632684e+00 4.587892 15.489712
INFO:root:train 1100 5.633049e+00 4.578224 15.470311
INFO:root:train 1150 5.632481e+00 4.568039 15.474316
INFO:root:train 1200 5.633371e+00 4.578216 15.477987
INFO:root:train 1250 5.631034e+00 4.591327 15.521333
INFO:root:train 1300 5.629137e+00 4.603430 15.515709
INFO:root:train 1350 5.627119e+00 4.611168 15.544041
INFO:root:train 1400 5.627435e+00 4.607200 15.540239
INFO:root:train 1450 5.626793e+00 4.605660 15.499009
INFO:root:train 1500 5.624142e+00 4.608386 15.530271
INFO:root:train 1550 5.623493e+00 4.593810 15.528288
INFO:root:train 1600 5.623519e+00 4.600640 15.540092
INFO:root:train 1650 5.622586e+00 4.618413 15.574841
INFO:root:train 1700 5.623474e+00 4.600235 15.546002
INFO:root:train 1750 5.624375e+00 4.589342 15.527734
INFO:root:train 1800 5.625550e+00 4.581656 15.531302
INFO:root:train 1850 5.627141e+00 4.587892 15.521171
INFO:root:train 1900 5.627364e+00 4.579004 15.503353
INFO:root:train 1950 5.628495e+00 4.583387 15.500064
INFO:root:train 2000 5.628810e+00 4.578961 15.476637
INFO:root:train 2050 5.628101e+00 4.593796 15.494728
INFO:root:train 2100 5.628095e+00 4.587101 15.489648
INFO:root:train 2150 5.627999e+00 4.587982 15.491341
INFO:root:train 2200 5.628706e+00 4.596632 15.483019
INFO:root:train 2250 5.627069e+00 4.607674 15.492420
INFO:root:train 2300 5.627379e+00 4.609409 15.487831
INFO:root:train 2350 5.626306e+00 4.620374 15.495401
INFO:root:train 2400 5.627715e+00 4.617217 15.486386
INFO:root:train 2450 5.627344e+00 4.621838 15.474551
INFO:root:train 2500 5.627134e+00 4.623151 15.481307
INFO:root:train 2550 5.628206e+00 4.624412 15.464524
INFO:root:train 2600 5.627820e+00 4.617815 15.467008
INFO:root:train 2650 5.627959e+00 4.613825 15.460557
INFO:root:train 2700 5.625126e+00 4.623866 15.471700
INFO:root:train 2750 5.625392e+00 4.613095 15.465967
INFO:root:train 2800 5.625623e+00 4.618328 15.466017
INFO:root:train 2850 5.626115e+00 4.618993 15.464968
INFO:root:train 2900 5.626544e+00 4.615865 15.459109
INFO:root:train 2950 5.626507e+00 4.620785 15.461390
INFO:root:train 3000 5.626457e+00 4.612525 15.447976
INFO:root:train 3050 5.626583e+00 4.615802 15.443195
INFO:root:train 3100 5.626030e+00 4.611416 15.456708
INFO:root:train 3150 5.626041e+00 4.610639 15.458386
INFO:root:train 3200 5.625940e+00 4.614281 15.460501
INFO:root:train 3250 5.626334e+00 4.607717 15.464953
INFO:root:train 3300 5.626734e+00 4.602299 15.463117
INFO:root:train 3350 5.627297e+00 4.598907 15.463668
INFO:root:train 3400 5.627939e+00 4.597912 15.457310
INFO:root:train 3450 5.628551e+00 4.591513 15.438913
INFO:root:train 3500 5.629485e+00 4.591545 15.432644
INFO:root:train 3550 5.628632e+00 4.599497 15.434473
INFO:root:train 3600 5.628281e+00 4.600719 15.429308
INFO:root:train_acc 4.600521
INFO:root:valid 000 5.355602e+00 6.250000 18.750000
INFO:root:valid 050 5.510921e+00 4.227941 15.073529
INFO:root:valid 100 5.527747e+00 4.378094 15.655941
INFO:root:valid 150 5.529308e+00 4.480546 15.987169
INFO:root:valid 200 5.538655e+00 4.454291 15.718284
INFO:root:valid 250 5.539069e+00 4.450946 15.749502
INFO:root:valid 300 5.544364e+00 4.526578 15.734012
INFO:root:valid 350 5.542182e+00 4.620726 15.803063
INFO:root:valid 400 5.545983e+00 4.644638 15.737999
INFO:root:valid 450 5.543354e+00 4.694429 15.798226
INFO:root:valid 500 5.543156e+00 4.628244 15.777819
INFO:root:valid 550 5.544656e+00 4.627949 15.721416
INFO:root:valid 600 5.539311e+00 4.661502 15.832987
INFO:root:test_acc 4.664436
INFO:root:epoch 7 lr 3.229724e-02
INFO:root:train 000 5.933275e+00 4.687500 15.625000
INFO:root:train 050 5.656012e+00 4.687500 15.349265
INFO:root:train 100 5.648953e+00 4.764851 15.238243
INFO:root:train 150 5.648682e+00 4.697848 15.252483
INFO:root:train 200 5.644095e+00 4.570896 15.189677
INFO:root:train 250 5.647634e+00 4.538098 15.077191
INFO:root:train 300 5.651062e+00 4.578488 15.043605
INFO:root:train 350 5.632633e+00 4.669694 15.273326
INFO:root:train 400 5.623713e+00 4.605673 15.360037
INFO:root:train 450 5.616347e+00 4.659784 15.524529
INFO:root:train 500 5.615687e+00 4.612650 15.475299
INFO:root:train 550 5.610839e+00 4.610935 15.571121
INFO:root:train 600 5.613361e+00 4.596506 15.601601
INFO:root:train 650 5.615039e+00 4.593894 15.572197
INFO:root:train 700 5.615002e+00 4.613944 15.571505
INFO:root:train 750 5.612660e+00 4.612600 15.597953
INFO:root:train 800 5.616714e+00 4.595818 15.515762
INFO:root:train 850 5.616716e+00 4.562647 15.503819
INFO:root:train 900 5.619381e+00 4.552234 15.432506
INFO:root:train 950 5.617783e+00 4.569203 15.449198
INFO:root:train 1000 5.622161e+00 4.543894 15.359640
INFO:root:train 1050 5.619757e+00 4.556672 15.419838
INFO:root:train 1100 5.622814e+00 4.569709 15.424898
INFO:root:train 1150 5.626470e+00 4.557179 15.428160
INFO:root:train 1200 5.624199e+00 4.560002 15.402529
INFO:root:train 1250 5.624917e+00 4.553857 15.390188
INFO:root:train 1300 5.627503e+00 4.549385 15.375192
INFO:root:train 1350 5.624780e+00 4.545244 15.402942
INFO:root:train 1400 5.624832e+00 4.542514 15.384101
INFO:root:train 1450 5.623394e+00 4.552895 15.411785
INFO:root:train 1500 5.622668e+00 4.548010 15.409519
INFO:root:train 1550 5.621629e+00 4.556536 15.427547
INFO:root:train 1600 5.622196e+00 4.557698 15.413218
INFO:root:train 1650 5.622866e+00 4.550273 15.385562
INFO:root:train 1700 5.623084e+00 4.538690 15.376066
INFO:root:train 1750 5.622482e+00 4.525985 15.360865
INFO:root:train 1800 5.621815e+00 4.520058 15.348244
INFO:root:train 1850 5.622366e+00 4.522893 15.337993
INFO:root:train 1900 5.621044e+00 4.528044 15.357871
INFO:root:train 1950 5.620366e+00 4.532131 15.351102
INFO:root:train 2000 5.617703e+00 4.543041 15.386838
INFO:root:train 2050 5.616430e+00 4.553419 15.403309
INFO:root:train 2100 5.616803e+00 4.546198 15.411560
INFO:root:train 2150 5.616426e+00 4.536407 15.398361
INFO:root:train 2200 5.615831e+00 4.535580 15.407769
INFO:root:train 2250 5.615366e+00 4.544508 15.402182
INFO:root:train 2300 5.614700e+00 4.540146 15.400913
INFO:root:train 2350 5.612905e+00 4.559230 15.434921
INFO:root:train 2400 5.611605e+00 4.550838 15.445387
INFO:root:train 2450 5.612275e+00 4.547251 15.432477
INFO:root:train 2500 5.612865e+00 4.555678 15.443198
INFO:root:train 2550 5.612041e+00 4.561324 15.460236
INFO:root:train 2600 5.613206e+00 4.557141 15.438774
INFO:root:train 2650 5.612383e+00 4.551349 15.433445
INFO:root:train 2700 5.612630e+00 4.559075 15.439305
INFO:root:train 2750 5.611994e+00 4.558002 15.433592
INFO:root:train 2800 5.612026e+00 4.563102 15.429757
INFO:root:train 2850 5.612140e+00 4.560900 15.425509
INFO:root:train 2900 5.612131e+00 4.557696 15.421406
INFO:root:train 2950 5.611729e+00 4.554600 15.440740
INFO:root:train 3000 5.611373e+00 4.548484 15.444852
INFO:root:train 3050 5.611236e+00 4.544617 15.449340
INFO:root:train 3100 5.612249e+00 4.538355 15.437057
INFO:root:train 3150 5.611729e+00 4.533283 15.424171
INFO:root:train 3200 5.612750e+00 4.531787 15.418522
INFO:root:train 3250 5.613097e+00 4.543794 15.428906
INFO:root:train 3300 5.613960e+00 4.539344 15.417203
INFO:root:train 3350 5.614902e+00 4.542021 15.407714
INFO:root:train 3400 5.616401e+00 4.531755 15.404477
INFO:root:train 3450 5.615391e+00 4.528126 15.405861
INFO:root:train 3500 5.617046e+00 4.521922 15.391585
INFO:root:train 3550 5.616856e+00 4.521174 15.392231
INFO:root:train 3600 5.616220e+00 4.521314 15.399368
INFO:root:train_acc 4.523056
INFO:root:valid 000 5.449625e+00 6.250000 20.312500
INFO:root:valid 050 5.521921e+00 4.350490 15.379902
INFO:root:valid 100 5.527480e+00 4.347153 15.857054
INFO:root:valid 150 5.530628e+00 4.552980 15.904387
INFO:root:valid 200 5.542804e+00 4.469838 15.617226
INFO:root:valid 250 5.546256e+00 4.513197 15.575199
INFO:root:valid 300 5.551584e+00 4.547342 15.599045
INFO:root:valid 350 5.545694e+00 4.616275 15.691774
INFO:root:valid 400 5.549982e+00 4.601777 15.640586
INFO:root:valid 450 5.548951e+00 4.632068 15.656181
INFO:root:valid 500 5.545244e+00 4.606412 15.702969
INFO:root:valid 550 5.546829e+00 4.579741 15.590971
INFO:root:valid 600 5.540342e+00 4.544509 15.666597
INFO:root:test_acc 4.547695
INFO:root:epoch 8 lr 2.907697e-02
INFO:root:train 000 5.797151e+00 0.000000 12.500000
INFO:root:train 050 5.664818e+00 4.166667 15.226716
INFO:root:train 100 5.638175e+00 4.439975 15.346535
INFO:root:train 150 5.632666e+00 4.428808 15.418046
INFO:root:train 200 5.634181e+00 4.384328 15.477301
INFO:root:train 250 5.639861e+00 4.295319 15.257719
INFO:root:train 300 5.629238e+00 4.360465 15.303156
INFO:root:train 350 5.633411e+00 4.375890 15.340100
INFO:root:train 400 5.626920e+00 4.352400 15.356141
INFO:root:train 450 5.618095e+00 4.393016 15.479490
INFO:root:train 500 5.614100e+00 4.428643 15.459706
INFO:root:train 550 5.607485e+00 4.480490 15.508734
INFO:root:train 600 5.612826e+00 4.435316 15.474210
INFO:root:train 650 5.611538e+00 4.476286 15.502592
INFO:root:train 700 5.614657e+00 4.498039 15.388730
INFO:root:train 750 5.617348e+00 4.487766 15.362850
INFO:root:train 800 5.617188e+00 4.498283 15.406523
INFO:root:train 850 5.618953e+00 4.481860 15.371622
INFO:root:train 900 5.617575e+00 4.481132 15.404759
INFO:root:train 950 5.618459e+00 4.493625 15.440983
INFO:root:train 1000 5.621161e+00 4.459603 15.422078
INFO:root:train 1050 5.621657e+00 4.442198 15.369291
INFO:root:train 1100 5.619197e+00 4.451919 15.405030
INFO:root:train 1150 5.615925e+00 4.449935 15.421373
INFO:root:train 1200 5.616658e+00 4.428601 15.366101
INFO:root:train 1250 5.621094e+00 4.443945 15.312750
INFO:root:train 1300 5.619434e+00 4.464114 15.348770
INFO:root:train 1350 5.618605e+00 4.470068 15.353211
INFO:root:train 1400 5.619147e+00 4.471137 15.368487
INFO:root:train 1450 5.619099e+00 4.457055 15.360096
INFO:root:train 1500 5.619765e+00 4.467855 15.362675
INFO:root:train 1550 5.619779e+00 4.474936 15.368109
INFO:root:train 1600 5.620615e+00 4.487430 15.372228
INFO:root:train 1650 5.622368e+00 4.499167 15.364741
INFO:root:train 1700 5.622532e+00 4.505622 15.358613
INFO:root:train 1750 5.623254e+00 4.511708 15.357296
INFO:root:train 1800 5.623301e+00 4.499237 15.362125
INFO:root:train 1850 5.623169e+00 4.495881 15.344746
INFO:root:train 1900 5.622586e+00 4.509140 15.361159
INFO:root:train 1950 5.623066e+00 4.512109 15.340691
INFO:root:train 2000 5.622048e+00 4.521958 15.358727
INFO:root:train 2050 5.621447e+00 4.510757 15.343887
INFO:root:train 2100 5.619490e+00 4.514963 15.357270
INFO:root:train 2150 5.620035e+00 4.518974 15.343881
INFO:root:train 2200 5.619163e+00 4.523512 15.372274
INFO:root:train 2250 5.619893e+00 4.525766 15.366781
INFO:root:train 2300 5.620684e+00 4.528602 15.359490
INFO:root:train 2350 5.620742e+00 4.524670 15.355168
INFO:root:train 2400 5.621235e+00 4.531315 15.369247
INFO:root:train 2450 5.620750e+00 4.538326 15.370640
INFO:root:train 2500 5.619530e+00 4.534436 15.380723
INFO:root:train 2550 5.619741e+00 4.522736 15.376936
INFO:root:train 2600 5.620708e+00 4.515691 15.373895
INFO:root:train 2650 5.620022e+00 4.506554 15.363896
INFO:root:train 2700 5.619462e+00 4.499491 15.350218
INFO:root:train 2750 5.619616e+00 4.493252 15.352940
INFO:root:train 2800 5.618272e+00 4.496162 15.357796
INFO:root:train 2850 5.618688e+00 4.510479 15.355358
INFO:root:train 2900 5.618010e+00 4.514068 15.371855
INFO:root:train 2950 5.616775e+00 4.518595 15.382497
INFO:root:train 3000 5.615973e+00 4.517765 15.392265
INFO:root:train 3050 5.616174e+00 4.512865 15.381227
INFO:root:train 3100 5.615449e+00 4.524750 15.394228
INFO:root:train 3150 5.616094e+00 4.527333 15.390947
INFO:root:train 3200 5.616183e+00 4.530811 15.394603
INFO:root:train 3250 5.615873e+00 4.529376 15.396705
INFO:root:train 3300 5.615049e+00 4.522304 15.397796
INFO:root:train 3350 5.614870e+00 4.509382 15.400254
INFO:root:train 3400 5.615275e+00 4.512919 15.395748
INFO:root:train 3450 5.615722e+00 4.511374 15.392278
INFO:root:train 3500 5.615581e+00 4.520137 15.390692
INFO:root:train 3550 5.615645e+00 4.524694 15.387391
INFO:root:train 3600 5.614998e+00 4.526520 15.390690
INFO:root:train_acc 4.529512
INFO:root:valid 000 5.426371e+00 6.250000 23.437500
INFO:root:valid 050 5.506087e+00 4.350490 14.859069
INFO:root:valid 100 5.521420e+00 4.331683 15.145421
INFO:root:valid 150 5.531757e+00 4.397765 15.480132
INFO:root:valid 200 5.545674e+00 4.151119 15.181903
INFO:root:valid 250 5.536083e+00 4.177042 15.432022
INFO:root:valid 300 5.541831e+00 4.215116 15.479651
INFO:root:valid 350 5.539828e+00 4.322472 15.527066
INFO:root:valid 400 5.546737e+00 4.336814 15.445761
INFO:root:valid 450 5.546908e+00 4.382622 15.465632
INFO:root:valid 500 5.545273e+00 4.366267 15.447231
INFO:root:valid 550 5.546504e+00 4.321688 15.381125
INFO:root:valid 600 5.540936e+00 4.357321 15.432612
INFO:root:test_acc 4.358316
INFO:root:epoch 9 lr 2.568768e-02
INFO:root:train 000 5.337883e+00 4.687500 14.062500
INFO:root:train 050 5.551569e+00 4.901961 15.257353
INFO:root:train 100 5.561898e+00 4.594678 15.501238
INFO:root:train 150 5.573616e+00 4.511589 15.407699
INFO:root:train 200 5.584254e+00 4.477612 15.376244
INFO:root:train 250 5.609548e+00 4.426046 15.164343
INFO:root:train 300 5.604085e+00 4.412375 15.272010
INFO:root:train 350 5.602902e+00 4.353632 15.331197
INFO:root:train 400 5.603650e+00 4.414744 15.356141
INFO:root:train 450 5.606429e+00 4.424196 15.330516
INFO:root:train 500 5.610726e+00 4.391218 15.281936
INFO:root:train 550 5.610984e+00 4.364224 15.256352
INFO:root:train 600 5.600440e+00 4.375520 15.341618
INFO:root:train 650 5.598410e+00 4.373080 15.346582
INFO:root:train 700 5.600625e+00 4.382133 15.301801
INFO:root:train 750 5.596723e+00 4.394141 15.294191
INFO:root:train 800 5.594133e+00 4.420256 15.344101
INFO:root:train 850 5.592024e+00 4.454318 15.404671
INFO:root:train 900 5.593236e+00 4.462056 15.418632
INFO:root:train 950 5.595200e+00 4.480481 15.401551
INFO:root:train 1000 5.595624e+00 4.478334 15.414273
INFO:root:train 1050 5.597590e+00 4.474905 15.404971
INFO:root:train 1100 5.599883e+00 4.473206 15.370970
INFO:root:train 1150 5.601189e+00 4.466225 15.341279
INFO:root:train 1200 5.600248e+00 4.470233 15.354392
INFO:root:train 1250 5.599422e+00 4.467676 15.390188
INFO:root:train 1300 5.600873e+00 4.490536 15.388403
INFO:root:train 1350 5.600975e+00 4.485104 15.365933
INFO:root:train 1400 5.601998e+00 4.480059 15.366256
INFO:root:train 1450 5.602872e+00 4.469978 15.354712
INFO:root:train 1500 5.604210e+00 4.460568 15.330405
INFO:root:train 1550 5.604846e+00 4.466876 15.328820
INFO:root:train 1600 5.604432e+00 4.464983 15.339046
INFO:root:train 1650 5.605687e+00 4.455633 15.307957
INFO:root:train 1700 5.607366e+00 4.447751 15.267673
INFO:root:train 1750 5.611078e+00 4.438535 15.243968
INFO:root:train 1800 5.612268e+00 4.429831 15.218976
INFO:root:train 1850 5.614117e+00 4.401337 15.172542
INFO:root:train 1900 5.612918e+00 4.403932 15.191018
INFO:root:train 1950 5.612034e+00 4.397585 15.202941
INFO:root:train 2000 5.611900e+00 4.405610 15.195527
INFO:root:train 2050 5.609860e+00 4.410958 15.221234
INFO:root:train 2100 5.612709e+00 4.422745 15.227868
INFO:root:train 2150 5.612961e+00 4.423815 15.236373
INFO:root:train 2200 5.610786e+00 4.427675 15.246621
INFO:root:train 2250 5.609607e+00 4.427893 15.250861
INFO:root:train 2300 5.611331e+00 4.421990 15.229791
INFO:root:train 2350 5.610959e+00 4.415010 15.220917
INFO:root:train 2400 5.609980e+00 4.408970 15.224776
INFO:root:train 2450 5.610562e+00 4.410190 15.215091
INFO:root:train 2500 5.609833e+00 4.413235 15.200795
INFO:root:train 2550 5.610007e+00 4.410035 15.186446
INFO:root:train 2600 5.610369e+00 4.413567 15.190071
INFO:root:train 2650 5.610756e+00 4.418733 15.193559
INFO:root:train 2700 5.610525e+00 4.417924 15.187662
INFO:root:train 2750 5.610102e+00 4.416008 15.195611
INFO:root:train 2800 5.610743e+00 4.411371 15.201602
INFO:root:train 2850 5.610216e+00 4.420598 15.216152
INFO:root:train 2900 5.610141e+00 4.418196 15.223199
INFO:root:train 2950 5.610501e+00 4.411111 15.217299
INFO:root:train 3000 5.609734e+00 4.415716 15.215241
INFO:root:train 3050 5.608906e+00 4.415048 15.222980
INFO:root:train 3100 5.608296e+00 4.417426 15.219889
INFO:root:train 3150 5.607715e+00 4.410802 15.245656
INFO:root:train 3200 5.608426e+00 4.406826 15.229128
INFO:root:train 3250 5.608099e+00 4.418833 15.231852
INFO:root:train 3300 5.607887e+00 4.412489 15.240173
INFO:root:train 3350 5.608301e+00 4.409132 15.231461
INFO:root:train 3400 5.608236e+00 4.411386 15.217951
INFO:root:train 3450 5.608018e+00 4.412217 15.211171
INFO:root:train 3500 5.608226e+00 4.408116 15.219312
INFO:root:train 3550 5.607559e+00 4.419970 15.243945
INFO:root:train 3600 5.606592e+00 4.426722 15.252274
INFO:root:train_acc 4.420201
INFO:root:valid 000 5.384487e+00 4.687500 21.875000
INFO:root:valid 050 5.494937e+00 4.197304 15.625000
INFO:root:valid 100 5.511752e+00 4.022277 15.470297
INFO:root:valid 150 5.518461e+00 4.346026 15.925083
INFO:root:valid 200 5.523062e+00 4.283271 15.601679
INFO:root:valid 250 5.530486e+00 4.326444 15.593875
INFO:root:valid 300 5.536478e+00 4.350083 15.484842
INFO:root:valid 350 5.531062e+00 4.407051 15.616097
INFO:root:valid 400 5.535017e+00 4.391365 15.601621
INFO:root:valid 450 5.534918e+00 4.424196 15.552245
INFO:root:valid 500 5.532575e+00 4.425524 15.562625
INFO:root:valid 550 5.537643e+00 4.398253 15.545599
INFO:root:valid 600 5.531459e+00 4.401518 15.604201
INFO:root:test_acc 4.405012
INFO:root:epoch 10 lr 2.221283e-02
INFO:root:train 000 5.572068e+00 4.687500 17.187500
INFO:root:train 050 5.559013e+00 4.166667 15.134804
INFO:root:train 100 5.567045e+00 4.455446 15.176361
INFO:root:train 150 5.590855e+00 4.335679 15.262831
INFO:root:train 200 5.602167e+00 4.291045 15.166356
INFO:root:train 250 5.596630e+00 4.270418 15.164343
INFO:root:train 300 5.610276e+00 4.194352 15.147425
INFO:root:train 350 5.609323e+00 4.202279 15.273326
INFO:root:train 400 5.615375e+00 4.243298 15.239246
INFO:root:train 450 5.611681e+00 4.271757 15.275083
INFO:root:train 500 5.611653e+00 4.235279 15.241392
INFO:root:train 550 5.613788e+00 4.307509 15.290381
INFO:root:train 600 5.612617e+00 4.315724 15.279222
INFO:root:train 650 5.608926e+00 4.337078 15.351382
INFO:root:train 700 5.610351e+00 4.317493 15.290656
INFO:root:train 750 5.608643e+00 4.315080 15.333722
INFO:root:train 800 5.610658e+00 4.328574 15.291433
INFO:root:train 850 5.607030e+00 4.360679 15.362441
INFO:root:train 900 5.609304e+00 4.337195 15.337125
INFO:root:train 950 5.607756e+00 4.399974 15.383478
INFO:root:train 1000 5.610868e+00 4.398726 15.375250
INFO:root:train 1050 5.611128e+00 4.422871 15.341044
INFO:root:train 1100 5.609447e+00 4.447661 15.365293
INFO:root:train 1150 5.611495e+00 4.444505 15.348067
INFO:root:train 1200 5.609085e+00 4.439009 15.353091
INFO:root:train 1250 5.607182e+00 4.433953 15.356465
INFO:root:train 1300 5.606525e+00 4.420878 15.329554
INFO:root:train 1350 5.607115e+00 4.414554 15.333549
INFO:root:train 1400 5.604540e+00 4.413142 15.350642
INFO:root:train 1450 5.604052e+00 4.405367 15.353635
INFO:root:train 1500 5.605591e+00 4.393946 15.316872
INFO:root:train 1550 5.604478e+00 4.388298 15.322776
INFO:root:train 1600 5.603809e+00 4.385931 15.319527
INFO:root:train 1650 5.605296e+00 4.385600 15.318368
INFO:root:train 1700 5.604820e+00 4.398148 15.321869
INFO:root:train 1750 5.605470e+00 4.393025 15.313571
INFO:root:train 1800 5.604135e+00 4.379511 15.323084
INFO:root:train 1850 5.604914e+00 4.366727 15.315201
INFO:root:train 1900 5.605040e+00 4.376808 15.313486
INFO:root:train 1950 5.606111e+00 4.383169 15.301448
INFO:root:train 2000 5.605908e+00 4.396239 15.308752
INFO:root:train 2050 5.605978e+00 4.392674 15.299701
INFO:root:train 2100 5.605777e+00 4.390023 15.295544
INFO:root:train 2150 5.606484e+00 4.382409 15.282136
INFO:root:train 2200 5.605455e+00 4.385081 15.289215
INFO:root:train 2250 5.605910e+00 4.379998 15.285568
INFO:root:train 2300 5.604755e+00 4.401619 15.292264
INFO:root:train 2350 5.603298e+00 4.415010 15.305987
INFO:root:train 2400 5.601871e+00 4.418081 15.319789
INFO:root:train 2450 5.602358e+00 4.410827 15.307528
INFO:root:train 2500 5.602713e+00 4.403863 15.302004
INFO:root:train 2550 5.602856e+00 4.401460 15.305272
INFO:root:train 2600 5.602378e+00 4.400351 15.328239
INFO:root:train 2650 5.602824e+00 4.398694 15.340320
INFO:root:train 2700 5.603207e+00 4.391313 15.309723
INFO:root:train 2750 5.602470e+00 4.378521 15.308638
INFO:root:train 2800 5.602637e+00 4.372322 15.305360
INFO:root:train 2850 5.603157e+00 4.383330 15.294524
INFO:root:train 2900 5.603023e+00 4.385341 15.302374
INFO:root:train 2950 5.603499e+00 4.391520 15.306782
INFO:root:train 3000 5.602650e+00 4.387079 15.311563
INFO:root:train 3050 5.602397e+00 4.389442 15.304921
INFO:root:train 3100 5.602648e+00 4.381147 15.297989
INFO:root:train 3150 5.602685e+00 4.378570 15.280863
INFO:root:train 3200 5.602657e+00 4.373633 15.292584
INFO:root:train 3250 5.602399e+00 4.375096 15.289526
INFO:root:train 3300 5.602367e+00 4.383615 15.294134
INFO:root:train 3350 5.602585e+00 4.383020 15.296274
INFO:root:train 3400 5.602790e+00 4.387037 15.296512
INFO:root:train 3450 5.602770e+00 4.385051 15.294027
INFO:root:train 3500 5.602911e+00 4.384015 15.288489
INFO:root:train 3550 5.602203e+00 4.383448 15.293667
INFO:root:train 3600 5.602808e+00 4.385067 15.293929
INFO:root:train_acc 4.388785
INFO:root:valid 000 5.468957e+00 6.250000 18.750000
INFO:root:valid 050 5.488687e+00 4.136029 14.889706
INFO:root:valid 100 5.508661e+00 3.960396 14.959777
INFO:root:valid 150 5.522008e+00 3.983858 15.345613
INFO:root:valid 200 5.524354e+00 3.980100 15.158582
INFO:root:valid 250 5.527349e+00 4.046315 15.145667
INFO:root:valid 300 5.533911e+00 4.137251 15.282392
INFO:root:valid 350 5.530829e+00 4.197828 15.429131
INFO:root:valid 400 5.535428e+00 4.251091 15.317176
INFO:root:valid 450 5.535273e+00 4.261364 15.198864
INFO:root:valid 500 5.533644e+00 4.225923 15.235155
INFO:root:valid 550 5.534443e+00 4.222436 15.202473
INFO:root:valid 600 5.528106e+00 4.274126 15.326019
INFO:root:test_acc 4.275300
INFO:root:epoch 11 lr 1.873798e-02
INFO:root:train 000 5.900814e+00 4.687500 10.937500
INFO:root:train 050 5.615183e+00 4.411765 14.767157
INFO:root:train 100 5.624158e+00 4.285272 14.774134
INFO:root:train 150 5.608320e+00 4.377070 15.242136
INFO:root:train 200 5.587547e+00 4.555348 15.422886
INFO:root:train 250 5.581319e+00 4.413596 15.438247
INFO:root:train 300 5.595439e+00 4.386420 15.272010
INFO:root:train 350 5.587560e+00 4.478276 15.482550
INFO:root:train 400 5.584263e+00 4.461502 15.508105
INFO:root:train 450 5.588401e+00 4.472700 15.514135
INFO:root:train 500 5.582261e+00 4.422405 15.481537
INFO:root:train 550 5.580128e+00 4.423775 15.522913
INFO:root:train 600 5.584285e+00 4.398918 15.409214
INFO:root:train 650 5.585268e+00 4.430684 15.459389
INFO:root:train 700 5.589741e+00 4.428941 15.413249
INFO:root:train 750 5.590707e+00 4.398302 15.379494
INFO:root:train 800 5.589731e+00 4.408552 15.371411
INFO:root:train 850 5.588199e+00 4.384548 15.329392
INFO:root:train 900 5.587858e+00 4.385752 15.328454
INFO:root:train 950 5.588260e+00 4.365471 15.263538
INFO:root:train 1000 5.588258e+00 4.340972 15.194181
INFO:root:train 1050 5.589203e+00 4.333670 15.195350
INFO:root:train 1100 5.591482e+00 4.319936 15.172287
INFO:root:train 1150 5.595300e+00 4.289748 15.118647
INFO:root:train 1200 5.594874e+00 4.288093 15.142329
INFO:root:train 1250 5.595050e+00 4.307804 15.150380
INFO:root:train 1300 5.594300e+00 4.327200 15.144600
INFO:root:train 1350 5.591748e+00 4.326656 15.176258
INFO:root:train 1400 5.594898e+00 4.321690 15.144317
INFO:root:train 1450 5.593528e+00 4.331065 15.200724
INFO:root:train 1500 5.594935e+00 4.313791 15.172177
INFO:root:train 1550 5.595776e+00 4.316771 15.165619
INFO:root:train 1600 5.596848e+00 4.329325 15.188749
INFO:root:train 1650 5.596586e+00 4.337333 15.185872
INFO:root:train 1700 5.594800e+00 4.341196 15.194187
INFO:root:train 1750 5.594675e+00 4.338592 15.196673
INFO:root:train 1800 5.594448e+00 4.339603 15.182537
INFO:root:train 1850 5.593776e+00 4.339715 15.170009
INFO:root:train 1900 5.594521e+00 4.320917 15.173757
INFO:root:train 1950 5.594732e+00 4.330311 15.158893
INFO:root:train 2000 5.595206e+00 4.333771 15.165074
INFO:root:train 2050 5.592902e+00 4.348489 15.212092
INFO:root:train 2100 5.592792e+00 4.331271 15.202582
INFO:root:train 2150 5.592970e+00 4.332287 15.199326
INFO:root:train 2200 5.593136e+00 4.341776 15.186989
INFO:root:train 2250 5.593017e+00 4.350150 15.192553
INFO:root:train 2300 5.592512e+00 4.347295 15.209420
INFO:root:train 2350 5.593843e+00 4.348548 15.214271
INFO:root:train 2400 5.593666e+00 4.346496 15.212411
INFO:root:train 2450 5.593193e+00 4.356003 15.214453
INFO:root:train 2500 5.593097e+00 4.364504 15.213914
INFO:root:train 2550 5.592868e+00 4.364097 15.212784
INFO:root:train 2600 5.592951e+00 4.366710 15.212298
INFO:root:train 2650 5.592571e+00 4.375118 15.217135
INFO:root:train 2700 5.591971e+00 4.371066 15.215429
INFO:root:train 2750 5.592365e+00 4.364322 15.205834
INFO:root:train 2800 5.591631e+00 4.375112 15.220569
INFO:root:train 2850 5.592186e+00 4.372369 15.207383
INFO:root:train 2900 5.593372e+00 4.370260 15.212427
INFO:root:train 2950 5.593890e+00 4.371929 15.209357
INFO:root:train 3000 5.594173e+00 4.373542 15.211596
INFO:root:train 3050 5.593885e+00 4.372542 15.215810
INFO:root:train 3100 5.594006e+00 4.366535 15.223416
INFO:root:train 3150 5.594056e+00 4.376587 15.222350
INFO:root:train 3200 5.594239e+00 4.376562 15.222294
INFO:root:train 3250 5.595243e+00 4.364522 15.207821
INFO:root:train 3300 5.594723e+00 4.357581 15.205146
INFO:root:train 3350 5.595667e+00 4.349914 15.198355
INFO:root:train 3400 5.596196e+00 4.351202 15.202330
INFO:root:train 3450 5.596096e+00 4.351999 15.203474
INFO:root:train 3500 5.596414e+00 4.349204 15.207262
INFO:root:train 3550 5.595667e+00 4.356167 15.214904
INFO:root:train 3600 5.596282e+00 4.352524 15.209751
INFO:root:train_acc 4.350483
INFO:root:valid 000 5.304583e+00 7.812500 21.875000
INFO:root:valid 050 5.517700e+00 3.829657 14.767157
INFO:root:valid 100 5.532098e+00 3.975866 14.789604
INFO:root:valid 150 5.520620e+00 4.139073 15.107616
INFO:root:valid 200 5.532671e+00 4.034515 14.933147
INFO:root:valid 250 5.532452e+00 4.083665 15.083416
INFO:root:valid 300 5.538069e+00 4.137251 15.147425
INFO:root:valid 350 5.533731e+00 4.197828 15.202101
INFO:root:valid 400 5.536838e+00 4.266677 15.173005
INFO:root:valid 450 5.535904e+00 4.268293 15.212722
INFO:root:valid 500 5.532818e+00 4.316367 15.306886
INFO:root:valid 550 5.534672e+00 4.267809 15.196801
INFO:root:valid 600 5.528569e+00 4.305324 15.274022
INFO:root:test_acc 4.309025
INFO:root:epoch 12 lr 1.534869e-02
INFO:root:train 000 5.637817e+00 6.250000 12.500000
INFO:root:train 050 5.585719e+00 4.626225 15.533088
INFO:root:train 100 5.568774e+00 4.687500 15.408416
INFO:root:train 150 5.576070e+00 4.656457 15.573262
INFO:root:train 200 5.596497e+00 4.516480 15.438433
INFO:root:train 250 5.582473e+00 4.457171 15.537849
INFO:root:train 300 5.576719e+00 4.448713 15.573090
INFO:root:train 350 5.582602e+00 4.366987 15.495905
INFO:root:train 400 5.584867e+00 4.379676 15.523691
INFO:root:train 450 5.595270e+00 4.313331 15.403271
INFO:root:train 500 5.589229e+00 4.297655 15.469062
INFO:root:train 550 5.591707e+00 4.313181 15.375454
INFO:root:train 600 5.589157e+00 4.352121 15.456011
INFO:root:train 650 5.583051e+00 4.421083 15.519393
INFO:root:train 700 5.583918e+00 4.420025 15.529155
INFO:root:train 750 5.584815e+00 4.435752 15.520972
INFO:root:train 800 5.585754e+00 4.449516 15.509909
INFO:root:train 850 5.587407e+00 4.443302 15.496475
INFO:root:train 900 5.590559e+00 4.418701 15.429037
INFO:root:train 950 5.590256e+00 4.408189 15.416338
INFO:root:train 1000 5.591598e+00 4.411214 15.378372
INFO:root:train 1050 5.589597e+00 4.433278 15.348478
INFO:root:train 1100 5.587616e+00 4.461853 15.373808
INFO:root:train 1150 5.587430e+00 4.468940 15.380647
INFO:root:train 1200 5.586997e+00 4.444213 15.375208
INFO:root:train 1250 5.587362e+00 4.426459 15.345224
INFO:root:train 1300 5.589309e+00 4.413672 15.345167
INFO:root:train 1350 5.589419e+00 4.409928 15.352054
INFO:root:train 1400 5.588344e+00 4.391952 15.366256
INFO:root:train 1450 5.588083e+00 4.394599 15.349328
INFO:root:train 1500 5.588152e+00 4.387700 15.322077
INFO:root:train 1550 5.586695e+00 4.393335 15.339902
INFO:root:train 1600 5.585178e+00 4.390810 15.335142
INFO:root:train 1650 5.584000e+00 4.386546 15.324046
INFO:root:train 1700 5.580073e+00 4.401822 15.363205
INFO:root:train 1750 5.580383e+00 4.404626 15.359973
INFO:root:train 1800 5.579700e+00 4.413347 15.370801
INFO:root:train 1850 5.579615e+00 4.408090 15.358252
INFO:root:train 1900 5.579214e+00 4.399822 15.365268
INFO:root:train 1950 5.580724e+00 4.398385 15.363115
INFO:root:train 2000 5.581301e+00 4.382184 15.336082
INFO:root:train 2050 5.581508e+00 4.373629 15.318747
INFO:root:train 2100 5.582111e+00 4.375149 15.312649
INFO:root:train 2150 5.583176e+00 4.364976 15.297391
INFO:root:train 2200 5.583199e+00 4.373722 15.319741
INFO:root:train 2250 5.584796e+00 4.355009 15.286262
INFO:root:train 2300 5.584097e+00 4.362234 15.297018
INFO:root:train 2350 5.584224e+00 4.359847 15.287378
INFO:root:train 2400 5.584120e+00 4.366019 15.293758
INFO:root:train 2450 5.583779e+00 4.358553 15.298603
INFO:root:train 2500 5.585191e+00 4.350135 15.273890
INFO:root:train 2550 5.584949e+00 4.347560 15.275260
INFO:root:train 2600 5.584074e+00 4.364908 15.290994
INFO:root:train 2650 5.583963e+00 4.368634 15.284327
INFO:root:train 2700 5.584506e+00 4.363546 15.286584
INFO:root:train 2750 5.586005e+00 4.356370 15.267744
INFO:root:train 2800 5.586545e+00 4.354472 15.250134
INFO:root:train 2850 5.587637e+00 4.354832 15.238622
INFO:root:train 2900 5.588401e+00 4.353563 15.224815
INFO:root:train 2950 5.587547e+00 4.361339 15.234243
INFO:root:train 3000 5.588743e+00 4.354798 15.212637
INFO:root:train 3050 5.589129e+00 4.351032 15.213250
INFO:root:train 3100 5.589902e+00 4.344365 15.211323
INFO:root:train 3150 5.590144e+00 4.338900 15.193093
INFO:root:train 3200 5.590912e+00 4.324820 15.164695
INFO:root:train 3250 5.590939e+00 4.323189 15.151588
INFO:root:train 3300 5.590560e+00 4.326341 15.156392
INFO:root:train 3350 5.590677e+00 4.329398 15.157322
INFO:root:train 3400 5.590864e+00 4.331906 15.160063
INFO:root:train 3450 5.591582e+00 4.331172 15.137370
INFO:root:train 3500 5.592471e+00 4.325996 15.126035
INFO:root:train 3550 5.592835e+00 4.317006 15.115460
INFO:root:train 3600 5.593109e+00 4.313906 15.114725
INFO:root:train_acc 4.311751
INFO:root:valid 000 5.401652e+00 4.687500 20.312500
INFO:root:valid 050 5.506372e+00 3.982843 15.502451
INFO:root:valid 100 5.506242e+00 3.852104 15.222772
INFO:root:valid 150 5.515605e+00 3.994205 15.262831
INFO:root:valid 200 5.526334e+00 3.809080 14.940920
INFO:root:valid 250 5.526427e+00 3.741285 14.971365
INFO:root:valid 300 5.533538e+00 3.810216 14.939784
INFO:root:valid 350 5.531719e+00 3.966346 15.050748
INFO:root:valid 400 5.535476e+00 3.978335 14.985973
INFO:root:valid 450 5.533740e+00 4.056957 15.046425
INFO:root:valid 500 5.530395e+00 4.032560 15.088573
INFO:root:valid 550 5.530391e+00 4.015426 15.089043
INFO:root:valid 600 5.524323e+00 4.081739 15.146631
INFO:root:test_acc 4.078138
INFO:root:epoch 13 lr 1.212842e-02
INFO:root:train 000 5.475143e+00 4.687500 17.187500
INFO:root:train 050 5.615490e+00 3.952206 14.675245
INFO:root:train 100 5.632236e+00 4.146040 14.712252
INFO:root:train 150 5.613200e+00 4.180464 15.076573
INFO:root:train 200 5.601685e+00 4.244403 15.345149
INFO:root:train 250 5.597192e+00 4.214392 15.276394
INFO:root:train 300 5.597111e+00 4.251453 15.277201
INFO:root:train 350 5.594633e+00 4.220085 15.268875
INFO:root:train 400 5.595930e+00 4.173161 15.137936
INFO:root:train 450 5.600394e+00 4.205931 15.101857
INFO:root:train 500 5.608040e+00 4.157310 15.085454
INFO:root:train 550 5.601528e+00 4.154378 15.083371
INFO:root:train 600 5.602091e+00 4.151934 15.094634
INFO:root:train 650 5.601832e+00 4.149866 15.094566
INFO:root:train 700 5.606039e+00 4.121345 15.005350
INFO:root:train 750 5.600502e+00 4.127830 15.000832
INFO:root:train 800 5.601708e+00 4.096442 15.008583
INFO:root:train 850 5.599137e+00 4.123825 15.064997
INFO:root:train 900 5.598450e+00 4.120422 15.064858
INFO:root:train 950 5.601339e+00 4.096017 15.043375
INFO:root:train 1000 5.604116e+00 4.091221 15.011551
INFO:root:train 1050 5.604828e+00 4.091342 14.990188
INFO:root:train 1100 5.606841e+00 4.115577 15.017598
INFO:root:train 1150 5.604575e+00 4.121416 15.010046
INFO:root:train 1200 5.604210e+00 4.157993 15.059065
INFO:root:train 1250 5.601738e+00 4.176659 15.092926
INFO:root:train 1300 5.602426e+00 4.167467 15.096560
INFO:root:train 1350 5.600318e+00 4.197123 15.099926
INFO:root:train 1400 5.598344e+00 4.190087 15.093014
INFO:root:train 1450 5.598918e+00 4.201844 15.091962
INFO:root:train 1500 5.598964e+00 4.214898 15.088899
INFO:root:train 1550 5.598984e+00 4.209985 15.089055
INFO:root:train 1600 5.598149e+00 4.212211 15.082370
INFO:root:train 1650 5.597574e+00 4.206731 15.059055
INFO:root:train 1700 5.597617e+00 4.205247 15.077528
INFO:root:train 1750 5.599352e+00 4.211879 15.063714
INFO:root:train 1800 5.599164e+00 4.216408 15.085369
INFO:root:train 1850 5.597806e+00 4.220692 15.078843
INFO:root:train 1900 5.599651e+00 4.221462 15.057042
INFO:root:train 1950 5.598645e+00 4.235809 15.074801
INFO:root:train 2000 5.597443e+00 4.238506 15.089330
INFO:root:train 2050 5.596342e+00 4.233453 15.090200
INFO:root:train 2100 5.594795e+00 4.245002 15.118545
INFO:root:train 2150 5.593360e+00 4.256741 15.142666
INFO:root:train 2200 5.593794e+00 4.253038 15.133746
INFO:root:train 2250 5.592082e+00 4.269630 15.169647
INFO:root:train 2300 5.591443e+00 4.278031 15.176825
INFO:root:train 2350 5.592279e+00 4.281423 15.181040
INFO:root:train 2400 5.592323e+00 4.287276 15.185730
INFO:root:train 2450 5.592066e+00 4.292891 15.179391
INFO:root:train 2500 5.592329e+00 4.274540 15.163310
INFO:root:train 2550 5.591874e+00 4.267322 15.155209
INFO:root:train 2600 5.592535e+00 4.262784 15.133602
INFO:root:train 2650 5.592367e+00 4.260185 15.138155
INFO:root:train 2700 5.593223e+00 4.257682 15.129813
INFO:root:train 2750 5.594251e+00 4.245047 15.116094
INFO:root:train 2800 5.593516e+00 4.250156 15.125736
INFO:root:train 2850 5.592016e+00 4.257278 15.131204
INFO:root:train 2900 5.590880e+00 4.267925 15.148332
INFO:root:train 2950 5.590571e+00 4.279799 15.149526
INFO:root:train 3000 5.590297e+00 4.274617 15.144952
INFO:root:train 3050 5.589948e+00 4.275238 15.147697
INFO:root:train 3100 5.591274e+00 4.260722 15.115084
INFO:root:train 3150 5.591736e+00 4.262536 15.101357
INFO:root:train 3200 5.591985e+00 4.270638 15.096845
INFO:root:train 3250 5.591012e+00 4.268879 15.093433
INFO:root:train 3300 5.590467e+00 4.284686 15.094384
INFO:root:train 3350 5.589553e+00 4.285101 15.105099
INFO:root:train 3400 5.589245e+00 4.280910 15.103554
INFO:root:train 3450 5.588779e+00 4.282273 15.106581
INFO:root:train 3500 5.588736e+00 4.292970 15.113985
INFO:root:train 3550 5.589027e+00 4.284005 15.115020
INFO:root:train 3600 5.589652e+00 4.281797 15.112556
INFO:root:train_acc 4.273019
INFO:root:valid 000 5.399282e+00 3.125000 15.625000
INFO:root:valid 050 5.479343e+00 4.258578 14.797794
INFO:root:valid 100 5.486862e+00 4.316213 15.083540
INFO:root:valid 150 5.500132e+00 4.377070 15.335265
INFO:root:valid 200 5.509806e+00 4.182214 15.298507
INFO:root:valid 250 5.516279e+00 4.201942 15.263944
INFO:root:valid 300 5.519620e+00 4.189161 15.204527
INFO:root:valid 350 5.519683e+00 4.300214 15.259972
INFO:root:valid 400 5.524118e+00 4.290056 15.196384
INFO:root:valid 450 5.523034e+00 4.320261 15.167683
INFO:root:valid 500 5.523182e+00 4.310130 15.197730
INFO:root:valid 550 5.522868e+00 4.262137 15.174115
INFO:root:valid 600 5.517330e+00 4.255928 15.237625
INFO:root:test_acc 4.254546
INFO:root:epoch 14 lr 9.156456e-03
INFO:root:train 000 5.569154e+00 6.250000 21.875000
INFO:root:train 050 5.615772e+00 3.431373 14.583333
INFO:root:train 100 5.577186e+00 3.883045 15.083540
INFO:root:train 150 5.593588e+00 3.859685 14.983444
INFO:root:train 200 5.596577e+00 3.941231 14.979789
INFO:root:train 250 5.575096e+00 4.096116 15.263944
INFO:root:train 300 5.576996e+00 4.090532 15.230482
INFO:root:train 350 5.579814e+00 4.188925 15.246617
INFO:root:train 400 5.577720e+00 4.177057 15.227556
INFO:root:train 450 5.581089e+00 4.171286 15.230044
INFO:root:train 500 5.578754e+00 4.241517 15.232036
INFO:root:train 550 5.580928e+00 4.273480 15.199637
INFO:root:train 600 5.586787e+00 4.302725 15.110233
INFO:root:train 650 5.584814e+00 4.279474 15.094566
INFO:root:train 700 5.592658e+00 4.263998 15.025410
INFO:root:train 750 5.596465e+00 4.260985 14.959221
INFO:root:train 800 5.599017e+00 4.254448 14.922753
INFO:root:train 850 5.600627e+00 4.241334 14.903422
INFO:root:train 900 5.602922e+00 4.226207 14.891440
INFO:root:train 950 5.597247e+00 4.207742 14.941509
INFO:root:train 1000 5.595124e+00 4.245754 15.025599
INFO:root:train 1050 5.599135e+00 4.217709 14.985728
INFO:root:train 1100 5.601291e+00 4.214918 14.921094
INFO:root:train 1150 5.598166e+00 4.225945 14.955745
INFO:root:train 1200 5.597131e+00 4.216538 14.936771
INFO:root:train 1250 5.597822e+00 4.202888 14.941797
INFO:root:train 1300 5.596644e+00 4.202296 14.963249
INFO:root:train 1350 5.594595e+00 4.200592 14.973862
INFO:root:train 1400 5.594161e+00 4.214623 14.974795
INFO:root:train 1450 5.592984e+00 4.223380 14.977817
INFO:root:train 1500 5.593866e+00 4.218021 14.956696
INFO:root:train 1550 5.594390e+00 4.235171 14.950032
INFO:root:train 1600 5.597408e+00 4.227826 14.941833
INFO:root:train 1650 5.596685e+00 4.237962 14.970094
INFO:root:train 1700 5.596978e+00 4.231886 14.985670
INFO:root:train 1750 5.598829e+00 4.218125 14.945031
INFO:root:train 1800 5.597740e+00 4.225951 14.953498
INFO:root:train 1850 5.596116e+00 4.240107 14.967416
INFO:root:train 1900 5.595863e+00 4.240367 14.974027
INFO:root:train 1950 5.593728e+00 4.259835 14.990710
INFO:root:train 2000 5.594696e+00 4.258027 14.966735
INFO:root:train 2050 5.595659e+00 4.254022 14.959928
INFO:root:train 2100 5.595483e+00 4.256158 14.934109
INFO:root:train 2150 5.595487e+00 4.248751 14.924744
INFO:root:train 2200 5.595090e+00 4.243810 14.939232
INFO:root:train 2250 5.595361e+00 4.250888 14.948217
INFO:root:train 2300 5.594068e+00 4.262413 14.973110
INFO:root:train 2350 5.593469e+00 4.270789 14.994949
INFO:root:train 2400 5.592322e+00 4.272959 14.983340
INFO:root:train 2450 5.592218e+00 4.274403 14.981130
INFO:root:train 2500 5.591549e+00 4.273291 14.999625
INFO:root:train 2550 5.592131e+00 4.267934 15.001470
INFO:root:train 2600 5.592923e+00 4.269992 15.005046
INFO:root:train 2650 5.593118e+00 4.261953 14.990216
INFO:root:train 2700 5.593136e+00 4.261732 15.000810
INFO:root:train 2750 5.593666e+00 4.266062 14.985460
INFO:root:train 2800 5.593401e+00 4.254619 14.966753
INFO:root:train 2850 5.593731e+00 4.246865 14.964048
INFO:root:train 2900 5.595667e+00 4.241533 14.945816
INFO:root:train 2950 5.595707e+00 4.238500 14.954676
INFO:root:train 3000 5.595092e+00 4.244939 14.970010
INFO:root:train 3050 5.594751e+00 4.253216 14.976647
INFO:root:train 3100 5.595046e+00 4.245606 14.970977
INFO:root:train 3150 5.595157e+00 4.239725 14.983834
INFO:root:train 3200 5.595677e+00 4.244767 14.982623
INFO:root:train 3250 5.595700e+00 4.253499 14.989138
INFO:root:train 3300 5.595367e+00 4.248713 14.994983
INFO:root:train 3350 5.593999e+00 4.245001 15.002052
INFO:root:train 3400 5.593073e+00 4.251507 15.014426
INFO:root:train 3450 5.592633e+00 4.257371 15.018745
INFO:root:train 3500 5.591298e+00 4.255034 15.030081
INFO:root:train 3550 5.591890e+00 4.248363 15.026137
INFO:root:train 3600 5.591834e+00 4.242745 15.021435
INFO:root:train_acc 4.236869
INFO:root:valid 000 5.533669e+00 6.250000 17.187500
INFO:root:valid 050 5.495870e+00 4.044118 15.471814
INFO:root:valid 100 5.510832e+00 4.146040 14.959777
INFO:root:valid 150 5.511145e+00 4.221854 15.221440
INFO:root:valid 200 5.522578e+00 4.042289 15.018657
INFO:root:valid 250 5.524294e+00 4.089890 15.189243
INFO:root:valid 300 5.534743e+00 4.080150 14.991694
INFO:root:valid 350 5.528641e+00 4.135506 15.104167
INFO:root:valid 400 5.533942e+00 4.184850 15.048317
INFO:root:valid 450 5.530733e+00 4.160892 15.029102
INFO:root:valid 500 5.528186e+00 4.144835 15.082335
INFO:root:valid 550 5.530031e+00 4.106171 15.057849
INFO:root:valid 600 5.523702e+00 4.157134 15.198627
INFO:root:test_acc 4.163748
INFO:root:epoch 15 lr 6.505987e-03
INFO:root:train 000 5.643000e+00 4.687500 18.750000
INFO:root:train 050 5.550096e+00 3.737745 15.318627
INFO:root:train 100 5.583501e+00 4.053218 15.315594
INFO:root:train 150 5.587563e+00 4.190811 15.262831
INFO:root:train 200 5.588178e+00 4.120025 15.244092
INFO:root:train 250 5.602116e+00 4.102341 15.064741
INFO:root:train 300 5.595823e+00 4.085341 15.012458
INFO:root:train 350 5.595339e+00 4.228989 14.908298
INFO:root:train 400 5.595144e+00 4.254988 14.872974
INFO:root:train 450 5.601489e+00 4.226718 14.800443
INFO:root:train 500 5.602894e+00 4.169785 14.658184
INFO:root:train 550 5.600793e+00 4.160050 14.726066
INFO:root:train 600 5.601747e+00 4.154534 14.743656
INFO:root:train 650 5.600657e+00 4.171467 14.732143
INFO:root:train 700 5.591710e+00 4.181526 14.804743
INFO:root:train 750 5.592665e+00 4.213132 14.844790
INFO:root:train 800 5.587336e+00 4.211532 14.928605
INFO:root:train 850 5.588656e+00 4.191760 14.951160
INFO:root:train 900 5.590190e+00 4.182852 14.927858
INFO:root:train 950 5.593233e+00 4.181454 14.908649
INFO:root:train 1000 5.592828e+00 4.205170 14.933504
INFO:root:train 1050 5.595203e+00 4.211763 14.955994
INFO:root:train 1100 5.596141e+00 4.195050 14.909741
INFO:root:train 1150 5.595236e+00 4.200152 14.919092
INFO:root:train 1200 5.597805e+00 4.212635 14.909450
INFO:root:train 1250 5.595533e+00 4.211631 14.918066
INFO:root:train 1300 5.595704e+00 4.201095 14.897194
INFO:root:train 1350 5.594712e+00 4.204062 14.903312
INFO:root:train 1400 5.593841e+00 4.188972 14.906763
INFO:root:train 1450 5.595073e+00 4.194306 14.892746
INFO:root:train 1500 5.595054e+00 4.198243 14.882786
INFO:root:train 1550 5.593377e+00 4.210993 14.921825
INFO:root:train 1600 5.593110e+00 4.205379 14.918410
INFO:root:train 1650 5.593318e+00 4.204838 14.924667
INFO:root:train 1700 5.595373e+00 4.174934 14.887382
INFO:root:train 1750 5.595981e+00 4.183324 14.896845
INFO:root:train 1800 5.594994e+00 4.176499 14.875416
INFO:root:train 1850 5.594434e+00 4.167511 14.880470
INFO:root:train 1900 5.594067e+00 4.170502 14.886902
INFO:root:train 1950 5.593785e+00 4.166934 14.884194
INFO:root:train 2000 5.591955e+00 4.175256 14.898020
INFO:root:train 2050 5.591034e+00 4.180126 14.889078
INFO:root:train 2100 5.592101e+00 4.178814 14.876101
INFO:root:train 2150 5.592560e+00 4.163035 14.874622
INFO:root:train 2200 5.592213e+00 4.169270 14.890959
INFO:root:train 2250 5.592167e+00 4.173145 14.912122
INFO:root:train 2300 5.591900e+00 4.175494 14.911995
INFO:root:train 2350 5.591456e+00 4.167774 14.907885
INFO:root:train 2400 5.591221e+00 4.170788 14.910454
INFO:root:train 2450 5.590521e+00 4.178779 14.914193
INFO:root:train 2500 5.588851e+00 4.178953 14.940899
INFO:root:train 2550 5.589717e+00 4.169321 14.927357
INFO:root:train 2600 5.588764e+00 4.170271 14.938365
INFO:root:train 2650 5.588751e+00 4.163523 14.938938
INFO:root:train 2700 5.588529e+00 4.161075 14.950481
INFO:root:train 2750 5.588568e+00 4.166667 14.941158
INFO:root:train 2800 5.587995e+00 4.158113 14.935514
INFO:root:train 2850 5.587867e+00 4.154792 14.931713
INFO:root:train 2900 5.587999e+00 4.145661 14.930735
INFO:root:train 2950 5.588940e+00 4.146370 14.923966
INFO:root:train 3000 5.588877e+00 4.148617 14.923151
INFO:root:train 3050 5.588655e+00 4.154376 14.933628
INFO:root:train 3100 5.589618e+00 4.149871 14.931675
INFO:root:train 3150 5.589415e+00 4.144518 14.919371
INFO:root:train 3200 5.589718e+00 4.145189 14.914285
INFO:root:train 3250 5.588864e+00 4.140553 14.911277
INFO:root:train 3300 5.588117e+00 4.146471 14.935815
INFO:root:train 3350 5.587087e+00 4.147549 14.946098
INFO:root:train 3400 5.587522e+00 4.144461 14.939540
INFO:root:train 3450 5.588677e+00 4.137840 14.936794
INFO:root:train 3500 5.589064e+00 4.133194 14.947069
INFO:root:train 3550 5.588332e+00 4.140559 14.964535
INFO:root:train 3600 5.587809e+00 4.139909 14.972837
INFO:root:train_acc 4.135304
INFO:root:valid 000 5.534094e+00 1.562500 17.187500
INFO:root:valid 050 5.484872e+00 3.982843 15.257353
INFO:root:valid 100 5.493151e+00 3.991337 15.238243
INFO:root:valid 150 5.506450e+00 4.066639 15.159354
INFO:root:valid 200 5.512859e+00 3.949005 14.785448
INFO:root:valid 250 5.514960e+00 3.903137 14.940239
INFO:root:valid 300 5.521633e+00 3.929610 15.017650
INFO:root:valid 350 5.516206e+00 4.015313 15.081909
INFO:root:valid 400 5.521466e+00 4.060162 15.044420
INFO:root:valid 450 5.522315e+00 4.112389 15.049889
INFO:root:valid 500 5.519352e+00 4.123004 15.066742
INFO:root:valid 550 5.520132e+00 4.100499 14.972777
INFO:root:valid 600 5.514569e+00 4.128536 15.060836
INFO:root:test_acc 4.127429
INFO:root:epoch 16 lr 4.242273e-03
INFO:root:train 000 5.454153e+00 3.125000 17.187500
INFO:root:train 050 5.557331e+00 4.687500 15.165441
INFO:root:train 100 5.541843e+00 4.733911 15.454827
INFO:root:train 150 5.563747e+00 4.387417 15.128311
INFO:root:train 200 5.596090e+00 4.267724 14.933147
INFO:root:train 250 5.596131e+00 4.201942 15.052291
INFO:root:train 300 5.590455e+00 4.313746 15.137043
INFO:root:train 350 5.592175e+00 4.220085 15.099715
INFO:root:train 400 5.582568e+00 4.290056 15.188591
INFO:root:train 450 5.577954e+00 4.289080 15.185006
INFO:root:train 500 5.572754e+00 4.291417 15.244511
INFO:root:train 550 5.578607e+00 4.273480 15.205309
INFO:root:train 600 5.581092e+00 4.248128 15.138831
INFO:root:train 650 5.578814e+00 4.272273 15.176171
INFO:root:train 700 5.581383e+00 4.266227 15.130171
INFO:root:train 750 5.581089e+00 4.244341 15.104860
INFO:root:train 800 5.582454e+00 4.217385 15.059301
INFO:root:train 850 5.577105e+00 4.177071 15.055817
INFO:root:train 900 5.572586e+00 4.201928 15.075264
INFO:root:train 950 5.569077e+00 4.207742 15.168244
INFO:root:train 1000 5.573415e+00 4.188000 15.103646
INFO:root:train 1050 5.578100e+00 4.187976 15.067495
INFO:root:train 1100 5.577056e+00 4.231948 15.143903
INFO:root:train 1150 5.576793e+00 4.220515 15.156657
INFO:root:train 1200 5.578359e+00 4.180110 15.115008
INFO:root:train 1250 5.575649e+00 4.182904 15.112910
INFO:root:train 1300 5.573822e+00 4.175874 15.114575
INFO:root:train 1350 5.573151e+00 4.182087 15.127683
INFO:root:train 1400 5.574605e+00 4.170012 15.116435
INFO:root:train 1450 5.574205e+00 4.159847 15.124268
INFO:root:train 1500 5.573068e+00 4.159727 15.138866
INFO:root:train 1550 5.574436e+00 4.172711 15.131367
INFO:root:train 1600 5.574254e+00 4.169269 15.114577
INFO:root:train 1650 5.576067e+00 4.139537 15.093125
INFO:root:train 1700 5.574798e+00 4.139109 15.122538
INFO:root:train 1750 5.574403e+00 4.140491 15.137778
INFO:root:train 1800 5.573384e+00 4.137458 15.133086
INFO:root:train 1850 5.572673e+00 4.133745 15.132867
INFO:root:train 1900 5.573967e+00 4.131049 15.116222
INFO:root:train 1950 5.574621e+00 4.139704 15.129261
INFO:root:train 2000 5.575086e+00 4.142460 15.128373
INFO:root:train 2050 5.576534e+00 4.145082 15.099342
INFO:root:train 2100 5.578409e+00 4.141629 15.102183
INFO:root:train 2150 5.581132e+00 4.135431 15.074384
INFO:root:train 2200 5.579082e+00 4.146553 15.087602
INFO:root:train 2250 5.580035e+00 4.136356 15.080103
INFO:root:train 2300 5.580956e+00 4.130677 15.068856
INFO:root:train 2350 5.582082e+00 4.125239 15.042136
INFO:root:train 2400 5.581315e+00 4.138250 15.054925
INFO:root:train 2450 5.581797e+00 4.129054 15.058267
INFO:root:train 2500 5.581736e+00 4.125850 15.032112
INFO:root:train 2550 5.582610e+00 4.121545 15.011883
INFO:root:train 2600 5.583530e+00 4.115004 15.010453
INFO:root:train 2650 5.584061e+00 4.116371 14.996699
INFO:root:train 2700 5.584528e+00 4.114795 14.999653
INFO:root:train 2750 5.584161e+00 4.122365 15.012723
INFO:root:train 2800 5.583323e+00 4.116833 15.025326
INFO:root:train 2850 5.584069e+00 4.112044 15.030362
INFO:root:train 2900 5.582611e+00 4.119808 15.044920
INFO:root:train 2950 5.582528e+00 4.122543 15.052101
INFO:root:train 3000 5.582555e+00 4.114774 15.056440
INFO:root:train 3050 5.583595e+00 4.111869 15.037590
INFO:root:train 3100 5.584544e+00 4.112081 15.033457
INFO:root:train 3150 5.584692e+00 4.106831 15.011108
INFO:root:train 3200 5.584394e+00 4.111996 15.027530
INFO:root:train 3250 5.584981e+00 4.116522 15.017495
INFO:root:train 3300 5.585263e+00 4.118070 15.024330
INFO:root:train 3350 5.585419e+00 4.114910 15.028163
INFO:root:train 3400 5.585718e+00 4.118274 15.028209
INFO:root:train 3450 5.586198e+00 4.122446 15.026442
INFO:root:train 3500 5.586240e+00 4.127838 15.026510
INFO:root:train 3550 5.585849e+00 4.135279 15.034057
INFO:root:train 3600 5.585278e+00 4.135570 15.037490
INFO:root:train_acc 4.133153
INFO:root:valid 000 5.439630e+00 3.125000 18.750000
INFO:root:valid 050 5.506151e+00 3.462010 14.338235
INFO:root:valid 100 5.491043e+00 3.774752 14.696782
INFO:root:valid 150 5.495336e+00 3.735513 14.962748
INFO:root:valid 200 5.504335e+00 3.793532 14.746580
INFO:root:valid 250 5.509845e+00 3.847112 14.784612
INFO:root:valid 300 5.515972e+00 3.898463 14.810008
INFO:root:valid 350 5.511881e+00 4.015313 14.881588
INFO:root:valid 400 5.516191e+00 3.982232 14.872974
INFO:root:valid 450 5.516721e+00 4.008453 14.911308
INFO:root:valid 500 5.513785e+00 4.023204 14.904566
INFO:root:valid 550 5.516590e+00 4.021098 14.890540
INFO:root:valid 600 5.511272e+00 4.045341 14.954243
INFO:root:test_acc 4.047008
INFO:root:epoch 17 lr 2.421054e-03
INFO:root:train 000 5.473311e+00 4.687500 14.062500
INFO:root:train 050 5.622565e+00 4.381127 14.767157
INFO:root:train 100 5.610740e+00 4.238861 14.573020
INFO:root:train 150 5.601003e+00 4.076987 14.414321
INFO:root:train 200 5.592013e+00 3.824627 14.622201
INFO:root:train 250 5.592192e+00 3.990289 14.871763
INFO:root:train 300 5.587843e+00 4.002284 14.986503
INFO:root:train 350 5.586799e+00 4.082087 15.050748
INFO:root:train 400 5.592680e+00 4.103024 14.989869
INFO:root:train 450 5.593525e+00 4.088137 14.980599
INFO:root:train 500 5.598173e+00 4.041916 14.920160
INFO:root:train 550 5.596831e+00 4.046620 14.924569
INFO:root:train 600 5.591171e+00 4.066140 14.933444
INFO:root:train 650 5.587950e+00 4.077861 14.988959
INFO:root:train 700 5.590312e+00 4.047789 14.960770
INFO:root:train 750 5.589990e+00 4.019640 14.940496
INFO:root:train 800 5.590296e+00 4.051576 14.926654
INFO:root:train 850 5.587842e+00 4.059562 14.951160
INFO:root:train 900 5.584435e+00 4.092675 14.974681
INFO:root:train 950 5.583791e+00 4.104232 14.990799
INFO:root:train 1000 5.585404e+00 4.095904 14.947552
INFO:root:train 1050 5.583617e+00 4.112155 14.973834
INFO:root:train 1100 5.585333e+00 4.084355 14.962250
INFO:root:train 1150 5.583353e+00 4.082048 14.988325
INFO:root:train 1200 5.584352e+00 4.061719 14.966694
INFO:root:train 1250 5.582664e+00 4.046763 14.966777
INFO:root:train 1300 5.582414e+00 4.048568 14.993274
INFO:root:train 1350 5.582676e+00 4.046771 14.959983
INFO:root:train 1400 5.581195e+00 4.046217 14.963642
INFO:root:train 1450 5.582750e+00 4.031702 14.957357
INFO:root:train 1500 5.581632e+00 4.024400 14.930671
INFO:root:train 1550 5.579734e+00 4.042755 14.953054
INFO:root:train 1600 5.580589e+00 4.043371 14.954521
INFO:root:train 1650 5.580568e+00 4.033540 14.952112
INFO:root:train 1700 5.578754e+00 4.049089 14.973729
INFO:root:train 1750 5.579270e+00 4.044118 14.968232
INFO:root:train 1800 5.578513e+00 4.050701 14.972585
INFO:root:train 1850 5.577938e+00 4.048487 14.997805
INFO:root:train 1900 5.578257e+00 4.062829 15.005260
INFO:root:train 1950 5.578566e+00 4.051608 14.998719
INFO:root:train 2000 5.577651e+00 4.061251 15.013587
INFO:root:train 2050 5.576186e+00 4.059757 15.017065
INFO:root:train 2100 5.575790e+00 4.059079 14.998810
INFO:root:train 2150 5.575738e+00 4.056979 15.006102
INFO:root:train 2200 5.575238e+00 4.064914 15.003124
INFO:root:train 2250 5.576374e+00 4.071801 14.998195
INFO:root:train 2300 5.576054e+00 4.073636 14.981937
INFO:root:train 2350 5.576245e+00 4.077387 14.993620
INFO:root:train 2400 5.576224e+00 4.074474 14.991150
INFO:root:train 2450 5.575698e+00 4.076142 15.009180
INFO:root:train 2500 5.575964e+00 4.070247 15.015244
INFO:root:train 2550 5.575714e+00 4.062132 15.020458
INFO:root:train 2600 5.576444e+00 4.065143 14.997237
INFO:root:train 2650 5.576266e+00 4.060968 15.012024
INFO:root:train 2700 5.577372e+00 4.061574 15.000810
INFO:root:train 2750 5.578636e+00 4.055344 14.995115
INFO:root:train 2800 5.578875e+00 4.051009 14.997434
INFO:root:train 2850 5.578717e+00 4.052854 14.992546
INFO:root:train 2900 5.578902e+00 4.064331 14.977594
INFO:root:train 2950 5.579941e+00 4.054240 14.964207
INFO:root:train 3000 5.580749e+00 4.055940 14.959597
INFO:root:train 3050 5.580380e+00 4.056559 14.965892
INFO:root:train 3100 5.580421e+00 4.053128 14.952334
INFO:root:train 3150 5.581067e+00 4.061211 14.947140
INFO:root:train 3200 5.581259e+00 4.055373 14.945037
INFO:root:train 3250 5.580667e+00 4.057405 14.954053
INFO:root:train 3300 5.580569e+00 4.062216 14.967529
INFO:root:train 3350 5.579526e+00 4.070613 14.971277
INFO:root:train 3400 5.579589e+00 4.073251 14.966186
INFO:root:train 3450 5.579593e+00 4.074000 14.965771
INFO:root:train 3500 5.580075e+00 4.074282 14.968937
INFO:root:train 3550 5.580304e+00 4.070596 14.961455
INFO:root:train 3600 5.580153e+00 4.076559 14.971102
INFO:root:train_acc 4.079358
INFO:root:valid 000 5.420741e+00 4.687500 18.750000
INFO:root:valid 050 5.464419e+00 3.737745 14.736520
INFO:root:valid 100 5.484694e+00 4.068688 14.882426
INFO:root:valid 150 5.490755e+00 4.190811 14.921358
INFO:root:valid 200 5.502168e+00 4.057836 14.738806
INFO:root:valid 250 5.505138e+00 3.990289 14.778386
INFO:root:valid 300 5.511503e+00 3.986711 14.799626
INFO:root:valid 350 5.509770e+00 4.024217 14.761396
INFO:root:valid 400 5.514460e+00 3.986128 14.767768
INFO:root:valid 450 5.513607e+00 4.050028 14.796979
INFO:root:valid 500 5.511295e+00 4.032560 14.898328
INFO:root:valid 550 5.514664e+00 3.987069 14.839496
INFO:root:valid 600 5.512700e+00 4.008943 14.884047
INFO:root:test_acc 4.015877
INFO:root:epoch 18 lr 1.087173e-03
INFO:root:train 000 5.884383e+00 0.000000 10.937500
INFO:root:train 050 5.551362e+00 4.350490 14.981618
INFO:root:train 100 5.548003e+00 4.115099 15.176361
INFO:root:train 150 5.559563e+00 4.045944 15.180050
INFO:root:train 200 5.568174e+00 3.910137 15.049751
INFO:root:train 250 5.554082e+00 3.952938 15.170568
INFO:root:train 300 5.559653e+00 3.971138 15.204527
INFO:root:train 350 5.560473e+00 3.984152 15.139779
INFO:root:train 400 5.563339e+00 4.025094 15.149626
INFO:root:train 450 5.562370e+00 4.022312 15.198864
INFO:root:train 500 5.558388e+00 3.967066 15.166542
INFO:root:train 550 5.564385e+00 3.936025 15.134415
INFO:root:train 600 5.571602e+00 3.912750 15.042637
INFO:root:train 650 5.572695e+00 3.924251 15.012961
INFO:root:train 700 5.575995e+00 3.922967 14.938481
INFO:root:train 750 5.578182e+00 3.921854 14.928013
INFO:root:train 800 5.580666e+00 3.916979 14.897394
INFO:root:train 850 5.582352e+00 3.886971 14.868537
INFO:root:train 900 5.581624e+00 3.938332 14.912250
INFO:root:train 950 5.580442e+00 3.948147 14.921793
INFO:root:train 1000 5.580481e+00 3.949176 14.941309
INFO:root:train 1050 5.578988e+00 3.954567 14.972348
INFO:root:train 1100 5.580736e+00 3.943858 14.959412
INFO:root:train 1150 5.584311e+00 3.962587 14.934025
INFO:root:train 1200 5.584985e+00 3.955037 14.919858
INFO:root:train 1250 5.584114e+00 3.963080 14.924311
INFO:root:train 1300 5.585476e+00 3.954890 14.895993
INFO:root:train 1350 5.584826e+00 3.965812 14.865146
INFO:root:train 1400 5.584428e+00 3.967032 14.884458
INFO:root:train 1450 5.586267e+00 3.986475 14.897054
INFO:root:train 1500 5.586892e+00 3.978598 14.911934
INFO:root:train 1550 5.586012e+00 3.983317 14.936936
INFO:root:train 1600 5.584886e+00 3.984814 14.922314
INFO:root:train 1650 5.585659e+00 3.997577 14.901953
INFO:root:train 1700 5.586009e+00 3.988463 14.903917
INFO:root:train 1750 5.584505e+00 4.016455 14.953955
INFO:root:train 1800 5.582782e+00 4.021203 14.990804
INFO:root:train 1850 5.582393e+00 4.014722 14.996961
INFO:root:train 1900 5.583229e+00 4.008581 14.992109
INFO:root:train 1950 5.584370e+00 4.005958 14.984303
INFO:root:train 2000 5.583707e+00 4.015180 14.987819
INFO:root:train 2050 5.585312e+00 4.004144 14.976688
INFO:root:train 2100 5.584949e+00 4.008508 14.963113
INFO:root:train 2150 5.583256e+00 4.017753 14.977046
INFO:root:train 2200 5.582980e+00 4.015930 14.975437
INFO:root:train 2250 5.583296e+00 4.007247 14.969042
INFO:root:train 2300 5.583786e+00 4.011164 14.971072
INFO:root:train 2350 5.584772e+00 4.001622 14.931146
INFO:root:train 2400 5.584283e+00 3.994429 14.929326
INFO:root:train 2450 5.586271e+00 3.988806 14.907181
INFO:root:train 2500 5.586784e+00 3.974035 14.905288
INFO:root:train 2550 5.587038e+00 3.973932 14.895507
INFO:root:train 2600 5.586972e+00 3.968426 14.886101
INFO:root:train 2650 5.586155e+00 3.976683 14.897680
INFO:root:train 2700 5.586753e+00 3.973066 14.889740
INFO:root:train 2750 5.587223e+00 3.965603 14.892312
INFO:root:train 2800 5.587739e+00 3.958966 14.894792
INFO:root:train 2850 5.586914e+00 3.960781 14.886772
INFO:root:train 2900 5.585536e+00 3.971152 14.904882
INFO:root:train 2950 5.586240e+00 3.970582 14.907023
INFO:root:train 3000 5.585930e+00 3.973155 14.905969
INFO:root:train 3050 5.585953e+00 3.979228 14.899316
INFO:root:train 3100 5.584508e+00 3.975532 14.907993
INFO:root:train 3150 5.584708e+00 3.966003 14.905486
INFO:root:train 3200 5.583503e+00 3.971903 14.909891
INFO:root:train 3250 5.584969e+00 3.966087 14.886285
INFO:root:train 3300 5.584977e+00 3.961394 14.883747
INFO:root:train 3350 5.586142e+00 3.952178 14.874291
INFO:root:train 3400 5.586101e+00 3.945531 14.868329
INFO:root:train 3450 5.586608e+00 3.949942 14.869331
INFO:root:train 3500 5.585956e+00 3.949318 14.868520
INFO:root:train 3550 5.585768e+00 3.952232 14.874771
INFO:root:train 3600 5.586078e+00 3.955065 14.876944
INFO:root:train_acc 3.961010
INFO:root:valid 000 5.307105e+00 6.250000 15.625000
INFO:root:valid 050 5.487072e+00 3.523284 14.246324
INFO:root:valid 100 5.502097e+00 3.558168 14.696782
INFO:root:valid 150 5.510975e+00 3.673427 14.745447
INFO:root:valid 200 5.518439e+00 3.552550 14.863184
INFO:root:valid 250 5.518234e+00 3.548307 14.909114
INFO:root:valid 300 5.526904e+00 3.664867 14.924211
INFO:root:valid 350 5.521253e+00 3.743768 14.979523
INFO:root:valid 400 5.527382e+00 3.783510 14.982076
INFO:root:valid 450 5.526864e+00 3.804047 14.945953
INFO:root:valid 500 5.525266e+00 3.817365 14.892091
INFO:root:valid 550 5.529466e+00 3.811252 14.859347
INFO:root:valid 600 5.524123e+00 3.829555 14.873648
INFO:root:test_acc 3.831686
INFO:root:epoch 19 lr 2.734768e-04
INFO:root:train 000 5.154566e+00 7.812500 25.000000
INFO:root:train 050 5.601034e+00 3.645833 14.031863
INFO:root:train 100 5.577202e+00 3.650990 14.340965
INFO:root:train 150 5.592906e+00 3.642384 14.331540
INFO:root:train 200 5.587467e+00 3.824627 14.443408
INFO:root:train 250 5.583058e+00 3.797311 14.604084
INFO:root:train 300 5.577571e+00 3.799834 14.898256
INFO:root:train 350 5.577191e+00 3.832799 14.930556
INFO:root:train 400 5.572350e+00 3.814682 14.954800
INFO:root:train 450 5.572884e+00 3.810976 14.977134
INFO:root:train 500 5.578406e+00 3.861028 15.010604
INFO:root:train 550 5.581971e+00 3.833938 14.907554
INFO:root:train 600 5.584322e+00 3.837354 14.878848
INFO:root:train 650 5.583299e+00 3.816244 14.849750
INFO:root:train 700 5.579395e+00 3.818206 14.898359
INFO:root:train 750 5.579827e+00 3.846954 14.898885
INFO:root:train 800 5.576791e+00 3.846754 14.928605
INFO:root:train 850 5.578402e+00 3.868610 14.912603
INFO:root:train 900 5.577177e+00 3.920991 14.901845
INFO:root:train 950 5.578847e+00 3.928431 14.897148
INFO:root:train 1000 5.580803e+00 3.939810 14.910090
INFO:root:train 1050 5.579615e+00 3.970921 14.942614
INFO:root:train 1100 5.581046e+00 3.975079 14.952316
INFO:root:train 1150 5.581147e+00 3.957157 14.935382
INFO:root:train 1200 5.583582e+00 3.942027 14.938072
INFO:root:train 1250 5.585193e+00 3.946843 14.930556
INFO:root:train 1300 5.583615e+00 3.953689 14.936827
INFO:root:train 1350 5.585597e+00 3.935742 14.881338
INFO:root:train 1400 5.583740e+00 3.956995 14.910109
INFO:root:train 1450 5.584047e+00 3.947708 14.920744
INFO:root:train 1500 5.583677e+00 3.961942 14.942122
INFO:root:train 1550 5.583528e+00 3.968206 14.926862
INFO:root:train 1600 5.581238e+00 3.960415 14.950617
INFO:root:train 1650 5.585380e+00 3.946472 14.903846
INFO:root:train 1700 5.585217e+00 3.952638 14.903917
INFO:root:train 1750 5.583069e+00 3.954883 14.920938
INFO:root:train 1800 5.582777e+00 3.963944 14.923133
INFO:root:train 1850 5.583918e+00 3.941282 14.906638
INFO:root:train 1900 5.583147e+00 3.935429 14.898409
INFO:root:train 1950 5.584004e+00 3.932278 14.879389
INFO:root:train 2000 5.583950e+00 3.926943 14.890992
INFO:root:train 2050 5.583667e+00 3.927962 14.895173
INFO:root:train 2100 5.581995e+00 3.930420 14.905848
INFO:root:train 2150 5.581467e+00 3.937122 14.886245
INFO:root:train 2200 5.581143e+00 3.944940 14.898058
INFO:root:train 2250 5.581296e+00 3.937833 14.896157
INFO:root:train 2300 5.582961e+00 3.935789 14.885512
INFO:root:train 2350 5.583576e+00 3.936490 14.877313
INFO:root:train 2400 5.584944e+00 3.928051 14.856440
INFO:root:train 2450 5.585283e+00 3.923144 14.845981
INFO:root:train 2500 5.584777e+00 3.915934 14.841563
INFO:root:train 2550 5.586113e+00 3.905944 14.818944
INFO:root:train 2600 5.586690e+00 3.899342 14.818219
INFO:root:train 2650 5.585280e+00 3.908902 14.834025
INFO:root:train 2700 5.584418e+00 3.903647 14.821478
INFO:root:train 2750 5.585039e+00 3.904830 14.816771
INFO:root:train 2800 5.584925e+00 3.916570 14.826736
INFO:root:train 2850 5.584994e+00 3.918033 14.834707
INFO:root:train 2900 5.584743e+00 3.917291 14.839710
INFO:root:train 2950 5.584602e+00 3.920281 14.840838
INFO:root:train 3000 5.584860e+00 3.922130 14.840366
INFO:root:train 3050 5.583660e+00 3.930576 14.869612
INFO:root:train 3100 5.582967e+00 3.930688 14.877257
INFO:root:train 3150 5.583074e+00 3.933275 14.861849
INFO:root:train 3200 5.583284e+00 3.942616 14.867912
INFO:root:train 3250 5.583457e+00 3.944459 14.866580
INFO:root:train 3300 5.583056e+00 3.948141 14.871440
INFO:root:train 3350 5.582988e+00 3.946117 14.877089
INFO:root:train 3400 5.583151e+00 3.946450 14.880274
INFO:root:train 3450 5.582768e+00 3.953111 14.891517
INFO:root:train 3500 5.582854e+00 3.957351 14.889496
INFO:root:train 3550 5.582151e+00 3.953552 14.901612
INFO:root:train 3600 5.582900e+00 3.945519 14.885188
INFO:root:train_acc 3.948099
INFO:root:valid 000 5.285139e+00 3.125000 15.625000
INFO:root:valid 050 5.476450e+00 3.676471 14.583333
INFO:root:valid 100 5.490887e+00 3.975866 14.665842
INFO:root:valid 150 5.499449e+00 3.963162 14.890315
INFO:root:valid 200 5.513344e+00 3.785759 14.793221
INFO:root:valid 250 5.515840e+00 3.766185 14.797062
INFO:root:valid 300 5.528045e+00 3.763497 14.726952
INFO:root:valid 350 5.523040e+00 3.841702 14.770299
INFO:root:valid 400 5.528732e+00 3.830268 14.752182
INFO:root:valid 450 5.526807e+00 3.887195 14.807373
INFO:root:valid 500 5.525318e+00 3.885978 14.795409
INFO:root:valid 550 5.527203e+00 3.907668 14.754424
INFO:root:valid 600 5.521369e+00 3.902350 14.832051
INFO:root:test_acc 3.912107
