INFO:root:gpu device = cuda:0
INFO:root:epoch 0 lr 4.442566e-02
/home/rkohli/aml-project/src/train.py:160: UserWarning: torch.nn.utils.clip_grad_norm is now deprecated in favor of torch.nn.utils.clip_grad_norm_.
  nn.utils.clip_grad_norm(model.parameters(), grad_clip)
INFO:root:train 000 4.920983e+00 4.687500 21.875000
INFO:root:train 050 5.491135e+00 2.971814 13.939951
INFO:root:train 100 5.512049e+00 3.016708 14.170792
INFO:root:train 150 5.498706e+00 3.062914 14.538493
INFO:root:train 200 5.491549e+00 3.031716 14.311256
INFO:root:train 250 5.481239e+00 2.994273 14.529382
INFO:root:train 300 5.474976e+00 3.088663 14.711379
INFO:root:train 350 5.468378e+00 3.027066 14.663462
INFO:root:train 400 5.474216e+00 2.996415 14.775561
INFO:root:train 450 5.476321e+00 3.003742 14.731153
INFO:root:train 500 5.476981e+00 3.065744 14.842191
INFO:root:train 550 5.475244e+00 3.059778 14.882033
INFO:root:train 600 5.474656e+00 3.052205 14.884047
INFO:root:train 650 5.472491e+00 3.057796 14.902554
INFO:root:train 700 5.481276e+00 3.033613 14.838178
INFO:root:train 750 5.482891e+00 3.031375 14.855193
INFO:root:train 800 5.481992e+00 3.056726 14.907147
INFO:root:train 850 5.477475e+00 3.077262 14.941980
INFO:root:train 900 5.479006e+00 3.046962 14.929592
INFO:root:train 950 5.477279e+00 3.047779 14.915221
INFO:root:train 1000 5.477117e+00 3.064123 14.944431
INFO:root:train 1050 5.476430e+00 3.041746 14.924774
INFO:root:train 1100 5.475212e+00 3.065395 14.918256
INFO:root:train 1150 5.472182e+00 3.076129 14.929952
INFO:root:train 1200 5.471685e+00 3.096378 14.974500
INFO:root:train 1250 5.469623e+00 3.092526 15.020484
INFO:root:train 1300 5.468373e+00 3.088970 15.042515
INFO:root:train 1350 5.468338e+00 3.078738 15.050194
INFO:root:train 1400 5.468306e+00 3.064775 15.071824
INFO:root:train 1450 5.467047e+00 3.078696 15.088732
INFO:root:train 1500 5.467981e+00 3.076074 15.080571
INFO:root:train 1550 5.466866e+00 3.073622 15.077974
INFO:root:train 1600 5.466780e+00 3.093770 15.097986
INFO:root:train 1650 5.467267e+00 3.089037 15.097857
INFO:root:train 1700 5.467994e+00 3.086420 15.107841
INFO:root:train 1750 5.468618e+00 3.077706 15.100300
INFO:root:train 1800 5.468989e+00 3.078151 15.120940
INFO:root:train 1850 5.469036e+00 3.076040 15.098258
INFO:root:train 1900 5.467290e+00 3.073218 15.094851
INFO:root:train 1950 5.467574e+00 3.067337 15.086814
INFO:root:train 2000 5.467152e+00 3.068778 15.087769
INFO:root:train 2050 5.466140e+00 3.060245 15.119911
INFO:root:train 2100 5.467530e+00 3.052118 15.101440
INFO:root:train 2150 5.467399e+00 3.050180 15.112157
INFO:root:train 2200 5.467164e+00 3.051880 15.109609
INFO:root:train 2250 5.467158e+00 3.035456 15.099539
INFO:root:train 2300 5.467839e+00 3.037402 15.093981
INFO:root:train 2350 5.466886e+00 3.039930 15.103945
INFO:root:train 2400 5.466913e+00 3.045606 15.107637
INFO:root:train 2450 5.466129e+00 3.041488 15.107992
INFO:root:train 2500 5.466957e+00 3.036285 15.083966
INFO:root:train 2550 5.465798e+00 3.041087 15.109883
INFO:root:train 2600 5.466465e+00 3.040297 15.107170
INFO:root:train 2650 5.466212e+00 3.045431 15.115758
INFO:root:train 2700 5.465816e+00 3.054424 15.116508
INFO:root:train 2750 5.466254e+00 3.042644 15.104735
INFO:root:train 2800 5.466325e+00 3.031841 15.087246
INFO:root:train 2850 5.466420e+00 3.022514 15.080235
INFO:root:train 2900 5.465365e+00 3.020510 15.083700
INFO:root:train 2950 5.466107e+00 3.013809 15.067985
INFO:root:train 3000 5.465527e+00 3.018785 15.075183
INFO:root:train 3050 5.465756e+00 3.018478 15.080609
INFO:root:train 3100 5.464101e+00 3.021707 15.085356
INFO:root:train 3150 5.464340e+00 3.026817 15.077059
INFO:root:train 3200 5.463809e+00 3.033232 15.092452
INFO:root:train 3250 5.464259e+00 3.027434 15.084782
INFO:root:train 3300 5.464473e+00 3.030805 15.084444
INFO:root:train 3350 5.464309e+00 3.033609 15.086448
INFO:root:train 3400 5.464437e+00 3.034494 15.087934
INFO:root:train 3450 5.463566e+00 3.038521 15.093904
INFO:root:train 3500 5.464534e+00 3.037079 15.093902
INFO:root:train 3550 5.465052e+00 3.033476 15.092140
INFO:root:train 3600 5.464854e+00 3.027805 15.091294
INFO:root:train_acc 3.036172
INFO:root:valid 000 5.885621e+00 0.000000 12.500000
INFO:root:valid 050 5.299815e+00 3.308824 15.594363
INFO:root:valid 100 5.319384e+00 3.496287 15.594059
INFO:root:valid 150 5.346795e+00 3.466474 15.542219
INFO:root:valid 200 5.340473e+00 3.505908 15.757152
INFO:root:valid 250 5.352088e+00 3.498506 15.730827
INFO:root:valid 300 5.364325e+00 3.322259 15.531561
INFO:root:valid 350 5.374686e+00 3.236289 15.322293
INFO:root:valid 400 5.379578e+00 3.296446 15.375623
INFO:root:valid 450 5.371242e+00 3.287833 15.500277
INFO:root:valid 500 5.369189e+00 3.302769 15.518962
INFO:root:valid 550 5.366856e+00 3.326338 15.573956
INFO:root:valid 600 5.367602e+00 3.364185 15.632800
INFO:root:test_acc 3.356941
INFO:root:epoch 1 lr 4.415218e-02
INFO:root:train 000 5.798755e+00 1.562500 9.375000
INFO:root:train 050 5.464487e+00 3.278186 15.349265
INFO:root:train 100 5.426583e+00 3.140470 15.470297
INFO:root:train 150 5.445288e+00 3.052566 15.159354
INFO:root:train 200 5.445126e+00 3.039490 15.384017
INFO:root:train 250 5.443636e+00 3.044074 15.251494
INFO:root:train 300 5.445325e+00 3.114618 15.121470
INFO:root:train 350 5.439205e+00 3.133903 15.340100
INFO:root:train 400 5.442958e+00 3.074345 15.262625
INFO:root:train 450 5.442930e+00 3.066103 15.136502
INFO:root:train 500 5.438386e+00 3.053268 15.154067
INFO:root:train 550 5.441078e+00 3.045599 15.091878
INFO:root:train 600 5.440034e+00 3.052205 15.092034
INFO:root:train 650 5.449644e+00 3.043395 15.015361
INFO:root:train 700 5.451361e+00 3.051444 15.032097
INFO:root:train 750 5.452452e+00 3.043858 14.990429
INFO:root:train 800 5.454760e+00 3.056726 15.002731
INFO:root:train 850 5.454775e+00 3.066246 14.998898
INFO:root:train 900 5.457875e+00 3.053898 14.997225
INFO:root:train 950 5.459200e+00 3.054351 14.977655
INFO:root:train 1000 5.457547e+00 3.064123 15.000624
INFO:root:train 1050 5.459318e+00 3.090806 15.034788
INFO:root:train 1100 5.460489e+00 3.088102 15.030370
INFO:root:train 1150 5.460539e+00 3.092420 15.029051
INFO:root:train 1200 5.459988e+00 3.087271 15.044754
INFO:root:train 1250 5.458254e+00 3.101269 15.054207
INFO:root:train 1300 5.459722e+00 3.075759 14.972857
INFO:root:train 1350 5.460867e+00 3.079895 14.985427
INFO:root:train 1400 5.459129e+00 3.080389 15.008253
INFO:root:train 1450 5.457901e+00 3.089464 15.017660
INFO:root:train 1500 5.459235e+00 3.092730 15.039973
INFO:root:train 1550 5.459401e+00 3.084703 15.036670
INFO:root:train 1600 5.457572e+00 3.060587 15.027717
INFO:root:train 1650 5.458594e+00 3.065377 15.005111
INFO:root:train 1700 5.462316e+00 3.060700 14.989345
INFO:root:train 1750 5.463287e+00 3.058074 14.984295
INFO:root:train 1800 5.464879e+00 3.045183 14.976923
INFO:root:train 1850 5.463111e+00 3.044807 15.006247
INFO:root:train 1900 5.462478e+00 3.044450 15.029097
INFO:root:train 1950 5.463228e+00 3.030497 15.022745
INFO:root:train 2000 5.463690e+00 3.021927 15.030766
INFO:root:train 2050 5.463132e+00 3.018345 15.049061
INFO:root:train 2100 5.462241e+00 3.015677 15.045663
INFO:root:train 2150 5.462224e+00 3.012407 15.038064
INFO:root:train 2200 5.461244e+00 3.005736 15.020161
INFO:root:train 2250 5.460569e+00 3.001444 15.017631
INFO:root:train 2300 5.461306e+00 3.004808 15.005704
INFO:root:train 2350 5.461632e+00 3.010687 15.002924
INFO:root:train 2400 5.461229e+00 3.028035 15.012625
INFO:root:train 2450 5.462103e+00 3.023638 15.004080
INFO:root:train 2500 5.463272e+00 3.024415 15.000875
INFO:root:train 2550 5.463502e+00 3.024549 15.016783
INFO:root:train 2600 5.464484e+00 3.025279 15.018863
INFO:root:train 2650 5.464876e+00 3.015961 15.007898
INFO:root:train 2700 5.465415e+00 3.015087 15.011801
INFO:root:train 2750 5.464456e+00 3.011973 15.013859
INFO:root:train 2800 5.465061e+00 3.006181 15.008033
INFO:root:train 2850 5.464662e+00 3.005524 15.018305
INFO:root:train 2900 5.465085e+00 3.011892 15.009372
INFO:root:train 2950 5.465265e+00 3.006926 15.013978
INFO:root:train 3000 5.464374e+00 3.011496 15.016349
INFO:root:train 3050 5.464727e+00 3.012332 15.021714
INFO:root:train 3100 5.464830e+00 3.014653 15.028418
INFO:root:train 3150 5.464400e+00 3.014420 15.025984
INFO:root:train 3200 5.465154e+00 3.018588 15.014839
INFO:root:train 3250 5.465558e+00 3.026473 15.011247
INFO:root:train 3300 5.465618e+00 3.028912 15.020070
INFO:root:train 3350 5.465000e+00 3.035474 15.033759
INFO:root:train 3400 5.463740e+00 3.040007 15.032343
INFO:root:train 3450 5.464668e+00 3.033088 15.027800
INFO:root:train 3500 5.465030e+00 3.031277 15.019369
INFO:root:train 3550 5.464375e+00 3.036997 15.031417
INFO:root:train 3600 5.464624e+00 3.039954 15.044432
INFO:root:train_acc 3.040045
INFO:root:valid 000 5.899834e+00 1.562500 14.062500
INFO:root:valid 050 5.346319e+00 3.523284 15.655637
INFO:root:valid 100 5.331869e+00 3.589109 15.563119
INFO:root:valid 150 5.354863e+00 3.476821 15.542219
INFO:root:valid 200 5.350481e+00 3.498134 15.656095
INFO:root:valid 250 5.357077e+00 3.423805 15.568974
INFO:root:valid 300 5.366544e+00 3.343023 15.479651
INFO:root:valid 350 5.373342e+00 3.329772 15.344551
INFO:root:valid 400 5.376777e+00 3.382170 15.367830
INFO:root:valid 450 5.364130e+00 3.377910 15.410200
INFO:root:valid 500 5.365921e+00 3.377620 15.359905
INFO:root:valid 550 5.365112e+00 3.385889 15.381125
INFO:root:valid 600 5.368579e+00 3.408382 15.411814
INFO:root:test_acc 3.403637
INFO:root:epoch 2 lr 4.333849e-02
INFO:root:train 000 5.830781e+00 1.562500 9.375000
INFO:root:train 050 5.500156e+00 3.155637 14.522059
INFO:root:train 100 5.509703e+00 3.155941 14.573020
INFO:root:train 150 5.486102e+00 3.218129 14.817881
INFO:root:train 200 5.471802e+00 3.062811 14.886505
INFO:root:train 250 5.483257e+00 2.994273 14.722361
INFO:root:train 300 5.493193e+00 2.912168 14.607558
INFO:root:train 350 5.490042e+00 2.906873 14.685719
INFO:root:train 400 5.490132e+00 2.980829 14.732700
INFO:root:train 450 5.489342e+00 3.014135 14.855876
INFO:root:train 500 5.486937e+00 3.028318 14.860903
INFO:root:train 550 5.484187e+00 3.017241 14.896211
INFO:root:train 600 5.483048e+00 2.987209 14.886647
INFO:root:train 650 5.483948e+00 2.983391 14.878552
INFO:root:train 700 5.481235e+00 2.995720 14.922878
INFO:root:train 750 5.476347e+00 3.004328 15.013316
INFO:root:train 800 5.476456e+00 3.013811 14.998830
INFO:root:train 850 5.477314e+00 3.036868 15.041128
INFO:root:train 900 5.478388e+00 3.050430 15.056188
INFO:root:train 950 5.480798e+00 3.052708 15.045018
INFO:root:train 1000 5.481998e+00 3.046953 15.055257
INFO:root:train 1050 5.480783e+00 3.053639 15.058575
INFO:root:train 1100 5.480483e+00 3.051203 15.047400
INFO:root:train 1150 5.475039e+00 3.067984 15.092854
INFO:root:train 1200 5.471763e+00 3.069057 15.131921
INFO:root:train 1250 5.472025e+00 3.070044 15.116657
INFO:root:train 1300 5.472474e+00 3.069754 15.086952
INFO:root:train 1350 5.471178e+00 3.085677 15.088360
INFO:root:train 1400 5.471381e+00 3.079274 15.069593
INFO:root:train 1450 5.474091e+00 3.071158 15.039197
INFO:root:train 1500 5.474027e+00 3.064624 15.053506
INFO:root:train 1550 5.474681e+00 3.051459 15.051781
INFO:root:train 1600 5.472509e+00 3.053755 15.055044
INFO:root:train 1650 5.472857e+00 3.068216 15.040127
INFO:root:train 1700 5.469416e+00 3.070804 15.068342
INFO:root:train 1750 5.468955e+00 3.072352 15.066391
INFO:root:train 1800 5.468514e+00 3.065137 15.033315
INFO:root:train 1850 5.468378e+00 3.060845 15.036636
INFO:root:train 1900 5.468846e+00 3.063355 15.034028
INFO:root:train 1950 5.467897e+00 3.056926 15.057182
INFO:root:train 2000 5.468056e+00 3.052380 15.046383
INFO:root:train 2050 5.466629e+00 3.056436 15.039158
INFO:root:train 2100 5.466366e+00 3.054349 15.027814
slurmstepd-metagpu2: error: *** JOB 3475224 ON metagpu2 CANCELLED AT 2019-09-14T21:48:40 ***
