INFO:root:gpu device = cuda:0
INFO:root:args = {'data': './data', 'set': 'cifar10', 'batch_size': 32, 'learning_rate': 0.1, 'learning_rate_min': 0.001, 'momentum': 0.9, 'weight_decay': 0.0003, 'report_freq': 50, 'gpu': 'cuda:0', 'epochs': 20, 'init_channels': 8, 'layers': 4, 'model_path': 'saved_models', 'cutout': False, 'cutout_length': 16, 'drop_path_prob': 0.3, 'save': './EXP1/EXP-20190915-004955-88', 'seed': 88, 'grad_clip': 5, 'train_portion': 0.5, 'unrolled': False, 'arch_learning_rate': 0.0006, 'arch_weight_decay': 0.001}
INFO:root:param size = 0.056538MB
/home/rkohli/anaconda3/lib/python3.7/site-packages/torch/optim/lr_scheduler.py:82: UserWarning: Detected call of `lr_scheduler.step()` before `optimizer.step()`. In PyTorch 1.1.0 and later, you should call them in the opposite order: `optimizer.step()` before `lr_scheduler.step()`.  Failure to do this will result in PyTorch skipping the first value of the learning rate schedule.See more details at https://pytorch.org/docs/stable/optim.html#how-to-adjust-learning-rate
  "https://pytorch.org/docs/stable/optim.html#how-to-adjust-learning-rate", UserWarning)
INFO:root:epoch 0 lr 9.939057e-02
INFO:root:genotype = Genotype(normal=[('sep_conv_5x5', 1), ('dil_conv_5x5', 0), ('avg_pool_3x3', 1), ('skip_connect', 0), ('dil_conv_3x3', 0), ('skip_connect', 3), ('dil_conv_5x5', 2), ('avg_pool_3x3', 1)], normal_concat=range(2, 6), reduce=[('max_pool_3x3', 0), ('sep_conv_5x5', 1), ('sep_conv_5x5', 1), ('skip_connect', 2), ('sep_conv_5x5', 0), ('sep_conv_5x5', 3), ('avg_pool_3x3', 2), ('dil_conv_5x5', 3)], reduce_concat=range(2, 6))
/home/rkohli/aml-project/src/train_search.py:137: UserWarning: torch.nn.utils.clip_grad_norm is now deprecated in favor of torch.nn.utils.clip_grad_norm_.
  nn.utils.clip_grad_norm(model.parameters(), args['grad_clip'])
INFO:root:train 000 2.333545e+00 9.375000 34.375000
INFO:root:train 050 2.042677e+00 25.735294 76.715686
INFO:root:train 100 1.841494e+00 33.106436 82.518564
INFO:root:train 150 1.684089e+00 40.107616 86.072020
INFO:root:train 200 1.553832e+00 45.600124 88.277363
INFO:root:train 250 1.437392e+00 50.112052 89.877988
INFO:root:train 300 1.334878e+00 53.924419 91.040282
INFO:root:train 350 1.257204e+00 56.935541 91.942664
INFO:root:train 400 1.183725e+00 59.694514 92.736908
INFO:root:train 450 1.118891e+00 62.098115 93.355044
INFO:root:train 500 1.068790e+00 63.984531 93.837325
INFO:root:train 550 1.016856e+00 65.778131 94.294465
INFO:root:train 600 9.713237e-01 67.366889 94.701539
INFO:root:train 650 9.283042e-01 68.879608 95.055684
INFO:root:train 700 8.920739e-01 70.189907 95.337019
INFO:root:train 750 8.575410e-01 71.425599 95.589214
INFO:root:train 800 8.273652e-01 72.440699 95.813826
INFO:root:train 850 7.992250e-01 73.402615 96.019389
INFO:root:train 900 7.735867e-01 74.344478 96.209073
INFO:root:train_acc 75.003333
INFO:root:epoch 1 lr 9.757730e-02
INFO:root:genotype = Genotype(normal=[('sep_conv_5x5', 1), ('dil_conv_5x5', 0), ('avg_pool_3x3', 1), ('skip_connect', 0), ('dil_conv_3x3', 0), ('skip_connect', 3), ('dil_conv_5x5', 2), ('avg_pool_3x3', 1)], normal_concat=range(2, 6), reduce=[('max_pool_3x3', 0), ('sep_conv_5x5', 1), ('sep_conv_5x5', 1), ('skip_connect', 2), ('sep_conv_5x5', 0), ('sep_conv_5x5', 3), ('avg_pool_3x3', 2), ('dil_conv_5x5', 3)], reduce_concat=range(2, 6))
INFO:root:train 000 1.662538e-01 96.875000 100.000000
INFO:root:train 050 2.959980e-01 90.808824 99.387255
INFO:root:train 100 2.898725e-01 90.996287 99.319307
INFO:root:train 150 2.810116e-01 91.225166 99.358444
INFO:root:train 200 2.850497e-01 91.060323 99.393657
INFO:root:train 250 2.858877e-01 90.998506 99.427291
INFO:root:train 300 2.780802e-01 91.227159 99.470515
INFO:root:train 350 2.741568e-01 91.310541 99.456909
INFO:root:train 400 2.705257e-01 91.490025 99.485661
INFO:root:train 450 2.662100e-01 91.650499 99.501109
INFO:root:train 500 2.585590e-01 91.972305 99.519711
INFO:root:train 550 2.546655e-01 92.076906 99.546279
INFO:root:train 600 2.516850e-01 92.164101 99.558028
INFO:root:train 650 2.495755e-01 92.261905 99.572773
INFO:root:train 700 2.483382e-01 92.301177 99.576498
INFO:root:train 750 2.467956e-01 92.385153 99.575566
INFO:root:train 800 2.434700e-01 92.478152 99.590356
INFO:root:train 850 2.426239e-01 92.545535 99.585047
INFO:root:train 900 2.381475e-01 92.688679 99.590733
INFO:root:train_acc 92.750000
INFO:root:epoch 2 lr 9.460482e-02
INFO:root:genotype = Genotype(normal=[('sep_conv_5x5', 1), ('dil_conv_5x5', 0), ('avg_pool_3x3', 1), ('skip_connect', 0), ('dil_conv_3x3', 0), ('skip_connect', 3), ('dil_conv_5x5', 2), ('avg_pool_3x3', 1)], normal_concat=range(2, 6), reduce=[('max_pool_3x3', 0), ('sep_conv_5x5', 1), ('sep_conv_5x5', 1), ('skip_connect', 2), ('sep_conv_5x5', 0), ('sep_conv_5x5', 3), ('avg_pool_3x3', 2), ('dil_conv_5x5', 3)], reduce_concat=range(2, 6))
INFO:root:train 000 1.013185e-01 100.000000 100.000000
INFO:root:train 050 1.822819e-01 94.240196 99.693627
INFO:root:train 100 1.871888e-01 94.028465 99.814356
INFO:root:train 150 1.784463e-01 94.453642 99.751656
INFO:root:train 200 1.796185e-01 94.309701 99.720149
INFO:root:train 250 1.794538e-01 94.360060 99.738546
INFO:root:train 300 1.846343e-01 94.175664 99.740449
INFO:root:train 350 1.842274e-01 94.248575 99.759615
INFO:root:train 400 1.848399e-01 94.233167 99.750623
INFO:root:train 450 1.802340e-01 94.373614 99.736696
INFO:root:train 500 1.784053e-01 94.448603 99.750499
INFO:root:train 550 1.777670e-01 94.515653 99.756125
INFO:root:train 600 1.759189e-01 94.561148 99.760815
INFO:root:train 650 1.766086e-01 94.546851 99.750384
INFO:root:train 700 1.742449e-01 94.614836 99.759272
INFO:root:train 750 1.742387e-01 94.632157 99.754494
INFO:root:train 800 1.761565e-01 94.561486 99.742509
INFO:root:train 850 1.769296e-01 94.568890 99.728261
INFO:root:train 900 1.751221e-01 94.641371 99.725999
INFO:root:train_acc 94.676667
INFO:root:epoch 3 lr 9.054634e-02
INFO:root:genotype = Genotype(normal=[('sep_conv_5x5', 1), ('dil_conv_5x5', 0), ('avg_pool_3x3', 1), ('skip_connect', 0), ('dil_conv_3x3', 0), ('skip_connect', 3), ('dil_conv_5x5', 2), ('avg_pool_3x3', 1)], normal_concat=range(2, 6), reduce=[('max_pool_3x3', 0), ('sep_conv_5x5', 1), ('sep_conv_5x5', 1), ('skip_connect', 2), ('sep_conv_5x5', 0), ('sep_conv_5x5', 3), ('avg_pool_3x3', 2), ('dil_conv_5x5', 3)], reduce_concat=range(2, 6))
INFO:root:train 000 8.100419e-01 84.375000 96.875000
INFO:root:train 050 1.399994e-01 95.343137 99.754902
INFO:root:train 100 1.428281e-01 95.513614 99.783416
INFO:root:train 150 1.466816e-01 95.384934 99.793046
INFO:root:train 200 1.434330e-01 95.460199 99.813433
INFO:root:train 250 1.473849e-01 95.293825 99.800797
INFO:root:train 300 1.488730e-01 95.265781 99.792359
INFO:root:train 350 1.516215e-01 95.201211 99.795228
INFO:root:train 400 1.543283e-01 95.098192 99.789589
INFO:root:train 450 1.531837e-01 95.205100 99.792129
INFO:root:train 500 1.515619e-01 95.209581 99.806637
INFO:root:train 550 1.505885e-01 95.252949 99.807169
INFO:root:train 600 1.493783e-01 95.283902 99.818012
INFO:root:train 650 1.473512e-01 95.348502 99.827189
INFO:root:train 700 1.468719e-01 95.345934 99.830599
INFO:root:train 750 1.469358e-01 95.381158 99.825233
INFO:root:train 800 1.471660e-01 95.404182 99.808833
INFO:root:train 850 1.475786e-01 95.380435 99.805376
INFO:root:train 900 1.466179e-01 95.418285 99.805771
INFO:root:train_acc 95.426667
INFO:root:epoch 4 lr 8.550179e-02
INFO:root:genotype = Genotype(normal=[('sep_conv_5x5', 1), ('dil_conv_5x5', 0), ('avg_pool_3x3', 1), ('skip_connect', 0), ('dil_conv_3x3', 0), ('skip_connect', 3), ('dil_conv_5x5', 2), ('avg_pool_3x3', 1)], normal_concat=range(2, 6), reduce=[('max_pool_3x3', 0), ('sep_conv_5x5', 1), ('sep_conv_5x5', 1), ('skip_connect', 2), ('sep_conv_5x5', 0), ('sep_conv_5x5', 3), ('avg_pool_3x3', 2), ('dil_conv_5x5', 3)], reduce_concat=range(2, 6))
INFO:root:train 000 1.865329e-02 100.000000 100.000000
INFO:root:train 050 1.480157e-01 96.017157 99.571078
INFO:root:train 100 1.421195e-01 96.039604 99.752475
INFO:root:train 150 1.377080e-01 96.192053 99.834437
INFO:root:train 200 1.351529e-01 96.113184 99.844527
INFO:root:train 250 1.368105e-01 95.916335 99.838147
INFO:root:train 300 1.393972e-01 95.816030 99.823505
INFO:root:train 350 1.354769e-01 95.949074 99.839744
INFO:root:train 400 1.338134e-01 95.994389 99.844140
INFO:root:train 450 1.318870e-01 95.995011 99.854490
INFO:root:train 500 1.334107e-01 95.920659 99.844062
INFO:root:train 550 1.313697e-01 95.939201 99.858212
INFO:root:train 600 1.310230e-01 95.939060 99.854409
INFO:root:train 650 1.311344e-01 95.919739 99.860791
INFO:root:train 700 1.302081e-01 95.938837 99.866262
INFO:root:train 750 1.305583e-01 95.909621 99.875166
INFO:root:train 800 1.298521e-01 95.903558 99.879057
INFO:root:train 850 1.300626e-01 95.898208 99.878819
INFO:root:train 900 1.303810e-01 95.903857 99.882075
INFO:root:train_acc 95.950000
INFO:root:epoch 5 lr 7.959537e-02
INFO:root:genotype = Genotype(normal=[('sep_conv_5x5', 1), ('dil_conv_5x5', 0), ('avg_pool_3x3', 1), ('skip_connect', 0), ('dil_conv_3x3', 0), ('skip_connect', 3), ('dil_conv_5x5', 2), ('avg_pool_3x3', 1)], normal_concat=range(2, 6), reduce=[('max_pool_3x3', 0), ('sep_conv_5x5', 1), ('sep_conv_5x5', 1), ('skip_connect', 2), ('sep_conv_5x5', 0), ('sep_conv_5x5', 3), ('avg_pool_3x3', 2), ('dil_conv_5x5', 3)], reduce_concat=range(2, 6))
INFO:root:train 000 9.651642e-02 100.000000 100.000000
INFO:root:train 050 1.205944e-01 96.262255 99.938725
INFO:root:train 100 1.129110e-01 96.596535 99.907178
INFO:root:train 150 1.058442e-01 96.730132 99.937914
INFO:root:train 200 1.067981e-01 96.703980 99.922264
INFO:root:train 250 1.065306e-01 96.638446 99.925299
INFO:root:train 300 1.096597e-01 96.605066 99.906561
INFO:root:train 350 1.099245e-01 96.616809 99.893162
INFO:root:train 400 1.102436e-01 96.610037 99.898691
INFO:root:train 450 1.093674e-01 96.625554 99.902993
INFO:root:train 500 1.084115e-01 96.656687 99.912675
INFO:root:train 550 1.090916e-01 96.597096 99.903584
INFO:root:train 600 1.119275e-01 96.500624 99.896007
INFO:root:train 650 1.138612e-01 96.476575 99.903994
INFO:root:train 700 1.152319e-01 96.482703 99.897468
INFO:root:train 750 1.144850e-01 96.500499 99.900133
INFO:root:train 800 1.134728e-01 96.547285 99.898564
INFO:root:train 850 1.124489e-01 96.570212 99.904524
INFO:root:train 900 1.116964e-01 96.597531 99.906354
INFO:root:train_acc 96.606667
INFO:root:epoch 6 lr 7.297253e-02
INFO:root:genotype = Genotype(normal=[('sep_conv_5x5', 1), ('dil_conv_5x5', 0), ('avg_pool_3x3', 1), ('skip_connect', 0), ('dil_conv_3x3', 0), ('skip_connect', 3), ('dil_conv_5x5', 2), ('avg_pool_3x3', 1)], normal_concat=range(2, 6), reduce=[('max_pool_3x3', 0), ('sep_conv_5x5', 1), ('sep_conv_5x5', 1), ('skip_connect', 2), ('sep_conv_5x5', 0), ('sep_conv_5x5', 3), ('avg_pool_3x3', 2), ('dil_conv_5x5', 3)], reduce_concat=range(2, 6))
INFO:root:train 000 8.483808e-02 96.875000 100.000000
INFO:root:train 050 8.908983e-02 97.365196 99.877451
INFO:root:train 100 9.247989e-02 96.967822 99.938119
INFO:root:train 150 1.051528e-01 96.564570 99.875828
INFO:root:train 200 1.037848e-01 96.750622 99.891169
INFO:root:train 250 1.035868e-01 96.713147 99.900398
INFO:root:train 300 1.068879e-01 96.646595 99.885797
INFO:root:train 350 1.068299e-01 96.723647 99.893162
INFO:root:train 400 1.083259e-01 96.711347 99.898691
INFO:root:train 450 1.074239e-01 96.757206 99.902993
INFO:root:train 500 1.092719e-01 96.725299 99.893962
INFO:root:train 550 1.091351e-01 96.704855 99.903584
INFO:root:train 600 1.084406e-01 96.713810 99.911606
INFO:root:train 650 1.081360e-01 96.711790 99.908794
INFO:root:train 700 1.071080e-01 96.710057 99.915300
INFO:root:train 750 1.067798e-01 96.716877 99.912617
INFO:root:train 800 1.081490e-01 96.672129 99.906367
INFO:root:train 850 1.068308e-01 96.713425 99.900852
INFO:root:train 900 1.065974e-01 96.767481 99.902886
INFO:root:train_acc 96.776667
INFO:root:epoch 7 lr 6.579634e-02
INFO:root:genotype = Genotype(normal=[('sep_conv_5x5', 1), ('dil_conv_5x5', 0), ('avg_pool_3x3', 1), ('skip_connect', 0), ('dil_conv_3x3', 0), ('skip_connect', 3), ('dil_conv_5x5', 2), ('avg_pool_3x3', 1)], normal_concat=range(2, 6), reduce=[('max_pool_3x3', 0), ('sep_conv_5x5', 1), ('sep_conv_5x5', 1), ('skip_connect', 2), ('sep_conv_5x5', 0), ('sep_conv_5x5', 3), ('avg_pool_3x3', 2), ('dil_conv_5x5', 3)], reduce_concat=range(2, 6))
INFO:root:train 000 4.038815e-02 100.000000 100.000000
INFO:root:train 050 6.931794e-02 98.161765 99.938725
INFO:root:train 100 7.141154e-02 97.988861 99.876238
INFO:root:train 150 7.502459e-02 97.889073 99.896523
INFO:root:train 200 7.792118e-02 97.605721 99.922264
INFO:root:train 250 8.137473e-02 97.497510 99.900398
INFO:root:train 300 8.188530e-02 97.477159 99.906561
INFO:root:train 350 8.403171e-02 97.444801 99.902066
INFO:root:train 400 8.834482e-02 97.334788 99.914277
INFO:root:train 450 8.958997e-02 97.304601 99.909922
INFO:root:train 500 8.694035e-02 97.367764 99.918912
INFO:root:train 550 8.642733e-02 97.379764 99.920599
INFO:root:train 600 8.628846e-02 97.394967 99.927205
INFO:root:train 650 8.583096e-02 97.446237 99.913594
INFO:root:train 700 8.745916e-02 97.378745 99.919757
INFO:root:train 750 8.851703e-02 97.341045 99.925100
INFO:root:train 800 8.816464e-02 97.323658 99.921973
INFO:root:train 850 8.943524e-02 97.278937 99.919213
INFO:root:train 900 9.102549e-02 97.242647 99.913291
INFO:root:train_acc 97.220000
INFO:root:epoch 8 lr 5.824351e-02
INFO:root:genotype = Genotype(normal=[('sep_conv_5x5', 1), ('dil_conv_5x5', 0), ('avg_pool_3x3', 1), ('skip_connect', 0), ('dil_conv_3x3', 0), ('skip_connect', 3), ('dil_conv_5x5', 2), ('avg_pool_3x3', 1)], normal_concat=range(2, 6), reduce=[('max_pool_3x3', 0), ('sep_conv_5x5', 1), ('sep_conv_5x5', 1), ('skip_connect', 2), ('sep_conv_5x5', 0), ('sep_conv_5x5', 3), ('avg_pool_3x3', 2), ('dil_conv_5x5', 3)], reduce_concat=range(2, 6))
INFO:root:train 000 5.699225e-02 100.000000 100.000000
INFO:root:train 050 7.396217e-02 97.855392 99.938725
INFO:root:train 100 7.137087e-02 97.957921 99.969059
INFO:root:train 150 6.954538e-02 97.909768 99.937914
INFO:root:train 200 6.969730e-02 97.978856 99.937811
INFO:root:train 250 6.924495e-02 97.995518 99.937749
INFO:root:train 300 7.354956e-02 97.861296 99.927326
INFO:root:train 350 7.333280e-02 97.881054 99.937678
INFO:root:train 400 7.185683e-02 97.942643 99.945449
INFO:root:train 450 7.078829e-02 98.011364 99.937639
INFO:root:train 500 7.165096e-02 97.972804 99.943862
INFO:root:train 550 7.262272e-02 97.935572 99.926270
INFO:root:train 600 7.546677e-02 97.873336 99.927205
INFO:root:train 650 7.646384e-02 97.830261 99.927995
INFO:root:train 700 7.672813e-02 97.784415 99.928673
INFO:root:train 750 7.736269e-02 97.769640 99.929261
INFO:root:train 800 7.916655e-02 97.705993 99.918071
INFO:root:train 850 7.923561e-02 97.704906 99.922885
INFO:root:train 900 7.970596e-02 97.679661 99.923696
INFO:root:train_acc 97.673333
INFO:root:epoch 9 lr 5.050000e-02
INFO:root:genotype = Genotype(normal=[('sep_conv_5x5', 1), ('dil_conv_5x5', 0), ('avg_pool_3x3', 1), ('skip_connect', 0), ('dil_conv_3x3', 0), ('skip_connect', 3), ('dil_conv_5x5', 2), ('avg_pool_3x3', 1)], normal_concat=range(2, 6), reduce=[('max_pool_3x3', 0), ('sep_conv_5x5', 1), ('sep_conv_5x5', 1), ('skip_connect', 2), ('sep_conv_5x5', 0), ('sep_conv_5x5', 3), ('avg_pool_3x3', 2), ('dil_conv_5x5', 3)], reduce_concat=range(2, 6))
INFO:root:train 000 1.991788e-01 93.750000 96.875000
INFO:root:train 050 5.979931e-02 98.284314 99.938725
INFO:root:train 100 6.362663e-02 98.174505 99.938119
INFO:root:train 150 6.531939e-02 97.951159 99.958609
INFO:root:train 200 6.573878e-02 97.947761 99.937811
INFO:root:train 250 6.738847e-02 97.933267 99.937749
INFO:root:train 300 6.705447e-02 97.933970 99.948090
INFO:root:train 350 6.761698e-02 97.854345 99.928775
INFO:root:train 400 6.939921e-02 97.856920 99.898691
INFO:root:train 450 6.991266e-02 97.824279 99.909922
INFO:root:train 500 6.965235e-02 97.835579 99.918912
INFO:root:train 550 6.887552e-02 97.895871 99.926270
INFO:root:train 600 6.878570e-02 97.914933 99.927205
INFO:root:train 650 6.785182e-02 97.931068 99.932796
INFO:root:train 700 6.850512e-02 97.900321 99.937589
INFO:root:train 750 6.798060e-02 97.944407 99.937583
INFO:root:train 800 6.765921e-02 97.963483 99.941479
INFO:root:train 850 6.791657e-02 97.943596 99.944918
INFO:root:train 900 6.921896e-02 97.912042 99.941038
INFO:root:train_acc 97.900000
INFO:root:epoch 10 lr 4.275649e-02
INFO:root:genotype = Genotype(normal=[('sep_conv_5x5', 1), ('dil_conv_5x5', 0), ('avg_pool_3x3', 1), ('skip_connect', 0), ('dil_conv_3x3', 0), ('skip_connect', 3), ('dil_conv_5x5', 2), ('avg_pool_3x3', 1)], normal_concat=range(2, 6), reduce=[('max_pool_3x3', 0), ('sep_conv_5x5', 1), ('sep_conv_5x5', 1), ('skip_connect', 2), ('sep_conv_5x5', 0), ('sep_conv_5x5', 3), ('avg_pool_3x3', 2), ('dil_conv_5x5', 3)], reduce_concat=range(2, 6))
INFO:root:train 000 6.120954e-02 100.000000 100.000000
INFO:root:train 050 5.831191e-02 98.223039 100.000000
INFO:root:train 100 6.325531e-02 98.112624 99.938119
INFO:root:train 150 5.853395e-02 98.199503 99.958609
INFO:root:train 200 5.691426e-02 98.243159 99.968905
INFO:root:train 250 5.770670e-02 98.256972 99.962649
INFO:root:train 300 5.801112e-02 98.235050 99.968854
INFO:root:train 350 5.639705e-02 98.317308 99.973291
INFO:root:train 400 5.708117e-02 98.277743 99.968828
INFO:root:train 450 5.824078e-02 98.267738 99.972284
INFO:root:train 500 5.798808e-02 98.284681 99.975050
INFO:root:train 550 5.835786e-02 98.236162 99.971642
INFO:root:train 600 5.878802e-02 98.206115 99.974002
INFO:root:train 650 5.930953e-02 98.185484 99.975998
INFO:root:train 700 5.936182e-02 98.185628 99.973252
INFO:root:train 750 5.960475e-02 98.181591 99.975033
INFO:root:train 800 5.957573e-02 98.193664 99.968789
INFO:root:train 850 5.968520e-02 98.200646 99.970623
INFO:root:train 900 5.961955e-02 98.203385 99.972253
INFO:root:train_acc 98.176667
INFO:root:epoch 11 lr 3.520366e-02
INFO:root:genotype = Genotype(normal=[('sep_conv_5x5', 1), ('dil_conv_5x5', 0), ('avg_pool_3x3', 1), ('skip_connect', 0), ('dil_conv_3x3', 0), ('skip_connect', 3), ('dil_conv_5x5', 2), ('avg_pool_3x3', 1)], normal_concat=range(2, 6), reduce=[('max_pool_3x3', 0), ('sep_conv_5x5', 1), ('sep_conv_5x5', 1), ('skip_connect', 2), ('sep_conv_5x5', 0), ('sep_conv_5x5', 3), ('avg_pool_3x3', 2), ('dil_conv_5x5', 3)], reduce_concat=range(2, 6))
INFO:root:train 000 3.881857e-02 100.000000 100.000000
INFO:root:train 050 6.047695e-02 97.794118 100.000000
INFO:root:train 100 5.247838e-02 98.267327 100.000000
INFO:root:train 150 5.039236e-02 98.385762 100.000000
INFO:root:train 200 5.055209e-02 98.491915 99.984453
INFO:root:train 250 5.062975e-02 98.493526 99.987550
INFO:root:train 300 4.890660e-02 98.588040 99.979236
INFO:root:train 350 4.760876e-02 98.628917 99.982194
INFO:root:train 400 4.577711e-02 98.714152 99.984414
INFO:root:train 450 4.721847e-02 98.628049 99.979213
INFO:root:train 500 4.735582e-02 98.640220 99.981287
INFO:root:train 550 4.658743e-02 98.672868 99.977314
INFO:root:train 600 4.811217e-02 98.601290 99.974002
INFO:root:train 650 4.834662e-02 98.588710 99.975998
INFO:root:train 700 4.949119e-02 98.560093 99.968795
INFO:root:train 750 4.942463e-02 98.564414 99.970872
INFO:root:train 800 4.939976e-02 98.568196 99.972690
INFO:root:train 850 4.914844e-02 98.582550 99.970623
INFO:root:train 900 4.914367e-02 98.591842 99.968785
INFO:root:train_acc 98.586667
INFO:root:epoch 12 lr 2.802747e-02
INFO:root:genotype = Genotype(normal=[('sep_conv_5x5', 1), ('dil_conv_5x5', 0), ('avg_pool_3x3', 1), ('skip_connect', 0), ('dil_conv_3x3', 0), ('skip_connect', 3), ('dil_conv_5x5', 2), ('avg_pool_3x3', 1)], normal_concat=range(2, 6), reduce=[('max_pool_3x3', 0), ('sep_conv_5x5', 1), ('sep_conv_5x5', 1), ('skip_connect', 2), ('sep_conv_5x5', 0), ('sep_conv_5x5', 3), ('avg_pool_3x3', 2), ('dil_conv_5x5', 3)], reduce_concat=range(2, 6))
INFO:root:train 000 3.060579e-02 100.000000 100.000000
INFO:root:train 050 3.752101e-02 99.325980 100.000000
INFO:root:train 100 4.121080e-02 98.886139 99.938119
INFO:root:train 150 3.932790e-02 99.006623 99.958609
INFO:root:train 200 3.779467e-02 99.098259 99.968905
INFO:root:train 250 3.708095e-02 99.041335 99.975100
INFO:root:train 300 3.710989e-02 99.034468 99.979236
INFO:root:train 350 3.753723e-02 99.038462 99.982194
INFO:root:train 400 3.675699e-02 99.033666 99.984414
INFO:root:train 450 3.741629e-02 98.988359 99.986142
INFO:root:train 500 3.795836e-02 98.977046 99.987525
INFO:root:train 550 3.777384e-02 98.973457 99.988657
INFO:root:train 600 3.844191e-02 98.949667 99.984401
INFO:root:train 650 3.784731e-02 98.977535 99.985599
INFO:root:train 700 3.912527e-02 98.925642 99.986626
INFO:root:train 750 3.966702e-02 98.909787 99.987517
INFO:root:train 800 3.943161e-02 98.923221 99.988296
INFO:root:train 850 3.968142e-02 98.902027 99.988984
INFO:root:train 900 3.998971e-02 98.914401 99.986127
INFO:root:train_acc 98.900000
INFO:root:epoch 13 lr 2.140463e-02
INFO:root:genotype = Genotype(normal=[('sep_conv_5x5', 1), ('dil_conv_5x5', 0), ('avg_pool_3x3', 1), ('skip_connect', 0), ('dil_conv_3x3', 0), ('skip_connect', 3), ('dil_conv_5x5', 2), ('avg_pool_3x3', 1)], normal_concat=range(2, 6), reduce=[('max_pool_3x3', 0), ('sep_conv_5x5', 1), ('sep_conv_5x5', 1), ('skip_connect', 2), ('sep_conv_5x5', 0), ('sep_conv_5x5', 3), ('avg_pool_3x3', 2), ('dil_conv_5x5', 3)], reduce_concat=range(2, 6))
INFO:root:train 000 1.185182e-02 100.000000 100.000000
INFO:root:train 050 2.303993e-02 99.632353 100.000000
INFO:root:train 100 2.689726e-02 99.474010 100.000000
INFO:root:train 150 2.976930e-02 99.399834 100.000000
INFO:root:train 200 3.021085e-02 99.347015 100.000000
INFO:root:train 250 2.921776e-02 99.315239 100.000000
INFO:root:train 300 2.959440e-02 99.262874 100.000000
INFO:root:train 350 2.916578e-02 99.269943 100.000000
INFO:root:train 400 2.897474e-02 99.275249 99.992207
INFO:root:train 450 2.911955e-02 99.258592 99.993071
INFO:root:train 500 2.892868e-02 99.263972 99.993762
INFO:root:train 550 2.966311e-02 99.234347 99.994328
INFO:root:train 600 2.935857e-02 99.230449 99.994800
INFO:root:train 650 2.879712e-02 99.236751 99.995200
INFO:root:train 700 2.894398e-02 99.215407 99.995542
INFO:root:train 750 2.993281e-02 99.226032 99.987517
INFO:root:train 800 2.964675e-02 99.235331 99.988296
INFO:root:train 850 2.980679e-02 99.225176 99.985311
INFO:root:train 900 2.961237e-02 99.233491 99.986127
INFO:root:train_acc 99.223333
INFO:root:epoch 14 lr 1.549821e-02
INFO:root:genotype = Genotype(normal=[('sep_conv_5x5', 1), ('dil_conv_5x5', 0), ('avg_pool_3x3', 1), ('skip_connect', 0), ('dil_conv_3x3', 0), ('skip_connect', 3), ('dil_conv_5x5', 2), ('avg_pool_3x3', 1)], normal_concat=range(2, 6), reduce=[('max_pool_3x3', 0), ('sep_conv_5x5', 1), ('sep_conv_5x5', 1), ('skip_connect', 2), ('sep_conv_5x5', 0), ('sep_conv_5x5', 3), ('avg_pool_3x3', 2), ('dil_conv_5x5', 3)], reduce_concat=range(2, 6))
INFO:root:train 000 7.830954e-02 96.875000 100.000000
INFO:root:train 050 2.409597e-02 99.509804 100.000000
INFO:root:train 100 2.126542e-02 99.566832 100.000000
INFO:root:train 150 1.953763e-02 99.606788 100.000000
INFO:root:train 200 2.020996e-02 99.564677 100.000000
INFO:root:train 250 2.032726e-02 99.576693 100.000000
INFO:root:train 300 2.000314e-02 99.584718 100.000000
INFO:root:train 350 1.931642e-02 99.608262 100.000000
INFO:root:train 400 1.974494e-02 99.618142 100.000000
INFO:root:train 450 1.939375e-02 99.646619 100.000000
INFO:root:train 500 2.007763e-02 99.631986 99.993762
INFO:root:train 550 1.984326e-02 99.648367 99.994328
INFO:root:train 600 1.983771e-02 99.646423 99.994800
INFO:root:train 650 2.005182e-02 99.620776 99.995200
INFO:root:train 700 1.969835e-02 99.634451 99.995542
INFO:root:train 750 1.936279e-02 99.646305 99.995839
INFO:root:train 800 1.907827e-02 99.652778 99.996099
INFO:root:train 850 1.943136e-02 99.629113 99.996328
INFO:root:train 900 1.945462e-02 99.625416 99.996532
INFO:root:train_acc 99.626667
INFO:root:epoch 15 lr 1.045366e-02
INFO:root:genotype = Genotype(normal=[('sep_conv_5x5', 1), ('dil_conv_5x5', 0), ('avg_pool_3x3', 1), ('skip_connect', 0), ('dil_conv_3x3', 0), ('skip_connect', 3), ('dil_conv_5x5', 2), ('avg_pool_3x3', 1)], normal_concat=range(2, 6), reduce=[('max_pool_3x3', 0), ('sep_conv_5x5', 1), ('sep_conv_5x5', 1), ('skip_connect', 2), ('sep_conv_5x5', 0), ('sep_conv_5x5', 3), ('avg_pool_3x3', 2), ('dil_conv_5x5', 3)], reduce_concat=range(2, 6))
INFO:root:train 000 1.003617e-02 100.000000 100.000000
INFO:root:train 050 1.276640e-02 99.754902 100.000000
INFO:root:train 100 1.472532e-02 99.690594 100.000000
INFO:root:train 150 1.369579e-02 99.751656 100.000000
INFO:root:train 200 1.457517e-02 99.689055 100.000000
INFO:root:train 250 1.494644e-02 99.701195 100.000000
INFO:root:train 300 1.506878e-02 99.698920 100.000000
INFO:root:train 350 1.467883e-02 99.706197 100.000000
INFO:root:train 400 1.486863e-02 99.719451 100.000000
INFO:root:train 450 1.468908e-02 99.743625 100.000000
INFO:root:train 500 1.477772e-02 99.731786 100.000000
INFO:root:train 550 1.485826e-02 99.739111 100.000000
INFO:root:train 600 1.465895e-02 99.745216 100.000000
INFO:root:train 650 1.480115e-02 99.745584 100.000000
INFO:root:train 700 1.458263e-02 99.750357 100.000000
INFO:root:train 750 1.441528e-02 99.758655 100.000000
INFO:root:train 800 1.404196e-02 99.765918 100.000000
INFO:root:train 850 1.429956e-02 99.761310 100.000000
INFO:root:train 900 1.443996e-02 99.746809 100.000000
INFO:root:train_acc 99.740000
INFO:root:epoch 16 lr 6.395177e-03
INFO:root:genotype = Genotype(normal=[('sep_conv_3x3', 0), ('sep_conv_5x5', 1), ('sep_conv_5x5', 2), ('sep_conv_3x3', 0), ('sep_conv_5x5', 1), ('dil_conv_5x5', 2), ('sep_conv_5x5', 1), ('dil_conv_3x3', 4)], normal_concat=range(2, 6), reduce=[('sep_conv_5x5', 0), ('avg_pool_3x3', 1), ('dil_conv_5x5', 2), ('dil_conv_5x5', 1), ('sep_conv_3x3', 1), ('dil_conv_5x5', 2), ('sep_conv_5x5', 4), ('sep_conv_5x5', 1)], reduce_concat=range(2, 6))
INFO:root:train 000 6.386369e-03 100.000000 100.000000
INFO:root:train 050 1.532854e-02 99.509804 100.000000
INFO:root:train 100 1.253118e-02 99.752475 100.000000
INFO:root:train 150 1.155156e-02 99.772351 100.000000
INFO:root:train 200 1.038588e-02 99.813433 100.000000
INFO:root:train 250 1.052562e-02 99.838147 100.000000
INFO:root:train 300 1.027963e-02 99.844269 100.000000
INFO:root:train 350 1.056502e-02 99.830840 100.000000
INFO:root:train 400 1.029524e-02 99.851933 100.000000
INFO:root:train 450 1.041872e-02 99.840632 100.000000
INFO:root:train 500 1.038410e-02 99.844062 100.000000
INFO:root:train 550 1.030709e-02 99.852541 100.000000
INFO:root:train 600 1.046011e-02 99.833611 100.000000
INFO:root:train 650 1.036892e-02 99.836790 100.000000
INFO:root:train 700 1.021434e-02 99.848431 100.000000
INFO:root:train 750 1.015543e-02 99.846039 100.000000
INFO:root:train 800 1.010646e-02 99.843945 100.000000
INFO:root:train 850 1.032107e-02 99.842098 100.000000
INFO:root:train 900 1.030874e-02 99.850860 100.000000
INFO:root:train_acc 99.853333
INFO:root:epoch 17 lr 3.422702e-03
INFO:root:genotype = Genotype(normal=[('sep_conv_5x5', 1), ('sep_conv_3x3', 0), ('sep_conv_5x5', 2), ('sep_conv_3x3', 1), ('sep_conv_5x5', 1), ('dil_conv_5x5', 2), ('dil_conv_3x3', 4), ('sep_conv_5x5', 1)], normal_concat=range(2, 6), reduce=[('sep_conv_5x5', 0), ('sep_conv_5x5', 1), ('dil_conv_5x5', 1), ('dil_conv_5x5', 2), ('max_pool_3x3', 0), ('dil_conv_5x5', 2), ('max_pool_3x3', 0), ('dil_conv_5x5', 3)], reduce_concat=range(2, 6))
INFO:root:train 000 3.001899e-03 100.000000 100.000000
INFO:root:train 050 6.887994e-03 99.938725 100.000000
INFO:root:train 100 6.887052e-03 99.969059 100.000000
INFO:root:train 150 8.094402e-03 99.875828 100.000000
INFO:root:train 200 8.763653e-03 99.828980 100.000000
INFO:root:train 250 8.964733e-03 99.838147 100.000000
INFO:root:train 300 8.836104e-03 99.854651 100.000000
INFO:root:train 350 8.927007e-03 99.866453 100.000000
INFO:root:train 400 8.779448e-03 99.883105 100.000000
INFO:root:train 450 8.715953e-03 99.875277 100.000000
INFO:root:train 500 8.642922e-03 99.887725 100.000000
INFO:root:train 550 8.627598e-03 99.892241 100.000000
INFO:root:train 600 8.668076e-03 99.890807 100.000000
INFO:root:train 650 8.604694e-03 99.894393 100.000000
INFO:root:train 700 8.520069e-03 99.897468 100.000000
INFO:root:train 750 8.540119e-03 99.900133 100.000000
INFO:root:train 800 8.554977e-03 99.906367 100.000000
INFO:root:train 850 8.529337e-03 99.904524 100.000000
INFO:root:train 900 8.498173e-03 99.906354 100.000000
INFO:root:train_acc 99.906667
INFO:root:epoch 18 lr 1.609427e-03
INFO:root:genotype = Genotype(normal=[('sep_conv_3x3', 0), ('sep_conv_5x5', 1), ('sep_conv_5x5', 2), ('sep_conv_3x3', 0), ('sep_conv_5x5', 1), ('dil_conv_5x5', 2), ('sep_conv_5x5', 1), ('dil_conv_3x3', 4)], normal_concat=range(2, 6), reduce=[('sep_conv_5x5', 0), ('sep_conv_5x5', 1), ('dil_conv_5x5', 1), ('dil_conv_5x5', 2), ('max_pool_3x3', 0), ('dil_conv_5x5', 2), ('sep_conv_3x3', 3), ('max_pool_3x3', 0)], reduce_concat=range(2, 6))
INFO:root:train 000 4.742548e-03 100.000000 100.000000
INFO:root:train 050 7.515153e-03 99.816176 100.000000
INFO:root:train 100 7.475783e-03 99.876238 100.000000
INFO:root:train 150 8.177851e-03 99.896523 100.000000
INFO:root:train 200 7.902533e-03 99.906716 100.000000
INFO:root:train 250 7.803468e-03 99.912849 100.000000
INFO:root:train 300 7.583033e-03 99.906561 100.000000
INFO:root:train 350 7.515432e-03 99.910969 100.000000
INFO:root:train 400 7.370463e-03 99.914277 100.000000
INFO:root:train 450 7.270361e-03 99.923780 100.000000
INFO:root:train 500 7.164775e-03 99.931387 100.000000
INFO:root:train 550 7.218917e-03 99.931942 100.000000
INFO:root:train 600 7.186003e-03 99.937604 100.000000
INFO:root:train 650 7.178696e-03 99.942396 100.000000
INFO:root:train 700 7.245535e-03 99.946505 100.000000
INFO:root:train 750 7.434846e-03 99.941744 100.000000
INFO:root:train 800 7.361826e-03 99.945381 100.000000
INFO:root:train 850 7.508123e-03 99.933901 100.000000
INFO:root:train 900 7.422484e-03 99.937569 100.000000
INFO:root:train_acc 99.936667
INFO:root:epoch 19 lr 1.000000e-03
INFO:root:genotype = Genotype(normal=[('sep_conv_3x3', 0), ('sep_conv_3x3', 1), ('sep_conv_5x5', 2), ('sep_conv_3x3', 0), ('sep_conv_5x5', 1), ('dil_conv_5x5', 2), ('sep_conv_5x5', 1), ('dil_conv_3x3', 4)], normal_concat=range(2, 6), reduce=[('sep_conv_5x5', 0), ('avg_pool_3x3', 1), ('avg_pool_3x3', 2), ('dil_conv_5x5', 1), ('max_pool_3x3', 0), ('dil_conv_5x5', 2), ('sep_conv_3x3', 3), ('avg_pool_3x3', 0)], reduce_concat=range(2, 6))
INFO:root:train 000 1.038343e-03 100.000000 100.000000
INFO:root:train 050 5.475893e-03 100.000000 100.000000
INFO:root:train 100 6.722581e-03 100.000000 100.000000
INFO:root:train 150 6.950769e-03 99.979305 100.000000
INFO:root:train 200 7.040174e-03 99.984453 100.000000
INFO:root:train 250 7.462324e-03 99.962649 100.000000
INFO:root:train 300 7.490075e-03 99.958472 100.000000
INFO:root:train 350 7.558630e-03 99.964387 100.000000
INFO:root:train 400 7.437956e-03 99.961035 100.000000
INFO:root:train 450 7.630393e-03 99.965355 100.000000
INFO:root:train 500 7.542903e-03 99.968812 100.000000
INFO:root:train 550 7.430111e-03 99.971642 100.000000
INFO:root:train 600 7.369342e-03 99.974002 100.000000
INFO:root:train 650 7.249639e-03 99.975998 100.000000
INFO:root:train 700 7.394536e-03 99.964337 100.000000
INFO:root:train 750 7.295561e-03 99.966711 100.000000
INFO:root:train 800 7.226483e-03 99.968789 100.000000
INFO:root:train 850 7.259545e-03 99.959606 100.000000
INFO:root:train 900 7.233902e-03 99.961848 100.000000
INFO:root:train_acc 99.963333
INFO:root:valid 000 6.465286e-03 100.000000 100.000000
INFO:root:valid 050 4.048499e-02 98.835784 99.938725
INFO:root:valid 100 4.111586e-02 98.917079 99.907178
INFO:root:valid 150 4.069076e-02 98.903146 99.917219
INFO:root:valid 200 3.611202e-02 98.973881 99.937811
INFO:root:valid 250 3.687476e-02 98.966633 99.937749
INFO:root:valid 300 3.488619e-02 99.003322 99.948090
INFO:root:valid 350 3.794819e-02 98.949430 99.928775
INFO:root:valid 400 3.900615e-02 98.979115 99.914277
INFO:root:valid 450 3.764850e-02 98.981430 99.923780
INFO:root:valid 500 3.703975e-02 98.983283 99.931387
INFO:root:valid 550 3.650839e-02 98.996143 99.937613
INFO:root:valid 600 3.653809e-02 98.996464 99.932404
INFO:root:valid 650 3.615372e-02 99.011137 99.937596
INFO:root:valid 700 3.612136e-02 99.010342 99.933131
INFO:root:valid 750 3.643160e-02 98.993009 99.937583
INFO:root:valid 800 3.614338e-02 99.016854 99.937578
INFO:root:valid 850 3.586976e-02 99.015864 99.937573
INFO:root:valid 900 3.591586e-02 99.018452 99.930633
INFO:root:valid_acc 99.003333
