INFO:root:gpu device = cuda:0
INFO:root:args = {'data': './data', 'set': 'cifar10', 'batch_size': 32, 'learning_rate': 0.1, 'learning_rate_min': 0.001, 'momentum': 0.9, 'weight_decay': 0.0003, 'report_freq': 50, 'gpu': 'cuda:0', 'epochs': 20, 'init_channels': 8, 'layers': 4, 'model_path': 'saved_models', 'cutout': False, 'cutout_length': 16, 'drop_path_prob': 0.3, 'save': './EXP5/EXP-20190915-005251-97', 'seed': 97, 'grad_clip': 5, 'train_portion': 0.5, 'unrolled': False, 'arch_learning_rate': 0.0006, 'arch_weight_decay': 0.001}
INFO:root:param size = 0.056538MB
/home/rkohli/anaconda3/lib/python3.7/site-packages/torch/optim/lr_scheduler.py:82: UserWarning: Detected call of `lr_scheduler.step()` before `optimizer.step()`. In PyTorch 1.1.0 and later, you should call them in the opposite order: `optimizer.step()` before `lr_scheduler.step()`.  Failure to do this will result in PyTorch skipping the first value of the learning rate schedule.See more details at https://pytorch.org/docs/stable/optim.html#how-to-adjust-learning-rate
  "https://pytorch.org/docs/stable/optim.html#how-to-adjust-learning-rate", UserWarning)
INFO:root:epoch 0 lr 9.939057e-02
INFO:root:genotype = Genotype(normal=[('dil_conv_5x5', 1), ('max_pool_3x3', 0), ('sep_conv_3x3', 2), ('sep_conv_3x3', 0), ('skip_connect', 2), ('skip_connect', 0), ('skip_connect', 3), ('skip_connect', 0)], normal_concat=range(2, 6), reduce=[('max_pool_3x3', 1), ('max_pool_3x3', 0), ('sep_conv_5x5', 1), ('avg_pool_3x3', 0), ('sep_conv_3x3', 3), ('skip_connect', 1), ('sep_conv_3x3', 1), ('dil_conv_3x3', 4)], reduce_concat=range(2, 6))
/home/rkohli/aml-project/src/train_search.py:137: UserWarning: torch.nn.utils.clip_grad_norm is now deprecated in favor of torch.nn.utils.clip_grad_norm_.
  nn.utils.clip_grad_norm(model.parameters(), args['grad_clip'])
INFO:root:train 000 2.322464e+00 0.000000 40.625000
INFO:root:train 050 2.059702e+00 25.735294 76.348039
INFO:root:train 100 1.860712e+00 33.601485 82.518564
INFO:root:train 150 1.718945e+00 39.197020 85.865066
INFO:root:train 200 1.600634e+00 44.278607 87.981965
INFO:root:train 250 1.499472e+00 48.294323 89.342629
INFO:root:train 300 1.402791e+00 52.149086 90.573090
INFO:root:train 350 1.321895e+00 55.306268 91.550926
INFO:root:train 400 1.239918e+00 58.377494 92.331671
INFO:root:train 450 1.176398e+00 60.566796 92.953160
INFO:root:train 500 1.116046e+00 62.811876 93.506737
INFO:root:train 550 1.060517e+00 64.689201 93.993875
INFO:root:train 600 1.014750e+00 66.441348 94.368760
INFO:root:train 650 9.678493e-01 68.116359 94.743664
INFO:root:train 700 9.252987e-01 69.619294 95.038338
INFO:root:train 750 8.924277e-01 70.859687 95.297936
INFO:root:train 800 8.617850e-01 71.929619 95.544632
INFO:root:train 850 8.344166e-01 72.877497 95.740306
INFO:root:train 900 8.069933e-01 73.799945 95.959351
INFO:root:train_acc 74.463333
INFO:root:epoch 1 lr 9.757730e-02
INFO:root:genotype = Genotype(normal=[('dil_conv_5x5', 1), ('max_pool_3x3', 0), ('sep_conv_3x3', 2), ('sep_conv_3x3', 0), ('skip_connect', 2), ('skip_connect', 0), ('skip_connect', 3), ('skip_connect', 0)], normal_concat=range(2, 6), reduce=[('max_pool_3x3', 1), ('max_pool_3x3', 0), ('sep_conv_5x5', 1), ('avg_pool_3x3', 0), ('sep_conv_3x3', 3), ('skip_connect', 1), ('sep_conv_3x3', 1), ('dil_conv_3x3', 4)], reduce_concat=range(2, 6))
INFO:root:train 000 1.937421e-01 100.000000 100.000000
INFO:root:train 050 2.847480e-01 91.360294 99.571078
INFO:root:train 100 2.764140e-01 91.707921 99.535891
INFO:root:train 150 2.874339e-01 91.494205 99.461921
INFO:root:train 200 2.793911e-01 91.682214 99.502488
INFO:root:train 250 2.777273e-01 91.832669 99.539343
INFO:root:train 300 2.659014e-01 92.203073 99.584718
INFO:root:train 350 2.629674e-01 92.191952 99.590456
INFO:root:train 400 2.618328e-01 92.253741 99.602556
INFO:root:train 450 2.581062e-01 92.336475 99.611973
INFO:root:train 500 2.593784e-01 92.321607 99.600798
INFO:root:train 550 2.572057e-01 92.286751 99.625681
INFO:root:train 600 2.551286e-01 92.340890 99.636023
INFO:root:train 650 2.527567e-01 92.348310 99.644777
INFO:root:train 700 2.522273e-01 92.345756 99.652282
INFO:root:train 750 2.484088e-01 92.468375 99.662949
INFO:root:train 800 2.467330e-01 92.540574 99.656679
INFO:root:train 850 2.454110e-01 92.589600 99.647474
INFO:root:train 900 2.429511e-01 92.667869 99.660100
INFO:root:train_acc 92.710000
INFO:root:epoch 2 lr 9.460482e-02
INFO:root:genotype = Genotype(normal=[('dil_conv_5x5', 1), ('max_pool_3x3', 0), ('sep_conv_3x3', 2), ('sep_conv_3x3', 0), ('skip_connect', 2), ('skip_connect', 0), ('skip_connect', 3), ('skip_connect', 0)], normal_concat=range(2, 6), reduce=[('max_pool_3x3', 1), ('max_pool_3x3', 0), ('sep_conv_5x5', 1), ('avg_pool_3x3', 0), ('sep_conv_3x3', 3), ('skip_connect', 1), ('sep_conv_3x3', 1), ('dil_conv_3x3', 4)], reduce_concat=range(2, 6))
INFO:root:train 000 8.376305e-02 100.000000 100.000000
INFO:root:train 050 1.626011e-01 95.098039 99.877451
INFO:root:train 100 1.774166e-01 94.585396 99.814356
INFO:root:train 150 1.816830e-01 94.660596 99.730960
INFO:root:train 200 1.847024e-01 94.511816 99.751244
INFO:root:train 250 1.843945e-01 94.509462 99.775896
INFO:root:train 300 1.814959e-01 94.694767 99.781977
INFO:root:train 350 1.792978e-01 94.631410 99.786325
INFO:root:train 400 1.776555e-01 94.716334 99.774002
INFO:root:train 450 1.773551e-01 94.768570 99.778271
INFO:root:train 500 1.777469e-01 94.754242 99.769212
INFO:root:train 550 1.765221e-01 94.714156 99.773140
INFO:root:train 600 1.744798e-01 94.810732 99.760815
INFO:root:train 650 1.740850e-01 94.796467 99.769585
INFO:root:train 700 1.752015e-01 94.748573 99.759272
INFO:root:train 750 1.773898e-01 94.652963 99.733688
INFO:root:train 800 1.777937e-01 94.631710 99.734707
INFO:root:train 850 1.774475e-01 94.646005 99.731933
INFO:root:train 900 1.760302e-01 94.696865 99.739872
INFO:root:train_acc 94.710000
INFO:root:epoch 3 lr 9.054634e-02
INFO:root:genotype = Genotype(normal=[('dil_conv_5x5', 1), ('max_pool_3x3', 0), ('sep_conv_3x3', 2), ('sep_conv_3x3', 0), ('skip_connect', 2), ('skip_connect', 0), ('skip_connect', 3), ('skip_connect', 0)], normal_concat=range(2, 6), reduce=[('max_pool_3x3', 1), ('max_pool_3x3', 0), ('sep_conv_5x5', 1), ('avg_pool_3x3', 0), ('sep_conv_3x3', 3), ('skip_connect', 1), ('sep_conv_3x3', 1), ('dil_conv_3x3', 4)], reduce_concat=range(2, 6))
INFO:root:train 000 2.441541e-01 84.375000 100.000000
INFO:root:train 050 1.741764e-01 94.730392 99.693627
INFO:root:train 100 1.527503e-01 95.204208 99.845297
INFO:root:train 150 1.517804e-01 95.322848 99.793046
INFO:root:train 200 1.526700e-01 95.180348 99.766791
INFO:root:train 250 1.599116e-01 94.945219 99.738546
INFO:root:train 300 1.601785e-01 95.016611 99.771595
INFO:root:train 350 1.584096e-01 95.147792 99.777422
INFO:root:train 400 1.589813e-01 95.137157 99.774002
INFO:root:train 450 1.562220e-01 95.225887 99.771341
INFO:root:train 500 1.532224e-01 95.278194 99.794162
INFO:root:train 550 1.533686e-01 95.247278 99.801497
INFO:root:train 600 1.535829e-01 95.231905 99.797213
INFO:root:train 650 1.532005e-01 95.238095 99.807988
INFO:root:train 700 1.503146e-01 95.323645 99.812767
INFO:root:train 750 1.505383e-01 95.318742 99.812750
INFO:root:train 800 1.522684e-01 95.255930 99.797129
INFO:root:train 850 1.543264e-01 95.178467 99.805376
INFO:root:train 900 1.535272e-01 95.192841 99.816176
INFO:root:train_acc 95.250000
INFO:root:epoch 4 lr 8.550179e-02
INFO:root:genotype = Genotype(normal=[('dil_conv_5x5', 1), ('max_pool_3x3', 0), ('sep_conv_3x3', 2), ('sep_conv_3x3', 0), ('skip_connect', 2), ('skip_connect', 0), ('skip_connect', 3), ('skip_connect', 0)], normal_concat=range(2, 6), reduce=[('max_pool_3x3', 1), ('max_pool_3x3', 0), ('sep_conv_5x5', 1), ('avg_pool_3x3', 0), ('sep_conv_3x3', 3), ('skip_connect', 1), ('sep_conv_3x3', 1), ('dil_conv_3x3', 4)], reduce_concat=range(2, 6))
INFO:root:train 000 2.164072e-01 93.750000 100.000000
INFO:root:train 050 1.302046e-01 95.833333 99.754902
INFO:root:train 100 1.335995e-01 96.039604 99.721535
INFO:root:train 150 1.303061e-01 96.047185 99.772351
INFO:root:train 200 1.357134e-01 95.771144 99.813433
INFO:root:train 250 1.294050e-01 96.053287 99.838147
INFO:root:train 300 1.316090e-01 96.023671 99.854651
INFO:root:train 350 1.289894e-01 96.082621 99.866453
INFO:root:train 400 1.249810e-01 96.150249 99.883105
INFO:root:train 450 1.267011e-01 96.078160 99.861419
INFO:root:train 500 1.259936e-01 96.120259 99.862774
INFO:root:train 550 1.274425e-01 96.115018 99.858212
INFO:root:train 600 1.278085e-01 96.053453 99.854409
INFO:root:train 650 1.286125e-01 95.986943 99.851190
INFO:root:train 700 1.287651e-01 96.001248 99.843973
INFO:root:train 750 1.281709e-01 96.030293 99.846039
INFO:root:train 800 1.286321e-01 96.028402 99.840044
INFO:root:train 850 1.281762e-01 96.059783 99.842098
INFO:root:train 900 1.276288e-01 96.066870 99.847392
INFO:root:train_acc 96.043333
INFO:root:epoch 5 lr 7.959537e-02
INFO:root:genotype = Genotype(normal=[('dil_conv_5x5', 1), ('max_pool_3x3', 0), ('sep_conv_3x3', 2), ('sep_conv_3x3', 0), ('skip_connect', 2), ('skip_connect', 0), ('skip_connect', 3), ('skip_connect', 0)], normal_concat=range(2, 6), reduce=[('max_pool_3x3', 1), ('max_pool_3x3', 0), ('sep_conv_5x5', 1), ('avg_pool_3x3', 0), ('sep_conv_3x3', 3), ('skip_connect', 1), ('sep_conv_3x3', 1), ('dil_conv_3x3', 4)], reduce_concat=range(2, 6))
INFO:root:train 000 3.129302e-02 100.000000 100.000000
INFO:root:train 050 1.277560e-01 96.262255 99.816176
INFO:root:train 100 1.273156e-01 96.132426 99.845297
INFO:root:train 150 1.250365e-01 96.109272 99.855132
INFO:root:train 200 1.180694e-01 96.346393 99.875622
INFO:root:train 250 1.142600e-01 96.414343 99.900398
INFO:root:train 300 1.157545e-01 96.428571 99.896179
INFO:root:train 350 1.162310e-01 96.447650 99.902066
INFO:root:train 400 1.173261e-01 96.384040 99.898691
INFO:root:train 450 1.183069e-01 96.313747 99.896064
INFO:root:train 500 1.159143e-01 96.351048 99.900200
INFO:root:train 550 1.142926e-01 96.404265 99.903584
INFO:root:train 600 1.138788e-01 96.443428 99.896007
INFO:root:train 650 1.135098e-01 96.462174 99.889593
INFO:root:train 700 1.135405e-01 96.496077 99.893010
INFO:root:train 750 1.124521e-01 96.525466 99.895972
INFO:root:train 800 1.135269e-01 96.496567 99.898564
INFO:root:train 850 1.148182e-01 96.438014 99.897180
INFO:root:train 900 1.147536e-01 96.455327 99.902886
INFO:root:train_acc 96.436667
INFO:root:epoch 6 lr 7.297253e-02
INFO:root:genotype = Genotype(normal=[('dil_conv_5x5', 1), ('max_pool_3x3', 0), ('sep_conv_3x3', 2), ('sep_conv_3x3', 0), ('skip_connect', 2), ('skip_connect', 0), ('skip_connect', 3), ('skip_connect', 0)], normal_concat=range(2, 6), reduce=[('max_pool_3x3', 1), ('max_pool_3x3', 0), ('sep_conv_5x5', 1), ('avg_pool_3x3', 0), ('sep_conv_3x3', 3), ('skip_connect', 1), ('sep_conv_3x3', 1), ('dil_conv_3x3', 4)], reduce_concat=range(2, 6))
INFO:root:train 000 1.872624e-01 96.875000 100.000000
INFO:root:train 050 9.844880e-02 97.181373 100.000000
INFO:root:train 100 9.941287e-02 97.122525 99.907178
INFO:root:train 150 8.591610e-02 97.599338 99.917219
INFO:root:train 200 8.815005e-02 97.388060 99.906716
INFO:root:train 250 9.088538e-02 97.273406 99.925299
INFO:root:train 300 9.203595e-02 97.248754 99.916944
INFO:root:train 350 9.052468e-02 97.257835 99.910969
INFO:root:train 400 9.285744e-02 97.178928 99.914277
INFO:root:train 450 9.226461e-02 97.172949 99.916851
INFO:root:train 500 9.466208e-02 97.174401 99.893962
INFO:root:train 550 9.641226e-02 97.090517 99.892241
INFO:root:train 600 9.854644e-02 97.036190 99.896007
INFO:root:train 650 1.004191e-01 97.004608 99.889593
INFO:root:train 700 1.008386e-01 97.017653 99.893010
INFO:root:train 750 1.006316e-01 97.020639 99.895972
INFO:root:train 800 1.017367e-01 96.976436 99.886860
INFO:root:train 850 1.023333e-01 96.937427 99.889835
INFO:root:train 900 1.029596e-01 96.906215 99.892481
INFO:root:train_acc 96.923333
INFO:root:epoch 7 lr 6.579634e-02
INFO:root:genotype = Genotype(normal=[('dil_conv_5x5', 1), ('max_pool_3x3', 0), ('sep_conv_3x3', 2), ('sep_conv_3x3', 0), ('skip_connect', 2), ('skip_connect', 0), ('skip_connect', 3), ('skip_connect', 0)], normal_concat=range(2, 6), reduce=[('max_pool_3x3', 1), ('max_pool_3x3', 0), ('sep_conv_5x5', 1), ('avg_pool_3x3', 0), ('sep_conv_3x3', 3), ('skip_connect', 1), ('sep_conv_3x3', 1), ('dil_conv_3x3', 4)], reduce_concat=range(2, 6))
INFO:root:train 000 8.903560e-02 96.875000 100.000000
INFO:root:train 050 8.006398e-02 97.977941 100.000000
INFO:root:train 100 7.808098e-02 97.772277 100.000000
INFO:root:train 150 7.655832e-02 97.785596 99.958609
INFO:root:train 200 7.533563e-02 97.714552 99.968905
INFO:root:train 250 7.220202e-02 97.821215 99.962649
INFO:root:train 300 7.361955e-02 97.819767 99.968854
INFO:root:train 350 7.619184e-02 97.747507 99.964387
INFO:root:train 400 7.845936e-02 97.669888 99.953242
INFO:root:train 450 8.305010e-02 97.526330 99.937639
INFO:root:train 500 8.377259e-02 97.529940 99.931387
INFO:root:train 550 8.613811e-02 97.436479 99.926270
INFO:root:train 600 8.606134e-02 97.415765 99.932404
INFO:root:train 650 8.547219e-02 97.431836 99.937596
INFO:root:train 700 8.555414e-02 97.436698 99.937589
INFO:root:train 750 8.750720e-02 97.370173 99.920939
INFO:root:train 800 8.925679e-02 97.304151 99.914170
INFO:root:train 850 9.092648e-02 97.227526 99.911868
INFO:root:train 900 8.929538e-02 97.305078 99.913291
INFO:root:train_acc 97.323333
INFO:root:epoch 8 lr 5.824351e-02
INFO:root:genotype = Genotype(normal=[('dil_conv_5x5', 1), ('max_pool_3x3', 0), ('sep_conv_3x3', 2), ('sep_conv_3x3', 0), ('skip_connect', 2), ('skip_connect', 0), ('skip_connect', 3), ('skip_connect', 0)], normal_concat=range(2, 6), reduce=[('max_pool_3x3', 1), ('max_pool_3x3', 0), ('sep_conv_5x5', 1), ('avg_pool_3x3', 0), ('sep_conv_3x3', 3), ('skip_connect', 1), ('sep_conv_3x3', 1), ('dil_conv_3x3', 4)], reduce_concat=range(2, 6))
INFO:root:train 000 5.535361e-02 100.000000 100.000000
INFO:root:train 050 7.923635e-02 97.303922 100.000000
INFO:root:train 100 8.626900e-02 97.215347 99.938119
INFO:root:train 150 8.310813e-02 97.433775 99.937914
INFO:root:train 200 7.763204e-02 97.667910 99.937811
INFO:root:train 250 7.881178e-02 97.609562 99.900398
INFO:root:train 300 7.793346e-02 97.705565 99.916944
INFO:root:train 350 7.819741e-02 97.658476 99.919872
INFO:root:train 400 7.865225e-02 97.607544 99.929863
INFO:root:train 450 8.089035e-02 97.533259 99.930710
INFO:root:train 500 8.010246e-02 97.548653 99.918912
INFO:root:train 550 8.134542e-02 97.493194 99.920599
INFO:root:train 600 8.177513e-02 97.509359 99.927205
INFO:root:train 650 8.175026e-02 97.494240 99.932796
INFO:root:train 700 8.207080e-02 97.472361 99.928673
INFO:root:train 750 8.277837e-02 97.461718 99.925100
INFO:root:train 800 8.366730e-02 97.417291 99.921973
INFO:root:train 850 8.246879e-02 97.469888 99.922885
INFO:root:train 900 8.225220e-02 97.485433 99.927164
INFO:root:train_acc 97.493333
INFO:root:epoch 9 lr 5.050000e-02
INFO:root:genotype = Genotype(normal=[('dil_conv_5x5', 1), ('max_pool_3x3', 0), ('sep_conv_3x3', 2), ('sep_conv_3x3', 0), ('skip_connect', 2), ('skip_connect', 0), ('skip_connect', 3), ('skip_connect', 0)], normal_concat=range(2, 6), reduce=[('max_pool_3x3', 1), ('max_pool_3x3', 0), ('sep_conv_5x5', 1), ('avg_pool_3x3', 0), ('sep_conv_3x3', 3), ('skip_connect', 1), ('sep_conv_3x3', 1), ('dil_conv_3x3', 4)], reduce_concat=range(2, 6))
INFO:root:train 000 9.817114e-02 96.875000 100.000000
INFO:root:train 050 7.677925e-02 97.610294 99.938725
INFO:root:train 100 7.388496e-02 97.772277 99.938119
INFO:root:train 150 7.422745e-02 97.868377 99.958609
INFO:root:train 200 7.255887e-02 97.870025 99.968905
INFO:root:train 250 7.523149e-02 97.833665 99.950199
INFO:root:train 300 7.648809e-02 97.830150 99.948090
INFO:root:train 350 7.646096e-02 97.783120 99.946581
INFO:root:train 400 7.408633e-02 97.841334 99.953242
INFO:root:train 450 7.216129e-02 97.900499 99.944568
INFO:root:train 500 7.162189e-02 97.879242 99.950100
INFO:root:train 550 7.306028e-02 97.833485 99.954628
INFO:root:train 600 7.354459e-02 97.810940 99.942804
INFO:root:train 650 7.394098e-02 97.830261 99.937596
INFO:root:train 700 7.395030e-02 97.815621 99.942047
INFO:root:train 750 7.482860e-02 97.773802 99.933422
INFO:root:train 800 7.530226e-02 97.745006 99.925874
INFO:root:train 850 7.667364e-02 97.671857 99.926557
INFO:root:train 900 7.675007e-02 97.683130 99.923696
INFO:root:train_acc 97.700000
INFO:root:epoch 10 lr 4.275649e-02
INFO:root:genotype = Genotype(normal=[('dil_conv_5x5', 1), ('max_pool_3x3', 0), ('sep_conv_3x3', 2), ('sep_conv_3x3', 0), ('skip_connect', 2), ('skip_connect', 0), ('skip_connect', 3), ('skip_connect', 0)], normal_concat=range(2, 6), reduce=[('max_pool_3x3', 1), ('max_pool_3x3', 0), ('sep_conv_5x5', 1), ('avg_pool_3x3', 0), ('sep_conv_3x3', 3), ('skip_connect', 1), ('sep_conv_3x3', 1), ('dil_conv_3x3', 4)], reduce_concat=range(2, 6))
INFO:root:train 000 4.245241e-02 100.000000 100.000000
INFO:root:train 050 6.256428e-02 98.651961 99.938725
INFO:root:train 100 5.938455e-02 98.514851 99.969059
INFO:root:train 150 5.919084e-02 98.530629 99.958609
INFO:root:train 200 6.192388e-02 98.351990 99.968905
INFO:root:train 250 6.311310e-02 98.319223 99.950199
INFO:root:train 300 6.262316e-02 98.235050 99.948090
INFO:root:train 350 6.190665e-02 98.299501 99.955484
INFO:root:train 400 5.949303e-02 98.371259 99.953242
INFO:root:train 450 5.896782e-02 98.350887 99.958426
INFO:root:train 500 5.962378e-02 98.328343 99.962575
INFO:root:train 550 5.960932e-02 98.315563 99.965971
INFO:root:train 600 5.917725e-02 98.325707 99.963602
INFO:root:train 650 5.911089e-02 98.353495 99.966398
INFO:root:train 700 6.020142e-02 98.323823 99.959879
INFO:root:train 750 6.096791e-02 98.318908 99.958389
INFO:root:train 800 6.179862e-02 98.267790 99.960986
INFO:root:train 850 6.271207e-02 98.237368 99.963278
INFO:root:train 900 6.280686e-02 98.234600 99.965316
INFO:root:train_acc 98.200000
INFO:root:epoch 11 lr 3.520366e-02
INFO:root:genotype = Genotype(normal=[('dil_conv_5x5', 1), ('max_pool_3x3', 0), ('sep_conv_3x3', 2), ('sep_conv_3x3', 0), ('skip_connect', 2), ('skip_connect', 0), ('skip_connect', 3), ('skip_connect', 0)], normal_concat=range(2, 6), reduce=[('max_pool_3x3', 1), ('max_pool_3x3', 0), ('sep_conv_5x5', 1), ('avg_pool_3x3', 0), ('sep_conv_3x3', 3), ('skip_connect', 1), ('sep_conv_3x3', 1), ('dil_conv_3x3', 4)], reduce_concat=range(2, 6))
INFO:root:train 000 1.565295e-02 100.000000 100.000000
INFO:root:train 050 6.270220e-02 98.529412 99.938725
INFO:root:train 100 5.819722e-02 98.452970 99.969059
INFO:root:train 150 5.499438e-02 98.530629 99.979305
INFO:root:train 200 5.318730e-02 98.554104 99.968905
INFO:root:train 250 5.427060e-02 98.468625 99.950199
INFO:root:train 300 5.308139e-02 98.484219 99.958472
INFO:root:train 350 5.180754e-02 98.530983 99.964387
INFO:root:train 400 5.155355e-02 98.503741 99.961035
INFO:root:train 450 5.146769e-02 98.510255 99.965355
INFO:root:train 500 5.241206e-02 98.484281 99.968812
INFO:root:train 550 5.299467e-02 98.463022 99.965971
INFO:root:train 600 5.277984e-02 98.460899 99.968802
INFO:root:train 650 5.293183e-02 98.454301 99.966398
INFO:root:train 700 5.285521e-02 98.439729 99.968795
INFO:root:train 750 5.273292e-02 98.456225 99.970872
INFO:root:train 800 5.303890e-02 98.447253 99.964888
INFO:root:train 850 5.315807e-02 98.446680 99.966951
INFO:root:train 900 5.258965e-02 98.463513 99.965316
INFO:root:train_acc 98.446667
INFO:root:epoch 12 lr 2.802747e-02
INFO:root:genotype = Genotype(normal=[('dil_conv_5x5', 1), ('max_pool_3x3', 0), ('sep_conv_3x3', 2), ('sep_conv_3x3', 0), ('skip_connect', 2), ('skip_connect', 0), ('skip_connect', 3), ('skip_connect', 0)], normal_concat=range(2, 6), reduce=[('max_pool_3x3', 1), ('max_pool_3x3', 0), ('sep_conv_5x5', 1), ('avg_pool_3x3', 0), ('sep_conv_3x3', 3), ('skip_connect', 1), ('sep_conv_3x3', 1), ('dil_conv_3x3', 4)], reduce_concat=range(2, 6))
INFO:root:train 000 2.940282e-03 100.000000 100.000000
INFO:root:train 050 4.085401e-02 98.897059 100.000000
INFO:root:train 100 3.926733e-02 99.071782 100.000000
INFO:root:train 150 3.745330e-02 99.089404 100.000000
INFO:root:train 200 3.915522e-02 98.989428 100.000000
INFO:root:train 250 3.908097e-02 98.966633 100.000000
INFO:root:train 300 3.740477e-02 99.034468 100.000000
INFO:root:train 350 3.701037e-02 99.047365 100.000000
INFO:root:train 400 3.719877e-02 99.025873 99.976621
INFO:root:train 450 3.759767e-02 99.009146 99.979213
INFO:root:train 500 3.674117e-02 99.045659 99.981287
INFO:root:train 550 3.809825e-02 99.018829 99.982985
INFO:root:train 600 3.892634e-02 98.991265 99.984401
INFO:root:train 650 3.892737e-02 98.977535 99.985599
INFO:root:train 700 3.907770e-02 98.956847 99.986626
INFO:root:train 750 3.962630e-02 98.968043 99.983356
INFO:root:train 800 4.035761e-02 98.946629 99.980493
INFO:root:train 850 4.100084e-02 98.935076 99.977967
INFO:root:train 900 4.112800e-02 98.935211 99.979190
INFO:root:train_acc 98.903333
INFO:root:epoch 13 lr 2.140463e-02
INFO:root:genotype = Genotype(normal=[('dil_conv_5x5', 1), ('max_pool_3x3', 0), ('sep_conv_3x3', 2), ('sep_conv_3x3', 0), ('skip_connect', 2), ('skip_connect', 0), ('skip_connect', 3), ('skip_connect', 0)], normal_concat=range(2, 6), reduce=[('max_pool_3x3', 1), ('max_pool_3x3', 0), ('sep_conv_5x5', 1), ('avg_pool_3x3', 0), ('sep_conv_3x3', 3), ('skip_connect', 1), ('sep_conv_3x3', 1), ('dil_conv_3x3', 4)], reduce_concat=range(2, 6))
INFO:root:train 000 1.124725e-02 100.000000 100.000000
INFO:root:train 050 3.241712e-02 99.203431 100.000000
INFO:root:train 100 2.912309e-02 99.350248 100.000000
INFO:root:train 150 3.053335e-02 99.254967 100.000000
INFO:root:train 200 3.231639e-02 99.175995 100.000000
INFO:root:train 250 3.066064e-02 99.228088 100.000000
INFO:root:train 300 3.012729e-02 99.242110 100.000000
INFO:root:train 350 3.040235e-02 99.207621 100.000000
INFO:root:train 400 3.155252e-02 99.197319 100.000000
INFO:root:train 450 3.154199e-02 99.203160 100.000000
INFO:root:train 500 3.058521e-02 99.226547 100.000000
INFO:root:train 550 3.174632e-02 99.171960 99.988657
INFO:root:train 600 3.153733e-02 99.188852 99.989601
INFO:root:train 650 3.168235e-02 99.164747 99.990399
INFO:root:train 700 3.187550e-02 99.157454 99.991084
INFO:root:train 750 3.221698e-02 99.134487 99.991678
INFO:root:train 800 3.255305e-02 99.122191 99.992197
INFO:root:train 850 3.296438e-02 99.096651 99.988984
INFO:root:train 900 3.256612e-02 99.101693 99.989595
INFO:root:train_acc 99.100000
INFO:root:epoch 14 lr 1.549821e-02
INFO:root:genotype = Genotype(normal=[('dil_conv_5x5', 1), ('max_pool_3x3', 0), ('sep_conv_3x3', 2), ('sep_conv_3x3', 0), ('skip_connect', 2), ('skip_connect', 0), ('skip_connect', 3), ('skip_connect', 0)], normal_concat=range(2, 6), reduce=[('max_pool_3x3', 1), ('max_pool_3x3', 0), ('sep_conv_5x5', 1), ('avg_pool_3x3', 0), ('sep_conv_3x3', 3), ('skip_connect', 1), ('sep_conv_3x3', 1), ('dil_conv_3x3', 4)], reduce_concat=range(2, 6))
INFO:root:train 000 2.578814e-02 100.000000 100.000000
INFO:root:train 050 2.459721e-02 99.571078 100.000000
INFO:root:train 100 2.319947e-02 99.566832 100.000000
INFO:root:train 150 2.452760e-02 99.503311 100.000000
INFO:root:train 200 2.336108e-02 99.549129 100.000000
INFO:root:train 250 2.242335e-02 99.564243 100.000000
INFO:root:train 300 2.226186e-02 99.563953 100.000000
INFO:root:train 350 2.208585e-02 99.554843 100.000000
INFO:root:train 400 2.201135e-02 99.540212 100.000000
INFO:root:train 450 2.251216e-02 99.542683 100.000000
INFO:root:train 500 2.242833e-02 99.557136 100.000000
INFO:root:train 550 2.241434e-02 99.551951 100.000000
INFO:root:train 600 2.197087e-02 99.563228 100.000000
INFO:root:train 650 2.192709e-02 99.553571 100.000000
INFO:root:train 700 2.141632e-02 99.572040 100.000000
INFO:root:train 750 2.134363e-02 99.571405 100.000000
INFO:root:train 800 2.132423e-02 99.566948 100.000000
INFO:root:train 850 2.144265e-02 99.551998 99.996328
INFO:root:train 900 2.149373e-02 99.549112 99.996532
INFO:root:train_acc 99.546667
INFO:root:epoch 15 lr 1.045366e-02
INFO:root:genotype = Genotype(normal=[('dil_conv_5x5', 1), ('max_pool_3x3', 0), ('sep_conv_3x3', 2), ('sep_conv_3x3', 0), ('skip_connect', 2), ('skip_connect', 0), ('skip_connect', 3), ('skip_connect', 0)], normal_concat=range(2, 6), reduce=[('max_pool_3x3', 1), ('max_pool_3x3', 0), ('sep_conv_5x5', 1), ('avg_pool_3x3', 0), ('sep_conv_3x3', 3), ('skip_connect', 1), ('sep_conv_3x3', 1), ('dil_conv_3x3', 4)], reduce_concat=range(2, 6))
INFO:root:train 000 1.710936e-02 100.000000 100.000000
INFO:root:train 050 1.579350e-02 99.877451 100.000000
INFO:root:train 100 1.673325e-02 99.690594 100.000000
INFO:root:train 150 1.828048e-02 99.668874 100.000000
INFO:root:train 200 1.772260e-02 99.657960 100.000000
INFO:root:train 250 1.721206e-02 99.688745 100.000000
INFO:root:train 300 1.616545e-02 99.740449 100.000000
INFO:root:train 350 1.580539e-02 99.750712 100.000000
INFO:root:train 400 1.587805e-02 99.742830 100.000000
INFO:root:train 450 1.553852e-02 99.757483 100.000000
INFO:root:train 500 1.541597e-02 99.750499 100.000000
INFO:root:train 550 1.521912e-02 99.761797 100.000000
INFO:root:train 600 1.511087e-02 99.766015 100.000000
INFO:root:train 650 1.517456e-02 99.764785 100.000000
INFO:root:train 700 1.503095e-02 99.754815 100.000000
INFO:root:train 750 1.511145e-02 99.742011 100.000000
INFO:root:train 800 1.531824e-02 99.734707 100.000000
INFO:root:train 850 1.558058e-02 99.717244 100.000000
INFO:root:train 900 1.549178e-02 99.712125 100.000000
INFO:root:train_acc 99.706667
INFO:root:epoch 16 lr 6.395177e-03
INFO:root:genotype = Genotype(normal=[('max_pool_3x3', 1), ('dil_conv_3x3', 0), ('sep_conv_3x3', 2), ('avg_pool_3x3', 1), ('sep_conv_5x5', 1), ('sep_conv_3x3', 2), ('sep_conv_5x5', 4), ('sep_conv_5x5', 2)], normal_concat=range(2, 6), reduce=[('sep_conv_5x5', 0), ('avg_pool_3x3', 1), ('sep_conv_5x5', 2), ('dil_conv_5x5', 0), ('dil_conv_5x5', 2), ('sep_conv_5x5', 3), ('dil_conv_5x5', 4), ('sep_conv_5x5', 3)], reduce_concat=range(2, 6))
INFO:root:train 000 4.183397e-03 100.000000 100.000000
INFO:root:train 050 1.185804e-02 99.816176 100.000000
INFO:root:train 100 1.121547e-02 99.907178 100.000000
INFO:root:train 150 1.106824e-02 99.896523 100.000000
INFO:root:train 200 1.105379e-02 99.906716 100.000000
INFO:root:train 250 1.118090e-02 99.900398 100.000000
INFO:root:train 300 1.106561e-02 99.896179 100.000000
INFO:root:train 350 1.121008e-02 99.884259 100.000000
INFO:root:train 400 1.141216e-02 99.875312 100.000000
INFO:root:train 450 1.121452e-02 99.882206 100.000000
INFO:root:train 500 1.133905e-02 99.869012 100.000000
INFO:root:train 550 1.128306e-02 99.875227 100.000000
INFO:root:train 600 1.096372e-02 99.885607 100.000000
INFO:root:train 650 1.117474e-02 99.870392 100.000000
INFO:root:train 700 1.140773e-02 99.848431 100.000000
INFO:root:train 750 1.122155e-02 99.846039 100.000000
INFO:root:train 800 1.111794e-02 99.851748 100.000000
INFO:root:train 850 1.113464e-02 99.849442 100.000000
INFO:root:train 900 1.123539e-02 99.836987 100.000000
INFO:root:train_acc 99.826667
INFO:root:epoch 17 lr 3.422702e-03
INFO:root:genotype = Genotype(normal=[('max_pool_3x3', 1), ('dil_conv_3x3', 0), ('sep_conv_3x3', 2), ('avg_pool_3x3', 1), ('sep_conv_5x5', 1), ('sep_conv_3x3', 3), ('sep_conv_5x5', 4), ('sep_conv_5x5', 2)], normal_concat=range(2, 6), reduce=[('avg_pool_3x3', 1), ('sep_conv_5x5', 0), ('sep_conv_5x5', 2), ('dil_conv_5x5', 1), ('dil_conv_5x5', 2), ('sep_conv_5x5', 3), ('dil_conv_5x5', 4), ('sep_conv_5x5', 3)], reduce_concat=range(2, 6))
INFO:root:train 000 2.928779e-03 100.000000 100.000000
INFO:root:train 050 1.039345e-02 99.877451 100.000000
INFO:root:train 100 9.974205e-03 99.907178 100.000000
INFO:root:train 150 9.873739e-03 99.875828 100.000000
INFO:root:train 200 1.014427e-02 99.844527 100.000000
INFO:root:train 250 9.783789e-03 99.863048 100.000000
INFO:root:train 300 9.634818e-03 99.854651 100.000000
INFO:root:train 350 9.250005e-03 99.866453 100.000000
INFO:root:train 400 9.025102e-03 99.883105 100.000000
INFO:root:train 450 8.777647e-03 99.889135 100.000000
INFO:root:train 500 8.743665e-03 99.887725 100.000000
INFO:root:train 550 8.545184e-03 99.897913 100.000000
INFO:root:train 600 8.277881e-03 99.906406 100.000000
INFO:root:train 650 8.331799e-03 99.908794 100.000000
INFO:root:train 700 8.236592e-03 99.910842 100.000000
INFO:root:train 750 8.336617e-03 99.908455 100.000000
INFO:root:train 800 8.349167e-03 99.906367 100.000000
INFO:root:train 850 8.326909e-03 99.908196 100.000000
INFO:root:train 900 8.426823e-03 99.902886 100.000000
INFO:root:train_acc 99.896667
INFO:root:epoch 18 lr 1.609427e-03
INFO:root:genotype = Genotype(normal=[('max_pool_3x3', 1), ('dil_conv_3x3', 0), ('sep_conv_3x3', 2), ('avg_pool_3x3', 1), ('sep_conv_3x3', 3), ('sep_conv_5x5', 1), ('sep_conv_5x5', 4), ('sep_conv_5x5', 1)], normal_concat=range(2, 6), reduce=[('avg_pool_3x3', 1), ('sep_conv_5x5', 0), ('sep_conv_5x5', 2), ('dil_conv_5x5', 1), ('dil_conv_5x5', 2), ('sep_conv_5x5', 3), ('dil_conv_5x5', 4), ('sep_conv_5x5', 3)], reduce_concat=range(2, 6))
INFO:root:train 000 3.120810e-03 100.000000 100.000000
INFO:root:train 050 9.826075e-03 99.877451 100.000000
INFO:root:train 100 9.435368e-03 99.907178 100.000000
INFO:root:train 150 8.994302e-03 99.917219 100.000000
INFO:root:train 200 8.278488e-03 99.937811 100.000000
INFO:root:train 250 8.295764e-03 99.937749 100.000000
INFO:root:train 300 8.143790e-03 99.948090 100.000000
INFO:root:train 350 8.095337e-03 99.946581 100.000000
INFO:root:train 400 8.258874e-03 99.937656 100.000000
INFO:root:train 450 8.148298e-03 99.937639 100.000000
INFO:root:train 500 7.902156e-03 99.943862 100.000000
INFO:root:train 550 7.838665e-03 99.948956 100.000000
INFO:root:train 600 7.685607e-03 99.953203 100.000000
INFO:root:train 650 7.785401e-03 99.947197 100.000000
INFO:root:train 700 7.610299e-03 99.950963 100.000000
INFO:root:train 750 7.592999e-03 99.950067 100.000000
INFO:root:train 800 7.532542e-03 99.949282 100.000000
INFO:root:train 850 7.560321e-03 99.944918 100.000000
INFO:root:train 900 7.606241e-03 99.941038 100.000000
INFO:root:train_acc 99.936667
INFO:root:epoch 19 lr 1.000000e-03
INFO:root:genotype = Genotype(normal=[('max_pool_3x3', 1), ('dil_conv_3x3', 0), ('sep_conv_3x3', 2), ('avg_pool_3x3', 1), ('sep_conv_5x5', 1), ('avg_pool_3x3', 0), ('sep_conv_5x5', 4), ('sep_conv_5x5', 2)], normal_concat=range(2, 6), reduce=[('avg_pool_3x3', 1), ('sep_conv_5x5', 0), ('sep_conv_5x5', 2), ('dil_conv_5x5', 1), ('dil_conv_5x5', 2), ('sep_conv_5x5', 3), ('dil_conv_5x5', 4), ('sep_conv_5x5', 3)], reduce_concat=range(2, 6))
INFO:root:train 000 3.481403e-03 100.000000 100.000000
INFO:root:train 050 8.176517e-03 99.938725 100.000000
INFO:root:train 100 7.811281e-03 99.907178 100.000000
INFO:root:train 150 7.766969e-03 99.937914 100.000000
INFO:root:train 200 7.838045e-03 99.937811 100.000000
INFO:root:train 250 8.280125e-03 99.912849 100.000000
INFO:root:train 300 8.212843e-03 99.916944 100.000000
INFO:root:train 350 7.919627e-03 99.928775 100.000000
INFO:root:train 400 7.862777e-03 99.929863 100.000000
INFO:root:train 450 7.796079e-03 99.930710 100.000000
INFO:root:train 500 7.651316e-03 99.931387 100.000000
INFO:root:train 550 7.599423e-03 99.931942 100.000000
INFO:root:train 600 7.533783e-03 99.932404 100.000000
INFO:root:train 650 7.386957e-03 99.937596 100.000000
INFO:root:train 700 7.496404e-03 99.937589 100.000000
INFO:root:train 750 7.482908e-03 99.941744 100.000000
INFO:root:train 800 7.644379e-03 99.933677 100.000000
INFO:root:train 850 7.548717e-03 99.937573 100.000000
INFO:root:train 900 7.518809e-03 99.941038 100.000000
INFO:root:train_acc 99.943333
INFO:root:valid 000 8.059588e-02 96.875000 100.000000
INFO:root:valid 050 3.094088e-02 99.264706 99.877451
INFO:root:valid 100 3.540774e-02 99.133663 99.814356
INFO:root:valid 150 3.415979e-02 99.110099 99.875828
INFO:root:valid 200 3.417459e-02 99.067164 99.891169
INFO:root:valid 250 3.173681e-02 99.091135 99.912849
INFO:root:valid 300 3.473211e-02 99.044850 99.916944
INFO:root:valid 350 3.470284e-02 99.074074 99.919872
INFO:root:valid 400 3.372189e-02 99.103803 99.914277
INFO:root:valid 450 3.355529e-02 99.133869 99.923780
INFO:root:valid 500 3.385244e-02 99.114271 99.918912
INFO:root:valid 550 3.389364e-02 99.103902 99.920599
INFO:root:valid 600 3.517229e-02 99.069260 99.916805
INFO:root:valid 650 3.519149e-02 99.059140 99.918395
INFO:root:valid 700 3.537802e-02 99.046006 99.919757
INFO:root:valid 750 3.539991e-02 99.013815 99.925100
INFO:root:valid 800 3.527114e-02 99.024657 99.925874
INFO:root:valid 850 3.484246e-02 99.030552 99.926557
INFO:root:valid 900 3.454746e-02 99.035794 99.927164
INFO:root:valid_acc 99.026667
