INFO:root:gpu device = cuda:0
INFO:root:args = {'data': './data', 'set': 'cifar10', 'batch_size': 32, 'learning_rate': 0.1, 'learning_rate_min': 0.001, 'momentum': 0.9, 'weight_decay': 0.0003, 'report_freq': 50, 'gpu': 'cuda:0', 'epochs': 20, 'init_channels': 8, 'layers': 4, 'model_path': 'saved_models', 'cutout': False, 'cutout_length': 16, 'drop_path_prob': 0.3, 'save': './EXP4/EXP-20190915-005203-3', 'seed': 3, 'grad_clip': 5, 'train_portion': 0.5, 'unrolled': False, 'arch_learning_rate': 0.0006, 'arch_weight_decay': 0.001}
INFO:root:param size = 0.056538MB
/home/rkohli/anaconda3/lib/python3.7/site-packages/torch/optim/lr_scheduler.py:82: UserWarning: Detected call of `lr_scheduler.step()` before `optimizer.step()`. In PyTorch 1.1.0 and later, you should call them in the opposite order: `optimizer.step()` before `lr_scheduler.step()`.  Failure to do this will result in PyTorch skipping the first value of the learning rate schedule.See more details at https://pytorch.org/docs/stable/optim.html#how-to-adjust-learning-rate
  "https://pytorch.org/docs/stable/optim.html#how-to-adjust-learning-rate", UserWarning)
INFO:root:epoch 0 lr 9.939057e-02
INFO:root:genotype = Genotype(normal=[('dil_conv_5x5', 0), ('sep_conv_5x5', 1), ('sep_conv_5x5', 1), ('dil_conv_3x3', 0), ('avg_pool_3x3', 0), ('skip_connect', 2), ('max_pool_3x3', 2), ('max_pool_3x3', 3)], normal_concat=range(2, 6), reduce=[('dil_conv_3x3', 0), ('dil_conv_5x5', 1), ('dil_conv_3x3', 0), ('skip_connect', 1), ('dil_conv_5x5', 2), ('avg_pool_3x3', 3), ('sep_conv_3x3', 0), ('avg_pool_3x3', 1)], reduce_concat=range(2, 6))
/home/rkohli/aml-project/src/train_search.py:137: UserWarning: torch.nn.utils.clip_grad_norm is now deprecated in favor of torch.nn.utils.clip_grad_norm_.
  nn.utils.clip_grad_norm(model.parameters(), args['grad_clip'])
INFO:root:train 000 2.338270e+00 9.375000 37.500000
INFO:root:train 050 2.066875e+00 24.264706 76.102941
INFO:root:train 100 1.869706e+00 31.806931 81.837871
INFO:root:train 150 1.720849e+00 37.913907 85.078642
INFO:root:train 200 1.601707e+00 42.879353 87.251244
INFO:root:train 250 1.494671e+00 47.360558 88.869522
INFO:root:train 300 1.400354e+00 51.266611 90.105897
INFO:root:train 350 1.328068e+00 54.113248 90.972222
INFO:root:train 400 1.249921e+00 57.044888 91.825125
INFO:root:train 450 1.184174e+00 59.575942 92.516630
INFO:root:train 500 1.123255e+00 61.894960 93.076347
INFO:root:train 550 1.066413e+00 63.980263 93.568512
INFO:root:train 600 1.016745e+00 65.760191 94.009983
INFO:root:train 650 9.755165e-01 67.228303 94.393241
INFO:root:train 700 9.372531e-01 68.571683 94.717368
INFO:root:train 750 9.004722e-01 69.856858 95.014980
INFO:root:train 800 8.676096e-01 71.012797 95.263733
INFO:root:train 850 8.382336e-01 72.073296 95.472239
INFO:root:train 900 8.099577e-01 73.078524 95.678413
INFO:root:train_acc 73.746667
INFO:root:epoch 1 lr 9.757730e-02
INFO:root:genotype = Genotype(normal=[('dil_conv_5x5', 0), ('sep_conv_5x5', 1), ('sep_conv_5x5', 1), ('dil_conv_3x3', 0), ('avg_pool_3x3', 0), ('skip_connect', 2), ('max_pool_3x3', 2), ('max_pool_3x3', 3)], normal_concat=range(2, 6), reduce=[('dil_conv_3x3', 0), ('dil_conv_5x5', 1), ('dil_conv_3x3', 0), ('skip_connect', 1), ('dil_conv_5x5', 2), ('avg_pool_3x3', 3), ('sep_conv_3x3', 0), ('avg_pool_3x3', 1)], reduce_concat=range(2, 6))
INFO:root:train 000 3.165404e-01 93.750000 100.000000
INFO:root:train 050 2.839281e-01 91.421569 99.754902
INFO:root:train 100 2.911358e-01 91.305693 99.566832
INFO:root:train 150 2.865336e-01 91.307947 99.482616
INFO:root:train 200 2.931553e-01 91.075871 99.518035
INFO:root:train 250 3.029169e-01 90.886454 99.439741
INFO:root:train 300 3.012546e-01 90.946844 99.418605
INFO:root:train 350 2.952418e-01 91.079060 99.430199
INFO:root:train 400 2.902612e-01 91.108167 99.477868
INFO:root:train 450 2.815558e-01 91.414911 99.494180
INFO:root:train 500 2.773347e-01 91.485778 99.519711
INFO:root:train 550 2.754300e-01 91.583485 99.540608
INFO:root:train 600 2.765766e-01 91.566140 99.547629
INFO:root:train 650 2.728361e-01 91.681068 99.548771
INFO:root:train 700 2.664755e-01 91.886591 99.567582
INFO:root:train 750 2.641130e-01 91.994008 99.567244
INFO:root:train 800 2.614279e-01 92.111423 99.559145
INFO:root:train 850 2.594760e-01 92.134254 99.559342
INFO:root:train 900 2.574596e-01 92.203108 99.552580
INFO:root:train_acc 92.253333
INFO:root:epoch 2 lr 9.460482e-02
INFO:root:genotype = Genotype(normal=[('dil_conv_5x5', 0), ('sep_conv_5x5', 1), ('sep_conv_5x5', 1), ('dil_conv_3x3', 0), ('avg_pool_3x3', 0), ('skip_connect', 2), ('max_pool_3x3', 2), ('max_pool_3x3', 3)], normal_concat=range(2, 6), reduce=[('dil_conv_3x3', 0), ('dil_conv_5x5', 1), ('dil_conv_3x3', 0), ('skip_connect', 1), ('dil_conv_5x5', 2), ('avg_pool_3x3', 3), ('sep_conv_3x3', 0), ('avg_pool_3x3', 1)], reduce_concat=range(2, 6))
INFO:root:train 000 4.658671e-01 87.500000 96.875000
INFO:root:train 050 2.125253e-01 93.259804 99.448529
INFO:root:train 100 2.018331e-01 93.626238 99.628713
INFO:root:train 150 2.002034e-01 93.687914 99.627483
INFO:root:train 200 2.057035e-01 93.594527 99.642413
INFO:root:train 250 2.049660e-01 93.538347 99.713645
INFO:root:train 300 2.003750e-01 93.791528 99.740449
INFO:root:train 350 1.949711e-01 93.999288 99.759615
INFO:root:train 400 1.930365e-01 94.131858 99.735037
INFO:root:train 450 1.905463e-01 94.207317 99.743625
INFO:root:train 500 1.863198e-01 94.298902 99.744261
INFO:root:train 550 1.873846e-01 94.266107 99.733439
INFO:root:train 600 1.870969e-01 94.280366 99.729617
INFO:root:train 650 1.869101e-01 94.249232 99.731183
INFO:root:train 700 1.875248e-01 94.226997 99.736983
INFO:root:train 750 1.856489e-01 94.311751 99.750333
INFO:root:train 800 1.837911e-01 94.378121 99.754213
INFO:root:train 850 1.849041e-01 94.344888 99.761310
INFO:root:train 900 1.871004e-01 94.291065 99.757214
INFO:root:train_acc 94.306667
INFO:root:epoch 3 lr 9.054634e-02
INFO:root:genotype = Genotype(normal=[('dil_conv_5x5', 0), ('sep_conv_5x5', 1), ('sep_conv_5x5', 1), ('dil_conv_3x3', 0), ('avg_pool_3x3', 0), ('skip_connect', 2), ('max_pool_3x3', 2), ('max_pool_3x3', 3)], normal_concat=range(2, 6), reduce=[('dil_conv_3x3', 0), ('dil_conv_5x5', 1), ('dil_conv_3x3', 0), ('skip_connect', 1), ('dil_conv_5x5', 2), ('avg_pool_3x3', 3), ('sep_conv_3x3', 0), ('avg_pool_3x3', 1)], reduce_concat=range(2, 6))
INFO:root:train 000 2.052834e-01 93.750000 100.000000
INFO:root:train 050 1.683281e-01 95.159314 99.938725
INFO:root:train 100 1.741779e-01 94.832921 99.845297
INFO:root:train 150 1.614422e-01 95.177980 99.834437
INFO:root:train 200 1.592666e-01 95.304726 99.844527
INFO:root:train 250 1.576268e-01 95.368526 99.838147
INFO:root:train 300 1.562785e-01 95.400748 99.844269
INFO:root:train 350 1.519032e-01 95.512821 99.830840
INFO:root:train 400 1.533555e-01 95.394327 99.836347
INFO:root:train 450 1.516970e-01 95.468404 99.826774
INFO:root:train 500 1.520096e-01 95.484032 99.812874
INFO:root:train 550 1.541457e-01 95.394737 99.812840
INFO:root:train 600 1.559499e-01 95.325499 99.807612
INFO:root:train 650 1.555725e-01 95.295699 99.817588
INFO:root:train 700 1.571845e-01 95.230029 99.799394
INFO:root:train 750 1.573451e-01 95.214714 99.808589
INFO:root:train 800 1.558999e-01 95.259831 99.808833
INFO:root:train 850 1.543179e-01 95.336369 99.805376
INFO:root:train 900 1.529590e-01 95.387070 99.802303
INFO:root:train_acc 95.396667
INFO:root:epoch 4 lr 8.550179e-02
INFO:root:genotype = Genotype(normal=[('dil_conv_5x5', 0), ('sep_conv_5x5', 1), ('sep_conv_5x5', 1), ('dil_conv_3x3', 0), ('avg_pool_3x3', 0), ('skip_connect', 2), ('max_pool_3x3', 2), ('max_pool_3x3', 3)], normal_concat=range(2, 6), reduce=[('dil_conv_3x3', 0), ('dil_conv_5x5', 1), ('dil_conv_3x3', 0), ('skip_connect', 1), ('dil_conv_5x5', 2), ('avg_pool_3x3', 3), ('sep_conv_3x3', 0), ('avg_pool_3x3', 1)], reduce_concat=range(2, 6))
INFO:root:train 000 7.748730e-02 96.875000 100.000000
INFO:root:train 050 1.439913e-01 95.526961 99.938725
INFO:root:train 100 1.330616e-01 95.792079 99.969059
INFO:root:train 150 1.260625e-01 95.985099 99.937914
INFO:root:train 200 1.268092e-01 96.019900 99.937811
INFO:root:train 250 1.377614e-01 95.704681 99.925299
INFO:root:train 300 1.386707e-01 95.722591 99.906561
INFO:root:train 350 1.379318e-01 95.699786 99.902066
INFO:root:train 400 1.383908e-01 95.791771 99.890898
INFO:root:train 450 1.382358e-01 95.800998 99.882206
INFO:root:train 500 1.343878e-01 95.901946 99.887725
INFO:root:train 550 1.350758e-01 95.820100 99.886570
INFO:root:train 600 1.347311e-01 95.840266 99.875208
INFO:root:train 650 1.348267e-01 95.857335 99.860791
INFO:root:train 700 1.351329e-01 95.836305 99.843973
INFO:root:train 750 1.368052e-01 95.776465 99.846039
INFO:root:train 800 1.371600e-01 95.739700 99.847846
INFO:root:train 850 1.370377e-01 95.703584 99.849442
INFO:root:train 900 1.386392e-01 95.650666 99.840455
INFO:root:train_acc 95.603333
INFO:root:epoch 5 lr 7.959537e-02
INFO:root:genotype = Genotype(normal=[('dil_conv_5x5', 0), ('sep_conv_5x5', 1), ('sep_conv_5x5', 1), ('dil_conv_3x3', 0), ('avg_pool_3x3', 0), ('skip_connect', 2), ('max_pool_3x3', 2), ('max_pool_3x3', 3)], normal_concat=range(2, 6), reduce=[('dil_conv_3x3', 0), ('dil_conv_5x5', 1), ('dil_conv_3x3', 0), ('skip_connect', 1), ('dil_conv_5x5', 2), ('avg_pool_3x3', 3), ('sep_conv_3x3', 0), ('avg_pool_3x3', 1)], reduce_concat=range(2, 6))
INFO:root:train 000 9.869512e-02 96.875000 100.000000
INFO:root:train 050 9.866880e-02 96.936275 100.000000
INFO:root:train 100 9.019181e-02 97.370050 100.000000
INFO:root:train 150 9.265955e-02 97.185430 100.000000
INFO:root:train 200 1.005591e-01 96.906095 99.984453
INFO:root:train 250 1.066611e-01 96.738048 99.950199
INFO:root:train 300 1.101707e-01 96.605066 99.927326
INFO:root:train 350 1.087237e-01 96.616809 99.928775
INFO:root:train 400 1.104438e-01 96.547693 99.906484
INFO:root:train 450 1.116881e-01 96.521619 99.896064
INFO:root:train 500 1.137836e-01 96.438373 99.881487
INFO:root:train 550 1.136807e-01 96.466652 99.875227
INFO:root:train 600 1.143203e-01 96.479825 99.880408
INFO:root:train 650 1.151878e-01 96.442972 99.865591
INFO:root:train 700 1.151789e-01 96.451498 99.866262
INFO:root:train 750 1.153183e-01 96.450566 99.866844
INFO:root:train 800 1.152770e-01 96.441948 99.871255
INFO:root:train 850 1.160861e-01 96.404965 99.867803
INFO:root:train 900 1.177741e-01 96.361681 99.868202
INFO:root:train_acc 96.363333
INFO:root:epoch 6 lr 7.297253e-02
INFO:root:genotype = Genotype(normal=[('dil_conv_5x5', 0), ('sep_conv_5x5', 1), ('sep_conv_5x5', 1), ('dil_conv_3x3', 0), ('avg_pool_3x3', 0), ('skip_connect', 2), ('max_pool_3x3', 2), ('max_pool_3x3', 3)], normal_concat=range(2, 6), reduce=[('dil_conv_3x3', 0), ('dil_conv_5x5', 1), ('dil_conv_3x3', 0), ('skip_connect', 1), ('dil_conv_5x5', 2), ('avg_pool_3x3', 3), ('sep_conv_3x3', 0), ('avg_pool_3x3', 1)], reduce_concat=range(2, 6))
INFO:root:train 000 2.820443e-01 90.625000 100.000000
INFO:root:train 050 1.064075e-01 96.384804 100.000000
INFO:root:train 100 1.026703e-01 96.534653 99.969059
INFO:root:train 150 1.045035e-01 96.668046 99.958609
INFO:root:train 200 1.003704e-01 96.781716 99.937811
INFO:root:train 250 9.758221e-02 96.812749 99.925299
INFO:root:train 300 9.746278e-02 96.833472 99.937708
INFO:root:train 350 9.692581e-02 96.883903 99.937678
INFO:root:train 400 1.009532e-01 96.742519 99.929863
INFO:root:train 450 1.014091e-01 96.777993 99.937639
INFO:root:train 500 1.000959e-01 96.856287 99.931387
INFO:root:train 550 1.011047e-01 96.852314 99.920599
INFO:root:train 600 1.010144e-01 96.828203 99.922005
INFO:root:train 650 1.003176e-01 96.884601 99.918395
INFO:root:train 700 1.024044e-01 96.825963 99.915300
INFO:root:train 750 1.025256e-01 96.812583 99.912617
INFO:root:train 800 1.029018e-01 96.789170 99.906367
INFO:root:train 850 1.037445e-01 96.761163 99.904524
INFO:root:train 900 1.040880e-01 96.764012 99.906354
INFO:root:train_acc 96.726667
INFO:root:epoch 7 lr 6.579634e-02
INFO:root:genotype = Genotype(normal=[('dil_conv_5x5', 0), ('sep_conv_5x5', 1), ('sep_conv_5x5', 1), ('dil_conv_3x3', 0), ('avg_pool_3x3', 0), ('skip_connect', 2), ('max_pool_3x3', 2), ('max_pool_3x3', 3)], normal_concat=range(2, 6), reduce=[('dil_conv_3x3', 0), ('dil_conv_5x5', 1), ('dil_conv_3x3', 0), ('skip_connect', 1), ('dil_conv_5x5', 2), ('avg_pool_3x3', 3), ('sep_conv_3x3', 0), ('avg_pool_3x3', 1)], reduce_concat=range(2, 6))
INFO:root:train 000 4.970235e-02 100.000000 100.000000
INFO:root:train 050 8.407944e-02 97.365196 99.938725
INFO:root:train 100 7.938302e-02 97.524752 99.969059
INFO:root:train 150 8.338070e-02 97.516556 99.979305
INFO:root:train 200 8.331466e-02 97.512438 99.984453
INFO:root:train 250 8.564370e-02 97.397908 99.962649
INFO:root:train 300 8.885129e-02 97.259136 99.937708
INFO:root:train 350 9.052131e-02 97.186610 99.937678
INFO:root:train 400 8.876606e-02 97.272444 99.937656
INFO:root:train 450 8.941154e-02 97.242239 99.930710
INFO:root:train 500 8.749649e-02 97.342814 99.925150
INFO:root:train 550 9.002598e-02 97.266334 99.926270
INFO:root:train 600 9.211694e-02 97.238977 99.922005
INFO:root:train 650 9.148795e-02 97.259025 99.918395
INFO:root:train 700 9.049509e-02 97.280670 99.919757
INFO:root:train 750 9.141030e-02 97.241178 99.925100
INFO:root:train 800 9.371503e-02 97.140293 99.914170
INFO:root:train 850 9.508718e-02 97.117362 99.900852
INFO:root:train 900 9.490380e-02 97.135128 99.895949
INFO:root:train_acc 97.136667
INFO:root:epoch 8 lr 5.824351e-02
INFO:root:genotype = Genotype(normal=[('dil_conv_5x5', 0), ('sep_conv_5x5', 1), ('sep_conv_5x5', 1), ('dil_conv_3x3', 0), ('avg_pool_3x3', 0), ('skip_connect', 2), ('max_pool_3x3', 2), ('max_pool_3x3', 3)], normal_concat=range(2, 6), reduce=[('dil_conv_3x3', 0), ('dil_conv_5x5', 1), ('dil_conv_3x3', 0), ('skip_connect', 1), ('dil_conv_5x5', 2), ('avg_pool_3x3', 3), ('sep_conv_3x3', 0), ('avg_pool_3x3', 1)], reduce_concat=range(2, 6))
INFO:root:train 000 3.501517e-02 100.000000 100.000000
INFO:root:train 050 6.968543e-02 98.039216 100.000000
INFO:root:train 100 6.990810e-02 98.019802 99.969059
INFO:root:train 150 6.933326e-02 98.075331 99.979305
INFO:root:train 200 7.155383e-02 97.963308 99.984453
INFO:root:train 250 7.377630e-02 97.871016 99.987550
INFO:root:train 300 7.205601e-02 97.985880 99.989618
INFO:root:train 350 7.491143e-02 97.881054 99.955484
INFO:root:train 400 7.477279e-02 97.872506 99.961035
INFO:root:train 450 7.615283e-02 97.838137 99.951497
INFO:root:train 500 7.567787e-02 97.841816 99.956337
INFO:root:train 550 7.457939e-02 97.878857 99.960299
INFO:root:train 600 7.458290e-02 97.847338 99.963602
INFO:root:train 650 7.494315e-02 97.806260 99.966398
INFO:root:train 700 7.652464e-02 97.766583 99.959879
INFO:root:train 750 7.799248e-02 97.707224 99.950067
INFO:root:train 800 7.961418e-02 97.670880 99.945381
INFO:root:train 850 7.956943e-02 97.664512 99.948590
INFO:root:train 900 8.080210e-02 97.634573 99.947974
INFO:root:train_acc 97.623333
INFO:root:epoch 9 lr 5.050000e-02
INFO:root:genotype = Genotype(normal=[('dil_conv_5x5', 0), ('sep_conv_5x5', 1), ('sep_conv_5x5', 1), ('dil_conv_3x3', 0), ('avg_pool_3x3', 0), ('skip_connect', 2), ('max_pool_3x3', 2), ('max_pool_3x3', 3)], normal_concat=range(2, 6), reduce=[('dil_conv_3x3', 0), ('dil_conv_5x5', 1), ('dil_conv_3x3', 0), ('skip_connect', 1), ('dil_conv_5x5', 2), ('avg_pool_3x3', 3), ('sep_conv_3x3', 0), ('avg_pool_3x3', 1)], reduce_concat=range(2, 6))
INFO:root:train 000 3.104369e-02 100.000000 100.000000
INFO:root:train 050 6.182417e-02 98.406863 100.000000
INFO:root:train 100 6.010367e-02 98.391089 100.000000
INFO:root:train 150 6.814117e-02 98.137417 99.979305
INFO:root:train 200 6.689309e-02 98.087687 99.984453
INFO:root:train 250 6.927284e-02 98.020418 99.975100
INFO:root:train 300 6.703492e-02 98.089701 99.979236
INFO:root:train 350 6.539752e-02 98.165954 99.982194
INFO:root:train 400 6.705735e-02 98.121883 99.961035
INFO:root:train 450 6.614524e-02 98.108370 99.958426
INFO:root:train 500 6.734788e-02 98.085080 99.962575
INFO:root:train 550 6.953898e-02 98.009301 99.965971
INFO:root:train 600 7.120053e-02 97.930532 99.958403
INFO:root:train 650 7.245074e-02 97.902266 99.947197
INFO:root:train 700 7.420550e-02 97.833452 99.933131
INFO:root:train 750 7.446687e-02 97.815413 99.937583
INFO:root:train 800 7.411103e-02 97.811330 99.941479
INFO:root:train 850 7.457296e-02 97.807726 99.937573
INFO:root:train 900 7.440905e-02 97.842675 99.934101
INFO:root:train_acc 97.873333
INFO:root:epoch 10 lr 4.275649e-02
INFO:root:genotype = Genotype(normal=[('dil_conv_5x5', 0), ('sep_conv_5x5', 1), ('sep_conv_5x5', 1), ('dil_conv_3x3', 0), ('avg_pool_3x3', 0), ('skip_connect', 2), ('max_pool_3x3', 2), ('max_pool_3x3', 3)], normal_concat=range(2, 6), reduce=[('dil_conv_3x3', 0), ('dil_conv_5x5', 1), ('dil_conv_3x3', 0), ('skip_connect', 1), ('dil_conv_5x5', 2), ('avg_pool_3x3', 3), ('sep_conv_3x3', 0), ('avg_pool_3x3', 1)], reduce_concat=range(2, 6))
INFO:root:train 000 4.719729e-02 96.875000 100.000000
INFO:root:train 050 6.374559e-02 98.406863 100.000000
INFO:root:train 100 5.462950e-02 98.607673 99.969059
INFO:root:train 150 5.416595e-02 98.572020 99.979305
INFO:root:train 200 5.766489e-02 98.429726 99.984453
INFO:root:train 250 5.814598e-02 98.344124 99.987550
INFO:root:train 300 5.977976e-02 98.349252 99.968854
INFO:root:train 350 5.847728e-02 98.397436 99.973291
INFO:root:train 400 5.727339e-02 98.425810 99.976621
INFO:root:train 450 5.604343e-02 98.461752 99.979213
INFO:root:train 500 5.612392e-02 98.446856 99.981287
INFO:root:train 550 5.662394e-02 98.406307 99.982985
INFO:root:train 600 5.759312e-02 98.341306 99.974002
INFO:root:train 650 5.772911e-02 98.343894 99.971198
INFO:root:train 700 5.831487e-02 98.337197 99.964337
INFO:root:train 750 6.071054e-02 98.252330 99.958389
INFO:root:train 800 6.143652e-02 98.232678 99.960986
INFO:root:train 850 6.241613e-02 98.200646 99.959606
INFO:root:train 900 6.353917e-02 98.161765 99.958380
INFO:root:train_acc 98.163333
INFO:root:epoch 11 lr 3.520366e-02
INFO:root:genotype = Genotype(normal=[('dil_conv_5x5', 0), ('sep_conv_5x5', 1), ('sep_conv_5x5', 1), ('dil_conv_3x3', 0), ('avg_pool_3x3', 0), ('skip_connect', 2), ('max_pool_3x3', 2), ('max_pool_3x3', 3)], normal_concat=range(2, 6), reduce=[('dil_conv_3x3', 0), ('dil_conv_5x5', 1), ('dil_conv_3x3', 0), ('skip_connect', 1), ('dil_conv_5x5', 2), ('avg_pool_3x3', 3), ('sep_conv_3x3', 0), ('avg_pool_3x3', 1)], reduce_concat=range(2, 6))
INFO:root:train 000 2.518804e-02 100.000000 100.000000
INFO:root:train 050 4.663168e-02 98.590686 100.000000
INFO:root:train 100 5.027675e-02 98.514851 100.000000
INFO:root:train 150 4.650143e-02 98.696192 100.000000
INFO:root:train 200 4.680175e-02 98.678483 100.000000
INFO:root:train 250 4.725628e-02 98.655378 99.987550
INFO:root:train 300 4.841694e-02 98.608804 99.979236
INFO:root:train 350 4.821885e-02 98.646724 99.982194
INFO:root:train 400 4.844340e-02 98.636222 99.984414
INFO:root:train 450 4.867512e-02 98.621120 99.986142
INFO:root:train 500 4.737754e-02 98.665170 99.987525
INFO:root:train 550 4.755181e-02 98.650181 99.988657
INFO:root:train 600 4.861315e-02 98.637687 99.989601
INFO:root:train 650 4.829436e-02 98.646313 99.990399
INFO:root:train 700 4.839706e-02 98.644793 99.991084
INFO:root:train 750 4.837839e-02 98.647636 99.991678
INFO:root:train 800 4.833936e-02 98.661829 99.992197
INFO:root:train 850 4.849181e-02 98.648649 99.992656
INFO:root:train 900 4.879105e-02 98.640400 99.993063
INFO:root:train_acc 98.656667
INFO:root:epoch 12 lr 2.802747e-02
INFO:root:genotype = Genotype(normal=[('dil_conv_5x5', 0), ('sep_conv_5x5', 1), ('sep_conv_5x5', 1), ('dil_conv_3x3', 0), ('avg_pool_3x3', 0), ('skip_connect', 2), ('max_pool_3x3', 2), ('max_pool_3x3', 3)], normal_concat=range(2, 6), reduce=[('dil_conv_3x3', 0), ('dil_conv_5x5', 1), ('dil_conv_3x3', 0), ('skip_connect', 1), ('dil_conv_5x5', 2), ('avg_pool_3x3', 3), ('sep_conv_3x3', 0), ('avg_pool_3x3', 1)], reduce_concat=range(2, 6))
INFO:root:train 000 2.651118e-02 100.000000 100.000000
INFO:root:train 050 4.098247e-02 98.897059 99.938725
INFO:root:train 100 3.747739e-02 99.009901 99.969059
INFO:root:train 150 4.002380e-02 99.027318 99.979305
INFO:root:train 200 3.885274e-02 99.082711 99.968905
INFO:root:train 250 3.706743e-02 99.165837 99.962649
INFO:root:train 300 3.712887e-02 99.169435 99.968854
INFO:root:train 350 4.113931e-02 99.056268 99.964387
INFO:root:train 400 4.205847e-02 99.025873 99.961035
INFO:root:train 450 4.318040e-02 98.939856 99.958426
INFO:root:train 500 4.286086e-02 98.939621 99.950100
INFO:root:train 550 4.299074e-02 98.905399 99.954628
INFO:root:train 600 4.295342e-02 98.908070 99.958403
INFO:root:train 650 4.278139e-02 98.905530 99.961598
INFO:root:train 700 4.305040e-02 98.889979 99.964337
INFO:root:train 750 4.271744e-02 98.880659 99.966711
INFO:root:train 800 4.320928e-02 98.860799 99.968789
INFO:root:train 850 4.323170e-02 98.861633 99.966951
INFO:root:train 900 4.277588e-02 98.865844 99.968785
INFO:root:train_acc 98.856667
INFO:root:epoch 13 lr 2.140463e-02
INFO:root:genotype = Genotype(normal=[('dil_conv_5x5', 0), ('sep_conv_5x5', 1), ('sep_conv_5x5', 1), ('dil_conv_3x3', 0), ('avg_pool_3x3', 0), ('skip_connect', 2), ('max_pool_3x3', 2), ('max_pool_3x3', 3)], normal_concat=range(2, 6), reduce=[('dil_conv_3x3', 0), ('dil_conv_5x5', 1), ('dil_conv_3x3', 0), ('skip_connect', 1), ('dil_conv_5x5', 2), ('avg_pool_3x3', 3), ('sep_conv_3x3', 0), ('avg_pool_3x3', 1)], reduce_concat=range(2, 6))
INFO:root:train 000 1.985747e-02 100.000000 100.000000
INFO:root:train 050 2.578364e-02 99.325980 100.000000
INFO:root:train 100 2.725263e-02 99.381188 100.000000
INFO:root:train 150 2.961323e-02 99.254967 100.000000
INFO:root:train 200 3.230838e-02 99.175995 99.968905
INFO:root:train 250 3.044867e-02 99.203187 99.975100
INFO:root:train 300 2.957724e-02 99.210963 99.979236
INFO:root:train 350 2.917954e-02 99.243234 99.982194
INFO:root:train 400 2.975115e-02 99.244077 99.976621
INFO:root:train 450 2.917474e-02 99.265521 99.979213
INFO:root:train 500 2.938688e-02 99.251497 99.981287
INFO:root:train 550 2.993074e-02 99.217332 99.982985
INFO:root:train 600 3.038594e-02 99.220050 99.984401
INFO:root:train 650 3.029892e-02 99.217550 99.985599
INFO:root:train 700 3.069636e-02 99.215407 99.977710
INFO:root:train 750 3.051335e-02 99.230193 99.979194
INFO:root:train 800 3.084117e-02 99.231429 99.980493
INFO:root:train 850 3.071345e-02 99.239865 99.981639
INFO:root:train 900 3.034075e-02 99.254301 99.982658
INFO:root:train_acc 99.253333
INFO:root:epoch 14 lr 1.549821e-02
INFO:root:genotype = Genotype(normal=[('dil_conv_5x5', 0), ('sep_conv_5x5', 1), ('sep_conv_5x5', 1), ('dil_conv_3x3', 0), ('avg_pool_3x3', 0), ('skip_connect', 2), ('max_pool_3x3', 2), ('max_pool_3x3', 3)], normal_concat=range(2, 6), reduce=[('dil_conv_3x3', 0), ('dil_conv_5x5', 1), ('dil_conv_3x3', 0), ('skip_connect', 1), ('dil_conv_5x5', 2), ('avg_pool_3x3', 3), ('sep_conv_3x3', 0), ('avg_pool_3x3', 1)], reduce_concat=range(2, 6))
INFO:root:train 000 1.330560e-02 100.000000 100.000000
INFO:root:train 050 2.712639e-02 99.325980 100.000000
INFO:root:train 100 2.257094e-02 99.474010 100.000000
INFO:root:train 150 2.081623e-02 99.544702 99.979305
INFO:root:train 200 2.011075e-02 99.549129 99.984453
INFO:root:train 250 2.085654e-02 99.539343 99.987550
INFO:root:train 300 2.105711e-02 99.543189 99.989618
INFO:root:train 350 2.000496e-02 99.572650 99.991097
INFO:root:train 400 1.972436e-02 99.586970 99.992207
INFO:root:train 450 1.965232e-02 99.584257 99.993071
INFO:root:train 500 1.998258e-02 99.538423 99.993762
INFO:root:train 550 2.012866e-02 99.534936 99.994328
INFO:root:train 600 2.039399e-02 99.526830 99.994800
INFO:root:train 650 2.048149e-02 99.529570 99.995200
INFO:root:train 700 2.048055e-02 99.531919 99.995542
INFO:root:train 750 2.075497e-02 99.533955 99.995839
INFO:root:train 800 2.098941e-02 99.531835 99.996099
INFO:root:train 850 2.120692e-02 99.507932 99.996328
INFO:root:train 900 2.107779e-02 99.517897 99.996532
INFO:root:train_acc 99.533333
INFO:root:epoch 15 lr 1.045366e-02
INFO:root:genotype = Genotype(normal=[('dil_conv_5x5', 0), ('sep_conv_5x5', 1), ('sep_conv_5x5', 1), ('dil_conv_3x3', 0), ('avg_pool_3x3', 0), ('skip_connect', 2), ('max_pool_3x3', 2), ('max_pool_3x3', 3)], normal_concat=range(2, 6), reduce=[('dil_conv_3x3', 0), ('dil_conv_5x5', 1), ('dil_conv_3x3', 0), ('skip_connect', 1), ('dil_conv_5x5', 2), ('avg_pool_3x3', 3), ('sep_conv_3x3', 0), ('avg_pool_3x3', 1)], reduce_concat=range(2, 6))
INFO:root:train 000 2.977550e-03 100.000000 100.000000
INFO:root:train 050 1.561448e-02 99.693627 100.000000
INFO:root:train 100 1.536519e-02 99.752475 100.000000
INFO:root:train 150 1.473284e-02 99.772351 100.000000
INFO:root:train 200 1.419968e-02 99.766791 100.000000
INFO:root:train 250 1.391095e-02 99.763446 100.000000
INFO:root:train 300 1.532386e-02 99.750831 99.989618
INFO:root:train 350 1.523417e-02 99.750712 99.991097
INFO:root:train 400 1.473404e-02 99.766209 99.992207
INFO:root:train 450 1.426953e-02 99.778271 99.993071
INFO:root:train 500 1.414265e-02 99.769212 99.993762
INFO:root:train 550 1.411687e-02 99.773140 99.994328
INFO:root:train 600 1.370314e-02 99.786814 99.994800
INFO:root:train 650 1.364768e-02 99.793587 99.995200
INFO:root:train 700 1.356665e-02 99.794936 99.995542
INFO:root:train 750 1.351052e-02 99.800266 99.995839
INFO:root:train 800 1.368801e-02 99.804931 99.996099
INFO:root:train 850 1.379921e-02 99.801704 99.996328
INFO:root:train 900 1.394519e-02 99.791898 99.996532
INFO:root:train_acc 99.796667
INFO:root:epoch 16 lr 6.395177e-03
INFO:root:genotype = Genotype(normal=[('sep_conv_5x5', 1), ('avg_pool_3x3', 0), ('dil_conv_5x5', 2), ('sep_conv_5x5', 1), ('sep_conv_5x5', 3), ('dil_conv_3x3', 2), ('sep_conv_3x3', 3), ('avg_pool_3x3', 4)], normal_concat=range(2, 6), reduce=[('dil_conv_3x3', 1), ('sep_conv_3x3', 0), ('avg_pool_3x3', 1), ('dil_conv_5x5', 2), ('dil_conv_5x5', 3), ('dil_conv_5x5', 1), ('dil_conv_5x5', 4), ('sep_conv_5x5', 1)], reduce_concat=range(2, 6))
INFO:root:train 000 6.180033e-03 100.000000 100.000000
INFO:root:train 050 1.207455e-02 99.754902 100.000000
INFO:root:train 100 1.037744e-02 99.814356 100.000000
INFO:root:train 150 1.046373e-02 99.855132 100.000000
INFO:root:train 200 9.698823e-03 99.875622 100.000000
INFO:root:train 250 9.876621e-03 99.875498 100.000000
INFO:root:train 300 9.925644e-03 99.865033 100.000000
INFO:root:train 350 1.049135e-02 99.866453 100.000000
INFO:root:train 400 1.053176e-02 99.859726 100.000000
INFO:root:train 450 1.041375e-02 99.868348 100.000000
INFO:root:train 500 1.039504e-02 99.875250 100.000000
INFO:root:train 550 1.038659e-02 99.863884 100.000000
INFO:root:train 600 1.051842e-02 99.854409 100.000000
INFO:root:train 650 1.061430e-02 99.851190 100.000000
INFO:root:train 700 1.082892e-02 99.839515 100.000000
INFO:root:train 750 1.075689e-02 99.841877 100.000000
INFO:root:train 800 1.077238e-02 99.843945 100.000000
INFO:root:train 850 1.073462e-02 99.842098 100.000000
INFO:root:train 900 1.058430e-02 99.847392 100.000000
INFO:root:train_acc 99.853333
INFO:root:epoch 17 lr 3.422702e-03
INFO:root:genotype = Genotype(normal=[('avg_pool_3x3', 0), ('sep_conv_5x5', 1), ('dil_conv_5x5', 2), ('sep_conv_5x5', 1), ('sep_conv_5x5', 3), ('sep_conv_5x5', 1), ('sep_conv_3x3', 3), ('avg_pool_3x3', 4)], normal_concat=range(2, 6), reduce=[('avg_pool_3x3', 1), ('sep_conv_5x5', 0), ('avg_pool_3x3', 1), ('dil_conv_5x5', 2), ('dil_conv_5x5', 3), ('dil_conv_5x5', 1), ('dil_conv_5x5', 4), ('sep_conv_5x5', 1)], reduce_concat=range(2, 6))
INFO:root:train 000 2.461299e-03 100.000000 100.000000
INFO:root:train 050 9.791975e-03 99.754902 100.000000
INFO:root:train 100 1.034624e-02 99.845297 100.000000
INFO:root:train 150 1.031342e-02 99.875828 100.000000
INFO:root:train 200 1.005289e-02 99.891169 100.000000
INFO:root:train 250 9.553834e-03 99.900398 100.000000
INFO:root:train 300 9.009502e-03 99.916944 100.000000
INFO:root:train 350 8.796269e-03 99.928775 100.000000
INFO:root:train 400 8.783661e-03 99.922070 100.000000
INFO:root:train 450 8.833701e-03 99.923780 100.000000
INFO:root:train 500 8.805988e-03 99.925150 100.000000
INFO:root:train 550 8.796324e-03 99.920599 100.000000
INFO:root:train 600 8.933930e-03 99.916805 100.000000
INFO:root:train 650 8.959699e-03 99.913594 100.000000
INFO:root:train 700 8.997216e-03 99.910842 100.000000
INFO:root:train 750 8.947581e-03 99.916778 100.000000
INFO:root:train 800 9.018106e-03 99.914170 100.000000
INFO:root:train 850 9.051466e-03 99.915541 100.000000
INFO:root:train 900 9.079021e-03 99.913291 100.000000
INFO:root:train_acc 99.910000
INFO:root:epoch 18 lr 1.609427e-03
INFO:root:genotype = Genotype(normal=[('avg_pool_3x3', 0), ('sep_conv_5x5', 1), ('dil_conv_5x5', 2), ('sep_conv_5x5', 1), ('sep_conv_5x5', 3), ('sep_conv_5x5', 1), ('sep_conv_3x3', 3), ('avg_pool_3x3', 4)], normal_concat=range(2, 6), reduce=[('avg_pool_3x3', 1), ('sep_conv_5x5', 0), ('avg_pool_3x3', 1), ('dil_conv_5x5', 2), ('dil_conv_5x5', 3), ('dil_conv_5x5', 1), ('dil_conv_5x5', 4), ('sep_conv_5x5', 1)], reduce_concat=range(2, 6))
INFO:root:train 000 5.467787e-03 100.000000 100.000000
INFO:root:train 050 6.760920e-03 99.938725 100.000000
INFO:root:train 100 7.365369e-03 99.938119 100.000000
INFO:root:train 150 7.267646e-03 99.937914 100.000000
INFO:root:train 200 7.453213e-03 99.922264 100.000000
INFO:root:train 250 7.547843e-03 99.925299 100.000000
INFO:root:train 300 7.404167e-03 99.927326 100.000000
INFO:root:train 350 7.069431e-03 99.937678 100.000000
INFO:root:train 400 7.277183e-03 99.929863 100.000000
INFO:root:train 450 7.555557e-03 99.923780 100.000000
INFO:root:train 500 7.471432e-03 99.918912 100.000000
INFO:root:train 550 7.757068e-03 99.903584 100.000000
INFO:root:train 600 7.707216e-03 99.911606 100.000000
INFO:root:train 650 7.735104e-03 99.918395 100.000000
INFO:root:train 700 7.727638e-03 99.919757 100.000000
INFO:root:train 750 7.811807e-03 99.920939 100.000000
INFO:root:train 800 7.860734e-03 99.918071 100.000000
INFO:root:train 850 7.921209e-03 99.919213 100.000000
INFO:root:train 900 7.890251e-03 99.923696 100.000000
INFO:root:train_acc 99.920000
INFO:root:epoch 19 lr 1.000000e-03
INFO:root:genotype = Genotype(normal=[('avg_pool_3x3', 0), ('sep_conv_5x5', 1), ('dil_conv_5x5', 2), ('sep_conv_5x5', 0), ('sep_conv_5x5', 3), ('sep_conv_5x5', 1), ('sep_conv_3x3', 3), ('sep_conv_3x3', 1)], normal_concat=range(2, 6), reduce=[('avg_pool_3x3', 1), ('sep_conv_5x5', 0), ('avg_pool_3x3', 1), ('dil_conv_5x5', 2), ('dil_conv_5x5', 3), ('dil_conv_5x5', 1), ('dil_conv_5x5', 4), ('sep_conv_5x5', 1)], reduce_concat=range(2, 6))
INFO:root:train 000 2.296552e-03 100.000000 100.000000
INFO:root:train 050 6.604482e-03 100.000000 100.000000
INFO:root:train 100 6.947016e-03 99.969059 100.000000
INFO:root:train 150 8.326142e-03 99.917219 100.000000
INFO:root:train 200 7.948667e-03 99.937811 100.000000
INFO:root:train 250 8.375681e-03 99.900398 100.000000
INFO:root:train 300 8.331549e-03 99.916944 100.000000
INFO:root:train 350 8.247246e-03 99.928775 100.000000
INFO:root:train 400 8.330158e-03 99.929863 100.000000
INFO:root:train 450 8.217542e-03 99.930710 100.000000
INFO:root:train 500 8.115581e-03 99.931387 100.000000
INFO:root:train 550 7.934924e-03 99.937613 100.000000
INFO:root:train 600 7.901973e-03 99.942804 100.000000
INFO:root:train 650 7.849418e-03 99.947197 100.000000
INFO:root:train 700 7.836333e-03 99.950963 100.000000
INFO:root:train 750 7.872804e-03 99.945905 100.000000
INFO:root:train 800 7.887630e-03 99.949282 100.000000
INFO:root:train 850 7.785149e-03 99.948590 100.000000
INFO:root:train 900 7.799231e-03 99.951443 100.000000
INFO:root:train_acc 99.953333
INFO:root:valid 000 7.523817e-02 96.875000 100.000000
INFO:root:valid 050 3.413530e-02 98.897059 99.938725
INFO:root:valid 100 4.239944e-02 98.886139 99.845297
INFO:root:valid 150 3.777699e-02 98.985927 99.875828
INFO:root:valid 200 3.903140e-02 98.927239 99.860075
INFO:root:valid 250 3.857445e-02 98.941733 99.875498
INFO:root:valid 300 4.049720e-02 98.889120 99.865033
INFO:root:valid 350 3.896388e-02 98.931624 99.884259
INFO:root:valid 400 3.866626e-02 98.947943 99.898691
INFO:root:valid 450 3.908009e-02 98.953714 99.909922
INFO:root:valid 500 3.972747e-02 98.958333 99.918912
INFO:root:valid 550 3.882164e-02 98.996143 99.920599
INFO:root:valid 600 3.907699e-02 98.996464 99.906406
INFO:root:valid 650 3.772145e-02 99.011137 99.913594
INFO:root:valid 700 3.946839e-02 98.970221 99.901926
INFO:root:valid 750 3.844403e-02 98.988848 99.908455
INFO:root:valid 800 3.796228e-02 98.993446 99.914170
INFO:root:valid 850 3.775665e-02 98.997503 99.915541
INFO:root:valid 900 3.808495e-02 98.966426 99.916759
INFO:root:valid_acc 98.956667
