INFO:root:gpu device = cuda:0
INFO:root:epoch 0 lr 4.442566e-02
/home/rkohli/aml-project/src/train.py:160: UserWarning: torch.nn.utils.clip_grad_norm is now deprecated in favor of torch.nn.utils.clip_grad_norm_.
  nn.utils.clip_grad_norm(model.parameters(), grad_clip)
INFO:root:for model 0 train 000 9.212414e-02 95.312500 100.000000
INFO:root:for model 1 train 000 2.328400e-02 100.000000 100.000000
INFO:root:for model 2 train 000 1.650755e-01 93.750000 98.437500
INFO:root:train 000 1.650755e-01 93.750000 98.437500
INFO:root:for model 0 train 050 1.404507e-01 93.750000 100.000000
INFO:root:for model 1 train 050 6.953354e-02 96.875000 100.000000
INFO:root:for model 2 train 050 3.041223e-01 92.187500 100.000000
INFO:root:train 050 3.041223e-01 92.187500 100.000000
INFO:root:for model 0 train 100 4.657383e-02 100.000000 100.000000
INFO:root:for model 1 train 100 1.144646e-01 98.437500 100.000000
INFO:root:for model 2 train 100 9.768578e-02 96.875000 100.000000
INFO:root:train 100 9.768578e-02 96.875000 100.000000
INFO:root:for model 0 train 150 9.334040e-02 96.875000 100.000000
INFO:root:for model 1 train 150 9.279143e-02 96.875000 100.000000
INFO:root:for model 2 train 150 1.611590e-01 95.312500 100.000000
INFO:root:train 150 1.611590e-01 95.312500 100.000000
INFO:root:for model 0 train 200 9.420976e-02 96.875000 98.437500
INFO:root:for model 1 train 200 3.583381e-02 98.437500 100.000000
INFO:root:for model 2 train 200 1.733784e-01 96.875000 98.437500
INFO:root:train 200 1.733784e-01 96.875000 98.437500
INFO:root:for model 0 train 250 5.708710e-02 96.875000 100.000000
INFO:root:for model 1 train 250 3.134954e-02 98.437500 100.000000
INFO:root:for model 2 train 250 7.207185e-02 96.875000 100.000000
INFO:root:train 250 7.207185e-02 96.875000 100.000000
INFO:root:for model 0 train 300 4.594789e-02 100.000000 100.000000
INFO:root:for model 1 train 300 1.544304e-02 100.000000 100.000000
INFO:root:for model 2 train 300 6.414095e-02 100.000000 100.000000
INFO:root:train 300 6.414095e-02 100.000000 100.000000
INFO:root:for model 0 train 350 1.669335e-01 96.875000 98.437500
INFO:root:for model 1 train 350 1.950371e-01 95.312500 98.437500
INFO:root:for model 2 train 350 2.190066e-01 95.312500 100.000000
INFO:root:train 350 2.190066e-01 95.312500 100.000000
INFO:root:for model 0 train 400 8.581843e-02 98.437500 100.000000
INFO:root:for model 1 train 400 5.367982e-02 98.437500 100.000000
INFO:root:for model 2 train 400 1.875381e-01 93.750000 98.437500
INFO:root:train 400 1.875381e-01 93.750000 98.437500
INFO:root:for model 0 train 450 2.975361e-02 100.000000 100.000000
INFO:root:for model 1 train 450 7.508279e-02 98.437500 100.000000
INFO:root:for model 2 train 450 2.794147e-02 100.000000 100.000000
INFO:root:train 450 2.794147e-02 100.000000 100.000000
INFO:root:for model 0 train 500 4.093787e-02 98.437500 100.000000
INFO:root:for model 1 train 500 5.386046e-02 98.437500 100.000000
INFO:root:for model 2 train 500 1.243748e-01 95.312500 100.000000
INFO:root:train 500 1.243748e-01 95.312500 100.000000
INFO:root:for model 0 train 550 5.021419e-02 98.437500 100.000000
INFO:root:for model 1 train 550 2.968119e-02 96.875000 100.000000
INFO:root:for model 2 train 550 3.046307e-02 100.000000 100.000000
INFO:root:train 550 3.046307e-02 100.000000 100.000000
INFO:root:for model 0 train 600 3.298120e-02 100.000000 100.000000
INFO:root:for model 1 train 600 4.403874e-02 96.875000 100.000000
INFO:root:for model 2 train 600 1.378233e-01 93.750000 100.000000
INFO:root:train 600 1.378233e-01 93.750000 100.000000
INFO:root:for model 0 train 650 5.073681e-02 100.000000 100.000000
INFO:root:for model 1 train 650 2.504082e-02 100.000000 100.000000
INFO:root:for model 2 train 650 1.550008e-01 96.875000 100.000000
INFO:root:train 650 1.550008e-01 96.875000 100.000000
INFO:root:for model 0 train 700 4.144996e-02 98.437500 100.000000
INFO:root:for model 1 train 700 2.117103e-02 98.437500 100.000000
INFO:root:for model 2 train 700 5.557185e-02 98.437500 100.000000
INFO:root:train 700 5.557185e-02 98.437500 100.000000
INFO:root:for model 0 train 750 2.876365e-02 98.437500 100.000000
INFO:root:for model 1 train 750 2.872365e-02 98.437500 100.000000
INFO:root:for model 2 train 750 5.596931e-02 98.437500 100.000000
INFO:root:train 750 5.596931e-02 98.437500 100.000000
INFO:root:for model 0 train 800 7.775641e-02 96.875000 100.000000
INFO:root:for model 1 train 800 1.561746e-02 100.000000 100.000000
INFO:root:for model 2 train 800 6.895643e-02 98.437500 100.000000
INFO:root:train 800 6.895643e-02 98.437500 100.000000
INFO:root:for model 0 train 850 6.853735e-02 98.437500 100.000000
INFO:root:for model 1 train 850 4.654971e-02 100.000000 100.000000
INFO:root:for model 2 train 850 2.012047e-01 95.312500 98.437500
INFO:root:train 850 2.012047e-01 95.312500 98.437500
INFO:root:for model 0 train 900 1.297123e-01 95.312500 100.000000
INFO:root:for model 1 train 900 4.509725e-02 98.437500 100.000000
INFO:root:for model 2 train 900 1.274825e-01 95.312500 100.000000
INFO:root:train 900 1.274825e-01 95.312500 100.000000
INFO:root:for model 0 train 950 1.477681e-01 95.312500 100.000000
INFO:root:for model 1 train 950 9.687657e-02 96.875000 100.000000
INFO:root:for model 2 train 950 2.686809e-01 95.312500 98.437500
INFO:root:train 950 2.686809e-01 95.312500 98.437500
INFO:root:for model 0 train 1000 4.295056e-02 98.437500 100.000000
INFO:root:for model 1 train 1000 1.461716e-02 100.000000 100.000000
INFO:root:for model 2 train 1000 6.408006e-02 98.437500 100.000000
INFO:root:train 1000 6.408006e-02 98.437500 100.000000
INFO:root:for model 0 train 1050 4.699874e-02 98.437500 100.000000
INFO:root:for model 1 train 1050 9.493157e-03 100.000000 100.000000
INFO:root:for model 2 train 1050 3.722054e-02 98.437500 100.000000
INFO:root:train 1050 3.722054e-02 98.437500 100.000000
INFO:root:for model 0 train 1100 1.399872e-01 96.875000 100.000000
INFO:root:for model 1 train 1100 5.676901e-02 98.437500 100.000000
INFO:root:for model 2 train 1100 1.557750e-01 96.875000 100.000000
INFO:root:train 1100 1.557750e-01 96.875000 100.000000
INFO:root:for model 0 train 1150 5.290809e-02 98.437500 100.000000
INFO:root:for model 1 train 1150 1.991931e-02 100.000000 100.000000
INFO:root:for model 2 train 1150 1.207891e-01 95.312500 98.437500
INFO:root:train 1150 1.207891e-01 95.312500 98.437500
INFO:root:for model 0 train 1200 1.501925e-01 96.875000 98.437500
INFO:root:for model 1 train 1200 3.478923e-02 98.437500 100.000000
INFO:root:for model 2 train 1200 1.082854e-01 98.437500 100.000000
INFO:root:train 1200 1.082854e-01 98.437500 100.000000
INFO:root:for model 0 train 1250 2.790612e-02 100.000000 100.000000
INFO:root:for model 1 train 1250 1.789838e-02 100.000000 100.000000
INFO:root:for model 2 train 1250 7.488492e-02 98.437500 100.000000
INFO:root:train 1250 7.488492e-02 98.437500 100.000000
INFO:root:for model 0 train 1300 6.331686e-02 98.437500 100.000000
INFO:root:for model 1 train 1300 5.923828e-02 98.437500 100.000000
INFO:root:for model 2 train 1300 9.644175e-02 95.312500 100.000000
INFO:root:train 1300 9.644175e-02 95.312500 100.000000
INFO:root:for model 0 train 1350 5.987624e-02 98.437500 100.000000
INFO:root:for model 1 train 1350 6.497113e-02 98.437500 100.000000
INFO:root:for model 2 train 1350 1.182380e-01 93.750000 100.000000
INFO:root:train 1350 1.182380e-01 93.750000 100.000000
INFO:root:for model 0 train 1400 4.209191e-02 96.875000 100.000000
INFO:root:for model 1 train 1400 1.864059e-02 100.000000 100.000000
INFO:root:for model 2 train 1400 1.049436e-01 95.312500 100.000000
INFO:root:train 1400 1.049436e-01 95.312500 100.000000
INFO:root:for model 0 train 1450 6.659151e-02 96.875000 100.000000
INFO:root:for model 1 train 1450 4.278923e-02 98.437500 100.000000
INFO:root:for model 2 train 1450 5.766372e-02 98.437500 100.000000
INFO:root:train 1450 5.766372e-02 98.437500 100.000000
INFO:root:for model 0 train 1500 2.066514e-01 96.875000 98.437500
INFO:root:for model 1 train 1500 1.028150e-01 95.312500 100.000000
INFO:root:for model 2 train 1500 3.894095e-01 93.750000 98.437500
INFO:root:train 1500 3.894095e-01 93.750000 98.437500
INFO:root:for model 0 train 1550 7.297392e-02 98.437500 100.000000
INFO:root:for model 1 train 1550 9.333295e-02 98.437500 100.000000
INFO:root:for model 2 train 1550 1.009300e-01 96.875000 100.000000
INFO:root:train 1550 1.009300e-01 96.875000 100.000000
INFO:root:for model 0 train 1600 2.122536e-02 100.000000 100.000000
INFO:root:for model 1 train 1600 7.576123e-03 100.000000 100.000000
INFO:root:for model 2 train 1600 5.751204e-02 98.437500 100.000000
INFO:root:train 1600 5.751204e-02 98.437500 100.000000
INFO:root:for model 0 train 1650 5.963708e-02 98.437500 100.000000
INFO:root:for model 1 train 1650 1.047094e-01 96.875000 100.000000
INFO:root:for model 2 train 1650 9.233109e-02 95.312500 100.000000
INFO:root:train 1650 9.233109e-02 95.312500 100.000000
INFO:root:for model 0 train 1700 1.331346e-01 96.875000 98.437500
INFO:root:for model 1 train 1700 9.658724e-03 100.000000 100.000000
INFO:root:for model 2 train 1700 1.341091e-01 96.875000 100.000000
INFO:root:train 1700 1.341091e-01 96.875000 100.000000
INFO:root:for model 0 train 1750 8.760794e-02 95.312500 100.000000
INFO:root:for model 1 train 1750 2.759871e-02 98.437500 100.000000
INFO:root:for model 2 train 1750 1.247115e-01 96.875000 100.000000
INFO:root:train 1750 1.247115e-01 96.875000 100.000000
INFO:root:for model 0 train 1800 1.539808e-01 95.312500 100.000000
INFO:root:for model 1 train 1800 9.773485e-02 96.875000 100.000000
INFO:root:for model 2 train 1800 1.596008e-01 93.750000 100.000000
INFO:root:train 1800 1.596008e-01 93.750000 100.000000
INFO:root:for model 0 train 1850 1.065050e-02 100.000000 100.000000
INFO:root:for model 1 train 1850 1.009235e-02 100.000000 100.000000
INFO:root:for model 2 train 1850 5.981769e-02 98.437500 100.000000
INFO:root:train 1850 5.981769e-02 98.437500 100.000000
INFO:root:for model 0 train 1900 3.025457e-02 100.000000 100.000000
INFO:root:for model 1 train 1900 1.163687e-02 100.000000 100.000000
INFO:root:for model 2 train 1900 2.520560e-02 100.000000 100.000000
INFO:root:train 1900 2.520560e-02 100.000000 100.000000
INFO:root:for model 0 train 1950 1.675250e-01 90.625000 100.000000
INFO:root:for model 1 train 1950 2.379718e-01 92.187500 98.437500
INFO:root:for model 2 train 1950 1.865557e-01 95.312500 100.000000
INFO:root:train 1950 1.865557e-01 95.312500 100.000000
INFO:root:for model 0 train 2000 7.773056e-02 96.875000 100.000000
INFO:root:for model 1 train 2000 1.420469e-01 96.875000 100.000000
INFO:root:for model 2 train 2000 1.667987e-01 93.750000 100.000000
INFO:root:train 2000 1.667987e-01 93.750000 100.000000
INFO:root:for model 0 train 2050 4.003888e-02 98.437500 100.000000
INFO:root:for model 1 train 2050 6.589562e-03 100.000000 100.000000
INFO:root:for model 2 train 2050 9.408272e-02 98.437500 100.000000
INFO:root:train 2050 9.408272e-02 98.437500 100.000000
INFO:root:for model 0 train 2100 3.764725e-02 100.000000 100.000000
INFO:root:for model 1 train 2100 4.255205e-03 100.000000 100.000000
INFO:root:for model 2 train 2100 7.263357e-02 98.437500 100.000000
INFO:root:train 2100 7.263357e-02 98.437500 100.000000
INFO:root:for model 0 train 2150 1.815831e-02 100.000000 100.000000
INFO:root:for model 1 train 2150 6.117599e-02 98.437500 100.000000
INFO:root:for model 2 train 2150 7.138479e-02 95.312500 100.000000
INFO:root:train 2150 7.138479e-02 95.312500 100.000000
INFO:root:for model 0 train 2200 1.083856e-01 96.875000 100.000000
INFO:root:for model 1 train 2200 3.524013e-02 100.000000 100.000000
INFO:root:for model 2 train 2200 1.313070e-01 92.187500 100.000000
INFO:root:train 2200 1.313070e-01 92.187500 100.000000
INFO:root:for model 0 train 2250 6.672620e-02 98.437500 100.000000
INFO:root:for model 1 train 2250 4.059653e-02 98.437500 100.000000
INFO:root:for model 2 train 2250 1.073920e-01 96.875000 100.000000
INFO:root:train 2250 1.073920e-01 96.875000 100.000000
INFO:root:for model 0 train 2300 8.079494e-02 96.875000 100.000000
INFO:root:for model 1 train 2300 5.690738e-02 96.875000 100.000000
INFO:root:for model 2 train 2300 8.690504e-02 96.875000 100.000000
INFO:root:train 2300 8.690504e-02 96.875000 100.000000
INFO:root:for model 0 train 2350 9.411314e-02 96.875000 100.000000
INFO:root:for model 1 train 2350 2.337372e-02 100.000000 100.000000
INFO:root:for model 2 train 2350 1.712457e-01 93.750000 100.000000
INFO:root:train 2350 1.712457e-01 93.750000 100.000000
INFO:root:for model 0 train 2400 3.761320e-02 98.437500 100.000000
INFO:root:for model 1 train 2400 4.714137e-02 96.875000 100.000000
INFO:root:for model 2 train 2400 1.629690e-01 96.875000 100.000000
INFO:root:train 2400 1.629690e-01 96.875000 100.000000
INFO:root:for model 0 train 2450 2.291100e-01 93.750000 98.437500
INFO:root:for model 1 train 2450 4.889362e-02 98.437500 100.000000
INFO:root:for model 2 train 2450 2.057481e-01 93.750000 98.437500
INFO:root:train 2450 2.057481e-01 93.750000 98.437500
INFO:root:for model 0 train 2500 4.320208e-02 98.437500 100.000000
INFO:root:for model 1 train 2500 6.174060e-02 96.875000 100.000000
INFO:root:for model 2 train 2500 1.803171e-01 90.625000 100.000000
INFO:root:train 2500 1.803171e-01 90.625000 100.000000
INFO:root:for model 0 train 2550 6.284051e-02 96.875000 100.000000
INFO:root:for model 1 train 2550 8.007795e-03 100.000000 100.000000
INFO:root:for model 2 train 2550 1.013080e-01 95.312500 100.000000
INFO:root:train 2550 1.013080e-01 95.312500 100.000000
INFO:root:for model 0 train 2600 4.810645e-02 96.875000 100.000000
INFO:root:for model 1 train 2600 3.362598e-02 100.000000 100.000000
INFO:root:for model 2 train 2600 9.990801e-02 96.875000 100.000000
INFO:root:train 2600 9.990801e-02 96.875000 100.000000
INFO:root:for model 0 train 2650 5.505266e-02 96.875000 100.000000
INFO:root:for model 1 train 2650 4.128359e-02 98.437500 100.000000
INFO:root:for model 2 train 2650 8.886136e-02 98.437500 100.000000
INFO:root:train 2650 8.886136e-02 98.437500 100.000000
INFO:root:for model 0 train 2700 7.600742e-02 96.875000 100.000000
INFO:root:for model 1 train 2700 2.637947e-02 100.000000 100.000000
INFO:root:for model 2 train 2700 1.416779e-01 93.750000 100.000000
INFO:root:train 2700 1.416779e-01 93.750000 100.000000
INFO:root:for model 0 train 2750 1.987901e-02 100.000000 100.000000
INFO:root:for model 1 train 2750 4.804492e-03 100.000000 100.000000
INFO:root:for model 2 train 2750 5.242057e-02 98.437500 100.000000
INFO:root:train 2750 5.242057e-02 98.437500 100.000000
INFO:root:for model 0 train 2800 4.972057e-02 98.437500 100.000000
INFO:root:for model 1 train 2800 2.427611e-02 98.437500 100.000000
INFO:root:for model 2 train 2800 6.435543e-02 98.437500 100.000000
INFO:root:train 2800 6.435543e-02 98.437500 100.000000
INFO:root:for model 0 train 2850 1.084799e-01 96.875000 100.000000
INFO:root:for model 1 train 2850 3.915994e-02 98.437500 100.000000
INFO:root:for model 2 train 2850 1.271703e-01 95.312500 100.000000
INFO:root:train 2850 1.271703e-01 95.312500 100.000000
INFO:root:for model 0 train 2900 8.983570e-02 95.312500 100.000000
INFO:root:for model 1 train 2900 3.279541e-02 100.000000 100.000000
INFO:root:for model 2 train 2900 1.989230e-01 93.750000 100.000000
INFO:root:train 2900 1.989230e-01 93.750000 100.000000
INFO:root:for model 0 train 2950 6.282756e-02 96.875000 100.000000
INFO:root:for model 1 train 2950 4.340073e-02 98.437500 100.000000
INFO:root:for model 2 train 2950 4.416813e-02 98.437500 100.000000
INFO:root:train 2950 4.416813e-02 98.437500 100.000000
INFO:root:for model 0 train 3000 8.484312e-02 95.312500 100.000000
INFO:root:for model 1 train 3000 3.646090e-02 100.000000 100.000000
INFO:root:for model 2 train 3000 1.111304e-01 96.875000 100.000000
INFO:root:train 3000 1.111304e-01 96.875000 100.000000
INFO:root:for model 0 train 3050 4.985315e-02 98.437500 100.000000
INFO:root:for model 1 train 3050 7.461338e-02 96.875000 100.000000
INFO:root:for model 2 train 3050 9.264088e-02 98.437500 100.000000
INFO:root:train 3050 9.264088e-02 98.437500 100.000000
INFO:root:for model 0 train 3100 1.827241e-02 100.000000 100.000000
INFO:root:for model 1 train 3100 1.368797e-02 100.000000 100.000000
INFO:root:for model 2 train 3100 1.957135e-02 100.000000 100.000000
INFO:root:train 3100 1.957135e-02 100.000000 100.000000
INFO:root:for model 0 train 3150 4.513371e-02 96.875000 100.000000
INFO:root:for model 1 train 3150 2.347037e-02 100.000000 100.000000
INFO:root:for model 2 train 3150 9.023595e-02 98.437500 100.000000
INFO:root:train 3150 9.023595e-02 98.437500 100.000000
INFO:root:for model 0 train 3200 8.704125e-02 96.875000 100.000000
INFO:root:for model 1 train 3200 9.381980e-03 100.000000 100.000000
INFO:root:for model 2 train 3200 1.021737e-01 98.437500 100.000000
INFO:root:train 3200 1.021737e-01 98.437500 100.000000
INFO:root:for model 0 train 3250 1.337814e-02 100.000000 100.000000
INFO:root:for model 1 train 3250 5.086958e-03 100.000000 100.000000
INFO:root:for model 2 train 3250 1.542908e-02 100.000000 100.000000
INFO:root:train 3250 1.542908e-02 100.000000 100.000000
INFO:root:for model 0 train 3300 1.437605e-01 96.875000 100.000000
INFO:root:for model 1 train 3300 1.209746e-01 96.875000 100.000000
INFO:root:for model 2 train 3300 2.416547e-01 95.312500 98.437500
INFO:root:train 3300 2.416547e-01 95.312500 98.437500
INFO:root:for model 0 train 3350 3.582325e-02 98.437500 100.000000
INFO:root:for model 1 train 3350 2.158904e-02 98.437500 100.000000
INFO:root:for model 2 train 3350 4.857418e-02 98.437500 100.000000
INFO:root:train 3350 4.857418e-02 98.437500 100.000000
INFO:root:for model 0 train 3400 7.573648e-02 96.875000 100.000000
INFO:root:for model 1 train 3400 6.162281e-02 98.437500 100.000000
INFO:root:for model 2 train 3400 8.257268e-02 96.875000 100.000000
INFO:root:train 3400 8.257268e-02 96.875000 100.000000
INFO:root:for model 0 train 3450 1.841561e-01 96.875000 100.000000
INFO:root:for model 1 train 3450 1.703562e-01 96.875000 100.000000
INFO:root:for model 2 train 3450 1.513174e-01 96.875000 100.000000
INFO:root:train 3450 1.513174e-01 96.875000 100.000000
slurmstepd-metagpu2: error: *** JOB 3475228 ON metagpu2 CANCELLED AT 2019-09-14T22:52:22 ***
