Workingdir: /home/rkohli/aml-project/src
Started at Sat Sep 14 22:56:20 CEST 2019
Running job self-ensemble using 2 cpus per node with given JID 3475231 on queue meta_gpu-black
time taken =1.6689300537109375e-06 s
24 24 8
24 32 16
32 64 16
64 64 32
64 128 32
24 24 8
24 32 8
32 32 16
32 64 16
64 64 32
64 128 32
24 24 8
24 32 8
32 32 16
32 64 16
64 64 32
64 128 32
----------------------------------------------------------------
        Layer (type)               Output Shape         Param #
================================================================
            Linear-1                   [-1, 49]           7,252
================================================================
Total params: 7,252
Trainable params: 7,252
Non-trainable params: 0
----------------------------------------------------------------
Input size (MB): 0.00
Forward/backward pass size (MB): 0.00
Params size (MB): 0.03
Estimated Total Size (MB): 0.03
----------------------------------------------------------------
Started Training
