INFO:root:gpu device = cuda:0
INFO:root:epoch 0 lr 4.442566e-02
/home/rkohli/aml-project/src/train.py:160: UserWarning: torch.nn.utils.clip_grad_norm is now deprecated in favor of torch.nn.utils.clip_grad_norm_.
  nn.utils.clip_grad_norm(model.parameters(), grad_clip)
INFO:root:train 000 4.643767e+00 4.687500 12.500000
INFO:root:train 050 4.745441e+00 2.144608 10.018382
INFO:root:train 100 4.740206e+00 1.887376 10.040223
INFO:root:train 150 4.727845e+00 2.059189 10.182119
INFO:root:train 200 4.724114e+00 2.067786 10.315609
INFO:root:train 250 4.726374e+00 2.004482 10.209163
INFO:root:train 300 4.727717e+00 2.003738 10.205565
INFO:root:train 350 4.731396e+00 1.958689 10.305377
INFO:root:train 400 4.731590e+00 1.967737 10.353024
INFO:root:train 450 4.728833e+00 1.995565 10.435144
INFO:root:train 500 4.726958e+00 2.002246 10.438498
INFO:root:train 550 4.730710e+00 2.007713 10.401543
INFO:root:train 600 4.729283e+00 1.970674 10.482529
INFO:root:train 650 4.729916e+00 1.953725 10.459869
INFO:root:train 700 4.728793e+00 1.977086 10.480563
INFO:root:train 750 4.730112e+00 1.957806 10.458971
INFO:root:train 800 4.731097e+00 1.976046 10.465434
INFO:root:train 850 4.731127e+00 1.988469 10.441760
INFO:root:train 900 4.729263e+00 2.034198 10.483144
INFO:root:train 950 4.727949e+00 2.071832 10.538249
INFO:root:train 1000 4.726999e+00 2.086976 10.539461
INFO:root:train 1050 4.727203e+00 2.100678 10.573264
INFO:root:train 1100 4.726349e+00 2.123070 10.577032
INFO:root:train 1150 4.727713e+00 2.116366 10.530245
INFO:root:train 1200 4.726500e+00 2.127134 10.545899
INFO:root:train 1250 4.725663e+00 2.109562 10.569045
INFO:root:train 1300 4.724979e+00 2.129372 10.606024
INFO:root:train 1350 4.723433e+00 2.131523 10.624075
INFO:root:train 1400 4.724556e+00 2.127944 10.624108
INFO:root:train 1450 4.723928e+00 2.123535 10.638137
INFO:root:train 1500 4.724300e+00 2.120461 10.633536
INFO:root:train 1550 4.723776e+00 2.120608 10.640313
INFO:root:train 1600 4.725184e+00 2.109033 10.602748
INFO:root:train 1650 4.724460e+00 2.109517 10.606261
INFO:root:train 1700 4.725227e+00 2.104461 10.605894
INFO:root:train 1750 4.725320e+00 2.095231 10.604654
INFO:root:train 1800 4.725410e+00 2.089117 10.592206
INFO:root:train 1850 4.724326e+00 2.091775 10.612507
INFO:root:train 1900 4.724934e+00 2.075388 10.588999
INFO:root:train 1950 4.724467e+00 2.089473 10.589121
INFO:root:train 2000 4.724922e+00 2.090361 10.585332
INFO:root:train 2050 4.724489e+00 2.101871 10.590108
slurmstepd-metagpu3: error: *** JOB 3475216 ON metagpu3 CANCELLED AT 2019-09-14T21:22:57 ***
