INFO:root:gpu device = cuda:0
INFO:root:epoch 0 lr 4.442566e-02
/home/rkohli/aml-project/src/train.py:160: UserWarning: torch.nn.utils.clip_grad_norm is now deprecated in favor of torch.nn.utils.clip_grad_norm_.
  nn.utils.clip_grad_norm(model.parameters(), grad_clip)
INFO:root:train 000 4.643767e+00 4.687500 12.500000
INFO:root:train 050 4.745441e+00 2.144608 10.018382
INFO:root:train 100 4.740206e+00 1.887376 10.040223
INFO:root:train 150 4.727845e+00 2.059189 10.182119
INFO:root:train 200 4.724114e+00 2.067786 10.315609
INFO:root:train 250 4.726374e+00 2.004482 10.209163
INFO:root:train 300 4.727717e+00 2.003738 10.205565
INFO:root:train 350 4.731396e+00 1.958689 10.305377
INFO:root:train 400 4.731590e+00 1.967737 10.353024
INFO:root:train 450 4.728833e+00 1.995565 10.435144
INFO:root:train 500 4.726958e+00 2.002246 10.438498
INFO:root:train 550 4.730710e+00 2.007713 10.401543
INFO:root:train 600 4.729283e+00 1.970674 10.482529
INFO:root:train 650 4.729916e+00 1.953725 10.459869
INFO:root:train 700 4.728793e+00 1.977086 10.480563
INFO:root:train 750 4.730112e+00 1.957806 10.458971
INFO:root:train 800 4.731097e+00 1.976046 10.465434
INFO:root:train 850 4.731127e+00 1.988469 10.441760
INFO:root:train 900 4.729263e+00 2.034198 10.483144
INFO:root:train 950 4.727949e+00 2.071832 10.538249
INFO:root:train 1000 4.726999e+00 2.086976 10.539461
INFO:root:train 1050 4.727203e+00 2.100678 10.573264
INFO:root:train 1100 4.726349e+00 2.123070 10.577032
INFO:root:train 1150 4.727713e+00 2.116366 10.530245
INFO:root:train 1200 4.726500e+00 2.127134 10.545899
INFO:root:train 1250 4.725663e+00 2.109562 10.569045
INFO:root:train 1300 4.724979e+00 2.129372 10.606024
INFO:root:train 1350 4.723433e+00 2.131523 10.624075
INFO:root:train 1400 4.724556e+00 2.127944 10.624108
INFO:root:train 1450 4.723928e+00 2.123535 10.638137
INFO:root:train 1500 4.724300e+00 2.120461 10.633536
INFO:root:train 1550 4.723776e+00 2.120608 10.640313
INFO:root:train 1600 4.725184e+00 2.109033 10.602748
INFO:root:train 1650 4.724460e+00 2.109517 10.606261
INFO:root:train 1700 4.725227e+00 2.104461 10.605894
INFO:root:train 1750 4.725320e+00 2.095231 10.604654
INFO:root:train 1800 4.725410e+00 2.089117 10.592206
INFO:root:train 1850 4.724326e+00 2.091775 10.612507
INFO:root:train 1900 4.724934e+00 2.075388 10.588999
INFO:root:train 1950 4.724467e+00 2.089473 10.589121
INFO:root:train 2000 4.724922e+00 2.090361 10.585332
INFO:root:train 2050 4.724489e+00 2.101871 10.590108
INFO:root:train 2100 4.723640e+00 2.100190 10.616224
INFO:root:train 2150 4.724878e+00 2.097861 10.579382
INFO:root:train 2200 4.725297e+00 2.092799 10.565510
INFO:root:train 2250 4.725120e+00 2.089349 10.547396
INFO:root:train 2300 4.725307e+00 2.081975 10.542970
INFO:root:train 2350 4.725486e+00 2.084219 10.538069
INFO:root:train 2400 4.725823e+00 2.081815 10.540530
INFO:root:train 2450 4.725695e+00 2.084608 10.547353
INFO:root:train 2500 4.725190e+00 2.080418 10.542658
INFO:root:train 2550 4.725173e+00 2.080679 10.543047
INFO:root:train 2600 4.724940e+00 2.084535 10.549428
INFO:root:train 2650 4.724331e+00 2.087066 10.545549
INFO:root:train 2700 4.724612e+00 2.081984 10.543549
INFO:root:train 2750 4.723941e+00 2.081061 10.560364
INFO:root:train 2800 4.724045e+00 2.079614 10.553151
INFO:root:train 2850 4.724384e+00 2.079862 10.548930
INFO:root:train 2900 4.724136e+00 2.084949 10.555627
INFO:root:train 2950 4.724093e+00 2.076627 10.555744
INFO:root:train 3000 4.724077e+00 2.075350 10.555856
INFO:root:train 3050 4.724219e+00 2.074115 10.550332
INFO:root:train 3100 4.724311e+00 2.077959 10.547505
INFO:root:train 3150 4.724625e+00 2.078705 10.541296
INFO:root:train 3200 4.724994e+00 2.068689 10.530401
INFO:root:train 3250 4.725064e+00 2.068114 10.529452
INFO:root:train 3300 4.725206e+00 2.070395 10.539420
INFO:root:train 3350 4.724970e+00 2.070278 10.549556
INFO:root:train 3400 4.725452e+00 2.067407 10.537342
INFO:root:train 3450 4.725870e+00 2.062355 10.534084
INFO:root:train 3500 4.725278e+00 2.064142 10.535383
INFO:root:train 3550 4.725109e+00 2.065439 10.542805
INFO:root:train 3600 4.725263e+00 2.065399 10.543512
INFO:root:train_acc 2.065285
INFO:root:valid 000 4.853140e+00 1.562500 6.250000
INFO:root:valid 050 4.693141e+00 1.960784 10.998775
INFO:root:valid 100 4.691365e+00 1.887376 10.782797
INFO:root:valid 150 4.699834e+00 1.955712 10.627070
INFO:root:valid 200 4.713213e+00 1.850124 10.307836
INFO:root:valid 250 4.710698e+00 1.861305 10.339890
INFO:root:valid 300 4.713187e+00 1.848007 10.361296
INFO:root:valid 350 4.709537e+00 1.927528 10.430021
INFO:root:valid 400 4.716437e+00 1.928772 10.364713
INFO:root:valid 450 4.714488e+00 1.919346 10.379712
INFO:root:valid 500 4.712895e+00 1.921158 10.422904
INFO:root:valid 550 4.714278e+00 1.911298 10.341992
INFO:root:valid 600 4.716466e+00 1.913478 10.360337
INFO:root:test_acc 1.914546
INFO:root:epoch 1 lr 4.415218e-02
INFO:root:train 000 4.694980e+00 1.562500 12.500000
INFO:root:train 050 4.734058e+00 2.022059 10.508578
INFO:root:train 100 4.723975e+00 2.366955 11.076733
INFO:root:train 150 4.718293e+00 2.214404 11.020281
INFO:root:train 200 4.715276e+00 2.192164 10.984142
INFO:root:train 250 4.725635e+00 2.141434 10.719622
INFO:root:train 300 4.729324e+00 2.138704 10.600083
INFO:root:train 350 4.726934e+00 2.110043 10.545762
INFO:root:train 400 4.724299e+00 2.072943 10.586814
INFO:root:train 450 4.724434e+00 2.061391 10.622228
INFO:root:train 500 4.727468e+00 2.049027 10.553892
INFO:root:train 550 4.728401e+00 2.053085 10.506466
INFO:root:train 600 4.730329e+00 2.038270 10.521527
INFO:root:train 650 4.732208e+00 2.049731 10.486271
INFO:root:train 700 4.733566e+00 2.052871 10.447129
INFO:root:train 750 4.731711e+00 2.061834 10.490180
INFO:root:train 800 4.729847e+00 2.087235 10.504448
INFO:root:train 850 4.729541e+00 2.091290 10.485825
INFO:root:train 900 4.728479e+00 2.084489 10.491815
INFO:root:train 950 4.729328e+00 2.080047 10.467600
INFO:root:train 1000 4.729031e+00 2.077610 10.461414
INFO:root:train 1050 4.728241e+00 2.073918 10.464736
INFO:root:train 1100 4.727267e+00 2.070561 10.463499
INFO:root:train 1150 4.727094e+00 2.071568 10.505810
INFO:root:train 1200 4.727596e+00 2.059482 10.531588
INFO:root:train 1250 4.727928e+00 2.060851 10.506595
INFO:root:train 1300 4.726276e+00 2.050106 10.508743
INFO:root:train 1350 4.725996e+00 2.054034 10.511889
INFO:root:train 1400 4.725913e+00 2.050990 10.496966
INFO:root:train 1450 4.725340e+00 2.051387 10.509993
INFO:root:train 1500 4.725563e+00 2.065290 10.505496
INFO:root:train 1550 4.725343e+00 2.077289 10.492223
INFO:root:train 1600 4.723993e+00 2.090490 10.494418
INFO:root:train 1650 4.723156e+00 2.099107 10.486069
INFO:root:train 1700 4.723544e+00 2.100786 10.491990
INFO:root:train 1750 4.724172e+00 2.098801 10.502035
INFO:root:train 1800 4.723496e+00 2.100396 10.524535
INFO:root:train 1850 4.723082e+00 2.098528 10.513743
INFO:root:train 1900 4.724003e+00 2.101690 10.487079
INFO:root:train 1950 4.723944e+00 2.103889 10.501025
INFO:root:train 2000 4.724152e+00 2.115349 10.527549
INFO:root:train 2050 4.723771e+00 2.133106 10.545923
INFO:root:train 2100 4.723889e+00 2.136631 10.548548
INFO:root:train 2150 4.723352e+00 2.137087 10.569212
INFO:root:train 2200 4.723809e+00 2.145332 10.566930
INFO:root:train 2250 4.723687e+00 2.139327 10.575161
INFO:root:train 2300 4.723741e+00 2.132225 10.568774
INFO:root:train 2350 4.723997e+00 2.126090 10.571964
INFO:root:train 2400 4.724386e+00 2.131273 10.573069
INFO:root:train 2450 4.724122e+00 2.127958 10.586240
INFO:root:train 2500 4.723579e+00 2.127899 10.587640
INFO:root:train 2550 4.724109e+00 2.115592 10.581635
INFO:root:train 2600 4.724330e+00 2.112168 10.591479
INFO:root:train 2650 4.724563e+00 2.107106 10.593880
INFO:root:train 2700 4.723712e+00 2.113800 10.587514
INFO:root:train 2750 4.723262e+00 2.119684 10.604099
INFO:root:train 2800 4.723121e+00 2.120336 10.616744
INFO:root:train 2850 4.724044e+00 2.112746 10.600995
INFO:root:train 2900 4.723919e+00 2.111341 10.598716
INFO:root:train 2950 4.724545e+00 2.115808 10.592278
INFO:root:train 3000 4.724931e+00 2.109713 10.575121
INFO:root:train 3050 4.724743e+00 2.102794 10.583108
INFO:root:train 3100 4.724899e+00 2.100129 10.578745
INFO:root:train 3150 4.725345e+00 2.095069 10.568570
INFO:root:train 3200 4.725509e+00 2.093096 10.569939
INFO:root:train 3250 4.724941e+00 2.099354 10.581840
INFO:root:train 3300 4.724540e+00 2.100689 10.578707
INFO:root:train 3350 4.724574e+00 2.097788 10.567741
INFO:root:train 3400 4.725242e+00 2.094513 10.548828
INFO:root:train 3450 4.725101e+00 2.099482 10.558987
INFO:root:train 3500 4.724818e+00 2.099400 10.567963
INFO:root:train 3550 4.724961e+00 2.096240 10.562606
INFO:root:train 3600 4.725486e+00 2.097074 10.552190
INFO:root:train_acc 2.097132
INFO:root:valid 000 4.899286e+00 1.562500 9.375000
INFO:root:valid 050 4.686230e+00 1.868873 11.029412
INFO:root:valid 100 4.686570e+00 1.902847 10.983911
INFO:root:valid 150 4.693805e+00 1.893626 10.678808
INFO:root:valid 200 4.709191e+00 1.826803 10.307836
INFO:root:valid 250 4.706171e+00 1.879980 10.414592
INFO:root:valid 300 4.708255e+00 1.848007 10.392442
INFO:root:valid 350 4.704956e+00 1.914174 10.465634
INFO:root:valid 400 4.709367e+00 1.924875 10.427057
INFO:root:valid 450 4.706113e+00 1.950527 10.487112
INFO:root:valid 500 4.706406e+00 1.955464 10.463448
INFO:root:valid 550 4.709410e+00 1.959505 10.381692
INFO:root:valid 600 4.710218e+00 1.944676 10.422733
INFO:root:test_acc 1.945677
INFO:root:epoch 2 lr 4.333849e-02
INFO:root:train 000 4.608886e+00 4.687500 14.062500
INFO:root:train 050 4.702043e+00 2.910539 12.071078
INFO:root:train 100 4.707780e+00 2.475248 11.339728
INFO:root:train 150 4.718242e+00 2.400662 11.030629
INFO:root:train 200 4.718973e+00 2.153296 10.875311
INFO:root:train 250 4.724296e+00 2.147659 10.887699
INFO:root:train 300 4.721181e+00 2.185424 10.911545
INFO:root:train 350 4.723270e+00 2.159010 10.919694
INFO:root:train 400 4.721650e+00 2.143080 10.769950
INFO:root:train 450 4.720132e+00 2.165327 10.833564
INFO:root:train 500 4.726031e+00 2.114521 10.753493
INFO:root:train 550 4.723864e+00 2.104129 10.764519
INFO:root:train 600 4.722841e+00 2.087666 10.776310
INFO:root:train 650 4.721304e+00 2.119336 10.819892
INFO:root:train 700 4.719369e+00 2.099679 10.812678
INFO:root:train 750 4.720245e+00 2.120090 10.787700
INFO:root:train 800 4.720844e+00 2.108692 10.767790
INFO:root:train 850 4.721264e+00 2.093126 10.761237
INFO:root:train 900 4.720658e+00 2.082755 10.783158
INFO:root:train 950 4.722020e+00 2.083333 10.769913
INFO:root:train 1000 4.721672e+00 2.065122 10.728334
INFO:root:train 1050 4.721532e+00 2.069458 10.730852
INFO:root:train 1100 4.720901e+00 2.076238 10.728883
INFO:root:train 1150 4.720889e+00 2.083786 10.718940
INFO:root:train 1200 4.721182e+00 2.089405 10.709825
INFO:root:train 1250 4.720889e+00 2.094574 10.710182
INFO:root:train 1300 4.721680e+00 2.088538 10.702104
INFO:root:train 1350 4.722472e+00 2.094513 10.689998
INFO:root:train 1400 4.723043e+00 2.085564 10.666488
INFO:root:train 1450 4.725085e+00 2.080462 10.679058
INFO:root:train 1500 4.725110e+00 2.076741 10.663724
INFO:root:train 1550 4.726105e+00 2.061170 10.625201
INFO:root:train 1600 4.726354e+00 2.060236 10.608604
INFO:root:train 1650 4.726556e+00 2.065983 10.610993
INFO:root:train 1700 4.725507e+00 2.073229 10.616917
INFO:root:train 1750 4.724956e+00 2.072030 10.622501
INFO:root:train 1800 4.724581e+00 2.069163 10.613027
INFO:root:train 1850 4.724350e+00 2.074048 10.604910
INFO:root:train 1900 4.725184e+00 2.072922 10.590643
INFO:root:train 1950 4.724718e+00 2.065447 10.601935
INFO:root:train 2000 4.725024e+00 2.061469 10.601730
INFO:root:train 2050 4.725680e+00 2.056162 10.594679
INFO:root:train 2100 4.725609e+00 2.053338 10.601351
INFO:root:train 2150 4.725319e+00 2.054277 10.592457
INFO:root:train 2200 4.725613e+00 2.048075 10.569769
INFO:root:train 2250 4.725310e+00 2.051866 10.569608
INFO:root:train 2300 4.725566e+00 2.054813 10.562663
INFO:root:train 2350 4.725394e+00 2.047666 10.555349
INFO:root:train 2400 4.725058e+00 2.044070 10.548990
INFO:root:train 2450 4.724215e+00 2.053371 10.570303
INFO:root:train 2500 4.724080e+00 2.055428 10.582642
INFO:root:train 2550 4.723913e+00 2.054341 10.582247
INFO:root:train 2600 4.723909e+00 2.053297 10.573457
INFO:root:train 2650 4.724327e+00 2.056417 10.577966
INFO:root:train 2700 4.724581e+00 2.062315 10.586935
INFO:root:train 2750 4.724211e+00 2.068566 10.590467
INFO:root:train 2800 4.724487e+00 2.075710 10.591084
INFO:root:train 2850 4.724504e+00 2.070545 10.583458
INFO:root:train 2900 4.724529e+00 2.070407 10.577172
INFO:root:train 2950 4.724962e+00 2.069743 10.574805
INFO:root:train 3000 4.724367e+00 2.077433 10.587096
INFO:root:train 3050 4.724261e+00 2.075651 10.588229
INFO:root:train 3100 4.723789e+00 2.078463 10.590838
INFO:root:train 3150 4.723777e+00 2.074242 10.605760
INFO:root:train 3200 4.723997e+00 2.070642 10.610942
INFO:root:train 3250 4.724373e+00 2.067152 10.607313
INFO:root:train 3300 4.724389e+00 2.062822 10.612788
INFO:root:train 3350 4.724331e+00 2.062817 10.619032
INFO:root:train 3400 4.724625e+00 2.066028 10.619119
INFO:root:train 3450 4.724989e+00 2.070958 10.611055
INFO:root:train 3500 4.724474e+00 2.069052 10.615717
INFO:root:train 3550 4.723957e+00 2.068959 10.625968
INFO:root:train 3600 4.723859e+00 2.067568 10.632897
INFO:root:train_acc 2.065285
INFO:root:valid 000 4.808478e+00 1.562500 6.250000
INFO:root:valid 050 4.691325e+00 1.654412 10.416667
INFO:root:valid 100 4.694893e+00 1.686262 10.597153
INFO:root:valid 150 4.701265e+00 1.707368 10.461507
INFO:root:valid 200 4.716698e+00 1.640236 10.136816
INFO:root:valid 250 4.711660e+00 1.736803 10.333665
INFO:root:valid 300 4.714057e+00 1.744186 10.382060
INFO:root:valid 350 4.710612e+00 1.798433 10.323184
INFO:root:valid 400 4.715758e+00 1.835256 10.333541
INFO:root:valid 450 4.712071e+00 1.874307 10.397034
INFO:root:valid 500 4.710876e+00 1.902445 10.413548
INFO:root:valid 550 4.712451e+00 1.911298 10.393035
INFO:root:valid 600 4.713261e+00 1.923877 10.453931
INFO:root:test_acc 1.927517
INFO:root:epoch 3 lr 4.200461e-02
INFO:root:train 000 4.598873e+00 1.562500 12.500000
INFO:root:train 050 4.736351e+00 1.868873 9.957108
INFO:root:train 100 4.726800e+00 1.825495 10.163985
INFO:root:train 150 4.736633e+00 1.862583 10.109685
INFO:root:train 200 4.727282e+00 2.060012 10.471082
INFO:root:train 250 4.726306e+00 2.097859 10.638695
INFO:root:train 300 4.724807e+00 2.112749 10.610465
INFO:root:train 350 4.721898e+00 2.114494 10.754986
INFO:root:train 400 4.723497e+00 2.100218 10.781640
INFO:root:train 450 4.721851e+00 2.071785 10.722700
INFO:root:train 500 4.723361e+00 2.045908 10.694237
INFO:root:train 550 4.725152e+00 2.058757 10.659596
INFO:root:train 600 4.726033e+00 2.035670 10.643719
INFO:root:train 650 4.724344e+00 2.042531 10.618280
INFO:root:train 700 4.722478e+00 2.066245 10.674483
INFO:root:train 750 4.721797e+00 2.057673 10.708638
INFO:root:train 800 4.719657e+00 2.063826 10.752185
INFO:root:train 850 4.719645e+00 2.087618 10.763073
INFO:root:train 900 4.718969e+00 2.091426 10.805702
INFO:root:train 950 4.719385e+00 2.080047 10.774842
INFO:root:train 1000 4.719226e+00 2.085415 10.793894
INFO:root:train 1050 4.719072e+00 2.096218 10.796265
INFO:root:train 1100 4.719608e+00 2.091848 10.779973
INFO:root:train 1150 4.719335e+00 2.079713 10.755593
INFO:root:train 1200 4.720741e+00 2.056880 10.750156
INFO:root:train 1250 4.719919e+00 2.044614 10.741407
INFO:root:train 1300 4.721727e+00 2.030890 10.704506
INFO:root:train 1350 4.721617e+00 2.027433 10.698094
INFO:root:train 1400 4.722927e+00 2.015302 10.668719
INFO:root:train 1450 4.723940e+00 2.035234 10.662905
INFO:root:train 1500 4.724194e+00 2.044470 10.651233
INFO:root:train 1550 4.724599e+00 2.050089 10.666505
INFO:root:train 1600 4.725634e+00 2.053404 10.662281
INFO:root:train 1650 4.725963e+00 2.055572 10.661152
INFO:root:train 1700 4.725861e+00 2.062206 10.677543
INFO:root:train 1750 4.725541e+00 2.055076 10.676935
INFO:root:train 1800 4.725824e+00 2.060487 10.687639
INFO:root:train 1850 4.726824e+00 2.075736 10.686791
INFO:root:train 1900 4.727279e+00 2.070456 10.685988
INFO:root:train 1950 4.727199e+00 2.066248 10.675615
INFO:root:train 2000 4.726570e+00 2.069278 10.682940
INFO:root:train 2050 4.726199e+00 2.069874 10.680765
INFO:root:train 2100 4.726053e+00 2.065237 10.663821
INFO:root:train 2150 4.726132e+00 2.064447 10.651296
INFO:root:train 2200 4.726491e+00 2.067242 10.644309
INFO:root:train 2250 4.726451e+00 2.067831 10.637633
INFO:root:train 2300 4.726185e+00 2.056850 10.625136
INFO:root:train 2350 4.725686e+00 2.054977 10.613170
INFO:root:train 2400 4.726339e+00 2.049927 10.588036
INFO:root:train 2450 4.726351e+00 2.053371 10.588790
INFO:root:train 2500 4.725399e+00 2.066049 10.609506
INFO:root:train 2550 4.725284e+00 2.067817 10.610422
INFO:root:train 2600 4.725370e+00 2.071319 10.615508
INFO:root:train 2650 4.725177e+00 2.074099 10.631012
INFO:root:train 2700 4.725764e+00 2.070992 10.612389
INFO:root:train 2750 4.725413e+00 2.074246 10.628521
INFO:root:train 2800 4.725383e+00 2.072363 10.623996
INFO:root:train 2850 4.724850e+00 2.067805 10.632234
INFO:root:train 2900 4.724726e+00 2.068252 10.638034
INFO:root:train 2950 4.724663e+00 2.073450 10.639931
INFO:root:train 3000 4.724632e+00 2.072226 10.626666
INFO:root:train 3050 4.723926e+00 2.077700 10.622542
INFO:root:train 3100 4.724258e+00 2.075943 10.607465
INFO:root:train 3150 4.725009e+00 2.076722 10.580966
INFO:root:train 3200 4.724606e+00 2.080405 10.591417
INFO:root:train 3250 4.725323e+00 2.075323 10.577034
INFO:root:train 3300 4.725327e+00 2.070395 10.571134
INFO:root:train 3350 4.725762e+00 2.068879 10.561679
INFO:root:train 3400 4.725286e+00 2.078433 10.584663
INFO:root:train 3450 4.725066e+00 2.082277 10.589322
INFO:root:train 3500 4.725019e+00 2.077085 10.588046
INFO:root:train 3550 4.725053e+00 2.075120 10.591207
INFO:root:train 3600 4.725049e+00 2.074511 10.594713
INFO:root:train_acc 2.078626
INFO:root:valid 000 4.871020e+00 1.562500 7.812500
INFO:root:valid 050 4.692696e+00 1.807598 11.029412
INFO:root:valid 100 4.690813e+00 1.856436 10.875619
INFO:root:valid 150 4.697708e+00 1.862583 10.471854
INFO:root:valid 200 4.711553e+00 1.733520 10.261194
INFO:root:valid 250 4.708327e+00 1.799054 10.414592
INFO:root:valid 300 4.710832e+00 1.738995 10.413206
INFO:root:valid 350 4.706069e+00 1.820691 10.416667
INFO:root:valid 400 4.710581e+00 1.878117 10.388092
INFO:root:valid 450 4.707641e+00 1.902023 10.421286
INFO:root:valid 500 4.707662e+00 1.927395 10.463448
INFO:root:valid 550 4.708938e+00 1.902790 10.427064
INFO:root:valid 600 4.711483e+00 1.887479 10.391535
INFO:root:test_acc 1.888604
INFO:root:epoch 4 lr 4.018339e-02
INFO:root:train 000 4.916352e+00 0.000000 6.250000
INFO:root:train 050 4.733718e+00 2.022059 10.753676
INFO:root:train 100 4.750719e+00 2.026609 10.256807
INFO:root:train 150 4.740684e+00 2.152318 10.368377
INFO:root:train 200 4.736883e+00 2.052239 10.160137
INFO:root:train 250 4.731891e+00 2.023157 10.321215
INFO:root:train 300 4.734249e+00 2.008929 10.314576
INFO:root:train 350 4.734673e+00 2.003205 10.229701
INFO:root:train 400 4.733593e+00 1.948254 10.243921
INFO:root:train 450 4.730162e+00 1.953991 10.254989
INFO:root:train 500 4.730115e+00 1.952345 10.273204
INFO:root:train 550 4.728043e+00 1.945327 10.313634
INFO:root:train 600 4.729940e+00 1.936876 10.264143
INFO:root:train 650 4.731475e+00 1.944124 10.356663
INFO:root:train 700 4.732432e+00 1.965942 10.373573
INFO:root:train 750 4.733711e+00 1.943242 10.363266
INFO:root:train 800 4.734045e+00 1.966292 10.340590
INFO:root:train 850 4.733803e+00 1.971945 10.333431
INFO:root:train 900 4.732871e+00 1.968299 10.339206
INFO:root:train 950 4.731387e+00 1.981467 10.388736
INFO:root:train 1000 4.730368e+00 1.990197 10.403659
INFO:root:train 1050 4.730460e+00 1.983230 10.384455
INFO:root:train 1100 4.731111e+00 1.966962 10.376930
INFO:root:train 1150 4.730652e+00 1.980615 10.393136
INFO:root:train 1200 4.730846e+00 1.997034 10.423605
INFO:root:train 1250 4.732169e+00 1.998401 10.415418
INFO:root:train 1300 4.731948e+00 2.003267 10.433080
INFO:root:train 1350 4.731903e+00 1.993893 10.408956
INFO:root:train 1400 4.730933e+00 2.016417 10.414436
INFO:root:train 1450 4.729480e+00 2.023389 10.427076
INFO:root:train 1500 4.728898e+00 2.019487 10.428464
INFO:root:train 1550 4.728143e+00 2.035985 10.425733
INFO:root:train 1600 4.728059e+00 2.028029 10.414389
INFO:root:train 1650 4.726804e+00 2.036644 10.451052
INFO:root:train 1700 4.726859e+00 2.040160 10.460758
INFO:root:train 1750 4.727484e+00 2.041690 10.465448
INFO:root:train 1800 4.727435e+00 2.044871 10.459467
INFO:root:train 1850 4.726332e+00 2.052100 10.463938
INFO:root:train 1900 4.725150e+00 2.062237 10.491189
INFO:root:train 1950 4.724248e+00 2.066248 10.493016
INFO:root:train 2000 4.724374e+00 2.068497 10.504904
INFO:root:train 2050 4.724442e+00 2.067589 10.510117
INFO:root:train 2100 4.724701e+00 2.063749 10.505414
INFO:root:train 2150 4.723799e+00 2.069532 10.519816
INFO:root:train 2200 4.724167e+00 2.065822 10.525755
INFO:root:train 2250 4.723542e+00 2.077549 10.551560
INFO:root:train 2300 4.723736e+00 2.074506 10.540933
INFO:root:train 2350 4.723662e+00 2.076909 10.533417
INFO:root:train 2400 4.723264e+00 2.076609 10.552244
INFO:root:train 2450 4.723453e+00 2.080146 10.545441
INFO:root:train 2500 4.724168e+00 2.075420 10.516418
INFO:root:train 2550 4.724087e+00 2.072717 10.521609
INFO:root:train 2600 4.723844e+00 2.072520 10.507978
INFO:root:train 2650 4.723460e+00 2.076457 10.509595
INFO:root:train 2700 4.723838e+00 2.079091 10.515203
INFO:root:train 2750 4.723453e+00 2.078222 10.516630
INFO:root:train 2800 4.722949e+00 2.084077 10.535300
INFO:root:train 2850 4.723580e+00 2.077670 10.520979
INFO:root:train 2900 4.724248e+00 2.074716 10.506614
INFO:root:train 2950 4.724223e+00 2.071332 10.507561
INFO:root:train 3000 4.724352e+00 2.075871 10.511600
INFO:root:train 3050 4.724350e+00 2.076164 10.511410
INFO:root:train 3100 4.724468e+00 2.072416 10.509715
INFO:root:train 3150 4.724180e+00 2.078209 10.512040
INFO:root:train 3200 4.723668e+00 2.086262 10.527472
INFO:root:train 3250 4.723356e+00 2.087819 10.539546
INFO:root:train 3300 4.723033e+00 2.092169 10.544153
INFO:root:train 3350 4.723130e+00 2.096389 10.560281
INFO:root:train 3400 4.723679e+00 2.096350 10.553422
INFO:root:train 3450 4.723662e+00 2.098124 10.544498
INFO:root:train 3500 4.723464e+00 2.093598 10.544755
INFO:root:train 3550 4.723468e+00 2.095800 10.543245
INFO:root:train 3600 4.723738e+00 2.095338 10.535268
INFO:root:train_acc 2.092828
INFO:root:valid 000 4.820177e+00 3.125000 12.500000
INFO:root:valid 050 4.682237e+00 2.113971 11.427696
INFO:root:valid 100 4.691799e+00 1.933787 10.922030
INFO:root:valid 150 4.700341e+00 1.935017 10.544288
INFO:root:valid 200 4.717337e+00 1.803483 10.331157
INFO:root:valid 250 4.713087e+00 1.867530 10.451942
INFO:root:valid 300 4.714911e+00 1.868771 10.454734
INFO:root:valid 350 4.709554e+00 1.918625 10.487892
INFO:root:valid 400 4.713939e+00 1.971633 10.493298
INFO:root:valid 450 4.712744e+00 1.957456 10.504435
INFO:root:valid 500 4.711760e+00 1.958583 10.541417
INFO:root:valid 550 4.713133e+00 1.939655 10.520644
INFO:root:valid 600 4.714914e+00 1.936876 10.503328
INFO:root:test_acc 1.937894
INFO:root:epoch 5 lr 3.791967e-02
INFO:root:train 000 4.512065e+00 6.250000 17.187500
INFO:root:train 050 4.722796e+00 2.267157 11.121324
INFO:root:train 100 4.720850e+00 2.011139 10.798267
INFO:root:train 150 4.733915e+00 1.997103 10.347682
INFO:root:train 200 4.733056e+00 1.935634 10.346704
INFO:root:train 250 4.734906e+00 1.929781 10.302540
INFO:root:train 300 4.732891e+00 1.967400 10.356105
INFO:root:train 350 4.736855e+00 1.958689 10.238604
INFO:root:train 400 4.735859e+00 1.971633 10.232232
INFO:root:train 450 4.730452e+00 1.947062 10.317350
INFO:root:train 500 4.726810e+00 1.955464 10.404192
INFO:root:train 550 4.730509e+00 1.982191 10.378857
INFO:root:train 600 4.730545e+00 2.007072 10.370736
INFO:root:train 650 4.729556e+00 2.018529 10.414267
INFO:root:train 700 4.728802e+00 2.021665 10.429297
INFO:root:train 750 4.727111e+00 2.051431 10.446488
INFO:root:train 800 4.728311e+00 2.030665 10.459582
INFO:root:train 850 4.727700e+00 2.034371 10.489498
INFO:root:train 900 4.727116e+00 2.046337 10.505688
INFO:root:train 950 4.727618e+00 2.038972 10.480744
INFO:root:train 1000 4.726547e+00 2.043269 10.492632
INFO:root:train 1050 4.727539e+00 2.048644 10.497443
INFO:root:train 1100 4.726901e+00 2.056369 10.535876
INFO:root:train 1150 4.728269e+00 2.051205 10.524815
INFO:root:train 1200 4.729632e+00 2.041268 10.497762
INFO:root:train 1250 4.729567e+00 2.033373 10.512840
INFO:root:train 1300 4.729309e+00 2.032091 10.535165
INFO:root:train 1350 4.728631e+00 2.036686 10.522298
INFO:root:train 1400 4.729652e+00 2.030915 10.495851
INFO:root:train 1450 4.729569e+00 2.033081 10.530453
INFO:root:train 1500 4.729915e+00 2.030938 10.538807
INFO:root:train 1550 4.729926e+00 2.030948 10.525467
INFO:root:train 1600 4.728651e+00 2.036813 10.526624
INFO:root:train 1650 4.728403e+00 2.046108 10.531496
INFO:root:train 1700 4.728980e+00 2.045672 10.515873
INFO:root:train 1750 4.729636e+00 2.040798 10.492219
INFO:root:train 1800 4.728944e+00 2.047474 10.529740
INFO:root:train 1850 4.729249e+00 2.046191 10.519652
INFO:root:train 1900 4.729702e+00 2.044976 10.495299
INFO:root:train 1950 4.728144e+00 2.051032 10.528255
INFO:root:train 2000 4.727894e+00 2.050537 10.525987
INFO:root:train 2050 4.728032e+00 2.039402 10.515450
INFO:root:train 2100 4.727659e+00 2.047388 10.526238
INFO:root:train 2150 4.726707e+00 2.044834 10.538703
INFO:root:train 2200 4.726714e+00 2.040266 10.539244
INFO:root:train 2250 4.726688e+00 2.040760 10.552255
INFO:root:train 2300 4.726984e+00 2.038516 10.527352
INFO:root:train 2350 4.727752e+00 2.035703 10.525441
INFO:root:train 2400 4.727330e+00 2.034959 10.531419
INFO:root:train 2450 4.727080e+00 2.034246 10.523766
INFO:root:train 2500 4.727184e+00 2.034186 10.520792
INFO:root:train 2550 4.726620e+00 2.039641 10.544272
INFO:root:train 2600 4.726571e+00 2.041883 10.560241
INFO:root:train 2650 4.726846e+00 2.039325 10.564410
INFO:root:train 2700 4.727003e+00 2.042068 10.562639
INFO:root:train 2750 4.726343e+00 2.052095 10.567180
INFO:root:train 2800 4.726708e+00 2.050049 10.581600
INFO:root:train 2850 4.726241e+00 2.055200 10.581265
INFO:root:train 2900 4.726532e+00 2.049940 10.571786
INFO:root:train 2950 4.726361e+00 2.052800 10.563686
INFO:root:train 3000 4.726468e+00 2.046193 10.557418
INFO:root:train 3050 4.726597e+00 2.043900 10.569281
INFO:root:train 3100 4.726226e+00 2.040168 10.578745
INFO:root:train 3150 4.725877e+00 2.044986 10.586917
INFO:root:train 3200 4.725508e+00 2.048188 10.598739
INFO:root:train 3250 4.725611e+00 2.043121 10.602988
INFO:root:train 3300 4.726019e+00 2.040575 10.595274
INFO:root:train 3350 4.726017e+00 2.039037 10.590589
INFO:root:train 3400 4.725893e+00 2.048570 10.596608
INFO:root:train 3450 4.726251e+00 2.051941 10.592039
INFO:root:train 3500 4.726095e+00 2.056555 10.604113
INFO:root:train 3550 4.726238e+00 2.055759 10.600447
INFO:root:train 3600 4.726081e+00 2.052815 10.600354
INFO:root:train_acc 2.051944
INFO:root:valid 000 4.875162e+00 1.562500 7.812500
INFO:root:valid 050 4.700698e+00 1.654412 11.182598
INFO:root:valid 100 4.701788e+00 1.763614 11.169554
INFO:root:valid 150 4.706035e+00 1.862583 10.761589
INFO:root:valid 200 4.721620e+00 1.764614 10.439988
INFO:root:valid 250 4.715780e+00 1.792829 10.595120
INFO:root:valid 300 4.715626e+00 1.759759 10.626038
INFO:root:valid 350 4.711320e+00 1.842949 10.665954
INFO:root:valid 400 4.715265e+00 1.858635 10.602400
INFO:root:valid 450 4.710942e+00 1.846591 10.684590
INFO:root:valid 500 4.711054e+00 1.843189 10.684880
INFO:root:valid 550 4.712149e+00 1.854583 10.631239
INFO:root:valid 600 4.713719e+00 1.866681 10.612521
INFO:root:test_acc 1.867850
INFO:root:epoch 6 lr 3.526920e-02
INFO:root:train 000 4.894442e+00 0.000000 4.687500
INFO:root:train 050 4.738544e+00 1.838235 9.926471
INFO:root:train 100 4.739578e+00 1.887376 9.746287
INFO:root:train 150 4.733298e+00 1.935017 10.192467
INFO:root:train 200 4.732593e+00 1.842351 10.199005
INFO:root:train 250 4.721110e+00 1.948456 10.439492
INFO:root:train 300 4.721837e+00 2.060839 10.382060
INFO:root:train 350 4.725545e+00 2.056624 10.363248
INFO:root:train 400 4.729176e+00 2.045667 10.267300
INFO:root:train 450 4.731490e+00 2.019817 10.189163
INFO:root:train 500 4.726791e+00 2.077096 10.338698
INFO:root:train 550 4.724357e+00 2.081443 10.410050
INFO:root:train 600 4.722676e+00 2.064268 10.451331
INFO:root:train 650 4.722191e+00 2.061732 10.462270
INFO:root:train 700 4.722757e+00 2.106366 10.487250
INFO:root:train 750 4.721094e+00 2.107607 10.579644
INFO:root:train 800 4.722595e+00 2.095037 10.482990
INFO:root:train 850 4.721076e+00 2.078437 10.472973
INFO:root:train 900 4.720210e+00 2.086224 10.497017
INFO:root:train 950 4.721452e+00 2.084976 10.474172
INFO:root:train 1000 4.721978e+00 2.090097 10.498876
INFO:root:train 1050 4.719918e+00 2.108111 10.558397
INFO:root:train 1100 4.719688e+00 2.118812 10.581290
INFO:root:train 1150 4.720315e+00 2.119081 10.576401
INFO:root:train 1200 4.722460e+00 2.105017 10.566715
INFO:root:train 1250 4.722615e+00 2.107064 10.552808
INFO:root:train 1300 4.721674e+00 2.106553 10.602421
INFO:root:train 1350 4.721718e+00 2.099140 10.597474
INFO:root:train 1400 4.721818e+00 2.090025 10.590650
INFO:root:train 1450 4.721882e+00 2.089076 10.574604
INFO:root:train 1500 4.724213e+00 2.078822 10.555463
INFO:root:train 1550 4.723943e+00 2.075274 10.564757
INFO:root:train 1600 4.723250e+00 2.079755 10.589085
INFO:root:train 1650 4.724219e+00 2.083018 10.573137
INFO:root:train 1700 4.724594e+00 2.081496 10.541593
INFO:root:train 1750 4.724408e+00 2.085415 10.579669
INFO:root:train 1800 4.724444e+00 2.082177 10.574854
INFO:root:train 1850 4.724390e+00 2.084177 10.561014
INFO:root:train 1900 4.724866e+00 2.086073 10.573382
INFO:root:train 1950 4.725224e+00 2.091876 10.581112
INFO:root:train 2000 4.724516e+00 2.093485 10.578305
INFO:root:train 2050 4.724931e+00 2.091206 10.570301
INFO:root:train 2100 4.724492e+00 2.091266 10.573834
INFO:root:train 2150 4.724600e+00 2.089871 10.559769
INFO:root:train 2200 4.724869e+00 2.091379 10.547052
INFO:root:train 2250 4.725269e+00 2.085184 10.514771
INFO:root:train 2300 4.725481e+00 2.088087 10.508339
INFO:root:train 2350 4.725608e+00 2.087543 10.514808
INFO:root:train 2400 4.726017e+00 2.085069 10.517753
INFO:root:train 2450 4.724721e+00 2.092258 10.544803
INFO:root:train 2500 4.724616e+00 2.082292 10.537660
INFO:root:train 2550 4.724726e+00 2.078842 10.524672
INFO:root:train 2600 4.724994e+00 2.083934 10.523597
INFO:root:train 2650 4.725096e+00 2.083530 10.519615
INFO:root:train 2700 4.725011e+00 2.084876 10.515203
INFO:root:train 2750 4.724814e+00 2.091285 10.530262
INFO:root:train 2800 4.724834e+00 2.089098 10.531953
INFO:root:train 2850 4.725145e+00 2.090823 10.531941
INFO:root:train 2900 4.725630e+00 2.091412 10.533544
INFO:root:train 2950 4.725588e+00 2.095688 10.543566
INFO:root:train 3000 4.726075e+00 2.099821 10.545443
INFO:root:train 3050 4.726566e+00 2.104843 10.545211
INFO:root:train 3100 4.726840e+00 2.098617 10.549016
INFO:root:train 3150 4.726820e+00 2.099036 10.551214
INFO:root:train 3200 4.726788e+00 2.099442 10.543092
INFO:root:train 3250 4.726551e+00 2.095990 10.534739
INFO:root:train 3300 4.726262e+00 2.095009 10.526640
INFO:root:train 3350 4.725771e+00 2.096855 10.537899
INFO:root:train 3400 4.725956e+00 2.095431 10.539180
INFO:root:train 3450 4.726021e+00 2.097671 10.534537
INFO:root:train 3500 4.726299e+00 2.098061 10.530027
INFO:root:train 3550 4.726819e+00 2.096240 10.525204
INFO:root:train 3600 4.726371e+00 2.099677 10.535268
INFO:root:train_acc 2.096271
INFO:root:valid 000 4.798818e+00 1.562500 9.375000
INFO:root:valid 050 4.691071e+00 1.807598 11.335784
INFO:root:valid 100 4.697739e+00 1.902847 10.999381
INFO:root:valid 150 4.702708e+00 2.007450 10.761589
INFO:root:valid 200 4.716457e+00 1.935634 10.486629
INFO:root:valid 250 4.713901e+00 2.010707 10.489293
INFO:root:valid 300 4.713235e+00 1.951827 10.589701
INFO:root:valid 350 4.709531e+00 1.994302 10.634793
INFO:root:valid 400 4.715708e+00 1.998909 10.563435
INFO:root:valid 450 4.712028e+00 2.009424 10.615299
INFO:root:valid 500 4.712366e+00 2.017839 10.616267
INFO:root:valid 550 4.714157e+00 2.007713 10.517809
INFO:root:valid 600 4.714616e+00 2.038270 10.492928
INFO:root:test_acc 2.044258
INFO:root:epoch 7 lr 3.229724e-02
INFO:root:train 000 4.824928e+00 1.562500 6.250000
INFO:root:train 050 4.725448e+00 1.776961 9.375000
INFO:root:train 100 4.713685e+00 1.779084 10.040223
INFO:root:train 150 4.708517e+00 2.059189 10.440811
INFO:root:train 200 4.705779e+00 2.083333 10.642102
INFO:root:train 250 4.717069e+00 2.079183 10.526643
INFO:root:train 300 4.715692e+00 2.107558 10.475498
INFO:root:train 350 4.718748e+00 2.074430 10.461182
INFO:root:train 400 4.723425e+00 2.045667 10.325748
INFO:root:train 450 4.724837e+00 2.078714 10.327744
INFO:root:train 500 4.725672e+00 2.064621 10.344935
INFO:root:train 550 4.726514e+00 2.047414 10.393035
INFO:root:train 600 4.725630e+00 2.030470 10.430532
INFO:root:train 650 4.723636e+00 2.042531 10.464670
INFO:root:train 700 4.725797e+00 2.048413 10.460503
INFO:root:train 750 4.727888e+00 2.024384 10.421521
INFO:root:train 800 4.728658e+00 2.040418 10.416667
INFO:root:train 850 4.728373e+00 2.058240 10.406874
INFO:root:train 900 4.728624e+00 2.067148 10.377358
INFO:root:train 950 4.728802e+00 2.075118 10.385450
INFO:root:train 1000 4.727075e+00 2.083854 10.431756
INFO:root:train 1050 4.726904e+00 2.063511 10.427569
INFO:root:train 1100 4.726353e+00 2.073399 10.473433
INFO:root:train 1150 4.727442e+00 2.055278 10.444722
INFO:root:train 1200 4.726655e+00 2.050375 10.452227
INFO:root:train 1250 4.727395e+00 2.048361 10.452888
INFO:root:train 1300 4.727734e+00 2.051307 10.461904
INFO:root:train 1350 4.727079e+00 2.057504 10.445966
INFO:root:train 1400 4.728538e+00 2.046529 10.422243
INFO:root:train 1450 4.727731e+00 2.047080 10.436768
INFO:root:train 1500 4.727781e+00 2.041347 10.420137
INFO:root:train 1550 4.726476e+00 2.041022 10.462000
INFO:root:train 1600 4.726236e+00 2.041693 10.453428
INFO:root:train 1650 4.725816e+00 2.048001 10.476605
INFO:root:train 1700 4.726024e+00 2.037404 10.472700
INFO:root:train 1750 4.725835e+00 2.046152 10.474372
INFO:root:train 1800 4.726095e+00 2.037063 10.461202
INFO:root:train 1850 4.726599e+00 2.035217 10.458874
INFO:root:train 1900 4.726007e+00 2.037579 10.465709
INFO:root:train 1950 4.725455e+00 2.055036 10.489012
INFO:root:train 2000 4.725219e+00 2.050537 10.502561
INFO:root:train 2050 4.725344e+00 2.055400 10.477359
INFO:root:train 2100 4.726234e+00 2.059287 10.477154
INFO:root:train 2150 4.725643e+00 2.074616 10.500203
INFO:root:train 2200 4.725253e+00 2.077891 10.510137
INFO:root:train 2250 4.726475e+00 2.079631 10.498806
INFO:root:train 2300 4.726567e+00 2.080617 10.485251
INFO:root:train 2350 4.726924e+00 2.086213 10.481577
INFO:root:train 2400 4.727116e+00 2.083767 10.483913
INFO:root:train 2450 4.727278e+00 2.079508 10.489341
INFO:root:train 2500 4.727648e+00 2.083542 10.491428
INFO:root:train 2550 4.728125e+00 2.088029 10.484246
INFO:root:train 2600 4.728087e+00 2.085136 10.476139
INFO:root:train 2650 4.727873e+00 2.088245 10.493092
INFO:root:train 2700 4.727600e+00 2.084876 10.499005
INFO:root:train 2750 4.727479e+00 2.081629 10.505839
INFO:root:train 2800 4.727253e+00 2.082404 10.509639
INFO:root:train 2850 4.727639e+00 2.075478 10.511663
INFO:root:train 2900 4.727774e+00 2.075793 10.512539
INFO:root:train 2950 4.727684e+00 2.071861 10.509149
INFO:root:train 3000 4.727526e+00 2.068061 10.516807
INFO:root:train 3050 4.726838e+00 2.058751 10.517556
INFO:root:train 3100 4.727480e+00 2.057300 10.509211
INFO:root:train 3150 4.727599e+00 2.049944 10.494188
INFO:root:train 3200 4.727313e+00 2.047212 10.487933
INFO:root:train 3250 4.727234e+00 2.048408 10.494848
INFO:root:train 3300 4.727559e+00 2.042942 10.485932
INFO:root:train 3350 4.727530e+00 2.052559 10.493603
INFO:root:train 3400 4.727727e+00 2.048111 10.496453
INFO:root:train 3450 4.727677e+00 2.049225 10.496957
INFO:root:train 3500 4.727416e+00 2.053431 10.502803
INFO:root:train 3550 4.726965e+00 2.060159 10.513324
INFO:root:train 3600 4.726676e+00 2.059758 10.518346
INFO:root:train_acc 2.059260
INFO:root:valid 000 4.928190e+00 1.562500 9.375000
INFO:root:valid 050 4.695870e+00 2.083333 11.642157
INFO:root:valid 100 4.695014e+00 2.103960 11.185025
INFO:root:valid 150 4.701305e+00 1.997103 10.937500
INFO:root:valid 200 4.712646e+00 1.842351 10.541045
INFO:root:valid 250 4.709792e+00 1.942231 10.507968
INFO:root:valid 300 4.712252e+00 1.967400 10.548173
INFO:root:valid 350 4.708532e+00 2.003205 10.568020
INFO:root:valid 400 4.714011e+00 2.010599 10.512781
INFO:root:valid 450 4.710484e+00 1.985172 10.549473
INFO:root:valid 500 4.709460e+00 2.008483 10.600674
INFO:root:valid 550 4.711299e+00 1.968013 10.531987
INFO:root:valid 600 4.712892e+00 1.973274 10.490329
INFO:root:test_acc 1.976808
INFO:root:epoch 8 lr 2.907697e-02
INFO:root:train 000 4.763809e+00 1.562500 6.250000
INFO:root:train 050 4.715442e+00 2.175245 10.569853
INFO:root:train 100 4.729942e+00 2.088490 10.798267
INFO:root:train 150 4.735106e+00 2.017798 10.471854
INFO:root:train 200 4.731695e+00 1.997823 10.346704
INFO:root:train 250 4.736455e+00 1.985807 10.234064
INFO:root:train 300 4.735221e+00 1.951827 10.236711
INFO:root:train 350 4.731322e+00 1.994302 10.283120
INFO:root:train 400 4.733940e+00 2.006702 10.247818
INFO:root:train 450 4.736259e+00 2.023282 10.199557
INFO:root:train 500 4.739373e+00 2.014721 10.145334
INFO:root:train 550 4.738771e+00 1.987863 10.123639
INFO:root:train 600 4.740208e+00 2.027870 10.212146
INFO:root:train 650 4.739260e+00 2.066532 10.248656
INFO:root:train 700 4.737454e+00 2.039497 10.300018
INFO:root:train 750 4.736116e+00 2.036868 10.338299
INFO:root:train 800 4.736314e+00 2.007257 10.365949
INFO:root:train 850 4.736389e+00 2.014175 10.423399
INFO:root:train 900 4.736771e+00 1.999514 10.377358
INFO:root:train 950 4.737016e+00 2.001183 10.377234
INFO:root:train 1000 4.736846e+00 1.985514 10.408342
INFO:root:train 1050 4.735441e+00 1.995124 10.454329
INFO:root:train 1100 4.734774e+00 1.998183 10.443631
INFO:root:train 1150 4.734193e+00 2.005050 10.467800
INFO:root:train 1200 4.734958e+00 2.010044 10.449625
INFO:root:train 1250 4.733096e+00 2.015887 10.500350
INFO:root:train 1300 4.732410e+00 2.021282 10.493130
INFO:root:train 1350 4.733007e+00 2.017024 10.503793
INFO:root:train 1400 4.732356e+00 2.021993 10.502543
INFO:root:train 1450 4.731160e+00 2.023389 10.493840
INFO:root:train 1500 4.729972e+00 2.029897 10.522152
INFO:root:train 1550 4.729928e+00 2.029940 10.516401
INFO:root:train 1600 4.729510e+00 2.024126 10.524672
INFO:root:train 1650 4.729235e+00 2.024341 10.548531
INFO:root:train 1700 4.728831e+00 2.025463 10.550779
INFO:root:train 1750 4.728239e+00 2.039906 10.567176
INFO:root:train 1800 4.728576e+00 2.036195 10.553165
INFO:root:train 1850 4.728608e+00 2.025932 10.544976
INFO:root:train 1900 4.728174e+00 2.032647 10.552012
INFO:root:train 1950 4.728114e+00 2.032611 10.544272
INFO:root:train 2000 4.727698e+00 2.025550 10.562687
INFO:root:train 2050 4.727401e+00 2.021880 10.554303
INFO:root:train 2100 4.727424e+00 2.023590 10.552267
INFO:root:train 2150 4.727991e+00 2.019410 10.539429
INFO:root:train 2200 4.726789e+00 2.036006 10.581128
INFO:root:train 2250 4.726253e+00 2.029653 10.581408
INFO:root:train 2300 4.726971e+00 2.025614 10.558589
INFO:root:train 2350 4.727605e+00 2.025734 10.545380
INFO:root:train 2400 4.727231e+00 2.025849 10.544435
INFO:root:train 2450 4.727835e+00 2.030421 10.547353
INFO:root:train 2500 4.727142e+00 2.027939 10.550780
INFO:root:train 2550 4.726176e+00 2.028004 10.566322
INFO:root:train 2600 4.726529e+00 2.023260 10.562644
INFO:root:train 2650 4.726973e+00 2.026947 10.562641
INFO:root:train 2700 4.726999e+00 2.027027 10.567845
INFO:root:train 2750 4.727050e+00 2.021424 10.548437
INFO:root:train 2800 4.726534e+00 2.026620 10.555940
INFO:root:train 2850 4.726404e+00 2.032182 10.564824
INFO:root:train 2900 4.726527e+00 2.038629 10.577172
INFO:root:train 2950 4.726242e+00 2.042210 10.593866
INFO:root:train 3000 4.725637e+00 2.046714 10.593344
INFO:root:train 3050 4.725646e+00 2.053630 10.596423
INFO:root:train 3100 4.725820e+00 2.059316 10.596884
INFO:root:train 3150 4.725891e+00 2.055895 10.589396
INFO:root:train 3200 4.725918e+00 2.054534 10.595810
INFO:root:train 3250 4.726559e+00 2.047447 10.578956
INFO:root:train 3300 4.726061e+00 2.044835 10.591014
INFO:root:train 3350 4.726657e+00 2.044632 10.596184
INFO:root:train 3400 4.726299e+00 2.044895 10.587879
INFO:root:train 3450 4.726566e+00 2.040170 10.582983
INFO:root:train 3500 4.726968e+00 2.041827 10.577335
INFO:root:train 3550 4.727119e+00 2.039038 10.574926
INFO:root:train 3600 4.726965e+00 2.045873 10.588639
INFO:root:train_acc 2.051514
INFO:root:valid 000 4.739812e+00 1.562500 7.812500
INFO:root:valid 050 4.688425e+00 1.838235 10.845588
INFO:root:valid 100 4.689798e+00 1.902847 10.659035
INFO:root:valid 150 4.696933e+00 1.945364 10.482202
INFO:root:valid 200 4.708524e+00 1.826803 10.245647
INFO:root:valid 250 4.706689e+00 1.898655 10.402141
INFO:root:valid 300 4.709541e+00 1.879153 10.454734
INFO:root:valid 350 4.707936e+00 1.923077 10.434473
INFO:root:valid 400 4.713232e+00 1.963840 10.430954
INFO:root:valid 450 4.711229e+00 1.967849 10.452467
INFO:root:valid 500 4.711350e+00 1.974177 10.494636
INFO:root:valid 550 4.713198e+00 1.959505 10.452586
INFO:root:valid 600 4.714638e+00 1.960275 10.461730
INFO:root:test_acc 1.961242
INFO:root:epoch 9 lr 2.568768e-02
INFO:root:train 000 4.512456e+00 1.562500 14.062500
INFO:root:train 050 4.710333e+00 2.144608 10.631127
INFO:root:train 100 4.730524e+00 2.150371 10.334158
INFO:root:train 150 4.738256e+00 2.079884 10.647765
INFO:root:train 200 4.742387e+00 1.966729 10.385572
INFO:root:train 250 4.730043e+00 2.035608 10.539094
INFO:root:train 300 4.721565e+00 2.055648 10.527409
INFO:root:train 350 4.724805e+00 2.043269 10.447828
INFO:root:train 400 4.727796e+00 2.014495 10.345231
INFO:root:train 450 4.724245e+00 2.078714 10.487112
INFO:root:train 500 4.727722e+00 2.092690 10.444736
INFO:root:train 550 4.724979e+00 2.078607 10.438407
INFO:root:train 600 4.729105e+00 2.074667 10.440932
INFO:root:train 650 4.728695e+00 2.066532 10.438268
INFO:root:train 700 4.730739e+00 2.081847 10.467190
INFO:root:train 750 4.731813e+00 2.095123 10.421521
INFO:root:train 800 4.730353e+00 2.081383 10.443976
INFO:root:train 850 4.729920e+00 2.087618 10.485825
INFO:root:train 900 4.731552e+00 2.081021 10.481410
INFO:root:train 950 4.732753e+00 2.075118 10.444598
INFO:root:train 1000 4.731580e+00 2.080732 10.447365
INFO:root:train 1050 4.731027e+00 2.105138 10.473656
INFO:root:train 1100 4.732964e+00 2.089010 10.483367
INFO:root:train 1150 4.733081e+00 2.093288 10.503095
INFO:root:train 1200 4.731564e+00 2.088104 10.527685
INFO:root:train 1250 4.731754e+00 2.078337 10.514089
INFO:root:train 1300 4.732837e+00 2.075327 10.514748
INFO:root:train 1350 4.731301e+00 2.071382 10.525768
INFO:root:train 1400 4.729926e+00 2.088910 10.571690
INFO:root:train 1450 4.728275e+00 2.089076 10.574604
INFO:root:train 1500 4.728819e+00 2.080904 10.562750
INFO:root:train 1550 4.728924e+00 2.083333 10.559720
INFO:root:train 1600 4.728081e+00 2.086587 10.575422
INFO:root:train 1650 4.729792e+00 2.077339 10.549478
INFO:root:train 1700 4.729637e+00 2.086089 10.579255
INFO:root:train 1750 4.729168e+00 2.092554 10.590377
INFO:root:train 1800 4.728864e+00 2.083044 10.605219
INFO:root:train 1850 4.728759e+00 2.089242 10.610818
INFO:root:train 1900 4.729104e+00 2.077032 10.593931
INFO:root:train 1950 4.728655e+00 2.071053 10.598731
INFO:root:train 2000 4.728475e+00 2.079429 10.595484
INFO:root:train 2050 4.728174e+00 2.072160 10.590108
INFO:root:train 2100 4.728348e+00 2.072674 10.576809
INFO:root:train 2150 4.727792e+00 2.074616 10.575023
INFO:root:train 2200 4.728485e+00 2.075761 10.564090
INFO:root:train 2250 4.727996e+00 2.077549 10.567526
INFO:root:train 2300 4.727667e+00 2.076543 10.572849
INFO:root:train 2350 4.728353e+00 2.072256 10.555349
INFO:root:train 2400 4.728733e+00 2.069450 10.541832
INFO:root:train 2450 4.728365e+00 2.064208 10.540978
INFO:root:train 2500 4.728502e+00 2.067923 10.539534
INFO:root:train 2550 4.728389e+00 2.066592 10.539372
INFO:root:train 2600 4.728590e+00 2.067114 10.538615
INFO:root:train 2650 4.728158e+00 2.069974 10.547906
INFO:root:train 2700 4.727919e+00 2.077934 10.551069
INFO:root:train 2750 4.728100e+00 2.075950 10.541053
INFO:root:train 2800 4.728227e+00 2.071247 10.544783
INFO:root:train 2850 4.728499e+00 2.069449 10.531941
INFO:root:train 2900 4.729025e+00 2.066098 10.527620
INFO:root:train 2950 4.729071e+00 2.066037 10.532447
INFO:root:train 3000 4.729044e+00 2.065457 10.542319
INFO:root:train 3050 4.728935e+00 2.067970 10.545723
INFO:root:train 3100 4.728862e+00 2.064354 10.549016
INFO:root:train 3150 4.728751e+00 2.073251 10.529891
INFO:root:train 3200 4.728603e+00 2.073571 10.528448
INFO:root:train 3250 4.728268e+00 2.075804 10.519359
INFO:root:train 3300 4.728047e+00 2.080809 10.528533
INFO:root:train 3350 4.727886e+00 2.080069 10.529972
INFO:root:train 3400 4.727863e+00 2.072920 10.527235
INFO:root:train 3450 4.727554e+00 2.071863 10.534084
INFO:root:train 3500 4.727474e+00 2.071283 10.543416
INFO:root:train 3550 4.727070e+00 2.077320 10.547645
INFO:root:train 3600 4.726828e+00 2.078850 10.558265
INFO:root:train_acc 2.077335
INFO:root:valid 000 4.681931e+00 0.000000 7.812500
INFO:root:valid 050 4.695671e+00 1.715686 11.182598
INFO:root:valid 100 4.699895e+00 1.794554 11.045792
INFO:root:valid 150 4.704420e+00 1.821192 10.823675
INFO:root:valid 200 4.718324e+00 1.733520 10.362251
INFO:root:valid 250 4.715099e+00 1.799054 10.364791
INFO:root:valid 300 4.716753e+00 1.759759 10.444352
INFO:root:valid 350 4.711264e+00 1.802885 10.523504
INFO:root:valid 400 4.715241e+00 1.819670 10.469919
INFO:root:valid 450 4.711470e+00 1.805017 10.532151
INFO:root:valid 500 4.711510e+00 1.830714 10.510230
INFO:root:valid 550 4.713704e+00 1.803539 10.455422
INFO:root:valid 600 4.714582e+00 1.796485 10.440932
INFO:root:test_acc 1.800400
INFO:root:epoch 10 lr 2.221283e-02
INFO:root:train 000 4.620589e+00 3.125000 10.937500
INFO:root:train 050 4.747064e+00 2.022059 10.386029
INFO:root:train 100 4.718078e+00 2.103960 10.875619
INFO:root:train 150 4.713700e+00 2.059189 10.896109
INFO:root:train 200 4.712447e+00 2.145522 10.836443
INFO:root:train 250 4.715311e+00 2.141434 10.744522
INFO:root:train 300 4.708877e+00 2.164659 10.911545
INFO:root:train 350 4.715603e+00 2.114494 10.799501
INFO:root:train 400 4.715164e+00 2.166459 10.910224
INFO:root:train 450 4.718327e+00 2.134146 10.819706
INFO:root:train 500 4.720943e+00 2.089571 10.737899
INFO:root:train 550 4.720479e+00 2.109800 10.753176
INFO:root:train 600 4.721922e+00 2.077267 10.706115
INFO:root:train 650 4.722589e+00 2.068932 10.642281
INFO:root:train 700 4.721736e+00 2.088534 10.676712
INFO:root:train 750 4.720166e+00 2.105526 10.694075
INFO:root:train 800 4.721562e+00 2.102840 10.664404
INFO:root:train 850 4.724519e+00 2.104142 10.643728
INFO:root:train 900 4.724392e+00 2.108768 10.658296
INFO:root:train 950 4.725762e+00 2.078404 10.610542
INFO:root:train 1000 4.725543e+00 2.096341 10.636239
INFO:root:train 1050 4.725640e+00 2.105138 10.619351
INFO:root:train 1100 4.727337e+00 2.076238 10.602577
INFO:root:train 1150 4.727798e+00 2.059351 10.568256
INFO:root:train 1200 4.728332e+00 2.065987 10.532889
INFO:root:train 1250 4.729099e+00 2.074590 10.534073
INFO:root:train 1300 4.729834e+00 2.052508 10.494331
INFO:root:train 1350 4.729927e+00 2.052877 10.509576
INFO:root:train 1400 4.730284e+00 2.046529 10.513696
INFO:root:train 1450 4.730818e+00 2.038465 10.523992
INFO:root:train 1500 4.731152e+00 2.033020 10.529439
INFO:root:train 1550 4.731252e+00 2.027926 10.501289
INFO:root:train 1600 4.730443e+00 2.028029 10.499297
INFO:root:train 1650 4.731007e+00 2.032859 10.496479
INFO:root:train 1700 4.730778e+00 2.040160 10.489234
INFO:root:train 1750 4.730274e+00 2.038121 10.479726
INFO:root:train 1800 4.729408e+00 2.032725 10.485494
INFO:root:train 1850 4.729530e+00 2.030153 10.477445
INFO:root:train 1900 4.730348e+00 2.027716 10.440229
INFO:root:train 1950 4.729695e+00 2.030209 10.464185
INFO:root:train 2000 4.729920e+00 2.031797 10.454929
INFO:root:train 2050 4.729995e+00 2.031783 10.450695
INFO:root:train 2100 4.729798e+00 2.030283 10.458561
INFO:root:train 2150 4.729908e+00 2.030306 10.444997
INFO:root:train 2200 4.729426e+00 2.035296 10.444116
INFO:root:train 2250 4.730459e+00 2.040066 10.434946
INFO:root:train 2300 4.730108e+00 2.035800 10.444508
INFO:root:train 2350 4.729994e+00 2.033709 10.455657
INFO:root:train 2400 4.729988e+00 2.031706 10.452676
INFO:root:train 2450 4.729722e+00 2.043809 10.465754
INFO:root:train 2500 4.729324e+00 2.049805 10.472061
INFO:root:train 2550 4.728323e+00 2.058629 10.483021
INFO:root:train 2600 4.728666e+00 2.071319 10.490557
INFO:root:train 2650 4.728083e+00 2.079993 10.516079
INFO:root:train 2700 4.726987e+00 2.085454 10.534871
INFO:root:train 2750 4.727129e+00 2.087877 10.537645
INFO:root:train 2800 4.726929e+00 2.086866 10.536416
INFO:root:train 2850 4.726584e+00 2.089179 10.555507
INFO:root:train 2900 4.726934e+00 2.082795 10.547010
INFO:root:train 2950 4.727298e+00 2.081392 10.541977
INFO:root:train 3000 4.727634e+00 2.081598 10.530865
INFO:root:train 3050 4.727722e+00 2.084358 10.520628
INFO:root:train 3100 4.727596e+00 2.088540 10.531381
INFO:root:train 3150 4.727455e+00 2.087631 10.547247
INFO:root:train 3200 4.727703e+00 2.081381 10.537723
INFO:root:train 3250 4.727294e+00 2.083494 10.535701
INFO:root:train 3300 4.727463e+00 2.087436 10.537527
INFO:root:train 3350 4.727094e+00 2.094524 10.554219
INFO:root:train 3400 4.727490e+00 2.094053 10.557097
INFO:root:train 3450 4.727317e+00 2.090879 10.564873
INFO:root:train 3500 4.727726e+00 2.086011 10.547433
INFO:root:train 3550 4.727706e+00 2.084800 10.555125
INFO:root:train 3600 4.727690e+00 2.088396 10.543078
INFO:root:train_acc 2.087664
INFO:root:valid 000 4.849222e+00 1.562500 6.250000
INFO:root:valid 050 4.693277e+00 2.236520 11.213235
INFO:root:valid 100 4.695220e+00 2.057550 10.999381
INFO:root:valid 150 4.706900e+00 2.069536 10.771937
INFO:root:valid 200 4.718559e+00 1.912313 10.533271
INFO:root:valid 250 4.712665e+00 1.942231 10.595120
INFO:root:valid 300 4.712435e+00 1.910299 10.662375
INFO:root:valid 350 4.709581e+00 1.958689 10.603632
INFO:root:valid 400 4.714113e+00 1.948254 10.617986
INFO:root:valid 450 4.712275e+00 1.936669 10.563331
INFO:root:valid 500 4.712210e+00 1.958583 10.541417
INFO:root:valid 550 4.713570e+00 1.945327 10.478108
INFO:root:valid 600 4.715436e+00 1.934276 10.456531
INFO:root:test_acc 1.935300
INFO:root:epoch 11 lr 1.873798e-02
INFO:root:train 000 4.670813e+00 3.125000 10.937500
INFO:root:train 050 4.711080e+00 2.022059 10.263480
INFO:root:train 100 4.725628e+00 2.026609 10.303218
INFO:root:train 150 4.721529e+00 1.821192 10.409768
INFO:root:train 200 4.733931e+00 1.764614 10.206779
INFO:root:train 250 4.728503e+00 1.724353 10.290090
INFO:root:train 300 4.725462e+00 1.780523 10.382060
INFO:root:train 350 4.726164e+00 1.834046 10.309829
INFO:root:train 400 4.725694e+00 1.878117 10.349127
INFO:root:train 450 4.725043e+00 1.981707 10.365854
INFO:root:train 500 4.723746e+00 1.964820 10.382360
INFO:root:train 550 4.723584e+00 1.982191 10.390200
INFO:root:train 600 4.726152e+00 1.973274 10.360337
INFO:root:train 650 4.725551e+00 1.972926 10.363863
INFO:root:train 700 4.724114e+00 2.010521 10.382489
INFO:root:train 750 4.724295e+00 1.982773 10.300849
INFO:root:train 800 4.720879e+00 2.007257 10.401061
INFO:root:train 850 4.722433e+00 2.012338 10.377497
INFO:root:train 900 4.724308e+00 1.992578 10.360017
INFO:root:train 950 4.724827e+00 2.015970 10.357518
INFO:root:train 1000 4.726521e+00 1.990197 10.316246
INFO:root:train 1050 4.726345e+00 2.011477 10.330935
INFO:root:train 1100 4.725917e+00 2.010956 10.364158
INFO:root:train 1150 4.726168e+00 2.022698 10.382276
INFO:root:train 1200 4.726282e+00 2.013947 10.389779
INFO:root:train 1250 4.725573e+00 2.019634 10.385442
INFO:root:train 1300 4.723538e+00 2.032091 10.455899
INFO:root:train 1350 4.722667e+00 2.049408 10.486445
INFO:root:train 1400 4.722185e+00 2.055451 10.509234
INFO:root:train 1450 4.722500e+00 2.056771 10.490610
INFO:root:train 1500 4.722374e+00 2.048634 10.491964
INFO:root:train 1550 4.722521e+00 2.052103 10.494238
INFO:root:train 1600 4.724205e+00 2.045597 10.489538
INFO:root:train 1650 4.725374e+00 2.048948 10.470927
INFO:root:train 1700 4.725288e+00 2.057613 10.475456
INFO:root:train 1750 4.725680e+00 2.048829 10.462771
INFO:root:train 1800 4.725751e+00 2.056149 10.460335
INFO:root:train 1850 4.725540e+00 2.054633 10.465627
INFO:root:train 1900 4.725374e+00 2.056483 10.463243
INFO:root:train 1950 4.725320e+00 2.053434 10.453774
INFO:root:train 2000 4.725311e+00 2.059127 10.465080
INFO:root:train 2050 4.725169e+00 2.063018 10.477359
INFO:root:train 2100 4.726079e+00 2.074161 10.465255
INFO:root:train 2150 4.725971e+00 2.073890 10.463883
INFO:root:train 2200 4.726507e+00 2.069372 10.479612
INFO:root:train 2250 4.727009e+00 2.065054 10.473123
INFO:root:train 2300 4.727528e+00 2.058208 10.452656
INFO:root:train 2350 4.727514e+00 2.052318 10.448346
INFO:root:train 2400 4.728061e+00 2.055784 10.434454
INFO:root:train 2450 4.727840e+00 2.061021 10.438341
INFO:root:train 2500 4.727700e+00 2.067923 10.447696
INFO:root:train 2550 4.726899e+00 2.071492 10.463421
INFO:root:train 2600 4.726591e+00 2.072520 10.467729
INFO:root:train 2650 4.727162e+00 2.069974 10.458318
INFO:root:train 2700 4.727649e+00 2.066364 10.461982
INFO:root:train 2750 4.727741e+00 2.064590 10.451881
INFO:root:train 2800 4.727688e+00 2.061764 10.456645
INFO:root:train 2850 4.727511e+00 2.068901 10.462886
INFO:root:train 2900 4.727644e+00 2.066637 10.471605
INFO:root:train 2950 4.727772e+00 2.067625 10.463085
INFO:root:train 3000 4.728126e+00 2.063375 10.457452
INFO:root:train 3050 4.727821e+00 2.056191 10.474537
INFO:root:train 3100 4.727981e+00 2.055285 10.469909
INFO:root:train 3150 4.728099e+00 2.063333 10.480800
INFO:root:train 3200 4.728099e+00 2.063320 10.479147
INFO:root:train 3250 4.727251e+00 2.066191 10.499654
INFO:root:train 3300 4.727198e+00 2.059982 10.511493
INFO:root:train 3350 4.726894e+00 2.057688 10.513186
INFO:root:train 3400 4.726485e+00 2.060515 10.518506
INFO:root:train 3450 4.726834e+00 2.058280 10.511446
INFO:root:train 3500 4.726547e+00 2.057002 10.523779
INFO:root:train 3550 4.726402e+00 2.060599 10.523004
INFO:root:train 3600 4.726305e+00 2.061059 10.534834
INFO:root:train_acc 2.058830
INFO:root:valid 000 4.842990e+00 1.562500 7.812500
INFO:root:valid 050 4.691839e+00 2.022059 11.335784
INFO:root:valid 100 4.693615e+00 1.949257 10.952970
INFO:root:valid 150 4.703663e+00 1.862583 10.658113
INFO:root:valid 200 4.715182e+00 1.795709 10.370025
INFO:root:valid 250 4.710445e+00 1.842629 10.470618
INFO:root:valid 300 4.713577e+00 1.848007 10.527409
INFO:root:valid 350 4.711314e+00 1.883013 10.496795
INFO:root:valid 400 4.715095e+00 1.956047 10.458229
INFO:root:valid 450 4.713266e+00 1.943598 10.490576
INFO:root:valid 500 4.712463e+00 1.949227 10.528942
INFO:root:valid 550 4.712636e+00 1.948162 10.472436
INFO:root:valid 600 4.713929e+00 1.936876 10.474730
INFO:root:test_acc 1.940488
INFO:root:epoch 12 lr 1.534869e-02
INFO:root:train 000 4.628626e+00 1.562500 3.125000
INFO:root:train 050 4.750780e+00 1.930147 10.876225
INFO:root:train 100 4.749180e+00 1.856436 10.844678
INFO:root:train 150 4.748288e+00 1.924669 10.761589
INFO:root:train 200 4.746373e+00 2.052239 10.673197
INFO:root:train 250 4.746969e+00 2.041833 10.557769
INFO:root:train 300 4.744292e+00 2.008929 10.579319
INFO:root:train 350 4.739377e+00 2.016560 10.581375
INFO:root:train 400 4.741554e+00 2.002805 10.563435
INFO:root:train 450 4.739685e+00 2.005959 10.542544
INFO:root:train 500 4.735525e+00 2.049027 10.569486
INFO:root:train 550 4.736027e+00 2.033235 10.577359
INFO:root:train 600 4.733087e+00 2.046069 10.615121
INFO:root:train 650 4.734372e+00 2.071333 10.591878
INFO:root:train 700 4.733369e+00 2.043955 10.554119
INFO:root:train 750 4.735231e+00 2.059754 10.492260
INFO:root:train 800 4.735304e+00 2.077481 10.488842
INFO:root:train 850 4.733095e+00 2.052732 10.542744
INFO:root:train 900 4.733057e+00 2.075819 10.578524
INFO:root:train 950 4.733474e+00 2.048830 10.579324
INFO:root:train 1000 4.732895e+00 2.054196 10.581606
INFO:root:train 1050 4.732069e+00 2.059051 10.585157
INFO:root:train 1100 4.731983e+00 2.064884 10.635218
INFO:root:train 1150 4.731270e+00 2.052563 10.600836
INFO:root:train 1200 4.731571e+00 2.051676 10.586230
INFO:root:train 1250 4.732095e+00 2.055855 10.577788
INFO:root:train 1300 4.732201e+00 2.058513 10.571195
INFO:root:train 1350 4.731914e+00 2.066756 10.585909
INFO:root:train 1400 4.731042e+00 2.082218 10.563883
INFO:root:train 1450 4.730436e+00 2.090153 10.558451
INFO:root:train 1500 4.729677e+00 2.098601 10.566914
INFO:root:train 1550 4.729199e+00 2.103482 10.571809
INFO:root:train 1600 4.728996e+00 2.098298 10.594941
INFO:root:train 1650 4.728042e+00 2.103839 10.601529
INFO:root:train 1700 4.727354e+00 2.102623 10.601301
INFO:root:train 1750 4.727267e+00 2.096124 10.606439
INFO:root:train 1800 4.726969e+00 2.086514 10.586133
INFO:root:train 1850 4.727092e+00 2.089242 10.585494
INFO:root:train 1900 4.727007e+00 2.087717 10.580780
INFO:root:train 1950 4.726911e+00 2.092677 10.585117
INFO:root:train 2000 4.727015e+00 2.092704 10.589237
INFO:root:train 2050 4.727569e+00 2.082064 10.599250
INFO:root:train 2100 4.726607e+00 2.080111 10.594657
INFO:root:train 2150 4.726392e+00 2.093503 10.598268
INFO:root:train 2200 4.726144e+00 2.084280 10.593196
INFO:root:train 2250 4.725623e+00 2.084490 10.591126
INFO:root:train 2300 4.726289e+00 2.081296 10.573528
INFO:root:train 2350 4.726636e+00 2.082890 10.572629
INFO:root:train 2400 4.726330e+00 2.090926 10.579576
INFO:root:train 2450 4.726451e+00 2.094808 10.583053
INFO:root:train 2500 4.726740e+00 2.092288 10.583267
INFO:root:train 2550 4.726627e+00 2.088642 10.578572
INFO:root:train 2600 4.726819e+00 2.085736 10.581267
INFO:root:train 2650 4.727269e+00 2.088834 10.579145
INFO:root:train 2700 4.727263e+00 2.097603 10.585778
INFO:root:train 2750 4.727567e+00 2.095829 10.577972
INFO:root:train 2800 4.726731e+00 2.106948 10.597220
INFO:root:train 2850 4.726354e+00 2.101784 10.598255
INFO:root:train 2900 4.725916e+00 2.100030 10.598716
INFO:root:train 2950 4.725644e+00 2.100983 10.595984
INFO:root:train 3000 4.725599e+00 2.105548 10.603757
INFO:root:train 3050 4.725556e+00 2.113549 10.610251
INFO:root:train 3100 4.725315e+00 2.111214 10.610992
INFO:root:train 3150 4.725752e+00 2.101020 10.598322
INFO:root:train 3200 4.725737e+00 2.101882 10.603620
INFO:root:train 3250 4.726241e+00 2.098393 10.599143
INFO:root:train 3300 4.725578e+00 2.096429 10.610894
INFO:root:train 3350 4.726048e+00 2.096389 10.613436
INFO:root:train 3400 4.725943e+00 2.096810 10.608553
INFO:root:train 3450 4.725511e+00 2.097671 10.627354
INFO:root:train 3500 4.726492e+00 2.096276 10.621965
INFO:root:train 3550 4.726285e+00 2.102401 10.634328
INFO:root:train 3600 4.726276e+00 2.100111 10.628992
INFO:root:train_acc 2.101005
INFO:root:valid 000 4.814424e+00 1.562500 10.937500
INFO:root:valid 050 4.685277e+00 1.960784 11.090686
INFO:root:valid 100 4.690010e+00 1.949257 10.983911
INFO:root:valid 150 4.699270e+00 1.955712 10.740894
INFO:root:valid 200 4.715106e+00 1.826803 10.377799
INFO:root:valid 250 4.709928e+00 1.873755 10.464392
INFO:root:valid 300 4.712226e+00 1.842816 10.465116
INFO:root:valid 350 4.708147e+00 1.891916 10.430021
INFO:root:valid 400 4.711440e+00 1.952151 10.399782
INFO:root:valid 450 4.707766e+00 1.960920 10.414357
INFO:root:valid 500 4.707600e+00 1.958583 10.432260
INFO:root:valid 550 4.708734e+00 1.948162 10.407214
INFO:root:valid 600 4.710742e+00 1.931676 10.425333
INFO:root:test_acc 1.935300
INFO:root:epoch 13 lr 1.212842e-02
INFO:root:train 000 4.527761e+00 1.562500 9.375000
INFO:root:train 050 4.716911e+00 1.991422 9.957108
INFO:root:train 100 4.730355e+00 2.073020 10.009282
INFO:root:train 150 4.730969e+00 2.069536 10.026904
INFO:root:train 200 4.723198e+00 2.153296 10.245647
INFO:root:train 250 4.726693e+00 2.147659 10.314990
INFO:root:train 300 4.726559e+00 2.149086 10.309385
INFO:root:train 350 4.727020e+00 2.141204 10.336538
INFO:root:train 400 4.727187e+00 2.170355 10.345231
INFO:root:train 450 4.725948e+00 2.193043 10.400499
INFO:root:train 500 4.724079e+00 2.220559 10.463448
INFO:root:train 550 4.720856e+00 2.200544 10.506466
INFO:root:train 600 4.724014e+00 2.170861 10.443532
INFO:root:train 650 4.724044e+00 2.164939 10.507873
INFO:root:train 700 4.722469e+00 2.193295 10.567493
INFO:root:train 750 4.724106e+00 2.165862 10.548435
INFO:root:train 800 4.723361e+00 2.169164 10.545412
INFO:root:train 850 4.722789e+00 2.177585 10.557432
INFO:root:train 900 4.725003e+00 2.148654 10.507422
INFO:root:train 950 4.724081e+00 2.130981 10.502103
INFO:root:train 1000 4.723788e+00 2.132243 10.519168
INFO:root:train 1050 4.722625e+00 2.136358 10.539070
INFO:root:train 1100 4.722303e+00 2.137262 10.542972
INFO:root:train 1150 4.723357e+00 2.144874 10.546536
INFO:root:train 1200 4.722900e+00 2.145348 10.578424
INFO:root:train 1250 4.722738e+00 2.138289 10.560302
INFO:root:train 1300 4.721288e+00 2.125769 10.568793
INFO:root:train 1350 4.722008e+00 2.126897 10.554682
INFO:root:train 1400 4.721655e+00 2.125714 10.568344
INFO:root:train 1450 4.721663e+00 2.133227 10.558451
INFO:root:train 1500 4.721608e+00 2.125666 10.556504
INFO:root:train 1550 4.722165e+00 2.117585 10.535542
INFO:root:train 1600 4.722628e+00 2.128552 10.554927
INFO:root:train 1650 4.722151e+00 2.118981 10.550424
INFO:root:train 1700 4.722386e+00 2.119158 10.525059
INFO:root:train 1750 4.723039e+00 2.113078 10.531482
INFO:root:train 1800 4.724595e+00 2.106469 10.523667
INFO:root:train 1850 4.725547e+00 2.106969 10.512898
INFO:root:train 1900 4.725798e+00 2.101690 10.510915
INFO:root:train 1950 4.726200e+00 2.099084 10.501826
INFO:root:train 2000 4.725829e+00 2.098170 10.498657
INFO:root:train 2050 4.725673e+00 2.100347 10.495642
INFO:root:train 2100 4.724870e+00 2.108371 10.521032
INFO:root:train 2150 4.724618e+00 2.110210 10.518364
INFO:root:train 2200 4.723789e+00 2.111966 10.537114
INFO:root:train 2250 4.723745e+00 2.115032 10.524489
INFO:root:train 2300 4.723874e+00 2.111174 10.525994
INFO:root:train 2350 4.723191e+00 2.106816 10.524112
INFO:root:train 2400 4.722366e+00 2.106544 10.552244
INFO:root:train 2450 4.722279e+00 2.110108 10.546078
INFO:root:train 2500 4.722394e+00 2.104158 10.538909
INFO:root:train 2550 4.723051e+00 2.102117 10.533247
INFO:root:train 2600 4.723829e+00 2.098952 10.512784
INFO:root:train 2650 4.723549e+00 2.100622 10.514900
INFO:root:train 2700 4.724139e+00 2.093553 10.513467
INFO:root:train 2750 4.724981e+00 2.086741 10.502431
INFO:root:train 2800 4.725096e+00 2.088540 10.512429
INFO:root:train 2850 4.724716e+00 2.086987 10.516047
INFO:root:train 2900 4.725178e+00 2.087642 10.516848
INFO:root:train 2950 4.725922e+00 2.081392 10.497501
INFO:root:train 3000 4.725274e+00 2.081077 10.509518
INFO:root:train 3050 4.725416e+00 2.085382 10.512947
INFO:root:train 3100 4.726045e+00 2.090555 10.513242
INFO:root:train 3150 4.726848e+00 2.084160 10.503610
INFO:root:train 3200 4.726440e+00 2.083333 10.510876
INFO:root:train 3250 4.726667e+00 2.083013 10.514553
INFO:root:train 3300 4.726482e+00 2.079862 10.519066
INFO:root:train 3350 4.726483e+00 2.087064 10.519248
INFO:root:train 3400 4.726055e+00 2.085324 10.528153
INFO:root:train 3450 4.725617e+00 2.090427 10.531820
INFO:root:train 3500 4.725993e+00 2.083333 10.533598
INFO:root:train 3550 4.726424e+00 2.080840 10.525644
INFO:root:train 3600 4.725979e+00 2.081887 10.530061
INFO:root:train_acc 2.082500
INFO:root:valid 000 4.895538e+00 1.562500 7.812500
INFO:root:valid 050 4.701160e+00 1.562500 10.814951
INFO:root:valid 100 4.702873e+00 1.717203 10.643564
INFO:root:valid 150 4.705950e+00 1.903974 10.440811
INFO:root:valid 200 4.718448e+00 1.749067 10.175684
INFO:root:valid 250 4.711734e+00 1.830179 10.402141
INFO:root:valid 300 4.712559e+00 1.837625 10.433970
INFO:root:valid 350 4.709595e+00 1.900819 10.501246
INFO:root:valid 400 4.714088e+00 1.913186 10.508884
INFO:root:valid 450 4.711321e+00 1.905488 10.546009
INFO:root:valid 500 4.710965e+00 1.921158 10.535180
INFO:root:valid 550 4.712771e+00 1.908462 10.483779
INFO:root:valid 600 4.714395e+00 1.926477 10.464330
INFO:root:test_acc 1.927517
INFO:root:epoch 14 lr 9.156456e-03
INFO:root:train 000 4.785681e+00 1.562500 6.250000
INFO:root:train 050 4.697832e+00 2.389706 11.090686
INFO:root:train 100 4.715469e+00 2.196782 10.952970
INFO:root:train 150 4.719189e+00 2.100579 11.040977
INFO:root:train 200 4.718947e+00 2.075560 11.263993
INFO:root:train 250 4.726575e+00 2.110309 11.124253
INFO:root:train 300 4.722291e+00 2.117940 11.056894
INFO:root:train 350 4.721236e+00 2.105591 11.062144
INFO:root:train 400 4.718595e+00 2.088529 11.069981
INFO:root:train 450 4.718108e+00 2.123753 11.110726
INFO:root:train 500 4.722499e+00 2.086452 11.021707
INFO:root:train 550 4.722528e+00 2.084279 10.982872
INFO:root:train 600 4.723859e+00 2.095466 10.953099
INFO:root:train 650 4.725634e+00 2.076133 10.901498
INFO:root:train 700 4.725523e+00 2.066245 10.910752
INFO:root:train 750 4.725528e+00 2.088881 10.885486
INFO:root:train 800 4.724051e+00 2.073580 10.839966
INFO:root:train 850 4.724271e+00 2.072929 10.843860
INFO:root:train 900 4.723254e+00 2.075819 10.840386
INFO:root:train 950 4.722860e+00 2.068546 10.838920
INFO:root:train 1000 4.724506e+00 2.063561 10.798576
INFO:root:train 1050 4.723022e+00 2.062024 10.836406
INFO:root:train 1100 4.724753e+00 2.062046 10.821129
INFO:root:train 1150 4.723518e+00 2.052563 10.835686
INFO:root:train 1200 4.722313e+00 2.058181 10.843828
INFO:root:train 1250 4.722643e+00 2.034622 10.827588
INFO:root:train 1300 4.722281e+00 2.034493 10.823405
INFO:root:train 1350 4.722063e+00 2.032060 10.834567
INFO:root:train 1400 4.722969e+00 2.025339 10.813704
INFO:root:train 1450 4.722705e+00 2.026620 10.801818
INFO:root:train 1500 4.722861e+00 2.022610 10.785518
INFO:root:train 1550 4.723410e+00 2.018859 10.769262
INFO:root:train 1600 4.724928e+00 2.028029 10.740358
INFO:root:train 1650 4.724665e+00 2.016770 10.723614
INFO:root:train 1700 4.724533e+00 2.030056 10.729902
INFO:root:train 1750 4.724474e+00 2.039013 10.720660
INFO:root:train 1800 4.723969e+00 2.053547 10.757045
INFO:root:train 1850 4.723945e+00 2.063918 10.751790
INFO:root:train 1900 4.722364e+00 2.066347 10.783798
INFO:root:train 1950 4.723544e+00 2.065447 10.751698
INFO:root:train 2000 4.724413e+00 2.064593 10.733696
INFO:root:train 2050 4.725023e+00 2.065304 10.734093
INFO:root:train 2100 4.726544e+00 2.060031 10.706955
INFO:root:train 2150 4.725903e+00 2.054277 10.706503
INFO:root:train 2200 4.725424e+00 2.069372 10.713880
INFO:root:train 2250 4.726153e+00 2.058807 10.704270
INFO:root:train 2300 4.725809e+00 2.058208 10.685571
INFO:root:train 2350 4.725755e+00 2.054977 10.672985
INFO:root:train 2400 4.725506e+00 2.049927 10.652463
INFO:root:train 2450 4.724625e+00 2.043171 10.664652
INFO:root:train 2500 4.724559e+00 2.042933 10.655113
INFO:root:train 2550 4.724771e+00 2.042704 10.636760
INFO:root:train 2600 4.724792e+00 2.038279 10.640739
INFO:root:train 2650 4.724750e+00 2.032841 10.653409
INFO:root:train 2700 4.725419e+00 2.027027 10.655197
INFO:root:train 2750 4.725247e+00 2.032784 10.657488
INFO:root:train 2800 4.725481e+00 2.033872 10.660813
INFO:root:train 2850 4.725569e+00 2.041499 10.651964
INFO:root:train 2900 4.725161e+00 2.042938 10.655808
INFO:root:train 2950 4.725262e+00 2.040622 10.652639
INFO:root:train 3000 4.725707e+00 2.035780 10.633955
INFO:root:train 3050 4.725747e+00 2.037754 10.631248
INFO:root:train 3100 4.725508e+00 2.041680 10.637194
INFO:root:train 3150 4.725234e+00 2.042506 10.623612
INFO:root:train 3200 4.725119e+00 2.040866 10.610454
INFO:root:train 3250 4.725276e+00 2.039276 10.608274
INFO:root:train 3300 4.724867e+00 2.041522 10.631721
INFO:root:train 3350 4.725046e+00 2.045098 10.637683
INFO:root:train 3400 4.724962e+00 2.043517 10.624632
INFO:root:train 3450 4.724483e+00 2.050583 10.631429
INFO:root:train 3500 4.724586e+00 2.047629 10.639371
INFO:root:train 3550 4.724249e+00 2.041678 10.637848
INFO:root:train 3600 4.724618e+00 2.037628 10.620314
INFO:root:train_acc 2.042046
INFO:root:valid 000 4.849933e+00 1.562500 7.812500
INFO:root:valid 050 4.697922e+00 2.205882 11.182598
INFO:root:valid 100 4.694788e+00 2.011139 10.952970
INFO:root:valid 150 4.703486e+00 1.976407 10.709851
INFO:root:valid 200 4.714202e+00 1.920087 10.416667
INFO:root:valid 250 4.711638e+00 1.948456 10.501743
INFO:root:valid 300 4.714274e+00 1.915490 10.527409
INFO:root:valid 350 4.711807e+00 1.945335 10.478989
INFO:root:valid 400 4.716997e+00 1.991116 10.438747
INFO:root:valid 450 4.714845e+00 1.985172 10.452467
INFO:root:valid 500 4.714430e+00 1.974177 10.444736
INFO:root:valid 550 4.715510e+00 1.976520 10.412886
INFO:root:valid 600 4.717353e+00 1.975874 10.394135
INFO:root:test_acc 1.976808
INFO:root:epoch 15 lr 6.505987e-03
INFO:root:train 000 4.743095e+00 3.125000 9.375000
INFO:root:train 050 4.768353e+00 2.113971 10.508578
INFO:root:train 100 4.733413e+00 2.134901 10.751856
INFO:root:train 150 4.734344e+00 1.986755 10.544288
INFO:root:train 200 4.730263e+00 2.067786 10.517724
INFO:root:train 250 4.735245e+00 2.060508 10.732072
INFO:root:train 300 4.736338e+00 1.977782 10.522218
INFO:root:train 350 4.736200e+00 1.998754 10.536859
INFO:root:train 400 4.739138e+00 2.010599 10.473815
INFO:root:train 450 4.735788e+00 2.023282 10.608370
INFO:root:train 500 4.733790e+00 2.080215 10.669286
INFO:root:train 550 4.732435e+00 2.072936 10.696461
INFO:root:train 600 4.733007e+00 2.043469 10.677517
INFO:root:train 650 4.733047e+00 2.071333 10.627880
INFO:root:train 700 4.731499e+00 2.059558 10.703459
INFO:root:train 750 4.730605e+00 2.049351 10.725283
INFO:root:train 800 4.731278e+00 2.059925 10.695615
INFO:root:train 850 4.731157e+00 2.056404 10.640056
INFO:root:train 900 4.731354e+00 2.060211 10.599334
INFO:root:train 950 4.729704e+00 2.081690 10.628615
INFO:root:train 1000 4.728077e+00 2.086976 10.614386
INFO:root:train 1050 4.727655e+00 2.091758 10.631244
INFO:root:train 1100 4.727512e+00 2.090429 10.639475
INFO:root:train 1150 4.728814e+00 2.094646 10.623914
INFO:root:train 1200 4.728946e+00 2.099813 10.642173
INFO:root:train 1250 4.728234e+00 2.105815 10.665218
INFO:root:train 1300 4.727789e+00 2.123367 10.690094
INFO:root:train 1350 4.728023e+00 2.107235 10.678433
INFO:root:train 1400 4.727997e+00 2.096717 10.662027
INFO:root:train 1450 4.727003e+00 2.104152 10.658598
INFO:root:train 1500 4.727028e+00 2.098601 10.635618
INFO:root:train 1550 4.727358e+00 2.083333 10.605053
INFO:root:train 1600 4.727606e+00 2.069995 10.575422
INFO:root:train 1650 4.727463e+00 2.070715 10.563674
INFO:root:train 1700 4.727462e+00 2.075985 10.576499
INFO:root:train 1750 4.727974e+00 2.069353 10.561822
INFO:root:train 1800 4.728022e+00 2.060487 10.547092
INFO:root:train 1850 4.727327e+00 2.067295 10.564391
INFO:root:train 1900 4.726239e+00 2.076210 10.563519
INFO:root:train 1950 4.727100e+00 2.071854 10.548277
INFO:root:train 2000 4.727117e+00 2.080210 10.561907
INFO:root:train 2050 4.727288e+00 2.080540 10.572587
INFO:root:train 2100 4.727544e+00 2.072674 10.568628
INFO:root:train 2150 4.727432e+00 2.077522 10.562674
INFO:root:train 2200 4.727291e+00 2.079311 10.552732
INFO:root:train 2250 4.726612e+00 2.078937 10.573079
INFO:root:train 2300 4.726357e+00 2.075864 10.570133
INFO:root:train 2350 4.726402e+00 2.072256 10.554684
INFO:root:train 2400 4.726131e+00 2.066847 10.564608
INFO:root:train 2450 4.726001e+00 2.070583 10.572215
INFO:root:train 2500 4.725772e+00 2.066673 10.566398
INFO:root:train 2550 4.726674e+00 2.062917 10.559584
INFO:root:train 2600 4.727120e+00 2.058703 10.542820
INFO:root:train 2650 4.727146e+00 2.062311 10.526688
INFO:root:train 2700 4.726770e+00 2.065786 10.540078
INFO:root:train 2750 4.725809e+00 2.067430 10.556957
INFO:root:train 2800 4.725520e+00 2.068458 10.554824
INFO:root:train 2850 4.725234e+00 2.070545 10.551670
INFO:root:train 2900 4.725086e+00 2.075254 10.562091
INFO:root:train 2950 4.725168e+00 2.076627 10.559980
INFO:root:train 3000 4.725055e+00 2.082639 10.562104
INFO:root:train 3050 4.725380e+00 2.088455 10.558526
INFO:root:train 3100 4.725246e+00 2.087532 10.570179
INFO:root:train 3150 4.725120e+00 2.088127 10.563611
INFO:root:train 3200 4.725423e+00 2.087238 10.570427
INFO:root:train 3250 4.725526e+00 2.088300 10.566941
INFO:root:train 3300 4.725477e+00 2.086489 10.567347
INFO:root:train 3350 4.725424e+00 2.086131 10.566342
INFO:root:train 3400 4.725773e+00 2.084865 10.557097
INFO:root:train 3450 4.725266e+00 2.088616 10.560345
INFO:root:train 3500 4.725444e+00 2.090474 10.562607
INFO:root:train 3550 4.725389e+00 2.091400 10.568326
INFO:root:train 3600 4.725118e+00 2.096206 10.564340
INFO:root:train_acc 2.090676
INFO:root:valid 000 4.737953e+00 1.562500 10.937500
INFO:root:valid 050 4.676794e+00 1.960784 11.243873
INFO:root:valid 100 4.689241e+00 1.918317 11.030322
INFO:root:valid 150 4.697851e+00 1.872930 10.875414
INFO:root:valid 200 4.712519e+00 1.780162 10.486629
INFO:root:valid 250 4.708848e+00 1.780378 10.489293
INFO:root:valid 300 4.712822e+00 1.764950 10.449543
INFO:root:valid 350 4.709651e+00 1.847400 10.452279
INFO:root:valid 400 4.713906e+00 1.850842 10.438747
INFO:root:valid 450 4.710544e+00 1.843126 10.469789
INFO:root:valid 500 4.711161e+00 1.861901 10.429142
INFO:root:valid 550 4.712102e+00 1.871597 10.390200
INFO:root:valid 600 4.713342e+00 1.892679 10.412334
INFO:root:test_acc 1.893792
INFO:root:epoch 16 lr 4.242273e-03
INFO:root:train 000 4.701217e+00 0.000000 15.625000
INFO:root:train 050 4.693208e+00 2.236520 11.580882
INFO:root:train 100 4.700938e+00 2.212252 11.154084
INFO:root:train 150 4.714581e+00 2.017798 10.720199
INFO:root:train 200 4.719709e+00 2.013371 10.494403
INFO:root:train 250 4.723122e+00 1.948456 10.427042
INFO:root:train 300 4.730642e+00 1.951827 10.449543
INFO:root:train 350 4.724049e+00 2.038818 10.483440
INFO:root:train 400 4.725816e+00 2.049564 10.489401
INFO:root:train 450 4.730365e+00 2.019817 10.428215
INFO:root:train 500 4.732786e+00 2.017839 10.360529
INFO:root:train 550 4.734505e+00 2.019056 10.350499
INFO:root:train 600 4.728873e+00 2.064268 10.466930
INFO:root:train 650 4.729320e+00 2.068932 10.471870
INFO:root:train 700 4.732259e+00 2.055100 10.442671
INFO:root:train 750 4.732303e+00 2.051431 10.413199
INFO:root:train 800 4.734226e+00 2.017010 10.406913
INFO:root:train 850 4.733722e+00 2.003158 10.410546
INFO:root:train 900 4.733932e+00 1.999514 10.389498
INFO:root:train 950 4.732063e+00 2.004469 10.378877
INFO:root:train 1000 4.731941e+00 1.987075 10.358392
INFO:root:train 1050 4.732176e+00 1.995124 10.359182
INFO:root:train 1100 4.732399e+00 1.991088 10.361319
INFO:root:train 1150 4.733051e+00 1.994190 10.403997
INFO:root:train 1200 4.731280e+00 2.010044 10.427508
INFO:root:train 1250 4.732816e+00 2.010891 10.410422
INFO:root:train 1300 4.733028e+00 2.002066 10.411462
INFO:root:train 1350 4.732557e+00 2.005459 10.442496
INFO:root:train 1400 4.731462e+00 2.017532 10.489160
INFO:root:train 1450 4.731979e+00 2.007236 10.492764
INFO:root:train 1500 4.730384e+00 2.017405 10.493005
INFO:root:train 1550 4.729714e+00 2.019866 10.515393
INFO:root:train 1600 4.728971e+00 2.024126 10.521744
INFO:root:train 1650 4.728584e+00 2.026234 10.525818
INFO:root:train 1700 4.728534e+00 2.022707 10.529652
INFO:root:train 1750 4.728841e+00 2.022951 10.518097
INFO:root:train 1800 4.728414e+00 2.027519 10.512389
INFO:root:train 1850 4.728446e+00 2.027620 10.503613
INFO:root:train 1900 4.728718e+00 2.027716 10.512559
INFO:root:train 1950 4.728885e+00 2.022200 10.524250
INFO:root:train 2000 4.727831e+00 2.023988 10.536919
INFO:root:train 2050 4.727242e+00 2.033307 10.552017
INFO:root:train 2100 4.726600e+00 2.045901 10.550036
INFO:root:train 2150 4.726790e+00 2.044107 10.550325
INFO:root:train 2200 4.727085e+00 2.055174 10.560541
INFO:root:train 2250 4.726607e+00 2.053254 10.550172
INFO:root:train 2300 4.726834e+00 2.043948 10.545008
INFO:root:train 2350 4.726404e+00 2.058300 10.573958
INFO:root:train 2400 4.726470e+00 2.052530 10.572418
INFO:root:train 2450 4.726538e+00 2.062296 10.569028
INFO:root:train 2500 4.726460e+00 2.068548 10.558901
INFO:root:train 2550 4.726396e+00 2.058629 10.546109
INFO:root:train 2600 4.725891e+00 2.061106 10.548227
INFO:root:train 2650 4.725994e+00 2.063490 10.539065
INFO:root:train 2700 4.726864e+00 2.060001 10.520988
INFO:root:train 2750 4.726813e+00 2.063454 10.517198
INFO:root:train 2800 4.727078e+00 2.062879 10.518565
INFO:root:train 2850 4.727212e+00 2.059036 10.522076
INFO:root:train 2900 4.726520e+00 2.060712 10.543239
INFO:root:train 2950 4.726894e+00 2.060742 10.537212
INFO:root:train 3000 4.726750e+00 2.067540 10.539716
INFO:root:train 3050 4.726309e+00 2.065409 10.539065
INFO:root:train 3100 4.726320e+00 2.060827 10.540451
INFO:root:train 3150 4.726687e+00 2.056887 10.529395
INFO:root:train 3200 4.726767e+00 2.055022 10.529424
INFO:root:train 3250 4.726749e+00 2.058021 10.532817
INFO:root:train 3300 4.727381e+00 2.056195 10.525693
INFO:root:train 3350 4.727342e+00 2.053025 10.522512
INFO:root:train 3400 4.726999e+00 2.055921 10.529532
INFO:root:train 3450 4.726994e+00 2.056016 10.542234
INFO:root:train 3500 4.727047e+00 2.056555 10.549218
INFO:root:train 3550 4.726913e+00 2.057519 10.554245
INFO:root:train 3600 4.726811e+00 2.053683 10.554360
INFO:root:train_acc 2.052374
INFO:root:valid 000 4.802224e+00 3.125000 6.250000
INFO:root:valid 050 4.699818e+00 1.960784 11.090686
INFO:root:valid 100 4.702408e+00 1.995668 10.937500
INFO:root:valid 150 4.705226e+00 1.924669 10.564983
INFO:root:valid 200 4.716158e+00 1.819030 10.338930
INFO:root:valid 250 4.712290e+00 1.898655 10.427042
INFO:root:valid 300 4.712246e+00 1.873962 10.537791
INFO:root:valid 350 4.707321e+00 1.909722 10.599181
INFO:root:valid 400 4.712725e+00 1.928772 10.524470
INFO:root:valid 450 4.710295e+00 1.919346 10.490576
INFO:root:valid 500 4.709429e+00 1.924276 10.497754
INFO:root:valid 550 4.711069e+00 1.911298 10.506466
INFO:root:valid 600 4.712862e+00 1.905678 10.524126
INFO:root:test_acc 1.906763
INFO:root:epoch 17 lr 2.421054e-03
INFO:root:train 000 4.594268e+00 3.125000 17.187500
INFO:root:train 050 4.731795e+00 2.144608 10.906863
INFO:root:train 100 4.732115e+00 2.134901 10.829208
INFO:root:train 150 4.737143e+00 2.038493 10.409768
INFO:root:train 200 4.736328e+00 1.958955 10.183458
INFO:root:train 250 4.733206e+00 2.010707 10.458167
INFO:root:train 300 4.730896e+00 1.982973 10.382060
INFO:root:train 350 4.731651e+00 2.021011 10.545762
INFO:root:train 400 4.733140e+00 2.080736 10.586814
INFO:root:train 450 4.730300e+00 2.123753 10.597977
INFO:root:train 500 4.732173e+00 2.033433 10.485279
INFO:root:train 550 4.729641e+00 2.092786 10.577359
INFO:root:train 600 4.728252e+00 2.108465 10.612521
INFO:root:train 650 4.726148e+00 2.114535 10.637481
INFO:root:train 700 4.726241e+00 2.124198 10.620988
INFO:root:train 750 4.723864e+00 2.145057 10.716961
INFO:root:train 800 4.724779e+00 2.149657 10.709270
INFO:root:train 850 4.726583e+00 2.133519 10.719007
INFO:root:train 900 4.726658e+00 2.138249 10.672170
INFO:root:train 950 4.724542e+00 2.137553 10.700907
INFO:root:train 1000 4.725737e+00 2.140047 10.714286
INFO:root:train 1050 4.726389e+00 2.152712 10.721931
INFO:root:train 1100 4.727206e+00 2.161387 10.726045
INFO:root:train 1150 4.728391e+00 2.153019 10.676857
INFO:root:train 1200 4.727410e+00 2.154455 10.696815
INFO:root:train 1250 4.728357e+00 2.165767 10.691447
INFO:root:train 1300 4.727760e+00 2.164201 10.692496
INFO:root:train 1350 4.727900e+00 2.159280 10.686528
INFO:root:train 1400 4.726318e+00 2.160287 10.677641
INFO:root:train 1450 4.726313e+00 2.154764 10.676904
INFO:root:train 1500 4.726696e+00 2.144404 10.680380
INFO:root:train 1550 4.726269e+00 2.145793 10.669528
INFO:root:train 1600 4.725304e+00 2.137336 10.679849
INFO:root:train 1650 4.726351e+00 2.121820 10.647903
INFO:root:train 1700 4.725688e+00 2.129262 10.663764
INFO:root:train 1750 4.726607e+00 2.121109 10.654626
INFO:root:train 1800 4.727780e+00 2.107336 10.619968
INFO:root:train 1850 4.727762e+00 2.110346 10.626857
INFO:root:train 1900 4.727534e+00 2.108265 10.621055
INFO:root:train 1950 4.727635e+00 2.101486 10.617952
INFO:root:train 2000 4.726800e+00 2.108321 10.632965
INFO:root:train 2050 4.726637e+00 2.101109 10.617534
INFO:root:train 2100 4.726541e+00 2.097216 10.637048
INFO:root:train 2150 4.726799e+00 2.097135 10.635315
INFO:root:train 2200 4.727147e+00 2.091379 10.625852
INFO:root:train 2250 4.726990e+00 2.092126 10.624445
INFO:root:train 2300 4.726876e+00 2.081296 10.617666
INFO:root:train 2350 4.726157e+00 2.086213 10.638425
INFO:root:train 2400 4.726198e+00 2.079863 10.628384
INFO:root:train 2450 4.726573e+00 2.078871 10.619390
INFO:root:train 2500 4.726502e+00 2.076045 10.626999
INFO:root:train 2550 4.725822e+00 2.074554 10.642273
INFO:root:train 2600 4.725976e+00 2.065912 10.616109
INFO:root:train 2650 4.726166e+00 2.068795 10.615687
INFO:root:train 2700 4.726353e+00 2.072149 10.611810
INFO:root:train 2750 4.725799e+00 2.081629 10.615458
INFO:root:train 2800 4.726003e+00 2.069016 10.600567
INFO:root:train 2850 4.726554e+00 2.071093 10.597707
INFO:root:train 2900 4.726799e+00 2.069330 10.594407
INFO:root:train 2950 4.726533e+00 2.069214 10.602338
INFO:root:train 3000 4.726877e+00 2.069102 10.610005
INFO:root:train 3050 4.726968e+00 2.070530 10.610251
INFO:root:train 3100 4.726976e+00 2.073424 10.601923
INFO:root:train 3150 4.726765e+00 2.075730 10.615182
INFO:root:train 3200 4.726943e+00 2.074059 10.607037
INFO:root:train 3250 4.727710e+00 2.078687 10.602507
INFO:root:train 3300 4.728043e+00 2.075602 10.594327
INFO:root:train 3350 4.728054e+00 2.074474 10.586392
INFO:root:train 3400 4.728396e+00 2.072460 10.581447
INFO:root:train 3450 4.728195e+00 2.071410 10.578908
INFO:root:train 3500 4.728357e+00 2.066820 10.563053
INFO:root:train 3550 4.728595e+00 2.069399 10.568326
INFO:root:train 3600 4.729027e+00 2.070605 10.546116
INFO:root:train_acc 2.067437
INFO:root:valid 000 4.770517e+00 1.562500 10.937500
INFO:root:valid 050 4.690094e+00 1.623775 11.366422
INFO:root:valid 100 4.694795e+00 1.639851 10.999381
INFO:root:valid 150 4.707145e+00 1.697020 10.668460
INFO:root:valid 200 4.718801e+00 1.655784 10.385572
INFO:root:valid 250 4.713275e+00 1.774153 10.439492
INFO:root:valid 300 4.714162e+00 1.801287 10.506645
INFO:root:valid 350 4.707858e+00 1.838497 10.545762
INFO:root:valid 400 4.712092e+00 1.862531 10.415368
INFO:root:valid 450 4.710053e+00 1.891630 10.455931
INFO:root:valid 500 4.710609e+00 1.908683 10.503992
INFO:root:valid 550 4.711222e+00 1.914133 10.427064
INFO:root:valid 600 4.713011e+00 1.890079 10.378536
INFO:root:test_acc 1.891198
INFO:root:epoch 18 lr 1.087173e-03
INFO:root:train 000 4.436297e+00 1.562500 10.937500
INFO:root:train 050 4.699340e+00 1.838235 10.845588
INFO:root:train 100 4.691187e+00 1.902847 11.169554
INFO:root:train 150 4.702180e+00 1.872930 10.906457
INFO:root:train 200 4.707012e+00 1.920087 10.813122
INFO:root:train 250 4.708293e+00 1.898655 10.595120
INFO:root:train 300 4.709667e+00 1.941445 10.506645
INFO:root:train 350 4.709155e+00 1.963141 10.634793
INFO:root:train 400 4.712569e+00 1.995012 10.621883
INFO:root:train 450 4.715362e+00 1.992101 10.608370
INFO:root:train 500 4.716424e+00 1.992889 10.610030
INFO:root:train 550 4.716555e+00 1.990699 10.639746
INFO:root:train 600 4.717629e+00 1.999272 10.578723
INFO:root:train 650 4.720413e+00 1.989727 10.553475
INFO:root:train 700 4.721318e+00 2.001605 10.542974
INFO:root:train 750 4.722740e+00 2.013981 10.583805
INFO:root:train 800 4.723619e+00 1.991651 10.574672
INFO:root:train 850 4.722681e+00 2.001322 10.599662
INFO:root:train 900 4.723512e+00 2.002983 10.566385
INFO:root:train 950 4.722833e+00 2.015970 10.592468
INFO:root:train 1000 4.722482e+00 2.002685 10.562875
INFO:root:train 1050 4.722255e+00 2.015937 10.589617
INFO:root:train 1100 4.722536e+00 2.018052 10.589805
INFO:root:train 1150 4.723401e+00 2.029485 10.577758
INFO:root:train 1200 4.723281e+00 2.050375 10.594036
INFO:root:train 1250 4.724689e+00 2.037120 10.570294
INFO:root:train 1300 4.723906e+00 2.047704 10.565190
INFO:root:train 1350 4.724244e+00 2.049408 10.555838
INFO:root:train 1400 4.724804e+00 2.040953 10.556076
INFO:root:train 1450 4.723716e+00 2.023389 10.543375
INFO:root:train 1500 4.723794e+00 2.009077 10.539848
INFO:root:train 1550 4.723624e+00 1.999718 10.542593
INFO:root:train 1600 4.724457e+00 1.994847 10.538335
INFO:root:train 1650 4.724875e+00 1.988378 10.527710
INFO:root:train 1700 4.725433e+00 1.995150 10.548942
INFO:root:train 1750 4.725836e+00 2.004212 10.541298
INFO:root:train 1800 4.726203e+00 2.003227 10.528873
INFO:root:train 1850 4.726217e+00 2.000608 10.514587
INFO:root:train 1900 4.727125e+00 2.001414 10.517491
INFO:root:train 1950 4.727032e+00 2.009386 10.528255
INFO:root:train 2000 4.726735e+00 2.016960 10.531453
INFO:root:train 2050 4.726905e+00 2.029498 10.543637
INFO:root:train 2100 4.726669e+00 2.025077 10.546317
INFO:root:train 2150 4.726924e+00 2.026674 10.545967
INFO:root:train 2200 4.726827e+00 2.035296 10.557701
INFO:root:train 2250 4.727356e+00 2.043536 10.554337
INFO:root:train 2300 4.727227e+00 2.044627 10.564021
INFO:root:train 2350 4.726391e+00 2.048995 10.551361
INFO:root:train 2400 4.725755e+00 2.049276 10.559402
INFO:root:train 2450 4.725140e+00 2.059746 10.566478
INFO:root:train 2500 4.725125e+00 2.062300 10.568273
INFO:root:train 2550 4.725217e+00 2.060466 10.560197
INFO:root:train 2600 4.725281e+00 2.056300 10.555435
INFO:root:train 2650 4.725691e+00 2.054060 10.554979
INFO:root:train 2700 4.725483e+00 2.068678 10.561482
INFO:root:train 2750 4.725411e+00 2.074246 10.571156
INFO:root:train 2800 4.725460e+00 2.070689 10.579927
INFO:root:train 2850 4.725415e+00 2.067257 10.580717
INFO:root:train 2900 4.725718e+00 2.073100 10.589560
INFO:root:train 2950 4.725749e+00 2.067096 10.584865
INFO:root:train 3000 4.725494e+00 2.068581 10.573559
INFO:root:train 3050 4.725728e+00 2.063360 10.568256
INFO:root:train 3100 4.725637e+00 2.057804 10.567660
INFO:root:train 3150 4.725961e+00 2.053416 10.555677
INFO:root:train 3200 4.726184e+00 2.048676 10.558224
INFO:root:train 3250 4.726428e+00 2.059943 10.560693
INFO:root:train 3300 4.726729e+00 2.056668 10.558827
INFO:root:train 3350 4.726380e+00 2.058621 10.566808
INFO:root:train 3400 4.726237e+00 2.060515 10.569502
INFO:root:train 3450 4.726096e+00 2.057827 10.575286
INFO:root:train 3500 4.725805e+00 2.057448 10.573318
INFO:root:train 3550 4.725553e+00 2.057519 10.574046
INFO:root:train 3600 4.725677e+00 2.056720 10.570414
INFO:root:train_acc 2.057539
INFO:root:valid 000 4.884533e+00 1.562500 7.812500
INFO:root:valid 050 4.696896e+00 1.807598 11.243873
INFO:root:valid 100 4.696664e+00 1.748144 11.014851
INFO:root:valid 150 4.700897e+00 1.800497 10.865066
INFO:root:valid 200 4.713288e+00 1.679104 10.385572
INFO:root:valid 250 4.708874e+00 1.805279 10.570219
INFO:root:valid 300 4.711901e+00 1.775332 10.532600
INFO:root:valid 350 4.707453e+00 1.807336 10.550214
INFO:root:valid 400 4.711961e+00 1.866428 10.473815
INFO:root:valid 450 4.709073e+00 1.853520 10.577190
INFO:root:valid 500 4.708825e+00 1.849426 10.569486
INFO:root:valid 550 4.710179e+00 1.860254 10.506466
INFO:root:valid 600 4.711647e+00 1.856281 10.472130
INFO:root:test_acc 1.857473
INFO:root:epoch 19 lr 2.734768e-04
INFO:root:train 000 4.548182e+00 1.562500 10.937500
INFO:root:train 050 4.741125e+00 1.899510 9.926471
INFO:root:train 100 4.729886e+00 1.871906 10.117574
INFO:root:train 150 4.730022e+00 1.883278 10.389073
INFO:root:train 200 4.728250e+00 2.028918 10.533271
INFO:root:train 250 4.725546e+00 2.041833 10.620020
INFO:root:train 300 4.723630e+00 2.055648 10.693522
INFO:root:train 350 4.725292e+00 2.056624 10.621439
INFO:root:train 400 4.726481e+00 2.069046 10.629676
INFO:root:train 450 4.726191e+00 2.096037 10.594512
INFO:root:train 500 4.725964e+00 2.114521 10.672405
INFO:root:train 550 4.719083e+00 2.132486 10.815563
INFO:root:train 600 4.718094e+00 2.170861 10.799709
INFO:root:train 650 4.720243e+00 2.174539 10.755088
INFO:root:train 700 4.722050e+00 2.191066 10.781473
INFO:root:train 750 4.722728e+00 2.190829 10.704477
INFO:root:train 800 4.724405e+00 2.221832 10.713171
INFO:root:train 850 4.725979e+00 2.212471 10.720843
INFO:root:train 900 4.725714e+00 2.198946 10.725930
INFO:root:train 950 4.725848e+00 2.183557 10.715694
INFO:root:train 1000 4.726467e+00 2.175949 10.704920
INFO:root:train 1050 4.726389e+00 2.163118 10.695171
INFO:root:train 1100 4.725134e+00 2.159968 10.693404
INFO:root:train 1150 4.723187e+00 2.153019 10.713510
INFO:root:train 1200 4.725088e+00 2.132338 10.660387
INFO:root:train 1250 4.725474e+00 2.118305 10.682704
INFO:root:train 1300 4.725919e+00 2.125769 10.714114
INFO:root:train 1350 4.725780e+00 2.131523 10.707346
INFO:root:train 1400 4.725915e+00 2.141328 10.707753
INFO:root:train 1450 4.725155e+00 2.136458 10.679058
INFO:root:train 1500 4.724924e+00 2.133994 10.674134
INFO:root:train 1550 4.723737e+00 2.135719 10.677587
INFO:root:train 1600 4.724955e+00 2.123673 10.657402
INFO:root:train 1650 4.725321e+00 2.124659 10.620457
INFO:root:train 1700 4.725481e+00 2.121914 10.598545
INFO:root:train 1750 4.726151e+00 2.108617 10.585915
INFO:root:train 1800 4.726550e+00 2.111674 10.584398
INFO:root:train 1850 4.726813e+00 2.111190 10.566923
INFO:root:train 1900 4.725927e+00 2.116485 10.593109
INFO:root:train 1950 4.725598e+00 2.115101 10.612346
INFO:root:train 2000 4.725680e+00 2.108321 10.615786
INFO:root:train 2050 4.725351e+00 2.114060 10.630485
INFO:root:train 2100 4.726311e+00 2.105396 10.620687
INFO:root:train 2150 4.726080e+00 2.097135 10.602627
INFO:root:train 2200 4.725465e+00 2.101318 10.598876
INFO:root:train 2250 4.725580e+00 2.106008 10.600150
INFO:root:train 2300 4.725634e+00 2.105063 10.605443
INFO:root:train 2350 4.726358e+00 2.102164 10.597884
INFO:root:train 2400 4.725837e+00 2.103290 10.600401
INFO:root:train 2450 4.725685e+00 2.106283 10.599628
INFO:root:train 2500 4.725344e+00 2.104158 10.592013
INFO:root:train 2550 4.725686e+00 2.092929 10.580410
INFO:root:train 2600 4.725933e+00 2.095348 10.577062
INFO:root:train 2650 4.726060e+00 2.092371 10.573840
INFO:root:train 2700 4.726569e+00 2.087768 10.563796
INFO:root:train 2750 4.726850e+00 2.083333 10.565476
INFO:root:train 2800 4.727006e+00 2.082961 10.569886
INFO:root:train 2850 4.726474e+00 2.084795 10.592226
INFO:root:train 2900 4.726633e+00 2.084411 10.596023
INFO:root:train 2950 4.726111e+00 2.080333 10.602868
INFO:root:train 3000 4.726300e+00 2.079515 10.604798
INFO:root:train 3050 4.726137e+00 2.078724 10.600520
INFO:root:train 3100 4.726315e+00 2.072416 10.586303
INFO:root:train 3150 4.726585e+00 2.061845 10.580966
INFO:root:train 3200 4.726346e+00 2.066737 10.587512
INFO:root:train 3250 4.726059e+00 2.063307 10.601546
INFO:root:train 3300 4.726172e+00 2.066609 10.600954
INFO:root:train 3350 4.726370e+00 2.063750 10.606908
INFO:root:train 3400 4.726438e+00 2.064650 10.605337
INFO:root:train 3450 4.726298e+00 2.064619 10.609244
INFO:root:train 3500 4.726514e+00 2.069498 10.601435
INFO:root:train 3550 4.726351e+00 2.064999 10.608807
INFO:root:train 3600 4.726684e+00 2.063663 10.607297
INFO:root:train_acc 2.064425
INFO:root:valid 000 4.824974e+00 1.562500 7.812500
INFO:root:valid 050 4.686487e+00 1.746324 11.121324
INFO:root:valid 100 4.699548e+00 1.763614 10.952970
INFO:root:valid 150 4.709775e+00 1.779801 10.513245
INFO:root:valid 200 4.720450e+00 1.702425 10.338930
INFO:root:valid 250 4.713409e+00 1.811504 10.371016
INFO:root:valid 300 4.713925e+00 1.796096 10.361296
INFO:root:valid 350 4.710389e+00 1.829594 10.403312
INFO:root:valid 400 4.715375e+00 1.882014 10.376403
INFO:root:valid 450 4.713410e+00 1.870843 10.410892
INFO:root:valid 500 4.712669e+00 1.883733 10.404192
INFO:root:valid 550 4.713225e+00 1.885776 10.347663
INFO:root:valid 600 4.716384e+00 1.877080 10.334339
INFO:root:test_acc 1.878227
