Workingdir: /home/rkohli/aml-project/src
Started at Fri Sep 13 01:34:43 CEST 2019
Running job combined-all using 2 cpus per node with given JID 3434568 on queue meta_gpu-black
DIRECT Version 2.0.4
 Problem Dimension n                    :      7
 Eps value                              :   0.1000E-03
 Epsilon is constant.
 Maximum number of f-evaluations (maxf) :    400
 Maximum number of iterations (MaxT)    :    200
 Value of f_global                      :  -0.1000+101
 Global percentage wanted               :   0.1000E-01
 Volume percentage wanted               :  -0.1000E+01
 Measure percentage wanted              :  -0.1000E+01
 Jones original DIRECT algorithm is used.
Bounds on variable x 1    :      0.00000 <= xi <=      0.40000
Bounds on variable x 2    :      4.00000 <= xi <=      8.00000
Bounds on variable x 3    :      0.00010 <= xi <=      0.10000
Bounds on variable x 4    :      0.00000 <= xi <=      2.00000
Bounds on variable x 5    :      3.00000 <= xi <=      6.00000
Bounds on variable x 6    :      0.00000 <= xi <=      3.00000
Bounds on variable x 7    :      0.00001 <= xi <=      0.00100
---------------------------------------------------------------------------
   15 &      -0.0005403172 &      -0.0000020261 \\\\ 
   27 &      -0.0005991488 &      -0.0000020261 \\\\ 
   49 &      -0.0006445498 &      -0.0000003024 \\\\ 
   67 &      -0.0006462021 &      -0.0000003024 \\\\ 
  129 &      -0.0008731689 &      -0.0000003024 \\\\ 
  165 &      -0.0009541745 &      -0.0000002295 \\\\ 
  199 &      -0.0009599376 &      -0.0000000125 \\\\ 
  221 &      -0.0009617506 &      -0.0000000125 \\\\ 
  287 &      -0.0011894162 &      -0.0000000125 \\\\ 
  313 &      -0.0012120424 &      -0.0000000125 \\\\ 
  337 &      -0.0012207564 &      -0.0000000125 \\\\ 
  363 &      -0.0012252843 &      -0.0000000125 \\\\ 
  429 &      -0.0013051329 &      -0.0000000125 \\\\ 
DIRECT stopped: numfunc >= maxf.
DIRECT Version 2.0.4
 Problem Dimension n                    :      7
 Eps value                              :   0.1000E-03
 Epsilon is constant.
 Maximum number of f-evaluations (maxf) :    400
 Maximum number of iterations (MaxT)    :    200
 Value of f_global                      :  -0.1000+101
 Global percentage wanted               :   0.1000E-01
 Volume percentage wanted               :  -0.1000E+01
 Measure percentage wanted              :  -0.1000E+01
 Jones original DIRECT algorithm is used.
Bounds on variable x 1    :      0.00000 <= xi <=      0.40000
Bounds on variable x 2    :      4.00000 <= xi <=      8.00000
Bounds on variable x 3    :      0.00010 <= xi <=      0.10000
Bounds on variable x 4    :      0.00000 <= xi <=      2.00000
Bounds on variable x 5    :      3.00000 <= xi <=      6.00000
Bounds on variable x 6    :      0.00000 <= xi <=      3.00000
Bounds on variable x 7    :      0.00001 <= xi <=      0.00100
---------------------------------------------------------------------------
   15 &      -0.0001060526 &      -0.0000018605 \\\\ 
   27 &      -0.0001115789 &      -0.0000018397 \\\\ 
   49 &      -0.0001170562 &      -0.0000000453 \\\\ 
   67 &      -0.0001195508 &      -0.0000000453 \\\\ 
   91 &      -0.0001758125 &      -0.0000000453 \\\\ 
  109 &      -0.0004207852 &      -0.0000000453 \\\\ 
  125 &      -0.0006185844 &      -0.0000000453 \\\\ 
  143 &      -0.0006365639 &      -0.0000000453 \\\\ 
  189 &      -0.0006499245 &      -0.0000000453 \\\\ 
  219 &      -0.0006569847 &      -0.0000000453 \\\\ 
  247 &      -0.0006587390 &      -0.0000000453 \\\\ 
  269 &      -0.0006591826 &      -0.0000000453 \\\\ 
  331 &      -0.0008944764 &      -0.0000000453 \\\\ 
  355 &      -0.0008960875 &      -0.0000000453 \\\\ 
  377 &      -0.0008967425 &      -0.0000000453 \\\\ 
  397 &      -0.0008971974 &      -0.0000000453 \\\\ 
  433 &      -0.0008973742 &      -0.0000000453 \\\\ 
DIRECT stopped: numfunc >= maxf.
DIRECT Version 2.0.4
 Problem Dimension n                    :      7
 Eps value                              :   0.1000E-03
 Epsilon is constant.
 Maximum number of f-evaluations (maxf) :    400
 Maximum number of iterations (MaxT)    :    200
 Value of f_global                      :  -0.1000+101
 Global percentage wanted               :   0.1000E-01
 Volume percentage wanted               :  -0.1000E+01
 Measure percentage wanted              :  -0.1000E+01
 Jones original DIRECT algorithm is used.
Bounds on variable x 1    :      0.00000 <= xi <=      0.40000
Bounds on variable x 2    :      4.00000 <= xi <=      8.00000
Bounds on variable x 3    :      0.00010 <= xi <=      0.10000
Bounds on variable x 4    :      0.00000 <= xi <=      2.00000
Bounds on variable x 5    :      3.00000 <= xi <=      6.00000
Bounds on variable x 6    :      0.00000 <= xi <=      3.00000
Bounds on variable x 7    :      0.00001 <= xi <=      0.00100
---------------------------------------------------------------------------
   15 &      -0.0017458210 &      -0.0002888827 \\\\ 
   27 &      -0.0026032183 &      -0.0002888827 \\\\ 
   49 &      -0.0032283839 &      -0.0002175525 \\\\ 
   97 &      -0.0033706044 &      -0.0002175525 \\\\ 
  133 &      -0.0033914672 &      -0.0002175525 \\\\ 
  215 &      -0.0035203451 &      -0.0002175525 \\\\ 
  247 &      -0.0035344056 &      -0.0002175525 \\\\ 
  277 &      -0.0035366094 &      -0.0002175525 \\\\ 
  377 &      -0.0036445358 &      -0.0002175525 \\\\ 
  415 &      -0.0036528471 &      -0.0002175525 \\\\ 
DIRECT stopped: numfunc >= maxf.
DIRECT Version 2.0.4
 Problem Dimension n                    :      7
 Eps value                              :   0.1000E-03
 Epsilon is constant.
 Maximum number of f-evaluations (maxf) :    400
 Maximum number of iterations (MaxT)    :    200
 Value of f_global                      :  -0.1000+101
 Global percentage wanted               :   0.1000E-01
 Volume percentage wanted               :  -0.1000E+01
 Measure percentage wanted              :  -0.1000E+01
 Jones original DIRECT algorithm is used.
Bounds on variable x 1    :      0.00000 <= xi <=      0.40000
Bounds on variable x 2    :      4.00000 <= xi <=      8.00000
Bounds on variable x 3    :      0.00010 <= xi <=      0.10000
Bounds on variable x 4    :      0.00000 <= xi <=      2.00000
Bounds on variable x 5    :      3.00000 <= xi <=      6.00000
Bounds on variable x 6    :      0.00000 <= xi <=      3.00000
Bounds on variable x 7    :      0.00001 <= xi <=      0.00100
---------------------------------------------------------------------------
   15 &      -0.0030895099 &      -0.0015954391 \\\\ 
   41 &      -0.0038659662 &      -0.0015954391 \\\\ 
   75 &      -0.0040883876 &      -0.0009387551 \\\\ 
  103 &      -0.0042424558 &      -0.0009387551 \\\\ 
  127 &      -0.0042777481 &      -0.0006094394 \\\\ 
  195 &      -0.0045654541 &      -0.0006094394 \\\\ 
  231 &      -0.0048313033 &      -0.0006094394 \\\\ 
  255 &      -0.0050233536 &      -0.0006094394 \\\\ 
  315 &      -0.0051939293 &      -0.0006094394 \\\\ 
  341 &      -0.0052208888 &      -0.0006094394 \\\\ 
  369 &      -0.0052483761 &      -0.0006094394 \\\\ 
  395 &      -0.0052645961 &      -0.0006094394 \\\\ 
  419 &      -0.0052657868 &      -0.0006094394 \\\\ 
DIRECT stopped: numfunc >= maxf.
DIRECT Version 2.0.4
 Problem Dimension n                    :      7
 Eps value                              :   0.1000E-03
 Epsilon is constant.
 Maximum number of f-evaluations (maxf) :    400
 Maximum number of iterations (MaxT)    :    200
 Value of f_global                      :  -0.1000+101
 Global percentage wanted               :   0.1000E-01
 Volume percentage wanted               :  -0.1000E+01
 Measure percentage wanted              :  -0.1000E+01
 Jones original DIRECT algorithm is used.
Bounds on variable x 1    :      0.00000 <= xi <=      0.40000
Bounds on variable x 2    :      4.00000 <= xi <=      8.00000
Bounds on variable x 3    :      0.00010 <= xi <=      0.10000
Bounds on variable x 4    :      0.00000 <= xi <=      2.00000
Bounds on variable x 5    :      3.00000 <= xi <=      6.00000
Bounds on variable x 6    :      0.00000 <= xi <=      3.00000
Bounds on variable x 7    :      0.00001 <= xi <=      0.00100
---------------------------------------------------------------------------
   15 &      -0.0014359451 &      -0.0004375549 \\\\ 
   27 &      -0.0016823736 &      -0.0004375549 \\\\ 
   49 &      -0.0017595750 &      -0.0004327350 \\\\ 
   99 &      -0.0021829959 &      -0.0003544565 \\\\ 
  127 &      -0.0024321242 &      -0.0002520720 \\\\ 
  155 &      -0.0025019191 &      -0.0002454845 \\\\ 
  181 &      -0.0025321658 &      -0.0001685624 \\\\ 
  195 &      -0.0026211744 &      -0.0001685624 \\\\ 
  247 &      -0.0029189505 &      -0.0001685624 \\\\ 
  273 &      -0.0029906143 &      -0.0001685624 \\\\ 
  297 &      -0.0030061680 &      -0.0001685624 \\\\ 
  319 &      -0.0030341088 &      -0.0001685624 \\\\ 
  373 &      -0.0031043240 &      -0.0001685624 \\\\ 
  405 &      -0.0031245537 &      -0.0001685624 \\\\ 
DIRECT stopped: numfunc >= maxf.
DIRECT Version 2.0.4
 Problem Dimension n                    :      7
 Eps value                              :   0.1000E-03
 Epsilon is constant.
 Maximum number of f-evaluations (maxf) :    400
 Maximum number of iterations (MaxT)    :    200
 Value of f_global                      :  -0.1000+101
 Global percentage wanted               :   0.1000E-01
 Volume percentage wanted               :  -0.1000E+01
 Measure percentage wanted              :  -0.1000E+01
 Jones original DIRECT algorithm is used.
Bounds on variable x 1    :      0.00000 <= xi <=      0.40000
Bounds on variable x 2    :      4.00000 <= xi <=      8.00000
Bounds on variable x 3    :      0.00010 <= xi <=      0.10000
Bounds on variable x 4    :      0.00000 <= xi <=      2.00000
Bounds on variable x 5    :      3.00000 <= xi <=      6.00000
Bounds on variable x 6    :      0.00000 <= xi <=      3.00000
Bounds on variable x 7    :      0.00001 <= xi <=      0.00100
---------------------------------------------------------------------------
   15 &      -0.0026286006 &      -0.0004296949 \\\\ 
   63 &      -0.0031595940 &      -0.0003109617 \\\\ 
   73 &      -0.0033578119 &      -0.0003109617 \\\\ 
  121 &      -0.0037618595 &      -0.0003109617 \\\\ 
  157 &      -0.0039523694 &      -0.0003109617 \\\\ 
  191 &      -0.0040290099 &      -0.0001025641 \\\\ 
  251 &      -0.0042502281 &      -0.0001025641 \\\\ 
  281 &      -0.0044432209 &      -0.0001025641 \\\\ 
  303 &      -0.0045990302 &      -0.0001025641 \\\\ 
  323 &      -0.0046265447 &      -0.0001025641 \\\\ 
  389 &      -0.0046543525 &      -0.0001025641 \\\\ 
  423 &      -0.0046741720 &      -0.0000924475 \\\\ 
DIRECT stopped: numfunc >= maxf.
DIRECT Version 2.0.4
 Problem Dimension n                    :      7
 Eps value                              :   0.1000E-03
 Epsilon is constant.
 Maximum number of f-evaluations (maxf) :    400
 Maximum number of iterations (MaxT)    :    200
 Value of f_global                      :  -0.1000+101
 Global percentage wanted               :   0.1000E-01
 Volume percentage wanted               :  -0.1000E+01
 Measure percentage wanted              :  -0.1000E+01
 Jones original DIRECT algorithm is used.
Bounds on variable x 1    :      0.00000 <= xi <=      0.40000
Bounds on variable x 2    :      4.00000 <= xi <=      8.00000
Bounds on variable x 3    :      0.00010 <= xi <=      0.10000
Bounds on variable x 4    :      0.00000 <= xi <=      2.00000
Bounds on variable x 5    :      3.00000 <= xi <=      6.00000
Bounds on variable x 6    :      0.00000 <= xi <=      3.00000
Bounds on variable x 7    :      0.00001 <= xi <=      0.00100
---------------------------------------------------------------------------
   15 &      -0.0055079585 &      -0.0006939177 \\\\ 
   27 &      -0.0055619963 &      -0.0006939177 \\\\ 
   81 &      -0.0060232988 &      -0.0005705085 \\\\ 
  111 &      -0.0062919472 &      -0.0005705085 \\\\ 
  139 &      -0.0064087033 &      -0.0005705085 \\\\ 
  215 &      -0.0065258783 &      -0.0005705085 \\\\ 
  255 &      -0.0066077074 &      -0.0005705085 \\\\ 
  285 &      -0.0066660795 &      -0.0005705085 \\\\ 
  311 &      -0.0066753488 &      -0.0005705085 \\\\ 
  335 &      -0.0066887031 &      -0.0005705085 \\\\ 
  357 &      -0.0067069485 &      -0.0005705085 \\\\ 
  381 &      -0.0067183565 &      -0.0005705085 \\\\ 
  425 &      -0.0068051798 &      -0.0005705085 \\\\ 
DIRECT stopped: numfunc >= maxf.
DIRECT Version 2.0.4
 Problem Dimension n                    :      7
 Eps value                              :   0.1000E-03
 Epsilon is constant.
 Maximum number of f-evaluations (maxf) :    400
 Maximum number of iterations (MaxT)    :    200
 Value of f_global                      :  -0.1000+101
 Global percentage wanted               :   0.1000E-01
 Volume percentage wanted               :  -0.1000E+01
 Measure percentage wanted              :  -0.1000E+01
 Jones original DIRECT algorithm is used.
Bounds on variable x 1    :      0.00000 <= xi <=      0.40000
Bounds on variable x 2    :      4.00000 <= xi <=      8.00000
Bounds on variable x 3    :      0.00010 <= xi <=      0.10000
Bounds on variable x 4    :      0.00000 <= xi <=      2.00000
Bounds on variable x 5    :      3.00000 <= xi <=      6.00000
Bounds on variable x 6    :      0.00000 <= xi <=      3.00000
Bounds on variable x 7    :      0.00001 <= xi <=      0.00100
---------------------------------------------------------------------------
   15 &      -0.0054839066 &      -0.0006062266 \\\\ 
   27 &      -0.0079420229 &      -0.0006062266 \\\\ 
   49 &      -0.0081666768 &      -0.0002113513 \\\\ 
   67 &      -0.0083385774 &       0.0007317881 \\\\ 
   91 &      -0.0090428954 &       0.0007317881 \\\\ 
  155 &      -0.0092407981 &       0.0007317881 \\\\ 
  189 &      -0.0093011922 &       0.0007317881 \\\\ 
  217 &      -0.0093079106 &       0.0007317881 \\\\ 
  247 &      -0.0093314563 &       0.0007317881 \\\\ 
  321 &      -0.0095378319 &       0.0007317881 \\\\ 
  369 &      -0.0096189753 &       0.0007317881 \\\\ 
  413 &      -0.0096960974 &       0.0010618251 \\\\ 
DIRECT stopped: numfunc >= maxf.
DIRECT Version 2.0.4
 Problem Dimension n                    :      7
 Eps value                              :   0.1000E-03
 Epsilon is constant.
 Maximum number of f-evaluations (maxf) :    400
 Maximum number of iterations (MaxT)    :    200
 Value of f_global                      :  -0.1000+101
 Global percentage wanted               :   0.1000E-01
 Volume percentage wanted               :  -0.1000E+01
 Measure percentage wanted              :  -0.1000E+01
 Jones original DIRECT algorithm is used.
Bounds on variable x 1    :      0.00000 <= xi <=      0.40000
Bounds on variable x 2    :      4.00000 <= xi <=      8.00000
Bounds on variable x 3    :      0.00010 <= xi <=      0.10000
Bounds on variable x 4    :      0.00000 <= xi <=      2.00000
Bounds on variable x 5    :      3.00000 <= xi <=      6.00000
Bounds on variable x 6    :      0.00000 <= xi <=      3.00000
Bounds on variable x 7    :      0.00001 <= xi <=      0.00100
---------------------------------------------------------------------------
   15 &      -0.0050541340 &      -0.0022045409 \\\\ 
   27 &      -0.0064406574 &      -0.0022045409 \\\\ 
   49 &      -0.0067300189 &      -0.0018872959 \\\\ 
  105 &      -0.0071637826 &      -0.0018872959 \\\\ 
  141 &      -0.0071954534 &      -0.0018872959 \\\\ 
  229 &      -0.0074490575 &      -0.0006696404 \\\\ 
  265 &      -0.0075522315 &      -0.0006696404 \\\\ 
  297 &      -0.0076238574 &      -0.0006696404 \\\\ 
  325 &      -0.0076416659 &      -0.0006696404 \\\\ 
  359 &      -0.0076733708 &      -0.0006696404 \\\\ 
  383 &      -0.0076868128 &      -0.0006696404 \\\\ 
DIRECT stopped: numfunc >= maxf.
DIRECT Version 2.0.4
 Problem Dimension n                    :      7
 Eps value                              :   0.1000E-03
 Epsilon is constant.
 Maximum number of f-evaluations (maxf) :    400
 Maximum number of iterations (MaxT)    :    200
 Value of f_global                      :  -0.1000+101
 Global percentage wanted               :   0.1000E-01
 Volume percentage wanted               :  -0.1000E+01
 Measure percentage wanted              :  -0.1000E+01
 Jones original DIRECT algorithm is used.
Bounds on variable x 1    :      0.00000 <= xi <=      0.40000
Bounds on variable x 2    :      4.00000 <= xi <=      8.00000
Bounds on variable x 3    :      0.00010 <= xi <=      0.10000
Bounds on variable x 4    :      0.00000 <= xi <=      2.00000
Bounds on variable x 5    :      3.00000 <= xi <=      6.00000
Bounds on variable x 6    :      0.00000 <= xi <=      3.00000
Bounds on variable x 7    :      0.00001 <= xi <=      0.00100
---------------------------------------------------------------------------
   15 &      -0.0045445553 &      -0.0020244198 \\\\ 
   63 &      -0.0057469706 &      -0.0014238061 \\\\ 
   85 &      -0.0060410132 &      -0.0014238061 \\\\ 
  113 &      -0.0061480638 &      -0.0014238061 \\\\ 
  179 &      -0.0066563238 &      -0.0014238061 \\\\ 
  209 &      -0.0069122895 &      -0.0011572979 \\\\ 
  227 &      -0.0069802987 &      -0.0011572979 \\\\ 
  249 &      -0.0070413173 &      -0.0011572979 \\\\ 
  307 &      -0.0071421699 &      -0.0011572979 \\\\ 
  337 &      -0.0072355769 &      -0.0011572979 \\\\ 
  361 &      -0.0072807364 &      -0.0010957256 \\\\ 
  383 &      -0.0073238257 &      -0.0010957256 \\\\ 
  407 &      -0.0073317773 &      -0.0010957256 \\\\ 
DIRECT stopped: numfunc >= maxf.
DIRECT Version 2.0.4
 Problem Dimension n                    :      7
 Eps value                              :   0.1000E-03
 Epsilon is constant.
 Maximum number of f-evaluations (maxf) :    400
 Maximum number of iterations (MaxT)    :    200
 Value of f_global                      :  -0.1000+101
 Global percentage wanted               :   0.1000E-01
 Volume percentage wanted               :  -0.1000E+01
 Measure percentage wanted              :  -0.1000E+01
 Jones original DIRECT algorithm is used.
Bounds on variable x 1    :      0.00000 <= xi <=      0.40000
Bounds on variable x 2    :      4.00000 <= xi <=      8.00000
Bounds on variable x 3    :      0.00010 <= xi <=      0.10000
Bounds on variable x 4    :      0.00000 <= xi <=      2.00000
Bounds on variable x 5    :      3.00000 <= xi <=      6.00000
Bounds on variable x 6    :      0.00000 <= xi <=      3.00000
Bounds on variable x 7    :      0.00001 <= xi <=      0.00100
---------------------------------------------------------------------------
   15 &      -0.0037268675 &      -0.0004789557 \\\\ 
   27 &      -0.0041074751 &      -0.0004789557 \\\\ 
   81 &      -0.0045608924 &      -0.0000437771 \\\\ 
  111 &      -0.0049091823 &      -0.0000437771 \\\\ 
  139 &      -0.0051414423 &      -0.0000437771 \\\\ 
  171 &      -0.0051584981 &      -0.0000437771 \\\\ 
  227 &      -0.0053011986 &      -0.0000437771 \\\\ 
  259 &      -0.0055176152 &      -0.0000437771 \\\\ 
  287 &      -0.0055918532 &      -0.0000437771 \\\\ 
  309 &      -0.0056569644 &      -0.0000437771 \\\\ 
  329 &      -0.0057577076 &      -0.0000437771 \\\\ 
  347 &      -0.0058151261 &      -0.0000437771 \\\\ 
  367 &      -0.0058206440 &      -0.0000437771 \\\\ 
  399 &      -0.0059292884 &      -0.0000437771 \\\\ 
  425 &      -0.0059665883 &      -0.0000437771 \\\\ 
DIRECT stopped: numfunc >= maxf.
DIRECT Version 2.0.4
 Problem Dimension n                    :      7
 Eps value                              :   0.1000E-03
 Epsilon is constant.
 Maximum number of f-evaluations (maxf) :    400
 Maximum number of iterations (MaxT)    :    200
 Value of f_global                      :  -0.1000+101
 Global percentage wanted               :   0.1000E-01
 Volume percentage wanted               :  -0.1000E+01
 Measure percentage wanted              :  -0.1000E+01
 Jones original DIRECT algorithm is used.
Bounds on variable x 1    :      0.00000 <= xi <=      0.40000
Bounds on variable x 2    :      4.00000 <= xi <=      8.00000
Bounds on variable x 3    :      0.00010 <= xi <=      0.10000
Bounds on variable x 4    :      0.00000 <= xi <=      2.00000
Bounds on variable x 5    :      3.00000 <= xi <=      6.00000
Bounds on variable x 6    :      0.00000 <= xi <=      3.00000
Bounds on variable x 7    :      0.00001 <= xi <=      0.00100
---------------------------------------------------------------------------
   15 &      -0.0099679306 &      -0.0026760931 \\\\ 
   27 &      -0.0102473608 &      -0.0026760931 \\\\ 
   49 &      -0.0103376860 &      -0.0026760931 \\\\ 
  105 &      -0.0112912956 &      -0.0026760931 \\\\ 
  141 &      -0.0115500780 &      -0.0026760931 \\\\ 
  175 &      -0.0117680042 &      -0.0026235174 \\\\ 
  207 &      -0.0119051809 &      -0.0024842178 \\\\ 
  263 &      -0.0128565188 &      -0.0024842178 \\\\ 
  287 &      -0.0131752613 &      -0.0024842178 \\\\ 
  315 &      -0.0132236501 &      -0.0024842178 \\\\ 
  335 &      -0.0132426760 &      -0.0021191001 \\\\ 
  359 &      -0.0132475375 &      -0.0021191001 \\\\ 
  395 &      -0.0132506925 &      -0.0019061095 \\\\ 
DIRECT stopped: numfunc >= maxf.
DIRECT Version 2.0.4
 Problem Dimension n                    :      7
 Eps value                              :   0.1000E-03
 Epsilon is constant.
 Maximum number of f-evaluations (maxf) :    400
 Maximum number of iterations (MaxT)    :    200
 Value of f_global                      :  -0.1000+101
 Global percentage wanted               :   0.1000E-01
 Volume percentage wanted               :  -0.1000E+01
 Measure percentage wanted              :  -0.1000E+01
 Jones original DIRECT algorithm is used.
Bounds on variable x 1    :      0.00000 <= xi <=      0.40000
Bounds on variable x 2    :      4.00000 <= xi <=      8.00000
Bounds on variable x 3    :      0.00010 <= xi <=      0.10000
Bounds on variable x 4    :      0.00000 <= xi <=      2.00000
Bounds on variable x 5    :      3.00000 <= xi <=      6.00000
Bounds on variable x 6    :      0.00000 <= xi <=      3.00000
Bounds on variable x 7    :      0.00001 <= xi <=      0.00100
---------------------------------------------------------------------------
   15 &      -0.0167497963 &      -0.0020361383 \\\\ 
   63 &      -0.0170152421 &      -0.0020361383 \\\\ 
   93 &      -0.0175564349 &      -0.0020361383 \\\\ 
  121 &      -0.0177943303 &      -0.0020361383 \\\\ 
  147 &      -0.0178898785 &      -0.0020361383 \\\\ 
  171 &      -0.0179005584 &      -0.0020361383 \\\\ 
  237 &      -0.0184892406 &      -0.0010187819 \\\\ 
  267 &      -0.0184977691 &      -0.0010187819 \\\\ 
  327 &      -0.0185915562 &      -0.0010187819 \\\\ 
  361 &      -0.0186834728 &      -0.0010187819 \\\\ 
  397 &      -0.0187255788 &      -0.0010187819 \\\\ 
  437 &      -0.0187277818 &      -0.0010187819 \\\\ 
DIRECT stopped: numfunc >= maxf.
DIRECT Version 2.0.4
 Problem Dimension n                    :      7
 Eps value                              :   0.1000E-03
 Epsilon is constant.
 Maximum number of f-evaluations (maxf) :    400
 Maximum number of iterations (MaxT)    :    200
 Value of f_global                      :  -0.1000+101
 Global percentage wanted               :   0.1000E-01
 Volume percentage wanted               :  -0.1000E+01
 Measure percentage wanted              :  -0.1000E+01
 Jones original DIRECT algorithm is used.
Bounds on variable x 1    :      0.00000 <= xi <=      0.40000
Bounds on variable x 2    :      4.00000 <= xi <=      8.00000
Bounds on variable x 3    :      0.00010 <= xi <=      0.10000
Bounds on variable x 4    :      0.00000 <= xi <=      2.00000
Bounds on variable x 5    :      3.00000 <= xi <=      6.00000
Bounds on variable x 6    :      0.00000 <= xi <=      3.00000
Bounds on variable x 7    :      0.00001 <= xi <=      0.00100
---------------------------------------------------------------------------
   15 &      -0.0205502279 &      -0.0030025830 \\\\ 
   63 &      -0.0232573521 &      -0.0023898112 \\\\ 
   93 &      -0.0237446118 &      -0.0023898112 \\\\ 
  121 &      -0.0239054052 &      -0.0023898112 \\\\ 
  147 &      -0.0239222376 &      -0.0023898112 \\\\ 
  219 &      -0.0251276853 &      -0.0023898112 \\\\ 
  249 &      -0.0253124148 &      -0.0023898112 \\\\ 
  345 &      -0.0254975381 &      -0.0023898112 \\\\ 
  383 &      -0.0255190845 &      -0.0023898112 \\\\ 
  411 &      -0.0255315651 &      -0.0023898112 \\\\ 
DIRECT stopped: numfunc >= maxf.
DIRECT Version 2.0.4
 Problem Dimension n                    :      7
 Eps value                              :   0.1000E-03
 Epsilon is constant.
 Maximum number of f-evaluations (maxf) :    400
 Maximum number of iterations (MaxT)    :    200
 Value of f_global                      :  -0.1000+101
 Global percentage wanted               :   0.1000E-01
 Volume percentage wanted               :  -0.1000E+01
 Measure percentage wanted              :  -0.1000E+01
 Jones original DIRECT algorithm is used.
Bounds on variable x 1    :      0.00000 <= xi <=      0.40000
Bounds on variable x 2    :      4.00000 <= xi <=      8.00000
Bounds on variable x 3    :      0.00010 <= xi <=      0.10000
Bounds on variable x 4    :      0.00000 <= xi <=      2.00000
Bounds on variable x 5    :      3.00000 <= xi <=      6.00000
Bounds on variable x 6    :      0.00000 <= xi <=      3.00000
Bounds on variable x 7    :      0.00001 <= xi <=      0.00100
---------------------------------------------------------------------------
   15 &      -0.0253563991 &      -0.0063940062 \\\\ 
   63 &      -0.0269300378 &      -0.0061912059 \\\\ 
   93 &      -0.0271793461 &      -0.0061912059 \\\\ 
  121 &      -0.0273800197 &      -0.0061912059 \\\\ 
  147 &      -0.0274737602 &      -0.0061766079 \\\\ 
  223 &      -0.0281951688 &      -0.0049516180 \\\\ 
  249 &      -0.0286908763 &      -0.0049516180 \\\\ 
  273 &      -0.0287576552 &      -0.0049516180 \\\\ 
  299 &      -0.0287582208 &      -0.0049516180 \\\\ 
  357 &      -0.0288532467 &      -0.0049516180 \\\\ 
  389 &      -0.0289012407 &      -0.0049516180 \\\\ 
  425 &      -0.0289056940 &      -0.0049516180 \\\\ 
DIRECT stopped: numfunc >= maxf.
DIRECT Version 2.0.4
 Problem Dimension n                    :      7
 Eps value                              :   0.1000E-03
 Epsilon is constant.
 Maximum number of f-evaluations (maxf) :    400
 Maximum number of iterations (MaxT)    :    200
 Value of f_global                      :  -0.1000+101
 Global percentage wanted               :   0.1000E-01
 Volume percentage wanted               :  -0.1000E+01
 Measure percentage wanted              :  -0.1000E+01
 Jones original DIRECT algorithm is used.
Bounds on variable x 1    :      0.00000 <= xi <=      0.40000
Bounds on variable x 2    :      4.00000 <= xi <=      8.00000
Bounds on variable x 3    :      0.00010 <= xi <=      0.10000
Bounds on variable x 4    :      0.00000 <= xi <=      2.00000
Bounds on variable x 5    :      3.00000 <= xi <=      6.00000
Bounds on variable x 6    :      0.00000 <= xi <=      3.00000
Bounds on variable x 7    :      0.00001 <= xi <=      0.00100
---------------------------------------------------------------------------
   15 &      -0.0438611204 &      -0.0034553237 \\\\ 
   63 &      -0.0506857821 &      -0.0034553237 \\\\ 
   93 &      -0.0508480458 &      -0.0034553237 \\\\ 
  121 &      -0.0510075437 &      -0.0034553237 \\\\ 
  147 &      -0.0511051165 &      -0.0034553237 \\\\ 
  179 &      -0.0515267585 &      -0.0034553237 \\\\ 
  213 &      -0.0515436287 &      -0.0034553237 \\\\ 
  289 &      -0.0520660225 &      -0.0034553237 \\\\ 
  321 &      -0.0521219329 &      -0.0034553237 \\\\ 
  363 &      -0.0521671480 &      -0.0034553237 \\\\ 
  391 &      -0.0521693221 &      -0.0030770544 \\\\ 
  429 &      -0.0521736464 &      -0.0030770544 \\\\ 
DIRECT stopped: numfunc >= maxf.
DIRECT Version 2.0.4
 Problem Dimension n                    :      7
 Eps value                              :   0.1000E-03
 Epsilon is constant.
 Maximum number of f-evaluations (maxf) :    400
 Maximum number of iterations (MaxT)    :    200
 Value of f_global                      :  -0.1000+101
 Global percentage wanted               :   0.1000E-01
 Volume percentage wanted               :  -0.1000E+01
 Measure percentage wanted              :  -0.1000E+01
 Jones original DIRECT algorithm is used.
Bounds on variable x 1    :      0.00000 <= xi <=      0.40000
Bounds on variable x 2    :      4.00000 <= xi <=      8.00000
Bounds on variable x 3    :      0.00010 <= xi <=      0.10000
Bounds on variable x 4    :      0.00000 <= xi <=      2.00000
Bounds on variable x 5    :      3.00000 <= xi <=      6.00000
Bounds on variable x 6    :      0.00000 <= xi <=      3.00000
Bounds on variable x 7    :      0.00001 <= xi <=      0.00100
---------------------------------------------------------------------------
   15 &      -0.0364719042 &      -0.0104517395 \\\\ 
   41 &      -0.0414080404 &      -0.0099352258 \\\\ 
   75 &      -0.0421254094 &      -0.0099352258 \\\\ 
   95 &      -0.0423879833 &      -0.0090053457 \\\\ 
  121 &      -0.0425405291 &      -0.0090053457 \\\\ 
  145 &      -0.0426451565 &      -0.0090053457 \\\\ 
  181 &      -0.0426779191 &      -0.0090053457 \\\\ 
  253 &      -0.0428161539 &      -0.0089137520 \\\\ 
  285 &      -0.0428643074 &      -0.0089137520 \\\\ 
  313 &      -0.0428818342 &      -0.0089137520 \\\\ 
  333 &      -0.0428882074 &      -0.0089137520 \\\\ 
  365 &      -0.0428933371 &      -0.0086468406 \\\\ 
  401 &      -0.0428933766 &      -0.0086468406 \\\\ 
DIRECT stopped: numfunc >= maxf.
DIRECT Version 2.0.4
 Problem Dimension n                    :      7
 Eps value                              :   0.1000E-03
 Epsilon is constant.
 Maximum number of f-evaluations (maxf) :    400
 Maximum number of iterations (MaxT)    :    200
 Value of f_global                      :  -0.1000+101
 Global percentage wanted               :   0.1000E-01
 Volume percentage wanted               :  -0.1000E+01
 Measure percentage wanted              :  -0.1000E+01
 Jones original DIRECT algorithm is used.
Bounds on variable x 1    :      0.00000 <= xi <=      0.40000
Bounds on variable x 2    :      4.00000 <= xi <=      8.00000
Bounds on variable x 3    :      0.00010 <= xi <=      0.10000
Bounds on variable x 4    :      0.00000 <= xi <=      2.00000
Bounds on variable x 5    :      3.00000 <= xi <=      6.00000
Bounds on variable x 6    :      0.00000 <= xi <=      3.00000
Bounds on variable x 7    :      0.00001 <= xi <=      0.00100
---------------------------------------------------------------------------
   15 &      -0.0364502219 &      -0.0092227549 \\\\ 
   27 &      -0.0435363999 &      -0.0092227549 \\\\ 
   49 &      -0.0526745920 &      -0.0092227549 \\\\ 
   91 &      -0.0530562335 &      -0.0092227549 \\\\ 
  127 &      -0.0533041915 &      -0.0092227549 \\\\ 
  161 &      -0.0534405179 &      -0.0090935998 \\\\ 
  243 &      -0.0545468137 &      -0.0084402286 \\\\ 
  273 &      -0.0549598389 &      -0.0084402286 \\\\ 
  301 &      -0.0550581101 &      -0.0084402286 \\\\ 
  329 &      -0.0550947088 &      -0.0084402286 \\\\ 
  365 &      -0.0551167824 &      -0.0084402286 \\\\ 
  457 &      -0.0551687119 &      -0.0084402286 \\\\ 
DIRECT stopped: numfunc >= maxf.
DIRECT Version 2.0.4
 Problem Dimension n                    :      7
 Eps value                              :   0.1000E-03
 Epsilon is constant.
 Maximum number of f-evaluations (maxf) :    400
 Maximum number of iterations (MaxT)    :    200
 Value of f_global                      :  -0.1000+101
 Global percentage wanted               :   0.1000E-01
 Volume percentage wanted               :  -0.1000E+01
 Measure percentage wanted              :  -0.1000E+01
 Jones original DIRECT algorithm is used.
Bounds on variable x 1    :      0.00000 <= xi <=      0.40000
Bounds on variable x 2    :      4.00000 <= xi <=      8.00000
Bounds on variable x 3    :      0.00010 <= xi <=      0.10000
Bounds on variable x 4    :      0.00000 <= xi <=      2.00000
Bounds on variable x 5    :      3.00000 <= xi <=      6.00000
Bounds on variable x 6    :      0.00000 <= xi <=      3.00000
Bounds on variable x 7    :      0.00001 <= xi <=      0.00100
---------------------------------------------------------------------------
   15 &      -0.0493614398 &      -0.0100108414 \\\\ 
   63 &      -0.0561177232 &      -0.0100108414 \\\\ 
   93 &      -0.0563434913 &      -0.0100108414 \\\\ 
  161 &      -0.0578200355 &      -0.0097458882 \\\\ 
  199 &      -0.0583544201 &      -0.0097458882 \\\\ 
  241 &      -0.0583626695 &      -0.0097458882 \\\\ 
  323 &      -0.0585830658 &      -0.0095377141 \\\\ 
  361 &      -0.0585888625 &      -0.0095377141 \\\\ 
  397 &      -0.0585942111 &      -0.0094949031 \\\\ 
  431 &      -0.0585968575 &      -0.0094949031 \\\\ 
DIRECT stopped: numfunc >= maxf.
DIRECT Version 2.0.4
 Problem Dimension n                    :      7
 Eps value                              :   0.1000E-03
 Epsilon is constant.
 Maximum number of f-evaluations (maxf) :    400
 Maximum number of iterations (MaxT)    :    200
 Value of f_global                      :  -0.1000+101
 Global percentage wanted               :   0.1000E-01
 Volume percentage wanted               :  -0.1000E+01
 Measure percentage wanted              :  -0.1000E+01
 Jones original DIRECT algorithm is used.
Bounds on variable x 1    :      0.00000 <= xi <=      0.40000
Bounds on variable x 2    :      4.00000 <= xi <=      8.00000
Bounds on variable x 3    :      0.00010 <= xi <=      0.10000
Bounds on variable x 4    :      0.00000 <= xi <=      2.00000
Bounds on variable x 5    :      3.00000 <= xi <=      6.00000
Bounds on variable x 6    :      0.00000 <= xi <=      3.00000
Bounds on variable x 7    :      0.00001 <= xi <=      0.00100
---------------------------------------------------------------------------
   15 &      -0.0370276289 &      -0.0064461622 \\\\ 
   63 &      -0.0401006530 &      -0.0064461622 \\\\ 
   93 &      -0.0401412642 &      -0.0064461622 \\\\ 
  121 &      -0.0401722527 &      -0.0063241738 \\\\ 
  237 &      -0.0407114508 &      -0.0062640271 \\\\ 
  269 &      -0.0409524647 &      -0.0062640271 \\\\ 
  307 &      -0.0409929158 &      -0.0062640271 \\\\ 
  337 &      -0.0410256310 &      -0.0062327788 \\\\ 
  369 &      -0.0410559301 &      -0.0061591592 \\\\ 
  403 &      -0.0410698380 &      -0.0060409990 \\\\ 
DIRECT stopped: numfunc >= maxf.
DIRECT Version 2.0.4
 Problem Dimension n                    :      7
 Eps value                              :   0.1000E-03
 Epsilon is constant.
 Maximum number of f-evaluations (maxf) :    400
 Maximum number of iterations (MaxT)    :    200
 Value of f_global                      :  -0.1000+101
 Global percentage wanted               :   0.1000E-01
 Volume percentage wanted               :  -0.1000E+01
 Measure percentage wanted              :  -0.1000E+01
 Jones original DIRECT algorithm is used.
Bounds on variable x 1    :      0.00000 <= xi <=      0.40000
Bounds on variable x 2    :      4.00000 <= xi <=      8.00000
Bounds on variable x 3    :      0.00010 <= xi <=      0.10000
Bounds on variable x 4    :      0.00000 <= xi <=      2.00000
Bounds on variable x 5    :      3.00000 <= xi <=      6.00000
Bounds on variable x 6    :      0.00000 <= xi <=      3.00000
Bounds on variable x 7    :      0.00001 <= xi <=      0.00100
---------------------------------------------------------------------------
   15 &      -0.0378049899 &      -0.0110803199 \\\\ 
   41 &      -0.0397492013 &      -0.0108078320 \\\\ 
   75 &      -0.0414280216 &      -0.0106004985 \\\\ 
   95 &      -0.0420049395 &      -0.0106004985 \\\\ 
  113 &      -0.0420556046 &      -0.0104241412 \\\\ 
  179 &      -0.0436959592 &      -0.0101777241 \\\\ 
  209 &      -0.0441202251 &      -0.0101702787 \\\\ 
  227 &      -0.0442719790 &      -0.0101702787 \\\\ 
  243 &      -0.0443379950 &      -0.0101702787 \\\\ 
  257 &      -0.0443526373 &      -0.0101702787 \\\\ 
  315 &      -0.0459759301 &      -0.0101702787 \\\\ 
  335 &      -0.0462564677 &      -0.0100963968 \\\\ 
  353 &      -0.0463939410 &      -0.0100963968 \\\\ 
  375 &      -0.0463999206 &      -0.0100310464 \\\\ 
  389 &      -0.0464020778 &      -0.0099832859 \\\\ 
  407 &      -0.0464035103 &      -0.0098015186 \\\\ 
DIRECT stopped: numfunc >= maxf.
DIRECT Version 2.0.4
 Problem Dimension n                    :      7
 Eps value                              :   0.1000E-03
 Epsilon is constant.
 Maximum number of f-evaluations (maxf) :    400
 Maximum number of iterations (MaxT)    :    200
 Value of f_global                      :  -0.1000+101
 Global percentage wanted               :   0.1000E-01
 Volume percentage wanted               :  -0.1000E+01
 Measure percentage wanted              :  -0.1000E+01
 Jones original DIRECT algorithm is used.
Bounds on variable x 1    :      0.00000 <= xi <=      0.40000
Bounds on variable x 2    :      4.00000 <= xi <=      8.00000
Bounds on variable x 3    :      0.00010 <= xi <=      0.10000
Bounds on variable x 4    :      0.00000 <= xi <=      2.00000
Bounds on variable x 5    :      3.00000 <= xi <=      6.00000
Bounds on variable x 6    :      0.00000 <= xi <=      3.00000
Bounds on variable x 7    :      0.00001 <= xi <=      0.00100
---------------------------------------------------------------------------
   15 &      -0.0385055585 &      -0.0115491055 \\\\ 
   63 &      -0.0385614218 &      -0.0115491055 \\\\ 
   93 &      -0.0385989373 &      -0.0115491055 \\\\ 
  127 &      -0.0386939848 &      -0.0111332684 \\\\ 
  153 &      -0.0392712751 &      -0.0111332684 \\\\ 
  177 &      -0.0394172372 &      -0.0111332684 \\\\ 
  209 &      -0.0394186484 &      -0.0111332684 \\\\ 
  259 &      -0.0400552511 &      -0.0111332684 \\\\ 
  285 &      -0.0404467467 &      -0.0108144249 \\\\ 
  309 &      -0.0405249306 &      -0.0108144249 \\\\ 
  331 &      -0.0405525453 &      -0.0108144249 \\\\ 
  351 &      -0.0405768217 &      -0.0108144249 \\\\ 
  373 &      -0.0405953307 &      -0.0107979752 \\\\ 
  397 &      -0.0405998711 &      -0.0107979752 \\\\ 
  437 &      -0.0412145262 &      -0.0107979752 \\\\ 
DIRECT stopped: numfunc >= maxf.
DIRECT Version 2.0.4
 Problem Dimension n                    :      7
 Eps value                              :   0.1000E-03
 Epsilon is constant.
 Maximum number of f-evaluations (maxf) :    400
 Maximum number of iterations (MaxT)    :    200
 Value of f_global                      :  -0.1000+101
 Global percentage wanted               :   0.1000E-01
 Volume percentage wanted               :  -0.1000E+01
 Measure percentage wanted              :  -0.1000E+01
 Jones original DIRECT algorithm is used.
Bounds on variable x 1    :      0.00000 <= xi <=      0.40000
Bounds on variable x 2    :      4.00000 <= xi <=      8.00000
Bounds on variable x 3    :      0.00010 <= xi <=      0.10000
Bounds on variable x 4    :      0.00000 <= xi <=      2.00000
Bounds on variable x 5    :      3.00000 <= xi <=      6.00000
Bounds on variable x 6    :      0.00000 <= xi <=      3.00000
Bounds on variable x 7    :      0.00001 <= xi <=      0.00100
---------------------------------------------------------------------------
   15 &      -0.0362986750 &      -0.0094159252 \\\\ 
   27 &      -0.0387103499 &      -0.0094159252 \\\\ 
   81 &      -0.0397731147 &      -0.0089951155 \\\\ 
  117 &      -0.0399325743 &      -0.0089951155 \\\\ 
  151 &      -0.0400011474 &      -0.0089951155 \\\\ 
  183 &      -0.0400597124 &      -0.0089951155 \\\\ 
  217 &      -0.0400639363 &      -0.0089951155 \\\\ 
  315 &      -0.0404422880 &      -0.0089563849 \\\\ 
  351 &      -0.0404679820 &      -0.0089563849 \\\\ 
  385 &      -0.0404849738 &      -0.0086885578 \\\\ 
  431 &      -0.0404914390 &      -0.0086885578 \\\\ 
DIRECT stopped: numfunc >= maxf.
DIRECT Version 2.0.4
 Problem Dimension n                    :      7
 Eps value                              :   0.1000E-03
 Epsilon is constant.
 Maximum number of f-evaluations (maxf) :    400
 Maximum number of iterations (MaxT)    :    200
 Value of f_global                      :  -0.1000+101
 Global percentage wanted               :   0.1000E-01
 Volume percentage wanted               :  -0.1000E+01
 Measure percentage wanted              :  -0.1000E+01
 Jones original DIRECT algorithm is used.
Bounds on variable x 1    :      0.00000 <= xi <=      0.40000
Bounds on variable x 2    :      4.00000 <= xi <=      8.00000
Bounds on variable x 3    :      0.00010 <= xi <=      0.10000
Bounds on variable x 4    :      0.00000 <= xi <=      2.00000
Bounds on variable x 5    :      3.00000 <= xi <=      6.00000
Bounds on variable x 6    :      0.00000 <= xi <=      3.00000
Bounds on variable x 7    :      0.00001 <= xi <=      0.00100
---------------------------------------------------------------------------
   15 &      -0.0287562919 &      -0.0047938560 \\\\ 
   27 &      -0.0289994048 &      -0.0047938560 \\\\ 
   81 &      -0.0321990454 &      -0.0047938560 \\\\ 
  111 &      -0.0323674275 &      -0.0047938560 \\\\ 
  139 &      -0.0324393111 &      -0.0047938560 \\\\ 
  171 &      -0.0324420461 &      -0.0047938560 \\\\ 
  247 &      -0.0339381491 &      -0.0045522563 \\\\ 
  273 &      -0.0339620449 &      -0.0045522563 \\\\ 
  297 &      -0.0339855464 &      -0.0045522563 \\\\ 
  319 &      -0.0340062613 &      -0.0045522563 \\\\ 
  357 &      -0.0340193723 &      -0.0045522563 \\\\ 
  437 &      -0.0341078885 &      -0.0045522563 \\\\ 
DIRECT stopped: numfunc >= maxf.
DIRECT Version 2.0.4
 Problem Dimension n                    :      7
 Eps value                              :   0.1000E-03
 Epsilon is constant.
 Maximum number of f-evaluations (maxf) :    400
 Maximum number of iterations (MaxT)    :    200
 Value of f_global                      :  -0.1000+101
 Global percentage wanted               :   0.1000E-01
 Volume percentage wanted               :  -0.1000E+01
 Measure percentage wanted              :  -0.1000E+01
 Jones original DIRECT algorithm is used.
Bounds on variable x 1    :      0.00000 <= xi <=      0.40000
Bounds on variable x 2    :      4.00000 <= xi <=      8.00000
Bounds on variable x 3    :      0.00010 <= xi <=      0.10000
Bounds on variable x 4    :      0.00000 <= xi <=      2.00000
Bounds on variable x 5    :      3.00000 <= xi <=      6.00000
Bounds on variable x 6    :      0.00000 <= xi <=      3.00000
Bounds on variable x 7    :      0.00001 <= xi <=      0.00100
---------------------------------------------------------------------------
   15 &      -0.0158149381 &      -0.0058014237 \\\\ 
   41 &      -0.0158555588 &      -0.0056303637 \\\\ 
   75 &      -0.0158928964 &      -0.0056303637 \\\\ 
  177 &      -0.0176796533 &      -0.0054946645 \\\\ 
  207 &      -0.0184895361 &      -0.0054765489 \\\\ 
  235 &      -0.0184994035 &      -0.0054765489 \\\\ 
  251 &      -0.0185087822 &      -0.0054590731 \\\\ 
  273 &      -0.0185149167 &      -0.0054590731 \\\\ 
  291 &      -0.0185153955 &      -0.0054559884 \\\\ 
  343 &      -0.0190988232 &      -0.0054559884 \\\\ 
  363 &      -0.0191001397 &      -0.0054559884 \\\\ 
  387 &      -0.0191008377 &      -0.0053446617 \\\\ 
  419 &      -0.0191014724 &      -0.0053446617 \\\\ 
DIRECT stopped: numfunc >= maxf.
DIRECT Version 2.0.4
 Problem Dimension n                    :      7
 Eps value                              :   0.1000E-03
 Epsilon is constant.
 Maximum number of f-evaluations (maxf) :    400
 Maximum number of iterations (MaxT)    :    200
 Value of f_global                      :  -0.1000+101
 Global percentage wanted               :   0.1000E-01
 Volume percentage wanted               :  -0.1000E+01
 Measure percentage wanted              :  -0.1000E+01
 Jones original DIRECT algorithm is used.
Bounds on variable x 1    :      0.00000 <= xi <=      0.40000
Bounds on variable x 2    :      4.00000 <= xi <=      8.00000
Bounds on variable x 3    :      0.00010 <= xi <=      0.10000
Bounds on variable x 4    :      0.00000 <= xi <=      2.00000
Bounds on variable x 5    :      3.00000 <= xi <=      6.00000
Bounds on variable x 6    :      0.00000 <= xi <=      3.00000
Bounds on variable x 7    :      0.00001 <= xi <=      0.00100
---------------------------------------------------------------------------
   15 &      -0.0208929410 &      -0.0091462585 \\\\ 
   27 &      -0.0210762261 &      -0.0091462585 \\\\ 
   81 &      -0.0232940437 &      -0.0088030421 \\\\ 
  111 &      -0.0233810782 &      -0.0088030421 \\\\ 
  145 &      -0.0234538584 &      -0.0088030421 \\\\ 
  177 &      -0.0234543503 &      -0.0088030421 \\\\ 
  329 &      -0.0237946559 &      -0.0088030421 \\\\ 
  365 &      -0.0238146502 &      -0.0088030421 \\\\ 
  407 &      -0.0238317181 &      -0.0088030421 \\\\ 
DIRECT stopped: numfunc >= maxf.
DIRECT Version 2.0.4
 Problem Dimension n                    :      7
 Eps value                              :   0.1000E-03
 Epsilon is constant.
 Maximum number of f-evaluations (maxf) :    400
 Maximum number of iterations (MaxT)    :    200
 Value of f_global                      :  -0.1000+101
 Global percentage wanted               :   0.1000E-01
 Volume percentage wanted               :  -0.1000E+01
 Measure percentage wanted              :  -0.1000E+01
 Jones original DIRECT algorithm is used.
Bounds on variable x 1    :      0.00000 <= xi <=      0.40000
Bounds on variable x 2    :      4.00000 <= xi <=      8.00000
Bounds on variable x 3    :      0.00010 <= xi <=      0.10000
Bounds on variable x 4    :      0.00000 <= xi <=      2.00000
Bounds on variable x 5    :      3.00000 <= xi <=      6.00000
Bounds on variable x 6    :      0.00000 <= xi <=      3.00000
Bounds on variable x 7    :      0.00001 <= xi <=      0.00100
---------------------------------------------------------------------------
   15 &      -0.0171406175 &      -0.0026004603 \\\\ 
   63 &      -0.0202722518 &      -0.0026004603 \\\\ 
   85 &      -0.0218461324 &      -0.0026004603 \\\\ 
  113 &      -0.0218602649 &      -0.0025475212 \\\\ 
  185 &      -0.0218668922 &      -0.0025475212 \\\\ 
  225 &      -0.0218709215 &      -0.0025475212 \\\\ 
  253 &      -0.0218721401 &      -0.0025475212 \\\\ 
  427 &      -0.0228705398 &      -0.0024518501 \\\\ 
DIRECT stopped: numfunc >= maxf.
DIRECT Version 2.0.4
 Problem Dimension n                    :      7
 Eps value                              :   0.1000E-03
 Epsilon is constant.
 Maximum number of f-evaluations (maxf) :    400
 Maximum number of iterations (MaxT)    :    200
 Value of f_global                      :  -0.1000+101
 Global percentage wanted               :   0.1000E-01
 Volume percentage wanted               :  -0.1000E+01
 Measure percentage wanted              :  -0.1000E+01
 Jones original DIRECT algorithm is used.
Bounds on variable x 1    :      0.00000 <= xi <=      0.40000
Bounds on variable x 2    :      4.00000 <= xi <=      8.00000
Bounds on variable x 3    :      0.00010 <= xi <=      0.10000
Bounds on variable x 4    :      0.00000 <= xi <=      2.00000
Bounds on variable x 5    :      3.00000 <= xi <=      6.00000
Bounds on variable x 6    :      0.00000 <= xi <=      3.00000
Bounds on variable x 7    :      0.00001 <= xi <=      0.00100
---------------------------------------------------------------------------
   15 &      -0.0143770894 &      -0.0041257674 \\\\ 
   27 &      -0.0178810114 &      -0.0041257674 \\\\ 
   81 &      -0.0179394215 &      -0.0041257674 \\\\ 
  117 &      -0.0179851829 &      -0.0041257674 \\\\ 
  193 &      -0.0179925588 &      -0.0040206349 \\\\ 
  241 &      -0.0179954779 &      -0.0040206349 \\\\ 
  369 &      -0.0189662968 &      -0.0040206349 \\\\ 
  393 &      -0.0189696548 &      -0.0040206349 \\\\ 
  415 &      -0.0189717826 &      -0.0040206349 \\\\ 
DIRECT stopped: numfunc >= maxf.
DIRECT Version 2.0.4
 Problem Dimension n                    :      7
 Eps value                              :   0.1000E-03
 Epsilon is constant.
 Maximum number of f-evaluations (maxf) :    400
 Maximum number of iterations (MaxT)    :    200
 Value of f_global                      :  -0.1000+101
 Global percentage wanted               :   0.1000E-01
 Volume percentage wanted               :  -0.1000E+01
 Measure percentage wanted              :  -0.1000E+01
 Jones original DIRECT algorithm is used.
Bounds on variable x 1    :      0.00000 <= xi <=      0.40000
Bounds on variable x 2    :      4.00000 <= xi <=      8.00000
Bounds on variable x 3    :      0.00010 <= xi <=      0.10000
Bounds on variable x 4    :      0.00000 <= xi <=      2.00000
Bounds on variable x 5    :      3.00000 <= xi <=      6.00000
Bounds on variable x 6    :      0.00000 <= xi <=      3.00000
Bounds on variable x 7    :      0.00001 <= xi <=      0.00100
---------------------------------------------------------------------------
   15 &      -0.0188542920 &      -0.0042846058 \\\\ 
   41 &      -0.0189466979 &      -0.0041130926 \\\\ 
   75 &      -0.0189772466 &      -0.0041130926 \\\\ 
  103 &      -0.0190062869 &      -0.0040588208 \\\\ 
  175 &      -0.0206828189 &      -0.0040297438 \\\\ 
  379 &      -0.0209846237 &      -0.0038944046 \\\\ 
  405 &      -0.0209864718 &      -0.0038944046 \\\\ 
DIRECT stopped: numfunc >= maxf.
DIRECT Version 2.0.4
 Problem Dimension n                    :      7
 Eps value                              :   0.1000E-03
 Epsilon is constant.
 Maximum number of f-evaluations (maxf) :    400
 Maximum number of iterations (MaxT)    :    200
 Value of f_global                      :  -0.1000+101
 Global percentage wanted               :   0.1000E-01
 Volume percentage wanted               :  -0.1000E+01
 Measure percentage wanted              :  -0.1000E+01
 Jones original DIRECT algorithm is used.
Bounds on variable x 1    :      0.00000 <= xi <=      0.40000
Bounds on variable x 2    :      4.00000 <= xi <=      8.00000
Bounds on variable x 3    :      0.00010 <= xi <=      0.10000
Bounds on variable x 4    :      0.00000 <= xi <=      2.00000
Bounds on variable x 5    :      3.00000 <= xi <=      6.00000
Bounds on variable x 6    :      0.00000 <= xi <=      3.00000
Bounds on variable x 7    :      0.00001 <= xi <=      0.00100
---------------------------------------------------------------------------
   15 &      -0.0107482489 &      -0.0047717595 \\\\ 
   27 &      -0.0107607550 &      -0.0043101200 \\\\ 
   49 &      -0.0125636128 &      -0.0041944965 \\\\ 
   91 &      -0.0171930520 &      -0.0041944965 \\\\ 
  121 &      -0.0172155782 &      -0.0041944965 \\\\ 
  147 &      -0.0172301636 &      -0.0041944965 \\\\ 
  231 &      -0.0172368533 &      -0.0041560603 \\\\ 
  275 &      -0.0172419879 &      -0.0041560603 \\\\ 
  317 &      -0.0172453076 &      -0.0041560603 \\\\ 
DIRECT stopped: numfunc >= maxf.
DIRECT Version 2.0.4
 Problem Dimension n                    :      7
 Eps value                              :   0.1000E-03
 Epsilon is constant.
 Maximum number of f-evaluations (maxf) :    400
 Maximum number of iterations (MaxT)    :    200
 Value of f_global                      :  -0.1000+101
 Global percentage wanted               :   0.1000E-01
 Volume percentage wanted               :  -0.1000E+01
 Measure percentage wanted              :  -0.1000E+01
 Jones original DIRECT algorithm is used.
Bounds on variable x 1    :      0.00000 <= xi <=      0.40000
Bounds on variable x 2    :      4.00000 <= xi <=      8.00000
Bounds on variable x 3    :      0.00010 <= xi <=      0.10000
Bounds on variable x 4    :      0.00000 <= xi <=      2.00000
Bounds on variable x 5    :      3.00000 <= xi <=      6.00000
Bounds on variable x 6    :      0.00000 <= xi <=      3.00000
Bounds on variable x 7    :      0.00001 <= xi <=      0.00100
---------------------------------------------------------------------------
   15 &      -0.0139574180 &      -0.0029672734 \\\\ 
   27 &      -0.0155485734 &      -0.0029672734 \\\\ 
   81 &      -0.0174188719 &      -0.0029672734 \\\\ 
  111 &      -0.0174739581 &      -0.0028369891 \\\\ 
  145 &      -0.0174772417 &      -0.0028369891 \\\\ 
  239 &      -0.0176919873 &      -0.0028369891 \\\\ 
  279 &      -0.0177084757 &      -0.0028369891 \\\\ 
  317 &      -0.0177195461 &      -0.0028369891 \\\\ 
  357 &      -0.0177302964 &      -0.0027510631 \\\\ 
  387 &      -0.0177382779 &      -0.0027510631 \\\\ 
  423 &      -0.0177411619 &      -0.0027510631 \\\\ 
DIRECT stopped: numfunc >= maxf.
DIRECT Version 2.0.4
 Problem Dimension n                    :      7
 Eps value                              :   0.1000E-03
 Epsilon is constant.
 Maximum number of f-evaluations (maxf) :    400
 Maximum number of iterations (MaxT)    :    200
 Value of f_global                      :  -0.1000+101
 Global percentage wanted               :   0.1000E-01
 Volume percentage wanted               :  -0.1000E+01
 Measure percentage wanted              :  -0.1000E+01
 Jones original DIRECT algorithm is used.
Bounds on variable x 1    :      0.00000 <= xi <=      0.40000
Bounds on variable x 2    :      4.00000 <= xi <=      8.00000
Bounds on variable x 3    :      0.00010 <= xi <=      0.10000
Bounds on variable x 4    :      0.00000 <= xi <=      2.00000
Bounds on variable x 5    :      3.00000 <= xi <=      6.00000
Bounds on variable x 6    :      0.00000 <= xi <=      3.00000
Bounds on variable x 7    :      0.00001 <= xi <=      0.00100
---------------------------------------------------------------------------
   15 &      -0.0151979609 &      -0.0065236275 \\\\ 
   27 &      -0.0164881107 &      -0.0065236275 \\\\ 
   81 &      -0.0174490126 &      -0.0063976781 \\\\ 
  117 &      -0.0174835503 &      -0.0063667424 \\\\ 
  151 &      -0.0174997548 &      -0.0063667424 \\\\ 
  243 &      -0.0180133014 &      -0.0062653046 \\\\ 
  273 &      -0.0180231695 &      -0.0062653046 \\\\ 
  311 &      -0.0180285091 &      -0.0062653046 \\\\ 
  339 &      -0.0180315675 &      -0.0062653046 \\\\ 
DIRECT stopped: numfunc >= maxf.
DIRECT Version 2.0.4
 Problem Dimension n                    :      7
 Eps value                              :   0.1000E-03
 Epsilon is constant.
 Maximum number of f-evaluations (maxf) :    400
 Maximum number of iterations (MaxT)    :    200
 Value of f_global                      :  -0.1000+101
 Global percentage wanted               :   0.1000E-01
 Volume percentage wanted               :  -0.1000E+01
 Measure percentage wanted              :  -0.1000E+01
 Jones original DIRECT algorithm is used.
Bounds on variable x 1    :      0.00000 <= xi <=      0.40000
Bounds on variable x 2    :      4.00000 <= xi <=      8.00000
Bounds on variable x 3    :      0.00010 <= xi <=      0.10000
Bounds on variable x 4    :      0.00000 <= xi <=      2.00000
Bounds on variable x 5    :      3.00000 <= xi <=      6.00000
Bounds on variable x 6    :      0.00000 <= xi <=      3.00000
Bounds on variable x 7    :      0.00001 <= xi <=      0.00100
---------------------------------------------------------------------------
   15 &      -0.0148729096 &      -0.0062862429 \\\\ 
   89 &      -0.0155429501 &      -0.0060531411 \\\\ 
  111 &      -0.0155497341 &      -0.0060531411 \\\\ 
  139 &      -0.0155547015 &      -0.0060531411 \\\\ 
  261 &      -0.0158748825 &      -0.0059231692 \\\\ 
  281 &      -0.0159894518 &      -0.0059231692 \\\\ 
  299 &      -0.0159913031 &      -0.0059231692 \\\\ 
  315 &      -0.0159927550 &      -0.0059231692 \\\\ 
  337 &      -0.0159937798 &      -0.0059231692 \\\\ 
  355 &      -0.0159946632 &      -0.0059231692 \\\\ 
  375 &      -0.0159947313 &      -0.0059231692 \\\\ 
  409 &      -0.0160207005 &      -0.0059231692 \\\\ 
DIRECT stopped: numfunc >= maxf.
DIRECT Version 2.0.4
 Problem Dimension n                    :      7
 Eps value                              :   0.1000E-03
 Epsilon is constant.
 Maximum number of f-evaluations (maxf) :    400
 Maximum number of iterations (MaxT)    :    200
 Value of f_global                      :  -0.1000+101
 Global percentage wanted               :   0.1000E-01
 Volume percentage wanted               :  -0.1000E+01
 Measure percentage wanted              :  -0.1000E+01
 Jones original DIRECT algorithm is used.
Bounds on variable x 1    :      0.00000 <= xi <=      0.40000
Bounds on variable x 2    :      4.00000 <= xi <=      8.00000
Bounds on variable x 3    :      0.00010 <= xi <=      0.10000
Bounds on variable x 4    :      0.00000 <= xi <=      2.00000
Bounds on variable x 5    :      3.00000 <= xi <=      6.00000
Bounds on variable x 6    :      0.00000 <= xi <=      3.00000
Bounds on variable x 7    :      0.00001 <= xi <=      0.00100
---------------------------------------------------------------------------
   15 &      -0.0119839641 &      -0.0057123875 \\\\ 
   41 &      -0.0120061329 &      -0.0056916444 \\\\ 
   75 &      -0.0120142148 &      -0.0055680655 \\\\ 
  135 &      -0.0120180016 &      -0.0055680655 \\\\ 
  189 &      -0.0120208837 &      -0.0055680655 \\\\ 
  229 &      -0.0120228066 &      -0.0054645468 \\\\ 
  379 &      -0.0123255986 &      -0.0054579209 \\\\ 
  399 &      -0.0125076655 &      -0.0054450036 \\\\ 
  423 &      -0.0125103585 &      -0.0054272783 \\\\ 
DIRECT stopped: numfunc >= maxf.
DIRECT Version 2.0.4
 Problem Dimension n                    :      7
 Eps value                              :   0.1000E-03
 Epsilon is constant.
 Maximum number of f-evaluations (maxf) :    400
 Maximum number of iterations (MaxT)    :    200
 Value of f_global                      :  -0.1000+101
 Global percentage wanted               :   0.1000E-01
 Volume percentage wanted               :  -0.1000E+01
 Measure percentage wanted              :  -0.1000E+01
 Jones original DIRECT algorithm is used.
Bounds on variable x 1    :      0.00000 <= xi <=      0.40000
Bounds on variable x 2    :      4.00000 <= xi <=      8.00000
Bounds on variable x 3    :      0.00010 <= xi <=      0.10000
Bounds on variable x 4    :      0.00000 <= xi <=      2.00000
Bounds on variable x 5    :      3.00000 <= xi <=      6.00000
Bounds on variable x 6    :      0.00000 <= xi <=      3.00000
Bounds on variable x 7    :      0.00001 <= xi <=      0.00100
---------------------------------------------------------------------------
   15 &      -0.0142431200 &      -0.0051023357 \\\\ 
   41 &      -0.0142711326 &      -0.0049259138 \\\\ 
   75 &      -0.0142961234 &      -0.0030588370 \\\\ 
  153 &      -0.0143017564 &      -0.0030588370 \\\\ 
  197 &      -0.0143044320 &      -0.0030588370 \\\\ 
  357 &      -0.0145206909 &      -0.0021223142 \\\\ 
  383 &      -0.0145215307 &      -0.0017951306 \\\\ 
  407 &      -0.0145223744 &      -0.0017951306 \\\\ 
DIRECT stopped: numfunc >= maxf.
DIRECT Version 2.0.4
 Problem Dimension n                    :      7
 Eps value                              :   0.1000E-03
 Epsilon is constant.
 Maximum number of f-evaluations (maxf) :    400
 Maximum number of iterations (MaxT)    :    200
 Value of f_global                      :  -0.1000+101
 Global percentage wanted               :   0.1000E-01
 Volume percentage wanted               :  -0.1000E+01
 Measure percentage wanted              :  -0.1000E+01
 Jones original DIRECT algorithm is used.
Bounds on variable x 1    :      0.00000 <= xi <=      0.40000
Bounds on variable x 2    :      4.00000 <= xi <=      8.00000
Bounds on variable x 3    :      0.00010 <= xi <=      0.10000
Bounds on variable x 4    :      0.00000 <= xi <=      2.00000
Bounds on variable x 5    :      3.00000 <= xi <=      6.00000
Bounds on variable x 6    :      0.00000 <= xi <=      3.00000
Bounds on variable x 7    :      0.00001 <= xi <=      0.00100
---------------------------------------------------------------------------
   15 &      -0.0151168071 &      -0.0073219153 \\\\ 
   63 &      -0.0151972894 &      -0.0070240847 \\\\ 
   85 &      -0.0152199806 &      -0.0070240847 \\\\ 
  153 &      -0.0152340364 &      -0.0070240847 \\\\ 
  197 &      -0.0152500909 &      -0.0068909172 \\\\ 
  247 &      -0.0152549246 &      -0.0062402322 \\\\ 
  293 &      -0.0152582382 &      -0.0062402322 \\\\ 
  319 &      -0.0152599559 &      -0.0062402322 \\\\ 
  345 &      -0.0152622165 &      -0.0062402322 \\\\ 
  421 &      -0.0162095914 &      -0.0062402322 \\\\ 
DIRECT stopped: numfunc >= maxf.
DIRECT Version 2.0.4
 Problem Dimension n                    :      7
 Eps value                              :   0.1000E-03
 Epsilon is constant.
 Maximum number of f-evaluations (maxf) :    400
 Maximum number of iterations (MaxT)    :    200
 Value of f_global                      :  -0.1000+101
 Global percentage wanted               :   0.1000E-01
 Volume percentage wanted               :  -0.1000E+01
 Measure percentage wanted              :  -0.1000E+01
 Jones original DIRECT algorithm is used.
Bounds on variable x 1    :      0.00000 <= xi <=      0.40000
Bounds on variable x 2    :      4.00000 <= xi <=      8.00000
Bounds on variable x 3    :      0.00010 <= xi <=      0.10000
Bounds on variable x 4    :      0.00000 <= xi <=      2.00000
Bounds on variable x 5    :      3.00000 <= xi <=      6.00000
Bounds on variable x 6    :      0.00000 <= xi <=      3.00000
Bounds on variable x 7    :      0.00001 <= xi <=      0.00100
---------------------------------------------------------------------------
   15 &      -0.0178729485 &      -0.0038493455 \\\\ 
   63 &      -0.0218821684 &      -0.0038493455 \\\\ 
   85 &      -0.0218965000 &      -0.0038493455 \\\\ 
  189 &      -0.0227604368 &      -0.0037557652 \\\\ 
  227 &      -0.0228913665 &      -0.0037557652 \\\\ 
  253 &      -0.0229009051 &      -0.0037557652 \\\\ 
  277 &      -0.0229069235 &      -0.0037557652 \\\\ 
  321 &      -0.0229108383 &      -0.0037512961 \\\\ 
config {'drop_path_prob': 0.05001692829452364, 'grad_clip_value': 8, 'initial_lr': 0.00018606192447967088, 'lr_scheduler': 'Cosine', 'n_conv_layers': 6, 'optimizer': 'adam', 'weight_decay': 1.0036871953186636e-05}
24 24 8
24 32 8
32 32 16
32 64 16
64 64 32
64 128 32
Training size= 48000
config {'drop_path_prob': 0.08913306810502601, 'grad_clip_value': 8, 'initial_lr': 0.00011220573176299304, 'lr_scheduler': 'Cosine', 'n_conv_layers': 6, 'weight_decay': 1.001804413578187e-05}
config {'drop_path_prob': 0.13588407208382391, 'grad_clip_value': 8, 'initial_lr': 0.0001416385333374597, 'lr_scheduler': 'Exponential', 'n_conv_layers': 6, 'optimizer': 'adad', 'weight_decay': 1.0009155127975876e-05}
24 24 8
24 32 8
32 32 16
32 64 16
64 64 32
64 128 32
Training size= 48000
config {'drop_path_prob': 0.05037037037037038, 'grad_clip_value': 8, 'initial_lr': 0.00012757042430133398, 'n_conv_layers': 6, 'optimizer': 'sgd', 'weight_decay': 1.0008062296110608e-05}
config {'drop_path_prob': 0.026666666666666672, 'grad_clip_value': 8, 'initial_lr': 0.00011815442744023027, 'lr_scheduler': 'Exponential', 'n_conv_layers': 6, 'optimizer': 'sgd', 'weight_decay': 1.0016515482894514e-05}
24 24 8
24 32 8
32 32 16
32 64 16
64 64 32
64 128 32
Training size= 48000
config {'drop_path_prob': 0.020740740740740747, 'grad_clip_value': 8, 'initial_lr': 0.00017633966036742282, 'lr_scheduler': 'Cosine', 'n_conv_layers': 6, 'optimizer': 'sgd', 'weight_decay': 1.0021590821721555e-05}
24 24 8
24 32 8
32 32 16
32 64 16
64 64 32
64 128 32
Training size= 48000
config {'drop_path_prob': 0.08000000000000002, 'grad_clip_value': 8, 'initial_lr': 0.00013087298256613585, 'lr_scheduler': 'Cosine', 'n_conv_layers': 6, 'optimizer': 'adad', 'weight_decay': 1.0021026768213527e-05}
24 24 8
24 32 8
32 32 16
32 64 16
64 64 32
64 128 32
Training size= 48000
config {'drop_path_prob': 0.052345679012345686, 'grad_clip_value': 8, 'initial_lr': 0.0001525632739735971, 'lr_scheduler': 'Cosine', 'n_conv_layers': 6, 'optimizer': 'sgd', 'weight_decay': 1.0023283172746057e-05}
24 24 8
24 32 8
32 32 16
32 64 16
64 64 32
64 128 32
Training size= 48000
config {'drop_path_prob': 0.08000000000000002, 'grad_clip_value': 8, 'initial_lr': 0.00011226645259802363, 'n_conv_layers': 6, 'optimizer': 'sgd', 'weight_decay': 1.0028361940741568e-05}
config {'drop_path_prob': 0.05037037037037038, 'grad_clip_value': 8, 'initial_lr': 0.00014745177334171797, 'lr_scheduler': 'Exponential', 'n_conv_layers': 6, 'optimizer': 'adad', 'weight_decay': 1.0026668732207798e-05}
24 24 8
24 32 8
32 32 16
32 64 16
64 64 32
64 128 32
Training size= 48000
config {'drop_path_prob': 0.1511111111111111, 'grad_clip_value': 8, 'initial_lr': 0.00018245257623791927, 'lr_scheduler': 'Cosine', 'n_conv_layers': 6, 'optimizer': 'adad', 'weight_decay': 1.0033443282133829e-05}
24 24 8
24 32 8
32 32 16
32 64 16
64 64 32
64 128 32
Training size= 48000
config {'drop_path_prob': 0.07407407407407408, 'grad_clip_value': 8, 'initial_lr': 0.00018245257623791927, 'lr_scheduler': 'Exponential', 'n_conv_layers': 6, 'optimizer': 'sgd', 'weight_decay': 1.0009752362566264e-05}
24 24 8
24 32 8
32 32 16
32 64 16
64 64 32
64 128 32
Training size= 48000
config {'drop_path_prob': 0.08592592592592592, 'grad_clip_value': 8, 'initial_lr': 0.00014010382751620943, 'lr_scheduler': 'Cosine', 'n_conv_layers': 6, 'optimizer': 'sgd', 'weight_decay': 1.002046274645259e-05}
24 24 8
24 32 8
32 32 16
32 64 16
64 64 32
64 128 32
Training size= 48000
config {'drop_path_prob': 0.07407407407407408, 'grad_clip_value': 8, 'initial_lr': 0.00014871336476019533, 'lr_scheduler': 'Cosine', 'n_conv_layers': 6, 'optimizer': 'adad', 'weight_decay': 1.0026668732207798e-05}
24 24 8
24 32 8
32 32 16
32 64 16
64 64 32
64 128 32
Training size= 48000
config {'drop_path_prob': 0.10962962962962963, 'grad_clip_value': 8, 'initial_lr': 0.00012757042430133398, 'lr_scheduler': 'Exponential', 'n_conv_layers': 6, 'optimizer': 'sgd', 'weight_decay': 1.0014824274540199e-05}
24 24 8
24 32 8
32 32 16
32 64 16
64 64 32
64 128 32
Training size= 48000
config {'drop_path_prob': 0.09975308641975311, 'grad_clip_value': 8, 'initial_lr': 0.00015518509270634955, 'lr_scheduler': 'Exponential', 'n_conv_layers': 6, 'optimizer': 'adad', 'weight_decay': 1.0028361940741568e-05}
24 24 8
24 32 8
32 32 16
32 64 16
64 64 32
64 128 32
Training size= 48000
config {'drop_path_prob': 0.08000000000000002, 'grad_clip_value': 8, 'initial_lr': 0.0001525632739735971, 'lr_scheduler': 'Cosine', 'n_conv_layers': 6, 'optimizer': 'sgd', 'weight_decay': 1.0028361940741568e-05}
24 24 8
24 32 8
32 32 16
32 64 16
64 64 32
64 128 32
Training size= 48000
config {'drop_path_prob': 0.07407407407407408, 'grad_clip_value': 8, 'initial_lr': 0.00015126902232694633, 'lr_scheduler': 'Cosine', 'n_conv_layers': 6, 'optimizer': 'sgd', 'weight_decay': 1.0015951715045991e-05}
24 24 8
24 32 8
32 32 16
32 64 16
64 64 32
64 128 32
Training size= 48000
config {'drop_path_prob': 0.06814814814814817, 'grad_clip_value': 8, 'initial_lr': 0.00014871336476019533, 'lr_scheduler': 'Cosine', 'n_conv_layers': 6, 'optimizer': 'sgd', 'weight_decay': 1.0018206976844024e-05}
24 24 8
24 32 8
32 32 16
32 64 16
64 64 32
64 128 32
Training size= 48000
config {'drop_path_prob': 0.09185185185185188, 'grad_clip_value': 8, 'initial_lr': 0.00013087298256613585, 'lr_scheduler': 'Cosine', 'n_conv_layers': 6, 'optimizer': 'sgd', 'weight_decay': 1.0018206976844024e-05}
24 24 8
24 32 8
32 32 16
32 64 16
64 64 32
64 128 32
Training size= 48000
config {'drop_path_prob': 0.08592592592592592, 'grad_clip_value': 8, 'initial_lr': 0.0001525632739735971, 'n_conv_layers': 6, 'optimizer': 'adam', 'weight_decay': 1.0028361940741568e-05}
config {'drop_path_prob': 0.0839506172839506, 'grad_clip_value': 8, 'initial_lr': 0.00014010382751620943, 'lr_scheduler': 'Cosine', 'n_conv_layers': 6, 'optimizer': 'sgd', 'weight_decay': 1.0018206976844024e-05}
24 24 8
24 32 8
32 32 16
32 64 16
64 64 32
64 128 32
Training size= 48000
config {'drop_path_prob': 0.08000000000000002, 'grad_clip_value': 8, 'initial_lr': 0.00013773680351212295, 'lr_scheduler': 'Cosine', 'n_conv_layers': 6, 'optimizer': 'adad', 'weight_decay': 1.0021590821721555e-05}
24 24 8
24 32 8
32 32 16
32 64 16
64 64 32
64 128 32
Training size= 48000
config {'drop_path_prob': 0.0780246913580247, 'grad_clip_value': 8, 'initial_lr': 0.00012648819640063654, 'lr_scheduler': 'Cosine', 'n_conv_layers': 6, 'optimizer': 'sgd', 'weight_decay': 1.0023283172746057e-05}
24 24 8
24 32 8
32 32 16
32 64 16
64 64 32
64 128 32
Training size= 48000
config {'drop_path_prob': 0.09185185185185188, 'grad_clip_value': 8, 'initial_lr': 0.00013773680351212295, 'lr_scheduler': 'Cosine', 'n_conv_layers': 6, 'optimizer': 'adad', 'weight_decay': 1.001989875643696e-05}
24 24 8
24 32 8
32 32 16
32 64 16
64 64 32
64 128 32
Training size= 48000
config {'drop_path_prob': 0.06222222222222223, 'grad_clip_value': 8, 'initial_lr': 0.0001525632739735971, 'lr_scheduler': 'Exponential', 'n_conv_layers': 6, 'optimizer': 'adad', 'weight_decay': 1.0024975809558717e-05}
24 24 8
24 32 8
32 32 16
32 64 16
64 64 32
64 128 32
Training size= 48000
config {'drop_path_prob': 0.06814814814814817, 'grad_clip_value': 8, 'initial_lr': 0.00013426103785073816, 'lr_scheduler': 'Exponential', 'n_conv_layers': 6, 'optimizer': 'adad', 'weight_decay': 1.0021590821721555e-05}
24 24 8
24 32 8
32 32 16
32 64 16
64 64 32
64 128 32
Training size= 48000
config {'drop_path_prob': 0.08790123456790125, 'grad_clip_value': 8, 'initial_lr': 0.00015126902232694633, 'lr_scheduler': 'Cosine', 'n_conv_layers': 6, 'optimizer': 'sgd', 'weight_decay': 1.001989875643696e-05}
24 24 8
24 32 8
32 32 16
32 64 16
64 64 32
64 128 32
Training size= 48000
config {'drop_path_prob': 0.10962962962962963, 'grad_clip_value': 8, 'initial_lr': 0.00014130255020692011, 'lr_scheduler': 'Cosine', 'n_conv_layers': 6, 'optimizer': 'adam', 'weight_decay': 1.0018206976844024e-05}
24 24 8
24 32 8
32 32 16
32 64 16
64 64 32
64 128 32
Training size= 48000
config {'drop_path_prob': 0.07407407407407408, 'grad_clip_value': 8, 'initial_lr': 0.00014130255020692011, 'lr_scheduler': 'Cosine', 'n_conv_layers': 6, 'optimizer': 'sgd', 'weight_decay': 1.001989875643696e-05}
24 24 8
24 32 8
32 32 16
32 64 16
64 64 32
64 128 32
Training size= 48000
config {'drop_path_prob': 0.0780246913580247, 'grad_clip_value': 8, 'initial_lr': 0.0001525632739735971, 'n_conv_layers': 6, 'optimizer': 'sgd', 'weight_decay': 1.0018206976844024e-05}
config {'drop_path_prob': 0.06222222222222223, 'grad_clip_value': 8, 'initial_lr': 0.0001525632739735971, 'lr_scheduler': 'Cosine', 'n_conv_layers': 6, 'optimizer': 'adad', 'weight_decay': 1.0023283172746057e-05}
24 24 8
24 32 8
32 32 16
32 64 16
64 64 32
64 128 32
Training size= 48000
config {'drop_path_prob': 0.06222222222222223, 'grad_clip_value': 8, 'initial_lr': 0.0001449606073747883, 'lr_scheduler': 'Exponential', 'n_conv_layers': 6, 'optimizer': 'adad', 'weight_decay': 1.0021590821721555e-05}
24 24 8
24 32 8
32 32 16
32 64 16
64 64 32
64 128 32
Training size= 48000
config {'drop_path_prob': 0.08592592592592592, 'grad_clip_value': 8, 'initial_lr': 0.00013773680351212295, 'lr_scheduler': 'Exponential', 'n_conv_layers': 6, 'optimizer': 'sgd', 'weight_decay': 1.0026668732207798e-05}
24 24 8
24 32 8
32 32 16
32 64 16
64 64 32
64 128 32
Training size= 48000
config {'drop_path_prob': 0.08000000000000002, 'grad_clip_value': 8, 'initial_lr': 0.00013426103785073816, 'lr_scheduler': 'Cosine', 'n_conv_layers': 6, 'optimizer': 'adam', 'weight_decay': 1.0021590821721555e-05}
24 24 8
24 32 8
32 32 16
32 64 16
64 64 32
64 128 32
Training size= 48000
config {'drop_path_prob': 0.08197530864197533, 'grad_clip_value': 8, 'initial_lr': 0.00014251152912056727, 'lr_scheduler': 'Cosine', 'n_conv_layers': 6, 'optimizer': 'sgd', 'weight_decay': 1.0021026768213527e-05}
24 24 8
24 32 8
32 32 16
32 64 16
64 64 32
64 128 32
Training size= 48000
config {'drop_path_prob': 0.08592592592592592, 'grad_clip_value': 8, 'initial_lr': 0.00013087298256613585, 'lr_scheduler': 'Cosine', 'n_conv_layers': 6, 'optimizer': 'sgd', 'weight_decay': 1.001989875643696e-05}
24 24 8
24 32 8
32 32 16
32 64 16
64 64 32
64 128 32
Training size= 48000
config {'drop_path_prob': 0.08197530864197533, 'grad_clip_value': 8, 'initial_lr': 0.0001365683303920399, 'lr_scheduler': 'Cosine', 'n_conv_layers': 6, 'optimizer': 'adad', 'weight_decay': 1.0026668732207798e-05}
24 24 8
24 32 8
32 32 16
32 64 16
64 64 32
64 128 32
Training size= 48000
config {'drop_path_prob': 0.08592592592592592, 'grad_clip_value': 8, 'initial_lr': 0.00013773680351212295, 'lr_scheduler': 'Cosine', 'n_conv_layers': 6, 'optimizer': 'sgd', 'weight_decay': 1.0024975809558717e-05}
24 24 8
24 32 8
32 32 16
32 64 16
64 64 32
64 128 32
Training size= 48000
config {'drop_path_prob': 0.08000000000000002, 'grad_clip_value': 8, 'initial_lr': 0.00013773680351212295, 'lr_scheduler': 'Exponential', 'n_conv_layers': 6, 'optimizer': 'sgd', 'weight_decay': 1.001989875643696e-05}
24 24 8
24 32 8
32 32 16
32 64 16
64 64 32
64 128 32
Training size= 48000
{'drop_path_prob': 0.05001692829452364, 'grad_clip_value': 8, 'initial_lr': 0.00018606192447967088, 'lr_scheduler': 'Cosine', 'n_conv_layers': 6, 'optimizer': 'adam', 'weight_decay': 1.0036871953186636e-05}
24 24 8
24 32 8
32 32 16
32 64 16
64 64 32
64 128 32
  413 &      -0.0238541183 &      -0.0037325595 \\\\ 
DIRECT stopped: numfunc >= maxf.
