INFO:root:gpu device = cuda:0
/home/rkohli/anaconda3/lib/python3.7/site-packages/torch/optim/lr_scheduler.py:82: UserWarning: Detected call of `lr_scheduler.step()` before `optimizer.step()`. In PyTorch 1.1.0 and later, you should call them in the opposite order: `optimizer.step()` before `lr_scheduler.step()`.  Failure to do this will result in PyTorch skipping the first value of the learning rate schedule.See more details at https://pytorch.org/docs/stable/optim.html#how-to-adjust-learning-rate
  "https://pytorch.org/docs/stable/optim.html#how-to-adjust-learning-rate", UserWarning)
INFO:root:epoch 0 lr 1.987688e-02
/home/rkohli/aml-project/src/train.py:131: UserWarning: torch.nn.utils.clip_grad_norm is now deprecated in favor of torch.nn.utils.clip_grad_norm_.
  nn.utils.clip_grad_norm(model.parameters(), grad_clip)
INFO:root:train 000 4.750900e+00 1.562500 10.937500
INFO:root:train 050 3.249336e+00 21.200980 43.658088
INFO:root:train 100 2.800888e+00 32.085396 56.961634
INFO:root:train 150 2.486205e+00 39.662666 64.228063
INFO:root:train 200 2.270061e+00 44.783893 68.812189
INFO:root:train 250 2.102457e+00 48.860807 72.142679
INFO:root:train 300 1.975467e+00 52.003738 74.548380
INFO:root:train 350 1.868409e+00 54.509437 76.424501
INFO:root:train 400 1.772932e+00 56.721478 78.050966
INFO:root:train 450 1.685608e+00 58.799889 79.514274
INFO:root:train 500 1.613724e+00 60.441617 80.735404
INFO:root:train 550 1.557940e+00 61.737182 81.678199
INFO:root:train 600 1.504155e+00 63.027766 82.534318
INFO:root:train 650 1.448990e+00 64.410522 83.366935
INFO:root:train 700 1.408526e+00 65.446683 84.020596
INFO:root:train 750 1.366604e+00 66.430176 84.674601
INFO:root:train 800 1.331003e+00 67.224563 85.231351
INFO:root:train 850 1.294571e+00 68.109210 85.746548
INFO:root:train 900 1.262813e+00 68.880064 86.209767
INFO:root:train 950 1.232535e+00 69.607650 86.637421
INFO:root:train 1000 1.206611e+00 70.206356 87.036401
INFO:root:train 1050 1.180203e+00 70.844731 87.436073
INFO:root:train 1100 1.154604e+00 71.430802 87.799444
INFO:root:train 1150 1.131692e+00 72.003964 88.129887
INFO:root:train 1200 1.111106e+00 72.470858 88.428913
INFO:root:train 1250 1.088104e+00 73.031575 88.750250
INFO:root:train 1300 1.069142e+00 73.480736 89.004852
INFO:root:train 1350 1.051245e+00 73.911686 89.267209
INFO:root:train 1400 1.034949e+00 74.301838 89.487420
INFO:root:train 1450 1.019014e+00 74.666178 89.710760
INFO:root:train 1500 1.003353e+00 75.021860 89.933794
INFO:root:train 1550 9.886041e-01 75.374758 90.138419
INFO:root:train 1600 9.752946e-01 75.682191 90.329286
INFO:root:train 1650 9.619242e-01 76.012644 90.497237
INFO:root:train 1700 9.488809e-01 76.328263 90.676440
INFO:root:train 1750 9.371974e-01 76.587486 90.838271
INFO:root:train 1800 9.254336e-01 76.868753 90.990248
INFO:root:train 1850 9.148917e-01 77.135670 91.136548
INFO:root:train 1900 9.056927e-01 77.358134 91.271042
INFO:root:train 1950 8.952505e-01 77.612442 91.409053
INFO:root:train 2000 8.858735e-01 77.847795 91.522208
INFO:root:train 2050 8.758903e-01 78.081576 91.659556
INFO:root:train 2100 8.659385e-01 78.314642 91.792599
INFO:root:train 2150 8.569385e-01 78.538325 91.904202
INFO:root:train 2200 8.476310e-01 78.744037 92.024932
INFO:root:train 2250 8.392514e-01 78.953104 92.138910
INFO:root:train 2300 8.306013e-01 79.161234 92.249294
INFO:root:train 2350 8.222977e-01 79.370481 92.353653
INFO:root:train 2400 8.152482e-01 79.546283 92.450411
INFO:root:train 2450 8.083761e-01 79.707900 92.538122
INFO:root:train 2500 8.013170e-01 79.899290 92.632947
INFO:root:train 2550 7.942325e-01 80.066641 92.722829
INFO:root:train 2600 7.872855e-01 80.245579 92.809256
INFO:root:train 2650 7.811713e-01 80.398317 92.886529
INFO:root:train 2700 7.744580e-01 80.562755 92.973667
INFO:root:train 2750 7.682140e-01 80.717239 93.047415
INFO:root:train 2800 7.622067e-01 80.878481 93.126897
INFO:root:train 2850 7.570331e-01 81.014337 93.190986
INFO:root:train 2900 7.503826e-01 81.185367 93.268485
INFO:root:train 2950 7.447495e-01 81.334188 93.332239
INFO:root:train 3000 7.389870e-01 81.468156 93.407927
INFO:root:train 3050 7.334435e-01 81.601319 93.476524
INFO:root:train 3100 7.276626e-01 81.743288 93.546941
INFO:root:train 3150 7.219575e-01 81.890670 93.610163
INFO:root:train 3200 7.176702e-01 82.001718 93.658720
INFO:root:train 3250 7.127884e-01 82.132901 93.715395
INFO:root:train 3300 7.086214e-01 82.240704 93.768460
INFO:root:train 3350 7.038605e-01 82.358811 93.825071
INFO:root:train 3400 6.993440e-01 82.481256 93.874504
INFO:root:train 3450 6.948841e-01 82.587927 93.930201
INFO:root:train 3500 6.907202e-01 82.696015 93.980738
INFO:root:train 3550 6.864318e-01 82.793579 94.032051
INFO:root:train 3600 6.824771e-01 82.894942 94.076732
INFO:root:train_acc 82.949239
INFO:root:valid 000 7.535885e-01 82.812500 92.187500
INFO:root:valid 050 7.261891e-01 83.057598 94.362745
INFO:root:valid 100 6.908119e-01 83.771658 94.616337
INFO:root:valid 150 6.840362e-01 83.826573 94.681291
INFO:root:valid 200 6.769432e-01 83.877488 94.698383
INFO:root:valid 250 6.872746e-01 83.646663 94.577938
INFO:root:valid 300 6.878707e-01 83.643065 94.585756
INFO:root:valid 350 6.904942e-01 83.640491 94.520121
INFO:root:valid 400 6.929249e-01 83.619077 94.509819
INFO:root:valid 450 6.963954e-01 83.550443 94.456763
INFO:root:valid 500 6.960049e-01 83.511103 94.442365
INFO:root:valid 550 6.960088e-01 83.524274 94.410730
INFO:root:valid 600 6.986402e-01 83.524854 94.363561
INFO:root:test_acc 83.521415
INFO:root:epoch 1 lr 1.951057e-02
INFO:root:train 000 3.035740e-01 93.750000 98.437500
INFO:root:train 050 3.639719e-01 90.686275 97.855392
INFO:root:train 100 3.574832e-01 90.841584 98.112624
INFO:root:train 150 3.584823e-01 90.821606 98.054636
INFO:root:train 200 3.603191e-01 90.757152 97.971082
INFO:root:train 250 3.582987e-01 90.799303 97.939492
INFO:root:train 300 3.619450e-01 90.801495 97.830150
INFO:root:train 350 3.625746e-01 90.691774 97.805377
INFO:root:train 400 3.607636e-01 90.780860 97.856920
INFO:root:train 450 3.589639e-01 90.815549 97.890105
INFO:root:train 500 3.594961e-01 90.799651 97.888598
INFO:root:train 550 3.616351e-01 90.724251 97.876021
INFO:root:train 600 3.625532e-01 90.682196 97.865537
INFO:root:train 650 3.601587e-01 90.761809 97.880664
INFO:root:train 700 3.615585e-01 90.731990 97.871345
INFO:root:train 750 3.633169e-01 90.695739 97.865346
INFO:root:train 800 3.637900e-01 90.664014 97.871801
INFO:root:train 850 3.644501e-01 90.663558 97.860972
INFO:root:train 900 3.655456e-01 90.647544 97.837472
INFO:root:train 950 3.663927e-01 90.629929 97.837802
INFO:root:train 1000 3.650637e-01 90.670267 97.841221
INFO:root:train 1050 3.651753e-01 90.644327 97.845802
INFO:root:train 1100 3.660784e-01 90.639192 97.827259
INFO:root:train 1150 3.646952e-01 90.679301 97.841551
INFO:root:train 1200 3.644595e-01 90.677040 97.835137
INFO:root:train 1250 3.641353e-01 90.678707 97.841727
INFO:root:train 1300 3.630539e-01 90.709070 97.840603
INFO:root:train 1350 3.613494e-01 90.734872 97.859225
INFO:root:train 1400 3.603604e-01 90.775562 97.859788
INFO:root:train 1450 3.603716e-01 90.796218 97.859235
INFO:root:train 1500 3.602602e-01 90.782187 97.868088
INFO:root:train 1550 3.601409e-01 90.783164 97.870326
INFO:root:train 1600 3.599133e-01 90.790912 97.874375
INFO:root:train 1650 3.593857e-01 90.821850 97.870609
INFO:root:train 1700 3.594366e-01 90.829843 97.863389
INFO:root:train 1750 3.584507e-01 90.857010 97.869967
INFO:root:train 1800 3.584900e-01 90.868788 97.872710
INFO:root:train 1850 3.574234e-01 90.900189 97.880369
INFO:root:train 1900 3.564649e-01 90.934870 97.889269
INFO:root:train 1950 3.550894e-01 90.965370 97.901717
INFO:root:train 2000 3.548221e-01 90.970921 97.908858
INFO:root:train 2050 3.543993e-01 90.992961 97.911080
INFO:root:train 2100 3.544237e-01 90.984204 97.916915
INFO:root:train 2150 3.536907e-01 91.007816 97.921025
INFO:root:train 2200 3.529535e-01 91.016867 97.920689
INFO:root:train 2250 3.519500e-01 91.036623 97.932169
INFO:root:train 2300 3.515484e-01 91.046013 97.932285
INFO:root:train 2350 3.509950e-01 91.048357 97.938377
INFO:root:train 2400 3.514953e-01 91.041493 97.938359
INFO:root:train 2450 3.513109e-01 91.034272 97.942166
INFO:root:train 2500 3.510070e-01 91.039209 97.949570
INFO:root:train 2550 3.504358e-01 91.054978 97.953621
INFO:root:train 2600 3.493315e-01 91.077350 97.958117
INFO:root:train 2650 3.491683e-01 91.076481 97.961265
INFO:root:train 2700 3.483702e-01 91.095312 97.966610
INFO:root:train 2750 3.490411e-01 91.091308 97.958697
INFO:root:train 2800 3.486419e-01 91.103066 97.965570
INFO:root:train 2850 3.483228e-01 91.112219 97.961790
INFO:root:train 2900 3.480694e-01 91.107054 97.965141
INFO:root:train 2950 3.475603e-01 91.122713 97.968909
INFO:root:train 3000 3.465450e-01 91.148784 97.976195
INFO:root:train 3050 3.463483e-01 91.157100 97.973513
INFO:root:train 3100 3.456856e-01 91.176737 97.977467
INFO:root:train 3150 3.447318e-01 91.199718 97.981296
INFO:root:train 3200 3.448396e-01 91.204409 97.978659
INFO:root:train 3250 3.443709e-01 91.231544 97.981871
INFO:root:train 3300 3.440430e-01 91.237030 97.984039
INFO:root:train 3350 3.439137e-01 91.245151 97.987075
INFO:root:train 3400 3.435942e-01 91.253492 97.989102
INFO:root:train 3450 3.429706e-01 91.275174 97.994694
INFO:root:train 3500 3.427297e-01 91.285079 97.995216
INFO:root:train 3550 3.421711e-01 91.297346 97.999683
INFO:root:train 3600 3.417973e-01 91.306234 97.997518
INFO:root:train_acc 91.311945
INFO:root:valid 000 4.885150e-01 89.062500 95.312500
INFO:root:valid 050 5.905482e-01 86.151961 95.955882
INFO:root:valid 100 5.599240e-01 86.680074 96.116955
INFO:root:valid 150 5.410916e-01 86.827401 96.305877
INFO:root:valid 200 5.318783e-01 86.847015 96.416356
INFO:root:valid 250 5.395545e-01 86.759213 96.296066
INFO:root:valid 300 5.400623e-01 86.773256 96.314369
INFO:root:valid 350 5.452617e-01 86.769943 96.202813
INFO:root:valid 400 5.480326e-01 86.709009 96.181421
INFO:root:valid 450 5.583492e-01 86.550721 96.081624
INFO:root:valid 500 5.580703e-01 86.570609 96.085953
INFO:root:valid 550 5.581325e-01 86.564201 96.046960
INFO:root:valid 600 5.598033e-01 86.496464 96.040453
INFO:root:test_acc 86.489221
INFO:root:epoch 2 lr 1.891007e-02
INFO:root:train 000 2.539006e-01 89.062500 98.437500
INFO:root:train 050 2.844065e-01 92.861520 98.590686
INFO:root:train 100 2.722883e-01 92.945545 98.731436
INFO:root:train 150 2.772989e-01 92.611755 98.613411
INFO:root:train 200 2.771443e-01 92.669465 98.624067
INFO:root:train 250 2.771115e-01 92.741534 98.574452
INFO:root:train 300 2.789336e-01 92.685839 98.546512
INFO:root:train 350 2.810456e-01 92.614850 98.535434
INFO:root:train 400 2.844191e-01 92.584944 98.492051
INFO:root:train 450 2.848099e-01 92.630959 98.486003
INFO:root:train 500 2.875297e-01 92.549276 98.478044
INFO:root:train 550 2.899189e-01 92.454061 98.457350
INFO:root:train 600 2.895840e-01 92.483881 98.429700
INFO:root:train 650 2.915956e-01 92.439516 98.406298
INFO:root:train 700 2.893877e-01 92.499554 98.430813
INFO:root:train 750 2.874700e-01 92.505826 98.449983
INFO:root:train 800 2.891528e-01 92.487906 98.433599
INFO:root:train 850 2.893844e-01 92.486780 98.430156
INFO:root:train 900 2.902369e-01 92.494451 98.423627
INFO:root:train 950 2.894050e-01 92.496385 98.427642
INFO:root:train 1000 2.876019e-01 92.524663 98.429695
INFO:root:train 1050 2.877857e-01 92.484836 98.428580
INFO:root:train 1100 2.864051e-01 92.528099 98.437500
INFO:root:train 1150 2.852126e-01 92.540454 98.447003
INFO:root:train 1200 2.853315e-01 92.534867 98.446607
INFO:root:train 1250 2.852325e-01 92.518485 98.456235
INFO:root:train 1300 2.863251e-01 92.497358 98.461520
INFO:root:train 1350 2.874048e-01 92.488203 98.456005
INFO:root:train 1400 2.860725e-01 92.515391 98.464267
INFO:root:train 1450 2.861585e-01 92.515937 98.464421
INFO:root:train 1500 2.865307e-01 92.515406 98.453115
INFO:root:train 1550 2.874692e-01 92.504836 98.439515
INFO:root:train 1600 2.881293e-01 92.505661 98.434572
INFO:root:train 1650 2.876151e-01 92.518739 98.442232
INFO:root:train 1700 2.874325e-01 92.524618 98.444849
INFO:root:train 1750 2.874285e-01 92.529269 98.440177
INFO:root:train 1800 2.868492e-01 92.549278 98.442705
INFO:root:train 1850 2.863197e-01 92.563142 98.447630
INFO:root:train 1900 2.866680e-01 92.541754 98.451473
INFO:root:train 1950 2.876790e-01 92.532676 98.441504
INFO:root:train 2000 2.875904e-01 92.543572 98.445309
INFO:root:train 2050 2.871457e-01 92.560032 98.443595
INFO:root:train 2100 2.867065e-01 92.580914 98.441962
INFO:root:train 2150 2.864241e-01 92.596467 98.452755
INFO:root:train 2200 2.861255e-01 92.612733 98.455248
INFO:root:train 2250 2.858822e-01 92.621335 98.452771
INFO:root:train 2300 2.862516e-01 92.615303 98.454476
INFO:root:train 2350 2.867262e-01 92.602882 98.456774
INFO:root:train 2400 2.869344e-01 92.599438 98.455071
INFO:root:train 2450 2.862812e-01 92.612709 98.459812
INFO:root:train 2500 2.858765e-01 92.630448 98.459991
INFO:root:train 2550 2.850951e-01 92.653004 98.466900
INFO:root:train 2600 2.851642e-01 92.659674 98.463932
INFO:root:train 2650 2.843241e-01 92.671398 98.469917
INFO:root:train 2700 2.836118e-01 92.679216 98.472788
INFO:root:train 2750 2.830930e-01 92.695270 98.474986
INFO:root:train 2800 2.827081e-01 92.695689 98.477106
INFO:root:train 2850 2.823998e-01 92.694997 98.480248
INFO:root:train 2900 2.816938e-01 92.712104 98.487052
INFO:root:train 2950 2.811824e-01 92.728101 98.488860
INFO:root:train 3000 2.810376e-01 92.735234 98.490087
INFO:root:train 3050 2.807441e-01 92.741109 98.491785
INFO:root:train 3100 2.800867e-01 92.761408 98.494941
INFO:root:train 3150 2.798648e-01 92.762218 98.496013
INFO:root:train 3200 2.796816e-01 92.766909 98.496564
INFO:root:train 3250 2.801128e-01 92.763284 98.491330
INFO:root:train 3300 2.798466e-01 92.773970 98.493354
INFO:root:train 3350 2.797528e-01 92.781539 98.494386
INFO:root:train 3400 2.803736e-01 92.766833 98.490793
INFO:root:train 3450 2.800322e-01 92.777909 98.489115
INFO:root:train 3500 2.795484e-01 92.798040 98.494627
INFO:root:train 3550 2.793179e-01 92.803964 98.494702
INFO:root:train 3600 2.791287e-01 92.810591 98.498247
INFO:root:train_acc 92.815613
INFO:root:valid 000 6.233225e-01 85.937500 95.312500
INFO:root:valid 050 5.533330e-01 87.254902 95.588235
INFO:root:valid 100 5.371813e-01 87.762995 95.807550
INFO:root:valid 150 5.305472e-01 87.624172 95.995447
INFO:root:valid 200 5.207462e-01 87.593284 96.167600
INFO:root:valid 250 5.263602e-01 87.562251 96.184014
INFO:root:valid 300 5.260672e-01 87.567483 96.163829
INFO:root:valid 350 5.323594e-01 87.584580 96.095976
INFO:root:valid 400 5.303909e-01 87.640274 96.146353
INFO:root:valid 450 5.320266e-01 87.624723 96.130127
INFO:root:valid 500 5.334365e-01 87.537425 96.104666
INFO:root:valid 550 5.362303e-01 87.446121 96.080989
INFO:root:valid 600 5.369569e-01 87.427205 96.105449
INFO:root:test_acc 87.423146
INFO:root:epoch 3 lr 1.809017e-02
INFO:root:train 000 9.710847e-02 96.875000 100.000000
INFO:root:train 050 2.407886e-01 93.780637 98.866422
INFO:root:train 100 2.536045e-01 93.440594 98.700495
INFO:root:train 150 2.413156e-01 93.801738 98.737583
INFO:root:train 200 2.377776e-01 93.882152 98.779540
INFO:root:train 250 2.398991e-01 93.799801 98.786106
INFO:root:train 300 2.464437e-01 93.672135 98.738580
INFO:root:train 350 2.483861e-01 93.598647 98.709046
INFO:root:train 400 2.497487e-01 93.586347 98.702463
INFO:root:train 450 2.498273e-01 93.562916 98.704268
INFO:root:train 500 2.464154e-01 93.600299 98.715070
INFO:root:train 550 2.491697e-01 93.511797 98.695554
INFO:root:train 600 2.534263e-01 93.391223 98.679285
INFO:root:train 650 2.509125e-01 93.435580 98.708717
INFO:root:train 700 2.494896e-01 93.486983 98.731723
INFO:root:train 750 2.500334e-01 93.492011 98.735020
INFO:root:train 800 2.500387e-01 93.508115 98.735955
INFO:root:train 850 2.500455e-01 93.527835 98.736780
INFO:root:train 900 2.502593e-01 93.550569 98.728843
INFO:root:train 950 2.504275e-01 93.526551 98.718454
INFO:root:train 1000 2.512274e-01 93.509615 98.705982
INFO:root:train 1050 2.509557e-01 93.486858 98.718482
INFO:root:train 1100 2.504827e-01 93.495970 98.724171
INFO:root:train 1150 2.510726e-01 93.501575 98.723936
INFO:root:train 1200 2.491078e-01 93.537937 98.738031
INFO:root:train 1250 2.499836e-01 93.523931 98.733513
INFO:root:train 1300 2.503591e-01 93.514604 98.735348
INFO:root:train 1350 2.509686e-01 93.508281 98.735890
INFO:root:train 1400 2.496335e-01 93.552596 98.741970
INFO:root:train 1450 2.488663e-01 93.588473 98.748708
INFO:root:train 1500 2.488839e-01 93.590731 98.741464
INFO:root:train 1550 2.486925e-01 93.597880 98.743754
INFO:root:train 1600 2.488180e-01 93.603607 98.743949
INFO:root:train 1650 2.493698e-01 93.607094 98.731829
INFO:root:train 1700 2.504681e-01 93.581900 98.715829
INFO:root:train 1750 2.507737e-01 93.569746 98.712343
INFO:root:train 1800 2.498757e-01 93.592102 98.718594
INFO:root:train 1850 2.493452e-01 93.592990 98.722819
INFO:root:train 1900 2.494355e-01 93.584791 98.721890
INFO:root:train 1950 2.499481e-01 93.583419 98.721809
INFO:root:train 2000 2.492077e-01 93.596171 98.727199
INFO:root:train 2050 2.485970e-01 93.607539 98.734611
INFO:root:train 2100 2.478615e-01 93.619854 98.742414
INFO:root:train 2150 2.484912e-01 93.613436 98.741138
INFO:root:train 2200 2.479832e-01 93.621507 98.740629
INFO:root:train 2250 2.474079e-01 93.630609 98.748473
INFO:root:train 2300 2.473708e-01 93.630487 98.753259
INFO:root:train 2350 2.470685e-01 93.632364 98.753855
INFO:root:train 2400 2.468807e-01 93.623751 98.753124
INFO:root:train 2450 2.470335e-01 93.623776 98.751785
INFO:root:train 2500 2.470639e-01 93.630673 98.747376
INFO:root:train 2550 2.470582e-01 93.642812 98.747427
INFO:root:train 2600 2.467088e-01 93.640066 98.752884
INFO:root:train 2650 2.464543e-01 93.639782 98.755187
INFO:root:train 2700 2.456265e-01 93.658599 98.757405
INFO:root:train 2750 2.446898e-01 93.677299 98.766358
INFO:root:train 2800 2.451269e-01 93.673019 98.762161
INFO:root:train 2850 2.453643e-01 93.666696 98.764688
INFO:root:train 2900 2.452180e-01 93.666516 98.763896
INFO:root:train 2950 2.444705e-01 93.686462 98.771603
INFO:root:train 3000 2.442209e-01 93.690645 98.769681
INFO:root:train 3050 2.440592e-01 93.692130 98.769871
INFO:root:train 3100 2.441197e-01 93.703140 98.769046
INFO:root:train 3150 2.441310e-01 93.692974 98.769736
INFO:root:train 3200 2.436831e-01 93.710462 98.773333
INFO:root:train 3250 2.436690e-01 93.713473 98.772974
INFO:root:train 3300 2.434032e-01 93.724913 98.773099
INFO:root:train 3350 2.436539e-01 93.724355 98.771822
INFO:root:train 3400 2.439833e-01 93.724272 98.767826
INFO:root:train 3450 2.441942e-01 93.712873 98.768473
INFO:root:train 3500 2.444397e-01 93.706262 98.765531
INFO:root:train 3550 2.444076e-01 93.711279 98.766193
INFO:root:train 3600 2.448707e-01 93.698799 98.761195
INFO:root:train_acc 93.699998
INFO:root:valid 000 4.592226e-01 90.625000 96.875000
INFO:root:valid 050 4.784264e-01 88.939951 96.936275
INFO:root:valid 100 4.753949e-01 89.217203 96.627475
INFO:root:valid 150 4.700617e-01 89.062500 96.616308
INFO:root:valid 200 4.654622e-01 88.875933 96.750622
INFO:root:valid 250 4.735973e-01 88.875747 96.657122
INFO:root:valid 300 4.734661e-01 88.943106 96.594684
INFO:root:valid 350 4.748086e-01 88.906695 96.550036
INFO:root:valid 400 4.770194e-01 88.848192 96.508728
INFO:root:valid 450 4.787869e-01 88.754157 96.542406
INFO:root:valid 500 4.812801e-01 88.719436 96.506986
INFO:root:valid 550 4.816263e-01 88.699524 96.537545
INFO:root:valid 600 4.867420e-01 88.628328 96.487625
INFO:root:test_acc 88.632060
INFO:root:epoch 4 lr 1.707107e-02
INFO:root:train 000 2.012578e-01 90.625000 100.000000
INFO:root:train 050 2.362419e-01 94.025735 98.774510
INFO:root:train 100 2.342027e-01 93.966584 98.917079
INFO:root:train 150 2.209351e-01 94.350166 98.975579
INFO:root:train 200 2.305637e-01 94.130908 98.865050
INFO:root:train 250 2.255026e-01 94.154631 98.904382
INFO:root:train 300 2.262268e-01 94.186047 98.925457
INFO:root:train 350 2.240770e-01 94.230769 98.896011
INFO:root:train 400 2.239199e-01 94.276029 98.885599
INFO:root:train 450 2.250973e-01 94.255820 98.874030
INFO:root:train 500 2.267806e-01 94.249002 98.864770
INFO:root:train 550 2.242016e-01 94.339837 98.891221
INFO:root:train 600 2.223687e-01 94.379160 98.915869
INFO:root:train 650 2.213013e-01 94.410042 98.912730
INFO:root:train 700 2.207603e-01 94.391940 98.918955
INFO:root:train 750 2.223510e-01 94.372087 98.913948
INFO:root:train 800 2.219252e-01 94.368368 98.923221
INFO:root:train 850 2.214612e-01 94.359577 98.931404
INFO:root:train 900 2.227946e-01 94.318812 98.914401
INFO:root:train 950 2.221644e-01 94.331625 98.922187
INFO:root:train 1000 2.218810e-01 94.336913 98.926074
INFO:root:train 1050 2.217132e-01 94.335752 98.929591
INFO:root:train 1100 2.215826e-01 94.353145 98.938465
INFO:root:train 1150 2.206008e-01 94.373099 98.943853
INFO:root:train 1200 2.205474e-01 94.369276 98.952696
INFO:root:train 1250 2.211350e-01 94.350769 98.944594
INFO:root:train 1300 2.219957e-01 94.334887 98.940719
INFO:root:train 1350 2.209199e-01 94.365285 98.939443
INFO:root:train 1400 2.199046e-01 94.380130 98.942719
INFO:root:train 1450 2.192088e-01 94.399337 98.945770
INFO:root:train 1500 2.190800e-01 94.402690 98.946536
INFO:root:train 1550 2.192080e-01 94.384671 98.951281
INFO:root:train 1600 2.196983e-01 94.362898 98.949875
INFO:root:train 1650 2.200011e-01 94.362318 98.946661
INFO:root:train 1700 2.207931e-01 94.355342 98.940880
INFO:root:train 1750 2.213187e-01 94.338949 98.932753
INFO:root:train 1800 2.215142e-01 94.333877 98.933752
INFO:root:train 1850 2.219458e-01 94.324858 98.931321
INFO:root:train 1900 2.217435e-01 94.313848 98.934771
INFO:root:train 1950 2.216368e-01 94.316216 98.936443
INFO:root:train 2000 2.214773e-01 94.330960 98.937250
INFO:root:train 2050 2.212797e-01 94.335842 98.946398
INFO:root:train 2100 2.206375e-01 94.345698 98.957342
INFO:root:train 2150 2.202107e-01 94.357276 98.959786
INFO:root:train 2200 2.195817e-01 94.366907 98.961410
INFO:root:train 2250 2.193535e-01 94.367781 98.961573
INFO:root:train 2300 2.190837e-01 94.367938 98.965803
INFO:root:train 2350 2.188034e-01 94.369417 98.964536
INFO:root:train 2400 2.183379e-01 94.379295 98.965275
INFO:root:train 2450 2.184759e-01 94.376020 98.967258
INFO:root:train 2500 2.187951e-01 94.377249 98.961665
INFO:root:train 2550 2.189401e-01 94.376593 98.954454
INFO:root:train 2600 2.189300e-01 94.377163 98.954128
INFO:root:train 2650 2.189544e-01 94.378890 98.956762
INFO:root:train 2700 2.185801e-01 94.377083 98.962190
INFO:root:train 2750 2.181661e-01 94.383860 98.961741
INFO:root:train 2800 2.186704e-01 94.371988 98.959077
INFO:root:train 2850 2.193100e-01 94.363272 98.955410
INFO:root:train 2900 2.192209e-01 94.367783 98.951870
INFO:root:train 2950 2.189334e-01 94.370552 98.955862
INFO:root:train 3000 2.193528e-01 94.368544 98.953474
INFO:root:train 3050 2.200077e-01 94.362504 98.947579
INFO:root:train 3100 2.200571e-01 94.360690 98.946408
INFO:root:train 3150 2.200727e-01 94.353479 98.946267
INFO:root:train 3200 2.203364e-01 94.347958 98.947106
INFO:root:train 3250 2.201750e-01 94.350296 98.947439
INFO:root:train 3300 2.199498e-01 94.347357 98.948709
INFO:root:train 3350 2.197993e-01 94.352432 98.951339
INFO:root:train 3400 2.199453e-01 94.353683 98.950217
INFO:root:train 3450 2.197614e-01 94.354444 98.950485
INFO:root:train 3500 2.193772e-01 94.360094 98.951639
INFO:root:train 3550 2.190603e-01 94.367784 98.954080
INFO:root:train 3600 2.188366e-01 94.370053 98.956453
INFO:root:train_acc 94.367482
INFO:root:valid 000 4.647945e-01 89.062500 96.875000
INFO:root:valid 050 4.678897e-01 89.123775 97.181373
INFO:root:valid 100 4.333221e-01 89.913366 97.168936
INFO:root:valid 150 4.323528e-01 89.662666 97.195778
INFO:root:valid 200 4.295809e-01 89.544465 97.279229
INFO:root:valid 250 4.344124e-01 89.510707 97.242281
INFO:root:valid 300 4.355641e-01 89.560839 97.181271
INFO:root:valid 350 4.368019e-01 89.601140 97.142094
INFO:root:valid 400 4.336351e-01 89.615804 97.186721
INFO:root:valid 450 4.371287e-01 89.540604 97.110588
INFO:root:valid 500 4.376298e-01 89.611402 97.108907
INFO:root:valid 550 4.382004e-01 89.584279 97.082010
INFO:root:valid 600 4.407357e-01 89.561668 97.054389
INFO:root:test_acc 89.560796
INFO:root:epoch 5 lr 1.587785e-02
INFO:root:train 000 1.849778e-01 95.312500 96.875000
INFO:root:train 050 1.851656e-01 95.067402 98.958333
INFO:root:train 100 1.807328e-01 95.188738 99.087252
INFO:root:train 150 1.879420e-01 95.260762 99.058361
INFO:root:train 200 1.895187e-01 95.149254 99.098259
INFO:root:train 250 1.885396e-01 95.212898 99.103586
INFO:root:train 300 1.907276e-01 95.193106 99.091570
INFO:root:train 350 1.887667e-01 95.196759 99.096332
INFO:root:train 400 1.882323e-01 95.164433 99.092113
INFO:root:train 450 1.929677e-01 95.087306 99.061114
INFO:root:train 500 1.920550e-01 95.072355 99.076846
INFO:root:train 550 1.960101e-01 95.023253 99.050023
INFO:root:train 600 1.963299e-01 95.005720 99.051061
INFO:root:train 650 1.980735e-01 94.969278 99.027938
INFO:root:train 700 1.970968e-01 94.978156 99.048235
INFO:root:train 750 1.979163e-01 94.965047 99.038782
INFO:root:train 800 1.973743e-01 94.963327 99.040262
INFO:root:train 850 1.961112e-01 94.969154 99.048913
INFO:root:train 900 1.956138e-01 94.986473 99.042730
INFO:root:train 950 1.956111e-01 94.993757 99.035555
INFO:root:train 1000 1.958041e-01 95.014361 99.033779
INFO:root:train 1050 1.957745e-01 95.004757 99.036632
INFO:root:train 1100 1.950977e-01 95.024410 99.046322
INFO:root:train 1150 1.950523e-01 95.035567 99.041594
INFO:root:train 1200 1.952347e-01 94.997658 99.029455
INFO:root:train 1250 1.945196e-01 95.005246 99.033273
INFO:root:train 1300 1.956086e-01 94.966612 99.023588
INFO:root:train 1350 1.957282e-01 94.972474 99.018088
INFO:root:train 1400 1.963027e-01 94.973456 99.024135
INFO:root:train 1450 1.971820e-01 94.958218 99.010381
INFO:root:train 1500 1.968567e-01 94.957528 99.012117
INFO:root:train 1550 1.975451e-01 94.934720 99.006689
INFO:root:train 1600 1.972344e-01 94.929927 99.008432
INFO:root:train 1650 1.967611e-01 94.942459 99.013855
INFO:root:train 1700 1.966273e-01 94.951499 99.014367
INFO:root:train 1750 1.969369e-01 94.947530 99.007710
INFO:root:train 1800 1.973317e-01 94.937708 99.003158
INFO:root:train 1850 1.974318e-01 94.936014 99.001384
INFO:root:train 1900 1.981002e-01 94.922080 98.993129
INFO:root:train 1950 1.977464e-01 94.926480 98.994906
INFO:root:train 2000 1.981872e-01 94.917385 98.992691
INFO:root:train 2050 1.996149e-01 94.902639 98.980680
INFO:root:train 2100 2.002945e-01 94.892313 98.976678
INFO:root:train 2150 1.999852e-01 94.897722 98.977946
INFO:root:train 2200 1.990866e-01 94.911404 98.984836
INFO:root:train 2250 1.990126e-01 94.912678 98.982397
INFO:root:train 2300 1.991635e-01 94.907106 98.988891
INFO:root:train 2350 1.990450e-01 94.910410 98.989792
INFO:root:train 2400 1.992672e-01 94.903165 98.994560
INFO:root:train 2450 1.987437e-01 94.913428 99.002958
INFO:root:train 2500 1.987456e-01 94.913285 99.001025
INFO:root:train 2550 1.982465e-01 94.926622 99.010192
INFO:root:train 2600 1.983137e-01 94.926831 99.009996
INFO:root:train 2650 1.983384e-01 94.929390 99.009808
INFO:root:train 2700 1.991422e-01 94.911028 99.004998
INFO:root:train 2750 1.992055e-01 94.904126 99.007179
INFO:root:train 2800 1.993626e-01 94.901932 99.008167
INFO:root:train 2850 1.995624e-01 94.897624 99.008024
INFO:root:train 2900 1.997443e-01 94.897234 99.008962
INFO:root:train 2950 1.996900e-01 94.897916 99.011987
INFO:root:train 3000 1.996711e-01 94.893890 99.014391
INFO:root:train 3050 1.995026e-01 94.897165 99.017740
INFO:root:train 3100 1.996158e-01 94.895296 99.016446
INFO:root:train 3150 1.996823e-01 94.893982 99.015689
INFO:root:train 3200 1.995203e-01 94.901984 99.018861
INFO:root:train 3250 1.994862e-01 94.898204 99.017610
INFO:root:train 3300 1.995678e-01 94.897853 99.017817
INFO:root:train 3350 1.994810e-01 94.900310 99.016618
INFO:root:train 3400 1.996283e-01 94.892587 99.014536
INFO:root:train 3450 1.991745e-01 94.902293 99.017495
INFO:root:train 3500 1.990706e-01 94.901903 99.017691
INFO:root:train 3550 1.994798e-01 94.896684 99.014362
INFO:root:train 3600 1.992659e-01 94.901590 99.016332
INFO:root:train_acc 94.896822
INFO:root:valid 000 4.054816e-01 87.500000 98.437500
INFO:root:valid 050 4.454372e-01 90.134804 96.721814
INFO:root:valid 100 4.239537e-01 90.702351 96.844059
INFO:root:valid 150 4.134325e-01 90.687086 97.030215
INFO:root:valid 200 4.053799e-01 90.718284 97.123756
INFO:root:valid 250 4.137486e-01 90.606325 97.105329
INFO:root:valid 300 4.113585e-01 90.635382 97.134551
INFO:root:valid 350 4.156040e-01 90.571581 97.093127
INFO:root:valid 400 4.178936e-01 90.566552 97.100998
INFO:root:valid 450 4.250353e-01 90.413664 97.037833
INFO:root:valid 500 4.256392e-01 90.347430 97.046532
INFO:root:valid 550 4.250976e-01 90.349932 97.033802
INFO:root:valid 600 4.279871e-01 90.310420 97.025790
INFO:root:test_acc 90.315718
INFO:root:epoch 6 lr 1.453990e-02
INFO:root:train 000 1.359572e-01 93.750000 100.000000
INFO:root:train 050 1.662035e-01 95.649510 99.050245
INFO:root:train 100 1.678342e-01 95.730198 99.102723
INFO:root:train 150 1.681821e-01 95.591887 99.120447
INFO:root:train 200 1.711348e-01 95.530162 99.129353
INFO:root:train 250 1.684660e-01 95.555279 99.165837
INFO:root:train 300 1.704876e-01 95.577243 99.164244
INFO:root:train 350 1.697539e-01 95.579594 99.167557
INFO:root:train 400 1.685035e-01 95.596945 99.181733
INFO:root:train 450 1.689004e-01 95.593126 99.175443
INFO:root:train 500 1.711255e-01 95.505863 99.170409
INFO:root:train 550 1.749599e-01 95.468466 99.146438
INFO:root:train 600 1.780580e-01 95.452891 99.110857
INFO:root:train 650 1.773482e-01 95.473310 99.126344
INFO:root:train 700 1.774122e-01 95.459611 99.132935
INFO:root:train 750 1.784020e-01 95.416528 99.132407
INFO:root:train 800 1.790487e-01 95.398330 99.129994
INFO:root:train 850 1.791699e-01 95.396959 99.124192
INFO:root:train 900 1.793991e-01 95.385336 99.131174
INFO:root:train 950 1.801600e-01 95.371648 99.139064
INFO:root:train 1000 1.795648e-01 95.387425 99.144605
INFO:root:train 1050 1.797638e-01 95.363047 99.152593
INFO:root:train 1100 1.797064e-01 95.374943 99.151340
INFO:root:train 1150 1.795831e-01 95.362728 99.143408
INFO:root:train 1200 1.791520e-01 95.372346 99.151749
INFO:root:train 1250 1.784331e-01 95.387440 99.158173
INFO:root:train 1300 1.786529e-01 95.383359 99.153296
INFO:root:train 1350 1.785010e-01 95.387676 99.159188
INFO:root:train 1400 1.793750e-01 95.373840 99.159083
INFO:root:train 1450 1.798237e-01 95.350190 99.154678
INFO:root:train 1500 1.796255e-01 95.355180 99.159935
INFO:root:train 1550 1.797161e-01 95.341715 99.162838
INFO:root:train 1600 1.799371e-01 95.345682 99.156777
INFO:root:train 1650 1.798539e-01 95.337106 99.157707
INFO:root:train 1700 1.804755e-01 95.329034 99.157665
INFO:root:train 1750 1.800355e-01 95.336593 99.163871
INFO:root:train 1800 1.807026e-01 95.321176 99.151513
INFO:root:train 1850 1.803515e-01 95.330227 99.150797
INFO:root:train 1900 1.806289e-01 95.321541 99.144365
INFO:root:train 1950 1.804091e-01 95.326115 99.145470
INFO:root:train 2000 1.807113e-01 95.321870 99.141835
INFO:root:train 2050 1.809299e-01 95.314024 99.139139
INFO:root:train 2100 1.812034e-01 95.326630 99.135828
INFO:root:train 2150 1.809288e-01 95.326302 99.138482
INFO:root:train 2200 1.811845e-01 95.330248 99.133916
INFO:root:train 2250 1.812431e-01 95.323606 99.133024
INFO:root:train 2300 1.813080e-01 95.322007 99.133529
INFO:root:train 2350 1.815250e-01 95.317817 99.137335
INFO:root:train 2400 1.810797e-01 95.324865 99.139031
INFO:root:train 2450 1.812239e-01 95.325250 99.136194
INFO:root:train 2500 1.813831e-01 95.324370 99.136595
INFO:root:train 2550 1.811752e-01 95.324750 99.135756
INFO:root:train 2600 1.811751e-01 95.324515 99.138552
INFO:root:train 2650 1.809071e-01 95.333718 99.138886
INFO:root:train 2700 1.811082e-01 95.325805 99.142100
INFO:root:train 2750 1.812259e-01 95.330675 99.139517
INFO:root:train 2800 1.813294e-01 95.330351 99.141490
INFO:root:train 2850 1.815394e-01 95.337162 99.141749
INFO:root:train 2900 1.818998e-01 95.328120 99.139305
INFO:root:train 2950 1.822645e-01 95.322031 99.136416
INFO:root:train 3000 1.818402e-01 95.332285 99.138308
INFO:root:train 3050 1.823669e-01 95.317621 99.136554
INFO:root:train 3100 1.825231e-01 95.310988 99.133848
INFO:root:train 3150 1.822164e-01 95.315475 99.138666
INFO:root:train 3200 1.821989e-01 95.314453 99.139917
INFO:root:train 3250 1.823911e-01 95.310578 99.137765
INFO:root:train 3300 1.825181e-01 95.309660 99.135205
INFO:root:train 3350 1.824829e-01 95.306905 99.136918
INFO:root:train 3400 1.828393e-01 95.289988 99.135365
INFO:root:train 3450 1.824599e-01 95.295748 99.138837
INFO:root:train 3500 1.824368e-01 95.288400 99.135961
INFO:root:train 3550 1.820914e-01 95.293139 99.135367
INFO:root:train 3600 1.819440e-01 95.296879 99.137826
INFO:root:train_acc 95.295333
INFO:root:valid 000 3.475588e-01 90.625000 98.437500
INFO:root:valid 050 4.325521e-01 89.522059 97.334559
INFO:root:valid 100 4.183402e-01 89.743193 97.323639
INFO:root:valid 150 4.203667e-01 89.973096 97.330298
INFO:root:valid 200 4.197941e-01 89.839863 97.333644
INFO:root:valid 250 4.366902e-01 89.504482 97.267181
INFO:root:valid 300 4.333017e-01 89.550457 97.290282
INFO:root:valid 350 4.305258e-01 89.601140 97.302350
INFO:root:valid 400 4.306726e-01 89.670355 97.295823
INFO:root:valid 450 4.361333e-01 89.609895 97.235310
INFO:root:valid 500 4.366714e-01 89.648827 97.214945
INFO:root:valid 550 4.384091e-01 89.660844 97.175590
INFO:root:valid 600 4.417930e-01 89.637063 97.158382
INFO:root:test_acc 89.638623
INFO:root:epoch 7 lr 1.309017e-02
INFO:root:train 000 2.089425e-01 95.312500 100.000000
INFO:root:train 050 1.744271e-01 95.404412 99.264706
INFO:root:train 100 1.702784e-01 95.699257 99.195545
INFO:root:train 150 1.685997e-01 95.643626 99.213576
INFO:root:train 200 1.703029e-01 95.607898 99.214863
INFO:root:train 250 1.706581e-01 95.598855 99.240538
INFO:root:train 300 1.688242e-01 95.613580 99.262874
INFO:root:train 350 1.652852e-01 95.686432 99.305556
INFO:root:train 400 1.600268e-01 95.795667 99.318111
INFO:root:train 450 1.601993e-01 95.780211 99.338276
INFO:root:train 500 1.593078e-01 95.786552 99.341941
INFO:root:train 550 1.631999e-01 95.732191 99.302405
INFO:root:train 600 1.637505e-01 95.686876 99.308444
INFO:root:train 650 1.627673e-01 95.739727 99.315956
INFO:root:train 700 1.606827e-01 95.802871 99.326854
INFO:root:train 750 1.607256e-01 95.803512 99.317577
INFO:root:train 800 1.602197e-01 95.804073 99.327013
INFO:root:train 850 1.603687e-01 95.811912 99.318816
INFO:root:train 900 1.607916e-01 95.822350 99.311529
INFO:root:train 950 1.614382e-01 95.833333 99.296793
INFO:root:train 1000 1.621215e-01 95.797952 99.299138
INFO:root:train 1050 1.623113e-01 95.795671 99.295314
INFO:root:train 1100 1.630827e-01 95.789339 99.281903
INFO:root:train 1150 1.640877e-01 95.782200 99.276444
INFO:root:train 1200 1.640019e-01 95.795171 99.280547
INFO:root:train 1250 1.644055e-01 95.779626 99.275580
INFO:root:train 1300 1.643287e-01 95.764076 99.283003
INFO:root:train 1350 1.640205e-01 95.760085 99.284095
INFO:root:train 1400 1.638994e-01 95.746342 99.285109
INFO:root:train 1450 1.643656e-01 95.731392 99.286053
INFO:root:train 1500 1.654106e-01 95.717438 99.277565
INFO:root:train 1550 1.661453e-01 95.698340 99.274662
INFO:root:train 1600 1.659794e-01 95.696049 99.276819
INFO:root:train 1650 1.662098e-01 95.697683 99.271275
INFO:root:train 1700 1.661351e-01 95.708407 99.266057
INFO:root:train 1750 1.662323e-01 95.698886 99.264706
INFO:root:train 1800 1.656530e-01 95.711584 99.269503
INFO:root:train 1850 1.659808e-01 95.715154 99.265600
INFO:root:train 1900 1.659957e-01 95.716892 99.266011
INFO:root:train 1950 1.660236e-01 95.715338 99.263198
INFO:root:train 2000 1.657787e-01 95.713862 99.266773
INFO:root:train 2050 1.655582e-01 95.712457 99.268649
INFO:root:train 2100 1.657109e-01 95.711120 99.263000
INFO:root:train 2150 1.650469e-01 95.728731 99.260518
INFO:root:train 2200 1.650487e-01 95.731344 99.256730
INFO:root:train 2250 1.646304e-01 95.737311 99.261439
INFO:root:train 2300 1.645701e-01 95.745056 99.264586
INFO:root:train 2350 1.643938e-01 95.754466 99.266270
INFO:root:train 2400 1.648446e-01 95.747865 99.265280
INFO:root:train 2450 1.654086e-01 95.730697 99.256681
INFO:root:train 2500 1.659909e-01 95.715464 99.255923
INFO:root:train 2550 1.658395e-01 95.708791 99.258257
INFO:root:train 2600 1.657661e-01 95.712587 99.257497
INFO:root:train 2650 1.653878e-01 95.718007 99.263250
INFO:root:train 2700 1.655454e-01 95.712815 99.261269
INFO:root:train 2750 1.657977e-01 95.706107 99.260496
INFO:root:train 2800 1.659276e-01 95.702986 99.257520
INFO:root:train 2850 1.656364e-01 95.699974 99.257936
INFO:root:train 2900 1.649895e-01 95.714840 99.264801
INFO:root:train 2950 1.649535e-01 95.710670 99.266668
INFO:root:train 3000 1.649903e-01 95.709243 99.266911
INFO:root:train 3050 1.648921e-01 95.716056 99.267146
INFO:root:train 3100 1.648765e-01 95.712069 99.267877
INFO:root:train 3150 1.649578e-01 95.716638 99.266602
INFO:root:train 3200 1.650089e-01 95.715206 99.269271
INFO:root:train 3250 1.648403e-01 95.712858 99.272820
INFO:root:train 3300 1.652496e-01 95.699220 99.270108
INFO:root:train 3350 1.653554e-01 95.697646 99.267942
INFO:root:train 3400 1.657302e-01 95.691065 99.265382
INFO:root:train 3450 1.656542e-01 95.695994 99.264253
INFO:root:train 3500 1.657783e-01 95.694980 99.260925
INFO:root:train 3550 1.658959e-01 95.687834 99.261652
INFO:root:train 3600 1.658224e-01 95.698677 99.260622
INFO:root:train_acc 95.695135
INFO:root:valid 000 4.837804e-01 90.625000 96.875000
INFO:root:valid 050 4.093286e-01 90.655637 97.610294
INFO:root:valid 100 3.886476e-01 91.120050 97.679455
INFO:root:valid 150 3.833401e-01 91.132036 97.568295
INFO:root:valid 200 3.720015e-01 91.176928 97.644590
INFO:root:valid 250 3.782016e-01 91.191484 97.534861
INFO:root:valid 300 3.755702e-01 91.159676 97.560216
INFO:root:valid 350 3.773960e-01 91.119124 97.533832
INFO:root:valid 400 3.770800e-01 91.112064 97.588061
INFO:root:valid 450 3.839011e-01 90.950665 97.515937
INFO:root:valid 500 3.863914e-01 90.974301 97.464446
INFO:root:valid 550 3.877051e-01 90.919918 97.459165
INFO:root:valid 600 3.912914e-01 90.879784 97.418365
INFO:root:test_acc 90.886450
INFO:root:epoch 8 lr 1.156434e-02
INFO:root:train 000 6.637966e-02 96.875000 100.000000
INFO:root:train 050 1.668058e-01 96.170343 99.387255
INFO:root:train 100 1.464497e-01 96.379950 99.412129
INFO:root:train 150 1.486165e-01 96.399007 99.389487
INFO:root:train 200 1.521567e-01 96.229789 99.315920
INFO:root:train 250 1.498726e-01 96.264940 99.302789
INFO:root:train 300 1.442039e-01 96.319560 99.345930
INFO:root:train 350 1.421500e-01 96.349715 99.363426
INFO:root:train 400 1.445379e-01 96.333385 99.360973
INFO:root:train 450 1.424439e-01 96.407289 99.379850
INFO:root:train 500 1.431782e-01 96.404067 99.373129
INFO:root:train 550 1.440172e-01 96.353221 99.350613
INFO:root:train 600 1.445036e-01 96.316036 99.357841
INFO:root:train 650 1.444738e-01 96.289363 99.356759
INFO:root:train 700 1.458348e-01 96.279868 99.351373
INFO:root:train 750 1.458367e-01 96.248752 99.346704
INFO:root:train 800 1.445471e-01 96.264435 99.367978
INFO:root:train 850 1.459650e-01 96.197488 99.340849
INFO:root:train 900 1.456310e-01 96.193466 99.327137
INFO:root:train 950 1.470294e-01 96.158649 99.326367
INFO:root:train 1000 1.484344e-01 96.136676 99.328796
INFO:root:train 1050 1.491761e-01 96.119767 99.311667
INFO:root:train 1100 1.495543e-01 96.107232 99.311705
INFO:root:train 1150 1.492548e-01 96.108004 99.310382
INFO:root:train 1200 1.494691e-01 96.106109 99.306567
INFO:root:train 1250 1.500153e-01 96.078137 99.304307
INFO:root:train 1300 1.497851e-01 96.069130 99.304621
INFO:root:train 1350 1.505978e-01 96.048066 99.303756
INFO:root:train 1400 1.517596e-01 96.027391 99.296262
INFO:root:train 1450 1.517132e-01 96.030755 99.302205
INFO:root:train 1500 1.514136e-01 96.026607 99.311917
INFO:root:train 1550 1.511077e-01 96.038846 99.312943
INFO:root:train 1600 1.516901e-01 96.022993 99.317809
INFO:root:train 1650 1.516382e-01 96.024190 99.310077
INFO:root:train 1700 1.511155e-01 96.037257 99.315660
INFO:root:train 1750 1.512412e-01 96.030840 99.317354
INFO:root:train 1800 1.509661e-01 96.036924 99.319822
INFO:root:train 1850 1.510871e-01 96.032550 99.319625
INFO:root:train 1900 1.519338e-01 96.005392 99.308752
INFO:root:train 1950 1.526199e-01 95.994042 99.307246
INFO:root:train 2000 1.532250e-01 95.987944 99.299569
INFO:root:train 2050 1.529409e-01 95.995094 99.300646
INFO:root:train 2100 1.528108e-01 95.998185 99.301672
INFO:root:train 2150 1.526875e-01 95.997501 99.304103
INFO:root:train 2200 1.521029e-01 96.008916 99.308553
INFO:root:train 2250 1.525477e-01 96.004554 99.305170
INFO:root:train 2300 1.523200e-01 96.005813 99.310762
INFO:root:train 2350 1.523771e-01 96.011671 99.306811
INFO:root:train 2400 1.524283e-01 96.012078 99.304326
INFO:root:train 2450 1.525025e-01 96.007369 99.305131
INFO:root:train 2500 1.526224e-01 96.004723 99.307152
INFO:root:train 2550 1.527039e-01 96.005856 99.306644
INFO:root:train 2600 1.527367e-01 96.006344 99.304955
INFO:root:train 2650 1.527445e-01 96.010350 99.300971
INFO:root:train 2700 1.522755e-01 96.024042 99.304656
INFO:root:train 2750 1.525115e-01 96.023037 99.305366
INFO:root:train 2800 1.526254e-01 96.021510 99.305494
INFO:root:train 2850 1.532243e-01 96.005787 99.302876
INFO:root:train 2900 1.534745e-01 96.007304 99.302503
INFO:root:train 2950 1.532263e-01 96.009298 99.305320
INFO:root:train 3000 1.527273e-01 96.021118 99.310126
INFO:root:train 3050 1.531488e-01 96.007457 99.307092
INFO:root:train 3100 1.526832e-01 96.009856 99.312722
INFO:root:train 3150 1.527375e-01 96.002261 99.313214
INFO:root:train 3200 1.530271e-01 95.997345 99.307345
INFO:root:train 3250 1.534952e-01 95.992099 99.305502
INFO:root:train 3300 1.538242e-01 95.988905 99.300875
INFO:root:train 3350 1.537758e-01 95.993267 99.301981
INFO:root:train 3400 1.536343e-01 95.997960 99.303054
INFO:root:train 3450 1.531738e-01 96.005687 99.306813
INFO:root:train 3500 1.533841e-01 96.004267 99.305109
INFO:root:train 3550 1.533503e-01 96.004647 99.306973
INFO:root:train 3600 1.535209e-01 95.999375 99.306182
INFO:root:train_acc 95.999397
INFO:root:valid 000 3.546152e-01 90.625000 95.312500
INFO:root:valid 050 4.213804e-01 90.870098 97.334559
INFO:root:valid 100 3.816327e-01 91.506807 97.509282
INFO:root:valid 150 3.737499e-01 91.701159 97.568295
INFO:root:valid 200 3.599531e-01 91.775498 97.737873
INFO:root:valid 250 3.652280e-01 91.677042 97.715388
INFO:root:valid 300 3.668769e-01 91.554194 97.643272
INFO:root:valid 350 3.650171e-01 91.675570 97.631766
INFO:root:valid 400 3.670851e-01 91.626403 97.630923
INFO:root:valid 450 3.691319e-01 91.598531 97.626802
INFO:root:valid 500 3.723809e-01 91.569985 97.573603
INFO:root:valid 550 3.734186e-01 91.532441 97.544238
INFO:root:valid 600 3.752561e-01 91.482945 97.540557
INFO:root:test_acc 91.488313
INFO:root:epoch 9 lr 1.000000e-02
INFO:root:train 000 7.451177e-02 98.437500 100.000000
INFO:root:train 050 1.370550e-01 96.354167 99.356618
INFO:root:train 100 1.421573e-01 96.178837 99.396658
INFO:root:train 150 1.354998e-01 96.399007 99.420530
INFO:root:train 200 1.328584e-01 96.346393 99.455846
INFO:root:train 250 1.281727e-01 96.563745 99.458416
INFO:root:train 300 1.311690e-01 96.563538 99.439369
INFO:root:train 350 1.318763e-01 96.550036 99.407942
INFO:root:train 400 1.294738e-01 96.559383 99.419420
INFO:root:train 450 1.273350e-01 96.577051 99.438747
INFO:root:train 500 1.261415e-01 96.625499 99.447979
INFO:root:train 550 1.272572e-01 96.582917 99.458371
INFO:root:train 600 1.283444e-01 96.552621 99.446235
INFO:root:train 650 1.290155e-01 96.536578 99.457565
INFO:root:train 700 1.288372e-01 96.554030 99.456134
INFO:root:train 750 1.312861e-01 96.500499 99.432007
INFO:root:train 800 1.315000e-01 96.484863 99.432350
INFO:root:train 850 1.326735e-01 96.471063 99.425308
INFO:root:train 900 1.318003e-01 96.477872 99.427719
INFO:root:train 950 1.331941e-01 96.459319 99.411803
INFO:root:train 1000 1.336693e-01 96.455107 99.403721
INFO:root:train 1050 1.344299e-01 96.439403 99.397895
INFO:root:train 1100 1.353178e-01 96.422287 99.392598
INFO:root:train 1150 1.353499e-01 96.433808 99.387761
INFO:root:train 1200 1.356193e-01 96.435262 99.392433
INFO:root:train 1250 1.369269e-01 96.421613 99.384243
INFO:root:train 1300 1.380122e-01 96.409012 99.377882
INFO:root:train 1350 1.379843e-01 96.407754 99.380089
INFO:root:train 1400 1.380805e-01 96.403239 99.375446
INFO:root:train 1450 1.375269e-01 96.410880 99.381892
INFO:root:train 1500 1.374026e-01 96.410726 99.383744
INFO:root:train 1550 1.381838e-01 96.399500 99.380440
INFO:root:train 1600 1.383889e-01 96.393855 99.380270
INFO:root:train 1650 1.389964e-01 96.383820 99.375379
INFO:root:train 1700 1.394918e-01 96.372538 99.372612
INFO:root:train 1750 1.385662e-01 96.385101 99.381603
INFO:root:train 1800 1.381674e-01 96.393497 99.384023
INFO:root:train 1850 1.381205e-01 96.380335 99.385467
INFO:root:train 1900 1.385676e-01 96.360468 99.381904
INFO:root:train 1950 1.385655e-01 96.352031 99.382528
INFO:root:train 2000 1.385146e-01 96.344796 99.388587
INFO:root:train 2050 1.376306e-01 96.364578 99.398159
INFO:root:train 2100 1.374886e-01 96.370776 99.399096
INFO:root:train 2150 1.377210e-01 96.371600 99.396356
INFO:root:train 2200 1.375745e-01 96.378067 99.392322
INFO:root:train 2250 1.375055e-01 96.375222 99.394019
INFO:root:train 2300 1.378765e-01 96.367748 99.392248
INFO:root:train 2350 1.375607e-01 96.379200 99.395204
INFO:root:train 2400 1.378704e-01 96.373256 99.392831
INFO:root:train 2450 1.378858e-01 96.369467 99.389280
INFO:root:train 2500 1.375393e-01 96.378948 99.393368
INFO:root:train 2550 1.377044e-01 96.373971 99.390558
INFO:root:train 2600 1.375935e-01 96.383002 99.390859
INFO:root:train 2650 1.373828e-01 96.382851 99.396454
INFO:root:train 2700 1.375091e-01 96.375764 99.397792
INFO:root:train 2750 1.371659e-01 96.380862 99.400218
INFO:root:train 2800 1.374698e-01 96.372947 99.398652
INFO:root:train 2850 1.377403e-01 96.365858 99.398786
INFO:root:train 2900 1.383555e-01 96.348781 99.396760
INFO:root:train 2950 1.383995e-01 96.347636 99.394803
INFO:root:train 3000 1.385900e-01 96.337679 99.395514
INFO:root:train 3050 1.391542e-01 96.328560 99.393129
INFO:root:train 3100 1.391232e-01 96.327797 99.394349
INFO:root:train 3150 1.389591e-01 96.332513 99.395033
INFO:root:train 3200 1.389266e-01 96.334642 99.398137
INFO:root:train 3250 1.389959e-01 96.331898 99.398262
INFO:root:train 3300 1.391986e-01 96.326871 99.397910
INFO:root:train 3350 1.391891e-01 96.329454 99.397568
INFO:root:train 3400 1.395533e-01 96.325989 99.396317
INFO:root:train 3450 1.394412e-01 96.323529 99.396461
INFO:root:train 3500 1.392498e-01 96.329620 99.397494
INFO:root:train 3550 1.394164e-01 96.323659 99.394977
INFO:root:train 3600 1.398402e-01 96.312222 99.392964
INFO:root:train_acc 96.309255
INFO:root:valid 000 2.225586e-01 93.750000 98.437500
INFO:root:valid 050 3.461507e-01 91.911765 97.947304
INFO:root:valid 100 3.320970e-01 92.110149 98.019802
INFO:root:valid 150 3.310019e-01 92.032285 97.982202
INFO:root:valid 200 3.253015e-01 92.156405 98.048818
INFO:root:valid 250 3.372567e-01 92.069223 97.920817
INFO:root:valid 300 3.340643e-01 92.125208 97.928779
INFO:root:valid 350 3.365972e-01 92.134081 97.912215
INFO:root:valid 400 3.365412e-01 92.171914 97.899782
INFO:root:valid 450 3.434359e-01 92.035061 97.858925
INFO:root:valid 500 3.447479e-01 92.050274 97.841816
INFO:root:valid 550 3.468086e-01 91.991833 97.793784
INFO:root:valid 600 3.486173e-01 91.940516 97.777142
INFO:root:test_acc 91.939710
INFO:root:epoch 10 lr 8.435655e-03
INFO:root:train 000 8.595352e-02 95.312500 100.000000
INFO:root:train 050 1.139880e-01 96.783088 99.540441
INFO:root:train 100 1.228331e-01 96.612005 99.551361
INFO:root:train 150 1.244010e-01 96.595613 99.492964
INFO:root:train 200 1.184087e-01 96.758396 99.541356
INFO:root:train 250 1.199661e-01 96.750498 99.551793
INFO:root:train 300 1.234223e-01 96.708887 99.506852
INFO:root:train 350 1.214944e-01 96.768162 99.532585
INFO:root:train 400 1.192355e-01 96.828242 99.548005
INFO:root:train 450 1.206222e-01 96.795316 99.539218
INFO:root:train 500 1.202677e-01 96.756487 99.550898
INFO:root:train 550 1.199270e-01 96.767241 99.549115
INFO:root:train 600 1.197381e-01 96.776206 99.555428
INFO:root:train 650 1.202323e-01 96.783794 99.555972
INFO:root:train 700 1.225386e-01 96.763552 99.531919
INFO:root:train 750 1.243881e-01 96.741844 99.515230
INFO:root:train 800 1.244653e-01 96.757959 99.510378
INFO:root:train 850 1.235623e-01 96.786868 99.506096
INFO:root:train 900 1.246683e-01 96.758810 99.500555
INFO:root:train 950 1.251424e-01 96.755060 99.498883
INFO:root:train 1000 1.267167e-01 96.698614 99.492695
INFO:root:train 1050 1.267879e-01 96.693625 99.491556
INFO:root:train 1100 1.267451e-01 96.681994 99.494777
INFO:root:train 1150 1.266151e-01 96.671373 99.492289
INFO:root:train 1200 1.268087e-01 96.653830 99.491309
INFO:root:train 1250 1.271755e-01 96.662670 99.487910
INFO:root:train 1300 1.270144e-01 96.656418 99.489575
INFO:root:train 1350 1.266949e-01 96.667977 99.487648
INFO:root:train 1400 1.263663e-01 96.670905 99.490319
INFO:root:train 1450 1.264632e-01 96.657478 99.488499
INFO:root:train 1500 1.270507e-01 96.643904 99.487841
INFO:root:train 1550 1.273863e-01 96.647324 99.483196
INFO:root:train 1600 1.276146e-01 96.642723 99.486649
INFO:root:train 1650 1.281372e-01 96.634615 99.481375
INFO:root:train 1700 1.285873e-01 96.625147 99.482841
INFO:root:train 1750 1.285756e-01 96.630497 99.484223
INFO:root:train 1800 1.288307e-01 96.621669 99.480323
INFO:root:train 1850 1.284396e-01 96.629356 99.484231
INFO:root:train 1900 1.285260e-01 96.634173 99.484646
INFO:root:train 1950 1.280074e-01 96.653159 99.488243
INFO:root:train 2000 1.276234e-01 96.661044 99.490099
INFO:root:train 2050 1.275236e-01 96.656357 99.489578
INFO:root:train 2100 1.269547e-01 96.672715 99.492057
INFO:root:train 2150 1.271936e-01 96.657805 99.493695
INFO:root:train 2200 1.270844e-01 96.649960 99.497388
INFO:root:train 2250 1.271825e-01 96.654265 99.494669
INFO:root:train 2300 1.276966e-01 96.646838 99.490032
INFO:root:train 2350 1.277921e-01 96.642386 99.486920
INFO:root:train 2400 1.279548e-01 96.647881 99.482637
INFO:root:train 2450 1.275770e-01 96.657614 99.486179
INFO:root:train 2500 1.278651e-01 96.648840 99.484581
INFO:root:train 2550 1.278972e-01 96.647761 99.484271
INFO:root:train 2600 1.277795e-01 96.648525 99.485174
INFO:root:train 2650 1.273862e-01 96.653975 99.488990
INFO:root:train 2700 1.273802e-01 96.649389 99.491508
INFO:root:train 2750 1.277812e-01 96.637018 99.488254
INFO:root:train 2800 1.275835e-01 96.637362 99.490137
INFO:root:train 2850 1.273314e-01 96.642077 99.493051
INFO:root:train 2900 1.273578e-01 96.643937 99.494786
INFO:root:train 2950 1.271850e-01 96.646264 99.496463
INFO:root:train 3000 1.271799e-01 96.646430 99.497043
INFO:root:train 3050 1.265021e-01 96.659907 99.500676
INFO:root:train 3100 1.263365e-01 96.663879 99.501169
INFO:root:train 3150 1.269483e-01 96.649873 99.498175
INFO:root:train 3200 1.268949e-01 96.652413 99.496251
INFO:root:train 3250 1.267510e-01 96.648147 99.498231
INFO:root:train 3300 1.270499e-01 96.642116 99.497785
INFO:root:train 3350 1.273574e-01 96.628339 99.497352
INFO:root:train 3400 1.275119e-01 96.624155 99.496472
INFO:root:train 3450 1.275984e-01 96.625072 99.491542
INFO:root:train 3500 1.280058e-01 96.615253 99.491663
INFO:root:train 3550 1.284657e-01 96.602630 99.483420
INFO:root:train 3600 1.282419e-01 96.608147 99.484084
INFO:root:train_acc 96.601468
INFO:root:valid 000 3.409632e-01 93.750000 98.437500
INFO:root:valid 050 3.606160e-01 92.248775 97.640931
INFO:root:valid 100 3.394550e-01 92.496906 97.849629
INFO:root:valid 150 3.272281e-01 92.591060 97.847682
INFO:root:valid 200 3.185751e-01 92.653918 97.947761
INFO:root:valid 250 3.288214e-01 92.536106 97.877241
INFO:root:valid 300 3.248790e-01 92.582018 97.887251
INFO:root:valid 350 3.262795e-01 92.521368 97.872151
INFO:root:valid 400 3.280109e-01 92.491428 97.825748
INFO:root:valid 450 3.340872e-01 92.367655 97.827744
INFO:root:valid 500 3.361512e-01 92.380863 97.807510
INFO:root:valid 550 3.382415e-01 92.354809 97.776770
INFO:root:valid 600 3.400924e-01 92.335691 97.777142
INFO:root:test_acc 92.334034
INFO:root:epoch 11 lr 6.909830e-03
INFO:root:train 000 1.441770e-01 93.750000 100.000000
INFO:root:train 050 1.119714e-01 96.783088 99.479167
INFO:root:train 100 1.156025e-01 96.797649 99.582302
INFO:root:train 150 1.154257e-01 96.843957 99.596440
INFO:root:train 200 1.115775e-01 96.921642 99.642413
INFO:root:train 250 1.071814e-01 97.099104 99.657620
INFO:root:train 300 1.082767e-01 97.103405 99.652201
INFO:root:train 350 1.097374e-01 97.088675 99.648326
INFO:root:train 400 1.127963e-01 97.054239 99.610349
INFO:root:train 450 1.144732e-01 96.982400 99.601580
INFO:root:train 500 1.139703e-01 97.012226 99.594561
INFO:root:train 550 1.135979e-01 97.016788 99.580309
INFO:root:train 600 1.115063e-01 97.041389 99.589226
INFO:root:train 650 1.117175e-01 97.023810 99.579973
INFO:root:train 700 1.118246e-01 97.004280 99.578727
INFO:root:train 750 1.102281e-01 97.031042 99.592210
INFO:root:train 800 1.098440e-01 97.031055 99.596208
INFO:root:train 850 1.104209e-01 97.023722 99.592391
INFO:root:train 900 1.105858e-01 97.024140 99.599403
INFO:root:train 950 1.102197e-01 97.026157 99.599106
INFO:root:train 1000 1.108686e-01 97.015485 99.589473
INFO:root:train 1050 1.113406e-01 97.005828 99.582243
INFO:root:train 1100 1.122523e-01 96.984276 99.574251
INFO:root:train 1150 1.122592e-01 96.983601 99.576455
INFO:root:train 1200 1.130425e-01 96.973876 99.575874
INFO:root:train 1250 1.134155e-01 96.971173 99.574091
INFO:root:train 1300 1.136117e-01 96.975884 99.573645
INFO:root:train 1350 1.139060e-01 96.974463 99.568607
INFO:root:train 1400 1.137739e-01 96.973144 99.566158
INFO:root:train 1450 1.133846e-01 96.975146 99.569263
INFO:root:train 1500 1.140350e-01 96.943704 99.563832
INFO:root:train 1550 1.138796e-01 96.944512 99.566812
INFO:root:train 1600 1.140614e-01 96.935509 99.568629
INFO:root:train 1650 1.142279e-01 96.937462 99.571283
INFO:root:train 1700 1.133880e-01 96.961346 99.574699
INFO:root:train 1750 1.131507e-01 96.967804 99.576135
INFO:root:train 1800 1.129877e-01 96.972168 99.575757
INFO:root:train 1850 1.138111e-01 96.956881 99.570334
INFO:root:train 1900 1.136760e-01 96.961303 99.569306
INFO:root:train 1950 1.140799e-01 96.958291 99.572335
INFO:root:train 2000 1.139862e-01 96.963237 99.572089
INFO:root:train 2050 1.144271e-01 96.958801 99.565761
INFO:root:train 2100 1.141894e-01 96.958294 99.567170
INFO:root:train 2150 1.144031e-01 96.953452 99.567788
INFO:root:train 2200 1.146193e-01 96.946700 99.561989
INFO:root:train 2250 1.148367e-01 96.947190 99.561306
INFO:root:train 2300 1.151220e-01 96.941547 99.559295
INFO:root:train 2350 1.150584e-01 96.936809 99.555375
INFO:root:train 2400 1.152891e-01 96.918602 99.556175
INFO:root:train 2450 1.150148e-01 96.918987 99.555666
INFO:root:train 2500 1.150778e-01 96.918108 99.552054
INFO:root:train 2550 1.147602e-01 96.927675 99.553484
INFO:root:train 2600 1.149823e-01 96.922458 99.549452
INFO:root:train 2650 1.149554e-01 96.924510 99.547930
INFO:root:train 2700 1.148368e-01 96.924172 99.544729
INFO:root:train 2750 1.145549e-01 96.926686 99.546756
INFO:root:train 2800 1.147179e-01 96.922974 99.543690
INFO:root:train 2850 1.147546e-01 96.923777 99.544020
INFO:root:train 2900 1.146942e-01 96.925629 99.547570
INFO:root:train 2950 1.152394e-01 96.914182 99.543057
INFO:root:train 3000 1.150172e-01 96.917173 99.546505
INFO:root:train 3050 1.152127e-01 96.918531 99.543695
INFO:root:train 3100 1.153726e-01 96.910775 99.542486
INFO:root:train 3150 1.155253e-01 96.908719 99.542308
INFO:root:train 3200 1.155508e-01 96.907705 99.542135
INFO:root:train 3250 1.154735e-01 96.914892 99.542448
INFO:root:train 3300 1.155945e-01 96.917127 99.539439
INFO:root:train 3350 1.162252e-01 96.903909 99.535586
INFO:root:train 3400 1.161992e-01 96.905781 99.537360
INFO:root:train 3450 1.163037e-01 96.908505 99.535008
INFO:root:train 3500 1.163470e-01 96.907134 99.534062
INFO:root:train 3550 1.163587e-01 96.905361 99.532702
INFO:root:train 3600 1.165808e-01 96.901902 99.529211
INFO:root:train_acc 96.900136
INFO:root:valid 000 2.953142e-01 93.750000 98.437500
INFO:root:valid 050 3.230745e-01 92.340686 98.039216
INFO:root:valid 100 3.133390e-01 92.558787 98.112624
INFO:root:valid 150 3.075588e-01 92.715232 98.168460
INFO:root:valid 200 2.998048e-01 92.918221 98.243159
INFO:root:valid 250 3.097605e-01 92.778884 98.182271
INFO:root:valid 300 3.103057e-01 92.722176 98.188331
INFO:root:valid 350 3.117970e-01 92.699430 98.161503
INFO:root:valid 400 3.127333e-01 92.670667 98.156951
INFO:root:valid 450 3.169194e-01 92.544346 98.129157
INFO:root:valid 500 3.194947e-01 92.530564 98.088199
INFO:root:valid 550 3.222597e-01 92.479583 98.037659
INFO:root:valid 600 3.246001e-01 92.468282 98.008527
INFO:root:test_acc 92.474122
INFO:root:epoch 12 lr 5.460095e-03
INFO:root:train 000 7.596890e-02 96.875000 100.000000
INFO:root:train 050 1.240376e-01 96.783088 99.479167
INFO:root:train 100 1.147595e-01 96.859530 99.535891
INFO:root:train 150 1.063190e-01 97.061258 99.586093
INFO:root:train 200 1.074807e-01 97.084888 99.580224
INFO:root:train 250 1.024635e-01 97.167580 99.614044
INFO:root:train 300 1.031253e-01 97.196844 99.610673
INFO:root:train 350 1.014339e-01 97.217771 99.634972
INFO:root:train 400 1.048268e-01 97.206203 99.618142
INFO:root:train 450 1.045234e-01 97.197201 99.622367
INFO:root:train 500 1.045947e-01 97.208708 99.631986
INFO:root:train 550 1.047602e-01 97.229469 99.631352
INFO:root:train 600 1.035109e-01 97.264975 99.633423
INFO:root:train 650 1.025139e-01 97.302227 99.637577
INFO:root:train 700 1.025333e-01 97.305189 99.618848
INFO:root:train 750 1.019444e-01 97.309837 99.617177
INFO:root:train 800 1.021084e-01 97.315855 99.604011
INFO:root:train 850 1.021007e-01 97.321166 99.605244
INFO:root:train 900 1.016868e-01 97.322420 99.609809
INFO:root:train 950 1.022571e-01 97.313683 99.607321
INFO:root:train 1000 1.027143e-01 97.298014 99.605082
INFO:root:train 1050 1.027364e-01 97.289784 99.607517
INFO:root:train 1100 1.034193e-01 97.256755 99.608311
INFO:root:train 1150 1.033803e-01 97.256462 99.602248
INFO:root:train 1200 1.037665e-01 97.257494 99.594088
INFO:root:train 1250 1.036924e-01 97.255945 99.599071
INFO:root:train 1300 1.043063e-01 97.244908 99.595263
INFO:root:train 1350 1.048109e-01 97.245096 99.595207
INFO:root:train 1400 1.046959e-01 97.243041 99.598501
INFO:root:train 1450 1.048463e-01 97.227128 99.598337
INFO:root:train 1500 1.051794e-01 97.213316 99.596103
INFO:root:train 1550 1.055406e-01 97.209462 99.590990
INFO:root:train 1600 1.055730e-01 97.206824 99.593028
INFO:root:train 1650 1.052297e-01 97.209078 99.594942
INFO:root:train 1700 1.052271e-01 97.213955 99.598582
INFO:root:train 1750 1.052628e-01 97.206953 99.599336
INFO:root:train 1800 1.050001e-01 97.204678 99.600916
INFO:root:train 1850 1.052864e-01 97.204214 99.599878
INFO:root:train 1900 1.055335e-01 97.197199 99.601361
INFO:root:train 1950 1.061414e-01 97.181734 99.593958
INFO:root:train 2000 1.056397e-01 97.186563 99.596296
INFO:root:train 2050 1.056610e-01 97.178206 99.593948
INFO:root:train 2100 1.056194e-01 97.173221 99.595431
INFO:root:train 2150 1.061274e-01 97.169195 99.592486
INFO:root:train 2200 1.059450e-01 97.171030 99.589675
INFO:root:train 2250 1.065748e-01 97.162372 99.586295
INFO:root:train 2300 1.065634e-01 97.165635 99.586457
INFO:root:train 2350 1.064796e-01 97.166764 99.585283
INFO:root:train 2400 1.064011e-01 97.160688 99.585459
INFO:root:train 2450 1.064623e-01 97.165060 99.586266
INFO:root:train 2500 1.067395e-01 97.158637 99.585166
INFO:root:train 2550 1.069022e-01 97.161040 99.584109
INFO:root:train 2600 1.070505e-01 97.152537 99.583093
INFO:root:train 2650 1.069789e-01 97.149071 99.585652
INFO:root:train 2700 1.067307e-01 97.156724 99.586959
INFO:root:train 2750 1.068147e-01 97.158420 99.585378
INFO:root:train 2800 1.068191e-01 97.161170 99.584970
INFO:root:train 2850 1.071966e-01 97.158892 99.581287
INFO:root:train 2900 1.070117e-01 97.161539 99.582579
INFO:root:train 2950 1.070488e-01 97.161450 99.583298
INFO:root:train 3000 1.068977e-01 97.162404 99.585034
INFO:root:train 3050 1.073166e-01 97.158206 99.581080
INFO:root:train 3100 1.074817e-01 97.155655 99.582292
INFO:root:train 3150 1.072724e-01 97.162111 99.581978
INFO:root:train 3200 1.072435e-01 97.160555 99.584114
INFO:root:train 3250 1.073289e-01 97.158567 99.585224
INFO:root:train 3300 1.074472e-01 97.156165 99.584406
INFO:root:train 3350 1.073493e-01 97.156166 99.585478
INFO:root:train 3400 1.073975e-01 97.152951 99.582843
INFO:root:train 3450 1.075775e-01 97.149377 99.583001
INFO:root:train 3500 1.076107e-01 97.150368 99.583601
INFO:root:train 3550 1.078633e-01 97.138130 99.579784
INFO:root:train 3600 1.076891e-01 97.137948 99.582147
INFO:root:train_acc 97.137693
INFO:root:valid 000 3.141129e-01 95.312500 98.437500
INFO:root:valid 050 3.184396e-01 93.014706 98.223039
INFO:root:valid 100 3.028499e-01 93.053837 98.267327
INFO:root:valid 150 2.985923e-01 93.118791 98.271937
INFO:root:valid 200 2.910433e-01 93.143657 98.367537
INFO:root:valid 250 3.003264e-01 93.121265 98.256972
INFO:root:valid 300 2.997942e-01 93.101121 98.235050
INFO:root:valid 350 3.027370e-01 93.068910 98.210470
INFO:root:valid 400 3.022255e-01 93.107076 98.207606
INFO:root:valid 450 3.090191e-01 92.970482 98.139551
INFO:root:valid 500 3.103890e-01 92.951597 98.134980
INFO:root:valid 550 3.108654e-01 92.930467 98.128403
INFO:root:valid 600 3.134205e-01 92.905054 98.099522
INFO:root:test_acc 92.907360
INFO:root:epoch 13 lr 4.122147e-03
INFO:root:train 000 3.252698e-02 100.000000 100.000000
INFO:root:train 050 9.797112e-02 97.303922 99.662990
INFO:root:train 100 1.069023e-01 97.246287 99.566832
INFO:root:train 150 1.119910e-01 97.123344 99.524007
INFO:root:train 200 1.028739e-01 97.364739 99.587998
INFO:root:train 250 1.004131e-01 97.373008 99.614044
INFO:root:train 300 1.030450e-01 97.311047 99.584718
INFO:root:train 350 1.016020e-01 97.311254 99.603811
INFO:root:train 400 9.983867e-02 97.346478 99.618142
INFO:root:train 450 9.900862e-02 97.353104 99.639690
INFO:root:train 500 9.778749e-02 97.389596 99.641342
INFO:root:train 550 9.759900e-02 97.419465 99.631352
INFO:root:train 600 9.696672e-02 97.405366 99.649022
INFO:root:train 650 9.693782e-02 97.407834 99.639977
INFO:root:train 700 9.701261e-02 97.427782 99.632222
INFO:root:train 750 9.806862e-02 97.388898 99.621338
INFO:root:train 800 9.789713e-02 97.393883 99.627419
INFO:root:train 850 9.696782e-02 97.425823 99.627277
INFO:root:train 900 9.614977e-02 97.436876 99.630619
INFO:root:train 950 9.574005e-02 97.440195 99.633609
INFO:root:train 1000 9.674764e-02 97.413524 99.622253
INFO:root:train 1050 9.642645e-02 97.411691 99.626843
INFO:root:train 1100 9.634064e-02 97.429893 99.629598
INFO:root:train 1150 9.545133e-02 97.451944 99.637543
INFO:root:train 1200 9.538108e-02 97.442236 99.638322
INFO:root:train 1250 9.618409e-02 97.427058 99.634043
INFO:root:train 1300 9.603267e-02 97.437068 99.636097
INFO:root:train 1350 9.553545e-02 97.454432 99.635687
INFO:root:train 1400 9.708977e-02 97.432637 99.626383
INFO:root:train 1450 9.768431e-02 97.408038 99.628489
INFO:root:train 1500 9.801324e-02 97.395486 99.626291
INFO:root:train 1550 9.749312e-02 97.397848 99.633301
INFO:root:train 1600 9.733606e-02 97.406894 99.634994
INFO:root:train 1650 9.769329e-02 97.401196 99.632798
INFO:root:train 1700 9.775654e-02 97.397670 99.634406
INFO:root:train 1750 9.701155e-02 97.414870 99.635030
INFO:root:train 1800 9.654717e-02 97.428512 99.635619
INFO:root:train 1850 9.589238e-02 97.442261 99.640397
INFO:root:train 1900 9.579866e-02 97.441314 99.641636
INFO:root:train 1950 9.557051e-02 97.445220 99.644413
INFO:root:train 2000 9.569274e-02 97.441123 99.643928
INFO:root:train 2050 9.543324e-02 97.444082 99.644990
INFO:root:train 2100 9.588130e-02 97.430539 99.643771
INFO:root:train 2150 9.611742e-02 97.425616 99.643334
INFO:root:train 2200 9.628815e-02 97.423046 99.642208
INFO:root:train 2250 9.621073e-02 97.417120 99.642520
INFO:root:train 2300 9.654417e-02 97.412131 99.640102
INFO:root:train 2350 9.660863e-02 97.412006 99.640446
INFO:root:train 2400 9.665678e-02 97.413838 99.640124
INFO:root:train 2450 9.706865e-02 97.402846 99.641090
INFO:root:train 2500 9.740991e-02 97.401040 99.637020
INFO:root:train 2550 9.726325e-02 97.398692 99.641072
INFO:root:train 2600 9.726167e-02 97.399438 99.638961
INFO:root:train 2650 9.730444e-02 97.390136 99.638108
INFO:root:train 2700 9.709648e-02 97.388699 99.640180
INFO:root:train 2750 9.711728e-02 97.389018 99.640472
INFO:root:train 2800 9.700098e-02 97.393230 99.641869
INFO:root:train 2850 9.737844e-02 97.384690 99.642121
INFO:root:train 2900 9.735035e-02 97.388831 99.639133
INFO:root:train 2950 9.719484e-02 97.390715 99.638894
INFO:root:train 3000 9.734937e-02 97.385767 99.638662
INFO:root:train 3050 9.724560e-02 97.389176 99.636902
INFO:root:train 3100 9.718542e-02 97.392978 99.635702
INFO:root:train 3150 9.750083e-02 97.383271 99.634045
INFO:root:train 3200 9.756820e-02 97.379725 99.633415
INFO:root:train 3250 9.770143e-02 97.380614 99.631363
INFO:root:train 3300 9.789269e-02 97.373902 99.630794
INFO:root:train 3350 9.826829e-02 97.365059 99.627910
INFO:root:train 3400 9.816354e-02 97.364286 99.629704
INFO:root:train 3450 9.846909e-02 97.362178 99.628731
INFO:root:train 3500 9.838788e-02 97.363253 99.628231
INFO:root:train 3550 9.857899e-02 97.359899 99.624666
INFO:root:train 3600 9.856796e-02 97.360542 99.622935
INFO:root:train_acc 97.361048
INFO:root:valid 000 3.068661e-01 93.750000 98.437500
INFO:root:valid 050 3.165086e-01 93.075980 98.253676
INFO:root:valid 100 3.030145e-01 93.270421 98.205446
INFO:root:valid 150 2.917342e-01 93.367136 98.189156
INFO:root:valid 200 2.881784e-01 93.299129 98.274254
INFO:root:valid 250 2.992975e-01 93.220867 98.120020
INFO:root:valid 300 2.979061e-01 93.163414 98.094892
INFO:root:valid 350 3.003794e-01 93.091168 98.112536
INFO:root:valid 400 3.024966e-01 93.033042 98.133572
INFO:root:valid 450 3.059325e-01 92.949695 98.122228
INFO:root:valid 500 3.086153e-01 92.923528 98.113149
INFO:root:valid 550 3.096551e-01 92.973004 98.077359
INFO:root:valid 600 3.117454e-01 92.938852 98.047525
INFO:root:test_acc 92.943679
INFO:root:epoch 14 lr 2.928932e-03
INFO:root:train 000 3.887757e-01 95.312500 98.437500
INFO:root:train 050 1.020351e-01 97.365196 99.571078
INFO:root:train 100 1.065366e-01 97.509282 99.535891
INFO:root:train 150 1.028893e-01 97.485513 99.555050
INFO:root:train 200 9.958736e-02 97.496891 99.611318
INFO:root:train 250 9.932811e-02 97.485060 99.582918
INFO:root:train 300 9.699488e-02 97.539452 99.595100
INFO:root:train 350 9.585501e-02 97.556090 99.617165
INFO:root:train 400 9.636522e-02 97.541303 99.602556
INFO:root:train 450 9.429704e-02 97.595621 99.618902
INFO:root:train 500 9.405206e-02 97.570484 99.628867
INFO:root:train 550 9.301315e-02 97.575431 99.637024
INFO:root:train 600 9.197216e-02 97.618552 99.649022
INFO:root:train 650 9.257607e-02 97.616647 99.639977
INFO:root:train 700 9.279593e-02 97.601641 99.636680
INFO:root:train 750 9.287150e-02 97.588632 99.629660
INFO:root:train 800 9.273111e-02 97.602606 99.627419
INFO:root:train 850 9.128776e-02 97.627791 99.636457
INFO:root:train 900 9.155108e-02 97.627636 99.639290
INFO:root:train 950 9.153571e-02 97.615996 99.641824
INFO:root:train 1000 9.145864e-02 97.621129 99.644106
INFO:root:train 1050 9.233652e-02 97.594553 99.637250
INFO:root:train 1100 9.234127e-02 97.595936 99.639532
INFO:root:train 1150 9.252179e-02 97.591768 99.640258
INFO:root:train 1200 9.246811e-02 97.598356 99.642225
INFO:root:train 1250 9.193659e-02 97.599420 99.644035
INFO:root:train 1300 9.180141e-02 97.613615 99.638499
INFO:root:train 1350 9.159608e-02 97.590905 99.635687
INFO:root:train 1400 9.093013e-02 97.609966 99.645343
INFO:root:train 1450 9.098573e-02 97.590024 99.646795
INFO:root:train 1500 9.083172e-02 97.580779 99.650233
INFO:root:train 1550 9.130927e-02 97.570116 99.648412
INFO:root:train 1600 9.054696e-02 97.587445 99.649633
INFO:root:train 1650 9.042697e-02 97.595207 99.652673
INFO:root:train 1700 9.085742e-02 97.583223 99.650022
INFO:root:train 1750 9.116108e-02 97.582631 99.644846
INFO:root:train 1800 9.089820e-02 97.592483 99.646030
INFO:root:train 1850 9.039022e-02 97.603491 99.647150
INFO:root:train 1900 9.023878e-02 97.601591 99.648211
INFO:root:train 1950 9.007603e-02 97.602992 99.650019
INFO:root:train 2000 9.052253e-02 97.592610 99.647832
INFO:root:train 2050 9.052742e-02 97.585781 99.649561
INFO:root:train 2100 9.076912e-02 97.580765 99.642283
INFO:root:train 2150 9.104105e-02 97.576709 99.640429
INFO:root:train 2200 9.134084e-02 97.571416 99.640788
INFO:root:train 2250 9.150483e-02 97.567748 99.639049
INFO:root:train 2300 9.210364e-02 97.554053 99.631274
INFO:root:train 2350 9.235054e-02 97.552903 99.630476
INFO:root:train 2400 9.239196e-02 97.557658 99.630362
INFO:root:train 2450 9.232837e-02 97.562220 99.628978
INFO:root:train 2500 9.249104e-02 97.559726 99.627024
INFO:root:train 2550 9.247199e-02 97.565906 99.626372
INFO:root:train 2600 9.221601e-02 97.568243 99.628148
INFO:root:train 2650 9.183183e-02 97.572850 99.631625
INFO:root:train 2700 9.172542e-02 97.572080 99.633238
INFO:root:train 2750 9.181434e-02 97.569634 99.631952
INFO:root:train 2800 9.158885e-02 97.574527 99.634059
INFO:root:train 2850 9.167935e-02 97.569932 99.634448
INFO:root:train 2900 9.178497e-02 97.573035 99.634286
INFO:root:train 2950 9.180048e-02 97.568091 99.633599
INFO:root:train 3000 9.199100e-02 97.570081 99.632414
INFO:root:train 3050 9.209149e-02 97.566372 99.633829
INFO:root:train 3100 9.219117e-02 97.569332 99.634191
INFO:root:train 3150 9.234127e-02 97.564265 99.632557
INFO:root:train 3200 9.217421e-02 97.568631 99.634880
INFO:root:train 3250 9.204848e-02 97.575746 99.634247
INFO:root:train 3300 9.211267e-02 97.576019 99.632214
INFO:root:train 3350 9.216830e-02 97.574418 99.634437
INFO:root:train 3400 9.230805e-02 97.571946 99.632461
INFO:root:train 3450 9.198149e-02 97.579506 99.634617
INFO:root:train 3500 9.229555e-02 97.578817 99.631355
INFO:root:train 3550 9.235408e-02 97.576387 99.630386
INFO:root:train 3600 9.224825e-02 97.580967 99.630311
INFO:root:train_acc 97.578379
INFO:root:valid 000 2.256776e-01 96.875000 98.437500
INFO:root:valid 050 3.157562e-01 93.229167 98.223039
INFO:root:valid 100 2.953615e-01 93.502475 98.236386
INFO:root:valid 150 2.855355e-01 93.729305 98.292632
INFO:root:valid 200 2.778037e-01 93.718905 98.336443
INFO:root:valid 250 2.903257e-01 93.588147 98.225847
INFO:root:valid 300 2.897543e-01 93.542359 98.219477
INFO:root:valid 350 2.897617e-01 93.522970 98.250534
INFO:root:valid 400 2.909086e-01 93.477244 98.266054
INFO:root:valid 450 2.972940e-01 93.330793 98.222700
INFO:root:valid 500 2.982975e-01 93.300898 98.216068
INFO:root:valid 550 3.000041e-01 93.310458 98.173775
INFO:root:valid 600 3.022852e-01 93.271631 98.156718
INFO:root:test_acc 93.278336
INFO:root:epoch 15 lr 1.909830e-03
INFO:root:train 000 2.121224e-02 100.000000 100.000000
INFO:root:train 050 7.481237e-02 97.977941 99.632353
INFO:root:train 100 7.567547e-02 97.973391 99.721535
INFO:root:train 150 7.865736e-02 97.909768 99.699917
INFO:root:train 200 7.926073e-02 97.932214 99.673507
INFO:root:train 250 8.109894e-02 97.808765 99.694970
INFO:root:train 300 7.832469e-02 97.876869 99.709302
INFO:root:train 350 7.980953e-02 97.832087 99.697293
INFO:root:train 400 8.074180e-02 97.817955 99.696072
INFO:root:train 450 8.239077e-02 97.775776 99.688193
INFO:root:train 500 8.539813e-02 97.720185 99.669411
INFO:root:train 550 8.358347e-02 97.765426 99.662545
INFO:root:train 600 8.338006e-02 97.769343 99.672421
INFO:root:train 650 8.404133e-02 97.779858 99.663978
INFO:root:train 700 8.496307e-02 97.755439 99.656740
INFO:root:train 750 8.615886e-02 97.732190 99.656708
INFO:root:train 800 8.586163e-02 97.733302 99.656679
INFO:root:train 850 8.514190e-02 97.745300 99.665834
INFO:root:train 900 8.484784e-02 97.745560 99.670505
INFO:root:train 950 8.660839e-02 97.709648 99.663183
INFO:root:train 1000 8.657383e-02 97.710102 99.665959
INFO:root:train 1050 8.663037e-02 97.717947 99.666984
INFO:root:train 1100 8.680957e-02 97.715145 99.670754
INFO:root:train 1150 8.698840e-02 97.694939 99.672839
INFO:root:train 1200 8.667938e-02 97.690726 99.674750
INFO:root:train 1250 8.664090e-02 97.681855 99.677758
INFO:root:train 1300 8.656461e-02 97.690478 99.680534
INFO:root:train 1350 8.644956e-02 97.686899 99.684262
INFO:root:train 1400 8.649361e-02 97.676883 99.684377
INFO:root:train 1450 8.576827e-02 97.688017 99.690946
INFO:root:train 1500 8.602600e-02 97.689041 99.689790
INFO:root:train 1550 8.598769e-02 97.685969 99.689716
INFO:root:train 1600 8.590198e-02 97.690896 99.687695
INFO:root:train 1650 8.562956e-02 97.698365 99.687689
INFO:root:train 1700 8.533779e-02 97.699882 99.687684
INFO:root:train 1750 8.521559e-02 97.696852 99.689463
INFO:root:train 1800 8.537978e-02 97.693122 99.686806
INFO:root:train 1850 8.565672e-02 97.686217 99.688513
INFO:root:train 1900 8.560424e-02 97.685429 99.692596
INFO:root:train 1950 8.556928e-02 97.691088 99.693266
INFO:root:train 2000 8.536143e-02 97.690998 99.692341
INFO:root:train 2050 8.525980e-02 97.689389 99.692985
INFO:root:train 2100 8.587340e-02 97.688601 99.689880
INFO:root:train 2150 8.628410e-02 97.683490 99.689098
INFO:root:train 2200 8.590916e-02 97.684291 99.692611
INFO:root:train 2250 8.609496e-02 97.676033 99.693192
INFO:root:train 2300 8.595893e-02 97.679677 99.692389
INFO:root:train 2350 8.630490e-02 97.669210 99.690956
INFO:root:train 2400 8.631256e-02 97.664385 99.689582
INFO:root:train 2450 8.618396e-02 97.662944 99.688265
INFO:root:train 2500 8.620336e-02 97.665309 99.687000
INFO:root:train 2550 8.605031e-02 97.668806 99.687010
INFO:root:train 2600 8.601315e-02 97.671569 99.688822
INFO:root:train 2650 8.618962e-02 97.663028 99.688797
INFO:root:train 2700 8.666593e-02 97.657696 99.685302
INFO:root:train 2750 8.652283e-02 97.662782 99.685910
INFO:root:train 2800 8.625953e-02 97.668243 99.688727
INFO:root:train 2850 8.630116e-02 97.658716 99.687610
INFO:root:train 2900 8.586805e-02 97.671062 99.688146
INFO:root:train 2950 8.591842e-02 97.669222 99.688135
INFO:root:train 3000 8.609423e-02 97.671609 99.687083
INFO:root:train 3050 8.604200e-02 97.673918 99.689139
INFO:root:train 3100 8.593767e-02 97.678672 99.690120
INFO:root:train 3150 8.578162e-02 97.681292 99.690079
INFO:root:train 3200 8.609119e-02 97.673090 99.688086
INFO:root:train 3250 8.591599e-02 97.676196 99.687116
INFO:root:train 3300 8.606021e-02 97.670687 99.684755
INFO:root:train 3350 8.595013e-02 97.672337 99.685262
INFO:root:train 3400 8.588496e-02 97.675316 99.685754
INFO:root:train 3450 8.627099e-02 97.670512 99.683968
INFO:root:train 3500 8.607713e-02 97.674325 99.684465
INFO:root:train 3550 8.614013e-02 97.674511 99.684948
INFO:root:train 3600 8.607641e-02 97.673823 99.685851
INFO:root:train_acc 97.673488
INFO:root:valid 000 3.431241e-01 90.625000 98.437500
INFO:root:valid 050 3.193480e-01 93.382353 98.284314
INFO:root:valid 100 2.880343e-01 93.827351 98.391089
INFO:root:valid 150 2.851876e-01 93.812086 98.385762
INFO:root:valid 200 2.760551e-01 93.757774 98.445274
INFO:root:valid 250 2.848312e-01 93.606823 98.356574
INFO:root:valid 300 2.842342e-01 93.630606 98.359635
INFO:root:valid 350 2.872368e-01 93.576389 98.366275
INFO:root:valid 400 2.872790e-01 93.539589 98.367363
INFO:root:valid 450 2.913582e-01 93.479767 98.323171
INFO:root:valid 500 2.943084e-01 93.450599 98.303393
INFO:root:valid 550 2.954450e-01 93.466425 98.287205
INFO:root:valid 600 2.982703e-01 93.419821 98.263311
INFO:root:test_acc 93.421018
INFO:root:epoch 16 lr 1.089935e-03
INFO:root:train 000 2.701284e-01 93.750000 98.437500
INFO:root:train 050 8.269605e-02 98.039216 99.601716
INFO:root:train 100 8.454698e-02 97.942450 99.675124
INFO:root:train 150 8.601952e-02 97.744205 99.689570
INFO:root:train 200 8.527260e-02 97.846704 99.704602
INFO:root:train 250 8.259380e-02 97.802540 99.726096
INFO:root:train 300 8.390552e-02 97.773048 99.714493
INFO:root:train 350 8.546501e-02 97.734152 99.683939
INFO:root:train 400 8.473769e-02 97.751714 99.684383
INFO:root:train 450 8.424809e-02 97.772312 99.695122
INFO:root:train 500 8.363824e-02 97.791916 99.694361
INFO:root:train 550 8.258401e-02 97.819306 99.710753
INFO:root:train 600 8.141863e-02 97.860337 99.714018
INFO:root:train 650 8.088917e-02 97.878264 99.719182
INFO:root:train 700 8.131618e-02 97.846826 99.719151
INFO:root:train 750 8.126754e-02 97.834138 99.712883
INFO:root:train 800 8.104746e-02 97.858146 99.715200
INFO:root:train 850 7.961352e-02 97.881169 99.724589
INFO:root:train 900 7.923511e-02 97.880827 99.729467
INFO:root:train 950 7.922860e-02 97.878877 99.728904
INFO:root:train 1000 7.909536e-02 97.870879 99.729958
INFO:root:train 1050 7.988678e-02 97.857695 99.727938
INFO:root:train 1100 8.015423e-02 97.869834 99.724682
INFO:root:train 1150 7.948810e-02 97.880919 99.728497
INFO:root:train 1200 7.888636e-02 97.893682 99.734596
INFO:root:train 1250 7.910674e-02 97.886691 99.732714
INFO:root:train 1300 7.931784e-02 97.877834 99.732177
INFO:root:train 1350 7.967639e-02 97.869634 99.729367
INFO:root:train 1400 8.006624e-02 97.858672 99.724527
INFO:root:train 1450 8.013198e-02 97.861389 99.723251
INFO:root:train 1500 8.023876e-02 97.862883 99.719978
INFO:root:train 1550 8.088587e-02 97.855214 99.714902
INFO:root:train 1600 8.026405e-02 97.874375 99.717950
INFO:root:train 1650 8.052784e-02 97.863984 99.716081
INFO:root:train 1700 8.070141e-02 97.862471 99.717078
INFO:root:train 1750 8.056829e-02 97.865505 99.718018
INFO:root:train 1800 8.056364e-02 97.864034 99.716303
INFO:root:train 1850 8.060873e-02 97.858421 99.716370
INFO:root:train 1900 8.072609e-02 97.861323 99.716432
INFO:root:train 1950 8.135535e-02 97.855267 99.714890
INFO:root:train 2000 8.157956e-02 97.850294 99.714986
INFO:root:train 2050 8.158608e-02 97.845563 99.714316
INFO:root:train 2100 8.184876e-02 97.837339 99.713678
INFO:root:train 2150 8.152539e-02 97.844026 99.716702
INFO:root:train 2200 8.166196e-02 97.839050 99.713908
INFO:root:train 2250 8.145332e-02 97.847484 99.714710
INFO:root:train 2300 8.133826e-02 97.847403 99.716156
INFO:root:train 2350 8.128575e-02 97.840679 99.715547
INFO:root:train 2400 8.147103e-02 97.830331 99.714312
INFO:root:train 2450 8.117755e-02 97.827417 99.716952
INFO:root:train 2500 8.131871e-02 97.824620 99.716363
INFO:root:train 2550 8.151393e-02 97.828058 99.713348
INFO:root:train 2600 8.155245e-02 97.826557 99.712250
INFO:root:train 2650 8.178912e-02 97.819219 99.711783
INFO:root:train 2700 8.220824e-02 97.812731 99.707863
INFO:root:train 2750 8.189294e-02 97.818407 99.707493
INFO:root:train 2800 8.174535e-02 97.814397 99.708809
INFO:root:train 2850 8.184630e-02 97.808335 99.706243
INFO:root:train 2900 8.191043e-02 97.806791 99.705920
INFO:root:train 2950 8.220794e-02 97.799475 99.702431
INFO:root:train 3000 8.203954e-02 97.800733 99.703745
INFO:root:train 3050 8.230134e-02 97.796317 99.701942
INFO:root:train 3100 8.233717e-02 97.797585 99.701709
INFO:root:train 3150 8.216796e-02 97.799310 99.703467
INFO:root:train 3200 8.229879e-02 97.795611 99.703706
INFO:root:train 3250 8.198169e-02 97.799715 99.705860
INFO:root:train 3300 8.226493e-02 97.790442 99.706055
INFO:root:train 3350 8.225263e-02 97.792637 99.705312
INFO:root:train 3400 8.235932e-02 97.793388 99.705050
INFO:root:train 3450 8.223181e-02 97.790948 99.706607
INFO:root:train 3500 8.229982e-02 97.788132 99.706780
INFO:root:train 3550 8.241770e-02 97.789355 99.703429
INFO:root:train 3600 8.232523e-02 97.794883 99.704075
INFO:root:train_acc 97.795279
INFO:root:valid 000 3.144205e-01 93.750000 98.437500
INFO:root:valid 050 3.017171e-01 93.841912 98.161765
INFO:root:valid 100 2.821655e-01 93.920173 98.236386
INFO:root:valid 150 2.778117e-01 94.081126 98.209851
INFO:root:valid 200 2.685256e-01 94.084266 98.336443
INFO:root:valid 250 2.813737e-01 93.936753 98.250747
INFO:root:valid 300 2.810332e-01 93.843439 98.229859
INFO:root:valid 350 2.827757e-01 93.834580 98.228276
INFO:root:valid 400 2.837678e-01 93.843516 98.246571
INFO:root:valid 450 2.893578e-01 93.708426 98.208841
INFO:root:valid 500 2.920680e-01 93.643962 98.181761
INFO:root:valid 550 2.935895e-01 93.616720 98.165268
INFO:root:valid 600 2.956930e-01 93.578411 98.151518
INFO:root:test_acc 93.576673
INFO:root:epoch 17 lr 4.894348e-04
INFO:root:train 000 8.968491e-02 98.437500 100.000000
INFO:root:train 050 8.577204e-02 97.977941 99.693627
INFO:root:train 100 7.505491e-02 98.112624 99.783416
INFO:root:train 150 7.375343e-02 98.178808 99.772351
INFO:root:train 200 7.157866e-02 98.204291 99.782338
INFO:root:train 250 7.294996e-02 98.151145 99.800797
INFO:root:train 300 7.300612e-02 98.115656 99.781977
INFO:root:train 350 7.588377e-02 98.045762 99.750712
INFO:root:train 400 7.753250e-02 98.032263 99.738934
INFO:root:train 450 7.766844e-02 98.011364 99.743625
INFO:root:train 500 7.859655e-02 97.994636 99.722430
INFO:root:train 550 7.790124e-02 97.986615 99.719260
INFO:root:train 600 7.714833e-02 97.998128 99.719218
INFO:root:train 650 7.789067e-02 97.998272 99.704781
INFO:root:train 700 7.859231e-02 97.980563 99.701320
INFO:root:train 750 7.887274e-02 97.956891 99.698319
INFO:root:train 800 7.895126e-02 97.945927 99.699594
INFO:root:train 850 7.826688e-02 97.949104 99.711736
INFO:root:train 900 7.871000e-02 97.955397 99.715594
INFO:root:train 950 7.905357e-02 97.938026 99.707545
INFO:root:train 1000 7.961065e-02 97.917707 99.701861
INFO:root:train 1050 7.991409e-02 97.920136 99.693744
INFO:root:train 1100 7.980519e-02 97.913828 99.697718
INFO:root:train 1150 8.005691e-02 97.901281 99.694559
INFO:root:train 1200 8.026409e-02 97.901488 99.690362
INFO:root:train 1250 8.020782e-02 97.899181 99.695244
INFO:root:train 1300 7.996703e-02 97.899452 99.702152
INFO:root:train 1350 7.936156e-02 97.917052 99.703923
INFO:root:train 1400 7.912175e-02 97.923358 99.704452
INFO:root:train 1450 7.891873e-02 97.922769 99.707099
INFO:root:train 1500 7.880726e-02 97.913891 99.706446
INFO:root:train 1550 7.830149e-02 97.919689 99.711879
INFO:root:train 1600 7.844734e-02 97.909510 99.712094
INFO:root:train 1650 7.812754e-02 97.916036 99.715135
INFO:root:train 1700 7.834917e-02 97.919422 99.715241
INFO:root:train 1750 7.841939e-02 97.915477 99.711772
INFO:root:train 1800 7.869716e-02 97.912618 99.710230
INFO:root:train 1850 7.826460e-02 97.917511 99.714681
INFO:root:train 1900 7.826135e-02 97.913927 99.718076
INFO:root:train 1950 7.804671e-02 97.911328 99.718093
INFO:root:train 2000 7.847465e-02 97.901830 99.718891
INFO:root:train 2050 7.838179e-02 97.900414 99.721173
INFO:root:train 2100 7.797336e-02 97.903528 99.724833
INFO:root:train 2150 7.817031e-02 97.897780 99.726871
INFO:root:train 2200 7.799494e-02 97.897973 99.727397
INFO:root:train 2250 7.804419e-02 97.899545 99.726510
INFO:root:train 2300 7.814005e-02 97.899011 99.725663
INFO:root:train 2350 7.841801e-02 97.887202 99.724851
INFO:root:train 2400 7.846318e-02 97.887599 99.721470
INFO:root:train 2450 7.836508e-02 97.890529 99.723327
INFO:root:train 2500 7.853455e-02 97.892093 99.722611
INFO:root:train 2550 7.829115e-02 97.892371 99.724373
INFO:root:train 2600 7.837349e-02 97.890835 99.723664
INFO:root:train 2650 7.853777e-02 97.881106 99.724750
INFO:root:train 2700 7.841743e-02 97.881572 99.724061
INFO:root:train 2750 7.819502e-02 97.885428 99.725100
INFO:root:train 2800 7.815358e-02 97.885800 99.724987
INFO:root:train 2850 7.795390e-02 97.889995 99.728166
INFO:root:train 2900 7.830457e-02 97.880580 99.727465
INFO:root:train 2950 7.833784e-02 97.883133 99.728376
INFO:root:train 3000 7.828967e-02 97.888725 99.729257
INFO:root:train 3050 7.830458e-02 97.891060 99.728060
INFO:root:train 3100 7.808581e-02 97.894328 99.728414
INFO:root:train 3150 7.802576e-02 97.893526 99.729748
INFO:root:train 3200 7.797878e-02 97.894701 99.730065
INFO:root:train 3250 7.802543e-02 97.894878 99.728930
INFO:root:train 3300 7.841260e-02 97.886057 99.724515
INFO:root:train 3350 7.836155e-02 97.885892 99.724896
INFO:root:train 3400 7.847484e-02 97.886651 99.721130
INFO:root:train 3450 7.866856e-02 97.880596 99.719284
INFO:root:train 3500 7.877972e-02 97.878285 99.716599
INFO:root:train 3550 7.896592e-02 97.876038 99.714869
INFO:root:train 3600 7.900852e-02 97.873854 99.714055
INFO:root:train_acc 97.871883
INFO:root:valid 000 3.546588e-01 95.312500 98.437500
INFO:root:valid 050 2.966425e-01 93.474265 98.223039
INFO:root:valid 100 2.798284e-01 93.750000 98.437500
INFO:root:valid 150 2.752430e-01 93.801738 98.447848
INFO:root:valid 200 2.699062e-01 93.804415 98.468595
INFO:root:valid 250 2.787055e-01 93.743775 98.381474
INFO:root:valid 300 2.780146e-01 93.703281 98.359635
INFO:root:valid 350 2.791637e-01 93.634259 98.357372
INFO:root:valid 400 2.804180e-01 93.601933 98.351777
INFO:root:valid 450 2.865570e-01 93.504019 98.319706
INFO:root:valid 500 2.887512e-01 93.512974 98.334581
INFO:root:valid 550 2.901633e-01 93.508961 98.315563
INFO:root:valid 600 2.925551e-01 93.469218 98.278910
INFO:root:test_acc 93.475497
INFO:root:epoch 18 lr 1.231166e-04
INFO:root:train 000 1.951833e-01 98.437500 98.437500
INFO:root:train 050 7.252840e-02 98.161765 99.724265
INFO:root:train 100 7.153513e-02 98.282797 99.752475
INFO:root:train 150 7.352212e-02 98.147765 99.751656
INFO:root:train 200 7.595624e-02 98.095460 99.751244
INFO:root:train 250 7.481602e-02 98.120020 99.738546
INFO:root:train 300 7.428269e-02 98.032600 99.771595
INFO:root:train 350 7.290870e-02 98.059117 99.786325
INFO:root:train 400 7.443560e-02 98.001091 99.762313
INFO:root:train 450 7.520222e-02 97.987112 99.764412
INFO:root:train 500 7.480487e-02 97.957211 99.762974
INFO:root:train 550 7.476912e-02 97.978108 99.758961
INFO:root:train 600 7.656272e-02 97.959131 99.745216
INFO:root:train 650 7.768750e-02 97.926267 99.735983
INFO:root:train 700 7.696233e-02 97.927068 99.741441
INFO:root:train 750 7.732157e-02 97.913199 99.737850
INFO:root:train 800 7.727024e-02 97.893258 99.734707
INFO:root:train 850 7.923603e-02 97.864645 99.722753
INFO:root:train 900 7.872485e-02 97.858282 99.731201
INFO:root:train 950 7.827597e-02 97.870662 99.728904
INFO:root:train 1000 7.800010e-02 97.883367 99.726836
INFO:root:train 1050 7.910883e-02 97.857695 99.714558
INFO:root:train 1100 7.884426e-02 97.855643 99.719005
INFO:root:train 1150 7.852488e-02 97.868701 99.720352
INFO:root:train 1200 7.900446e-02 97.858555 99.713780
INFO:root:train 1250 7.860161e-02 97.856715 99.712730
INFO:root:train 1300 7.828217e-02 97.861020 99.712961
INFO:root:train 1350 7.810465e-02 97.863851 99.715489
INFO:root:train 1400 7.811730e-02 97.858672 99.718951
INFO:root:train 1450 7.828981e-02 97.859235 99.722174
INFO:root:train 1500 7.776753e-02 97.871211 99.726224
INFO:root:train 1550 7.781055e-02 97.858237 99.724976
INFO:root:train 1600 7.814521e-02 97.851928 99.724781
INFO:root:train 1650 7.824836e-02 97.848842 99.723652
INFO:root:train 1700 7.794516e-02 97.855122 99.726264
INFO:root:train 1750 7.771573e-02 97.860151 99.730511
INFO:root:train 1800 7.767360e-02 97.865769 99.729317
INFO:root:train 1850 7.729569e-02 97.876992 99.729876
INFO:root:train 1900 7.693867e-02 97.885981 99.732871
INFO:root:train 1950 7.700466e-02 97.881695 99.735712
INFO:root:train 2000 7.677449e-02 97.891679 99.739193
INFO:root:train 2050 7.673614e-02 97.884416 99.742504
INFO:root:train 2100 7.677109e-02 97.884936 99.740451
INFO:root:train 2150 7.687657e-02 97.880346 99.739947
INFO:root:train 2200 7.681298e-02 97.878095 99.738045
INFO:root:train 2250 7.695599e-02 97.872473 99.739005
INFO:root:train 2300 7.673090e-02 97.871170 99.739923
INFO:root:train 2350 7.681232e-02 97.871916 99.738808
INFO:root:train 2400 7.695263e-02 97.868076 99.737739
INFO:root:train 2450 7.777728e-02 97.853555 99.730977
INFO:root:train 2500 7.773912e-02 97.855233 99.730733
INFO:root:train 2550 7.771952e-02 97.855620 99.731723
INFO:root:train 2600 7.781602e-02 97.846982 99.731473
INFO:root:train 2650 7.757822e-02 97.856941 99.733002
INFO:root:train 2700 7.761044e-02 97.860168 99.730424
INFO:root:train 2750 7.768498e-02 97.859869 99.730212
INFO:root:train 2800 7.785117e-02 97.865718 99.728334
INFO:root:train 2850 7.770577e-02 97.869169 99.730358
INFO:root:train 2900 7.757574e-02 97.873039 99.729080
INFO:root:train 2950 7.753588e-02 97.875720 99.726788
INFO:root:train 3000 7.743860e-02 97.882997 99.728736
INFO:root:train 3050 7.757939e-02 97.879281 99.729597
INFO:root:train 3100 7.776388e-02 97.879716 99.729422
INFO:root:train 3150 7.811531e-02 97.877162 99.726277
INFO:root:train 3200 7.798906e-02 97.879569 99.726160
INFO:root:train 3250 7.803406e-02 97.876615 99.726046
INFO:root:train 3300 7.803772e-02 97.876590 99.724989
INFO:root:train 3350 7.808153e-02 97.879831 99.722564
INFO:root:train 3400 7.828600e-02 97.878841 99.721589
INFO:root:train 3450 7.836918e-02 97.880143 99.722454
INFO:root:train 3500 7.806383e-02 97.887657 99.725525
INFO:root:train 3550 7.830307e-02 97.886159 99.722349
INFO:root:train 3600 7.844267e-02 97.876892 99.723601
INFO:root:train_acc 97.875756
INFO:root:valid 000 3.080808e-01 93.750000 98.437500
INFO:root:valid 050 3.002073e-01 93.504902 98.284314
INFO:root:valid 100 2.825322e-01 93.935644 98.344678
INFO:root:valid 150 2.794286e-01 93.977649 98.334023
INFO:root:valid 200 2.707848e-01 94.037624 98.421953
INFO:root:valid 250 2.817435e-01 93.868277 98.331673
INFO:root:valid 300 2.821492e-01 93.822674 98.318106
INFO:root:valid 350 2.828504e-01 93.790064 98.317308
INFO:root:valid 400 2.832933e-01 93.777276 98.324501
INFO:root:valid 450 2.893555e-01 93.635671 98.271203
INFO:root:valid 500 2.907225e-01 93.619012 98.269087
INFO:root:valid 550 2.925198e-01 93.599705 98.227654
INFO:root:valid 600 2.949759e-01 93.575811 98.208715
INFO:root:test_acc 93.576673
INFO:root:epoch 19 lr 0.000000e+00
INFO:root:train 000 1.742369e-02 100.000000 100.000000
INFO:root:train 050 8.490208e-02 97.671569 99.662990
INFO:root:train 100 8.185687e-02 97.772277 99.659653
INFO:root:train 150 8.501841e-02 97.692467 99.658526
INFO:root:train 200 8.350646e-02 97.737873 99.665734
INFO:root:train 250 8.277311e-02 97.758964 99.657620
INFO:root:train 300 8.101940e-02 97.830150 99.672965
INFO:root:train 350 7.913475e-02 97.885506 99.701745
INFO:root:train 400 7.937665e-02 97.841334 99.692176
INFO:root:train 450 7.919064e-02 97.865854 99.674335
INFO:root:train 500 8.031738e-02 97.860529 99.672530
INFO:root:train 550 7.887955e-02 97.887364 99.685231
INFO:root:train 600 7.898327e-02 97.883735 99.693220
INFO:root:train 650 7.843273e-02 97.916667 99.695180
INFO:root:train 700 7.796539e-02 97.918153 99.701320
INFO:root:train 750 7.738969e-02 97.927763 99.708722
INFO:root:train 800 7.779207e-02 97.903012 99.707397
INFO:root:train 850 7.838622e-02 97.883005 99.708064
INFO:root:train 900 7.790710e-02 97.884295 99.715594
INFO:root:train 950 7.778791e-02 97.885450 99.720689
INFO:root:train 1000 7.882059e-02 97.853709 99.719031
INFO:root:train 1050 7.876559e-02 97.850262 99.719018
INFO:root:train 1100 7.885727e-02 97.837193 99.710490
INFO:root:train 1150 7.840263e-02 97.840193 99.716279
INFO:root:train 1200 7.819145e-02 97.833836 99.717683
INFO:root:train 1250 7.808515e-02 97.831735 99.716477
INFO:root:train 1300 7.821511e-02 97.834598 99.718966
INFO:root:train 1350 7.845210e-02 97.840720 99.720115
INFO:root:train 1400 7.842138e-02 97.843059 99.720066
INFO:root:train 1450 7.832698e-02 97.853851 99.721098
INFO:root:train 1500 7.877264e-02 97.854555 99.715814
INFO:root:train 1550 7.872599e-02 97.861259 99.716917
INFO:root:train 1600 7.852918e-02 97.870472 99.718926
INFO:root:train 1650 7.904241e-02 97.872502 99.715135
INFO:root:train 1700 7.871084e-02 97.879005 99.718915
INFO:root:train 1750 7.872575e-02 97.875321 99.718018
INFO:root:train 1800 7.868506e-02 97.880518 99.719774
INFO:root:train 1850 7.861936e-02 97.883745 99.718902
INFO:root:train 1900 7.835756e-02 97.889269 99.718076
INFO:root:train 1950 7.823582e-02 97.896111 99.717292
INFO:root:train 2000 7.840366e-02 97.897145 99.718110
INFO:root:train 2050 7.811968e-02 97.908794 99.719649
INFO:root:train 2100 7.820663e-02 97.901297 99.723346
INFO:root:train 2150 7.805081e-02 97.900686 99.724692
INFO:root:train 2200 7.828593e-02 97.894423 99.725267
INFO:root:train 2250 7.819180e-02 97.896074 99.725122
INFO:root:train 2300 7.812468e-02 97.901728 99.724305
INFO:root:train 2350 7.830936e-02 97.898501 99.723522
INFO:root:train 2400 7.789851e-02 97.909074 99.726676
INFO:root:train 2450 7.763607e-02 97.912204 99.726515
INFO:root:train 2500 7.748664e-02 97.912085 99.728858
INFO:root:train 2550 7.772585e-02 97.907683 99.726823
INFO:root:train 2600 7.781053e-02 97.905253 99.724865
INFO:root:train 2650 7.811670e-02 97.901146 99.720035
INFO:root:train 2700 7.806413e-02 97.899505 99.721168
INFO:root:train 2750 7.761071e-02 97.909283 99.725668
INFO:root:train 2800 7.778689e-02 97.908113 99.726102
INFO:root:train 2850 7.790576e-02 97.903148 99.724877
INFO:root:train 2900 7.803140e-02 97.894584 99.721540
INFO:root:train 2950 7.793229e-02 97.898488 99.723081
INFO:root:train 3000 7.784412e-02 97.898617 99.722488
INFO:root:train 3050 7.768788e-02 97.903863 99.722427
INFO:root:train 3100 7.797682e-02 97.893321 99.721360
INFO:root:train 3150 7.788910e-02 97.896005 99.722806
INFO:root:train 3200 7.821753e-02 97.891284 99.720302
INFO:root:train 3250 7.845238e-02 97.881902 99.718837
INFO:root:train 3300 7.851568e-02 97.880377 99.720255
INFO:root:train 3350 7.868605e-02 97.877966 99.721632
INFO:root:train 3400 7.891862e-02 97.875625 99.719752
INFO:root:train 3450 7.891635e-02 97.874710 99.719284
INFO:root:train 3500 7.879483e-02 97.875607 99.719723
INFO:root:train 3550 7.889023e-02 97.872958 99.717949
INFO:root:train 3600 7.924534e-02 97.866044 99.715357
INFO:root:train_acc 97.865858
INFO:root:valid 000 3.256693e-01 90.625000 98.437500
INFO:root:valid 050 2.944477e-01 93.474265 98.406863
INFO:root:valid 100 2.863612e-01 93.641708 98.282797
INFO:root:valid 150 2.786586e-01 93.956954 98.323675
INFO:root:valid 200 2.717163e-01 94.022077 98.383085
INFO:root:valid 250 2.817034e-01 93.868277 98.319223
INFO:root:valid 300 2.816963e-01 93.770764 98.307724
INFO:root:valid 350 2.812688e-01 93.798967 98.326211
INFO:root:valid 400 2.818641e-01 93.788965 98.343984
INFO:root:valid 450 2.876313e-01 93.656458 98.309313
INFO:root:valid 500 2.891540e-01 93.606537 98.318987
INFO:root:valid 550 2.914328e-01 93.574183 98.290041
INFO:root:valid 600 2.950697e-01 93.516015 98.250312
INFO:root:test_acc 93.522194
