Workingdir: /home/rkohli/aml-project/PC-DARTS
Started at Mon Sep  9 20:23:44 CEST 2019
Running job darts+es-model using 2 cpus per node with given JID 3251076 on queue meta_gpu-black
Experiment dir : eval-EXP-20190909-202355
09/09 08:23:57 PM Evaluate: [1.92033645e+01 1.38022606e-01 7.45361177e+00 8.58371949e-02
 1.45044987e+00 3.22176222e+00 2.87128392e+00 4.52186130e-04]
config {'batch_size': 32, 'drop_path_prob': 0.05520904239404373, 'grad_clip_value': 8, 'initial_lr': 2.686494617042169e-06, 'lr_scheduler': 'Cosine', 'n_conv_layers': 6, 'weight_decay': 1.0020845637714655e-05}
09/09 08:23:57 PM Configuration achieved a performance of 100.000000 in 0.000580 seconds
09/09 08:23:57 PM Evaluate: [2.76640389e+01 2.91374031e-01 5.39272926e+00 2.76239507e-02
 8.22400710e-01 5.84764721e+00 1.28101184e+00 3.07043620e-04]
config {'batch_size': 32, 'drop_path_prob': 0.11654961244310183, 'grad_clip_value': 8, 'initial_lr': 1.374420909286337e-06, 'lr_scheduler': 'Cosine', 'n_conv_layers': 6, 'optimizer': 'adad', 'weight_decay': 1.0014149882755549e-05}
09/09 08:23:57 PM gpu device = cuda:0
09/09 08:23:57 PM config = {'batch_size': 32, 'drop_path_prob': 0.11654961244310183, 'grad_clip_value': 8, 'initial_lr': 1.374420909286337e-06, 'lr_scheduler': 'Cosine', 'n_conv_layers': 6, 'optimizer': 'adad', 'weight_decay': 1.0014149882755549e-05}
48 48 16
48 64 16
64 64 32
64 128 32
128 128 64
128 256 64
09/09 08:24:34 PM param size = 0.255930MB
Training size= 48000
09/09 08:24:34 PM epoch 0 lr 1.243175e-06
09/09 08:24:38 PM train 000 2.394835e+00 12.500000 40.625000
09/09 08:24:47 PM train 050 2.351185e+00 7.322304 48.897059
09/09 08:24:56 PM train 100 2.352852e+00 7.193688 47.617574
09/09 08:25:05 PM train 150 2.353501e+00 6.943295 47.299255
09/09 08:25:14 PM train 200 2.355032e+00 6.864117 46.944963
09/09 08:25:23 PM train 250 2.353529e+00 6.940986 47.292082
09/09 08:25:32 PM train 300 2.352455e+00 7.013081 47.606935
09/09 08:25:41 PM train 350 2.351750e+00 7.015670 47.845442
09/09 08:25:50 PM train 400 2.351236e+00 7.021509 47.973815
09/09 08:25:59 PM train 450 2.350846e+00 7.074557 48.108370
09/09 08:26:08 PM train 500 2.350805e+00 7.060878 48.156811
09/09 08:26:17 PM train 550 2.350485e+00 7.029832 48.077359
09/09 08:26:26 PM train 600 2.350166e+00 7.061148 48.055324
09/09 08:26:35 PM train 650 2.350669e+00 7.025250 48.043875
09/09 08:26:44 PM train 700 2.350633e+00 6.992243 48.034058
09/09 08:26:52 PM train_acc 7.029167
09/09 08:26:52 PM valid 000 2.387074e+00 4.687500 35.937500
09/09 08:26:54 PM valid 050 2.350670e+00 7.475490 47.334559
09/09 08:26:55 PM valid 100 2.352233e+00 7.209158 47.663985
09/09 08:26:57 PM valid 150 2.349554e+00 7.367550 48.220199
09/09 08:26:58 PM valid_acc 7.283333
09/09 08:26:58 PM epoch 1 lr 8.995702e-07
09/09 08:26:58 PM train 000 2.358523e+00 3.125000 50.000000
09/09 08:27:07 PM train 050 2.351154e+00 8.088235 48.682598
09/09 08:27:16 PM train 100 2.350472e+00 7.858911 48.978960
09/09 08:27:26 PM train 150 2.351702e+00 7.719371 48.261589
09/09 08:27:35 PM train 200 2.352556e+00 7.703669 48.289801
09/09 08:27:44 PM train 250 2.352324e+00 7.712898 48.182271
09/09 08:27:53 PM train 300 2.351799e+00 7.708679 48.312915
09/09 08:28:02 PM train 350 2.351511e+00 7.799145 48.223825
09/09 08:28:11 PM train 400 2.351162e+00 7.828086 48.445293
09/09 08:28:20 PM train 450 2.351537e+00 7.864468 48.385532
09/09 08:28:30 PM train 500 2.351768e+00 7.796906 48.506113
09/09 08:28:39 PM train 550 2.352160e+00 7.769964 48.423321
09/09 08:28:48 PM train 600 2.352011e+00 7.802101 48.419301
09/09 08:28:57 PM train 650 2.351862e+00 7.790899 48.495104
09/09 08:29:06 PM train 700 2.351970e+00 7.776837 48.517743
09/09 08:29:15 PM train_acc 7.693750
09/09 08:29:15 PM valid 000 2.354798e+00 4.687500 45.312500
09/09 08:29:17 PM valid 050 2.333091e+00 8.026961 48.682598
09/09 08:29:18 PM valid 100 2.337990e+00 7.642327 48.019802
09/09 08:29:20 PM valid 150 2.337259e+00 7.698675 47.878725
09/09 08:29:21 PM valid_acc 7.583333
09/09 08:29:21 PM epoch 2 lr 4.748507e-07
09/09 08:29:21 PM train 000 2.312377e+00 15.625000 53.125000
09/09 08:29:30 PM train 050 2.359341e+00 8.210784 47.303922
09/09 08:29:39 PM train 100 2.357767e+00 7.858911 48.561262
09/09 08:29:48 PM train 150 2.355786e+00 8.071192 48.561672
09/09 08:29:57 PM train 200 2.355788e+00 7.905784 48.569652
09/09 08:30:07 PM train 250 2.354858e+00 8.049054 48.779880
09/09 08:30:16 PM train 300 2.354864e+00 8.092816 48.847591
09/09 08:30:25 PM train 350 2.356419e+00 7.901531 48.575499
09/09 08:30:34 PM train 400 2.357744e+00 7.855362 48.379052
09/09 08:30:43 PM train 450 2.358164e+00 7.847145 48.226164
09/09 08:30:52 PM train 500 2.358390e+00 7.809381 48.122505
09/09 08:31:02 PM train 550 2.358459e+00 7.803993 48.091538
09/09 08:31:11 PM train 600 2.358067e+00 7.817700 48.213914
09/09 08:31:20 PM train 650 2.357845e+00 7.860503 48.223886
09/09 08:31:29 PM train 700 2.357947e+00 7.874911 48.203459
09/09 08:31:38 PM train_acc 7.887500
09/09 08:31:38 PM valid 000 2.337661e+00 9.375000 42.187500
09/09 08:31:40 PM valid 050 2.342243e+00 8.118873 44.270833
09/09 08:31:41 PM valid 100 2.334809e+00 8.725248 46.209777
09/09 08:31:43 PM valid 150 2.332637e+00 8.971440 47.112997
09/09 08:31:44 PM valid_acc 8.925000
09/09 08:31:44 PM epoch 3 lr 1.312455e-07
09/09 08:31:44 PM train 000 2.325296e+00 14.062500 50.000000
09/09 08:31:53 PM train 050 2.361255e+00 8.517157 48.866422
09/09 08:32:02 PM train 100 2.362756e+00 8.183787 48.298267
09/09 08:32:11 PM train 150 2.361209e+00 8.216060 48.592715
09/09 08:32:21 PM train 200 2.357548e+00 8.278918 48.554104
09/09 08:32:30 PM train 250 2.357560e+00 8.198456 48.406375
09/09 08:32:39 PM train 300 2.358064e+00 8.165490 48.577658
09/09 08:32:48 PM train 350 2.359051e+00 8.133013 48.490919
09/09 08:32:57 PM train 400 2.359590e+00 8.178772 48.359570
09/09 08:33:06 PM train 450 2.360190e+00 8.131236 48.326635
09/09 08:33:15 PM train 500 2.360254e+00 8.121257 48.334581
09/09 08:33:25 PM train 550 2.359934e+00 8.124433 48.355263
09/09 08:33:34 PM train 600 2.359506e+00 8.142679 48.476498
09/09 08:33:43 PM train 650 2.359313e+00 8.148522 48.487903
09/09 08:33:52 PM train 700 2.358805e+00 8.191423 48.631419
09/09 08:34:01 PM train_acc 8.214583
09/09 08:34:01 PM valid 000 2.318521e+00 14.062500 45.312500
09/09 08:34:03 PM valid 050 2.329821e+00 9.650735 45.955882
09/09 08:34:04 PM valid 100 2.330052e+00 10.133045 46.488243
09/09 08:34:05 PM valid 150 2.331800e+00 10.016556 46.098924
09/09 08:34:06 PM valid_acc 10.100000
09/09 08:34:06 PM epoch 4 lr 0.000000e+00
09/09 08:34:07 PM train 000 2.406916e+00 1.562500 40.625000
09/09 08:34:16 PM train 050 2.359605e+00 9.313725 48.498775
09/09 08:34:25 PM train 100 2.360299e+00 8.771658 49.350248
09/09 08:34:34 PM train 150 2.359564e+00 8.733444 49.451573
09/09 08:34:43 PM train 200 2.359899e+00 8.613184 49.455846
09/09 08:34:52 PM train 250 2.361098e+00 8.503486 49.290339
09/09 08:35:02 PM train 300 2.360744e+00 8.674211 49.268065
09/09 08:35:11 PM train 350 2.361624e+00 8.604879 49.065171
09/09 08:35:20 PM train 400 2.361879e+00 8.622974 49.072631
09/09 08:35:29 PM train 450 2.362398e+00 8.578160 49.012611
09/09 08:35:38 PM train 500 2.362077e+00 8.657685 49.161053
09/09 08:35:47 PM train 550 2.363042e+00 8.617854 49.013158
09/09 08:35:57 PM train 600 2.363175e+00 8.631448 48.991265
09/09 08:36:06 PM train 650 2.363617e+00 8.594950 48.907930
09/09 08:36:15 PM train 700 2.363955e+00 8.552514 48.883292
09/09 08:36:24 PM train_acc 8.552083
09/09 08:36:24 PM valid 000 2.342734e+00 9.375000 40.625000
09/09 08:36:25 PM valid 050 2.330949e+00 10.202206 46.844363
09/09 08:36:27 PM valid 100 2.332632e+00 10.272277 46.101485
09/09 08:36:28 PM valid 150 2.334256e+00 10.213162 45.912666
09/09 08:36:29 PM valid_acc 10.333333
