Workingdir: /home/rkohli/aml-project/src
Started at Sat Sep 14 21:13:26 CEST 2019
Running job two_models using 2 cpus per node with given JID 3475215 on queue meta_gpu-black
time taken =1.6689300537109375e-06 s
24 24 8
24 32 16
32 64 16
64 64 32
64 128 32
24 24 8
24 32 8
32 32 16
32 64 16
64 64 32
64 128 32
----------------------------------------------------------------
        Layer (type)               Output Shape         Param #
================================================================
            Linear-1                   [-1, 49]           5,733
================================================================
Total params: 5,733
Trainable params: 5,733
Non-trainable params: 0
----------------------------------------------------------------
Input size (MB): 0.00
Forward/backward pass size (MB): 0.00
Params size (MB): 0.02
Estimated Total Size (MB): 0.03
----------------------------------------------------------------
Started Training
time taken =973.8659546375275 s
